<?xml version="1.0" encoding="UTF-8"?>
<testsuite name="JUnit Jupiter" tests="1" skipped="0" failures="0" errors="0" time="0.469" hostname="DESKTOP-2K67CMT" timestamp="2021-10-04T10:52:19">
<properties>
<property name="awt.toolkit" value="sun.awt.windows.WToolkit"/>
<property name="file.encoding" value="windows-1252"/>
<property name="file.encoding.pkg" value="sun.io"/>
<property name="file.separator" value="\"/>
<property name="java.awt.graphicsenv" value="sun.awt.Win32GraphicsEnvironment"/>
<property name="java.awt.printerjob" value="sun.awt.windows.WPrinterJob"/>
<property name="java.class.path" value="D:\DevInformatique\_OpenClasseRoom_DeveloppeurApllicationJava\P8_aulombard_geoffrey\TourGuide\TourGuide\build\classes\java\test;D:\DevInformatique\_OpenClasseRoom_DeveloppeurApllicationJava\P8_aulombard_geoffrey\TourGuide\TourGuide\build\resources\test;D:\DevInformatique\_OpenClasseRoom_DeveloppeurApllicationJava\P8_aulombard_geoffrey\TourGuide\TourGuide\build\classes\java\main;D:\DevInformatique\_OpenClasseRoom_DeveloppeurApllicationJava\P8_aulombard_geoffrey\TourGuide\TourGuide\build\resources\main;C:\Users\Hodor-Fixe\.gradle\caches\modules-2\files-2.1\org.springframework.boot\spring-boot-starter-web\2.5.5\c09bf133d22c865d6ce4d67ff48aece7ff1defb1\spring-boot-starter-web-2.5.5.jar;C:\Users\Hodor-Fixe\.gradle\caches\modules-2\files-2.1\org.springframework.boot\spring-boot-starter-actuator\2.5.5\6b2a78821cd64325d16c3551717c59b8e8e72b53\spring-boot-starter-actuator-2.5.5.jar;C:\Users\Hodor-Fixe\.gradle\caches\modules-2\files-2.1\com.jsoniter\jsoniter\0.9.23\4cff9a02d6d9a848d1b7298aac36c47fd9e67d77\jsoniter-0.9.23.jar;D:\DevInformatique\_OpenClasseRoom_DeveloppeurApllicationJava\P8_aulombard_geoffrey\TourGuide\TourGuide\libs\gpsUtil.jar;D:\DevInformatique\_OpenClasseRoom_DeveloppeurApllicationJava\P8_aulombard_geoffrey\TourGuide\TourGuide\libs\RewardCentral.jar;D:\DevInformatique\_OpenClasseRoom_DeveloppeurApllicationJava\P8_aulombard_geoffrey\TourGuide\TourGuide\libs\TripPricer.jar;C:\Users\Hodor-Fixe\.gradle\caches\modules-2\files-2.1\org.mockito\mockito-junit-jupiter\3.12.4\c42cc385c3a953fb0cdcea39209ea374fbc6824c\mockito-junit-jupiter-3.12.4.jar;C:\Users\Hodor-Fixe\.gradle\caches\modules-2\files-2.1\org.springframework.boot\spring-boot-starter-test\2.1.6.RELEASE\84ca9723624ade81ca04be40b96222e786790a89\spring-boot-starter-test-2.1.6.RELEASE.jar;C:\Users\Hodor-Fixe\.gradle\caches\modules-2\files-2.1\org.mockito\mockito-core\3.12.4\f9cdc14ea4a3573c0c0366d47d5ca960be24ddb6\mockito-core-3.12.4.jar;C:\Users\Hodor-Fixe\.gradle\caches\modules-2\files-2.1\org.junit.jupiter\junit-jupiter\5.8.1\73a218cf02d36d4e87bb9697fdbe0780e92b6bd3\junit-jupiter-5.8.1.jar;C:\Users\Hodor-Fixe\.gradle\caches\modules-2\files-2.1\org.junit.jupiter\junit-jupiter-params\5.8.1\13afdb5d414cbe991fce3ef6b864de77c9644dae\junit-jupiter-params-5.8.1.jar;C:\Users\Hodor-Fixe\.gradle\caches\modules-2\files-2.1\org.junit.jupiter\junit-jupiter-engine\5.8.1\21b86e08aae2720bbf017703669948be96d1388c\junit-jupiter-engine-5.8.1.jar;C:\Users\Hodor-Fixe\.gradle\caches\modules-2\files-2.1\org.junit.jupiter\junit-jupiter-api\5.8.1\6538b88eb8bf8811bc7b6efb5246f835c15e0bfe\junit-jupiter-api-5.8.1.jar;C:\Users\Hodor-Fixe\.gradle\caches\modules-2\files-2.1\io.springfox\springfox-swagger2\3.0.0\7bcb18d496576eff76ef7bb72684e149cbb75c1d\springfox-swagger2-3.0.0.jar;C:\Users\Hodor-Fixe\.gradle\caches\modules-2\files-2.1\org.projectlombok\lombok\1.18.20\18bcea7d5df4d49227b4a0743a536208ce4825bb\lombok-1.18.20.jar;C:\Users\Hodor-Fixe\.gradle\caches\modules-2\files-2.1\org.springframework.boot\spring-boot-starter-json\2.1.6.RELEASE\ed82ba4ed8a45855f5571c0fbc15537aa942763\spring-boot-starter-json-2.1.6.RELEASE.jar;C:\Users\Hodor-Fixe\.gradle\caches\modules-2\files-2.1\org.springframework.boot\spring-boot-actuator-autoconfigure\2.1.6.RELEASE\4293aa245d2a2577ea8b19ddcb084d5f46474798\spring-boot-actuator-autoconfigure-2.1.6.RELEASE.jar;C:\Users\Hodor-Fixe\.gradle\caches\modules-2\files-2.1\com.fasterxml.jackson.datatype\jackson-datatype-jdk8\2.9.9\4b04126963103216c9c43b0f34bbc36315654204\jackson-datatype-jdk8-2.9.9.jar;C:\Users\Hodor-Fixe\.gradle\caches\modules-2\files-2.1\com.fasterxml.jackson.datatype\jackson-datatype-jsr310\2.9.9\a33df137557793b0404a486888dbe049f7abeeeb\jackson-datatype-jsr310-2.9.9.jar;C:\Users\Hodor-Fixe\.gradle\caches\modules-2\files-2.1\com.fasterxml.jackson.module\jackson-module-parameter-names\2.9.9\a92facb55a2538e7b2fe14294570a18b823ad431\jackson-module-parameter-names-2.9.9.jar;C:\Users\Hodor-Fixe\.gradle\caches\modules-2\files-2.1\com.fasterxml.jackson.core\jackson-databind\2.13.0-rc2\db40b3b9d5a0503e456b4e195b69b3a1ebfe6e07\jackson-databind-2.13.0-rc2.jar;C:\Users\Hodor-Fixe\.gradle\caches\modules-2\files-2.1\com.fasterxml.jackson.core\jackson-core\2.13.0-rc2\d128bff497020747007453b5315f7c00abae5749\jackson-core-2.13.0-rc2.jar;C:\Users\Hodor-Fixe\.gradle\caches\modules-2\files-2.1\org.junit.platform\junit-platform-runner\1.8.1\3fb171e476105be273ea8b6c2302c5dd1facdcdd\junit-platform-runner-1.8.1.jar;C:\Users\Hodor-Fixe\.gradle\caches\modules-2\files-2.1\org.junit.platform\junit-platform-suite-commons\1.8.1\db43d8656ea19c0e2364ce7067a7a25f4536af3e\junit-platform-suite-commons-1.8.1.jar;C:\Users\Hodor-Fixe\.gradle\caches\modules-2\files-2.1\org.junit.platform\junit-platform-launcher\1.8.1\c77eab66c4c4ef92ce6bd2175a5184771ff1d0dd\junit-platform-launcher-1.8.1.jar;C:\Users\Hodor-Fixe\.gradle\caches\modules-2\files-2.1\org.junit.vintage\junit-vintage-engine\5.8.1\dc5044ea04aaf53fa3e35509f255720eec426637\junit-vintage-engine-5.8.1.jar;C:\Users\Hodor-Fixe\.gradle\caches\modules-2\files-2.1\org.junit.platform\junit-platform-engine\1.8.1\e6c63bf990dc88a6527b4ed617b23e47048f07e0\junit-platform-engine-1.8.1.jar;C:\Users\Hodor-Fixe\.gradle\caches\modules-2\files-2.1\org.junit.platform\junit-platform-suite-api\1.3.2\2ace876e8a81e9fae97b3d057972326112bf10eb\junit-platform-suite-api-1.3.2.jar;C:\Users\Hodor-Fixe\.gradle\caches\modules-2\files-2.1\org.junit.platform\junit-platform-commons\1.8.1\1e362cbe6d0f225b066757865e233972557484\junit-platform-commons-1.8.1.jar;C:\Users\Hodor-Fixe\.gradle\caches\modules-2\files-2.1\junit\junit\4.13.2\8ac9e16d933b6fb43bc7f576336b8f4d7eb5ba12\junit-4.13.2.jar;C:\Users\Hodor-Fixe\.gradle\caches\modules-2\files-2.1\org.springframework.boot\spring-boot-starter\2.1.6.RELEASE\22f085f39ded75b0b454ee7731eccae68b20f17e\spring-boot-starter-2.1.6.RELEASE.jar;C:\Users\Hodor-Fixe\.gradle\caches\modules-2\files-2.1\org.springframework.boot\spring-boot-starter-tomcat\2.1.6.RELEASE\204079b2a82b794246fe911d29f1d9682efbd951\spring-boot-starter-tomcat-2.1.6.RELEASE.jar;C:\Users\Hodor-Fixe\.gradle\caches\modules-2\files-2.1\org.springframework\spring-webmvc\5.1.8.RELEASE\d2b6359b3b502ce917879990fbee99723bfa78c5\spring-webmvc-5.1.8.RELEASE.jar;C:\Users\Hodor-Fixe\.gradle\caches\modules-2\files-2.1\org.springframework\spring-web\5.1.8.RELEASE\6d7134733f05133d82440172c5f6f9fe001db7ed\spring-web-5.1.8.RELEASE.jar;C:\Users\Hodor-Fixe\.gradle\caches\modules-2\files-2.1\io.micrometer\micrometer-core\1.1.5\cf2e89e38ed17587f3e6fe289f335db5493c8217\micrometer-core-1.1.5.jar;C:\Users\Hodor-Fixe\.gradle\caches\modules-2\files-2.1\org.javamoney.moneta\moneta-convert-imf\1.3\44f5314faee63b05363bf884491491f109a8cbdd\moneta-convert-imf-1.3.jar;C:\Users\Hodor-Fixe\.gradle\caches\modules-2\files-2.1\org.javamoney.moneta\moneta-convert-ecb\1.3\4a29ee6b41e1cba74870d8f767b881ebf9140db2\moneta-convert-ecb-1.3.jar;C:\Users\Hodor-Fixe\.gradle\caches\modules-2\files-2.1\org.javamoney.moneta\moneta-convert\1.3\96dfd490f04d004eca37cc5197db17895dbe3ba1\moneta-convert-1.3.jar;C:\Users\Hodor-Fixe\.gradle\caches\modules-2\files-2.1\org.javamoney.moneta\moneta-core\1.3\8732a94cc8b6758856e7b448e4e3eb105bc6a20a\moneta-core-1.3.jar;C:\Users\Hodor-Fixe\.gradle\caches\modules-2\files-2.1\javax.money\money-api\1.0.3\d328418fdacc03001330fa5bc193367dcb853413\money-api-1.0.3.jar;C:\Users\Hodor-Fixe\.gradle\caches\modules-2\files-2.1\javax.annotation\javax.annotation-api\1.3.2\934c04d3cfef185a8008e7bf34331b79730a9d43\javax.annotation-api-1.3.2.jar;C:\Users\Hodor-Fixe\.gradle\caches\modules-2\files-2.1\io.springfox\springfox-swagger-common\3.0.0\2e2fae840984cfcabfd50e1b4b1c23422135ba12\springfox-swagger-common-3.0.0.jar;C:\Users\Hodor-Fixe\.gradle\caches\modules-2\files-2.1\io.springfox\springfox-spring-webmvc\3.0.0\7ed22363fdfd651cd811c0b2391f16bddb91db8b\springfox-spring-webmvc-3.0.0.jar;C:\Users\Hodor-Fixe\.gradle\caches\modules-2\files-2.1\io.springfox\springfox-spring-webflux\3.0.0\efccbcfe1d23f2ba520bd87cc156bf2b81f3568e\springfox-spring-webflux-3.0.0.jar;C:\Users\Hodor-Fixe\.gradle\caches\modules-2\files-2.1\io.springfox\springfox-spring-web\3.0.0\a76f2fbe805bfd2798e20dc8f2cfbfad554d52da\springfox-spring-web-3.0.0.jar;C:\Users\Hodor-Fixe\.gradle\caches\modules-2\files-2.1\io.springfox\springfox-schema\3.0.0\32c5d6965617830ef6480fadb9030008945bcd9c\springfox-schema-3.0.0.jar;C:\Users\Hodor-Fixe\.gradle\caches\modules-2\files-2.1\io.springfox\springfox-spi\3.0.0\bae0b820d4b5a922063d34a42aaf4f763308b828\springfox-spi-3.0.0.jar;C:\Users\Hodor-Fixe\.gradle\caches\modules-2\files-2.1\io.springfox\springfox-core\3.0.0\7c3367ce577c8acd9bf64c74488c9269253516c9\springfox-core-3.0.0.jar;C:\Users\Hodor-Fixe\.gradle\caches\modules-2\files-2.1\net.bytebuddy\byte-buddy\1.9.13\cdaa4d47073aa70819649bf037cfefe75c39a4b6\byte-buddy-1.9.13.jar;C:\Users\Hodor-Fixe\.gradle\caches\modules-2\files-2.1\net.bytebuddy\byte-buddy-agent\1.9.13\df0eecb1c8f146f6331ec2d45259d66de3795d84\byte-buddy-agent-1.9.13.jar;C:\Users\Hodor-Fixe\.gradle\caches\modules-2\files-2.1\org.objenesis\objenesis\3.2\7fadf57620c8b8abdf7519533e5527367cb51f09\objenesis-3.2.jar;C:\Users\Hodor-Fixe\.gradle\caches\modules-2\files-2.1\org.opentest4j\opentest4j\1.2.0\28c11eb91f9b6d8e200631d46e20a7f407f2a046\opentest4j-1.2.0.jar;C:\Users\Hodor-Fixe\.gradle\caches\modules-2\files-2.1\org.apiguardian\apiguardian-api\1.1.2\a231e0d844d2721b0fa1b238006d15c6ded6842a\apiguardian-api-1.1.2.jar;C:\Users\Hodor-Fixe\.gradle\caches\modules-2\files-2.1\com.fasterxml\classmate\1.4.0\291658ac2ce2476256c7115943652c0accb5c857\classmate-1.4.0.jar;C:\Users\Hodor-Fixe\.gradle\caches\modules-2\files-2.1\org.springframework.plugin\spring-plugin-metadata\1.2.0.RELEASE\97223fc496b6cab31602eedbd4202aa4fff0d44f\spring-plugin-metadata-1.2.0.RELEASE.jar;C:\Users\Hodor-Fixe\.gradle\caches\modules-2\files-2.1\org.springframework.plugin\spring-plugin-core\1.2.0.RELEASE\f380e7760032e7d929184f8ad8a33716b75c0657\spring-plugin-core-1.2.0.RELEASE.jar;C:\Users\Hodor-Fixe\.gradle\caches\modules-2\files-2.1\io.swagger\swagger-models\1.5.20\fb3a23bad80c5ed84db9dd150db2cba699531458\swagger-models-1.5.20.jar;C:\Users\Hodor-Fixe\.gradle\caches\modules-2\files-2.1\com.jayway.jsonpath\json-path\2.4.0\765a4401ceb2dc8d40553c2075eb80a8fa35c2ae\json-path-2.4.0.jar;C:\Users\Hodor-Fixe\.gradle\caches\modules-2\files-2.1\org.springframework.boot\spring-boot-starter-logging\2.1.6.RELEASE\9cb7228f463fce085317e2da8fb824568e697b7c\spring-boot-starter-logging-2.1.6.RELEASE.jar;C:\Users\Hodor-Fixe\.gradle\caches\modules-2\files-2.1\ch.qos.logback\logback-classic\1.2.3\7c4f3c474fb2c041d8028740440937705ebb473a\logback-classic-1.2.3.jar;C:\Users\Hodor-Fixe\.gradle\caches\modules-2\files-2.1\org.apache.logging.log4j\log4j-to-slf4j\2.11.2\6d37bf7b046c0ce2669f26b99365a2cfa45c4c18\log4j-to-slf4j-2.11.2.jar;C:\Users\Hodor-Fixe\.gradle\caches\modules-2\files-2.1\org.slf4j\jul-to-slf4j\1.7.26\8031352b2bb0a49e67818bf04c027aa92e645d5c\jul-to-slf4j-1.7.26.jar;C:\Users\Hodor-Fixe\.gradle\caches\modules-2\files-2.1\org.slf4j\slf4j-api\1.7.26\77100a62c2e6f04b53977b9f541044d7d722693d\slf4j-api-1.7.26.jar;C:\Users\Hodor-Fixe\.gradle\caches\modules-2\files-2.1\io.swagger\swagger-annotations\1.5.20\16051f93ce11ca489a5313775d825f82fcc2cd6c\swagger-annotations-1.5.20.jar;C:\Users\Hodor-Fixe\.gradle\caches\modules-2\files-2.1\org.mapstruct\mapstruct\1.3.1.Final\6ab184bbc7a7029738277a244e4c535fcdc3f558\mapstruct-1.3.1.Final.jar;C:\Users\Hodor-Fixe\.gradle\caches\modules-2\files-2.1\com.fasterxml.jackson.core\jackson-annotations\2.9.0\7c10d545325e3a6e72e06381afe469fd40eb701\jackson-annotations-2.9.0.jar;C:\Users\Hodor-Fixe\.gradle\caches\modules-2\files-2.1\org.springframework.boot\spring-boot-test-autoconfigure\2.1.6.RELEASE\6d3ed4a0b08a139892c2308d77e33ef3bb7f7be4\spring-boot-test-autoconfigure-2.1.6.RELEASE.jar;C:\Users\Hodor-Fixe\.gradle\caches\modules-2\files-2.1\org.springframework.boot\spring-boot-test\2.1.6.RELEASE\6a3f167e76e4dee556c9892058e60b1445c9576b\spring-boot-test-2.1.6.RELEASE.jar;C:\Users\Hodor-Fixe\.gradle\caches\modules-2\files-2.1\org.assertj\assertj-core\3.11.1\fdac3217b804d6900fa3650f17b5cb48e620b140\assertj-core-3.11.1.jar;C:\Users\Hodor-Fixe\.gradle\caches\modules-2\files-2.1\org.hamcrest\hamcrest-library\1.3\4785a3c21320980282f9f33d0d1264a69040538f\hamcrest-library-1.3.jar;C:\Users\Hodor-Fixe\.gradle\caches\modules-2\files-2.1\org.hamcrest\hamcrest-core\1.3\42a25dc3219429f0e5d060061f71acb49bf010a0\hamcrest-core-1.3.jar;C:\Users\Hodor-Fixe\.gradle\caches\modules-2\files-2.1\org.skyscreamer\jsonassert\1.5.0\6c9d5fe2f59da598d9aefc1cfc6528ff3cf32df3\jsonassert-1.5.0.jar;C:\Users\Hodor-Fixe\.gradle\caches\modules-2\files-2.1\org.springframework\spring-test\5.1.8.RELEASE\2a629b975a2815772b947686d4936a5c764fe4f6\spring-test-5.1.8.RELEASE.jar;C:\Users\Hodor-Fixe\.gradle\caches\modules-2\files-2.1\org.springframework.boot\spring-boot-autoconfigure\2.1.6.RELEASE\875d84cfa6d5655bd11238c229e7acedf344024b\spring-boot-autoconfigure-2.1.6.RELEASE.jar;C:\Users\Hodor-Fixe\.gradle\caches\modules-2\files-2.1\org.springframework.boot\spring-boot-actuator\2.1.6.RELEASE\7dc009b1934dfd4e6cd5ba29e078658a7be780dc\spring-boot-actuator-2.1.6.RELEASE.jar;C:\Users\Hodor-Fixe\.gradle\caches\modules-2\files-2.1\org.springframework.boot\spring-boot\2.1.6.RELEASE\b8a75ec9a9c570290523c4308c2255fbea6746c0\spring-boot-2.1.6.RELEASE.jar;C:\Users\Hodor-Fixe\.gradle\caches\modules-2\files-2.1\org.springframework\spring-context\5.1.8.RELEASE\83ab599b042a4805bbee71b6241e9d073022d704\spring-context-5.1.8.RELEASE.jar;C:\Users\Hodor-Fixe\.gradle\caches\modules-2\files-2.1\org.springframework\spring-expression\5.1.8.RELEASE\4f8340d8d4f52dbd527bd696358923ff4df5be1a\spring-expression-5.1.8.RELEASE.jar;C:\Users\Hodor-Fixe\.gradle\caches\modules-2\files-2.1\org.springframework\spring-aop\5.1.8.RELEASE\c013c5603a05bee2a80cc2ec8f3fc11b15d4de3a\spring-aop-5.1.8.RELEASE.jar;C:\Users\Hodor-Fixe\.gradle\caches\modules-2\files-2.1\org.springframework\spring-beans\5.1.8.RELEASE\e35fa81d0142ef7c1247a7dee8b1ef2dd78c6322\spring-beans-5.1.8.RELEASE.jar;C:\Users\Hodor-Fixe\.gradle\caches\modules-2\files-2.1\org.springframework\spring-core\5.1.8.RELEASE\37fd45c92cfd05b9ad173ee1184ec4221e0f931f\spring-core-5.1.8.RELEASE.jar;C:\Users\Hodor-Fixe\.gradle\caches\modules-2\files-2.1\org.xmlunit\xmlunit-core\2.6.2\b0461888cdd8d3975ea8a57df96520409cadcb6c\xmlunit-core-2.6.2.jar;C:\Users\Hodor-Fixe\.gradle\caches\modules-2\files-2.1\org.yaml\snakeyaml\1.23\ec62d74fe50689c28c0ff5b35d3aebcaa8b5be68\snakeyaml-1.23.jar;C:\Users\Hodor-Fixe\.gradle\caches\modules-2\files-2.1\org.apache.tomcat.embed\tomcat-embed-websocket\9.0.21\218f438e4812f268a1692511f897b401fc28cfa8\tomcat-embed-websocket-9.0.21.jar;C:\Users\Hodor-Fixe\.gradle\caches\modules-2\files-2.1\org.apache.tomcat.embed\tomcat-embed-core\9.0.21\225a44fe65e9832f896e09f343ce107d38f3ee1b\tomcat-embed-core-9.0.21.jar;C:\Users\Hodor-Fixe\.gradle\caches\modules-2\files-2.1\org.apache.tomcat.embed\tomcat-embed-el\9.0.21\6a7ed3ad394b36d3f0f77745f424e19e976d2d61\tomcat-embed-el-9.0.21.jar;C:\Users\Hodor-Fixe\.gradle\caches\modules-2\files-2.1\org.hdrhistogram\HdrHistogram\2.1.9\e4631ce165eb400edecfa32e03d3f1be53dee754\HdrHistogram-2.1.9.jar;C:\Users\Hodor-Fixe\.gradle\caches\modules-2\files-2.1\org.latencyutils\LatencyUtils\2.0.3\769c0b82cb2421c8256300e907298a9410a2a3d3\LatencyUtils-2.0.3.jar;C:\Users\Hodor-Fixe\.gradle\caches\modules-2\files-2.1\io.swagger.core.v3\swagger-annotations\2.1.2\d407a33aa71444802c640080eb4d5f499b027f96\swagger-annotations-2.1.2.jar;C:\Users\Hodor-Fixe\.gradle\caches\modules-2\files-2.1\io.github.classgraph\classgraph\4.8.83\7be289f451cedf9e35ed97caba3953226b4e6d9\classgraph-4.8.83.jar;C:\Users\Hodor-Fixe\.gradle\caches\modules-2\files-2.1\net.minidev\json-smart\2.3\7396407491352ce4fa30de92efb158adb76b5b\json-smart-2.3.jar;C:\Users\Hodor-Fixe\.gradle\caches\modules-2\files-2.1\com.vaadin.external.google\android-json\0.0.20131108.vaadin1\fa26d351fe62a6a17f5cda1287c1c6110dec413f\android-json-0.0.20131108.vaadin1.jar;C:\Users\Hodor-Fixe\.gradle\caches\modules-2\files-2.1\org.springframework\spring-jcl\5.1.8.RELEASE\60a3bb9c802ea03c955ee26526f8aebc9dd712b6\spring-jcl-5.1.8.RELEASE.jar;C:\Users\Hodor-Fixe\.gradle\caches\modules-2\files-2.1\net.minidev\accessors-smart\1.2\c592b500269bfde36096641b01238a8350f8aa31\accessors-smart-1.2.jar;C:\Users\Hodor-Fixe\.gradle\caches\modules-2\files-2.1\ch.qos.logback\logback-core\1.2.3\864344400c3d4d92dfeb0a305dc87d953677c03c\logback-core-1.2.3.jar;C:\Users\Hodor-Fixe\.gradle\caches\modules-2\files-2.1\org.apache.logging.log4j\log4j-api\2.11.2\f5e9a2ffca496057d6891a3de65128efc636e26e\log4j-api-2.11.2.jar;C:\Users\Hodor-Fixe\.gradle\caches\modules-2\files-2.1\org.ow2.asm\asm\5.0.4\da08b8cce7bbf903602a25a3a163ae252435795\asm-5.0.4.jar;C:\Users\Hodor-Fixe\.gradle\caches\modules-2\files-2.1\org.junit.platform\junit-platform-console\1.1.0\1ea376db54ab4ec0018c5e99d414e1c7c034387\junit-platform-console-1.1.0.jar;C:\Users\Hodor-Fixe\.gradle\caches\modules-2\files-2.1\org.junit.platform\junit-platform-launcher\1.1.0\ba098edde4e59cacd9225e238ea3ad9c946684ab\junit-platform-launcher-1.1.0.jar;C:\Users\Hodor-Fixe\.gradle\caches\modules-2\files-2.1\org.junit.platform\junit-platform-engine\1.3.2\c54bc1d4654bd1ef15fccf512ce664184085969\junit-platform-engine-1.3.2.jar;C:\Users\Hodor-Fixe\.gradle\caches\modules-2\files-2.1\org.junit.platform\junit-platform-commons\1.3.2\378d1d1b162426ad031522f6d51e3bf28d1631a4\junit-platform-commons-1.3.2.jar;C:\Users\Hodor-Fixe\.gradle\caches\modules-2\files-2.1\org.apiguardian\apiguardian-api\1.0.0\3ef5276905e36f4d8055fe3cb0bdcc7503ffc85d\apiguardian-api-1.0.0.jar;C:\Users\Hodor-Fixe\.gradle\caches\modules-2\files-2.1\org.opentest4j\opentest4j\1.1.1\efd9f971e91074491ea55b19f67b13470cf4fcdd\opentest4j-1.1.1.jar"/>
<property name="java.class.version" value="52.0"/>
<property name="java.endorsed.dirs" value="C:\Users\Hodor-Fixe\.jdks\corretto-1.8.0_302\jre\lib\endorsed"/>
<property name="java.ext.dirs" value="C:\Users\Hodor-Fixe\.jdks\corretto-1.8.0_302\jre\lib\ext;C:\Windows\Sun\Java\lib\ext"/>
<property name="java.home" value="C:\Users\Hodor-Fixe\.jdks\corretto-1.8.0_302\jre"/>
<property name="java.io.tmpdir" value="C:\Users\HODOR-~1\AppData\Local\Temp\"/>
<property name="java.library.path" value="C:\Users\Hodor-Fixe\.jdks\corretto-1.8.0_302\bin;C:\Windows\Sun\Java\bin;C:\Windows\system32;C:\Windows;C:\Program Files\Common Files\Oracle\Java\javapath;C:\ProgramData\DockerDesktop\version-bin;C:\Program Files\Docker\Docker\Resources\bin;C:\Program Files (x86)\Common Files\Oracle\Java\javapath;C:\Program Files\OpenJDK\jdk-11.0.11.9-hotspot\bin;C:\Windows\system32;C:\Windows;C:\Windows\System32\Wbem;C:\Windows\System32\WindowsPowerShell\v1.0\;C:\Program Files (x86)\Intel\Intel(R) Management Engine Components\DAL;C:\Program Files\Intel\Intel(R) Management Engine Components\DAL;C:\Program Files\Git\cmd;C:\Program Files (x86)\NVIDIA Corporation\PhysX\Common;D:\DevInformatique\environnement\gradle\gradle-6.9.1\bin;C:\Program Files (x86)\Common Files\Oracle\Java\javapath;C:\Program Files\Java\jdk-17\bin;C:\Windows\system32;C:\Windows;C:\Windows\System32\Wbem;C:\Windows\System32\WindowsPowerShell\v1.0\;C:\Program Files (x86)\Intel\Intel(R) Management Engine Components\DAL;C:\Program Files\Intel\Intel(R) Management Engine Components\DAL;C:\Program Files\Git\cmd;C:\Program Files (x86)\NVIDIA Corporation\PhysX\Common;C:\Program Files\MySQL\MySQL Shell 8.0\bin\;C:\Users\Hodor-Fixe\AppData\Local\Microsoft\WindowsApps;D:\Program Files (x86)\Microsoft VS Code\bin;D:\DevInformatique\environnement\maven\apache-maven-3.6.3\bin;D:\DevInformatique\environnement\gradle\gradle-6.9.1\bin;."/>
<property name="java.runtime.name" value="OpenJDK Runtime Environment"/>
<property name="java.runtime.version" value="1.8.0_302-b08"/>
<property name="java.specification.name" value="Java Platform API Specification"/>
<property name="java.specification.vendor" value="Oracle Corporation"/>
<property name="java.specification.version" value="1.8"/>
<property name="java.vendor" value="Amazon.com Inc."/>
<property name="java.vendor.url" value="https://aws.amazon.com/corretto/"/>
<property name="java.vendor.url.bug" value="https://github.com/corretto/corretto-8/issues/"/>
<property name="java.version" value="1.8.0_302"/>
<property name="java.vm.info" value="mixed mode"/>
<property name="java.vm.name" value="OpenJDK 64-Bit Server VM"/>
<property name="java.vm.specification.name" value="Java Virtual Machine Specification"/>
<property name="java.vm.specification.vendor" value="Oracle Corporation"/>
<property name="java.vm.specification.version" value="1.8"/>
<property name="java.vm.vendor" value="Amazon.com Inc."/>
<property name="java.vm.version" value="25.302-b08"/>
<property name="line.separator" value="
"/>
<property name="os.arch" value="amd64"/>
<property name="os.name" value="Windows 10"/>
<property name="os.version" value="10.0"/>
<property name="path.separator" value=";"/>
<property name="sun.arch.data.model" value="64"/>
<property name="sun.boot.class.path" value="C:\Users\Hodor-Fixe\.jdks\corretto-1.8.0_302\jre\lib\resources.jar;C:\Users\Hodor-Fixe\.jdks\corretto-1.8.0_302\jre\lib\rt.jar;C:\Users\Hodor-Fixe\.jdks\corretto-1.8.0_302\jre\lib\sunrsasign.jar;C:\Users\Hodor-Fixe\.jdks\corretto-1.8.0_302\jre\lib\jsse.jar;C:\Users\Hodor-Fixe\.jdks\corretto-1.8.0_302\jre\lib\jce.jar;C:\Users\Hodor-Fixe\.jdks\corretto-1.8.0_302\jre\lib\charsets.jar;C:\Users\Hodor-Fixe\.jdks\corretto-1.8.0_302\jre\lib\jfr.jar;C:\Users\Hodor-Fixe\.jdks\corretto-1.8.0_302\jre\classes"/>
<property name="sun.boot.library.path" value="C:\Users\Hodor-Fixe\.jdks\corretto-1.8.0_302\jre\bin"/>
<property name="sun.cpu.endian" value="little"/>
<property name="sun.cpu.isalist" value="amd64"/>
<property name="sun.desktop" value="windows"/>
<property name="sun.io.unicode.encoding" value="UnicodeLittle"/>
<property name="sun.java.command" value="org.junit.platform.console.ConsoleLauncher --details NONE --scan-class-path D:\DevInformatique\_OpenClasseRoom_DeveloppeurApllicationJava\P8_aulombard_geoffrey\TourGuide\TourGuide\build\classes\java\main;D:\DevInformatique\_OpenClasseRoom_DeveloppeurApllicationJava\P8_aulombard_geoffrey\TourGuide\TourGuide\build\resources\main;D:\DevInformatique\_OpenClasseRoom_DeveloppeurApllicationJava\P8_aulombard_geoffrey\TourGuide\TourGuide\build\classes\java\test;D:\DevInformatique\_OpenClasseRoom_DeveloppeurApllicationJava\P8_aulombard_geoffrey\TourGuide\TourGuide\build\resources\test -n ^.*Tests?$ --reports-dir D:\DevInformatique\_OpenClasseRoom_DeveloppeurApllicationJava\P8_aulombard_geoffrey\TourGuide\TourGuide\build\test-results\junit-platform"/>
<property name="sun.java.launcher" value="SUN_STANDARD"/>
<property name="sun.jnu.encoding" value="Cp1252"/>
<property name="sun.management.compiler" value="HotSpot 64-Bit Tiered Compilers"/>
<property name="sun.os.patch.level" value=""/>
<property name="user.country" value="FR"/>
<property name="user.dir" value="D:\DevInformatique\_OpenClasseRoom_DeveloppeurApllicationJava\P8_aulombard_geoffrey\TourGuide\TourGuide"/>
<property name="user.home" value="C:\Users\Hodor-Fixe"/>
<property name="user.language" value="fr"/>
<property name="user.name" value="Hodor-Fixe"/>
<property name="user.script" value=""/>
<property name="user.timezone" value="Europe/Paris"/>
<property name="user.variant" value=""/>
</properties>
<testcase name="test_getUser()" classname="tourGuide.service.TourGuideServiceTest" time="0.371">
<system-out><![CDATA[
unique-id: [engine:junit-jupiter]/[class:tourGuide.service.TourGuideServiceTest]/[method:test_getUser()]
display-name: test_getUser()
]]></system-out>
</testcase>
<system-out><![CDATA[
unique-id: [engine:junit-jupiter]
display-name: JUnit Jupiter
]]></system-out>
</testsuite>
