<?xml version="1.0" encoding="UTF-8"?>
<testsuite name="tourGuide.TestRewardsService" tests="3" skipped="0" failures="0" errors="0" timestamp="2021-09-29T16:32:35" hostname="DESKTOP-2K67CMT" time="14.983">
  <properties/>
  <testcase name="nearAllAttractions" classname="tourGuide.TestRewardsService" time="14.113"/>
  <testcase name="userGetRewards" classname="tourGuide.TestRewardsService" time="0.86"/>
  <testcase name="isWithinAttractionProximity" classname="tourGuide.TestRewardsService" time="0.01"/>
  <system-out><![CDATA[18:32:35.927 [Test worker] INFO tourGuide.service.TourGuideService - TestMode enabled
18:32:35.927 [Test worker] DEBUG tourGuide.service.TourGuideService - Initializing users
18:32:35.927 [Test worker] DEBUG tourGuide.service.TourGuideService - Created 1 internal test users.
18:32:35.927 [Test worker] DEBUG tourGuide.service.TourGuideService - Finished initializing users
18:32:35.928 [Test worker] INFO tourGuide.service.RewardsService - ********** Processing **********
18:32:35.928 [Test worker] INFO tourGuide.service.RewardsService - ** Processing to calculate rewards. User: internalUser0
18:32:35.928 [pool-3-thread-1] INFO tourGuide.tracker.Tracker - Tracker stopping
18:32:50.028 [Test worker] INFO tourGuide.service.RewardsService - ** User rewards found: 26
18:32:50.039 [Test worker] INFO tourGuide.service.TourGuideService - TestMode enabled
18:32:50.039 [Test worker] DEBUG tourGuide.service.TourGuideService - Initializing users
18:32:50.040 [Test worker] DEBUG tourGuide.service.TourGuideService - Created 0 internal test users.
18:32:50.040 [Test worker] DEBUG tourGuide.service.TourGuideService - Finished initializing users
18:32:50.041 [pool-4-thread-1] INFO tourGuide.tracker.Tracker - Begin Tracker. Tracking 0 users.
18:32:50.041 [pool-4-thread-1] INFO tourGuide.tracker.Tracker - Tracker Time Elapsed: 0 seconds.
18:32:50.041 [pool-4-thread-1] INFO tourGuide.tracker.Tracker - Tracker sleeping
18:32:50.051 [Test worker] INFO tourGuide.service.TourGuideService - ********** Processing **********
18:32:50.051 [Test worker] INFO tourGuide.service.TourGuideService - ** Processing to track user location. User: jon
18:32:50.143 [Test worker] INFO tourGuide.service.RewardsService - ********** Processing **********
18:32:50.143 [Test worker] INFO tourGuide.service.RewardsService - ** Processing to calculate rewards. User: jon
18:32:50.898 [Test worker] INFO tourGuide.service.RewardsService - ** User rewards found: 1
]]></system-out>
  <system-err><![CDATA[]]></system-err>
</testsuite>
