<?xml version="1.0" encoding="UTF-8"?>
<testsuite name="tourGuide.service.TourGuideServiceTest" tests="1" skipped="0" failures="0" errors="0" timestamp="2021-10-01T10:13:26" hostname="DESKTOP-2K67CMT" time="1.209">
  <properties/>
  <testcase name="test_getUser" classname="tourGuide.service.TourGuideServiceTest" time="1.209"/>
  <system-out><![CDATA[12:13:27.565 [Test worker] INFO tourGuide.service.TourGuideService - TestMode enabled
12:13:27.574 [Test worker] DEBUG tourGuide.service.TourGuideService - Initializing users
12:13:27.722 [Test worker] DEBUG tourGuide.service.TourGuideService - Created 100 internal test users.
12:13:27.722 [Test worker] DEBUG tourGuide.service.TourGuideService - Finished initializing users
12:13:27.731 [Test worker] INFO tourGuide.service.TourGuideService - ********** Processing **********
12:13:27.731 [Test worker] INFO tourGuide.service.TourGuideService - ** Processing to get user by username
]]></system-out>
  <system-err><![CDATA[oct. 01, 2021 12:13:27 PM org.javamoney.moneta.DefaultMonetaryContextFactory createMonetaryContextNonNullConfig
INFOS: Using custom MathContext: precision=256, roundingMode=HALF_EVEN
]]></system-err>
</testsuite>
