<?xml version="1.0" encoding="UTF-8"?>
<testsuite name="tourGuide.performance.PerformanceTest" tests="2" skipped="0" failures="1" errors="0" timestamp="2021-11-29T22:17:09" hostname="DESKTOP-2K67CMT" time="37.471">
  <properties/>
  <testcase name="highVolumeTrackLocation()" classname="tourGuide.performance.PerformanceTest" time="2.463"/>
  <testcase name="highVolumeGetRewards()" classname="tourGuide.performance.PerformanceTest" time="35.006">
    <failure message="org.opentest4j.AssertionFailedError: expected: &lt;true&gt; but was: &lt;false&gt;" type="org.opentest4j.AssertionFailedError">org.opentest4j.AssertionFailedError: expected: &lt;true&gt; but was: &lt;false&gt;
	at app//org.junit.jupiter.api.AssertionUtils.fail(AssertionUtils.java:38)
	at app//org.junit.jupiter.api.AssertTrue.assertTrue(AssertTrue.java:40)
	at app//org.junit.jupiter.api.AssertTrue.assertTrue(AssertTrue.java:35)
	at app//org.junit.jupiter.api.Assertions.assertTrue(Assertions.java:137)
	at app//tourGuide.performance.PerformanceTest.highVolumeGetRewards(PerformanceTest.java:126)
	at java.base@11.0.11/jdk.internal.reflect.NativeMethodAccessorImpl.invoke0(Native Method)
	at java.base@11.0.11/jdk.internal.reflect.NativeMethodAccessorImpl.invoke(NativeMethodAccessorImpl.java:62)
	at java.base@11.0.11/jdk.internal.reflect.DelegatingMethodAccessorImpl.invoke(DelegatingMethodAccessorImpl.java:43)
	at java.base@11.0.11/java.lang.reflect.Method.invoke(Method.java:566)
	at app//org.junit.platform.commons.util.ReflectionUtils.invokeMethod(ReflectionUtils.java:688)
	at app//org.junit.jupiter.engine.execution.ExecutableInvoker.invoke(ExecutableInvoker.java:115)
	at app//org.junit.jupiter.engine.descriptor.TestMethodTestDescriptor.lambda$invokeTestMethod$6(TestMethodTestDescriptor.java:171)
	at app//org.junit.platform.engine.support.hierarchical.ThrowableCollector.execute(ThrowableCollector.java:73)
	at app//org.junit.jupiter.engine.descriptor.TestMethodTestDescriptor.invokeTestMethod(TestMethodTestDescriptor.java:167)
	at app//org.junit.jupiter.engine.descriptor.TestMethodTestDescriptor.execute(TestMethodTestDescriptor.java:114)
	at app//org.junit.jupiter.engine.descriptor.TestMethodTestDescriptor.execute(TestMethodTestDescriptor.java:59)
	at app//org.junit.platform.engine.support.hierarchical.NodeTestTask.lambda$executeRecursively$5(NodeTestTask.java:139)
	at app//org.junit.platform.engine.support.hierarchical.ThrowableCollector.execute(ThrowableCollector.java:73)
	at app//org.junit.platform.engine.support.hierarchical.NodeTestTask.lambda$executeRecursively$7(NodeTestTask.java:129)
	at app//org.junit.platform.engine.support.hierarchical.Node.around(Node.java:137)
	at app//org.junit.platform.engine.support.hierarchical.NodeTestTask.lambda$executeRecursively$8(NodeTestTask.java:127)
	at app//org.junit.platform.engine.support.hierarchical.ThrowableCollector.execute(ThrowableCollector.java:73)
	at app//org.junit.platform.engine.support.hierarchical.NodeTestTask.executeRecursively(NodeTestTask.java:126)
	at app//org.junit.platform.engine.support.hierarchical.NodeTestTask.execute(NodeTestTask.java:84)
	at java.base@11.0.11/java.util.ArrayList.forEach(ArrayList.java:1541)
	at app//org.junit.platform.engine.support.hierarchical.SameThreadHierarchicalTestExecutorService.invokeAll(SameThreadHierarchicalTestExecutorService.java:38)
	at app//org.junit.platform.engine.support.hierarchical.NodeTestTask.lambda$executeRecursively$5(NodeTestTask.java:143)
	at app//org.junit.platform.engine.support.hierarchical.ThrowableCollector.execute(ThrowableCollector.java:73)
	at app//org.junit.platform.engine.support.hierarchical.NodeTestTask.lambda$executeRecursively$7(NodeTestTask.java:129)
	at app//org.junit.platform.engine.support.hierarchical.Node.around(Node.java:137)
	at app//org.junit.platform.engine.support.hierarchical.NodeTestTask.lambda$executeRecursively$8(NodeTestTask.java:127)
	at app//org.junit.platform.engine.support.hierarchical.ThrowableCollector.execute(ThrowableCollector.java:73)
	at app//org.junit.platform.engine.support.hierarchical.NodeTestTask.executeRecursively(NodeTestTask.java:126)
	at app//org.junit.platform.engine.support.hierarchical.NodeTestTask.execute(NodeTestTask.java:84)
	at java.base@11.0.11/java.util.ArrayList.forEach(ArrayList.java:1541)
	at app//org.junit.platform.engine.support.hierarchical.SameThreadHierarchicalTestExecutorService.invokeAll(SameThreadHierarchicalTestExecutorService.java:38)
	at app//org.junit.platform.engine.support.hierarchical.NodeTestTask.lambda$executeRecursively$5(NodeTestTask.java:143)
	at app//org.junit.platform.engine.support.hierarchical.ThrowableCollector.execute(ThrowableCollector.java:73)
	at app//org.junit.platform.engine.support.hierarchical.NodeTestTask.lambda$executeRecursively$7(NodeTestTask.java:129)
	at app//org.junit.platform.engine.support.hierarchical.Node.around(Node.java:137)
	at app//org.junit.platform.engine.support.hierarchical.NodeTestTask.lambda$executeRecursively$8(NodeTestTask.java:127)
	at app//org.junit.platform.engine.support.hierarchical.ThrowableCollector.execute(ThrowableCollector.java:73)
	at app//org.junit.platform.engine.support.hierarchical.NodeTestTask.executeRecursively(NodeTestTask.java:126)
	at app//org.junit.platform.engine.support.hierarchical.NodeTestTask.execute(NodeTestTask.java:84)
	at app//org.junit.platform.engine.support.hierarchical.SameThreadHierarchicalTestExecutorService.submit(SameThreadHierarchicalTestExecutorService.java:32)
	at app//org.junit.platform.engine.support.hierarchical.HierarchicalTestExecutor.execute(HierarchicalTestExecutor.java:57)
	at app//org.junit.platform.engine.support.hierarchical.HierarchicalTestEngine.execute(HierarchicalTestEngine.java:51)
	at org.junit.platform.launcher.core.EngineExecutionOrchestrator.execute(EngineExecutionOrchestrator.java:108)
	at org.junit.platform.launcher.core.EngineExecutionOrchestrator.execute(EngineExecutionOrchestrator.java:88)
	at org.junit.platform.launcher.core.EngineExecutionOrchestrator.lambda$execute$0(EngineExecutionOrchestrator.java:54)
	at org.junit.platform.launcher.core.EngineExecutionOrchestrator.withInterceptedStreams(EngineExecutionOrchestrator.java:67)
	at org.junit.platform.launcher.core.EngineExecutionOrchestrator.execute(EngineExecutionOrchestrator.java:52)
	at org.junit.platform.launcher.core.DefaultLauncher.execute(DefaultLauncher.java:96)
	at org.junit.platform.launcher.core.DefaultLauncher.execute(DefaultLauncher.java:75)
	at org.gradle.api.internal.tasks.testing.junitplatform.JUnitPlatformTestClassProcessor$CollectAllTestClassesExecutor.processAllTestClasses(JUnitPlatformTestClassProcessor.java:99)
	at org.gradle.api.internal.tasks.testing.junitplatform.JUnitPlatformTestClassProcessor$CollectAllTestClassesExecutor.access$000(JUnitPlatformTestClassProcessor.java:79)
	at org.gradle.api.internal.tasks.testing.junitplatform.JUnitPlatformTestClassProcessor.stop(JUnitPlatformTestClassProcessor.java:75)
	at org.gradle.api.internal.tasks.testing.SuiteTestClassProcessor.stop(SuiteTestClassProcessor.java:61)
	at java.base@11.0.11/jdk.internal.reflect.NativeMethodAccessorImpl.invoke0(Native Method)
	at java.base@11.0.11/jdk.internal.reflect.NativeMethodAccessorImpl.invoke(NativeMethodAccessorImpl.java:62)
	at java.base@11.0.11/jdk.internal.reflect.DelegatingMethodAccessorImpl.invoke(DelegatingMethodAccessorImpl.java:43)
	at java.base@11.0.11/java.lang.reflect.Method.invoke(Method.java:566)
	at org.gradle.internal.dispatch.ReflectionDispatch.dispatch(ReflectionDispatch.java:36)
	at org.gradle.internal.dispatch.ReflectionDispatch.dispatch(ReflectionDispatch.java:24)
	at org.gradle.internal.dispatch.ContextClassLoaderDispatch.dispatch(ContextClassLoaderDispatch.java:33)
	at org.gradle.internal.dispatch.ProxyDispatchAdapter$DispatchingInvocationHandler.invoke(ProxyDispatchAdapter.java:94)
	at com.sun.proxy.$Proxy5.stop(Unknown Source)
	at org.gradle.api.internal.tasks.testing.worker.TestWorker$3.run(TestWorker.java:193)
	at org.gradle.api.internal.tasks.testing.worker.TestWorker.executeAndMaintainThreadName(TestWorker.java:129)
	at org.gradle.api.internal.tasks.testing.worker.TestWorker.execute(TestWorker.java:100)
	at org.gradle.api.internal.tasks.testing.worker.TestWorker.execute(TestWorker.java:60)
	at org.gradle.process.internal.worker.child.ActionExecutionWorker.execute(ActionExecutionWorker.java:56)
	at org.gradle.process.internal.worker.child.SystemApplicationClassLoaderWorker.call(SystemApplicationClassLoaderWorker.java:133)
	at org.gradle.process.internal.worker.child.SystemApplicationClassLoaderWorker.call(SystemApplicationClassLoaderWorker.java:71)
	at app//worker.org.gradle.process.internal.worker.GradleWorkerMain.run(GradleWorkerMain.java:69)
	at app//worker.org.gradle.process.internal.worker.GradleWorkerMain.main(GradleWorkerMain.java:74)
</failure>
  </testcase>
  <system-out><![CDATA[2021-11-29 23:17:01.309  INFO 6224 --- [    Test worker] .b.t.c.SpringBootTestContextBootstrapper : Neither @ContextConfiguration nor @ContextHierarchy found for test class [tourGuide.performance.PerformanceTest], using SpringBootContextLoader
2021-11-29 23:17:01.310  INFO 6224 --- [    Test worker] o.s.t.c.support.AbstractContextLoader    : Could not detect default resource locations for test class [tourGuide.performance.PerformanceTest]: no resource found for suffixes {-context.xml, Context.groovy}.
2021-11-29 23:17:01.310  INFO 6224 --- [    Test worker] t.c.s.AnnotationConfigContextLoaderUtils : Could not detect default configuration classes for test class [tourGuide.performance.PerformanceTest]: PerformanceTest does not declare any static, non-private, non-final, nested classes annotated with @Configuration.
2021-11-29 23:17:01.315  INFO 6224 --- [    Test worker] .b.t.c.SpringBootTestContextBootstrapper : Found @SpringBootConfiguration tourGuide.Application for test class tourGuide.performance.PerformanceTest
2021-11-29 23:17:01.319  INFO 6224 --- [    Test worker] .b.t.c.SpringBootTestContextBootstrapper : Loaded default TestExecutionListener class names from location [META-INF/spring.factories]: [org.springframework.boot.test.autoconfigure.restdocs.RestDocsTestExecutionListener, org.springframework.boot.test.autoconfigure.web.client.MockRestServiceServerResetTestExecutionListener, org.springframework.boot.test.autoconfigure.web.servlet.MockMvcPrintOnlyOnFailureTestExecutionListener, org.springframework.boot.test.autoconfigure.web.servlet.WebDriverTestExecutionListener, org.springframework.boot.test.autoconfigure.webservices.client.MockWebServiceServerTestExecutionListener, org.springframework.boot.test.mock.mockito.MockitoTestExecutionListener, org.springframework.boot.test.mock.mockito.ResetMocksTestExecutionListener, org.springframework.test.context.web.ServletTestExecutionListener, org.springframework.test.context.support.DirtiesContextBeforeModesTestExecutionListener, org.springframework.test.context.event.ApplicationEventsTestExecutionListener, org.springframework.test.context.support.DependencyInjectionTestExecutionListener, org.springframework.test.context.support.DirtiesContextTestExecutionListener, org.springframework.test.context.transaction.TransactionalTestExecutionListener, org.springframework.test.context.jdbc.SqlScriptsTestExecutionListener, org.springframework.test.context.event.EventPublishingTestExecutionListener]
2021-11-29 23:17:01.320  INFO 6224 --- [    Test worker] .b.t.c.SpringBootTestContextBootstrapper : Using TestExecutionListeners: [org.springframework.test.context.web.ServletTestExecutionListener@507c374b, org.springframework.test.context.support.DirtiesContextBeforeModesTestExecutionListener@493db44a, org.springframework.test.context.event.ApplicationEventsTestExecutionListener@3b81c0e6, org.springframework.boot.test.mock.mockito.MockitoTestExecutionListener@4e3cb222, org.springframework.boot.test.autoconfigure.SpringBootDependencyInjectionTestExecutionListener@7fcb12c1, org.springframework.test.context.support.DirtiesContextTestExecutionListener@5bf06696, org.springframework.test.context.event.EventPublishingTestExecutionListener@6e430bfe, org.springframework.boot.test.autoconfigure.restdocs.RestDocsTestExecutionListener@454519b6, org.springframework.boot.test.autoconfigure.web.client.MockRestServiceServerResetTestExecutionListener@623f56c5, org.springframework.boot.test.autoconfigure.web.servlet.MockMvcPrintOnlyOnFailureTestExecutionListener@3aa348c2, org.springframework.boot.test.autoconfigure.web.servlet.WebDriverTestExecutionListener@4c49a893, org.springframework.boot.test.autoconfigure.webservices.client.MockWebServiceServerTestExecutionListener@21ac9005, org.springframework.boot.test.mock.mockito.ResetMocksTestExecutionListener@39bd738b]

  .   ____          _            __ _ _
 /\\ / ___'_ __ _ _(_)_ __  __ _ \ \ \ \
( ( )\___ | '_ | '_| | '_ \/ _` | \ \ \ \
 \\/  ___)| |_)| | | | | || (_| |  ) ) ) )
  '  |____| .__|_| |_|_| |_\__, | / / / /
 =========|_|==============|___/=/_/_/_/
 :: Spring Boot ::                (v2.5.6)

2021-11-29 23:17:02.498  INFO 6224 --- [    Test worker] tourGuide.performance.PerformanceTest    : Starting PerformanceTest using Java 11.0.11 on DESKTOP-2K67CMT with PID 6224 (started by Hodor-Fixe in D:\DevInformatique\_OpenClasseRoom_DeveloppeurApllicationJava\P8_aulombard_geoffrey\OC_P8_TourGuide\TourGuide)
2021-11-29 23:17:02.500  INFO 6224 --- [    Test worker] tourGuide.performance.PerformanceTest    : No active profile set, falling back to default profiles: default
2021-11-29 23:17:03.120  INFO 6224 --- [    Test worker] o.s.cloud.context.scope.GenericScope     : BeanFactory id=5dd1b948-c393-3f02-ad49-9717d36dcf82
2021-11-29 23:17:03.449  INFO 6224 --- [    Test worker] tourGuide.service.TourGuideService       : TestMode: true
2021-11-29 23:17:03.688  INFO 6224 --- [    Test worker] tourGuide.tracker.Tracker                : Tracker run at startup: ENABLE
2021-11-29 23:17:03.690  INFO 6224 --- [pool-7-thread-1] tourGuide.service.TourGuideService       : ** Processing to get all users
2021-11-29 23:17:03.693  INFO 6224 --- [pool-7-thread-1] tourGuide.tracker.Tracker                : Begin Tracker. Tracking 10000 users.
2021-11-29 23:17:03.693  INFO 6224 --- [pool-7-thread-1] tourGuide.service.TourGuideService       : ** Multithreading ** Processing to track all user location.
2021-11-29 23:17:05.322  INFO 6224 --- [    Test worker] o.s.b.a.e.web.EndpointLinksResolver      : Exposing 5 endpoint(s) beneath base path '/actuator'
2021-11-29 23:17:05.816  INFO 6224 --- [    Test worker] pertySourcedRequestMappingHandlerMapping : Mapped URL path [/v2/api-docs] onto method [springfox.documentation.swagger2.web.Swagger2Controller#getDocumentation(String, HttpServletRequest)]
2021-11-29 23:17:09.360  INFO 6224 --- [    Test worker] o.s.cloud.commons.util.InetUtils         : Cannot determine local hostname
2021-11-29 23:17:09.652  INFO 6224 --- [    Test worker] d.s.w.p.DocumentationPluginsBootstrapper : Context refreshed
2021-11-29 23:17:09.654  INFO 6224 --- [    Test worker] d.s.w.p.DocumentationPluginsBootstrapper : Found 1 custom documentation plugin(s)
2021-11-29 23:17:09.670  INFO 6224 --- [    Test worker] s.d.s.w.s.ApiListingReferenceScanner     : Scanning for api listing references
2021-11-29 23:17:09.798  INFO 6224 --- [    Test worker] .d.s.w.r.o.CachingOperationNameGenerator : Generating unique operation named: indexUsingGET_1
2021-11-29 23:17:09.876  INFO 6224 --- [    Test worker] tourGuide.performance.PerformanceTest    : Started PerformanceTest in 8.55 seconds (JVM running for 42.239)
2021-11-29 23:17:09.909  INFO 6224 --- [    Test worker] tourGuide.service.TourGuideService       : TestMode: true
2021-11-29 23:17:10.222  INFO 6224 --- [    Test worker] tourGuide.tracker.Tracker                : Tracker run at startup: DISABLED
2021-11-29 23:17:10.223  INFO 6224 --- [    Test worker] tourGuide.service.TourGuideService       : ** Processing to get all users
2021-11-29 23:17:10.225  INFO 6224 --- [    Test worker] tourGuide.service.TourGuideService       : ** Multithreading ** Processing to track all user location.
2021-11-29 23:17:10.261 ERROR 6224 --- [    Test worker] tourGuide.service.TourGuideService       : java.lang.NullPointerException
2021-11-29 23:17:10.458 ERROR 6224 --- [    Test worker] tourGuide.service.TourGuideService       : java.lang.NullPointerException
2021-11-29 23:17:10.459 ERROR 6224 --- [    Test worker] tourGuide.service.TourGuideService       : java.lang.NullPointerException
2021-11-29 23:17:10.460 ERROR 6224 --- [    Test worker] tourGuide.service.TourGuideService       : java.lang.NullPointerException
2021-11-29 23:17:10.460 ERROR 6224 --- [    Test worker] tourGuide.service.TourGuideService       : java.lang.NullPointerException
2021-11-29 23:17:10.460 ERROR 6224 --- [    Test worker] tourGuide.service.TourGuideService       : java.lang.NullPointerException
2021-11-29 23:17:10.460 ERROR 6224 --- [    Test worker] tourGuide.service.TourGuideService       : java.lang.NullPointerException
2021-11-29 23:17:10.460 ERROR 6224 --- [    Test worker] tourGuide.service.TourGuideService       : java.lang.NullPointerException
2021-11-29 23:17:10.460 ERROR 6224 --- [    Test worker] tourGuide.service.TourGuideService       : java.lang.NullPointerException
2021-11-29 23:17:10.460 ERROR 6224 --- [    Test worker] tourGuide.service.TourGuideService       : java.lang.NullPointerException
2021-11-29 23:17:10.461 ERROR 6224 --- [    Test worker] tourGuide.service.TourGuideService       : java.lang.NullPointerException
2021-11-29 23:17:10.461 ERROR 6224 --- [    Test worker] tourGuide.service.TourGuideService       : java.lang.NullPointerException
2021-11-29 23:17:10.461 ERROR 6224 --- [    Test worker] tourGuide.service.TourGuideService       : java.lang.NullPointerException
2021-11-29 23:17:10.461 ERROR 6224 --- [    Test worker] tourGuide.service.TourGuideService       : java.lang.NullPointerException
2021-11-29 23:17:10.461 ERROR 6224 --- [    Test worker] tourGuide.service.TourGuideService       : java.lang.NullPointerException
2021-11-29 23:17:10.461 ERROR 6224 --- [    Test worker] tourGuide.service.TourGuideService       : java.lang.NullPointerException
2021-11-29 23:17:10.461 ERROR 6224 --- [    Test worker] tourGuide.service.TourGuideService       : java.lang.NullPointerException
2021-11-29 23:17:10.462 ERROR 6224 --- [    Test worker] tourGuide.service.TourGuideService       : java.lang.NullPointerException
2021-11-29 23:17:10.463 ERROR 6224 --- [    Test worker] tourGuide.service.TourGuideService       : java.lang.NullPointerException
2021-11-29 23:17:10.463 ERROR 6224 --- [    Test worker] tourGuide.service.TourGuideService       : java.lang.NullPointerException
2021-11-29 23:17:10.463 ERROR 6224 --- [    Test worker] tourGuide.service.TourGuideService       : java.lang.NullPointerException
2021-11-29 23:17:10.463 ERROR 6224 --- [    Test worker] tourGuide.service.TourGuideService       : java.lang.NullPointerException
2021-11-29 23:17:10.463 ERROR 6224 --- [    Test worker] tourGuide.service.TourGuideService       : java.lang.NullPointerException
2021-11-29 23:17:10.463 ERROR 6224 --- [    Test worker] tourGuide.service.TourGuideService       : java.lang.NullPointerException
2021-11-29 23:17:10.463 ERROR 6224 --- [    Test worker] tourGuide.service.TourGuideService       : java.lang.NullPointerException
2021-11-29 23:17:10.466 ERROR 6224 --- [    Test worker] tourGuide.service.TourGuideService       : java.lang.NullPointerException
2021-11-29 23:17:10.467 ERROR 6224 --- [    Test worker] tourGuide.service.TourGuideService       : java.lang.NullPointerException
2021-11-29 23:17:10.467 ERROR 6224 --- [    Test worker] tourGuide.service.TourGuideService       : java.lang.NullPointerException
2021-11-29 23:17:10.467 ERROR 6224 --- [    Test worker] tourGuide.service.TourGuideService       : java.lang.NullPointerException
2021-11-29 23:17:10.467 ERROR 6224 --- [    Test worker] tourGuide.service.TourGuideService       : java.lang.NullPointerException
2021-11-29 23:17:10.467 ERROR 6224 --- [    Test worker] tourGuide.service.TourGuideService       : java.lang.NullPointerException
2021-11-29 23:17:10.467 ERROR 6224 --- [    Test worker] tourGuide.service.TourGuideService       : java.lang.NullPointerException
2021-11-29 23:17:10.503 ERROR 6224 --- [    Test worker] tourGuide.service.TourGuideService       : java.lang.NullPointerException
2021-11-29 23:17:10.505 ERROR 6224 --- [    Test worker] tourGuide.service.TourGuideService       : java.lang.NullPointerException
2021-11-29 23:17:10.505 ERROR 6224 --- [    Test worker] tourGuide.service.TourGuideService       : java.lang.NullPointerException
2021-11-29 23:17:10.518 ERROR 6224 --- [    Test worker] tourGuide.service.TourGuideService       : java.lang.NullPointerException
2021-11-29 23:17:10.535 ERROR 6224 --- [    Test worker] tourGuide.service.TourGuideService       : java.lang.NullPointerException
2021-11-29 23:17:10.537 ERROR 6224 --- [    Test worker] tourGuide.service.TourGuideService       : java.lang.NullPointerException
2021-11-29 23:17:10.537 ERROR 6224 --- [    Test worker] tourGuide.service.TourGuideService       : java.lang.NullPointerException
2021-11-29 23:17:10.553 ERROR 6224 --- [    Test worker] tourGuide.service.TourGuideService       : java.lang.NullPointerException
2021-11-29 23:17:10.562 ERROR 6224 --- [    Test worker] tourGuide.service.TourGuideService       : java.lang.NullPointerException
2021-11-29 23:17:10.563 ERROR 6224 --- [    Test worker] tourGuide.service.TourGuideService       : java.lang.NullPointerException
2021-11-29 23:17:10.564 ERROR 6224 --- [    Test worker] tourGuide.service.TourGuideService       : java.lang.NullPointerException
2021-11-29 23:17:10.571 ERROR 6224 --- [    Test worker] tourGuide.service.TourGuideService       : java.lang.NullPointerException
2021-11-29 23:17:10.598 ERROR 6224 --- [    Test worker] tourGuide.service.TourGuideService       : java.lang.NullPointerException
2021-11-29 23:17:10.600 ERROR 6224 --- [    Test worker] tourGuide.service.TourGuideService       : java.lang.NullPointerException
2021-11-29 23:17:10.601 ERROR 6224 --- [    Test worker] tourGuide.service.TourGuideService       : java.lang.NullPointerException
2021-11-29 23:17:10.602 ERROR 6224 --- [    Test worker] tourGuide.service.TourGuideService       : java.lang.NullPointerException
2021-11-29 23:17:10.603 ERROR 6224 --- [    Test worker] tourGuide.service.TourGuideService       : java.lang.NullPointerException
2021-11-29 23:17:10.603 ERROR 6224 --- [    Test worker] tourGuide.service.TourGuideService       : java.lang.NullPointerException
2021-11-29 23:17:10.603 ERROR 6224 --- [    Test worker] tourGuide.service.TourGuideService       : java.lang.NullPointerException
2021-11-29 23:17:10.603 ERROR 6224 --- [    Test worker] tourGuide.service.TourGuideService       : java.lang.NullPointerException
2021-11-29 23:17:10.603 ERROR 6224 --- [    Test worker] tourGuide.service.TourGuideService       : java.lang.NullPointerException
2021-11-29 23:17:10.603 ERROR 6224 --- [    Test worker] tourGuide.service.TourGuideService       : java.lang.NullPointerException
2021-11-29 23:17:10.603 ERROR 6224 --- [    Test worker] tourGuide.service.TourGuideService       : java.lang.NullPointerException
2021-11-29 23:17:10.603 ERROR 6224 --- [    Test worker] tourGuide.service.TourGuideService       : java.lang.NullPointerException
2021-11-29 23:17:10.603 ERROR 6224 --- [    Test worker] tourGuide.service.TourGuideService       : java.lang.NullPointerException
2021-11-29 23:17:10.604 ERROR 6224 --- [    Test worker] tourGuide.service.TourGuideService       : java.lang.NullPointerException
2021-11-29 23:17:10.604 ERROR 6224 --- [    Test worker] tourGuide.service.TourGuideService       : java.lang.NullPointerException
2021-11-29 23:17:10.604 ERROR 6224 --- [    Test worker] tourGuide.service.TourGuideService       : java.lang.NullPointerException
2021-11-29 23:17:10.605 ERROR 6224 --- [    Test worker] tourGuide.service.TourGuideService       : java.lang.NullPointerException
2021-11-29 23:17:10.605 ERROR 6224 --- [    Test worker] tourGuide.service.TourGuideService       : java.lang.NullPointerException
2021-11-29 23:17:10.605 ERROR 6224 --- [    Test worker] tourGuide.service.TourGuideService       : java.lang.NullPointerException
2021-11-29 23:17:10.605 ERROR 6224 --- [    Test worker] tourGuide.service.TourGuideService       : java.lang.NullPointerException
2021-11-29 23:17:10.605 ERROR 6224 --- [    Test worker] tourGuide.service.TourGuideService       : java.lang.NullPointerException
2021-11-29 23:17:10.605 ERROR 6224 --- [    Test worker] tourGuide.service.TourGuideService       : java.lang.NullPointerException
2021-11-29 23:17:10.605 ERROR 6224 --- [    Test worker] tourGuide.service.TourGuideService       : java.lang.NullPointerException
2021-11-29 23:17:10.606 ERROR 6224 --- [    Test worker] tourGuide.service.TourGuideService       : java.lang.NullPointerException
2021-11-29 23:17:10.606 ERROR 6224 --- [    Test worker] tourGuide.service.TourGuideService       : java.lang.NullPointerException
2021-11-29 23:17:10.606 ERROR 6224 --- [    Test worker] tourGuide.service.TourGuideService       : java.lang.NullPointerException
2021-11-29 23:17:10.606 ERROR 6224 --- [    Test worker] tourGuide.service.TourGuideService       : java.lang.NullPointerException
2021-11-29 23:17:10.606 ERROR 6224 --- [    Test worker] tourGuide.service.TourGuideService       : java.lang.NullPointerException
2021-11-29 23:17:10.606 ERROR 6224 --- [    Test worker] tourGuide.service.TourGuideService       : java.lang.NullPointerException
2021-11-29 23:17:10.606 ERROR 6224 --- [    Test worker] tourGuide.service.TourGuideService       : java.lang.NullPointerException
2021-11-29 23:17:10.606 ERROR 6224 --- [    Test worker] tourGuide.service.TourGuideService       : java.lang.NullPointerException
2021-11-29 23:17:10.606 ERROR 6224 --- [    Test worker] tourGuide.service.TourGuideService       : java.lang.NullPointerException
2021-11-29 23:17:10.606 ERROR 6224 --- [    Test worker] tourGuide.service.TourGuideService       : java.lang.NullPointerException
2021-11-29 23:17:10.606 ERROR 6224 --- [    Test worker] tourGuide.service.TourGuideService       : java.lang.NullPointerException
2021-11-29 23:17:10.606 ERROR 6224 --- [    Test worker] tourGuide.service.TourGuideService       : java.lang.NullPointerException
2021-11-29 23:17:10.607 ERROR 6224 --- [    Test worker] tourGuide.service.TourGuideService       : java.lang.NullPointerException
2021-11-29 23:17:10.607 ERROR 6224 --- [    Test worker] tourGuide.service.TourGuideService       : java.lang.NullPointerException
2021-11-29 23:17:10.607 ERROR 6224 --- [    Test worker] tourGuide.service.TourGuideService       : java.lang.NullPointerException
2021-11-29 23:17:10.607 ERROR 6224 --- [    Test worker] tourGuide.service.TourGuideService       : java.lang.NullPointerException
2021-11-29 23:17:10.607 ERROR 6224 --- [    Test worker] tourGuide.service.TourGuideService       : java.lang.NullPointerException
2021-11-29 23:17:10.607 ERROR 6224 --- [    Test worker] tourGuide.service.TourGuideService       : java.lang.NullPointerException
2021-11-29 23:17:10.607 ERROR 6224 --- [    Test worker] tourGuide.service.TourGuideService       : java.lang.NullPointerException
2021-11-29 23:17:10.607 ERROR 6224 --- [    Test worker] tourGuide.service.TourGuideService       : java.lang.NullPointerException
2021-11-29 23:17:10.607 ERROR 6224 --- [    Test worker] tourGuide.service.TourGuideService       : java.lang.NullPointerException
2021-11-29 23:17:10.607 ERROR 6224 --- [    Test worker] tourGuide.service.TourGuideService       : java.lang.NullPointerException
2021-11-29 23:17:10.607 ERROR 6224 --- [    Test worker] tourGuide.service.TourGuideService       : java.lang.NullPointerException
2021-11-29 23:17:10.607 ERROR 6224 --- [    Test worker] tourGuide.service.TourGuideService       : java.lang.NullPointerException
2021-11-29 23:17:10.608 ERROR 6224 --- [    Test worker] tourGuide.service.TourGuideService       : java.lang.NullPointerException
2021-11-29 23:17:10.608 ERROR 6224 --- [    Test worker] tourGuide.service.TourGuideService       : java.lang.NullPointerException
2021-11-29 23:17:10.608 ERROR 6224 --- [    Test worker] tourGuide.service.TourGuideService       : java.lang.NullPointerException
2021-11-29 23:17:10.608 ERROR 6224 --- [    Test worker] tourGuide.service.TourGuideService       : java.lang.NullPointerException
2021-11-29 23:17:10.608 ERROR 6224 --- [    Test worker] tourGuide.service.TourGuideService       : java.lang.NullPointerException
2021-11-29 23:17:10.608 ERROR 6224 --- [    Test worker] tourGuide.service.TourGuideService       : java.lang.NullPointerException
2021-11-29 23:17:10.608 ERROR 6224 --- [    Test worker] tourGuide.service.TourGuideService       : java.lang.NullPointerException
2021-11-29 23:17:10.608 ERROR 6224 --- [    Test worker] tourGuide.service.TourGuideService       : java.lang.NullPointerException
2021-11-29 23:17:10.608 ERROR 6224 --- [    Test worker] tourGuide.service.TourGuideService       : java.lang.NullPointerException
2021-11-29 23:17:10.608 ERROR 6224 --- [    Test worker] tourGuide.service.TourGuideService       : java.lang.NullPointerException
2021-11-29 23:17:10.608 ERROR 6224 --- [    Test worker] tourGuide.service.TourGuideService       : java.lang.NullPointerException
2021-11-29 23:17:10.608 ERROR 6224 --- [    Test worker] tourGuide.service.TourGuideService       : java.lang.NullPointerException
2021-11-29 23:17:10.609 ERROR 6224 --- [    Test worker] tourGuide.service.TourGuideService       : java.lang.NullPointerException
2021-11-29 23:17:10.609 ERROR 6224 --- [    Test worker] tourGuide.service.TourGuideService       : java.lang.NullPointerException
2021-11-29 23:17:10.609 ERROR 6224 --- [    Test worker] tourGuide.service.TourGuideService       : java.lang.NullPointerException
2021-11-29 23:17:10.609 ERROR 6224 --- [    Test worker] tourGuide.service.TourGuideService       : java.lang.NullPointerException
2021-11-29 23:17:10.609 ERROR 6224 --- [    Test worker] tourGuide.service.TourGuideService       : java.lang.NullPointerException
2021-11-29 23:17:10.609 ERROR 6224 --- [    Test worker] tourGuide.service.TourGuideService       : java.lang.NullPointerException
2021-11-29 23:17:10.609 ERROR 6224 --- [    Test worker] tourGuide.service.TourGuideService       : java.lang.NullPointerException
2021-11-29 23:17:10.609 ERROR 6224 --- [    Test worker] tourGuide.service.TourGuideService       : java.lang.NullPointerException
2021-11-29 23:17:10.609 ERROR 6224 --- [    Test worker] tourGuide.service.TourGuideService       : java.lang.NullPointerException
2021-11-29 23:17:10.609 ERROR 6224 --- [    Test worker] tourGuide.service.TourGuideService       : java.lang.NullPointerException
2021-11-29 23:17:10.609 ERROR 6224 --- [    Test worker] tourGuide.service.TourGuideService       : java.lang.NullPointerException
2021-11-29 23:17:10.609 ERROR 6224 --- [    Test worker] tourGuide.service.TourGuideService       : java.lang.NullPointerException
2021-11-29 23:17:10.610 ERROR 6224 --- [    Test worker] tourGuide.service.TourGuideService       : java.lang.NullPointerException
2021-11-29 23:17:10.610 ERROR 6224 --- [    Test worker] tourGuide.service.TourGuideService       : java.lang.NullPointerException
2021-11-29 23:17:10.610 ERROR 6224 --- [    Test worker] tourGuide.service.TourGuideService       : java.lang.NullPointerException
2021-11-29 23:17:10.610 ERROR 6224 --- [    Test worker] tourGuide.service.TourGuideService       : java.lang.NullPointerException
2021-11-29 23:17:10.610 ERROR 6224 --- [    Test worker] tourGuide.service.TourGuideService       : java.lang.NullPointerException
2021-11-29 23:17:10.610 ERROR 6224 --- [    Test worker] tourGuide.service.TourGuideService       : java.lang.NullPointerException
2021-11-29 23:17:10.610 ERROR 6224 --- [    Test worker] tourGuide.service.TourGuideService       : java.lang.NullPointerException
2021-11-29 23:17:10.610 ERROR 6224 --- [    Test worker] tourGuide.service.TourGuideService       : java.lang.NullPointerException
2021-11-29 23:17:10.610 ERROR 6224 --- [    Test worker] tourGuide.service.TourGuideService       : java.lang.NullPointerException
2021-11-29 23:17:10.610 ERROR 6224 --- [    Test worker] tourGuide.service.TourGuideService       : java.lang.NullPointerException
2021-11-29 23:17:10.610 ERROR 6224 --- [    Test worker] tourGuide.service.TourGuideService       : java.lang.NullPointerException
2021-11-29 23:17:10.610 ERROR 6224 --- [    Test worker] tourGuide.service.TourGuideService       : java.lang.NullPointerException
2021-11-29 23:17:10.611 ERROR 6224 --- [    Test worker] tourGuide.service.TourGuideService       : java.lang.NullPointerException
2021-11-29 23:17:10.611 ERROR 6224 --- [    Test worker] tourGuide.service.TourGuideService       : java.lang.NullPointerException
2021-11-29 23:17:10.611 ERROR 6224 --- [    Test worker] tourGuide.service.TourGuideService       : java.lang.NullPointerException
2021-11-29 23:17:10.611 ERROR 6224 --- [    Test worker] tourGuide.service.TourGuideService       : java.lang.NullPointerException
2021-11-29 23:17:10.611 ERROR 6224 --- [    Test worker] tourGuide.service.TourGuideService       : java.lang.NullPointerException
2021-11-29 23:17:10.611 ERROR 6224 --- [    Test worker] tourGuide.service.TourGuideService       : java.lang.NullPointerException
2021-11-29 23:17:10.611 ERROR 6224 --- [    Test worker] tourGuide.service.TourGuideService       : java.lang.NullPointerException
2021-11-29 23:17:10.611 ERROR 6224 --- [    Test worker] tourGuide.service.TourGuideService       : java.lang.NullPointerException
2021-11-29 23:17:10.611 ERROR 6224 --- [    Test worker] tourGuide.service.TourGuideService       : java.lang.NullPointerException
2021-11-29 23:17:10.611 ERROR 6224 --- [    Test worker] tourGuide.service.TourGuideService       : java.lang.NullPointerException
2021-11-29 23:17:10.611 ERROR 6224 --- [    Test worker] tourGuide.service.TourGuideService       : java.lang.NullPointerException
2021-11-29 23:17:10.611 ERROR 6224 --- [    Test worker] tourGuide.service.TourGuideService       : java.lang.NullPointerException
2021-11-29 23:17:10.611 ERROR 6224 --- [    Test worker] tourGuide.service.TourGuideService       : java.lang.NullPointerException
2021-11-29 23:17:10.611 ERROR 6224 --- [    Test worker] tourGuide.service.TourGuideService       : java.lang.NullPointerException
2021-11-29 23:17:10.612 ERROR 6224 --- [    Test worker] tourGuide.service.TourGuideService       : java.lang.NullPointerException
2021-11-29 23:17:10.612 ERROR 6224 --- [    Test worker] tourGuide.service.TourGuideService       : java.lang.NullPointerException
2021-11-29 23:17:10.612 ERROR 6224 --- [    Test worker] tourGuide.service.TourGuideService       : java.lang.NullPointerException
2021-11-29 23:17:10.612 ERROR 6224 --- [    Test worker] tourGuide.service.TourGuideService       : java.lang.NullPointerException
2021-11-29 23:17:10.612 ERROR 6224 --- [    Test worker] tourGuide.service.TourGuideService       : java.lang.NullPointerException
2021-11-29 23:17:10.612 ERROR 6224 --- [    Test worker] tourGuide.service.TourGuideService       : java.lang.NullPointerException
2021-11-29 23:17:10.612 ERROR 6224 --- [    Test worker] tourGuide.service.TourGuideService       : java.lang.NullPointerException
2021-11-29 23:17:10.612 ERROR 6224 --- [    Test worker] tourGuide.service.TourGuideService       : java.lang.NullPointerException
2021-11-29 23:17:10.613 ERROR 6224 --- [    Test worker] tourGuide.service.TourGuideService       : java.lang.NullPointerException
2021-11-29 23:17:10.613 ERROR 6224 --- [    Test worker] tourGuide.service.TourGuideService       : java.lang.NullPointerException
2021-11-29 23:17:10.613 ERROR 6224 --- [    Test worker] tourGuide.service.TourGuideService       : java.lang.NullPointerException
2021-11-29 23:17:10.613 ERROR 6224 --- [    Test worker] tourGuide.service.TourGuideService       : java.lang.NullPointerException
2021-11-29 23:17:10.613 ERROR 6224 --- [    Test worker] tourGuide.service.TourGuideService       : java.lang.NullPointerException
2021-11-29 23:17:10.613 ERROR 6224 --- [    Test worker] tourGuide.service.TourGuideService       : java.lang.NullPointerException
2021-11-29 23:17:10.613 ERROR 6224 --- [    Test worker] tourGuide.service.TourGuideService       : java.lang.NullPointerException
2021-11-29 23:17:10.613 ERROR 6224 --- [    Test worker] tourGuide.service.TourGuideService       : java.lang.NullPointerException
2021-11-29 23:17:10.614 ERROR 6224 --- [    Test worker] tourGuide.service.TourGuideService       : java.lang.NullPointerException
2021-11-29 23:17:10.616 ERROR 6224 --- [    Test worker] tourGuide.service.TourGuideService       : java.lang.NullPointerException
2021-11-29 23:17:10.617 ERROR 6224 --- [    Test worker] tourGuide.service.TourGuideService       : java.lang.NullPointerException
2021-11-29 23:17:10.618 ERROR 6224 --- [    Test worker] tourGuide.service.TourGuideService       : java.lang.NullPointerException
2021-11-29 23:17:10.618 ERROR 6224 --- [    Test worker] tourGuide.service.TourGuideService       : java.lang.NullPointerException
2021-11-29 23:17:10.618 ERROR 6224 --- [    Test worker] tourGuide.service.TourGuideService       : java.lang.NullPointerException
2021-11-29 23:17:10.618 ERROR 6224 --- [    Test worker] tourGuide.service.TourGuideService       : java.lang.NullPointerException
2021-11-29 23:17:10.618 ERROR 6224 --- [    Test worker] tourGuide.service.TourGuideService       : java.lang.NullPointerException
2021-11-29 23:17:10.618 ERROR 6224 --- [    Test worker] tourGuide.service.TourGuideService       : java.lang.NullPointerException
2021-11-29 23:17:10.618 ERROR 6224 --- [    Test worker] tourGuide.service.TourGuideService       : java.lang.NullPointerException
2021-11-29 23:17:10.618 ERROR 6224 --- [    Test worker] tourGuide.service.TourGuideService       : java.lang.NullPointerException
2021-11-29 23:17:10.618 ERROR 6224 --- [    Test worker] tourGuide.service.TourGuideService       : java.lang.NullPointerException
2021-11-29 23:17:10.618 ERROR 6224 --- [    Test worker] tourGuide.service.TourGuideService       : java.lang.NullPointerException
2021-11-29 23:17:10.618 ERROR 6224 --- [    Test worker] tourGuide.service.TourGuideService       : java.lang.NullPointerException
2021-11-29 23:17:10.618 ERROR 6224 --- [    Test worker] tourGuide.service.TourGuideService       : java.lang.NullPointerException
2021-11-29 23:17:10.619 ERROR 6224 --- [    Test worker] tourGuide.service.TourGuideService       : java.lang.NullPointerException
2021-11-29 23:17:10.619 ERROR 6224 --- [    Test worker] tourGuide.service.TourGuideService       : java.lang.NullPointerException
2021-11-29 23:17:10.619 ERROR 6224 --- [    Test worker] tourGuide.service.TourGuideService       : java.lang.NullPointerException
2021-11-29 23:17:10.619 ERROR 6224 --- [    Test worker] tourGuide.service.TourGuideService       : java.lang.NullPointerException
2021-11-29 23:17:10.619 ERROR 6224 --- [    Test worker] tourGuide.service.TourGuideService       : java.lang.NullPointerException
2021-11-29 23:17:10.619 ERROR 6224 --- [    Test worker] tourGuide.service.TourGuideService       : java.lang.NullPointerException
2021-11-29 23:17:10.619 ERROR 6224 --- [    Test worker] tourGuide.service.TourGuideService       : java.lang.NullPointerException
2021-11-29 23:17:10.619 ERROR 6224 --- [    Test worker] tourGuide.service.TourGuideService       : java.lang.NullPointerException
2021-11-29 23:17:10.619 ERROR 6224 --- [    Test worker] tourGuide.service.TourGuideService       : java.lang.NullPointerException
2021-11-29 23:17:10.619 ERROR 6224 --- [    Test worker] tourGuide.service.TourGuideService       : java.lang.NullPointerException
2021-11-29 23:17:10.619 ERROR 6224 --- [    Test worker] tourGuide.service.TourGuideService       : java.lang.NullPointerException
2021-11-29 23:17:10.619 ERROR 6224 --- [    Test worker] tourGuide.service.TourGuideService       : java.lang.NullPointerException
2021-11-29 23:17:10.620 ERROR 6224 --- [    Test worker] tourGuide.service.TourGuideService       : java.lang.NullPointerException
2021-11-29 23:17:10.620 ERROR 6224 --- [    Test worker] tourGuide.service.TourGuideService       : java.lang.NullPointerException
2021-11-29 23:17:10.620 ERROR 6224 --- [    Test worker] tourGuide.service.TourGuideService       : java.lang.NullPointerException
2021-11-29 23:17:10.620 ERROR 6224 --- [    Test worker] tourGuide.service.TourGuideService       : java.lang.NullPointerException
2021-11-29 23:17:10.620 ERROR 6224 --- [    Test worker] tourGuide.service.TourGuideService       : java.lang.NullPointerException
2021-11-29 23:17:10.620 ERROR 6224 --- [    Test worker] tourGuide.service.TourGuideService       : java.lang.NullPointerException
2021-11-29 23:17:10.620 ERROR 6224 --- [    Test worker] tourGuide.service.TourGuideService       : java.lang.NullPointerException
2021-11-29 23:17:10.620 ERROR 6224 --- [    Test worker] tourGuide.service.TourGuideService       : java.lang.NullPointerException
2021-11-29 23:17:10.620 ERROR 6224 --- [    Test worker] tourGuide.service.TourGuideService       : java.lang.NullPointerException
2021-11-29 23:17:10.620 ERROR 6224 --- [    Test worker] tourGuide.service.TourGuideService       : java.lang.NullPointerException
2021-11-29 23:17:10.620 ERROR 6224 --- [    Test worker] tourGuide.service.TourGuideService       : java.lang.NullPointerException
2021-11-29 23:17:10.620 ERROR 6224 --- [    Test worker] tourGuide.service.TourGuideService       : java.lang.NullPointerException
2021-11-29 23:17:10.620 ERROR 6224 --- [    Test worker] tourGuide.service.TourGuideService       : java.lang.NullPointerException
2021-11-29 23:17:10.621 ERROR 6224 --- [    Test worker] tourGuide.service.TourGuideService       : java.lang.NullPointerException
2021-11-29 23:17:10.621 ERROR 6224 --- [    Test worker] tourGuide.service.TourGuideService       : java.lang.NullPointerException
2021-11-29 23:17:10.621 ERROR 6224 --- [    Test worker] tourGuide.service.TourGuideService       : java.lang.NullPointerException
2021-11-29 23:17:10.621 ERROR 6224 --- [    Test worker] tourGuide.service.TourGuideService       : java.lang.NullPointerException
2021-11-29 23:17:10.621 ERROR 6224 --- [    Test worker] tourGuide.service.TourGuideService       : java.lang.NullPointerException
2021-11-29 23:17:10.621 ERROR 6224 --- [    Test worker] tourGuide.service.TourGuideService       : java.lang.NullPointerException
2021-11-29 23:17:10.621 ERROR 6224 --- [    Test worker] tourGuide.service.TourGuideService       : java.lang.NullPointerException
2021-11-29 23:17:10.621 ERROR 6224 --- [    Test worker] tourGuide.service.TourGuideService       : java.lang.NullPointerException
2021-11-29 23:17:10.621 ERROR 6224 --- [    Test worker] tourGuide.service.TourGuideService       : java.lang.NullPointerException
2021-11-29 23:17:10.622 ERROR 6224 --- [    Test worker] tourGuide.service.TourGuideService       : java.lang.NullPointerException
2021-11-29 23:17:10.622 ERROR 6224 --- [    Test worker] tourGuide.service.TourGuideService       : java.lang.NullPointerException
2021-11-29 23:17:10.622 ERROR 6224 --- [    Test worker] tourGuide.service.TourGuideService       : java.lang.NullPointerException
2021-11-29 23:17:10.622 ERROR 6224 --- [    Test worker] tourGuide.service.TourGuideService       : java.lang.NullPointerException
2021-11-29 23:17:10.622 ERROR 6224 --- [    Test worker] tourGuide.service.TourGuideService       : java.lang.NullPointerException
2021-11-29 23:17:10.622 ERROR 6224 --- [    Test worker] tourGuide.service.TourGuideService       : java.lang.NullPointerException
2021-11-29 23:17:10.622 ERROR 6224 --- [    Test worker] tourGuide.service.TourGuideService       : java.lang.NullPointerException
2021-11-29 23:17:10.622 ERROR 6224 --- [    Test worker] tourGuide.service.TourGuideService       : java.lang.NullPointerException
2021-11-29 23:17:10.622 ERROR 6224 --- [    Test worker] tourGuide.service.TourGuideService       : java.lang.NullPointerException
2021-11-29 23:17:10.622 ERROR 6224 --- [    Test worker] tourGuide.service.TourGuideService       : java.lang.NullPointerException
2021-11-29 23:17:10.622 ERROR 6224 --- [    Test worker] tourGuide.service.TourGuideService       : java.lang.NullPointerException
2021-11-29 23:17:10.623 ERROR 6224 --- [    Test worker] tourGuide.service.TourGuideService       : java.lang.NullPointerException
2021-11-29 23:17:10.623 ERROR 6224 --- [    Test worker] tourGuide.service.TourGuideService       : java.lang.NullPointerException
2021-11-29 23:17:10.623 ERROR 6224 --- [    Test worker] tourGuide.service.TourGuideService       : java.lang.NullPointerException
2021-11-29 23:17:10.623 ERROR 6224 --- [    Test worker] tourGuide.service.TourGuideService       : java.lang.NullPointerException
2021-11-29 23:17:10.623 ERROR 6224 --- [    Test worker] tourGuide.service.TourGuideService       : java.lang.NullPointerException
2021-11-29 23:17:10.623 ERROR 6224 --- [    Test worker] tourGuide.service.TourGuideService       : java.lang.NullPointerException
2021-11-29 23:17:10.623 ERROR 6224 --- [    Test worker] tourGuide.service.TourGuideService       : java.lang.NullPointerException
2021-11-29 23:17:10.623 ERROR 6224 --- [    Test worker] tourGuide.service.TourGuideService       : java.lang.NullPointerException
2021-11-29 23:17:10.623 ERROR 6224 --- [    Test worker] tourGuide.service.TourGuideService       : java.lang.NullPointerException
2021-11-29 23:17:10.623 ERROR 6224 --- [    Test worker] tourGuide.service.TourGuideService       : java.lang.NullPointerException
2021-11-29 23:17:10.624 ERROR 6224 --- [    Test worker] tourGuide.service.TourGuideService       : java.lang.NullPointerException
2021-11-29 23:17:10.624 ERROR 6224 --- [    Test worker] tourGuide.service.TourGuideService       : java.lang.NullPointerException
2021-11-29 23:17:10.624 ERROR 6224 --- [    Test worker] tourGuide.service.TourGuideService       : java.lang.NullPointerException
2021-11-29 23:17:10.624 ERROR 6224 --- [    Test worker] tourGuide.service.TourGuideService       : java.lang.NullPointerException
2021-11-29 23:17:10.624 ERROR 6224 --- [    Test worker] tourGuide.service.TourGuideService       : java.lang.NullPointerException
2021-11-29 23:17:10.624 ERROR 6224 --- [    Test worker] tourGuide.service.TourGuideService       : java.lang.NullPointerException
2021-11-29 23:17:10.624 ERROR 6224 --- [    Test worker] tourGuide.service.TourGuideService       : java.lang.NullPointerException
2021-11-29 23:17:10.625 ERROR 6224 --- [    Test worker] tourGuide.service.TourGuideService       : java.lang.NullPointerException
2021-11-29 23:17:10.625 ERROR 6224 --- [    Test worker] tourGuide.service.TourGuideService       : java.lang.NullPointerException
2021-11-29 23:17:10.625 ERROR 6224 --- [    Test worker] tourGuide.service.TourGuideService       : java.lang.NullPointerException
2021-11-29 23:17:10.625 ERROR 6224 --- [    Test worker] tourGuide.service.TourGuideService       : java.lang.NullPointerException
2021-11-29 23:17:10.625 ERROR 6224 --- [    Test worker] tourGuide.service.TourGuideService       : java.lang.NullPointerException
2021-11-29 23:17:10.625 ERROR 6224 --- [    Test worker] tourGuide.service.TourGuideService       : java.lang.NullPointerException
2021-11-29 23:17:10.625 ERROR 6224 --- [    Test worker] tourGuide.service.TourGuideService       : java.lang.NullPointerException
2021-11-29 23:17:10.625 ERROR 6224 --- [    Test worker] tourGuide.service.TourGuideService       : java.lang.NullPointerException
2021-11-29 23:17:10.625 ERROR 6224 --- [    Test worker] tourGuide.service.TourGuideService       : java.lang.NullPointerException
2021-11-29 23:17:10.625 ERROR 6224 --- [    Test worker] tourGuide.service.TourGuideService       : java.lang.NullPointerException
2021-11-29 23:17:10.625 ERROR 6224 --- [    Test worker] tourGuide.service.TourGuideService       : java.lang.NullPointerException
2021-11-29 23:17:10.625 ERROR 6224 --- [    Test worker] tourGuide.service.TourGuideService       : java.lang.NullPointerException
2021-11-29 23:17:10.625 ERROR 6224 --- [    Test worker] tourGuide.service.TourGuideService       : java.lang.NullPointerException
2021-11-29 23:17:10.625 ERROR 6224 --- [    Test worker] tourGuide.service.TourGuideService       : java.lang.NullPointerException
2021-11-29 23:17:10.625 ERROR 6224 --- [    Test worker] tourGuide.service.TourGuideService       : java.lang.NullPointerException
2021-11-29 23:17:10.626 ERROR 6224 --- [    Test worker] tourGuide.service.TourGuideService       : java.lang.NullPointerException
2021-11-29 23:17:10.626 ERROR 6224 --- [    Test worker] tourGuide.service.TourGuideService       : java.lang.NullPointerException
2021-11-29 23:17:10.626 ERROR 6224 --- [    Test worker] tourGuide.service.TourGuideService       : java.lang.NullPointerException
2021-11-29 23:17:10.626 ERROR 6224 --- [    Test worker] tourGuide.service.TourGuideService       : java.lang.NullPointerException
2021-11-29 23:17:10.626 ERROR 6224 --- [    Test worker] tourGuide.service.TourGuideService       : java.lang.NullPointerException
2021-11-29 23:17:10.626 ERROR 6224 --- [    Test worker] tourGuide.service.TourGuideService       : java.lang.NullPointerException
2021-11-29 23:17:10.626 ERROR 6224 --- [    Test worker] tourGuide.service.TourGuideService       : java.lang.NullPointerException
2021-11-29 23:17:10.626 ERROR 6224 --- [    Test worker] tourGuide.service.TourGuideService       : java.lang.NullPointerException
2021-11-29 23:17:10.626 ERROR 6224 --- [    Test worker] tourGuide.service.TourGuideService       : java.lang.NullPointerException
2021-11-29 23:17:10.626 ERROR 6224 --- [    Test worker] tourGuide.service.TourGuideService       : java.lang.NullPointerException
2021-11-29 23:17:10.626 ERROR 6224 --- [    Test worker] tourGuide.service.TourGuideService       : java.lang.NullPointerException
2021-11-29 23:17:10.627 ERROR 6224 --- [    Test worker] tourGuide.service.TourGuideService       : java.lang.NullPointerException
2021-11-29 23:17:10.627 ERROR 6224 --- [    Test worker] tourGuide.service.TourGuideService       : java.lang.NullPointerException
2021-11-29 23:17:10.627 ERROR 6224 --- [    Test worker] tourGuide.service.TourGuideService       : java.lang.NullPointerException
2021-11-29 23:17:10.627 ERROR 6224 --- [    Test worker] tourGuide.service.TourGuideService       : java.lang.NullPointerException
2021-11-29 23:17:10.627 ERROR 6224 --- [    Test worker] tourGuide.service.TourGuideService       : java.lang.NullPointerException
2021-11-29 23:17:10.627 ERROR 6224 --- [    Test worker] tourGuide.service.TourGuideService       : java.lang.NullPointerException
2021-11-29 23:17:10.627 ERROR 6224 --- [    Test worker] tourGuide.service.TourGuideService       : java.lang.NullPointerException
2021-11-29 23:17:10.627 ERROR 6224 --- [    Test worker] tourGuide.service.TourGuideService       : java.lang.NullPointerException
2021-11-29 23:17:10.627 ERROR 6224 --- [    Test worker] tourGuide.service.TourGuideService       : java.lang.NullPointerException
2021-11-29 23:17:10.627 ERROR 6224 --- [    Test worker] tourGuide.service.TourGuideService       : java.lang.NullPointerException
2021-11-29 23:17:10.628 ERROR 6224 --- [    Test worker] tourGuide.service.TourGuideService       : java.lang.NullPointerException
2021-11-29 23:17:10.628 ERROR 6224 --- [    Test worker] tourGuide.service.TourGuideService       : java.lang.NullPointerException
2021-11-29 23:17:10.628 ERROR 6224 --- [    Test worker] tourGuide.service.TourGuideService       : java.lang.NullPointerException
2021-11-29 23:17:10.628 ERROR 6224 --- [    Test worker] tourGuide.service.TourGuideService       : java.lang.NullPointerException
2021-11-29 23:17:10.628 ERROR 6224 --- [    Test worker] tourGuide.service.TourGuideService       : java.lang.NullPointerException
2021-11-29 23:17:10.628 ERROR 6224 --- [    Test worker] tourGuide.service.TourGuideService       : java.lang.NullPointerException
2021-11-29 23:17:10.628 ERROR 6224 --- [    Test worker] tourGuide.service.TourGuideService       : java.lang.NullPointerException
2021-11-29 23:17:10.628 ERROR 6224 --- [    Test worker] tourGuide.service.TourGuideService       : java.lang.NullPointerException
2021-11-29 23:17:10.628 ERROR 6224 --- [    Test worker] tourGuide.service.TourGuideService       : java.lang.NullPointerException
2021-11-29 23:17:10.628 ERROR 6224 --- [    Test worker] tourGuide.service.TourGuideService       : java.lang.NullPointerException
2021-11-29 23:17:10.629 ERROR 6224 --- [    Test worker] tourGuide.service.TourGuideService       : java.lang.NullPointerException
2021-11-29 23:17:10.629 ERROR 6224 --- [    Test worker] tourGuide.service.TourGuideService       : java.lang.NullPointerException
2021-11-29 23:17:10.629 ERROR 6224 --- [    Test worker] tourGuide.service.TourGuideService       : java.lang.NullPointerException
2021-11-29 23:17:10.629 ERROR 6224 --- [    Test worker] tourGuide.service.TourGuideService       : java.lang.NullPointerException
2021-11-29 23:17:10.629 ERROR 6224 --- [    Test worker] tourGuide.service.TourGuideService       : java.lang.NullPointerException
2021-11-29 23:17:10.629 ERROR 6224 --- [    Test worker] tourGuide.service.TourGuideService       : java.lang.NullPointerException
2021-11-29 23:17:10.629 ERROR 6224 --- [    Test worker] tourGuide.service.TourGuideService       : java.lang.NullPointerException
2021-11-29 23:17:10.629 ERROR 6224 --- [    Test worker] tourGuide.service.TourGuideService       : java.lang.NullPointerException
2021-11-29 23:17:10.629 ERROR 6224 --- [    Test worker] tourGuide.service.TourGuideService       : java.lang.NullPointerException
2021-11-29 23:17:10.629 ERROR 6224 --- [    Test worker] tourGuide.service.TourGuideService       : java.lang.NullPointerException
2021-11-29 23:17:10.629 ERROR 6224 --- [    Test worker] tourGuide.service.TourGuideService       : java.lang.NullPointerException
2021-11-29 23:17:10.629 ERROR 6224 --- [    Test worker] tourGuide.service.TourGuideService       : java.lang.NullPointerException
2021-11-29 23:17:10.629 ERROR 6224 --- [    Test worker] tourGuide.service.TourGuideService       : java.lang.NullPointerException
2021-11-29 23:17:10.629 ERROR 6224 --- [    Test worker] tourGuide.service.TourGuideService       : java.lang.NullPointerException
2021-11-29 23:17:10.629 ERROR 6224 --- [    Test worker] tourGuide.service.TourGuideService       : java.lang.NullPointerException
2021-11-29 23:17:10.630 ERROR 6224 --- [    Test worker] tourGuide.service.TourGuideService       : java.lang.NullPointerException
2021-11-29 23:17:10.630 ERROR 6224 --- [    Test worker] tourGuide.service.TourGuideService       : java.lang.NullPointerException
2021-11-29 23:17:10.632 ERROR 6224 --- [    Test worker] tourGuide.service.TourGuideService       : java.lang.NullPointerException
2021-11-29 23:17:10.633 ERROR 6224 --- [    Test worker] tourGuide.service.TourGuideService       : java.lang.NullPointerException
2021-11-29 23:17:10.633 ERROR 6224 --- [    Test worker] tourGuide.service.TourGuideService       : java.lang.NullPointerException
2021-11-29 23:17:10.634 ERROR 6224 --- [    Test worker] tourGuide.service.TourGuideService       : java.lang.NullPointerException
2021-11-29 23:17:10.634 ERROR 6224 --- [    Test worker] tourGuide.service.TourGuideService       : java.lang.NullPointerException
2021-11-29 23:17:10.634 ERROR 6224 --- [    Test worker] tourGuide.service.TourGuideService       : java.lang.NullPointerException
2021-11-29 23:17:10.634 ERROR 6224 --- [    Test worker] tourGuide.service.TourGuideService       : java.lang.NullPointerException
2021-11-29 23:17:10.634 ERROR 6224 --- [    Test worker] tourGuide.service.TourGuideService       : java.lang.NullPointerException
2021-11-29 23:17:10.634 ERROR 6224 --- [    Test worker] tourGuide.service.TourGuideService       : java.lang.NullPointerException
2021-11-29 23:17:10.634 ERROR 6224 --- [    Test worker] tourGuide.service.TourGuideService       : java.lang.NullPointerException
2021-11-29 23:17:10.634 ERROR 6224 --- [    Test worker] tourGuide.service.TourGuideService       : java.lang.NullPointerException
2021-11-29 23:17:10.634 ERROR 6224 --- [    Test worker] tourGuide.service.TourGuideService       : java.lang.NullPointerException
2021-11-29 23:17:10.634 ERROR 6224 --- [    Test worker] tourGuide.service.TourGuideService       : java.lang.NullPointerException
2021-11-29 23:17:10.634 ERROR 6224 --- [    Test worker] tourGuide.service.TourGuideService       : java.lang.NullPointerException
2021-11-29 23:17:10.634 ERROR 6224 --- [    Test worker] tourGuide.service.TourGuideService       : java.lang.NullPointerException
2021-11-29 23:17:10.634 ERROR 6224 --- [    Test worker] tourGuide.service.TourGuideService       : java.lang.NullPointerException
2021-11-29 23:17:10.634 ERROR 6224 --- [    Test worker] tourGuide.service.TourGuideService       : java.lang.NullPointerException
2021-11-29 23:17:10.634 ERROR 6224 --- [    Test worker] tourGuide.service.TourGuideService       : java.lang.NullPointerException
2021-11-29 23:17:10.634 ERROR 6224 --- [    Test worker] tourGuide.service.TourGuideService       : java.lang.NullPointerException
2021-11-29 23:17:10.634 ERROR 6224 --- [    Test worker] tourGuide.service.TourGuideService       : java.lang.NullPointerException
2021-11-29 23:17:10.634 ERROR 6224 --- [    Test worker] tourGuide.service.TourGuideService       : java.lang.NullPointerException
2021-11-29 23:17:10.634 ERROR 6224 --- [    Test worker] tourGuide.service.TourGuideService       : java.lang.NullPointerException
2021-11-29 23:17:10.634 ERROR 6224 --- [    Test worker] tourGuide.service.TourGuideService       : java.lang.NullPointerException
2021-11-29 23:17:10.634 ERROR 6224 --- [    Test worker] tourGuide.service.TourGuideService       : java.lang.NullPointerException
2021-11-29 23:17:10.635 ERROR 6224 --- [    Test worker] tourGuide.service.TourGuideService       : java.lang.NullPointerException
2021-11-29 23:17:10.635 ERROR 6224 --- [    Test worker] tourGuide.service.TourGuideService       : java.lang.NullPointerException
2021-11-29 23:17:10.635 ERROR 6224 --- [    Test worker] tourGuide.service.TourGuideService       : java.lang.NullPointerException
2021-11-29 23:17:10.635 ERROR 6224 --- [    Test worker] tourGuide.service.TourGuideService       : java.lang.NullPointerException
2021-11-29 23:17:10.635 ERROR 6224 --- [    Test worker] tourGuide.service.TourGuideService       : java.lang.NullPointerException
2021-11-29 23:17:10.635 ERROR 6224 --- [    Test worker] tourGuide.service.TourGuideService       : java.lang.NullPointerException
2021-11-29 23:17:10.635 ERROR 6224 --- [    Test worker] tourGuide.service.TourGuideService       : java.lang.NullPointerException
2021-11-29 23:17:10.635 ERROR 6224 --- [    Test worker] tourGuide.service.TourGuideService       : java.lang.NullPointerException
2021-11-29 23:17:10.635 ERROR 6224 --- [    Test worker] tourGuide.service.TourGuideService       : java.lang.NullPointerException
2021-11-29 23:17:10.635 ERROR 6224 --- [    Test worker] tourGuide.service.TourGuideService       : java.lang.NullPointerException
2021-11-29 23:17:10.635 ERROR 6224 --- [    Test worker] tourGuide.service.TourGuideService       : java.lang.NullPointerException
2021-11-29 23:17:10.635 ERROR 6224 --- [    Test worker] tourGuide.service.TourGuideService       : java.lang.NullPointerException
2021-11-29 23:17:10.635 ERROR 6224 --- [    Test worker] tourGuide.service.TourGuideService       : java.lang.NullPointerException
2021-11-29 23:17:10.635 ERROR 6224 --- [    Test worker] tourGuide.service.TourGuideService       : java.lang.NullPointerException
2021-11-29 23:17:10.635 ERROR 6224 --- [    Test worker] tourGuide.service.TourGuideService       : java.lang.NullPointerException
2021-11-29 23:17:10.635 ERROR 6224 --- [    Test worker] tourGuide.service.TourGuideService       : java.lang.NullPointerException
2021-11-29 23:17:10.635 ERROR 6224 --- [    Test worker] tourGuide.service.TourGuideService       : java.lang.NullPointerException
2021-11-29 23:17:10.635 ERROR 6224 --- [    Test worker] tourGuide.service.TourGuideService       : java.lang.NullPointerException
2021-11-29 23:17:10.635 ERROR 6224 --- [    Test worker] tourGuide.service.TourGuideService       : java.lang.NullPointerException
2021-11-29 23:17:10.636 ERROR 6224 --- [    Test worker] tourGuide.service.TourGuideService       : java.lang.NullPointerException
2021-11-29 23:17:10.636 ERROR 6224 --- [    Test worker] tourGuide.service.TourGuideService       : java.lang.NullPointerException
2021-11-29 23:17:10.636 ERROR 6224 --- [    Test worker] tourGuide.service.TourGuideService       : java.lang.NullPointerException
2021-11-29 23:17:10.636 ERROR 6224 --- [    Test worker] tourGuide.service.TourGuideService       : java.lang.NullPointerException
2021-11-29 23:17:10.636 ERROR 6224 --- [    Test worker] tourGuide.service.TourGuideService       : java.lang.NullPointerException
2021-11-29 23:17:10.636 ERROR 6224 --- [    Test worker] tourGuide.service.TourGuideService       : java.lang.NullPointerException
2021-11-29 23:17:10.636 ERROR 6224 --- [    Test worker] tourGuide.service.TourGuideService       : java.lang.NullPointerException
2021-11-29 23:17:10.636 ERROR 6224 --- [    Test worker] tourGuide.service.TourGuideService       : java.lang.NullPointerException
2021-11-29 23:17:10.636 ERROR 6224 --- [    Test worker] tourGuide.service.TourGuideService       : java.lang.NullPointerException
2021-11-29 23:17:10.636 ERROR 6224 --- [    Test worker] tourGuide.service.TourGuideService       : java.lang.NullPointerException
2021-11-29 23:17:10.636 ERROR 6224 --- [    Test worker] tourGuide.service.TourGuideService       : java.lang.NullPointerException
2021-11-29 23:17:10.636 ERROR 6224 --- [    Test worker] tourGuide.service.TourGuideService       : java.lang.NullPointerException
2021-11-29 23:17:10.636 ERROR 6224 --- [    Test worker] tourGuide.service.TourGuideService       : java.lang.NullPointerException
2021-11-29 23:17:10.636 ERROR 6224 --- [    Test worker] tourGuide.service.TourGuideService       : java.lang.NullPointerException
2021-11-29 23:17:10.636 ERROR 6224 --- [    Test worker] tourGuide.service.TourGuideService       : java.lang.NullPointerException
2021-11-29 23:17:10.636 ERROR 6224 --- [    Test worker] tourGuide.service.TourGuideService       : java.lang.NullPointerException
2021-11-29 23:17:10.636 ERROR 6224 --- [    Test worker] tourGuide.service.TourGuideService       : java.lang.NullPointerException
2021-11-29 23:17:10.637 ERROR 6224 --- [    Test worker] tourGuide.service.TourGuideService       : java.lang.NullPointerException
2021-11-29 23:17:10.637 ERROR 6224 --- [    Test worker] tourGuide.service.TourGuideService       : java.lang.NullPointerException
2021-11-29 23:17:10.637 ERROR 6224 --- [    Test worker] tourGuide.service.TourGuideService       : java.lang.NullPointerException
2021-11-29 23:17:10.637 ERROR 6224 --- [    Test worker] tourGuide.service.TourGuideService       : java.lang.NullPointerException
2021-11-29 23:17:10.637 ERROR 6224 --- [    Test worker] tourGuide.service.TourGuideService       : java.lang.NullPointerException
2021-11-29 23:17:10.637 ERROR 6224 --- [    Test worker] tourGuide.service.TourGuideService       : java.lang.NullPointerException
2021-11-29 23:17:10.637 ERROR 6224 --- [    Test worker] tourGuide.service.TourGuideService       : java.lang.NullPointerException
2021-11-29 23:17:10.637 ERROR 6224 --- [    Test worker] tourGuide.service.TourGuideService       : java.lang.NullPointerException
2021-11-29 23:17:10.637 ERROR 6224 --- [    Test worker] tourGuide.service.TourGuideService       : java.lang.NullPointerException
2021-11-29 23:17:10.637 ERROR 6224 --- [    Test worker] tourGuide.service.TourGuideService       : java.lang.NullPointerException
2021-11-29 23:17:10.637 ERROR 6224 --- [    Test worker] tourGuide.service.TourGuideService       : java.lang.NullPointerException
2021-11-29 23:17:10.637 ERROR 6224 --- [    Test worker] tourGuide.service.TourGuideService       : java.lang.NullPointerException
2021-11-29 23:17:10.637 ERROR 6224 --- [    Test worker] tourGuide.service.TourGuideService       : java.lang.NullPointerException
2021-11-29 23:17:10.637 ERROR 6224 --- [    Test worker] tourGuide.service.TourGuideService       : java.lang.NullPointerException
2021-11-29 23:17:10.637 ERROR 6224 --- [    Test worker] tourGuide.service.TourGuideService       : java.lang.NullPointerException
2021-11-29 23:17:10.637 ERROR 6224 --- [    Test worker] tourGuide.service.TourGuideService       : java.lang.NullPointerException
2021-11-29 23:17:10.637 ERROR 6224 --- [    Test worker] tourGuide.service.TourGuideService       : java.lang.NullPointerException
2021-11-29 23:17:10.637 ERROR 6224 --- [    Test worker] tourGuide.service.TourGuideService       : java.lang.NullPointerException
2021-11-29 23:17:10.637 ERROR 6224 --- [    Test worker] tourGuide.service.TourGuideService       : java.lang.NullPointerException
2021-11-29 23:17:10.637 ERROR 6224 --- [    Test worker] tourGuide.service.TourGuideService       : java.lang.NullPointerException
2021-11-29 23:17:10.638 ERROR 6224 --- [    Test worker] tourGuide.service.TourGuideService       : java.lang.NullPointerException
2021-11-29 23:17:10.638 ERROR 6224 --- [    Test worker] tourGuide.service.TourGuideService       : java.lang.NullPointerException
2021-11-29 23:17:10.638 ERROR 6224 --- [    Test worker] tourGuide.service.TourGuideService       : java.lang.NullPointerException
2021-11-29 23:17:10.638 ERROR 6224 --- [    Test worker] tourGuide.service.TourGuideService       : java.lang.NullPointerException
2021-11-29 23:17:10.638 ERROR 6224 --- [    Test worker] tourGuide.service.TourGuideService       : java.lang.NullPointerException
2021-11-29 23:17:10.638 ERROR 6224 --- [    Test worker] tourGuide.service.TourGuideService       : java.lang.NullPointerException
2021-11-29 23:17:10.638 ERROR 6224 --- [    Test worker] tourGuide.service.TourGuideService       : java.lang.NullPointerException
2021-11-29 23:17:10.638 ERROR 6224 --- [    Test worker] tourGuide.service.TourGuideService       : java.lang.NullPointerException
2021-11-29 23:17:10.638 ERROR 6224 --- [    Test worker] tourGuide.service.TourGuideService       : java.lang.NullPointerException
2021-11-29 23:17:10.638 ERROR 6224 --- [    Test worker] tourGuide.service.TourGuideService       : java.lang.NullPointerException
2021-11-29 23:17:10.638 ERROR 6224 --- [    Test worker] tourGuide.service.TourGuideService       : java.lang.NullPointerException
2021-11-29 23:17:10.638 ERROR 6224 --- [    Test worker] tourGuide.service.TourGuideService       : java.lang.NullPointerException
2021-11-29 23:17:10.638 ERROR 6224 --- [    Test worker] tourGuide.service.TourGuideService       : java.lang.NullPointerException
2021-11-29 23:17:10.638 ERROR 6224 --- [    Test worker] tourGuide.service.TourGuideService       : java.lang.NullPointerException
2021-11-29 23:17:10.642 ERROR 6224 --- [    Test worker] tourGuide.service.TourGuideService       : java.lang.NullPointerException
2021-11-29 23:17:10.643 ERROR 6224 --- [    Test worker] tourGuide.service.TourGuideService       : java.lang.NullPointerException
2021-11-29 23:17:10.643 ERROR 6224 --- [    Test worker] tourGuide.service.TourGuideService       : java.lang.NullPointerException
2021-11-29 23:17:10.643 ERROR 6224 --- [    Test worker] tourGuide.service.TourGuideService       : java.lang.NullPointerException
2021-11-29 23:17:10.643 ERROR 6224 --- [    Test worker] tourGuide.service.TourGuideService       : java.lang.NullPointerException
2021-11-29 23:17:10.644 ERROR 6224 --- [    Test worker] tourGuide.service.TourGuideService       : java.lang.NullPointerException
2021-11-29 23:17:10.644 ERROR 6224 --- [    Test worker] tourGuide.service.TourGuideService       : java.lang.NullPointerException
2021-11-29 23:17:10.644 ERROR 6224 --- [    Test worker] tourGuide.service.TourGuideService       : java.lang.NullPointerException
2021-11-29 23:17:10.644 ERROR 6224 --- [    Test worker] tourGuide.service.TourGuideService       : java.lang.NullPointerException
2021-11-29 23:17:10.644 ERROR 6224 --- [    Test worker] tourGuide.service.TourGuideService       : java.lang.NullPointerException
2021-11-29 23:17:10.644 ERROR 6224 --- [    Test worker] tourGuide.service.TourGuideService       : java.lang.NullPointerException
2021-11-29 23:17:10.644 ERROR 6224 --- [    Test worker] tourGuide.service.TourGuideService       : java.lang.NullPointerException
2021-11-29 23:17:10.644 ERROR 6224 --- [    Test worker] tourGuide.service.TourGuideService       : java.lang.NullPointerException
2021-11-29 23:17:10.644 ERROR 6224 --- [    Test worker] tourGuide.service.TourGuideService       : java.lang.NullPointerException
2021-11-29 23:17:10.644 ERROR 6224 --- [    Test worker] tourGuide.service.TourGuideService       : java.lang.NullPointerException
2021-11-29 23:17:10.644 ERROR 6224 --- [    Test worker] tourGuide.service.TourGuideService       : java.lang.NullPointerException
2021-11-29 23:17:10.644 ERROR 6224 --- [    Test worker] tourGuide.service.TourGuideService       : java.lang.NullPointerException
2021-11-29 23:17:10.645 ERROR 6224 --- [    Test worker] tourGuide.service.TourGuideService       : java.lang.NullPointerException
2021-11-29 23:17:10.645 ERROR 6224 --- [    Test worker] tourGuide.service.TourGuideService       : java.lang.NullPointerException
2021-11-29 23:17:10.645 ERROR 6224 --- [    Test worker] tourGuide.service.TourGuideService       : java.lang.NullPointerException
2021-11-29 23:17:10.645 ERROR 6224 --- [    Test worker] tourGuide.service.TourGuideService       : java.lang.NullPointerException
2021-11-29 23:17:10.645 ERROR 6224 --- [    Test worker] tourGuide.service.TourGuideService       : java.lang.NullPointerException
2021-11-29 23:17:10.645 ERROR 6224 --- [    Test worker] tourGuide.service.TourGuideService       : java.lang.NullPointerException
2021-11-29 23:17:10.645 ERROR 6224 --- [    Test worker] tourGuide.service.TourGuideService       : java.lang.NullPointerException
2021-11-29 23:17:10.646 ERROR 6224 --- [    Test worker] tourGuide.service.TourGuideService       : java.lang.NullPointerException
2021-11-29 23:17:10.646 ERROR 6224 --- [    Test worker] tourGuide.service.TourGuideService       : java.lang.NullPointerException
2021-11-29 23:17:10.646 ERROR 6224 --- [    Test worker] tourGuide.service.TourGuideService       : java.lang.NullPointerException
2021-11-29 23:17:10.646 ERROR 6224 --- [    Test worker] tourGuide.service.TourGuideService       : java.lang.NullPointerException
2021-11-29 23:17:10.646 ERROR 6224 --- [    Test worker] tourGuide.service.TourGuideService       : java.lang.NullPointerException
2021-11-29 23:17:10.646 ERROR 6224 --- [    Test worker] tourGuide.service.TourGuideService       : java.lang.NullPointerException
2021-11-29 23:17:10.646 ERROR 6224 --- [    Test worker] tourGuide.service.TourGuideService       : java.lang.NullPointerException
2021-11-29 23:17:10.646 ERROR 6224 --- [    Test worker] tourGuide.service.TourGuideService       : java.lang.NullPointerException
2021-11-29 23:17:10.646 ERROR 6224 --- [    Test worker] tourGuide.service.TourGuideService       : java.lang.NullPointerException
2021-11-29 23:17:10.646 ERROR 6224 --- [    Test worker] tourGuide.service.TourGuideService       : java.lang.NullPointerException
2021-11-29 23:17:10.646 ERROR 6224 --- [    Test worker] tourGuide.service.TourGuideService       : java.lang.NullPointerException
2021-11-29 23:17:10.646 ERROR 6224 --- [    Test worker] tourGuide.service.TourGuideService       : java.lang.NullPointerException
2021-11-29 23:17:10.646 ERROR 6224 --- [    Test worker] tourGuide.service.TourGuideService       : java.lang.NullPointerException
2021-11-29 23:17:10.646 ERROR 6224 --- [    Test worker] tourGuide.service.TourGuideService       : java.lang.NullPointerException
2021-11-29 23:17:10.646 ERROR 6224 --- [    Test worker] tourGuide.service.TourGuideService       : java.lang.NullPointerException
2021-11-29 23:17:10.647 ERROR 6224 --- [    Test worker] tourGuide.service.TourGuideService       : java.lang.NullPointerException
2021-11-29 23:17:10.647 ERROR 6224 --- [    Test worker] tourGuide.service.TourGuideService       : java.lang.NullPointerException
2021-11-29 23:17:10.650 ERROR 6224 --- [    Test worker] tourGuide.service.TourGuideService       : java.lang.NullPointerException
2021-11-29 23:17:10.651 ERROR 6224 --- [    Test worker] tourGuide.service.TourGuideService       : java.lang.NullPointerException
2021-11-29 23:17:10.651 ERROR 6224 --- [    Test worker] tourGuide.service.TourGuideService       : java.lang.NullPointerException
2021-11-29 23:17:10.651 ERROR 6224 --- [    Test worker] tourGuide.service.TourGuideService       : java.lang.NullPointerException
2021-11-29 23:17:10.651 ERROR 6224 --- [    Test worker] tourGuide.service.TourGuideService       : java.lang.NullPointerException
2021-11-29 23:17:10.651 ERROR 6224 --- [    Test worker] tourGuide.service.TourGuideService       : java.lang.NullPointerException
2021-11-29 23:17:10.651 ERROR 6224 --- [    Test worker] tourGuide.service.TourGuideService       : java.lang.NullPointerException
2021-11-29 23:17:10.651 ERROR 6224 --- [    Test worker] tourGuide.service.TourGuideService       : java.lang.NullPointerException
2021-11-29 23:17:10.651 ERROR 6224 --- [    Test worker] tourGuide.service.TourGuideService       : java.lang.NullPointerException
2021-11-29 23:17:10.651 ERROR 6224 --- [    Test worker] tourGuide.service.TourGuideService       : java.lang.NullPointerException
2021-11-29 23:17:10.651 ERROR 6224 --- [    Test worker] tourGuide.service.TourGuideService       : java.lang.NullPointerException
2021-11-29 23:17:10.651 ERROR 6224 --- [    Test worker] tourGuide.service.TourGuideService       : java.lang.NullPointerException
2021-11-29 23:17:10.651 ERROR 6224 --- [    Test worker] tourGuide.service.TourGuideService       : java.lang.NullPointerException
2021-11-29 23:17:10.651 ERROR 6224 --- [    Test worker] tourGuide.service.TourGuideService       : java.lang.NullPointerException
2021-11-29 23:17:10.651 ERROR 6224 --- [    Test worker] tourGuide.service.TourGuideService       : java.lang.NullPointerException
2021-11-29 23:17:10.651 ERROR 6224 --- [    Test worker] tourGuide.service.TourGuideService       : java.lang.NullPointerException
2021-11-29 23:17:10.651 ERROR 6224 --- [    Test worker] tourGuide.service.TourGuideService       : java.lang.NullPointerException
2021-11-29 23:17:10.651 ERROR 6224 --- [    Test worker] tourGuide.service.TourGuideService       : java.lang.NullPointerException
2021-11-29 23:17:10.651 ERROR 6224 --- [    Test worker] tourGuide.service.TourGuideService       : java.lang.NullPointerException
2021-11-29 23:17:10.651 ERROR 6224 --- [    Test worker] tourGuide.service.TourGuideService       : java.lang.NullPointerException
2021-11-29 23:17:10.651 ERROR 6224 --- [    Test worker] tourGuide.service.TourGuideService       : java.lang.NullPointerException
2021-11-29 23:17:10.651 ERROR 6224 --- [    Test worker] tourGuide.service.TourGuideService       : java.lang.NullPointerException
2021-11-29 23:17:10.652 ERROR 6224 --- [    Test worker] tourGuide.service.TourGuideService       : java.lang.NullPointerException
2021-11-29 23:17:10.652 ERROR 6224 --- [    Test worker] tourGuide.service.TourGuideService       : java.lang.NullPointerException
2021-11-29 23:17:10.652 ERROR 6224 --- [    Test worker] tourGuide.service.TourGuideService       : java.lang.NullPointerException
2021-11-29 23:17:10.652 ERROR 6224 --- [    Test worker] tourGuide.service.TourGuideService       : java.lang.NullPointerException
2021-11-29 23:17:10.652 ERROR 6224 --- [    Test worker] tourGuide.service.TourGuideService       : java.lang.NullPointerException
2021-11-29 23:17:10.652 ERROR 6224 --- [    Test worker] tourGuide.service.TourGuideService       : java.lang.NullPointerException
2021-11-29 23:17:10.652 ERROR 6224 --- [    Test worker] tourGuide.service.TourGuideService       : java.lang.NullPointerException
2021-11-29 23:17:10.652 ERROR 6224 --- [    Test worker] tourGuide.service.TourGuideService       : java.lang.NullPointerException
2021-11-29 23:17:10.652 ERROR 6224 --- [    Test worker] tourGuide.service.TourGuideService       : java.lang.NullPointerException
2021-11-29 23:17:10.652 ERROR 6224 --- [    Test worker] tourGuide.service.TourGuideService       : java.lang.NullPointerException
2021-11-29 23:17:10.652 ERROR 6224 --- [    Test worker] tourGuide.service.TourGuideService       : java.lang.NullPointerException
2021-11-29 23:17:10.652 ERROR 6224 --- [    Test worker] tourGuide.service.TourGuideService       : java.lang.NullPointerException
2021-11-29 23:17:10.652 ERROR 6224 --- [    Test worker] tourGuide.service.TourGuideService       : java.lang.NullPointerException
2021-11-29 23:17:10.652 ERROR 6224 --- [    Test worker] tourGuide.service.TourGuideService       : java.lang.NullPointerException
2021-11-29 23:17:10.652 ERROR 6224 --- [    Test worker] tourGuide.service.TourGuideService       : java.lang.NullPointerException
2021-11-29 23:17:10.652 ERROR 6224 --- [    Test worker] tourGuide.service.TourGuideService       : java.lang.NullPointerException
2021-11-29 23:17:10.652 ERROR 6224 --- [    Test worker] tourGuide.service.TourGuideService       : java.lang.NullPointerException
2021-11-29 23:17:10.652 ERROR 6224 --- [    Test worker] tourGuide.service.TourGuideService       : java.lang.NullPointerException
2021-11-29 23:17:10.652 ERROR 6224 --- [    Test worker] tourGuide.service.TourGuideService       : java.lang.NullPointerException
2021-11-29 23:17:10.652 ERROR 6224 --- [    Test worker] tourGuide.service.TourGuideService       : java.lang.NullPointerException
2021-11-29 23:17:10.652 ERROR 6224 --- [    Test worker] tourGuide.service.TourGuideService       : java.lang.NullPointerException
2021-11-29 23:17:10.652 ERROR 6224 --- [    Test worker] tourGuide.service.TourGuideService       : java.lang.NullPointerException
2021-11-29 23:17:10.653 ERROR 6224 --- [    Test worker] tourGuide.service.TourGuideService       : java.lang.NullPointerException
2021-11-29 23:17:10.653 ERROR 6224 --- [    Test worker] tourGuide.service.TourGuideService       : java.lang.NullPointerException
2021-11-29 23:17:10.653 ERROR 6224 --- [    Test worker] tourGuide.service.TourGuideService       : java.lang.NullPointerException
2021-11-29 23:17:10.653 ERROR 6224 --- [    Test worker] tourGuide.service.TourGuideService       : java.lang.NullPointerException
2021-11-29 23:17:10.653 ERROR 6224 --- [    Test worker] tourGuide.service.TourGuideService       : java.lang.NullPointerException
2021-11-29 23:17:10.653 ERROR 6224 --- [    Test worker] tourGuide.service.TourGuideService       : java.lang.NullPointerException
2021-11-29 23:17:10.653 ERROR 6224 --- [    Test worker] tourGuide.service.TourGuideService       : java.lang.NullPointerException
2021-11-29 23:17:10.653 ERROR 6224 --- [    Test worker] tourGuide.service.TourGuideService       : java.lang.NullPointerException
2021-11-29 23:17:10.653 ERROR 6224 --- [    Test worker] tourGuide.service.TourGuideService       : java.lang.NullPointerException
2021-11-29 23:17:10.653 ERROR 6224 --- [    Test worker] tourGuide.service.TourGuideService       : java.lang.NullPointerException
2021-11-29 23:17:10.653 ERROR 6224 --- [    Test worker] tourGuide.service.TourGuideService       : java.lang.NullPointerException
2021-11-29 23:17:10.653 ERROR 6224 --- [    Test worker] tourGuide.service.TourGuideService       : java.lang.NullPointerException
2021-11-29 23:17:10.653 ERROR 6224 --- [    Test worker] tourGuide.service.TourGuideService       : java.lang.NullPointerException
2021-11-29 23:17:10.653 ERROR 6224 --- [    Test worker] tourGuide.service.TourGuideService       : java.lang.NullPointerException
2021-11-29 23:17:10.653 ERROR 6224 --- [    Test worker] tourGuide.service.TourGuideService       : java.lang.NullPointerException
2021-11-29 23:17:10.653 ERROR 6224 --- [    Test worker] tourGuide.service.TourGuideService       : java.lang.NullPointerException
2021-11-29 23:17:10.653 ERROR 6224 --- [    Test worker] tourGuide.service.TourGuideService       : java.lang.NullPointerException
2021-11-29 23:17:10.654 ERROR 6224 --- [    Test worker] tourGuide.service.TourGuideService       : java.lang.NullPointerException
2021-11-29 23:17:10.654 ERROR 6224 --- [    Test worker] tourGuide.service.TourGuideService       : java.lang.NullPointerException
2021-11-29 23:17:10.654 ERROR 6224 --- [    Test worker] tourGuide.service.TourGuideService       : java.lang.NullPointerException
2021-11-29 23:17:10.654 ERROR 6224 --- [    Test worker] tourGuide.service.TourGuideService       : java.lang.NullPointerException
2021-11-29 23:17:10.655 ERROR 6224 --- [    Test worker] tourGuide.service.TourGuideService       : java.lang.NullPointerException
2021-11-29 23:17:10.655 ERROR 6224 --- [    Test worker] tourGuide.service.TourGuideService       : java.lang.NullPointerException
2021-11-29 23:17:10.655 ERROR 6224 --- [    Test worker] tourGuide.service.TourGuideService       : java.lang.NullPointerException
2021-11-29 23:17:10.655 ERROR 6224 --- [    Test worker] tourGuide.service.TourGuideService       : java.lang.NullPointerException
2021-11-29 23:17:10.655 ERROR 6224 --- [    Test worker] tourGuide.service.TourGuideService       : java.lang.NullPointerException
2021-11-29 23:17:10.655 ERROR 6224 --- [    Test worker] tourGuide.service.TourGuideService       : java.lang.NullPointerException
2021-11-29 23:17:10.655 ERROR 6224 --- [    Test worker] tourGuide.service.TourGuideService       : java.lang.NullPointerException
2021-11-29 23:17:10.655 ERROR 6224 --- [    Test worker] tourGuide.service.TourGuideService       : java.lang.NullPointerException
2021-11-29 23:17:10.655 ERROR 6224 --- [    Test worker] tourGuide.service.TourGuideService       : java.lang.NullPointerException
2021-11-29 23:17:10.655 ERROR 6224 --- [    Test worker] tourGuide.service.TourGuideService       : java.lang.NullPointerException
2021-11-29 23:17:10.655 ERROR 6224 --- [    Test worker] tourGuide.service.TourGuideService       : java.lang.NullPointerException
2021-11-29 23:17:10.655 ERROR 6224 --- [    Test worker] tourGuide.service.TourGuideService       : java.lang.NullPointerException
2021-11-29 23:17:10.655 ERROR 6224 --- [    Test worker] tourGuide.service.TourGuideService       : java.lang.NullPointerException
2021-11-29 23:17:10.655 ERROR 6224 --- [    Test worker] tourGuide.service.TourGuideService       : java.lang.NullPointerException
2021-11-29 23:17:10.655 ERROR 6224 --- [    Test worker] tourGuide.service.TourGuideService       : java.lang.NullPointerException
2021-11-29 23:17:10.655 ERROR 6224 --- [    Test worker] tourGuide.service.TourGuideService       : java.lang.NullPointerException
2021-11-29 23:17:10.655 ERROR 6224 --- [    Test worker] tourGuide.service.TourGuideService       : java.lang.NullPointerException
2021-11-29 23:17:10.655 ERROR 6224 --- [    Test worker] tourGuide.service.TourGuideService       : java.lang.NullPointerException
2021-11-29 23:17:10.655 ERROR 6224 --- [    Test worker] tourGuide.service.TourGuideService       : java.lang.NullPointerException
2021-11-29 23:17:10.656 ERROR 6224 --- [    Test worker] tourGuide.service.TourGuideService       : java.lang.NullPointerException
2021-11-29 23:17:10.656 ERROR 6224 --- [    Test worker] tourGuide.service.TourGuideService       : java.lang.NullPointerException
2021-11-29 23:17:10.656 ERROR 6224 --- [    Test worker] tourGuide.service.TourGuideService       : java.lang.NullPointerException
2021-11-29 23:17:10.656 ERROR 6224 --- [    Test worker] tourGuide.service.TourGuideService       : java.lang.NullPointerException
2021-11-29 23:17:10.656 ERROR 6224 --- [    Test worker] tourGuide.service.TourGuideService       : java.lang.NullPointerException
2021-11-29 23:17:10.656 ERROR 6224 --- [    Test worker] tourGuide.service.TourGuideService       : java.lang.NullPointerException
2021-11-29 23:17:10.656 ERROR 6224 --- [    Test worker] tourGuide.service.TourGuideService       : java.lang.NullPointerException
2021-11-29 23:17:10.656 ERROR 6224 --- [    Test worker] tourGuide.service.TourGuideService       : java.lang.NullPointerException
2021-11-29 23:17:10.656 ERROR 6224 --- [    Test worker] tourGuide.service.TourGuideService       : java.lang.NullPointerException
2021-11-29 23:17:10.656 ERROR 6224 --- [    Test worker] tourGuide.service.TourGuideService       : java.lang.NullPointerException
2021-11-29 23:17:10.656 ERROR 6224 --- [    Test worker] tourGuide.service.TourGuideService       : java.lang.NullPointerException
2021-11-29 23:17:10.656 ERROR 6224 --- [    Test worker] tourGuide.service.TourGuideService       : java.lang.NullPointerException
2021-11-29 23:17:10.656 ERROR 6224 --- [    Test worker] tourGuide.service.TourGuideService       : java.lang.NullPointerException
2021-11-29 23:17:10.656 ERROR 6224 --- [    Test worker] tourGuide.service.TourGuideService       : java.lang.NullPointerException
2021-11-29 23:17:10.656 ERROR 6224 --- [    Test worker] tourGuide.service.TourGuideService       : java.lang.NullPointerException
2021-11-29 23:17:10.657 ERROR 6224 --- [    Test worker] tourGuide.service.TourGuideService       : java.lang.NullPointerException
2021-11-29 23:17:10.657 ERROR 6224 --- [    Test worker] tourGuide.service.TourGuideService       : java.lang.NullPointerException
2021-11-29 23:17:10.657 ERROR 6224 --- [    Test worker] tourGuide.service.TourGuideService       : java.lang.NullPointerException
2021-11-29 23:17:10.657 ERROR 6224 --- [    Test worker] tourGuide.service.TourGuideService       : java.lang.NullPointerException
2021-11-29 23:17:10.657 ERROR 6224 --- [    Test worker] tourGuide.service.TourGuideService       : java.lang.NullPointerException
2021-11-29 23:17:10.657 ERROR 6224 --- [    Test worker] tourGuide.service.TourGuideService       : java.lang.NullPointerException
2021-11-29 23:17:10.657 ERROR 6224 --- [    Test worker] tourGuide.service.TourGuideService       : java.lang.NullPointerException
2021-11-29 23:17:10.657 ERROR 6224 --- [    Test worker] tourGuide.service.TourGuideService       : java.lang.NullPointerException
2021-11-29 23:17:10.657 ERROR 6224 --- [    Test worker] tourGuide.service.TourGuideService       : java.lang.NullPointerException
2021-11-29 23:17:10.657 ERROR 6224 --- [    Test worker] tourGuide.service.TourGuideService       : java.lang.NullPointerException
2021-11-29 23:17:10.657 ERROR 6224 --- [    Test worker] tourGuide.service.TourGuideService       : java.lang.NullPointerException
2021-11-29 23:17:10.658 ERROR 6224 --- [    Test worker] tourGuide.service.TourGuideService       : java.lang.NullPointerException
2021-11-29 23:17:10.658 ERROR 6224 --- [    Test worker] tourGuide.service.TourGuideService       : java.lang.NullPointerException
2021-11-29 23:17:10.658 ERROR 6224 --- [    Test worker] tourGuide.service.TourGuideService       : java.lang.NullPointerException
2021-11-29 23:17:10.658 ERROR 6224 --- [    Test worker] tourGuide.service.TourGuideService       : java.lang.NullPointerException
2021-11-29 23:17:10.658 ERROR 6224 --- [    Test worker] tourGuide.service.TourGuideService       : java.lang.NullPointerException
2021-11-29 23:17:10.658 ERROR 6224 --- [    Test worker] tourGuide.service.TourGuideService       : java.lang.NullPointerException
2021-11-29 23:17:10.658 ERROR 6224 --- [    Test worker] tourGuide.service.TourGuideService       : java.lang.NullPointerException
2021-11-29 23:17:10.658 ERROR 6224 --- [    Test worker] tourGuide.service.TourGuideService       : java.lang.NullPointerException
2021-11-29 23:17:10.658 ERROR 6224 --- [    Test worker] tourGuide.service.TourGuideService       : java.lang.NullPointerException
2021-11-29 23:17:10.658 ERROR 6224 --- [    Test worker] tourGuide.service.TourGuideService       : java.lang.NullPointerException
2021-11-29 23:17:10.658 ERROR 6224 --- [    Test worker] tourGuide.service.TourGuideService       : java.lang.NullPointerException
2021-11-29 23:17:10.659 ERROR 6224 --- [    Test worker] tourGuide.service.TourGuideService       : java.lang.NullPointerException
2021-11-29 23:17:10.659 ERROR 6224 --- [    Test worker] tourGuide.service.TourGuideService       : java.lang.NullPointerException
2021-11-29 23:17:10.659 ERROR 6224 --- [    Test worker] tourGuide.service.TourGuideService       : java.lang.NullPointerException
2021-11-29 23:17:10.659 ERROR 6224 --- [    Test worker] tourGuide.service.TourGuideService       : java.lang.NullPointerException
2021-11-29 23:17:10.659 ERROR 6224 --- [    Test worker] tourGuide.service.TourGuideService       : java.lang.NullPointerException
2021-11-29 23:17:10.659 ERROR 6224 --- [    Test worker] tourGuide.service.TourGuideService       : java.lang.NullPointerException
2021-11-29 23:17:10.659 ERROR 6224 --- [    Test worker] tourGuide.service.TourGuideService       : java.lang.NullPointerException
2021-11-29 23:17:10.659 ERROR 6224 --- [    Test worker] tourGuide.service.TourGuideService       : java.lang.NullPointerException
2021-11-29 23:17:10.659 ERROR 6224 --- [    Test worker] tourGuide.service.TourGuideService       : java.lang.NullPointerException
2021-11-29 23:17:10.659 ERROR 6224 --- [    Test worker] tourGuide.service.TourGuideService       : java.lang.NullPointerException
2021-11-29 23:17:10.659 ERROR 6224 --- [    Test worker] tourGuide.service.TourGuideService       : java.lang.NullPointerException
2021-11-29 23:17:10.659 ERROR 6224 --- [    Test worker] tourGuide.service.TourGuideService       : java.lang.NullPointerException
2021-11-29 23:17:10.660 ERROR 6224 --- [    Test worker] tourGuide.service.TourGuideService       : java.lang.NullPointerException
2021-11-29 23:17:10.660 ERROR 6224 --- [    Test worker] tourGuide.service.TourGuideService       : java.lang.NullPointerException
2021-11-29 23:17:10.660 ERROR 6224 --- [    Test worker] tourGuide.service.TourGuideService       : java.lang.NullPointerException
2021-11-29 23:17:10.660 ERROR 6224 --- [    Test worker] tourGuide.service.TourGuideService       : java.lang.NullPointerException
2021-11-29 23:17:10.660 ERROR 6224 --- [    Test worker] tourGuide.service.TourGuideService       : java.lang.NullPointerException
2021-11-29 23:17:10.660 ERROR 6224 --- [    Test worker] tourGuide.service.TourGuideService       : java.lang.NullPointerException
2021-11-29 23:17:10.660 ERROR 6224 --- [    Test worker] tourGuide.service.TourGuideService       : java.lang.NullPointerException
2021-11-29 23:17:10.660 ERROR 6224 --- [    Test worker] tourGuide.service.TourGuideService       : java.lang.NullPointerException
2021-11-29 23:17:10.660 ERROR 6224 --- [    Test worker] tourGuide.service.TourGuideService       : java.lang.NullPointerException
2021-11-29 23:17:10.660 ERROR 6224 --- [    Test worker] tourGuide.service.TourGuideService       : java.lang.NullPointerException
2021-11-29 23:17:10.661 ERROR 6224 --- [    Test worker] tourGuide.service.TourGuideService       : java.lang.NullPointerException
2021-11-29 23:17:10.661 ERROR 6224 --- [    Test worker] tourGuide.service.TourGuideService       : java.lang.NullPointerException
2021-11-29 23:17:10.661 ERROR 6224 --- [    Test worker] tourGuide.service.TourGuideService       : java.lang.NullPointerException
2021-11-29 23:17:10.661 ERROR 6224 --- [    Test worker] tourGuide.service.TourGuideService       : java.lang.NullPointerException
2021-11-29 23:17:10.661 ERROR 6224 --- [    Test worker] tourGuide.service.TourGuideService       : java.lang.NullPointerException
2021-11-29 23:17:10.661 ERROR 6224 --- [    Test worker] tourGuide.service.TourGuideService       : java.lang.NullPointerException
2021-11-29 23:17:10.661 ERROR 6224 --- [    Test worker] tourGuide.service.TourGuideService       : java.lang.NullPointerException
2021-11-29 23:17:10.661 ERROR 6224 --- [    Test worker] tourGuide.service.TourGuideService       : java.lang.NullPointerException
2021-11-29 23:17:10.661 ERROR 6224 --- [    Test worker] tourGuide.service.TourGuideService       : java.lang.NullPointerException
2021-11-29 23:17:10.661 ERROR 6224 --- [    Test worker] tourGuide.service.TourGuideService       : java.lang.NullPointerException
2021-11-29 23:17:10.661 ERROR 6224 --- [    Test worker] tourGuide.service.TourGuideService       : java.lang.NullPointerException
2021-11-29 23:17:10.661 ERROR 6224 --- [    Test worker] tourGuide.service.TourGuideService       : java.lang.NullPointerException
2021-11-29 23:17:10.661 ERROR 6224 --- [    Test worker] tourGuide.service.TourGuideService       : java.lang.NullPointerException
2021-11-29 23:17:10.661 ERROR 6224 --- [    Test worker] tourGuide.service.TourGuideService       : java.lang.NullPointerException
2021-11-29 23:17:10.661 ERROR 6224 --- [    Test worker] tourGuide.service.TourGuideService       : java.lang.NullPointerException
2021-11-29 23:17:10.661 ERROR 6224 --- [    Test worker] tourGuide.service.TourGuideService       : java.lang.NullPointerException
2021-11-29 23:17:10.662 ERROR 6224 --- [    Test worker] tourGuide.service.TourGuideService       : java.lang.NullPointerException
2021-11-29 23:17:10.662 ERROR 6224 --- [    Test worker] tourGuide.service.TourGuideService       : java.lang.NullPointerException
2021-11-29 23:17:10.662 ERROR 6224 --- [    Test worker] tourGuide.service.TourGuideService       : java.lang.NullPointerException
2021-11-29 23:17:10.662 ERROR 6224 --- [    Test worker] tourGuide.service.TourGuideService       : java.lang.NullPointerException
2021-11-29 23:17:10.662 ERROR 6224 --- [    Test worker] tourGuide.service.TourGuideService       : java.lang.NullPointerException
2021-11-29 23:17:10.662 ERROR 6224 --- [    Test worker] tourGuide.service.TourGuideService       : java.lang.NullPointerException
2021-11-29 23:17:10.662 ERROR 6224 --- [    Test worker] tourGuide.service.TourGuideService       : java.lang.NullPointerException
2021-11-29 23:17:10.662 ERROR 6224 --- [    Test worker] tourGuide.service.TourGuideService       : java.lang.NullPointerException
2021-11-29 23:17:10.662 ERROR 6224 --- [    Test worker] tourGuide.service.TourGuideService       : java.lang.NullPointerException
2021-11-29 23:17:10.662 ERROR 6224 --- [    Test worker] tourGuide.service.TourGuideService       : java.lang.NullPointerException
2021-11-29 23:17:10.662 ERROR 6224 --- [    Test worker] tourGuide.service.TourGuideService       : java.lang.NullPointerException
2021-11-29 23:17:10.662 ERROR 6224 --- [    Test worker] tourGuide.service.TourGuideService       : java.lang.NullPointerException
2021-11-29 23:17:10.662 ERROR 6224 --- [    Test worker] tourGuide.service.TourGuideService       : java.lang.NullPointerException
2021-11-29 23:17:10.662 ERROR 6224 --- [    Test worker] tourGuide.service.TourGuideService       : java.lang.NullPointerException
2021-11-29 23:17:10.662 ERROR 6224 --- [    Test worker] tourGuide.service.TourGuideService       : java.lang.NullPointerException
2021-11-29 23:17:10.662 ERROR 6224 --- [    Test worker] tourGuide.service.TourGuideService       : java.lang.NullPointerException
2021-11-29 23:17:10.662 ERROR 6224 --- [    Test worker] tourGuide.service.TourGuideService       : java.lang.NullPointerException
2021-11-29 23:17:10.662 ERROR 6224 --- [    Test worker] tourGuide.service.TourGuideService       : java.lang.NullPointerException
2021-11-29 23:17:10.663 ERROR 6224 --- [    Test worker] tourGuide.service.TourGuideService       : java.lang.NullPointerException
2021-11-29 23:17:10.663 ERROR 6224 --- [    Test worker] tourGuide.service.TourGuideService       : java.lang.NullPointerException
2021-11-29 23:17:10.663 ERROR 6224 --- [    Test worker] tourGuide.service.TourGuideService       : java.lang.NullPointerException
2021-11-29 23:17:10.663 ERROR 6224 --- [    Test worker] tourGuide.service.TourGuideService       : java.lang.NullPointerException
2021-11-29 23:17:10.663 ERROR 6224 --- [    Test worker] tourGuide.service.TourGuideService       : java.lang.NullPointerException
2021-11-29 23:17:10.663 ERROR 6224 --- [    Test worker] tourGuide.service.TourGuideService       : java.lang.NullPointerException
2021-11-29 23:17:10.663 ERROR 6224 --- [    Test worker] tourGuide.service.TourGuideService       : java.lang.NullPointerException
2021-11-29 23:17:10.663 ERROR 6224 --- [    Test worker] tourGuide.service.TourGuideService       : java.lang.NullPointerException
2021-11-29 23:17:10.663 ERROR 6224 --- [    Test worker] tourGuide.service.TourGuideService       : java.lang.NullPointerException
2021-11-29 23:17:10.663 ERROR 6224 --- [    Test worker] tourGuide.service.TourGuideService       : java.lang.NullPointerException
2021-11-29 23:17:10.663 ERROR 6224 --- [    Test worker] tourGuide.service.TourGuideService       : java.lang.NullPointerException
2021-11-29 23:17:10.663 ERROR 6224 --- [    Test worker] tourGuide.service.TourGuideService       : java.lang.NullPointerException
2021-11-29 23:17:10.666 ERROR 6224 --- [    Test worker] tourGuide.service.TourGuideService       : java.lang.NullPointerException
2021-11-29 23:17:10.666 ERROR 6224 --- [    Test worker] tourGuide.service.TourGuideService       : java.lang.NullPointerException
2021-11-29 23:17:10.666 ERROR 6224 --- [    Test worker] tourGuide.service.TourGuideService       : java.lang.NullPointerException
2021-11-29 23:17:10.666 ERROR 6224 --- [    Test worker] tourGuide.service.TourGuideService       : java.lang.NullPointerException
2021-11-29 23:17:10.666 ERROR 6224 --- [    Test worker] tourGuide.service.TourGuideService       : java.lang.NullPointerException
2021-11-29 23:17:10.666 ERROR 6224 --- [    Test worker] tourGuide.service.TourGuideService       : java.lang.NullPointerException
2021-11-29 23:17:10.667 ERROR 6224 --- [    Test worker] tourGuide.service.TourGuideService       : java.lang.NullPointerException
2021-11-29 23:17:10.667 ERROR 6224 --- [    Test worker] tourGuide.service.TourGuideService       : java.lang.NullPointerException
2021-11-29 23:17:10.667 ERROR 6224 --- [    Test worker] tourGuide.service.TourGuideService       : java.lang.NullPointerException
2021-11-29 23:17:10.667 ERROR 6224 --- [    Test worker] tourGuide.service.TourGuideService       : java.lang.NullPointerException
2021-11-29 23:17:10.667 ERROR 6224 --- [    Test worker] tourGuide.service.TourGuideService       : java.lang.NullPointerException
2021-11-29 23:17:10.667 ERROR 6224 --- [    Test worker] tourGuide.service.TourGuideService       : java.lang.NullPointerException
2021-11-29 23:17:10.667 ERROR 6224 --- [    Test worker] tourGuide.service.TourGuideService       : java.lang.NullPointerException
2021-11-29 23:17:10.667 ERROR 6224 --- [    Test worker] tourGuide.service.TourGuideService       : java.lang.NullPointerException
2021-11-29 23:17:10.667 ERROR 6224 --- [    Test worker] tourGuide.service.TourGuideService       : java.lang.NullPointerException
2021-11-29 23:17:10.667 ERROR 6224 --- [    Test worker] tourGuide.service.TourGuideService       : java.lang.NullPointerException
2021-11-29 23:17:10.668 ERROR 6224 --- [    Test worker] tourGuide.service.TourGuideService       : java.lang.NullPointerException
2021-11-29 23:17:10.668 ERROR 6224 --- [    Test worker] tourGuide.service.TourGuideService       : java.lang.NullPointerException
2021-11-29 23:17:10.668 ERROR 6224 --- [    Test worker] tourGuide.service.TourGuideService       : java.lang.NullPointerException
2021-11-29 23:17:10.668 ERROR 6224 --- [    Test worker] tourGuide.service.TourGuideService       : java.lang.NullPointerException
2021-11-29 23:17:10.668 ERROR 6224 --- [    Test worker] tourGuide.service.TourGuideService       : java.lang.NullPointerException
2021-11-29 23:17:10.668 ERROR 6224 --- [    Test worker] tourGuide.service.TourGuideService       : java.lang.NullPointerException
2021-11-29 23:17:10.668 ERROR 6224 --- [    Test worker] tourGuide.service.TourGuideService       : java.lang.NullPointerException
2021-11-29 23:17:10.668 ERROR 6224 --- [    Test worker] tourGuide.service.TourGuideService       : java.lang.NullPointerException
2021-11-29 23:17:10.668 ERROR 6224 --- [    Test worker] tourGuide.service.TourGuideService       : java.lang.NullPointerException
2021-11-29 23:17:10.668 ERROR 6224 --- [    Test worker] tourGuide.service.TourGuideService       : java.lang.NullPointerException
2021-11-29 23:17:10.668 ERROR 6224 --- [    Test worker] tourGuide.service.TourGuideService       : java.lang.NullPointerException
2021-11-29 23:17:10.668 ERROR 6224 --- [    Test worker] tourGuide.service.TourGuideService       : java.lang.NullPointerException
2021-11-29 23:17:10.668 ERROR 6224 --- [    Test worker] tourGuide.service.TourGuideService       : java.lang.NullPointerException
2021-11-29 23:17:10.668 ERROR 6224 --- [    Test worker] tourGuide.service.TourGuideService       : java.lang.NullPointerException
2021-11-29 23:17:10.668 ERROR 6224 --- [    Test worker] tourGuide.service.TourGuideService       : java.lang.NullPointerException
2021-11-29 23:17:10.668 ERROR 6224 --- [    Test worker] tourGuide.service.TourGuideService       : java.lang.NullPointerException
2021-11-29 23:17:10.668 ERROR 6224 --- [    Test worker] tourGuide.service.TourGuideService       : java.lang.NullPointerException
2021-11-29 23:17:10.668 ERROR 6224 --- [    Test worker] tourGuide.service.TourGuideService       : java.lang.NullPointerException
2021-11-29 23:17:10.669 ERROR 6224 --- [    Test worker] tourGuide.service.TourGuideService       : java.lang.NullPointerException
2021-11-29 23:17:10.669 ERROR 6224 --- [    Test worker] tourGuide.service.TourGuideService       : java.lang.NullPointerException
2021-11-29 23:17:10.669 ERROR 6224 --- [    Test worker] tourGuide.service.TourGuideService       : java.lang.NullPointerException
2021-11-29 23:17:10.669 ERROR 6224 --- [    Test worker] tourGuide.service.TourGuideService       : java.lang.NullPointerException
2021-11-29 23:17:10.669 ERROR 6224 --- [    Test worker] tourGuide.service.TourGuideService       : java.lang.NullPointerException
2021-11-29 23:17:10.669 ERROR 6224 --- [    Test worker] tourGuide.service.TourGuideService       : java.lang.NullPointerException
2021-11-29 23:17:10.669 ERROR 6224 --- [    Test worker] tourGuide.service.TourGuideService       : java.lang.NullPointerException
2021-11-29 23:17:10.669 ERROR 6224 --- [    Test worker] tourGuide.service.TourGuideService       : java.lang.NullPointerException
2021-11-29 23:17:10.669 ERROR 6224 --- [    Test worker] tourGuide.service.TourGuideService       : java.lang.NullPointerException
2021-11-29 23:17:10.669 ERROR 6224 --- [    Test worker] tourGuide.service.TourGuideService       : java.lang.NullPointerException
2021-11-29 23:17:10.669 ERROR 6224 --- [    Test worker] tourGuide.service.TourGuideService       : java.lang.NullPointerException
2021-11-29 23:17:10.669 ERROR 6224 --- [    Test worker] tourGuide.service.TourGuideService       : java.lang.NullPointerException
2021-11-29 23:17:10.669 ERROR 6224 --- [    Test worker] tourGuide.service.TourGuideService       : java.lang.NullPointerException
2021-11-29 23:17:10.669 ERROR 6224 --- [    Test worker] tourGuide.service.TourGuideService       : java.lang.NullPointerException
2021-11-29 23:17:10.669 ERROR 6224 --- [    Test worker] tourGuide.service.TourGuideService       : java.lang.NullPointerException
2021-11-29 23:17:10.669 ERROR 6224 --- [    Test worker] tourGuide.service.TourGuideService       : java.lang.NullPointerException
2021-11-29 23:17:10.669 ERROR 6224 --- [    Test worker] tourGuide.service.TourGuideService       : java.lang.NullPointerException
2021-11-29 23:17:10.670 ERROR 6224 --- [    Test worker] tourGuide.service.TourGuideService       : java.lang.NullPointerException
2021-11-29 23:17:10.670 ERROR 6224 --- [    Test worker] tourGuide.service.TourGuideService       : java.lang.NullPointerException
2021-11-29 23:17:10.670 ERROR 6224 --- [    Test worker] tourGuide.service.TourGuideService       : java.lang.NullPointerException
2021-11-29 23:17:10.670 ERROR 6224 --- [    Test worker] tourGuide.service.TourGuideService       : java.lang.NullPointerException
2021-11-29 23:17:10.670 ERROR 6224 --- [    Test worker] tourGuide.service.TourGuideService       : java.lang.NullPointerException
2021-11-29 23:17:10.670 ERROR 6224 --- [    Test worker] tourGuide.service.TourGuideService       : java.lang.NullPointerException
2021-11-29 23:17:10.670 ERROR 6224 --- [    Test worker] tourGuide.service.TourGuideService       : java.lang.NullPointerException
2021-11-29 23:17:10.670 ERROR 6224 --- [    Test worker] tourGuide.service.TourGuideService       : java.lang.NullPointerException
2021-11-29 23:17:10.670 ERROR 6224 --- [    Test worker] tourGuide.service.TourGuideService       : java.lang.NullPointerException
2021-11-29 23:17:10.670 ERROR 6224 --- [    Test worker] tourGuide.service.TourGuideService       : java.lang.NullPointerException
2021-11-29 23:17:10.670 ERROR 6224 --- [    Test worker] tourGuide.service.TourGuideService       : java.lang.NullPointerException
2021-11-29 23:17:10.670 ERROR 6224 --- [    Test worker] tourGuide.service.TourGuideService       : java.lang.NullPointerException
2021-11-29 23:17:10.670 ERROR 6224 --- [    Test worker] tourGuide.service.TourGuideService       : java.lang.NullPointerException
2021-11-29 23:17:10.670 ERROR 6224 --- [    Test worker] tourGuide.service.TourGuideService       : java.lang.NullPointerException
2021-11-29 23:17:10.670 ERROR 6224 --- [    Test worker] tourGuide.service.TourGuideService       : java.lang.NullPointerException
2021-11-29 23:17:10.670 ERROR 6224 --- [    Test worker] tourGuide.service.TourGuideService       : java.lang.NullPointerException
2021-11-29 23:17:10.670 ERROR 6224 --- [    Test worker] tourGuide.service.TourGuideService       : java.lang.NullPointerException
2021-11-29 23:17:10.671 ERROR 6224 --- [    Test worker] tourGuide.service.TourGuideService       : java.lang.NullPointerException
2021-11-29 23:17:10.671 ERROR 6224 --- [    Test worker] tourGuide.service.TourGuideService       : java.lang.NullPointerException
2021-11-29 23:17:10.671 ERROR 6224 --- [    Test worker] tourGuide.service.TourGuideService       : java.lang.NullPointerException
2021-11-29 23:17:10.671 ERROR 6224 --- [    Test worker] tourGuide.service.TourGuideService       : java.lang.NullPointerException
2021-11-29 23:17:10.671 ERROR 6224 --- [    Test worker] tourGuide.service.TourGuideService       : java.lang.NullPointerException
2021-11-29 23:17:10.671 ERROR 6224 --- [    Test worker] tourGuide.service.TourGuideService       : java.lang.NullPointerException
2021-11-29 23:17:10.671 ERROR 6224 --- [    Test worker] tourGuide.service.TourGuideService       : java.lang.NullPointerException
2021-11-29 23:17:10.671 ERROR 6224 --- [    Test worker] tourGuide.service.TourGuideService       : java.lang.NullPointerException
2021-11-29 23:17:10.671 ERROR 6224 --- [    Test worker] tourGuide.service.TourGuideService       : java.lang.NullPointerException
2021-11-29 23:17:10.671 ERROR 6224 --- [    Test worker] tourGuide.service.TourGuideService       : java.lang.NullPointerException
2021-11-29 23:17:10.671 ERROR 6224 --- [    Test worker] tourGuide.service.TourGuideService       : java.lang.NullPointerException
2021-11-29 23:17:10.671 ERROR 6224 --- [    Test worker] tourGuide.service.TourGuideService       : java.lang.NullPointerException
2021-11-29 23:17:10.671 ERROR 6224 --- [    Test worker] tourGuide.service.TourGuideService       : java.lang.NullPointerException
2021-11-29 23:17:10.671 ERROR 6224 --- [    Test worker] tourGuide.service.TourGuideService       : java.lang.NullPointerException
2021-11-29 23:17:10.671 ERROR 6224 --- [    Test worker] tourGuide.service.TourGuideService       : java.lang.NullPointerException
2021-11-29 23:17:10.671 ERROR 6224 --- [    Test worker] tourGuide.service.TourGuideService       : java.lang.NullPointerException
2021-11-29 23:17:10.671 ERROR 6224 --- [    Test worker] tourGuide.service.TourGuideService       : java.lang.NullPointerException
2021-11-29 23:17:10.671 ERROR 6224 --- [    Test worker] tourGuide.service.TourGuideService       : java.lang.NullPointerException
2021-11-29 23:17:10.672 ERROR 6224 --- [    Test worker] tourGuide.service.TourGuideService       : java.lang.NullPointerException
2021-11-29 23:17:10.672 ERROR 6224 --- [    Test worker] tourGuide.service.TourGuideService       : java.lang.NullPointerException
2021-11-29 23:17:10.672 ERROR 6224 --- [    Test worker] tourGuide.service.TourGuideService       : java.lang.NullPointerException
2021-11-29 23:17:10.672 ERROR 6224 --- [    Test worker] tourGuide.service.TourGuideService       : java.lang.NullPointerException
2021-11-29 23:17:10.672 ERROR 6224 --- [    Test worker] tourGuide.service.TourGuideService       : java.lang.NullPointerException
2021-11-29 23:17:10.672 ERROR 6224 --- [    Test worker] tourGuide.service.TourGuideService       : java.lang.NullPointerException
2021-11-29 23:17:10.672 ERROR 6224 --- [    Test worker] tourGuide.service.TourGuideService       : java.lang.NullPointerException
2021-11-29 23:17:10.672 ERROR 6224 --- [    Test worker] tourGuide.service.TourGuideService       : java.lang.NullPointerException
2021-11-29 23:17:10.672 ERROR 6224 --- [    Test worker] tourGuide.service.TourGuideService       : java.lang.NullPointerException
2021-11-29 23:17:10.672 ERROR 6224 --- [    Test worker] tourGuide.service.TourGuideService       : java.lang.NullPointerException
2021-11-29 23:17:10.672 ERROR 6224 --- [    Test worker] tourGuide.service.TourGuideService       : java.lang.NullPointerException
2021-11-29 23:17:10.672 ERROR 6224 --- [    Test worker] tourGuide.service.TourGuideService       : java.lang.NullPointerException
2021-11-29 23:17:10.672 ERROR 6224 --- [    Test worker] tourGuide.service.TourGuideService       : java.lang.NullPointerException
2021-11-29 23:17:10.672 ERROR 6224 --- [    Test worker] tourGuide.service.TourGuideService       : java.lang.NullPointerException
2021-11-29 23:17:10.672 ERROR 6224 --- [    Test worker] tourGuide.service.TourGuideService       : java.lang.NullPointerException
2021-11-29 23:17:10.672 ERROR 6224 --- [    Test worker] tourGuide.service.TourGuideService       : java.lang.NullPointerException
2021-11-29 23:17:10.672 ERROR 6224 --- [    Test worker] tourGuide.service.TourGuideService       : java.lang.NullPointerException
2021-11-29 23:17:10.673 ERROR 6224 --- [    Test worker] tourGuide.service.TourGuideService       : java.lang.NullPointerException
2021-11-29 23:17:10.673 ERROR 6224 --- [    Test worker] tourGuide.service.TourGuideService       : java.lang.NullPointerException
2021-11-29 23:17:10.673 ERROR 6224 --- [    Test worker] tourGuide.service.TourGuideService       : java.lang.NullPointerException
2021-11-29 23:17:10.673 ERROR 6224 --- [    Test worker] tourGuide.service.TourGuideService       : java.lang.NullPointerException
2021-11-29 23:17:10.673 ERROR 6224 --- [    Test worker] tourGuide.service.TourGuideService       : java.lang.NullPointerException
2021-11-29 23:17:10.673 ERROR 6224 --- [    Test worker] tourGuide.service.TourGuideService       : java.lang.NullPointerException
2021-11-29 23:17:10.673 ERROR 6224 --- [    Test worker] tourGuide.service.TourGuideService       : java.lang.NullPointerException
2021-11-29 23:17:10.673 ERROR 6224 --- [    Test worker] tourGuide.service.TourGuideService       : java.lang.NullPointerException
2021-11-29 23:17:10.673 ERROR 6224 --- [    Test worker] tourGuide.service.TourGuideService       : java.lang.NullPointerException
2021-11-29 23:17:10.673 ERROR 6224 --- [    Test worker] tourGuide.service.TourGuideService       : java.lang.NullPointerException
2021-11-29 23:17:10.673 ERROR 6224 --- [    Test worker] tourGuide.service.TourGuideService       : java.lang.NullPointerException
2021-11-29 23:17:10.673 ERROR 6224 --- [    Test worker] tourGuide.service.TourGuideService       : java.lang.NullPointerException
2021-11-29 23:17:10.673 ERROR 6224 --- [    Test worker] tourGuide.service.TourGuideService       : java.lang.NullPointerException
2021-11-29 23:17:10.673 ERROR 6224 --- [    Test worker] tourGuide.service.TourGuideService       : java.lang.NullPointerException
2021-11-29 23:17:10.673 ERROR 6224 --- [    Test worker] tourGuide.service.TourGuideService       : java.lang.NullPointerException
2021-11-29 23:17:10.673 ERROR 6224 --- [    Test worker] tourGuide.service.TourGuideService       : java.lang.NullPointerException
2021-11-29 23:17:10.674 ERROR 6224 --- [    Test worker] tourGuide.service.TourGuideService       : java.lang.NullPointerException
2021-11-29 23:17:10.674 ERROR 6224 --- [    Test worker] tourGuide.service.TourGuideService       : java.lang.NullPointerException
2021-11-29 23:17:10.674 ERROR 6224 --- [    Test worker] tourGuide.service.TourGuideService       : java.lang.NullPointerException
2021-11-29 23:17:10.674 ERROR 6224 --- [    Test worker] tourGuide.service.TourGuideService       : java.lang.NullPointerException
2021-11-29 23:17:10.674 ERROR 6224 --- [    Test worker] tourGuide.service.TourGuideService       : java.lang.NullPointerException
2021-11-29 23:17:10.674 ERROR 6224 --- [    Test worker] tourGuide.service.TourGuideService       : java.lang.NullPointerException
2021-11-29 23:17:10.674 ERROR 6224 --- [    Test worker] tourGuide.service.TourGuideService       : java.lang.NullPointerException
2021-11-29 23:17:10.674 ERROR 6224 --- [    Test worker] tourGuide.service.TourGuideService       : java.lang.NullPointerException
2021-11-29 23:17:10.674 ERROR 6224 --- [    Test worker] tourGuide.service.TourGuideService       : java.lang.NullPointerException
2021-11-29 23:17:10.674 ERROR 6224 --- [    Test worker] tourGuide.service.TourGuideService       : java.lang.NullPointerException
2021-11-29 23:17:10.674 ERROR 6224 --- [    Test worker] tourGuide.service.TourGuideService       : java.lang.NullPointerException
2021-11-29 23:17:10.674 ERROR 6224 --- [    Test worker] tourGuide.service.TourGuideService       : java.lang.NullPointerException
2021-11-29 23:17:10.675 ERROR 6224 --- [    Test worker] tourGuide.service.TourGuideService       : java.lang.NullPointerException
2021-11-29 23:17:10.675 ERROR 6224 --- [    Test worker] tourGuide.service.TourGuideService       : java.lang.NullPointerException
2021-11-29 23:17:10.675 ERROR 6224 --- [    Test worker] tourGuide.service.TourGuideService       : java.lang.NullPointerException
2021-11-29 23:17:10.675 ERROR 6224 --- [    Test worker] tourGuide.service.TourGuideService       : java.lang.NullPointerException
2021-11-29 23:17:10.675 ERROR 6224 --- [    Test worker] tourGuide.service.TourGuideService       : java.lang.NullPointerException
2021-11-29 23:17:10.675 ERROR 6224 --- [    Test worker] tourGuide.service.TourGuideService       : java.lang.NullPointerException
2021-11-29 23:17:10.675 ERROR 6224 --- [    Test worker] tourGuide.service.TourGuideService       : java.lang.NullPointerException
2021-11-29 23:17:10.675 ERROR 6224 --- [    Test worker] tourGuide.service.TourGuideService       : java.lang.NullPointerException
2021-11-29 23:17:10.675 ERROR 6224 --- [    Test worker] tourGuide.service.TourGuideService       : java.lang.NullPointerException
2021-11-29 23:17:10.675 ERROR 6224 --- [    Test worker] tourGuide.service.TourGuideService       : java.lang.NullPointerException
2021-11-29 23:17:10.675 ERROR 6224 --- [    Test worker] tourGuide.service.TourGuideService       : java.lang.NullPointerException
2021-11-29 23:17:10.675 ERROR 6224 --- [    Test worker] tourGuide.service.TourGuideService       : java.lang.NullPointerException
2021-11-29 23:17:10.675 ERROR 6224 --- [    Test worker] tourGuide.service.TourGuideService       : java.lang.NullPointerException
2021-11-29 23:17:10.675 ERROR 6224 --- [    Test worker] tourGuide.service.TourGuideService       : java.lang.NullPointerException
2021-11-29 23:17:10.675 ERROR 6224 --- [    Test worker] tourGuide.service.TourGuideService       : java.lang.NullPointerException
2021-11-29 23:17:10.675 ERROR 6224 --- [    Test worker] tourGuide.service.TourGuideService       : java.lang.NullPointerException
2021-11-29 23:17:10.675 ERROR 6224 --- [    Test worker] tourGuide.service.TourGuideService       : java.lang.NullPointerException
2021-11-29 23:17:10.675 ERROR 6224 --- [    Test worker] tourGuide.service.TourGuideService       : java.lang.NullPointerException
2021-11-29 23:17:10.675 ERROR 6224 --- [    Test worker] tourGuide.service.TourGuideService       : java.lang.NullPointerException
2021-11-29 23:17:10.675 ERROR 6224 --- [    Test worker] tourGuide.service.TourGuideService       : java.lang.NullPointerException
2021-11-29 23:17:10.675 ERROR 6224 --- [    Test worker] tourGuide.service.TourGuideService       : java.lang.NullPointerException
2021-11-29 23:17:10.675 ERROR 6224 --- [    Test worker] tourGuide.service.TourGuideService       : java.lang.NullPointerException
2021-11-29 23:17:10.676 ERROR 6224 --- [    Test worker] tourGuide.service.TourGuideService       : java.lang.NullPointerException
2021-11-29 23:17:10.676 ERROR 6224 --- [    Test worker] tourGuide.service.TourGuideService       : java.lang.NullPointerException
2021-11-29 23:17:10.676 ERROR 6224 --- [    Test worker] tourGuide.service.TourGuideService       : java.lang.NullPointerException
2021-11-29 23:17:10.676 ERROR 6224 --- [    Test worker] tourGuide.service.TourGuideService       : java.lang.NullPointerException
2021-11-29 23:17:10.676 ERROR 6224 --- [    Test worker] tourGuide.service.TourGuideService       : java.lang.NullPointerException
2021-11-29 23:17:10.676 ERROR 6224 --- [    Test worker] tourGuide.service.TourGuideService       : java.lang.NullPointerException
2021-11-29 23:17:10.676 ERROR 6224 --- [    Test worker] tourGuide.service.TourGuideService       : java.lang.NullPointerException
2021-11-29 23:17:10.676 ERROR 6224 --- [    Test worker] tourGuide.service.TourGuideService       : java.lang.NullPointerException
2021-11-29 23:17:10.676 ERROR 6224 --- [    Test worker] tourGuide.service.TourGuideService       : java.lang.NullPointerException
2021-11-29 23:17:10.676 ERROR 6224 --- [    Test worker] tourGuide.service.TourGuideService       : java.lang.NullPointerException
2021-11-29 23:17:10.676 ERROR 6224 --- [    Test worker] tourGuide.service.TourGuideService       : java.lang.NullPointerException
2021-11-29 23:17:10.676 ERROR 6224 --- [    Test worker] tourGuide.service.TourGuideService       : java.lang.NullPointerException
2021-11-29 23:17:10.676 ERROR 6224 --- [    Test worker] tourGuide.service.TourGuideService       : java.lang.NullPointerException
2021-11-29 23:17:10.676 ERROR 6224 --- [    Test worker] tourGuide.service.TourGuideService       : java.lang.NullPointerException
2021-11-29 23:17:10.676 ERROR 6224 --- [    Test worker] tourGuide.service.TourGuideService       : java.lang.NullPointerException
2021-11-29 23:17:10.676 ERROR 6224 --- [    Test worker] tourGuide.service.TourGuideService       : java.lang.NullPointerException
2021-11-29 23:17:10.676 ERROR 6224 --- [    Test worker] tourGuide.service.TourGuideService       : java.lang.NullPointerException
2021-11-29 23:17:10.676 ERROR 6224 --- [    Test worker] tourGuide.service.TourGuideService       : java.lang.NullPointerException
2021-11-29 23:17:10.676 ERROR 6224 --- [    Test worker] tourGuide.service.TourGuideService       : java.lang.NullPointerException
2021-11-29 23:17:10.676 ERROR 6224 --- [    Test worker] tourGuide.service.TourGuideService       : java.lang.NullPointerException
2021-11-29 23:17:10.676 ERROR 6224 --- [    Test worker] tourGuide.service.TourGuideService       : java.lang.NullPointerException
2021-11-29 23:17:10.676 ERROR 6224 --- [    Test worker] tourGuide.service.TourGuideService       : java.lang.NullPointerException
2021-11-29 23:17:10.676 ERROR 6224 --- [    Test worker] tourGuide.service.TourGuideService       : java.lang.NullPointerException
2021-11-29 23:17:10.676 ERROR 6224 --- [    Test worker] tourGuide.service.TourGuideService       : java.lang.NullPointerException
2021-11-29 23:17:10.677 ERROR 6224 --- [    Test worker] tourGuide.service.TourGuideService       : java.lang.NullPointerException
2021-11-29 23:17:10.677 ERROR 6224 --- [    Test worker] tourGuide.service.TourGuideService       : java.lang.NullPointerException
2021-11-29 23:17:10.677 ERROR 6224 --- [    Test worker] tourGuide.service.TourGuideService       : java.lang.NullPointerException
2021-11-29 23:17:10.677 ERROR 6224 --- [    Test worker] tourGuide.service.TourGuideService       : java.lang.NullPointerException
2021-11-29 23:17:10.677 ERROR 6224 --- [    Test worker] tourGuide.service.TourGuideService       : java.lang.NullPointerException
2021-11-29 23:17:10.677 ERROR 6224 --- [    Test worker] tourGuide.service.TourGuideService       : java.lang.NullPointerException
2021-11-29 23:17:10.677 ERROR 6224 --- [    Test worker] tourGuide.service.TourGuideService       : java.lang.NullPointerException
2021-11-29 23:17:10.677 ERROR 6224 --- [    Test worker] tourGuide.service.TourGuideService       : java.lang.NullPointerException
2021-11-29 23:17:10.677 ERROR 6224 --- [    Test worker] tourGuide.service.TourGuideService       : java.lang.NullPointerException
2021-11-29 23:17:10.677 ERROR 6224 --- [    Test worker] tourGuide.service.TourGuideService       : java.lang.NullPointerException
2021-11-29 23:17:10.677 ERROR 6224 --- [    Test worker] tourGuide.service.TourGuideService       : java.lang.NullPointerException
2021-11-29 23:17:10.677 ERROR 6224 --- [    Test worker] tourGuide.service.TourGuideService       : java.lang.NullPointerException
2021-11-29 23:17:10.677 ERROR 6224 --- [    Test worker] tourGuide.service.TourGuideService       : java.lang.NullPointerException
2021-11-29 23:17:10.677 ERROR 6224 --- [    Test worker] tourGuide.service.TourGuideService       : java.lang.NullPointerException
2021-11-29 23:17:10.677 ERROR 6224 --- [    Test worker] tourGuide.service.TourGuideService       : java.lang.NullPointerException
2021-11-29 23:17:10.677 ERROR 6224 --- [    Test worker] tourGuide.service.TourGuideService       : java.lang.NullPointerException
2021-11-29 23:17:10.677 ERROR 6224 --- [    Test worker] tourGuide.service.TourGuideService       : java.lang.NullPointerException
2021-11-29 23:17:10.677 ERROR 6224 --- [    Test worker] tourGuide.service.TourGuideService       : java.lang.NullPointerException
2021-11-29 23:17:10.677 ERROR 6224 --- [    Test worker] tourGuide.service.TourGuideService       : java.lang.NullPointerException
2021-11-29 23:17:10.677 ERROR 6224 --- [    Test worker] tourGuide.service.TourGuideService       : java.lang.NullPointerException
2021-11-29 23:17:10.677 ERROR 6224 --- [    Test worker] tourGuide.service.TourGuideService       : java.lang.NullPointerException
2021-11-29 23:17:10.678 ERROR 6224 --- [    Test worker] tourGuide.service.TourGuideService       : java.lang.NullPointerException
2021-11-29 23:17:10.678 ERROR 6224 --- [    Test worker] tourGuide.service.TourGuideService       : java.lang.NullPointerException
2021-11-29 23:17:10.678 ERROR 6224 --- [    Test worker] tourGuide.service.TourGuideService       : java.lang.NullPointerException
2021-11-29 23:17:10.678 ERROR 6224 --- [    Test worker] tourGuide.service.TourGuideService       : java.lang.NullPointerException
2021-11-29 23:17:10.678 ERROR 6224 --- [    Test worker] tourGuide.service.TourGuideService       : java.lang.NullPointerException
2021-11-29 23:17:10.678 ERROR 6224 --- [    Test worker] tourGuide.service.TourGuideService       : java.lang.NullPointerException
2021-11-29 23:17:10.678 ERROR 6224 --- [    Test worker] tourGuide.service.TourGuideService       : java.lang.NullPointerException
2021-11-29 23:17:10.678 ERROR 6224 --- [    Test worker] tourGuide.service.TourGuideService       : java.lang.NullPointerException
2021-11-29 23:17:10.678 ERROR 6224 --- [    Test worker] tourGuide.service.TourGuideService       : java.lang.NullPointerException
2021-11-29 23:17:10.678 ERROR 6224 --- [    Test worker] tourGuide.service.TourGuideService       : java.lang.NullPointerException
2021-11-29 23:17:10.678 ERROR 6224 --- [    Test worker] tourGuide.service.TourGuideService       : java.lang.NullPointerException
2021-11-29 23:17:10.678 ERROR 6224 --- [    Test worker] tourGuide.service.TourGuideService       : java.lang.NullPointerException
2021-11-29 23:17:10.678 ERROR 6224 --- [    Test worker] tourGuide.service.TourGuideService       : java.lang.NullPointerException
2021-11-29 23:17:10.678 ERROR 6224 --- [    Test worker] tourGuide.service.TourGuideService       : java.lang.NullPointerException
2021-11-29 23:17:10.678 ERROR 6224 --- [    Test worker] tourGuide.service.TourGuideService       : java.lang.NullPointerException
2021-11-29 23:17:10.678 ERROR 6224 --- [    Test worker] tourGuide.service.TourGuideService       : java.lang.NullPointerException
2021-11-29 23:17:10.678 ERROR 6224 --- [    Test worker] tourGuide.service.TourGuideService       : java.lang.NullPointerException
2021-11-29 23:17:10.678 ERROR 6224 --- [    Test worker] tourGuide.service.TourGuideService       : java.lang.NullPointerException
2021-11-29 23:17:10.678 ERROR 6224 --- [    Test worker] tourGuide.service.TourGuideService       : java.lang.NullPointerException
2021-11-29 23:17:10.678 ERROR 6224 --- [    Test worker] tourGuide.service.TourGuideService       : java.lang.NullPointerException
2021-11-29 23:17:10.678 ERROR 6224 --- [    Test worker] tourGuide.service.TourGuideService       : java.lang.NullPointerException
2021-11-29 23:17:10.678 ERROR 6224 --- [    Test worker] tourGuide.service.TourGuideService       : java.lang.NullPointerException
2021-11-29 23:17:10.678 ERROR 6224 --- [    Test worker] tourGuide.service.TourGuideService       : java.lang.NullPointerException
2021-11-29 23:17:10.679 ERROR 6224 --- [    Test worker] tourGuide.service.TourGuideService       : java.lang.NullPointerException
2021-11-29 23:17:10.679 ERROR 6224 --- [    Test worker] tourGuide.service.TourGuideService       : java.lang.NullPointerException
2021-11-29 23:17:10.679 ERROR 6224 --- [    Test worker] tourGuide.service.TourGuideService       : java.lang.NullPointerException
2021-11-29 23:17:10.679 ERROR 6224 --- [    Test worker] tourGuide.service.TourGuideService       : java.lang.NullPointerException
2021-11-29 23:17:10.679 ERROR 6224 --- [    Test worker] tourGuide.service.TourGuideService       : java.lang.NullPointerException
2021-11-29 23:17:10.679 ERROR 6224 --- [    Test worker] tourGuide.service.TourGuideService       : java.lang.NullPointerException
2021-11-29 23:17:10.679 ERROR 6224 --- [    Test worker] tourGuide.service.TourGuideService       : java.lang.NullPointerException
2021-11-29 23:17:10.679 ERROR 6224 --- [    Test worker] tourGuide.service.TourGuideService       : java.lang.NullPointerException
2021-11-29 23:17:10.679 ERROR 6224 --- [    Test worker] tourGuide.service.TourGuideService       : java.lang.NullPointerException
2021-11-29 23:17:10.679 ERROR 6224 --- [    Test worker] tourGuide.service.TourGuideService       : java.lang.NullPointerException
2021-11-29 23:17:10.679 ERROR 6224 --- [    Test worker] tourGuide.service.TourGuideService       : java.lang.NullPointerException
2021-11-29 23:17:10.679 ERROR 6224 --- [    Test worker] tourGuide.service.TourGuideService       : java.lang.NullPointerException
2021-11-29 23:17:10.679 ERROR 6224 --- [    Test worker] tourGuide.service.TourGuideService       : java.lang.NullPointerException
2021-11-29 23:17:10.679 ERROR 6224 --- [    Test worker] tourGuide.service.TourGuideService       : java.lang.NullPointerException
2021-11-29 23:17:10.679 ERROR 6224 --- [    Test worker] tourGuide.service.TourGuideService       : java.lang.NullPointerException
2021-11-29 23:17:10.679 ERROR 6224 --- [    Test worker] tourGuide.service.TourGuideService       : java.lang.NullPointerException
2021-11-29 23:17:10.679 ERROR 6224 --- [    Test worker] tourGuide.service.TourGuideService       : java.lang.NullPointerException
2021-11-29 23:17:10.679 ERROR 6224 --- [    Test worker] tourGuide.service.TourGuideService       : java.lang.NullPointerException
2021-11-29 23:17:10.679 ERROR 6224 --- [    Test worker] tourGuide.service.TourGuideService       : java.lang.NullPointerException
2021-11-29 23:17:10.679 ERROR 6224 --- [    Test worker] tourGuide.service.TourGuideService       : java.lang.NullPointerException
2021-11-29 23:17:10.679 ERROR 6224 --- [    Test worker] tourGuide.service.TourGuideService       : java.lang.NullPointerException
2021-11-29 23:17:10.679 ERROR 6224 --- [    Test worker] tourGuide.service.TourGuideService       : java.lang.NullPointerException
2021-11-29 23:17:10.680 ERROR 6224 --- [    Test worker] tourGuide.service.TourGuideService       : java.lang.NullPointerException
2021-11-29 23:17:10.680 ERROR 6224 --- [    Test worker] tourGuide.service.TourGuideService       : java.lang.NullPointerException
2021-11-29 23:17:10.680 ERROR 6224 --- [    Test worker] tourGuide.service.TourGuideService       : java.lang.NullPointerException
2021-11-29 23:17:10.680 ERROR 6224 --- [    Test worker] tourGuide.service.TourGuideService       : java.lang.NullPointerException
2021-11-29 23:17:10.680 ERROR 6224 --- [    Test worker] tourGuide.service.TourGuideService       : java.lang.NullPointerException
2021-11-29 23:17:10.680 ERROR 6224 --- [    Test worker] tourGuide.service.TourGuideService       : java.lang.NullPointerException
2021-11-29 23:17:10.680 ERROR 6224 --- [    Test worker] tourGuide.service.TourGuideService       : java.lang.NullPointerException
2021-11-29 23:17:10.680 ERROR 6224 --- [    Test worker] tourGuide.service.TourGuideService       : java.lang.NullPointerException
2021-11-29 23:17:10.680 ERROR 6224 --- [    Test worker] tourGuide.service.TourGuideService       : java.lang.NullPointerException
2021-11-29 23:17:10.680 ERROR 6224 --- [    Test worker] tourGuide.service.TourGuideService       : java.lang.NullPointerException
2021-11-29 23:17:10.680 ERROR 6224 --- [    Test worker] tourGuide.service.TourGuideService       : java.lang.NullPointerException
2021-11-29 23:17:10.680 ERROR 6224 --- [    Test worker] tourGuide.service.TourGuideService       : java.lang.NullPointerException
2021-11-29 23:17:10.680 ERROR 6224 --- [    Test worker] tourGuide.service.TourGuideService       : java.lang.NullPointerException
2021-11-29 23:17:10.680 ERROR 6224 --- [    Test worker] tourGuide.service.TourGuideService       : java.lang.NullPointerException
2021-11-29 23:17:10.680 ERROR 6224 --- [    Test worker] tourGuide.service.TourGuideService       : java.lang.NullPointerException
2021-11-29 23:17:10.680 ERROR 6224 --- [    Test worker] tourGuide.service.TourGuideService       : java.lang.NullPointerException
2021-11-29 23:17:10.680 ERROR 6224 --- [    Test worker] tourGuide.service.TourGuideService       : java.lang.NullPointerException
2021-11-29 23:17:10.680 ERROR 6224 --- [    Test worker] tourGuide.service.TourGuideService       : java.lang.NullPointerException
2021-11-29 23:17:10.681 ERROR 6224 --- [    Test worker] tourGuide.service.TourGuideService       : java.lang.NullPointerException
2021-11-29 23:17:10.682 ERROR 6224 --- [    Test worker] tourGuide.service.TourGuideService       : java.lang.NullPointerException
2021-11-29 23:17:10.682 ERROR 6224 --- [    Test worker] tourGuide.service.TourGuideService       : java.lang.NullPointerException
2021-11-29 23:17:10.682 ERROR 6224 --- [    Test worker] tourGuide.service.TourGuideService       : java.lang.NullPointerException
2021-11-29 23:17:10.683 ERROR 6224 --- [    Test worker] tourGuide.service.TourGuideService       : java.lang.NullPointerException
2021-11-29 23:17:10.683 ERROR 6224 --- [    Test worker] tourGuide.service.TourGuideService       : java.lang.NullPointerException
2021-11-29 23:17:10.683 ERROR 6224 --- [    Test worker] tourGuide.service.TourGuideService       : java.lang.NullPointerException
2021-11-29 23:17:10.683 ERROR 6224 --- [    Test worker] tourGuide.service.TourGuideService       : java.lang.NullPointerException
2021-11-29 23:17:10.683 ERROR 6224 --- [    Test worker] tourGuide.service.TourGuideService       : java.lang.NullPointerException
2021-11-29 23:17:10.683 ERROR 6224 --- [    Test worker] tourGuide.service.TourGuideService       : java.lang.NullPointerException
2021-11-29 23:17:10.683 ERROR 6224 --- [    Test worker] tourGuide.service.TourGuideService       : java.lang.NullPointerException
2021-11-29 23:17:10.691 ERROR 6224 --- [    Test worker] tourGuide.service.TourGuideService       : java.lang.NullPointerException
2021-11-29 23:17:10.691 ERROR 6224 --- [    Test worker] tourGuide.service.TourGuideService       : java.lang.NullPointerException
2021-11-29 23:17:10.691 ERROR 6224 --- [    Test worker] tourGuide.service.TourGuideService       : java.lang.NullPointerException
2021-11-29 23:17:10.691 ERROR 6224 --- [    Test worker] tourGuide.service.TourGuideService       : java.lang.NullPointerException
2021-11-29 23:17:10.692 ERROR 6224 --- [    Test worker] tourGuide.service.TourGuideService       : java.lang.NullPointerException
2021-11-29 23:17:10.692 ERROR 6224 --- [    Test worker] tourGuide.service.TourGuideService       : java.lang.NullPointerException
2021-11-29 23:17:10.692 ERROR 6224 --- [    Test worker] tourGuide.service.TourGuideService       : java.lang.NullPointerException
2021-11-29 23:17:10.692 ERROR 6224 --- [    Test worker] tourGuide.service.TourGuideService       : java.lang.NullPointerException
2021-11-29 23:17:10.692 ERROR 6224 --- [    Test worker] tourGuide.service.TourGuideService       : java.lang.NullPointerException
2021-11-29 23:17:10.692 ERROR 6224 --- [    Test worker] tourGuide.service.TourGuideService       : java.lang.NullPointerException
2021-11-29 23:17:10.692 ERROR 6224 --- [    Test worker] tourGuide.service.TourGuideService       : java.lang.NullPointerException
2021-11-29 23:17:10.692 ERROR 6224 --- [    Test worker] tourGuide.service.TourGuideService       : java.lang.NullPointerException
2021-11-29 23:17:10.692 ERROR 6224 --- [    Test worker] tourGuide.service.TourGuideService       : java.lang.NullPointerException
2021-11-29 23:17:10.692 ERROR 6224 --- [    Test worker] tourGuide.service.TourGuideService       : java.lang.NullPointerException
2021-11-29 23:17:10.692 ERROR 6224 --- [    Test worker] tourGuide.service.TourGuideService       : java.lang.NullPointerException
2021-11-29 23:17:10.692 ERROR 6224 --- [    Test worker] tourGuide.service.TourGuideService       : java.lang.NullPointerException
2021-11-29 23:17:10.692 ERROR 6224 --- [    Test worker] tourGuide.service.TourGuideService       : java.lang.NullPointerException
2021-11-29 23:17:10.692 ERROR 6224 --- [    Test worker] tourGuide.service.TourGuideService       : java.lang.NullPointerException
2021-11-29 23:17:10.692 ERROR 6224 --- [    Test worker] tourGuide.service.TourGuideService       : java.lang.NullPointerException
2021-11-29 23:17:10.692 ERROR 6224 --- [    Test worker] tourGuide.service.TourGuideService       : java.lang.NullPointerException
2021-11-29 23:17:10.692 ERROR 6224 --- [    Test worker] tourGuide.service.TourGuideService       : java.lang.NullPointerException
2021-11-29 23:17:10.692 ERROR 6224 --- [    Test worker] tourGuide.service.TourGuideService       : java.lang.NullPointerException
2021-11-29 23:17:10.692 ERROR 6224 --- [    Test worker] tourGuide.service.TourGuideService       : java.lang.NullPointerException
2021-11-29 23:17:10.692 ERROR 6224 --- [    Test worker] tourGuide.service.TourGuideService       : java.lang.NullPointerException
2021-11-29 23:17:10.693 ERROR 6224 --- [    Test worker] tourGuide.service.TourGuideService       : java.lang.NullPointerException
2021-11-29 23:17:10.693 ERROR 6224 --- [    Test worker] tourGuide.service.TourGuideService       : java.lang.NullPointerException
2021-11-29 23:17:10.693 ERROR 6224 --- [    Test worker] tourGuide.service.TourGuideService       : java.lang.NullPointerException
2021-11-29 23:17:10.693 ERROR 6224 --- [    Test worker] tourGuide.service.TourGuideService       : java.lang.NullPointerException
2021-11-29 23:17:10.693 ERROR 6224 --- [    Test worker] tourGuide.service.TourGuideService       : java.lang.NullPointerException
2021-11-29 23:17:10.693 ERROR 6224 --- [    Test worker] tourGuide.service.TourGuideService       : java.lang.NullPointerException
2021-11-29 23:17:10.693 ERROR 6224 --- [    Test worker] tourGuide.service.TourGuideService       : java.lang.NullPointerException
2021-11-29 23:17:10.693 ERROR 6224 --- [    Test worker] tourGuide.service.TourGuideService       : java.lang.NullPointerException
2021-11-29 23:17:10.693 ERROR 6224 --- [    Test worker] tourGuide.service.TourGuideService       : java.lang.NullPointerException
2021-11-29 23:17:10.693 ERROR 6224 --- [    Test worker] tourGuide.service.TourGuideService       : java.lang.NullPointerException
2021-11-29 23:17:10.693 ERROR 6224 --- [    Test worker] tourGuide.service.TourGuideService       : java.lang.NullPointerException
2021-11-29 23:17:10.693 ERROR 6224 --- [    Test worker] tourGuide.service.TourGuideService       : java.lang.NullPointerException
2021-11-29 23:17:10.693 ERROR 6224 --- [    Test worker] tourGuide.service.TourGuideService       : java.lang.NullPointerException
2021-11-29 23:17:10.693 ERROR 6224 --- [    Test worker] tourGuide.service.TourGuideService       : java.lang.NullPointerException
2021-11-29 23:17:10.693 ERROR 6224 --- [    Test worker] tourGuide.service.TourGuideService       : java.lang.NullPointerException
2021-11-29 23:17:10.693 ERROR 6224 --- [    Test worker] tourGuide.service.TourGuideService       : java.lang.NullPointerException
2021-11-29 23:17:10.694 ERROR 6224 --- [    Test worker] tourGuide.service.TourGuideService       : java.lang.NullPointerException
2021-11-29 23:17:10.694 ERROR 6224 --- [    Test worker] tourGuide.service.TourGuideService       : java.lang.NullPointerException
2021-11-29 23:17:10.694 ERROR 6224 --- [    Test worker] tourGuide.service.TourGuideService       : java.lang.NullPointerException
2021-11-29 23:17:10.694 ERROR 6224 --- [    Test worker] tourGuide.service.TourGuideService       : java.lang.NullPointerException
2021-11-29 23:17:10.694 ERROR 6224 --- [    Test worker] tourGuide.service.TourGuideService       : java.lang.NullPointerException
2021-11-29 23:17:10.694 ERROR 6224 --- [    Test worker] tourGuide.service.TourGuideService       : java.lang.NullPointerException
2021-11-29 23:17:10.694 ERROR 6224 --- [    Test worker] tourGuide.service.TourGuideService       : java.lang.NullPointerException
2021-11-29 23:17:10.694 ERROR 6224 --- [    Test worker] tourGuide.service.TourGuideService       : java.lang.NullPointerException
2021-11-29 23:17:10.694 ERROR 6224 --- [    Test worker] tourGuide.service.TourGuideService       : java.lang.NullPointerException
2021-11-29 23:17:10.694 ERROR 6224 --- [    Test worker] tourGuide.service.TourGuideService       : java.lang.NullPointerException
2021-11-29 23:17:10.694 ERROR 6224 --- [    Test worker] tourGuide.service.TourGuideService       : java.lang.NullPointerException
2021-11-29 23:17:10.694 ERROR 6224 --- [    Test worker] tourGuide.service.TourGuideService       : java.lang.NullPointerException
2021-11-29 23:17:10.694 ERROR 6224 --- [    Test worker] tourGuide.service.TourGuideService       : java.lang.NullPointerException
2021-11-29 23:17:10.694 ERROR 6224 --- [    Test worker] tourGuide.service.TourGuideService       : java.lang.NullPointerException
2021-11-29 23:17:10.694 ERROR 6224 --- [    Test worker] tourGuide.service.TourGuideService       : java.lang.NullPointerException
2021-11-29 23:17:10.694 ERROR 6224 --- [    Test worker] tourGuide.service.TourGuideService       : java.lang.NullPointerException
2021-11-29 23:17:10.694 ERROR 6224 --- [    Test worker] tourGuide.service.TourGuideService       : java.lang.NullPointerException
2021-11-29 23:17:10.694 ERROR 6224 --- [    Test worker] tourGuide.service.TourGuideService       : java.lang.NullPointerException
2021-11-29 23:17:10.694 ERROR 6224 --- [    Test worker] tourGuide.service.TourGuideService       : java.lang.NullPointerException
2021-11-29 23:17:10.694 ERROR 6224 --- [    Test worker] tourGuide.service.TourGuideService       : java.lang.NullPointerException
2021-11-29 23:17:10.694 ERROR 6224 --- [    Test worker] tourGuide.service.TourGuideService       : java.lang.NullPointerException
2021-11-29 23:17:10.694 ERROR 6224 --- [    Test worker] tourGuide.service.TourGuideService       : java.lang.NullPointerException
2021-11-29 23:17:10.694 ERROR 6224 --- [    Test worker] tourGuide.service.TourGuideService       : java.lang.NullPointerException
2021-11-29 23:17:10.695 ERROR 6224 --- [    Test worker] tourGuide.service.TourGuideService       : java.lang.NullPointerException
2021-11-29 23:17:10.695 ERROR 6224 --- [    Test worker] tourGuide.service.TourGuideService       : java.lang.NullPointerException
2021-11-29 23:17:10.695 ERROR 6224 --- [    Test worker] tourGuide.service.TourGuideService       : java.lang.NullPointerException
2021-11-29 23:17:10.695 ERROR 6224 --- [    Test worker] tourGuide.service.TourGuideService       : java.lang.NullPointerException
2021-11-29 23:17:10.695 ERROR 6224 --- [    Test worker] tourGuide.service.TourGuideService       : java.lang.NullPointerException
2021-11-29 23:17:10.695 ERROR 6224 --- [    Test worker] tourGuide.service.TourGuideService       : java.lang.NullPointerException
2021-11-29 23:17:10.695 ERROR 6224 --- [    Test worker] tourGuide.service.TourGuideService       : java.lang.NullPointerException
2021-11-29 23:17:10.695 ERROR 6224 --- [    Test worker] tourGuide.service.TourGuideService       : java.lang.NullPointerException
2021-11-29 23:17:10.695 ERROR 6224 --- [    Test worker] tourGuide.service.TourGuideService       : java.lang.NullPointerException
2021-11-29 23:17:10.695 ERROR 6224 --- [    Test worker] tourGuide.service.TourGuideService       : java.lang.NullPointerException
2021-11-29 23:17:10.695 ERROR 6224 --- [    Test worker] tourGuide.service.TourGuideService       : java.lang.NullPointerException
2021-11-29 23:17:10.695 ERROR 6224 --- [    Test worker] tourGuide.service.TourGuideService       : java.lang.NullPointerException
2021-11-29 23:17:10.695 ERROR 6224 --- [    Test worker] tourGuide.service.TourGuideService       : java.lang.NullPointerException
2021-11-29 23:17:10.695 ERROR 6224 --- [    Test worker] tourGuide.service.TourGuideService       : java.lang.NullPointerException
2021-11-29 23:17:10.695 ERROR 6224 --- [    Test worker] tourGuide.service.TourGuideService       : java.lang.NullPointerException
2021-11-29 23:17:10.696 ERROR 6224 --- [    Test worker] tourGuide.service.TourGuideService       : java.lang.NullPointerException
2021-11-29 23:17:10.696 ERROR 6224 --- [    Test worker] tourGuide.service.TourGuideService       : java.lang.NullPointerException
2021-11-29 23:17:10.696 ERROR 6224 --- [    Test worker] tourGuide.service.TourGuideService       : java.lang.NullPointerException
2021-11-29 23:17:10.696 ERROR 6224 --- [    Test worker] tourGuide.service.TourGuideService       : java.lang.NullPointerException
2021-11-29 23:17:10.696 ERROR 6224 --- [    Test worker] tourGuide.service.TourGuideService       : java.lang.NullPointerException
2021-11-29 23:17:10.696 ERROR 6224 --- [    Test worker] tourGuide.service.TourGuideService       : java.lang.NullPointerException
2021-11-29 23:17:10.696 ERROR 6224 --- [    Test worker] tourGuide.service.TourGuideService       : java.lang.NullPointerException
2021-11-29 23:17:10.696 ERROR 6224 --- [    Test worker] tourGuide.service.TourGuideService       : java.lang.NullPointerException
2021-11-29 23:17:10.696 ERROR 6224 --- [    Test worker] tourGuide.service.TourGuideService       : java.lang.NullPointerException
2021-11-29 23:17:10.696 ERROR 6224 --- [    Test worker] tourGuide.service.TourGuideService       : java.lang.NullPointerException
2021-11-29 23:17:10.696 ERROR 6224 --- [    Test worker] tourGuide.service.TourGuideService       : java.lang.NullPointerException
2021-11-29 23:17:10.696 ERROR 6224 --- [    Test worker] tourGuide.service.TourGuideService       : java.lang.NullPointerException
2021-11-29 23:17:10.696 ERROR 6224 --- [    Test worker] tourGuide.service.TourGuideService       : java.lang.NullPointerException
2021-11-29 23:17:10.696 ERROR 6224 --- [    Test worker] tourGuide.service.TourGuideService       : java.lang.NullPointerException
2021-11-29 23:17:10.696 ERROR 6224 --- [    Test worker] tourGuide.service.TourGuideService       : java.lang.NullPointerException
2021-11-29 23:17:10.697 ERROR 6224 --- [    Test worker] tourGuide.service.TourGuideService       : java.lang.NullPointerException
2021-11-29 23:17:10.697 ERROR 6224 --- [    Test worker] tourGuide.service.TourGuideService       : java.lang.NullPointerException
2021-11-29 23:17:10.697 ERROR 6224 --- [    Test worker] tourGuide.service.TourGuideService       : java.lang.NullPointerException
2021-11-29 23:17:10.698 ERROR 6224 --- [    Test worker] tourGuide.service.TourGuideService       : java.lang.NullPointerException
2021-11-29 23:17:10.701 ERROR 6224 --- [    Test worker] tourGuide.service.TourGuideService       : java.lang.NullPointerException
2021-11-29 23:17:10.701 ERROR 6224 --- [    Test worker] tourGuide.service.TourGuideService       : java.lang.NullPointerException
2021-11-29 23:17:10.701 ERROR 6224 --- [    Test worker] tourGuide.service.TourGuideService       : java.lang.NullPointerException
2021-11-29 23:17:10.701 ERROR 6224 --- [    Test worker] tourGuide.service.TourGuideService       : java.lang.NullPointerException
2021-11-29 23:17:10.701 ERROR 6224 --- [    Test worker] tourGuide.service.TourGuideService       : java.lang.NullPointerException
2021-11-29 23:17:10.701 ERROR 6224 --- [    Test worker] tourGuide.service.TourGuideService       : java.lang.NullPointerException
2021-11-29 23:17:10.701 ERROR 6224 --- [    Test worker] tourGuide.service.TourGuideService       : java.lang.NullPointerException
2021-11-29 23:17:10.701 ERROR 6224 --- [    Test worker] tourGuide.service.TourGuideService       : java.lang.NullPointerException
2021-11-29 23:17:10.701 ERROR 6224 --- [    Test worker] tourGuide.service.TourGuideService       : java.lang.NullPointerException
2021-11-29 23:17:10.701 ERROR 6224 --- [    Test worker] tourGuide.service.TourGuideService       : java.lang.NullPointerException
2021-11-29 23:17:10.701 ERROR 6224 --- [    Test worker] tourGuide.service.TourGuideService       : java.lang.NullPointerException
2021-11-29 23:17:10.701 ERROR 6224 --- [    Test worker] tourGuide.service.TourGuideService       : java.lang.NullPointerException
2021-11-29 23:17:10.702 ERROR 6224 --- [    Test worker] tourGuide.service.TourGuideService       : java.lang.NullPointerException
2021-11-29 23:17:10.702 ERROR 6224 --- [    Test worker] tourGuide.service.TourGuideService       : java.lang.NullPointerException
2021-11-29 23:17:10.702 ERROR 6224 --- [    Test worker] tourGuide.service.TourGuideService       : java.lang.NullPointerException
2021-11-29 23:17:10.702 ERROR 6224 --- [    Test worker] tourGuide.service.TourGuideService       : java.lang.NullPointerException
2021-11-29 23:17:10.702 ERROR 6224 --- [    Test worker] tourGuide.service.TourGuideService       : java.lang.NullPointerException
2021-11-29 23:17:10.702 ERROR 6224 --- [    Test worker] tourGuide.service.TourGuideService       : java.lang.NullPointerException
2021-11-29 23:17:10.702 ERROR 6224 --- [    Test worker] tourGuide.service.TourGuideService       : java.lang.NullPointerException
2021-11-29 23:17:10.702 ERROR 6224 --- [    Test worker] tourGuide.service.TourGuideService       : java.lang.NullPointerException
2021-11-29 23:17:10.702 ERROR 6224 --- [    Test worker] tourGuide.service.TourGuideService       : java.lang.NullPointerException
2021-11-29 23:17:10.702 ERROR 6224 --- [    Test worker] tourGuide.service.TourGuideService       : java.lang.NullPointerException
2021-11-29 23:17:10.702 ERROR 6224 --- [    Test worker] tourGuide.service.TourGuideService       : java.lang.NullPointerException
2021-11-29 23:17:10.702 ERROR 6224 --- [    Test worker] tourGuide.service.TourGuideService       : java.lang.NullPointerException
2021-11-29 23:17:10.702 ERROR 6224 --- [    Test worker] tourGuide.service.TourGuideService       : java.lang.NullPointerException
2021-11-29 23:17:10.702 ERROR 6224 --- [    Test worker] tourGuide.service.TourGuideService       : java.lang.NullPointerException
2021-11-29 23:17:10.702 ERROR 6224 --- [    Test worker] tourGuide.service.TourGuideService       : java.lang.NullPointerException
2021-11-29 23:17:10.702 ERROR 6224 --- [    Test worker] tourGuide.service.TourGuideService       : java.lang.NullPointerException
2021-11-29 23:17:10.703 ERROR 6224 --- [    Test worker] tourGuide.service.TourGuideService       : java.lang.NullPointerException
2021-11-29 23:17:10.703 ERROR 6224 --- [    Test worker] tourGuide.service.TourGuideService       : java.lang.NullPointerException
2021-11-29 23:17:10.703 ERROR 6224 --- [    Test worker] tourGuide.service.TourGuideService       : java.lang.NullPointerException
2021-11-29 23:17:10.703 ERROR 6224 --- [    Test worker] tourGuide.service.TourGuideService       : java.lang.NullPointerException
2021-11-29 23:17:10.703 ERROR 6224 --- [    Test worker] tourGuide.service.TourGuideService       : java.lang.NullPointerException
2021-11-29 23:17:10.703 ERROR 6224 --- [    Test worker] tourGuide.service.TourGuideService       : java.lang.NullPointerException
2021-11-29 23:17:10.703 ERROR 6224 --- [    Test worker] tourGuide.service.TourGuideService       : java.lang.NullPointerException
2021-11-29 23:17:10.703 ERROR 6224 --- [    Test worker] tourGuide.service.TourGuideService       : java.lang.NullPointerException
2021-11-29 23:17:10.703 ERROR 6224 --- [    Test worker] tourGuide.service.TourGuideService       : java.lang.NullPointerException
2021-11-29 23:17:10.703 ERROR 6224 --- [    Test worker] tourGuide.service.TourGuideService       : java.lang.NullPointerException
2021-11-29 23:17:10.703 ERROR 6224 --- [    Test worker] tourGuide.service.TourGuideService       : java.lang.NullPointerException
2021-11-29 23:17:10.703 ERROR 6224 --- [    Test worker] tourGuide.service.TourGuideService       : java.lang.NullPointerException
2021-11-29 23:17:10.719 ERROR 6224 --- [    Test worker] tourGuide.service.TourGuideService       : java.lang.NullPointerException
2021-11-29 23:17:10.719 ERROR 6224 --- [    Test worker] tourGuide.service.TourGuideService       : java.lang.NullPointerException
2021-11-29 23:17:10.719 ERROR 6224 --- [    Test worker] tourGuide.service.TourGuideService       : java.lang.NullPointerException
2021-11-29 23:17:10.719 ERROR 6224 --- [    Test worker] tourGuide.service.TourGuideService       : java.lang.NullPointerException
2021-11-29 23:17:10.719 ERROR 6224 --- [    Test worker] tourGuide.service.TourGuideService       : java.lang.NullPointerException
2021-11-29 23:17:10.719 ERROR 6224 --- [    Test worker] tourGuide.service.TourGuideService       : java.lang.NullPointerException
2021-11-29 23:17:10.719 ERROR 6224 --- [    Test worker] tourGuide.service.TourGuideService       : java.lang.NullPointerException
2021-11-29 23:17:10.719 ERROR 6224 --- [    Test worker] tourGuide.service.TourGuideService       : java.lang.NullPointerException
2021-11-29 23:17:10.719 ERROR 6224 --- [    Test worker] tourGuide.service.TourGuideService       : java.lang.NullPointerException
2021-11-29 23:17:10.720 ERROR 6224 --- [    Test worker] tourGuide.service.TourGuideService       : java.lang.NullPointerException
2021-11-29 23:17:10.720 ERROR 6224 --- [    Test worker] tourGuide.service.TourGuideService       : java.lang.NullPointerException
2021-11-29 23:17:10.720 ERROR 6224 --- [    Test worker] tourGuide.service.TourGuideService       : java.lang.NullPointerException
2021-11-29 23:17:10.720 ERROR 6224 --- [    Test worker] tourGuide.service.TourGuideService       : java.lang.NullPointerException
2021-11-29 23:17:10.720 ERROR 6224 --- [    Test worker] tourGuide.service.TourGuideService       : java.lang.NullPointerException
2021-11-29 23:17:10.720 ERROR 6224 --- [    Test worker] tourGuide.service.TourGuideService       : java.lang.NullPointerException
2021-11-29 23:17:10.720 ERROR 6224 --- [    Test worker] tourGuide.service.TourGuideService       : java.lang.NullPointerException
2021-11-29 23:17:10.720 ERROR 6224 --- [    Test worker] tourGuide.service.TourGuideService       : java.lang.NullPointerException
2021-11-29 23:17:10.720 ERROR 6224 --- [    Test worker] tourGuide.service.TourGuideService       : java.lang.NullPointerException
2021-11-29 23:17:10.720 ERROR 6224 --- [    Test worker] tourGuide.service.TourGuideService       : java.lang.NullPointerException
2021-11-29 23:17:10.720 ERROR 6224 --- [    Test worker] tourGuide.service.TourGuideService       : java.lang.NullPointerException
2021-11-29 23:17:10.720 ERROR 6224 --- [    Test worker] tourGuide.service.TourGuideService       : java.lang.NullPointerException
2021-11-29 23:17:10.720 ERROR 6224 --- [    Test worker] tourGuide.service.TourGuideService       : java.lang.NullPointerException
2021-11-29 23:17:10.720 ERROR 6224 --- [    Test worker] tourGuide.service.TourGuideService       : java.lang.NullPointerException
2021-11-29 23:17:10.720 ERROR 6224 --- [    Test worker] tourGuide.service.TourGuideService       : java.lang.NullPointerException
2021-11-29 23:17:10.720 ERROR 6224 --- [    Test worker] tourGuide.service.TourGuideService       : java.lang.NullPointerException
2021-11-29 23:17:10.720 ERROR 6224 --- [    Test worker] tourGuide.service.TourGuideService       : java.lang.NullPointerException
2021-11-29 23:17:10.720 ERROR 6224 --- [    Test worker] tourGuide.service.TourGuideService       : java.lang.NullPointerException
2021-11-29 23:17:10.720 ERROR 6224 --- [    Test worker] tourGuide.service.TourGuideService       : java.lang.NullPointerException
2021-11-29 23:17:10.720 ERROR 6224 --- [    Test worker] tourGuide.service.TourGuideService       : java.lang.NullPointerException
2021-11-29 23:17:10.721 ERROR 6224 --- [    Test worker] tourGuide.service.TourGuideService       : java.lang.NullPointerException
2021-11-29 23:17:10.721 ERROR 6224 --- [    Test worker] tourGuide.service.TourGuideService       : java.lang.NullPointerException
2021-11-29 23:17:10.721 ERROR 6224 --- [    Test worker] tourGuide.service.TourGuideService       : java.lang.NullPointerException
2021-11-29 23:17:10.721 ERROR 6224 --- [    Test worker] tourGuide.service.TourGuideService       : java.lang.NullPointerException
2021-11-29 23:17:10.721 ERROR 6224 --- [    Test worker] tourGuide.service.TourGuideService       : java.lang.NullPointerException
2021-11-29 23:17:10.721 ERROR 6224 --- [    Test worker] tourGuide.service.TourGuideService       : java.lang.NullPointerException
2021-11-29 23:17:10.721 ERROR 6224 --- [    Test worker] tourGuide.service.TourGuideService       : java.lang.NullPointerException
2021-11-29 23:17:10.721 ERROR 6224 --- [    Test worker] tourGuide.service.TourGuideService       : java.lang.NullPointerException
2021-11-29 23:17:10.721 ERROR 6224 --- [    Test worker] tourGuide.service.TourGuideService       : java.lang.NullPointerException
2021-11-29 23:17:10.721 ERROR 6224 --- [    Test worker] tourGuide.service.TourGuideService       : java.lang.NullPointerException
2021-11-29 23:17:10.721 ERROR 6224 --- [    Test worker] tourGuide.service.TourGuideService       : java.lang.NullPointerException
2021-11-29 23:17:10.721 ERROR 6224 --- [    Test worker] tourGuide.service.TourGuideService       : java.lang.NullPointerException
2021-11-29 23:17:10.721 ERROR 6224 --- [    Test worker] tourGuide.service.TourGuideService       : java.lang.NullPointerException
2021-11-29 23:17:10.721 ERROR 6224 --- [    Test worker] tourGuide.service.TourGuideService       : java.lang.NullPointerException
2021-11-29 23:17:10.721 ERROR 6224 --- [    Test worker] tourGuide.service.TourGuideService       : java.lang.NullPointerException
2021-11-29 23:17:10.721 ERROR 6224 --- [    Test worker] tourGuide.service.TourGuideService       : java.lang.NullPointerException
2021-11-29 23:17:10.721 ERROR 6224 --- [    Test worker] tourGuide.service.TourGuideService       : java.lang.NullPointerException
2021-11-29 23:17:10.721 ERROR 6224 --- [    Test worker] tourGuide.service.TourGuideService       : java.lang.NullPointerException
2021-11-29 23:17:10.722 ERROR 6224 --- [    Test worker] tourGuide.service.TourGuideService       : java.lang.NullPointerException
2021-11-29 23:17:10.722 ERROR 6224 --- [    Test worker] tourGuide.service.TourGuideService       : java.lang.NullPointerException
2021-11-29 23:17:10.722 ERROR 6224 --- [    Test worker] tourGuide.service.TourGuideService       : java.lang.NullPointerException
2021-11-29 23:17:10.722 ERROR 6224 --- [    Test worker] tourGuide.service.TourGuideService       : java.lang.NullPointerException
2021-11-29 23:17:10.722 ERROR 6224 --- [    Test worker] tourGuide.service.TourGuideService       : java.lang.NullPointerException
2021-11-29 23:17:10.722 ERROR 6224 --- [    Test worker] tourGuide.service.TourGuideService       : java.lang.NullPointerException
2021-11-29 23:17:10.722 ERROR 6224 --- [    Test worker] tourGuide.service.TourGuideService       : java.lang.NullPointerException
2021-11-29 23:17:10.722 ERROR 6224 --- [    Test worker] tourGuide.service.TourGuideService       : java.lang.NullPointerException
2021-11-29 23:17:10.722 ERROR 6224 --- [    Test worker] tourGuide.service.TourGuideService       : java.lang.NullPointerException
2021-11-29 23:17:10.722 ERROR 6224 --- [    Test worker] tourGuide.service.TourGuideService       : java.lang.NullPointerException
2021-11-29 23:17:10.722 ERROR 6224 --- [    Test worker] tourGuide.service.TourGuideService       : java.lang.NullPointerException
2021-11-29 23:17:10.722 ERROR 6224 --- [    Test worker] tourGuide.service.TourGuideService       : java.lang.NullPointerException
2021-11-29 23:17:10.722 ERROR 6224 --- [    Test worker] tourGuide.service.TourGuideService       : java.lang.NullPointerException
2021-11-29 23:17:10.723 ERROR 6224 --- [    Test worker] tourGuide.service.TourGuideService       : java.lang.NullPointerException
2021-11-29 23:17:10.723 ERROR 6224 --- [    Test worker] tourGuide.service.TourGuideService       : java.lang.NullPointerException
2021-11-29 23:17:10.723 ERROR 6224 --- [    Test worker] tourGuide.service.TourGuideService       : java.lang.NullPointerException
2021-11-29 23:17:10.723 ERROR 6224 --- [    Test worker] tourGuide.service.TourGuideService       : java.lang.NullPointerException
2021-11-29 23:17:10.723 ERROR 6224 --- [    Test worker] tourGuide.service.TourGuideService       : java.lang.NullPointerException
2021-11-29 23:17:10.723 ERROR 6224 --- [    Test worker] tourGuide.service.TourGuideService       : java.lang.NullPointerException
2021-11-29 23:17:10.723 ERROR 6224 --- [    Test worker] tourGuide.service.TourGuideService       : java.lang.NullPointerException
2021-11-29 23:17:10.723 ERROR 6224 --- [    Test worker] tourGuide.service.TourGuideService       : java.lang.NullPointerException
2021-11-29 23:17:10.723 ERROR 6224 --- [    Test worker] tourGuide.service.TourGuideService       : java.lang.NullPointerException
2021-11-29 23:17:10.723 ERROR 6224 --- [    Test worker] tourGuide.service.TourGuideService       : java.lang.NullPointerException
2021-11-29 23:17:10.723 ERROR 6224 --- [    Test worker] tourGuide.service.TourGuideService       : java.lang.NullPointerException
2021-11-29 23:17:10.723 ERROR 6224 --- [    Test worker] tourGuide.service.TourGuideService       : java.lang.NullPointerException
2021-11-29 23:17:10.723 ERROR 6224 --- [    Test worker] tourGuide.service.TourGuideService       : java.lang.NullPointerException
2021-11-29 23:17:10.723 ERROR 6224 --- [    Test worker] tourGuide.service.TourGuideService       : java.lang.NullPointerException
2021-11-29 23:17:10.723 ERROR 6224 --- [    Test worker] tourGuide.service.TourGuideService       : java.lang.NullPointerException
2021-11-29 23:17:10.724 ERROR 6224 --- [    Test worker] tourGuide.service.TourGuideService       : java.lang.NullPointerException
2021-11-29 23:17:10.724 ERROR 6224 --- [    Test worker] tourGuide.service.TourGuideService       : java.lang.NullPointerException
2021-11-29 23:17:10.724 ERROR 6224 --- [    Test worker] tourGuide.service.TourGuideService       : java.lang.NullPointerException
2021-11-29 23:17:10.724 ERROR 6224 --- [    Test worker] tourGuide.service.TourGuideService       : java.lang.NullPointerException
2021-11-29 23:17:10.724 ERROR 6224 --- [    Test worker] tourGuide.service.TourGuideService       : java.lang.NullPointerException
2021-11-29 23:17:10.724 ERROR 6224 --- [    Test worker] tourGuide.service.TourGuideService       : java.lang.NullPointerException
2021-11-29 23:17:10.724 ERROR 6224 --- [    Test worker] tourGuide.service.TourGuideService       : java.lang.NullPointerException
2021-11-29 23:17:10.724 ERROR 6224 --- [    Test worker] tourGuide.service.TourGuideService       : java.lang.NullPointerException
2021-11-29 23:17:10.724 ERROR 6224 --- [    Test worker] tourGuide.service.TourGuideService       : java.lang.NullPointerException
2021-11-29 23:17:10.724 ERROR 6224 --- [    Test worker] tourGuide.service.TourGuideService       : java.lang.NullPointerException
2021-11-29 23:17:10.724 ERROR 6224 --- [    Test worker] tourGuide.service.TourGuideService       : java.lang.NullPointerException
2021-11-29 23:17:10.724 ERROR 6224 --- [    Test worker] tourGuide.service.TourGuideService       : java.lang.NullPointerException
2021-11-29 23:17:10.724 ERROR 6224 --- [    Test worker] tourGuide.service.TourGuideService       : java.lang.NullPointerException
2021-11-29 23:17:10.724 ERROR 6224 --- [    Test worker] tourGuide.service.TourGuideService       : java.lang.NullPointerException
2021-11-29 23:17:10.724 ERROR 6224 --- [    Test worker] tourGuide.service.TourGuideService       : java.lang.NullPointerException
2021-11-29 23:17:10.724 ERROR 6224 --- [    Test worker] tourGuide.service.TourGuideService       : java.lang.NullPointerException
2021-11-29 23:17:10.725 ERROR 6224 --- [    Test worker] tourGuide.service.TourGuideService       : java.lang.NullPointerException
2021-11-29 23:17:10.725 ERROR 6224 --- [    Test worker] tourGuide.service.TourGuideService       : java.lang.NullPointerException
2021-11-29 23:17:10.725 ERROR 6224 --- [    Test worker] tourGuide.service.TourGuideService       : java.lang.NullPointerException
2021-11-29 23:17:10.725 ERROR 6224 --- [    Test worker] tourGuide.service.TourGuideService       : java.lang.NullPointerException
2021-11-29 23:17:10.725 ERROR 6224 --- [    Test worker] tourGuide.service.TourGuideService       : java.lang.NullPointerException
2021-11-29 23:17:10.725 ERROR 6224 --- [    Test worker] tourGuide.service.TourGuideService       : java.lang.NullPointerException
2021-11-29 23:17:10.725 ERROR 6224 --- [    Test worker] tourGuide.service.TourGuideService       : java.lang.NullPointerException
2021-11-29 23:17:10.725 ERROR 6224 --- [    Test worker] tourGuide.service.TourGuideService       : java.lang.NullPointerException
2021-11-29 23:17:10.725 ERROR 6224 --- [    Test worker] tourGuide.service.TourGuideService       : java.lang.NullPointerException
2021-11-29 23:17:10.725 ERROR 6224 --- [    Test worker] tourGuide.service.TourGuideService       : java.lang.NullPointerException
2021-11-29 23:17:10.725 ERROR 6224 --- [    Test worker] tourGuide.service.TourGuideService       : java.lang.NullPointerException
2021-11-29 23:17:10.725 ERROR 6224 --- [    Test worker] tourGuide.service.TourGuideService       : java.lang.NullPointerException
2021-11-29 23:17:10.725 ERROR 6224 --- [    Test worker] tourGuide.service.TourGuideService       : java.lang.NullPointerException
2021-11-29 23:17:10.725 ERROR 6224 --- [    Test worker] tourGuide.service.TourGuideService       : java.lang.NullPointerException
2021-11-29 23:17:10.725 ERROR 6224 --- [    Test worker] tourGuide.service.TourGuideService       : java.lang.NullPointerException
2021-11-29 23:17:10.725 ERROR 6224 --- [    Test worker] tourGuide.service.TourGuideService       : java.lang.NullPointerException
2021-11-29 23:17:10.725 ERROR 6224 --- [    Test worker] tourGuide.service.TourGuideService       : java.lang.NullPointerException
2021-11-29 23:17:10.726 ERROR 6224 --- [    Test worker] tourGuide.service.TourGuideService       : java.lang.NullPointerException
2021-11-29 23:17:10.726 ERROR 6224 --- [    Test worker] tourGuide.service.TourGuideService       : java.lang.NullPointerException
2021-11-29 23:17:10.726 ERROR 6224 --- [    Test worker] tourGuide.service.TourGuideService       : java.lang.NullPointerException
2021-11-29 23:17:10.726 ERROR 6224 --- [    Test worker] tourGuide.service.TourGuideService       : java.lang.NullPointerException
2021-11-29 23:17:10.726 ERROR 6224 --- [    Test worker] tourGuide.service.TourGuideService       : java.lang.NullPointerException
2021-11-29 23:17:10.726 ERROR 6224 --- [    Test worker] tourGuide.service.TourGuideService       : java.lang.NullPointerException
2021-11-29 23:17:10.726 ERROR 6224 --- [    Test worker] tourGuide.service.TourGuideService       : java.lang.NullPointerException
2021-11-29 23:17:10.726 ERROR 6224 --- [    Test worker] tourGuide.service.TourGuideService       : java.lang.NullPointerException
2021-11-29 23:17:10.726 ERROR 6224 --- [    Test worker] tourGuide.service.TourGuideService       : java.lang.NullPointerException
2021-11-29 23:17:10.726 ERROR 6224 --- [    Test worker] tourGuide.service.TourGuideService       : java.lang.NullPointerException
2021-11-29 23:17:10.727 ERROR 6224 --- [    Test worker] tourGuide.service.TourGuideService       : java.lang.NullPointerException
2021-11-29 23:17:10.727 ERROR 6224 --- [    Test worker] tourGuide.service.TourGuideService       : java.lang.NullPointerException
2021-11-29 23:17:10.727 ERROR 6224 --- [    Test worker] tourGuide.service.TourGuideService       : java.lang.NullPointerException
2021-11-29 23:17:10.727 ERROR 6224 --- [    Test worker] tourGuide.service.TourGuideService       : java.lang.NullPointerException
2021-11-29 23:17:10.727 ERROR 6224 --- [    Test worker] tourGuide.service.TourGuideService       : java.lang.NullPointerException
2021-11-29 23:17:10.727 ERROR 6224 --- [    Test worker] tourGuide.service.TourGuideService       : java.lang.NullPointerException
2021-11-29 23:17:10.727 ERROR 6224 --- [    Test worker] tourGuide.service.TourGuideService       : java.lang.NullPointerException
2021-11-29 23:17:10.727 ERROR 6224 --- [    Test worker] tourGuide.service.TourGuideService       : java.lang.NullPointerException
2021-11-29 23:17:10.727 ERROR 6224 --- [    Test worker] tourGuide.service.TourGuideService       : java.lang.NullPointerException
2021-11-29 23:17:10.727 ERROR 6224 --- [    Test worker] tourGuide.service.TourGuideService       : java.lang.NullPointerException
2021-11-29 23:17:10.727 ERROR 6224 --- [    Test worker] tourGuide.service.TourGuideService       : java.lang.NullPointerException
2021-11-29 23:17:10.727 ERROR 6224 --- [    Test worker] tourGuide.service.TourGuideService       : java.lang.NullPointerException
2021-11-29 23:17:10.727 ERROR 6224 --- [    Test worker] tourGuide.service.TourGuideService       : java.lang.NullPointerException
2021-11-29 23:17:10.727 ERROR 6224 --- [    Test worker] tourGuide.service.TourGuideService       : java.lang.NullPointerException
2021-11-29 23:17:10.727 ERROR 6224 --- [    Test worker] tourGuide.service.TourGuideService       : java.lang.NullPointerException
2021-11-29 23:17:10.727 ERROR 6224 --- [    Test worker] tourGuide.service.TourGuideService       : java.lang.NullPointerException
2021-11-29 23:17:10.727 ERROR 6224 --- [    Test worker] tourGuide.service.TourGuideService       : java.lang.NullPointerException
2021-11-29 23:17:10.727 ERROR 6224 --- [    Test worker] tourGuide.service.TourGuideService       : java.lang.NullPointerException
2021-11-29 23:17:10.728 ERROR 6224 --- [    Test worker] tourGuide.service.TourGuideService       : java.lang.NullPointerException
2021-11-29 23:17:10.728 ERROR 6224 --- [    Test worker] tourGuide.service.TourGuideService       : java.lang.NullPointerException
2021-11-29 23:17:10.728 ERROR 6224 --- [    Test worker] tourGuide.service.TourGuideService       : java.lang.NullPointerException
2021-11-29 23:17:10.728 ERROR 6224 --- [    Test worker] tourGuide.service.TourGuideService       : java.lang.NullPointerException
2021-11-29 23:17:10.728 ERROR 6224 --- [    Test worker] tourGuide.service.TourGuideService       : java.lang.NullPointerException
2021-11-29 23:17:10.728 ERROR 6224 --- [    Test worker] tourGuide.service.TourGuideService       : java.lang.NullPointerException
2021-11-29 23:17:10.728 ERROR 6224 --- [    Test worker] tourGuide.service.TourGuideService       : java.lang.NullPointerException
2021-11-29 23:17:10.728 ERROR 6224 --- [    Test worker] tourGuide.service.TourGuideService       : java.lang.NullPointerException
2021-11-29 23:17:10.728 ERROR 6224 --- [    Test worker] tourGuide.service.TourGuideService       : java.lang.NullPointerException
2021-11-29 23:17:10.728 ERROR 6224 --- [    Test worker] tourGuide.service.TourGuideService       : java.lang.NullPointerException
2021-11-29 23:17:10.728 ERROR 6224 --- [    Test worker] tourGuide.service.TourGuideService       : java.lang.NullPointerException
2021-11-29 23:17:10.728 ERROR 6224 --- [    Test worker] tourGuide.service.TourGuideService       : java.lang.NullPointerException
2021-11-29 23:17:10.728 ERROR 6224 --- [    Test worker] tourGuide.service.TourGuideService       : java.lang.NullPointerException
2021-11-29 23:17:10.728 ERROR 6224 --- [    Test worker] tourGuide.service.TourGuideService       : java.lang.NullPointerException
2021-11-29 23:17:10.728 ERROR 6224 --- [    Test worker] tourGuide.service.TourGuideService       : java.lang.NullPointerException
2021-11-29 23:17:10.728 ERROR 6224 --- [    Test worker] tourGuide.service.TourGuideService       : java.lang.NullPointerException
2021-11-29 23:17:10.728 ERROR 6224 --- [    Test worker] tourGuide.service.TourGuideService       : java.lang.NullPointerException
2021-11-29 23:17:10.728 ERROR 6224 --- [    Test worker] tourGuide.service.TourGuideService       : java.lang.NullPointerException
2021-11-29 23:17:10.728 ERROR 6224 --- [    Test worker] tourGuide.service.TourGuideService       : java.lang.NullPointerException
2021-11-29 23:17:10.729 ERROR 6224 --- [    Test worker] tourGuide.service.TourGuideService       : java.lang.NullPointerException
2021-11-29 23:17:10.729 ERROR 6224 --- [    Test worker] tourGuide.service.TourGuideService       : java.lang.NullPointerException
2021-11-29 23:17:10.729 ERROR 6224 --- [    Test worker] tourGuide.service.TourGuideService       : java.lang.NullPointerException
2021-11-29 23:17:10.729 ERROR 6224 --- [    Test worker] tourGuide.service.TourGuideService       : java.lang.NullPointerException
2021-11-29 23:17:10.729 ERROR 6224 --- [    Test worker] tourGuide.service.TourGuideService       : java.lang.NullPointerException
2021-11-29 23:17:10.729 ERROR 6224 --- [    Test worker] tourGuide.service.TourGuideService       : java.lang.NullPointerException
2021-11-29 23:17:10.729 ERROR 6224 --- [    Test worker] tourGuide.service.TourGuideService       : java.lang.NullPointerException
2021-11-29 23:17:10.729 ERROR 6224 --- [    Test worker] tourGuide.service.TourGuideService       : java.lang.NullPointerException
2021-11-29 23:17:10.729 ERROR 6224 --- [    Test worker] tourGuide.service.TourGuideService       : java.lang.NullPointerException
2021-11-29 23:17:10.729 ERROR 6224 --- [    Test worker] tourGuide.service.TourGuideService       : java.lang.NullPointerException
2021-11-29 23:17:10.729 ERROR 6224 --- [    Test worker] tourGuide.service.TourGuideService       : java.lang.NullPointerException
2021-11-29 23:17:10.729 ERROR 6224 --- [    Test worker] tourGuide.service.TourGuideService       : java.lang.NullPointerException
2021-11-29 23:17:10.729 ERROR 6224 --- [    Test worker] tourGuide.service.TourGuideService       : java.lang.NullPointerException
2021-11-29 23:17:10.729 ERROR 6224 --- [    Test worker] tourGuide.service.TourGuideService       : java.lang.NullPointerException
2021-11-29 23:17:10.729 ERROR 6224 --- [    Test worker] tourGuide.service.TourGuideService       : java.lang.NullPointerException
2021-11-29 23:17:10.729 ERROR 6224 --- [    Test worker] tourGuide.service.TourGuideService       : java.lang.NullPointerException
2021-11-29 23:17:10.729 ERROR 6224 --- [    Test worker] tourGuide.service.TourGuideService       : java.lang.NullPointerException
2021-11-29 23:17:10.729 ERROR 6224 --- [    Test worker] tourGuide.service.TourGuideService       : java.lang.NullPointerException
2021-11-29 23:17:10.730 ERROR 6224 --- [    Test worker] tourGuide.service.TourGuideService       : java.lang.NullPointerException
2021-11-29 23:17:10.730 ERROR 6224 --- [    Test worker] tourGuide.service.TourGuideService       : java.lang.NullPointerException
2021-11-29 23:17:10.730 ERROR 6224 --- [    Test worker] tourGuide.service.TourGuideService       : java.lang.NullPointerException
2021-11-29 23:17:10.730 ERROR 6224 --- [    Test worker] tourGuide.service.TourGuideService       : java.lang.NullPointerException
2021-11-29 23:17:10.730 ERROR 6224 --- [    Test worker] tourGuide.service.TourGuideService       : java.lang.NullPointerException
2021-11-29 23:17:10.730 ERROR 6224 --- [    Test worker] tourGuide.service.TourGuideService       : java.lang.NullPointerException
2021-11-29 23:17:10.730 ERROR 6224 --- [    Test worker] tourGuide.service.TourGuideService       : java.lang.NullPointerException
2021-11-29 23:17:10.730 ERROR 6224 --- [    Test worker] tourGuide.service.TourGuideService       : java.lang.NullPointerException
2021-11-29 23:17:10.730 ERROR 6224 --- [    Test worker] tourGuide.service.TourGuideService       : java.lang.NullPointerException
2021-11-29 23:17:10.730 ERROR 6224 --- [    Test worker] tourGuide.service.TourGuideService       : java.lang.NullPointerException
2021-11-29 23:17:10.730 ERROR 6224 --- [    Test worker] tourGuide.service.TourGuideService       : java.lang.NullPointerException
2021-11-29 23:17:10.730 ERROR 6224 --- [    Test worker] tourGuide.service.TourGuideService       : java.lang.NullPointerException
2021-11-29 23:17:10.730 ERROR 6224 --- [    Test worker] tourGuide.service.TourGuideService       : java.lang.NullPointerException
2021-11-29 23:17:10.730 ERROR 6224 --- [    Test worker] tourGuide.service.TourGuideService       : java.lang.NullPointerException
2021-11-29 23:17:10.730 ERROR 6224 --- [    Test worker] tourGuide.service.TourGuideService       : java.lang.NullPointerException
2021-11-29 23:17:10.730 ERROR 6224 --- [    Test worker] tourGuide.service.TourGuideService       : java.lang.NullPointerException
2021-11-29 23:17:10.730 ERROR 6224 --- [    Test worker] tourGuide.service.TourGuideService       : java.lang.NullPointerException
2021-11-29 23:17:10.730 ERROR 6224 --- [    Test worker] tourGuide.service.TourGuideService       : java.lang.NullPointerException
2021-11-29 23:17:10.730 ERROR 6224 --- [    Test worker] tourGuide.service.TourGuideService       : java.lang.NullPointerException
2021-11-29 23:17:10.730 ERROR 6224 --- [    Test worker] tourGuide.service.TourGuideService       : java.lang.NullPointerException
2021-11-29 23:17:10.731 ERROR 6224 --- [    Test worker] tourGuide.service.TourGuideService       : java.lang.NullPointerException
2021-11-29 23:17:10.731 ERROR 6224 --- [    Test worker] tourGuide.service.TourGuideService       : java.lang.NullPointerException
2021-11-29 23:17:10.731 ERROR 6224 --- [    Test worker] tourGuide.service.TourGuideService       : java.lang.NullPointerException
2021-11-29 23:17:10.731 ERROR 6224 --- [    Test worker] tourGuide.service.TourGuideService       : java.lang.NullPointerException
2021-11-29 23:17:10.731 ERROR 6224 --- [    Test worker] tourGuide.service.TourGuideService       : java.lang.NullPointerException
2021-11-29 23:17:10.731 ERROR 6224 --- [    Test worker] tourGuide.service.TourGuideService       : java.lang.NullPointerException
2021-11-29 23:17:10.731 ERROR 6224 --- [    Test worker] tourGuide.service.TourGuideService       : java.lang.NullPointerException
2021-11-29 23:17:10.731 ERROR 6224 --- [    Test worker] tourGuide.service.TourGuideService       : java.lang.NullPointerException
2021-11-29 23:17:10.731 ERROR 6224 --- [    Test worker] tourGuide.service.TourGuideService       : java.lang.NullPointerException
2021-11-29 23:17:10.731 ERROR 6224 --- [    Test worker] tourGuide.service.TourGuideService       : java.lang.NullPointerException
2021-11-29 23:17:10.731 ERROR 6224 --- [    Test worker] tourGuide.service.TourGuideService       : java.lang.NullPointerException
2021-11-29 23:17:10.731 ERROR 6224 --- [    Test worker] tourGuide.service.TourGuideService       : java.lang.NullPointerException
2021-11-29 23:17:10.731 ERROR 6224 --- [    Test worker] tourGuide.service.TourGuideService       : java.lang.NullPointerException
2021-11-29 23:17:10.731 ERROR 6224 --- [    Test worker] tourGuide.service.TourGuideService       : java.lang.NullPointerException
2021-11-29 23:17:10.731 ERROR 6224 --- [    Test worker] tourGuide.service.TourGuideService       : java.lang.NullPointerException
2021-11-29 23:17:10.732 ERROR 6224 --- [    Test worker] tourGuide.service.TourGuideService       : java.lang.NullPointerException
2021-11-29 23:17:10.732 ERROR 6224 --- [    Test worker] tourGuide.service.TourGuideService       : java.lang.NullPointerException
2021-11-29 23:17:10.733 ERROR 6224 --- [    Test worker] tourGuide.service.TourGuideService       : java.lang.NullPointerException
2021-11-29 23:17:10.733 ERROR 6224 --- [    Test worker] tourGuide.service.TourGuideService       : java.lang.NullPointerException
2021-11-29 23:17:10.733 ERROR 6224 --- [    Test worker] tourGuide.service.TourGuideService       : java.lang.NullPointerException
2021-11-29 23:17:10.733 ERROR 6224 --- [    Test worker] tourGuide.service.TourGuideService       : java.lang.NullPointerException
2021-11-29 23:17:10.733 ERROR 6224 --- [    Test worker] tourGuide.service.TourGuideService       : java.lang.NullPointerException
2021-11-29 23:17:10.733 ERROR 6224 --- [    Test worker] tourGuide.service.TourGuideService       : java.lang.NullPointerException
2021-11-29 23:17:10.733 ERROR 6224 --- [    Test worker] tourGuide.service.TourGuideService       : java.lang.NullPointerException
2021-11-29 23:17:10.733 ERROR 6224 --- [    Test worker] tourGuide.service.TourGuideService       : java.lang.NullPointerException
2021-11-29 23:17:10.733 ERROR 6224 --- [    Test worker] tourGuide.service.TourGuideService       : java.lang.NullPointerException
2021-11-29 23:17:10.733 ERROR 6224 --- [    Test worker] tourGuide.service.TourGuideService       : java.lang.NullPointerException
2021-11-29 23:17:10.733 ERROR 6224 --- [    Test worker] tourGuide.service.TourGuideService       : java.lang.NullPointerException
2021-11-29 23:17:10.733 ERROR 6224 --- [    Test worker] tourGuide.service.TourGuideService       : java.lang.NullPointerException
2021-11-29 23:17:10.734 ERROR 6224 --- [    Test worker] tourGuide.service.TourGuideService       : java.lang.NullPointerException
2021-11-29 23:17:10.734 ERROR 6224 --- [    Test worker] tourGuide.service.TourGuideService       : java.lang.NullPointerException
2021-11-29 23:17:10.734 ERROR 6224 --- [    Test worker] tourGuide.service.TourGuideService       : java.lang.NullPointerException
2021-11-29 23:17:10.734 ERROR 6224 --- [    Test worker] tourGuide.service.TourGuideService       : java.lang.NullPointerException
2021-11-29 23:17:10.734 ERROR 6224 --- [    Test worker] tourGuide.service.TourGuideService       : java.lang.NullPointerException
2021-11-29 23:17:10.734 ERROR 6224 --- [    Test worker] tourGuide.service.TourGuideService       : java.lang.NullPointerException
2021-11-29 23:17:10.734 ERROR 6224 --- [    Test worker] tourGuide.service.TourGuideService       : java.lang.NullPointerException
2021-11-29 23:17:10.734 ERROR 6224 --- [    Test worker] tourGuide.service.TourGuideService       : java.lang.NullPointerException
2021-11-29 23:17:10.734 ERROR 6224 --- [    Test worker] tourGuide.service.TourGuideService       : java.lang.NullPointerException
2021-11-29 23:17:10.734 ERROR 6224 --- [    Test worker] tourGuide.service.TourGuideService       : java.lang.NullPointerException
2021-11-29 23:17:10.734 ERROR 6224 --- [    Test worker] tourGuide.service.TourGuideService       : java.lang.NullPointerException
2021-11-29 23:17:10.734 ERROR 6224 --- [    Test worker] tourGuide.service.TourGuideService       : java.lang.NullPointerException
2021-11-29 23:17:10.734 ERROR 6224 --- [    Test worker] tourGuide.service.TourGuideService       : java.lang.NullPointerException
2021-11-29 23:17:10.735 ERROR 6224 --- [    Test worker] tourGuide.service.TourGuideService       : java.lang.NullPointerException
2021-11-29 23:17:10.735 ERROR 6224 --- [    Test worker] tourGuide.service.TourGuideService       : java.lang.NullPointerException
2021-11-29 23:17:10.735 ERROR 6224 --- [    Test worker] tourGuide.service.TourGuideService       : java.lang.NullPointerException
2021-11-29 23:17:10.735 ERROR 6224 --- [    Test worker] tourGuide.service.TourGuideService       : java.lang.NullPointerException
2021-11-29 23:17:10.735 ERROR 6224 --- [    Test worker] tourGuide.service.TourGuideService       : java.lang.NullPointerException
2021-11-29 23:17:10.735 ERROR 6224 --- [    Test worker] tourGuide.service.TourGuideService       : java.lang.NullPointerException
2021-11-29 23:17:10.735 ERROR 6224 --- [    Test worker] tourGuide.service.TourGuideService       : java.lang.NullPointerException
2021-11-29 23:17:10.735 ERROR 6224 --- [    Test worker] tourGuide.service.TourGuideService       : java.lang.NullPointerException
2021-11-29 23:17:10.735 ERROR 6224 --- [    Test worker] tourGuide.service.TourGuideService       : java.lang.NullPointerException
2021-11-29 23:17:10.735 ERROR 6224 --- [    Test worker] tourGuide.service.TourGuideService       : java.lang.NullPointerException
2021-11-29 23:17:10.735 ERROR 6224 --- [    Test worker] tourGuide.service.TourGuideService       : java.lang.NullPointerException
2021-11-29 23:17:10.735 ERROR 6224 --- [    Test worker] tourGuide.service.TourGuideService       : java.lang.NullPointerException
2021-11-29 23:17:10.735 ERROR 6224 --- [    Test worker] tourGuide.service.TourGuideService       : java.lang.NullPointerException
2021-11-29 23:17:10.735 ERROR 6224 --- [    Test worker] tourGuide.service.TourGuideService       : java.lang.NullPointerException
2021-11-29 23:17:10.735 ERROR 6224 --- [    Test worker] tourGuide.service.TourGuideService       : java.lang.NullPointerException
2021-11-29 23:17:10.735 ERROR 6224 --- [    Test worker] tourGuide.service.TourGuideService       : java.lang.NullPointerException
2021-11-29 23:17:10.735 ERROR 6224 --- [    Test worker] tourGuide.service.TourGuideService       : java.lang.NullPointerException
2021-11-29 23:17:10.735 ERROR 6224 --- [    Test worker] tourGuide.service.TourGuideService       : java.lang.NullPointerException
2021-11-29 23:17:10.735 ERROR 6224 --- [    Test worker] tourGuide.service.TourGuideService       : java.lang.NullPointerException
2021-11-29 23:17:10.735 ERROR 6224 --- [    Test worker] tourGuide.service.TourGuideService       : java.lang.NullPointerException
2021-11-29 23:17:10.736 ERROR 6224 --- [    Test worker] tourGuide.service.TourGuideService       : java.lang.NullPointerException
2021-11-29 23:17:10.736 ERROR 6224 --- [    Test worker] tourGuide.service.TourGuideService       : java.lang.NullPointerException
2021-11-29 23:17:10.736 ERROR 6224 --- [    Test worker] tourGuide.service.TourGuideService       : java.lang.NullPointerException
2021-11-29 23:17:10.736 ERROR 6224 --- [    Test worker] tourGuide.service.TourGuideService       : java.lang.NullPointerException
2021-11-29 23:17:10.736 ERROR 6224 --- [    Test worker] tourGuide.service.TourGuideService       : java.lang.NullPointerException
2021-11-29 23:17:10.736 ERROR 6224 --- [    Test worker] tourGuide.service.TourGuideService       : java.lang.NullPointerException
2021-11-29 23:17:10.736 ERROR 6224 --- [    Test worker] tourGuide.service.TourGuideService       : java.lang.NullPointerException
2021-11-29 23:17:10.736 ERROR 6224 --- [    Test worker] tourGuide.service.TourGuideService       : java.lang.NullPointerException
2021-11-29 23:17:10.736 ERROR 6224 --- [    Test worker] tourGuide.service.TourGuideService       : java.lang.NullPointerException
2021-11-29 23:17:10.736 ERROR 6224 --- [    Test worker] tourGuide.service.TourGuideService       : java.lang.NullPointerException
2021-11-29 23:17:10.736 ERROR 6224 --- [    Test worker] tourGuide.service.TourGuideService       : java.lang.NullPointerException
2021-11-29 23:17:10.736 ERROR 6224 --- [    Test worker] tourGuide.service.TourGuideService       : java.lang.NullPointerException
2021-11-29 23:17:10.736 ERROR 6224 --- [    Test worker] tourGuide.service.TourGuideService       : java.lang.NullPointerException
2021-11-29 23:17:10.736 ERROR 6224 --- [    Test worker] tourGuide.service.TourGuideService       : java.lang.NullPointerException
2021-11-29 23:17:10.736 ERROR 6224 --- [    Test worker] tourGuide.service.TourGuideService       : java.lang.NullPointerException
2021-11-29 23:17:10.736 ERROR 6224 --- [    Test worker] tourGuide.service.TourGuideService       : java.lang.NullPointerException
2021-11-29 23:17:10.736 ERROR 6224 --- [    Test worker] tourGuide.service.TourGuideService       : java.lang.NullPointerException
2021-11-29 23:17:10.736 ERROR 6224 --- [    Test worker] tourGuide.service.TourGuideService       : java.lang.NullPointerException
2021-11-29 23:17:10.736 ERROR 6224 --- [    Test worker] tourGuide.service.TourGuideService       : java.lang.NullPointerException
2021-11-29 23:17:10.736 ERROR 6224 --- [    Test worker] tourGuide.service.TourGuideService       : java.lang.NullPointerException
2021-11-29 23:17:10.737 ERROR 6224 --- [    Test worker] tourGuide.service.TourGuideService       : java.lang.NullPointerException
2021-11-29 23:17:10.737 ERROR 6224 --- [    Test worker] tourGuide.service.TourGuideService       : java.lang.NullPointerException
2021-11-29 23:17:10.737 ERROR 6224 --- [    Test worker] tourGuide.service.TourGuideService       : java.lang.NullPointerException
2021-11-29 23:17:10.737 ERROR 6224 --- [    Test worker] tourGuide.service.TourGuideService       : java.lang.NullPointerException
2021-11-29 23:17:10.737 ERROR 6224 --- [    Test worker] tourGuide.service.TourGuideService       : java.lang.NullPointerException
2021-11-29 23:17:10.737 ERROR 6224 --- [    Test worker] tourGuide.service.TourGuideService       : java.lang.NullPointerException
2021-11-29 23:17:10.737 ERROR 6224 --- [    Test worker] tourGuide.service.TourGuideService       : java.lang.NullPointerException
2021-11-29 23:17:10.737 ERROR 6224 --- [    Test worker] tourGuide.service.TourGuideService       : java.lang.NullPointerException
2021-11-29 23:17:10.737 ERROR 6224 --- [    Test worker] tourGuide.service.TourGuideService       : java.lang.NullPointerException
2021-11-29 23:17:10.737 ERROR 6224 --- [    Test worker] tourGuide.service.TourGuideService       : java.lang.NullPointerException
2021-11-29 23:17:10.737 ERROR 6224 --- [    Test worker] tourGuide.service.TourGuideService       : java.lang.NullPointerException
2021-11-29 23:17:10.737 ERROR 6224 --- [    Test worker] tourGuide.service.TourGuideService       : java.lang.NullPointerException
2021-11-29 23:17:10.737 ERROR 6224 --- [    Test worker] tourGuide.service.TourGuideService       : java.lang.NullPointerException
2021-11-29 23:17:10.737 ERROR 6224 --- [    Test worker] tourGuide.service.TourGuideService       : java.lang.NullPointerException
2021-11-29 23:17:10.737 ERROR 6224 --- [    Test worker] tourGuide.service.TourGuideService       : java.lang.NullPointerException
2021-11-29 23:17:10.737 ERROR 6224 --- [    Test worker] tourGuide.service.TourGuideService       : java.lang.NullPointerException
2021-11-29 23:17:10.737 ERROR 6224 --- [    Test worker] tourGuide.service.TourGuideService       : java.lang.NullPointerException
2021-11-29 23:17:10.738 ERROR 6224 --- [    Test worker] tourGuide.service.TourGuideService       : java.lang.NullPointerException
2021-11-29 23:17:10.738 ERROR 6224 --- [    Test worker] tourGuide.service.TourGuideService       : java.lang.NullPointerException
2021-11-29 23:17:10.738 ERROR 6224 --- [    Test worker] tourGuide.service.TourGuideService       : java.lang.NullPointerException
2021-11-29 23:17:10.738 ERROR 6224 --- [    Test worker] tourGuide.service.TourGuideService       : java.lang.NullPointerException
2021-11-29 23:17:10.738 ERROR 6224 --- [    Test worker] tourGuide.service.TourGuideService       : java.lang.NullPointerException
2021-11-29 23:17:10.738 ERROR 6224 --- [    Test worker] tourGuide.service.TourGuideService       : java.lang.NullPointerException
2021-11-29 23:17:10.738 ERROR 6224 --- [    Test worker] tourGuide.service.TourGuideService       : java.lang.NullPointerException
2021-11-29 23:17:10.738 ERROR 6224 --- [    Test worker] tourGuide.service.TourGuideService       : java.lang.NullPointerException
2021-11-29 23:17:10.738 ERROR 6224 --- [    Test worker] tourGuide.service.TourGuideService       : java.lang.NullPointerException
2021-11-29 23:17:10.738 ERROR 6224 --- [    Test worker] tourGuide.service.TourGuideService       : java.lang.NullPointerException
2021-11-29 23:17:10.738 ERROR 6224 --- [    Test worker] tourGuide.service.TourGuideService       : java.lang.NullPointerException
2021-11-29 23:17:10.738 ERROR 6224 --- [    Test worker] tourGuide.service.TourGuideService       : java.lang.NullPointerException
2021-11-29 23:17:10.738 ERROR 6224 --- [    Test worker] tourGuide.service.TourGuideService       : java.lang.NullPointerException
2021-11-29 23:17:10.738 ERROR 6224 --- [    Test worker] tourGuide.service.TourGuideService       : java.lang.NullPointerException
2021-11-29 23:17:10.738 ERROR 6224 --- [    Test worker] tourGuide.service.TourGuideService       : java.lang.NullPointerException
2021-11-29 23:17:10.738 ERROR 6224 --- [    Test worker] tourGuide.service.TourGuideService       : java.lang.NullPointerException
2021-11-29 23:17:10.738 ERROR 6224 --- [    Test worker] tourGuide.service.TourGuideService       : java.lang.NullPointerException
2021-11-29 23:17:10.738 ERROR 6224 --- [    Test worker] tourGuide.service.TourGuideService       : java.lang.NullPointerException
2021-11-29 23:17:10.738 ERROR 6224 --- [    Test worker] tourGuide.service.TourGuideService       : java.lang.NullPointerException
2021-11-29 23:17:10.739 ERROR 6224 --- [    Test worker] tourGuide.service.TourGuideService       : java.lang.NullPointerException
2021-11-29 23:17:10.739 ERROR 6224 --- [    Test worker] tourGuide.service.TourGuideService       : java.lang.NullPointerException
2021-11-29 23:17:10.739 ERROR 6224 --- [    Test worker] tourGuide.service.TourGuideService       : java.lang.NullPointerException
2021-11-29 23:17:10.739 ERROR 6224 --- [    Test worker] tourGuide.service.TourGuideService       : java.lang.NullPointerException
2021-11-29 23:17:10.739 ERROR 6224 --- [    Test worker] tourGuide.service.TourGuideService       : java.lang.NullPointerException
2021-11-29 23:17:10.739 ERROR 6224 --- [    Test worker] tourGuide.service.TourGuideService       : java.lang.NullPointerException
2021-11-29 23:17:10.739 ERROR 6224 --- [    Test worker] tourGuide.service.TourGuideService       : java.lang.NullPointerException
2021-11-29 23:17:10.739 ERROR 6224 --- [    Test worker] tourGuide.service.TourGuideService       : java.lang.NullPointerException
2021-11-29 23:17:10.739 ERROR 6224 --- [    Test worker] tourGuide.service.TourGuideService       : java.lang.NullPointerException
2021-11-29 23:17:10.739 ERROR 6224 --- [    Test worker] tourGuide.service.TourGuideService       : java.lang.NullPointerException
2021-11-29 23:17:10.739 ERROR 6224 --- [    Test worker] tourGuide.service.TourGuideService       : java.lang.NullPointerException
2021-11-29 23:17:10.739 ERROR 6224 --- [    Test worker] tourGuide.service.TourGuideService       : java.lang.NullPointerException
2021-11-29 23:17:10.739 ERROR 6224 --- [    Test worker] tourGuide.service.TourGuideService       : java.lang.NullPointerException
2021-11-29 23:17:10.739 ERROR 6224 --- [    Test worker] tourGuide.service.TourGuideService       : java.lang.NullPointerException
2021-11-29 23:17:10.739 ERROR 6224 --- [    Test worker] tourGuide.service.TourGuideService       : java.lang.NullPointerException
2021-11-29 23:17:10.739 ERROR 6224 --- [    Test worker] tourGuide.service.TourGuideService       : java.lang.NullPointerException
2021-11-29 23:17:10.739 ERROR 6224 --- [    Test worker] tourGuide.service.TourGuideService       : java.lang.NullPointerException
2021-11-29 23:17:10.739 ERROR 6224 --- [    Test worker] tourGuide.service.TourGuideService       : java.lang.NullPointerException
2021-11-29 23:17:10.739 ERROR 6224 --- [    Test worker] tourGuide.service.TourGuideService       : java.lang.NullPointerException
2021-11-29 23:17:10.739 ERROR 6224 --- [    Test worker] tourGuide.service.TourGuideService       : java.lang.NullPointerException
2021-11-29 23:17:10.740 ERROR 6224 --- [    Test worker] tourGuide.service.TourGuideService       : java.lang.NullPointerException
2021-11-29 23:17:10.740 ERROR 6224 --- [    Test worker] tourGuide.service.TourGuideService       : java.lang.NullPointerException
2021-11-29 23:17:10.740 ERROR 6224 --- [    Test worker] tourGuide.service.TourGuideService       : java.lang.NullPointerException
2021-11-29 23:17:10.740 ERROR 6224 --- [    Test worker] tourGuide.service.TourGuideService       : java.lang.NullPointerException
2021-11-29 23:17:10.740 ERROR 6224 --- [    Test worker] tourGuide.service.TourGuideService       : java.lang.NullPointerException
2021-11-29 23:17:10.740 ERROR 6224 --- [    Test worker] tourGuide.service.TourGuideService       : java.lang.NullPointerException
2021-11-29 23:17:10.740 ERROR 6224 --- [    Test worker] tourGuide.service.TourGuideService       : java.lang.NullPointerException
2021-11-29 23:17:10.740 ERROR 6224 --- [    Test worker] tourGuide.service.TourGuideService       : java.lang.NullPointerException
2021-11-29 23:17:10.740 ERROR 6224 --- [    Test worker] tourGuide.service.TourGuideService       : java.lang.NullPointerException
2021-11-29 23:17:10.740 ERROR 6224 --- [    Test worker] tourGuide.service.TourGuideService       : java.lang.NullPointerException
2021-11-29 23:17:10.740 ERROR 6224 --- [    Test worker] tourGuide.service.TourGuideService       : java.lang.NullPointerException
2021-11-29 23:17:10.740 ERROR 6224 --- [    Test worker] tourGuide.service.TourGuideService       : java.lang.NullPointerException
2021-11-29 23:17:10.740 ERROR 6224 --- [    Test worker] tourGuide.service.TourGuideService       : java.lang.NullPointerException
2021-11-29 23:17:10.740 ERROR 6224 --- [    Test worker] tourGuide.service.TourGuideService       : java.lang.NullPointerException
2021-11-29 23:17:10.740 ERROR 6224 --- [    Test worker] tourGuide.service.TourGuideService       : java.lang.NullPointerException
2021-11-29 23:17:10.740 ERROR 6224 --- [    Test worker] tourGuide.service.TourGuideService       : java.lang.NullPointerException
2021-11-29 23:17:10.740 ERROR 6224 --- [    Test worker] tourGuide.service.TourGuideService       : java.lang.NullPointerException
2021-11-29 23:17:10.740 ERROR 6224 --- [    Test worker] tourGuide.service.TourGuideService       : java.lang.NullPointerException
2021-11-29 23:17:10.740 ERROR 6224 --- [    Test worker] tourGuide.service.TourGuideService       : java.lang.NullPointerException
2021-11-29 23:17:10.740 ERROR 6224 --- [    Test worker] tourGuide.service.TourGuideService       : java.lang.NullPointerException
2021-11-29 23:17:10.740 ERROR 6224 --- [    Test worker] tourGuide.service.TourGuideService       : java.lang.NullPointerException
2021-11-29 23:17:10.741 ERROR 6224 --- [    Test worker] tourGuide.service.TourGuideService       : java.lang.NullPointerException
2021-11-29 23:17:10.741 ERROR 6224 --- [    Test worker] tourGuide.service.TourGuideService       : java.lang.NullPointerException
2021-11-29 23:17:10.741 ERROR 6224 --- [    Test worker] tourGuide.service.TourGuideService       : java.lang.NullPointerException
2021-11-29 23:17:10.741 ERROR 6224 --- [    Test worker] tourGuide.service.TourGuideService       : java.lang.NullPointerException
2021-11-29 23:17:10.741 ERROR 6224 --- [    Test worker] tourGuide.service.TourGuideService       : java.lang.NullPointerException
2021-11-29 23:17:10.741 ERROR 6224 --- [    Test worker] tourGuide.service.TourGuideService       : java.lang.NullPointerException
2021-11-29 23:17:10.741 ERROR 6224 --- [    Test worker] tourGuide.service.TourGuideService       : java.lang.NullPointerException
2021-11-29 23:17:10.741 ERROR 6224 --- [    Test worker] tourGuide.service.TourGuideService       : java.lang.NullPointerException
2021-11-29 23:17:10.741 ERROR 6224 --- [    Test worker] tourGuide.service.TourGuideService       : java.lang.NullPointerException
2021-11-29 23:17:10.741 ERROR 6224 --- [    Test worker] tourGuide.service.TourGuideService       : java.lang.NullPointerException
2021-11-29 23:17:10.741 ERROR 6224 --- [    Test worker] tourGuide.service.TourGuideService       : java.lang.NullPointerException
2021-11-29 23:17:10.741 ERROR 6224 --- [    Test worker] tourGuide.service.TourGuideService       : java.lang.NullPointerException
2021-11-29 23:17:10.741 ERROR 6224 --- [    Test worker] tourGuide.service.TourGuideService       : java.lang.NullPointerException
2021-11-29 23:17:10.741 ERROR 6224 --- [    Test worker] tourGuide.service.TourGuideService       : java.lang.NullPointerException
2021-11-29 23:17:10.741 ERROR 6224 --- [    Test worker] tourGuide.service.TourGuideService       : java.lang.NullPointerException
2021-11-29 23:17:10.742 ERROR 6224 --- [    Test worker] tourGuide.service.TourGuideService       : java.lang.NullPointerException
2021-11-29 23:17:10.742 ERROR 6224 --- [    Test worker] tourGuide.service.TourGuideService       : java.lang.NullPointerException
2021-11-29 23:17:10.742 ERROR 6224 --- [    Test worker] tourGuide.service.TourGuideService       : java.lang.NullPointerException
2021-11-29 23:17:10.742 ERROR 6224 --- [    Test worker] tourGuide.service.TourGuideService       : java.lang.NullPointerException
2021-11-29 23:17:10.742 ERROR 6224 --- [    Test worker] tourGuide.service.TourGuideService       : java.lang.NullPointerException
2021-11-29 23:17:10.742 ERROR 6224 --- [    Test worker] tourGuide.service.TourGuideService       : java.lang.NullPointerException
2021-11-29 23:17:10.742 ERROR 6224 --- [    Test worker] tourGuide.service.TourGuideService       : java.lang.NullPointerException
2021-11-29 23:17:10.742 ERROR 6224 --- [    Test worker] tourGuide.service.TourGuideService       : java.lang.NullPointerException
2021-11-29 23:17:10.743 ERROR 6224 --- [    Test worker] tourGuide.service.TourGuideService       : java.lang.NullPointerException
2021-11-29 23:17:10.743 ERROR 6224 --- [    Test worker] tourGuide.service.TourGuideService       : java.lang.NullPointerException
2021-11-29 23:17:10.743 ERROR 6224 --- [    Test worker] tourGuide.service.TourGuideService       : java.lang.NullPointerException
2021-11-29 23:17:10.743 ERROR 6224 --- [    Test worker] tourGuide.service.TourGuideService       : java.lang.NullPointerException
2021-11-29 23:17:10.743 ERROR 6224 --- [    Test worker] tourGuide.service.TourGuideService       : java.lang.NullPointerException
2021-11-29 23:17:10.743 ERROR 6224 --- [    Test worker] tourGuide.service.TourGuideService       : java.lang.NullPointerException
2021-11-29 23:17:10.743 ERROR 6224 --- [    Test worker] tourGuide.service.TourGuideService       : java.lang.NullPointerException
2021-11-29 23:17:10.743 ERROR 6224 --- [    Test worker] tourGuide.service.TourGuideService       : java.lang.NullPointerException
2021-11-29 23:17:10.743 ERROR 6224 --- [    Test worker] tourGuide.service.TourGuideService       : java.lang.NullPointerException
2021-11-29 23:17:10.743 ERROR 6224 --- [    Test worker] tourGuide.service.TourGuideService       : java.lang.NullPointerException
2021-11-29 23:17:10.743 ERROR 6224 --- [    Test worker] tourGuide.service.TourGuideService       : java.lang.NullPointerException
2021-11-29 23:17:10.743 ERROR 6224 --- [    Test worker] tourGuide.service.TourGuideService       : java.lang.NullPointerException
2021-11-29 23:17:10.744 ERROR 6224 --- [    Test worker] tourGuide.service.TourGuideService       : java.lang.NullPointerException
2021-11-29 23:17:10.744 ERROR 6224 --- [    Test worker] tourGuide.service.TourGuideService       : java.lang.NullPointerException
2021-11-29 23:17:10.744 ERROR 6224 --- [    Test worker] tourGuide.service.TourGuideService       : java.lang.NullPointerException
2021-11-29 23:17:10.744 ERROR 6224 --- [    Test worker] tourGuide.service.TourGuideService       : java.lang.NullPointerException
2021-11-29 23:17:10.744 ERROR 6224 --- [    Test worker] tourGuide.service.TourGuideService       : java.lang.NullPointerException
2021-11-29 23:17:10.744 ERROR 6224 --- [    Test worker] tourGuide.service.TourGuideService       : java.lang.NullPointerException
2021-11-29 23:17:10.744 ERROR 6224 --- [    Test worker] tourGuide.service.TourGuideService       : java.lang.NullPointerException
2021-11-29 23:17:10.744 ERROR 6224 --- [    Test worker] tourGuide.service.TourGuideService       : java.lang.NullPointerException
2021-11-29 23:17:10.744 ERROR 6224 --- [    Test worker] tourGuide.service.TourGuideService       : java.lang.NullPointerException
2021-11-29 23:17:10.744 ERROR 6224 --- [    Test worker] tourGuide.service.TourGuideService       : java.lang.NullPointerException
2021-11-29 23:17:10.744 ERROR 6224 --- [    Test worker] tourGuide.service.TourGuideService       : java.lang.NullPointerException
2021-11-29 23:17:10.744 ERROR 6224 --- [    Test worker] tourGuide.service.TourGuideService       : java.lang.NullPointerException
2021-11-29 23:17:10.744 ERROR 6224 --- [    Test worker] tourGuide.service.TourGuideService       : java.lang.NullPointerException
2021-11-29 23:17:10.744 ERROR 6224 --- [    Test worker] tourGuide.service.TourGuideService       : java.lang.NullPointerException
2021-11-29 23:17:10.744 ERROR 6224 --- [    Test worker] tourGuide.service.TourGuideService       : java.lang.NullPointerException
2021-11-29 23:17:10.744 ERROR 6224 --- [    Test worker] tourGuide.service.TourGuideService       : java.lang.NullPointerException
2021-11-29 23:17:10.744 ERROR 6224 --- [    Test worker] tourGuide.service.TourGuideService       : java.lang.NullPointerException
2021-11-29 23:17:10.744 ERROR 6224 --- [    Test worker] tourGuide.service.TourGuideService       : java.lang.NullPointerException
2021-11-29 23:17:10.744 ERROR 6224 --- [    Test worker] tourGuide.service.TourGuideService       : java.lang.NullPointerException
2021-11-29 23:17:10.745 ERROR 6224 --- [    Test worker] tourGuide.service.TourGuideService       : java.lang.NullPointerException
2021-11-29 23:17:10.745 ERROR 6224 --- [    Test worker] tourGuide.service.TourGuideService       : java.lang.NullPointerException
2021-11-29 23:17:10.745 ERROR 6224 --- [    Test worker] tourGuide.service.TourGuideService       : java.lang.NullPointerException
2021-11-29 23:17:10.745 ERROR 6224 --- [    Test worker] tourGuide.service.TourGuideService       : java.lang.NullPointerException
2021-11-29 23:17:10.745 ERROR 6224 --- [    Test worker] tourGuide.service.TourGuideService       : java.lang.NullPointerException
2021-11-29 23:17:10.745 ERROR 6224 --- [    Test worker] tourGuide.service.TourGuideService       : java.lang.NullPointerException
2021-11-29 23:17:10.745 ERROR 6224 --- [    Test worker] tourGuide.service.TourGuideService       : java.lang.NullPointerException
2021-11-29 23:17:10.745 ERROR 6224 --- [    Test worker] tourGuide.service.TourGuideService       : java.lang.NullPointerException
2021-11-29 23:17:10.745 ERROR 6224 --- [    Test worker] tourGuide.service.TourGuideService       : java.lang.NullPointerException
2021-11-29 23:17:10.746 ERROR 6224 --- [    Test worker] tourGuide.service.TourGuideService       : java.lang.NullPointerException
2021-11-29 23:17:10.746 ERROR 6224 --- [    Test worker] tourGuide.service.TourGuideService       : java.lang.NullPointerException
2021-11-29 23:17:10.746 ERROR 6224 --- [    Test worker] tourGuide.service.TourGuideService       : java.lang.NullPointerException
2021-11-29 23:17:10.746 ERROR 6224 --- [    Test worker] tourGuide.service.TourGuideService       : java.lang.NullPointerException
2021-11-29 23:17:10.746 ERROR 6224 --- [    Test worker] tourGuide.service.TourGuideService       : java.lang.NullPointerException
2021-11-29 23:17:10.746 ERROR 6224 --- [    Test worker] tourGuide.service.TourGuideService       : java.lang.NullPointerException
2021-11-29 23:17:10.746 ERROR 6224 --- [    Test worker] tourGuide.service.TourGuideService       : java.lang.NullPointerException
2021-11-29 23:17:10.746 ERROR 6224 --- [    Test worker] tourGuide.service.TourGuideService       : java.lang.NullPointerException
2021-11-29 23:17:10.746 ERROR 6224 --- [    Test worker] tourGuide.service.TourGuideService       : java.lang.NullPointerException
2021-11-29 23:17:10.746 ERROR 6224 --- [    Test worker] tourGuide.service.TourGuideService       : java.lang.NullPointerException
2021-11-29 23:17:10.746 ERROR 6224 --- [    Test worker] tourGuide.service.TourGuideService       : java.lang.NullPointerException
2021-11-29 23:17:10.746 ERROR 6224 --- [    Test worker] tourGuide.service.TourGuideService       : java.lang.NullPointerException
2021-11-29 23:17:10.746 ERROR 6224 --- [    Test worker] tourGuide.service.TourGuideService       : java.lang.NullPointerException
2021-11-29 23:17:10.746 ERROR 6224 --- [    Test worker] tourGuide.service.TourGuideService       : java.lang.NullPointerException
2021-11-29 23:17:10.746 ERROR 6224 --- [    Test worker] tourGuide.service.TourGuideService       : java.lang.NullPointerException
2021-11-29 23:17:10.746 ERROR 6224 --- [    Test worker] tourGuide.service.TourGuideService       : java.lang.NullPointerException
2021-11-29 23:17:10.746 ERROR 6224 --- [    Test worker] tourGuide.service.TourGuideService       : java.lang.NullPointerException
2021-11-29 23:17:10.746 ERROR 6224 --- [    Test worker] tourGuide.service.TourGuideService       : java.lang.NullPointerException
2021-11-29 23:17:10.746 ERROR 6224 --- [    Test worker] tourGuide.service.TourGuideService       : java.lang.NullPointerException
2021-11-29 23:17:10.747 ERROR 6224 --- [    Test worker] tourGuide.service.TourGuideService       : java.lang.NullPointerException
2021-11-29 23:17:10.747 ERROR 6224 --- [    Test worker] tourGuide.service.TourGuideService       : java.lang.NullPointerException
2021-11-29 23:17:10.747 ERROR 6224 --- [    Test worker] tourGuide.service.TourGuideService       : java.lang.NullPointerException
2021-11-29 23:17:10.747 ERROR 6224 --- [    Test worker] tourGuide.service.TourGuideService       : java.lang.NullPointerException
2021-11-29 23:17:10.747 ERROR 6224 --- [    Test worker] tourGuide.service.TourGuideService       : java.lang.NullPointerException
2021-11-29 23:17:10.747 ERROR 6224 --- [    Test worker] tourGuide.service.TourGuideService       : java.lang.NullPointerException
2021-11-29 23:17:10.748 ERROR 6224 --- [    Test worker] tourGuide.service.TourGuideService       : java.lang.NullPointerException
2021-11-29 23:17:10.749 ERROR 6224 --- [    Test worker] tourGuide.service.TourGuideService       : java.lang.NullPointerException
2021-11-29 23:17:10.749 ERROR 6224 --- [    Test worker] tourGuide.service.TourGuideService       : java.lang.NullPointerException
2021-11-29 23:17:10.749 ERROR 6224 --- [    Test worker] tourGuide.service.TourGuideService       : java.lang.NullPointerException
2021-11-29 23:17:10.749 ERROR 6224 --- [    Test worker] tourGuide.service.TourGuideService       : java.lang.NullPointerException
2021-11-29 23:17:10.749 ERROR 6224 --- [    Test worker] tourGuide.service.TourGuideService       : java.lang.NullPointerException
2021-11-29 23:17:10.749 ERROR 6224 --- [    Test worker] tourGuide.service.TourGuideService       : java.lang.NullPointerException
2021-11-29 23:17:10.750 ERROR 6224 --- [    Test worker] tourGuide.service.TourGuideService       : java.lang.NullPointerException
2021-11-29 23:17:10.751 ERROR 6224 --- [    Test worker] tourGuide.service.TourGuideService       : java.lang.NullPointerException
2021-11-29 23:17:10.751 ERROR 6224 --- [    Test worker] tourGuide.service.TourGuideService       : java.lang.NullPointerException
2021-11-29 23:17:10.751 ERROR 6224 --- [    Test worker] tourGuide.service.TourGuideService       : java.lang.NullPointerException
2021-11-29 23:17:10.751 ERROR 6224 --- [    Test worker] tourGuide.service.TourGuideService       : java.lang.NullPointerException
2021-11-29 23:17:10.751 ERROR 6224 --- [    Test worker] tourGuide.service.TourGuideService       : java.lang.NullPointerException
2021-11-29 23:17:10.751 ERROR 6224 --- [    Test worker] tourGuide.service.TourGuideService       : java.lang.NullPointerException
2021-11-29 23:17:10.751 ERROR 6224 --- [    Test worker] tourGuide.service.TourGuideService       : java.lang.NullPointerException
2021-11-29 23:17:10.751 ERROR 6224 --- [    Test worker] tourGuide.service.TourGuideService       : java.lang.NullPointerException
2021-11-29 23:17:10.751 ERROR 6224 --- [    Test worker] tourGuide.service.TourGuideService       : java.lang.NullPointerException
2021-11-29 23:17:10.751 ERROR 6224 --- [    Test worker] tourGuide.service.TourGuideService       : java.lang.NullPointerException
2021-11-29 23:17:10.751 ERROR 6224 --- [    Test worker] tourGuide.service.TourGuideService       : java.lang.NullPointerException
2021-11-29 23:17:10.751 ERROR 6224 --- [    Test worker] tourGuide.service.TourGuideService       : java.lang.NullPointerException
2021-11-29 23:17:10.751 ERROR 6224 --- [    Test worker] tourGuide.service.TourGuideService       : java.lang.NullPointerException
2021-11-29 23:17:10.751 ERROR 6224 --- [    Test worker] tourGuide.service.TourGuideService       : java.lang.NullPointerException
2021-11-29 23:17:10.751 ERROR 6224 --- [    Test worker] tourGuide.service.TourGuideService       : java.lang.NullPointerException
2021-11-29 23:17:10.751 ERROR 6224 --- [    Test worker] tourGuide.service.TourGuideService       : java.lang.NullPointerException
2021-11-29 23:17:10.751 ERROR 6224 --- [    Test worker] tourGuide.service.TourGuideService       : java.lang.NullPointerException
2021-11-29 23:17:10.751 ERROR 6224 --- [    Test worker] tourGuide.service.TourGuideService       : java.lang.NullPointerException
2021-11-29 23:17:10.751 ERROR 6224 --- [    Test worker] tourGuide.service.TourGuideService       : java.lang.NullPointerException
2021-11-29 23:17:10.751 ERROR 6224 --- [    Test worker] tourGuide.service.TourGuideService       : java.lang.NullPointerException
2021-11-29 23:17:10.751 ERROR 6224 --- [    Test worker] tourGuide.service.TourGuideService       : java.lang.NullPointerException
2021-11-29 23:17:10.751 ERROR 6224 --- [    Test worker] tourGuide.service.TourGuideService       : java.lang.NullPointerException
2021-11-29 23:17:10.751 ERROR 6224 --- [    Test worker] tourGuide.service.TourGuideService       : java.lang.NullPointerException
2021-11-29 23:17:10.751 ERROR 6224 --- [    Test worker] tourGuide.service.TourGuideService       : java.lang.NullPointerException
2021-11-29 23:17:10.751 ERROR 6224 --- [    Test worker] tourGuide.service.TourGuideService       : java.lang.NullPointerException
2021-11-29 23:17:10.751 ERROR 6224 --- [    Test worker] tourGuide.service.TourGuideService       : java.lang.NullPointerException
2021-11-29 23:17:10.751 ERROR 6224 --- [    Test worker] tourGuide.service.TourGuideService       : java.lang.NullPointerException
2021-11-29 23:17:10.752 ERROR 6224 --- [    Test worker] tourGuide.service.TourGuideService       : java.lang.NullPointerException
2021-11-29 23:17:10.752 ERROR 6224 --- [    Test worker] tourGuide.service.TourGuideService       : java.lang.NullPointerException
2021-11-29 23:17:10.752 ERROR 6224 --- [    Test worker] tourGuide.service.TourGuideService       : java.lang.NullPointerException
2021-11-29 23:17:10.752 ERROR 6224 --- [    Test worker] tourGuide.service.TourGuideService       : java.lang.NullPointerException
2021-11-29 23:17:10.752 ERROR 6224 --- [    Test worker] tourGuide.service.TourGuideService       : java.lang.NullPointerException
2021-11-29 23:17:10.752 ERROR 6224 --- [    Test worker] tourGuide.service.TourGuideService       : java.lang.NullPointerException
2021-11-29 23:17:10.752 ERROR 6224 --- [    Test worker] tourGuide.service.TourGuideService       : java.lang.NullPointerException
2021-11-29 23:17:10.752 ERROR 6224 --- [    Test worker] tourGuide.service.TourGuideService       : java.lang.NullPointerException
2021-11-29 23:17:10.752 ERROR 6224 --- [    Test worker] tourGuide.service.TourGuideService       : java.lang.NullPointerException
2021-11-29 23:17:10.753 ERROR 6224 --- [    Test worker] tourGuide.service.TourGuideService       : java.lang.NullPointerException
2021-11-29 23:17:10.753 ERROR 6224 --- [    Test worker] tourGuide.service.TourGuideService       : java.lang.NullPointerException
2021-11-29 23:17:10.753 ERROR 6224 --- [    Test worker] tourGuide.service.TourGuideService       : java.lang.NullPointerException
2021-11-29 23:17:10.754 ERROR 6224 --- [    Test worker] tourGuide.service.TourGuideService       : java.lang.NullPointerException
2021-11-29 23:17:10.754 ERROR 6224 --- [    Test worker] tourGuide.service.TourGuideService       : java.lang.NullPointerException
2021-11-29 23:17:10.754 ERROR 6224 --- [    Test worker] tourGuide.service.TourGuideService       : java.lang.NullPointerException
2021-11-29 23:17:10.754 ERROR 6224 --- [    Test worker] tourGuide.service.TourGuideService       : java.lang.NullPointerException
2021-11-29 23:17:10.754 ERROR 6224 --- [    Test worker] tourGuide.service.TourGuideService       : java.lang.NullPointerException
2021-11-29 23:17:10.754 ERROR 6224 --- [    Test worker] tourGuide.service.TourGuideService       : java.lang.NullPointerException
2021-11-29 23:17:10.754 ERROR 6224 --- [    Test worker] tourGuide.service.TourGuideService       : java.lang.NullPointerException
2021-11-29 23:17:10.754 ERROR 6224 --- [    Test worker] tourGuide.service.TourGuideService       : java.lang.NullPointerException
2021-11-29 23:17:10.754 ERROR 6224 --- [    Test worker] tourGuide.service.TourGuideService       : java.lang.NullPointerException
2021-11-29 23:17:10.755 ERROR 6224 --- [    Test worker] tourGuide.service.TourGuideService       : java.lang.NullPointerException
2021-11-29 23:17:10.755 ERROR 6224 --- [    Test worker] tourGuide.service.TourGuideService       : java.lang.NullPointerException
2021-11-29 23:17:10.755 ERROR 6224 --- [    Test worker] tourGuide.service.TourGuideService       : java.lang.NullPointerException
2021-11-29 23:17:10.755 ERROR 6224 --- [    Test worker] tourGuide.service.TourGuideService       : java.lang.NullPointerException
2021-11-29 23:17:10.755 ERROR 6224 --- [    Test worker] tourGuide.service.TourGuideService       : java.lang.NullPointerException
2021-11-29 23:17:10.755 ERROR 6224 --- [    Test worker] tourGuide.service.TourGuideService       : java.lang.NullPointerException
2021-11-29 23:17:10.755 ERROR 6224 --- [    Test worker] tourGuide.service.TourGuideService       : java.lang.NullPointerException
2021-11-29 23:17:10.755 ERROR 6224 --- [    Test worker] tourGuide.service.TourGuideService       : java.lang.NullPointerException
2021-11-29 23:17:10.755 ERROR 6224 --- [    Test worker] tourGuide.service.TourGuideService       : java.lang.NullPointerException
2021-11-29 23:17:10.755 ERROR 6224 --- [    Test worker] tourGuide.service.TourGuideService       : java.lang.NullPointerException
2021-11-29 23:17:10.755 ERROR 6224 --- [    Test worker] tourGuide.service.TourGuideService       : java.lang.NullPointerException
2021-11-29 23:17:10.755 ERROR 6224 --- [    Test worker] tourGuide.service.TourGuideService       : java.lang.NullPointerException
2021-11-29 23:17:10.755 ERROR 6224 --- [    Test worker] tourGuide.service.TourGuideService       : java.lang.NullPointerException
2021-11-29 23:17:10.755 ERROR 6224 --- [    Test worker] tourGuide.service.TourGuideService       : java.lang.NullPointerException
2021-11-29 23:17:10.755 ERROR 6224 --- [    Test worker] tourGuide.service.TourGuideService       : java.lang.NullPointerException
2021-11-29 23:17:10.755 ERROR 6224 --- [    Test worker] tourGuide.service.TourGuideService       : java.lang.NullPointerException
2021-11-29 23:17:10.755 ERROR 6224 --- [    Test worker] tourGuide.service.TourGuideService       : java.lang.NullPointerException
2021-11-29 23:17:10.755 ERROR 6224 --- [    Test worker] tourGuide.service.TourGuideService       : java.lang.NullPointerException
2021-11-29 23:17:10.755 ERROR 6224 --- [    Test worker] tourGuide.service.TourGuideService       : java.lang.NullPointerException
2021-11-29 23:17:10.756 ERROR 6224 --- [    Test worker] tourGuide.service.TourGuideService       : java.lang.NullPointerException
2021-11-29 23:17:10.756 ERROR 6224 --- [    Test worker] tourGuide.service.TourGuideService       : java.lang.NullPointerException
2021-11-29 23:17:10.756 ERROR 6224 --- [    Test worker] tourGuide.service.TourGuideService       : java.lang.NullPointerException
2021-11-29 23:17:10.756 ERROR 6224 --- [    Test worker] tourGuide.service.TourGuideService       : java.lang.NullPointerException
2021-11-29 23:17:10.756 ERROR 6224 --- [    Test worker] tourGuide.service.TourGuideService       : java.lang.NullPointerException
2021-11-29 23:17:10.756 ERROR 6224 --- [    Test worker] tourGuide.service.TourGuideService       : java.lang.NullPointerException
2021-11-29 23:17:10.756 ERROR 6224 --- [    Test worker] tourGuide.service.TourGuideService       : java.lang.NullPointerException
2021-11-29 23:17:10.756 ERROR 6224 --- [    Test worker] tourGuide.service.TourGuideService       : java.lang.NullPointerException
2021-11-29 23:17:10.756 ERROR 6224 --- [    Test worker] tourGuide.service.TourGuideService       : java.lang.NullPointerException
2021-11-29 23:17:10.756 ERROR 6224 --- [    Test worker] tourGuide.service.TourGuideService       : java.lang.NullPointerException
2021-11-29 23:17:10.756 ERROR 6224 --- [    Test worker] tourGuide.service.TourGuideService       : java.lang.NullPointerException
2021-11-29 23:17:10.757 ERROR 6224 --- [    Test worker] tourGuide.service.TourGuideService       : java.lang.NullPointerException
2021-11-29 23:17:10.757 ERROR 6224 --- [    Test worker] tourGuide.service.TourGuideService       : java.lang.NullPointerException
2021-11-29 23:17:10.757 ERROR 6224 --- [    Test worker] tourGuide.service.TourGuideService       : java.lang.NullPointerException
2021-11-29 23:17:10.757 ERROR 6224 --- [    Test worker] tourGuide.service.TourGuideService       : java.lang.NullPointerException
2021-11-29 23:17:10.757 ERROR 6224 --- [    Test worker] tourGuide.service.TourGuideService       : java.lang.NullPointerException
2021-11-29 23:17:10.757 ERROR 6224 --- [    Test worker] tourGuide.service.TourGuideService       : java.lang.NullPointerException
2021-11-29 23:17:10.757 ERROR 6224 --- [    Test worker] tourGuide.service.TourGuideService       : java.lang.NullPointerException
2021-11-29 23:17:10.757 ERROR 6224 --- [    Test worker] tourGuide.service.TourGuideService       : java.lang.NullPointerException
2021-11-29 23:17:10.757 ERROR 6224 --- [    Test worker] tourGuide.service.TourGuideService       : java.lang.NullPointerException
2021-11-29 23:17:10.757 ERROR 6224 --- [    Test worker] tourGuide.service.TourGuideService       : java.lang.NullPointerException
2021-11-29 23:17:10.757 ERROR 6224 --- [    Test worker] tourGuide.service.TourGuideService       : java.lang.NullPointerException
2021-11-29 23:17:10.757 ERROR 6224 --- [    Test worker] tourGuide.service.TourGuideService       : java.lang.NullPointerException
2021-11-29 23:17:10.757 ERROR 6224 --- [    Test worker] tourGuide.service.TourGuideService       : java.lang.NullPointerException
2021-11-29 23:17:10.757 ERROR 6224 --- [    Test worker] tourGuide.service.TourGuideService       : java.lang.NullPointerException
2021-11-29 23:17:10.757 ERROR 6224 --- [    Test worker] tourGuide.service.TourGuideService       : java.lang.NullPointerException
2021-11-29 23:17:10.757 ERROR 6224 --- [    Test worker] tourGuide.service.TourGuideService       : java.lang.NullPointerException
2021-11-29 23:17:10.757 ERROR 6224 --- [    Test worker] tourGuide.service.TourGuideService       : java.lang.NullPointerException
2021-11-29 23:17:10.758 ERROR 6224 --- [    Test worker] tourGuide.service.TourGuideService       : java.lang.NullPointerException
2021-11-29 23:17:10.758 ERROR 6224 --- [    Test worker] tourGuide.service.TourGuideService       : java.lang.NullPointerException
2021-11-29 23:17:10.758 ERROR 6224 --- [    Test worker] tourGuide.service.TourGuideService       : java.lang.NullPointerException
2021-11-29 23:17:10.758 ERROR 6224 --- [    Test worker] tourGuide.service.TourGuideService       : java.lang.NullPointerException
2021-11-29 23:17:10.760 ERROR 6224 --- [    Test worker] tourGuide.service.TourGuideService       : java.lang.NullPointerException
2021-11-29 23:17:10.760 ERROR 6224 --- [    Test worker] tourGuide.service.TourGuideService       : java.lang.NullPointerException
2021-11-29 23:17:10.760 ERROR 6224 --- [    Test worker] tourGuide.service.TourGuideService       : java.lang.NullPointerException
2021-11-29 23:17:10.760 ERROR 6224 --- [    Test worker] tourGuide.service.TourGuideService       : java.lang.NullPointerException
2021-11-29 23:17:10.760 ERROR 6224 --- [    Test worker] tourGuide.service.TourGuideService       : java.lang.NullPointerException
2021-11-29 23:17:10.760 ERROR 6224 --- [    Test worker] tourGuide.service.TourGuideService       : java.lang.NullPointerException
2021-11-29 23:17:10.760 ERROR 6224 --- [    Test worker] tourGuide.service.TourGuideService       : java.lang.NullPointerException
2021-11-29 23:17:10.760 ERROR 6224 --- [    Test worker] tourGuide.service.TourGuideService       : java.lang.NullPointerException
2021-11-29 23:17:10.760 ERROR 6224 --- [    Test worker] tourGuide.service.TourGuideService       : java.lang.NullPointerException
2021-11-29 23:17:10.760 ERROR 6224 --- [    Test worker] tourGuide.service.TourGuideService       : java.lang.NullPointerException
2021-11-29 23:17:10.760 ERROR 6224 --- [    Test worker] tourGuide.service.TourGuideService       : java.lang.NullPointerException
2021-11-29 23:17:10.760 ERROR 6224 --- [    Test worker] tourGuide.service.TourGuideService       : java.lang.NullPointerException
2021-11-29 23:17:10.760 ERROR 6224 --- [    Test worker] tourGuide.service.TourGuideService       : java.lang.NullPointerException
2021-11-29 23:17:10.760 ERROR 6224 --- [    Test worker] tourGuide.service.TourGuideService       : java.lang.NullPointerException
2021-11-29 23:17:10.760 ERROR 6224 --- [    Test worker] tourGuide.service.TourGuideService       : java.lang.NullPointerException
2021-11-29 23:17:10.760 ERROR 6224 --- [    Test worker] tourGuide.service.TourGuideService       : java.lang.NullPointerException
2021-11-29 23:17:10.760 ERROR 6224 --- [    Test worker] tourGuide.service.TourGuideService       : java.lang.NullPointerException
2021-11-29 23:17:10.760 ERROR 6224 --- [    Test worker] tourGuide.service.TourGuideService       : java.lang.NullPointerException
2021-11-29 23:17:10.760 ERROR 6224 --- [    Test worker] tourGuide.service.TourGuideService       : java.lang.NullPointerException
2021-11-29 23:17:10.761 ERROR 6224 --- [    Test worker] tourGuide.service.TourGuideService       : java.lang.NullPointerException
2021-11-29 23:17:10.761 ERROR 6224 --- [    Test worker] tourGuide.service.TourGuideService       : java.lang.NullPointerException
2021-11-29 23:17:10.761 ERROR 6224 --- [    Test worker] tourGuide.service.TourGuideService       : java.lang.NullPointerException
2021-11-29 23:17:10.761 ERROR 6224 --- [    Test worker] tourGuide.service.TourGuideService       : java.lang.NullPointerException
2021-11-29 23:17:10.761 ERROR 6224 --- [    Test worker] tourGuide.service.TourGuideService       : java.lang.NullPointerException
2021-11-29 23:17:10.761 ERROR 6224 --- [    Test worker] tourGuide.service.TourGuideService       : java.lang.NullPointerException
2021-11-29 23:17:10.761 ERROR 6224 --- [    Test worker] tourGuide.service.TourGuideService       : java.lang.NullPointerException
2021-11-29 23:17:10.761 ERROR 6224 --- [    Test worker] tourGuide.service.TourGuideService       : java.lang.NullPointerException
2021-11-29 23:17:10.761 ERROR 6224 --- [    Test worker] tourGuide.service.TourGuideService       : java.lang.NullPointerException
2021-11-29 23:17:10.761 ERROR 6224 --- [    Test worker] tourGuide.service.TourGuideService       : java.lang.NullPointerException
2021-11-29 23:17:10.761 ERROR 6224 --- [    Test worker] tourGuide.service.TourGuideService       : java.lang.NullPointerException
2021-11-29 23:17:10.761 ERROR 6224 --- [    Test worker] tourGuide.service.TourGuideService       : java.lang.NullPointerException
2021-11-29 23:17:10.762 ERROR 6224 --- [    Test worker] tourGuide.service.TourGuideService       : java.lang.NullPointerException
2021-11-29 23:17:10.762 ERROR 6224 --- [    Test worker] tourGuide.service.TourGuideService       : java.lang.NullPointerException
2021-11-29 23:17:10.762 ERROR 6224 --- [    Test worker] tourGuide.service.TourGuideService       : java.lang.NullPointerException
2021-11-29 23:17:10.762 ERROR 6224 --- [    Test worker] tourGuide.service.TourGuideService       : java.lang.NullPointerException
2021-11-29 23:17:10.762 ERROR 6224 --- [    Test worker] tourGuide.service.TourGuideService       : java.lang.NullPointerException
2021-11-29 23:17:10.762 ERROR 6224 --- [    Test worker] tourGuide.service.TourGuideService       : java.lang.NullPointerException
2021-11-29 23:17:10.762 ERROR 6224 --- [    Test worker] tourGuide.service.TourGuideService       : java.lang.NullPointerException
2021-11-29 23:17:10.762 ERROR 6224 --- [    Test worker] tourGuide.service.TourGuideService       : java.lang.NullPointerException
2021-11-29 23:17:10.762 ERROR 6224 --- [    Test worker] tourGuide.service.TourGuideService       : java.lang.NullPointerException
2021-11-29 23:17:10.762 ERROR 6224 --- [    Test worker] tourGuide.service.TourGuideService       : java.lang.NullPointerException
2021-11-29 23:17:10.763 ERROR 6224 --- [    Test worker] tourGuide.service.TourGuideService       : java.lang.NullPointerException
2021-11-29 23:17:10.763 ERROR 6224 --- [    Test worker] tourGuide.service.TourGuideService       : java.lang.NullPointerException
2021-11-29 23:17:10.763 ERROR 6224 --- [    Test worker] tourGuide.service.TourGuideService       : java.lang.NullPointerException
2021-11-29 23:17:10.763 ERROR 6224 --- [    Test worker] tourGuide.service.TourGuideService       : java.lang.NullPointerException
2021-11-29 23:17:10.763 ERROR 6224 --- [    Test worker] tourGuide.service.TourGuideService       : java.lang.NullPointerException
2021-11-29 23:17:10.763 ERROR 6224 --- [    Test worker] tourGuide.service.TourGuideService       : java.lang.NullPointerException
2021-11-29 23:17:10.763 ERROR 6224 --- [    Test worker] tourGuide.service.TourGuideService       : java.lang.NullPointerException
2021-11-29 23:17:10.763 ERROR 6224 --- [    Test worker] tourGuide.service.TourGuideService       : java.lang.NullPointerException
2021-11-29 23:17:10.763 ERROR 6224 --- [    Test worker] tourGuide.service.TourGuideService       : java.lang.NullPointerException
2021-11-29 23:17:10.763 ERROR 6224 --- [    Test worker] tourGuide.service.TourGuideService       : java.lang.NullPointerException
2021-11-29 23:17:10.763 ERROR 6224 --- [    Test worker] tourGuide.service.TourGuideService       : java.lang.NullPointerException
2021-11-29 23:17:10.763 ERROR 6224 --- [    Test worker] tourGuide.service.TourGuideService       : java.lang.NullPointerException
2021-11-29 23:17:10.763 ERROR 6224 --- [    Test worker] tourGuide.service.TourGuideService       : java.lang.NullPointerException
2021-11-29 23:17:10.765 ERROR 6224 --- [    Test worker] tourGuide.service.TourGuideService       : java.lang.NullPointerException
2021-11-29 23:17:10.765 ERROR 6224 --- [    Test worker] tourGuide.service.TourGuideService       : java.lang.NullPointerException
2021-11-29 23:17:10.765 ERROR 6224 --- [    Test worker] tourGuide.service.TourGuideService       : java.lang.NullPointerException
2021-11-29 23:17:10.765 ERROR 6224 --- [    Test worker] tourGuide.service.TourGuideService       : java.lang.NullPointerException
2021-11-29 23:17:10.765 ERROR 6224 --- [    Test worker] tourGuide.service.TourGuideService       : java.lang.NullPointerException
2021-11-29 23:17:10.766 ERROR 6224 --- [    Test worker] tourGuide.service.TourGuideService       : java.lang.NullPointerException
2021-11-29 23:17:10.766 ERROR 6224 --- [    Test worker] tourGuide.service.TourGuideService       : java.lang.NullPointerException
2021-11-29 23:17:10.766 ERROR 6224 --- [    Test worker] tourGuide.service.TourGuideService       : java.lang.NullPointerException
2021-11-29 23:17:10.766 ERROR 6224 --- [    Test worker] tourGuide.service.TourGuideService       : java.lang.NullPointerException
2021-11-29 23:17:10.766 ERROR 6224 --- [    Test worker] tourGuide.service.TourGuideService       : java.lang.NullPointerException
2021-11-29 23:17:10.766 ERROR 6224 --- [    Test worker] tourGuide.service.TourGuideService       : java.lang.NullPointerException
2021-11-29 23:17:10.766 ERROR 6224 --- [    Test worker] tourGuide.service.TourGuideService       : java.lang.NullPointerException
2021-11-29 23:17:10.766 ERROR 6224 --- [    Test worker] tourGuide.service.TourGuideService       : java.lang.NullPointerException
2021-11-29 23:17:10.766 ERROR 6224 --- [    Test worker] tourGuide.service.TourGuideService       : java.lang.NullPointerException
2021-11-29 23:17:10.766 ERROR 6224 --- [    Test worker] tourGuide.service.TourGuideService       : java.lang.NullPointerException
2021-11-29 23:17:10.766 ERROR 6224 --- [    Test worker] tourGuide.service.TourGuideService       : java.lang.NullPointerException
2021-11-29 23:17:10.766 ERROR 6224 --- [    Test worker] tourGuide.service.TourGuideService       : java.lang.NullPointerException
2021-11-29 23:17:10.766 ERROR 6224 --- [    Test worker] tourGuide.service.TourGuideService       : java.lang.NullPointerException
2021-11-29 23:17:10.766 ERROR 6224 --- [    Test worker] tourGuide.service.TourGuideService       : java.lang.NullPointerException
2021-11-29 23:17:10.766 ERROR 6224 --- [    Test worker] tourGuide.service.TourGuideService       : java.lang.NullPointerException
2021-11-29 23:17:10.766 ERROR 6224 --- [    Test worker] tourGuide.service.TourGuideService       : java.lang.NullPointerException
2021-11-29 23:17:10.767 ERROR 6224 --- [    Test worker] tourGuide.service.TourGuideService       : java.lang.NullPointerException
2021-11-29 23:17:10.767 ERROR 6224 --- [    Test worker] tourGuide.service.TourGuideService       : java.lang.NullPointerException
2021-11-29 23:17:10.767 ERROR 6224 --- [    Test worker] tourGuide.service.TourGuideService       : java.lang.NullPointerException
2021-11-29 23:17:10.767 ERROR 6224 --- [    Test worker] tourGuide.service.TourGuideService       : java.lang.NullPointerException
2021-11-29 23:17:10.767 ERROR 6224 --- [    Test worker] tourGuide.service.TourGuideService       : java.lang.NullPointerException
2021-11-29 23:17:10.767 ERROR 6224 --- [    Test worker] tourGuide.service.TourGuideService       : java.lang.NullPointerException
2021-11-29 23:17:10.767 ERROR 6224 --- [    Test worker] tourGuide.service.TourGuideService       : java.lang.NullPointerException
2021-11-29 23:17:10.767 ERROR 6224 --- [    Test worker] tourGuide.service.TourGuideService       : java.lang.NullPointerException
2021-11-29 23:17:10.767 ERROR 6224 --- [    Test worker] tourGuide.service.TourGuideService       : java.lang.NullPointerException
2021-11-29 23:17:10.767 ERROR 6224 --- [    Test worker] tourGuide.service.TourGuideService       : java.lang.NullPointerException
2021-11-29 23:17:10.767 ERROR 6224 --- [    Test worker] tourGuide.service.TourGuideService       : java.lang.NullPointerException
2021-11-29 23:17:10.767 ERROR 6224 --- [    Test worker] tourGuide.service.TourGuideService       : java.lang.NullPointerException
2021-11-29 23:17:10.767 ERROR 6224 --- [    Test worker] tourGuide.service.TourGuideService       : java.lang.NullPointerException
2021-11-29 23:17:10.767 ERROR 6224 --- [    Test worker] tourGuide.service.TourGuideService       : java.lang.NullPointerException
2021-11-29 23:17:10.767 ERROR 6224 --- [    Test worker] tourGuide.service.TourGuideService       : java.lang.NullPointerException
2021-11-29 23:17:10.767 ERROR 6224 --- [    Test worker] tourGuide.service.TourGuideService       : java.lang.NullPointerException
2021-11-29 23:17:10.767 ERROR 6224 --- [    Test worker] tourGuide.service.TourGuideService       : java.lang.NullPointerException
2021-11-29 23:17:10.767 ERROR 6224 --- [    Test worker] tourGuide.service.TourGuideService       : java.lang.NullPointerException
2021-11-29 23:17:10.767 ERROR 6224 --- [    Test worker] tourGuide.service.TourGuideService       : java.lang.NullPointerException
2021-11-29 23:17:10.767 ERROR 6224 --- [    Test worker] tourGuide.service.TourGuideService       : java.lang.NullPointerException
2021-11-29 23:17:10.767 ERROR 6224 --- [    Test worker] tourGuide.service.TourGuideService       : java.lang.NullPointerException
2021-11-29 23:17:10.767 ERROR 6224 --- [    Test worker] tourGuide.service.TourGuideService       : java.lang.NullPointerException
2021-11-29 23:17:10.767 ERROR 6224 --- [    Test worker] tourGuide.service.TourGuideService       : java.lang.NullPointerException
2021-11-29 23:17:10.767 ERROR 6224 --- [    Test worker] tourGuide.service.TourGuideService       : java.lang.NullPointerException
2021-11-29 23:17:10.767 ERROR 6224 --- [    Test worker] tourGuide.service.TourGuideService       : java.lang.NullPointerException
2021-11-29 23:17:10.768 ERROR 6224 --- [    Test worker] tourGuide.service.TourGuideService       : java.lang.NullPointerException
2021-11-29 23:17:10.768 ERROR 6224 --- [    Test worker] tourGuide.service.TourGuideService       : java.lang.NullPointerException
2021-11-29 23:17:10.768 ERROR 6224 --- [    Test worker] tourGuide.service.TourGuideService       : java.lang.NullPointerException
2021-11-29 23:17:10.768 ERROR 6224 --- [    Test worker] tourGuide.service.TourGuideService       : java.lang.NullPointerException
2021-11-29 23:17:10.768 ERROR 6224 --- [    Test worker] tourGuide.service.TourGuideService       : java.lang.NullPointerException
2021-11-29 23:17:10.768 ERROR 6224 --- [    Test worker] tourGuide.service.TourGuideService       : java.lang.NullPointerException
2021-11-29 23:17:10.768 ERROR 6224 --- [    Test worker] tourGuide.service.TourGuideService       : java.lang.NullPointerException
2021-11-29 23:17:10.768 ERROR 6224 --- [    Test worker] tourGuide.service.TourGuideService       : java.lang.NullPointerException
2021-11-29 23:17:10.768 ERROR 6224 --- [    Test worker] tourGuide.service.TourGuideService       : java.lang.NullPointerException
2021-11-29 23:17:10.768 ERROR 6224 --- [    Test worker] tourGuide.service.TourGuideService       : java.lang.NullPointerException
2021-11-29 23:17:10.769 ERROR 6224 --- [    Test worker] tourGuide.service.TourGuideService       : java.lang.NullPointerException
2021-11-29 23:17:10.769 ERROR 6224 --- [    Test worker] tourGuide.service.TourGuideService       : java.lang.NullPointerException
2021-11-29 23:17:10.769 ERROR 6224 --- [    Test worker] tourGuide.service.TourGuideService       : java.lang.NullPointerException
2021-11-29 23:17:10.769 ERROR 6224 --- [    Test worker] tourGuide.service.TourGuideService       : java.lang.NullPointerException
2021-11-29 23:17:10.769 ERROR 6224 --- [    Test worker] tourGuide.service.TourGuideService       : java.lang.NullPointerException
2021-11-29 23:17:10.769 ERROR 6224 --- [    Test worker] tourGuide.service.TourGuideService       : java.lang.NullPointerException
2021-11-29 23:17:10.769 ERROR 6224 --- [    Test worker] tourGuide.service.TourGuideService       : java.lang.NullPointerException
2021-11-29 23:17:10.769 ERROR 6224 --- [    Test worker] tourGuide.service.TourGuideService       : java.lang.NullPointerException
2021-11-29 23:17:10.769 ERROR 6224 --- [    Test worker] tourGuide.service.TourGuideService       : java.lang.NullPointerException
2021-11-29 23:17:10.769 ERROR 6224 --- [    Test worker] tourGuide.service.TourGuideService       : java.lang.NullPointerException
2021-11-29 23:17:10.769 ERROR 6224 --- [    Test worker] tourGuide.service.TourGuideService       : java.lang.NullPointerException
2021-11-29 23:17:10.769 ERROR 6224 --- [    Test worker] tourGuide.service.TourGuideService       : java.lang.NullPointerException
2021-11-29 23:17:10.769 ERROR 6224 --- [    Test worker] tourGuide.service.TourGuideService       : java.lang.NullPointerException
2021-11-29 23:17:10.769 ERROR 6224 --- [    Test worker] tourGuide.service.TourGuideService       : java.lang.NullPointerException
2021-11-29 23:17:10.769 ERROR 6224 --- [    Test worker] tourGuide.service.TourGuideService       : java.lang.NullPointerException
2021-11-29 23:17:10.769 ERROR 6224 --- [    Test worker] tourGuide.service.TourGuideService       : java.lang.NullPointerException
2021-11-29 23:17:10.769 ERROR 6224 --- [    Test worker] tourGuide.service.TourGuideService       : java.lang.NullPointerException
2021-11-29 23:17:10.769 ERROR 6224 --- [    Test worker] tourGuide.service.TourGuideService       : java.lang.NullPointerException
2021-11-29 23:17:10.769 ERROR 6224 --- [    Test worker] tourGuide.service.TourGuideService       : java.lang.NullPointerException
2021-11-29 23:17:10.769 ERROR 6224 --- [    Test worker] tourGuide.service.TourGuideService       : java.lang.NullPointerException
2021-11-29 23:17:10.769 ERROR 6224 --- [    Test worker] tourGuide.service.TourGuideService       : java.lang.NullPointerException
2021-11-29 23:17:10.769 ERROR 6224 --- [    Test worker] tourGuide.service.TourGuideService       : java.lang.NullPointerException
2021-11-29 23:17:10.769 ERROR 6224 --- [    Test worker] tourGuide.service.TourGuideService       : java.lang.NullPointerException
2021-11-29 23:17:10.770 ERROR 6224 --- [    Test worker] tourGuide.service.TourGuideService       : java.lang.NullPointerException
2021-11-29 23:17:10.771 ERROR 6224 --- [    Test worker] tourGuide.service.TourGuideService       : java.lang.NullPointerException
2021-11-29 23:17:10.771 ERROR 6224 --- [    Test worker] tourGuide.service.TourGuideService       : java.lang.NullPointerException
2021-11-29 23:17:10.771 ERROR 6224 --- [    Test worker] tourGuide.service.TourGuideService       : java.lang.NullPointerException
2021-11-29 23:17:10.771 ERROR 6224 --- [    Test worker] tourGuide.service.TourGuideService       : java.lang.NullPointerException
2021-11-29 23:17:10.771 ERROR 6224 --- [    Test worker] tourGuide.service.TourGuideService       : java.lang.NullPointerException
2021-11-29 23:17:10.771 ERROR 6224 --- [    Test worker] tourGuide.service.TourGuideService       : java.lang.NullPointerException
2021-11-29 23:17:10.771 ERROR 6224 --- [    Test worker] tourGuide.service.TourGuideService       : java.lang.NullPointerException
2021-11-29 23:17:10.771 ERROR 6224 --- [    Test worker] tourGuide.service.TourGuideService       : java.lang.NullPointerException
2021-11-29 23:17:10.771 ERROR 6224 --- [    Test worker] tourGuide.service.TourGuideService       : java.lang.NullPointerException
2021-11-29 23:17:10.771 ERROR 6224 --- [    Test worker] tourGuide.service.TourGuideService       : java.lang.NullPointerException
2021-11-29 23:17:10.771 ERROR 6224 --- [    Test worker] tourGuide.service.TourGuideService       : java.lang.NullPointerException
2021-11-29 23:17:10.771 ERROR 6224 --- [    Test worker] tourGuide.service.TourGuideService       : java.lang.NullPointerException
2021-11-29 23:17:10.771 ERROR 6224 --- [    Test worker] tourGuide.service.TourGuideService       : java.lang.NullPointerException
2021-11-29 23:17:10.772 ERROR 6224 --- [    Test worker] tourGuide.service.TourGuideService       : java.lang.NullPointerException
2021-11-29 23:17:10.773 ERROR 6224 --- [    Test worker] tourGuide.service.TourGuideService       : java.lang.NullPointerException
2021-11-29 23:17:10.773 ERROR 6224 --- [    Test worker] tourGuide.service.TourGuideService       : java.lang.NullPointerException
2021-11-29 23:17:10.773 ERROR 6224 --- [    Test worker] tourGuide.service.TourGuideService       : java.lang.NullPointerException
2021-11-29 23:17:10.773 ERROR 6224 --- [    Test worker] tourGuide.service.TourGuideService       : java.lang.NullPointerException
2021-11-29 23:17:10.773 ERROR 6224 --- [    Test worker] tourGuide.service.TourGuideService       : java.lang.NullPointerException
2021-11-29 23:17:10.773 ERROR 6224 --- [    Test worker] tourGuide.service.TourGuideService       : java.lang.NullPointerException
2021-11-29 23:17:10.773 ERROR 6224 --- [    Test worker] tourGuide.service.TourGuideService       : java.lang.NullPointerException
2021-11-29 23:17:10.773 ERROR 6224 --- [    Test worker] tourGuide.service.TourGuideService       : java.lang.NullPointerException
2021-11-29 23:17:10.773 ERROR 6224 --- [    Test worker] tourGuide.service.TourGuideService       : java.lang.NullPointerException
2021-11-29 23:17:10.773 ERROR 6224 --- [    Test worker] tourGuide.service.TourGuideService       : java.lang.NullPointerException
2021-11-29 23:17:10.774 ERROR 6224 --- [    Test worker] tourGuide.service.TourGuideService       : java.lang.NullPointerException
2021-11-29 23:17:10.774 ERROR 6224 --- [    Test worker] tourGuide.service.TourGuideService       : java.lang.NullPointerException
2021-11-29 23:17:10.774 ERROR 6224 --- [    Test worker] tourGuide.service.TourGuideService       : java.lang.NullPointerException
2021-11-29 23:17:10.774 ERROR 6224 --- [    Test worker] tourGuide.service.TourGuideService       : java.lang.NullPointerException
2021-11-29 23:17:10.774 ERROR 6224 --- [    Test worker] tourGuide.service.TourGuideService       : java.lang.NullPointerException
2021-11-29 23:17:10.774 ERROR 6224 --- [    Test worker] tourGuide.service.TourGuideService       : java.lang.NullPointerException
2021-11-29 23:17:10.774 ERROR 6224 --- [    Test worker] tourGuide.service.TourGuideService       : java.lang.NullPointerException
2021-11-29 23:17:10.774 ERROR 6224 --- [    Test worker] tourGuide.service.TourGuideService       : java.lang.NullPointerException
2021-11-29 23:17:10.774 ERROR 6224 --- [    Test worker] tourGuide.service.TourGuideService       : java.lang.NullPointerException
2021-11-29 23:17:10.774 ERROR 6224 --- [    Test worker] tourGuide.service.TourGuideService       : java.lang.NullPointerException
2021-11-29 23:17:10.774 ERROR 6224 --- [    Test worker] tourGuide.service.TourGuideService       : java.lang.NullPointerException
2021-11-29 23:17:10.775 ERROR 6224 --- [    Test worker] tourGuide.service.TourGuideService       : java.lang.NullPointerException
2021-11-29 23:17:10.775 ERROR 6224 --- [    Test worker] tourGuide.service.TourGuideService       : java.lang.NullPointerException
2021-11-29 23:17:10.775 ERROR 6224 --- [    Test worker] tourGuide.service.TourGuideService       : java.lang.NullPointerException
2021-11-29 23:17:10.775 ERROR 6224 --- [    Test worker] tourGuide.service.TourGuideService       : java.lang.NullPointerException
2021-11-29 23:17:10.775 ERROR 6224 --- [    Test worker] tourGuide.service.TourGuideService       : java.lang.NullPointerException
2021-11-29 23:17:10.775 ERROR 6224 --- [    Test worker] tourGuide.service.TourGuideService       : java.lang.NullPointerException
2021-11-29 23:17:10.775 ERROR 6224 --- [    Test worker] tourGuide.service.TourGuideService       : java.lang.NullPointerException
2021-11-29 23:17:10.775 ERROR 6224 --- [    Test worker] tourGuide.service.TourGuideService       : java.lang.NullPointerException
2021-11-29 23:17:10.775 ERROR 6224 --- [    Test worker] tourGuide.service.TourGuideService       : java.lang.NullPointerException
2021-11-29 23:17:10.775 ERROR 6224 --- [    Test worker] tourGuide.service.TourGuideService       : java.lang.NullPointerException
2021-11-29 23:17:10.775 ERROR 6224 --- [    Test worker] tourGuide.service.TourGuideService       : java.lang.NullPointerException
2021-11-29 23:17:10.775 ERROR 6224 --- [    Test worker] tourGuide.service.TourGuideService       : java.lang.NullPointerException
2021-11-29 23:17:10.775 ERROR 6224 --- [    Test worker] tourGuide.service.TourGuideService       : java.lang.NullPointerException
2021-11-29 23:17:10.775 ERROR 6224 --- [    Test worker] tourGuide.service.TourGuideService       : java.lang.NullPointerException
2021-11-29 23:17:10.775 ERROR 6224 --- [    Test worker] tourGuide.service.TourGuideService       : java.lang.NullPointerException
2021-11-29 23:17:10.775 ERROR 6224 --- [    Test worker] tourGuide.service.TourGuideService       : java.lang.NullPointerException
2021-11-29 23:17:10.775 ERROR 6224 --- [    Test worker] tourGuide.service.TourGuideService       : java.lang.NullPointerException
2021-11-29 23:17:10.775 ERROR 6224 --- [    Test worker] tourGuide.service.TourGuideService       : java.lang.NullPointerException
2021-11-29 23:17:10.776 ERROR 6224 --- [    Test worker] tourGuide.service.TourGuideService       : java.lang.NullPointerException
2021-11-29 23:17:10.776 ERROR 6224 --- [    Test worker] tourGuide.service.TourGuideService       : java.lang.NullPointerException
2021-11-29 23:17:10.776 ERROR 6224 --- [    Test worker] tourGuide.service.TourGuideService       : java.lang.NullPointerException
2021-11-29 23:17:10.776 ERROR 6224 --- [    Test worker] tourGuide.service.TourGuideService       : java.lang.NullPointerException
2021-11-29 23:17:10.776 ERROR 6224 --- [    Test worker] tourGuide.service.TourGuideService       : java.lang.NullPointerException
2021-11-29 23:17:10.776 ERROR 6224 --- [    Test worker] tourGuide.service.TourGuideService       : java.lang.NullPointerException
2021-11-29 23:17:10.776 ERROR 6224 --- [    Test worker] tourGuide.service.TourGuideService       : java.lang.NullPointerException
2021-11-29 23:17:10.776 ERROR 6224 --- [    Test worker] tourGuide.service.TourGuideService       : java.lang.NullPointerException
2021-11-29 23:17:10.776 ERROR 6224 --- [    Test worker] tourGuide.service.TourGuideService       : java.lang.NullPointerException
2021-11-29 23:17:10.776 ERROR 6224 --- [    Test worker] tourGuide.service.TourGuideService       : java.lang.NullPointerException
2021-11-29 23:17:10.776 ERROR 6224 --- [    Test worker] tourGuide.service.TourGuideService       : java.lang.NullPointerException
2021-11-29 23:17:10.777 ERROR 6224 --- [    Test worker] tourGuide.service.TourGuideService       : java.lang.NullPointerException
2021-11-29 23:17:10.778 ERROR 6224 --- [    Test worker] tourGuide.service.TourGuideService       : java.lang.NullPointerException
2021-11-29 23:17:10.778 ERROR 6224 --- [    Test worker] tourGuide.service.TourGuideService       : java.lang.NullPointerException
2021-11-29 23:17:10.778 ERROR 6224 --- [    Test worker] tourGuide.service.TourGuideService       : java.lang.NullPointerException
2021-11-29 23:17:10.778 ERROR 6224 --- [    Test worker] tourGuide.service.TourGuideService       : java.lang.NullPointerException
2021-11-29 23:17:10.778 ERROR 6224 --- [    Test worker] tourGuide.service.TourGuideService       : java.lang.NullPointerException
2021-11-29 23:17:10.778 ERROR 6224 --- [    Test worker] tourGuide.service.TourGuideService       : java.lang.NullPointerException
2021-11-29 23:17:10.778 ERROR 6224 --- [    Test worker] tourGuide.service.TourGuideService       : java.lang.NullPointerException
2021-11-29 23:17:10.778 ERROR 6224 --- [    Test worker] tourGuide.service.TourGuideService       : java.lang.NullPointerException
2021-11-29 23:17:10.778 ERROR 6224 --- [    Test worker] tourGuide.service.TourGuideService       : java.lang.NullPointerException
2021-11-29 23:17:10.778 ERROR 6224 --- [    Test worker] tourGuide.service.TourGuideService       : java.lang.NullPointerException
2021-11-29 23:17:10.778 ERROR 6224 --- [    Test worker] tourGuide.service.TourGuideService       : java.lang.NullPointerException
2021-11-29 23:17:10.778 ERROR 6224 --- [    Test worker] tourGuide.service.TourGuideService       : java.lang.NullPointerException
2021-11-29 23:17:10.779 ERROR 6224 --- [    Test worker] tourGuide.service.TourGuideService       : java.lang.NullPointerException
2021-11-29 23:17:10.779 ERROR 6224 --- [    Test worker] tourGuide.service.TourGuideService       : java.lang.NullPointerException
2021-11-29 23:17:10.779 ERROR 6224 --- [    Test worker] tourGuide.service.TourGuideService       : java.lang.NullPointerException
2021-11-29 23:17:10.782 ERROR 6224 --- [    Test worker] tourGuide.service.TourGuideService       : java.lang.NullPointerException
2021-11-29 23:17:10.783 ERROR 6224 --- [    Test worker] tourGuide.service.TourGuideService       : java.lang.NullPointerException
2021-11-29 23:17:10.783 ERROR 6224 --- [    Test worker] tourGuide.service.TourGuideService       : java.lang.NullPointerException
2021-11-29 23:17:10.783 ERROR 6224 --- [    Test worker] tourGuide.service.TourGuideService       : java.lang.NullPointerException
2021-11-29 23:17:10.783 ERROR 6224 --- [    Test worker] tourGuide.service.TourGuideService       : java.lang.NullPointerException
2021-11-29 23:17:10.783 ERROR 6224 --- [    Test worker] tourGuide.service.TourGuideService       : java.lang.NullPointerException
2021-11-29 23:17:10.784 ERROR 6224 --- [    Test worker] tourGuide.service.TourGuideService       : java.lang.NullPointerException
2021-11-29 23:17:10.784 ERROR 6224 --- [    Test worker] tourGuide.service.TourGuideService       : java.lang.NullPointerException
2021-11-29 23:17:10.784 ERROR 6224 --- [    Test worker] tourGuide.service.TourGuideService       : java.lang.NullPointerException
2021-11-29 23:17:10.784 ERROR 6224 --- [    Test worker] tourGuide.service.TourGuideService       : java.lang.NullPointerException
2021-11-29 23:17:10.784 ERROR 6224 --- [    Test worker] tourGuide.service.TourGuideService       : java.lang.NullPointerException
2021-11-29 23:17:10.784 ERROR 6224 --- [    Test worker] tourGuide.service.TourGuideService       : java.lang.NullPointerException
2021-11-29 23:17:10.784 ERROR 6224 --- [    Test worker] tourGuide.service.TourGuideService       : java.lang.NullPointerException
2021-11-29 23:17:10.784 ERROR 6224 --- [    Test worker] tourGuide.service.TourGuideService       : java.lang.NullPointerException
2021-11-29 23:17:10.784 ERROR 6224 --- [    Test worker] tourGuide.service.TourGuideService       : java.lang.NullPointerException
2021-11-29 23:17:10.784 ERROR 6224 --- [    Test worker] tourGuide.service.TourGuideService       : java.lang.NullPointerException
2021-11-29 23:17:10.784 ERROR 6224 --- [    Test worker] tourGuide.service.TourGuideService       : java.lang.NullPointerException
2021-11-29 23:17:10.784 ERROR 6224 --- [    Test worker] tourGuide.service.TourGuideService       : java.lang.NullPointerException
2021-11-29 23:17:10.784 ERROR 6224 --- [    Test worker] tourGuide.service.TourGuideService       : java.lang.NullPointerException
2021-11-29 23:17:10.784 ERROR 6224 --- [    Test worker] tourGuide.service.TourGuideService       : java.lang.NullPointerException
2021-11-29 23:17:10.784 ERROR 6224 --- [    Test worker] tourGuide.service.TourGuideService       : java.lang.NullPointerException
2021-11-29 23:17:10.784 ERROR 6224 --- [    Test worker] tourGuide.service.TourGuideService       : java.lang.NullPointerException
2021-11-29 23:17:10.784 ERROR 6224 --- [    Test worker] tourGuide.service.TourGuideService       : java.lang.NullPointerException
2021-11-29 23:17:10.784 ERROR 6224 --- [    Test worker] tourGuide.service.TourGuideService       : java.lang.NullPointerException
2021-11-29 23:17:10.784 ERROR 6224 --- [    Test worker] tourGuide.service.TourGuideService       : java.lang.NullPointerException
2021-11-29 23:17:10.784 ERROR 6224 --- [    Test worker] tourGuide.service.TourGuideService       : java.lang.NullPointerException
2021-11-29 23:17:10.784 ERROR 6224 --- [    Test worker] tourGuide.service.TourGuideService       : java.lang.NullPointerException
2021-11-29 23:17:10.785 ERROR 6224 --- [    Test worker] tourGuide.service.TourGuideService       : java.lang.NullPointerException
2021-11-29 23:17:10.785 ERROR 6224 --- [    Test worker] tourGuide.service.TourGuideService       : java.lang.NullPointerException
2021-11-29 23:17:10.785 ERROR 6224 --- [    Test worker] tourGuide.service.TourGuideService       : java.lang.NullPointerException
2021-11-29 23:17:10.785 ERROR 6224 --- [    Test worker] tourGuide.service.TourGuideService       : java.lang.NullPointerException
2021-11-29 23:17:10.785 ERROR 6224 --- [    Test worker] tourGuide.service.TourGuideService       : java.lang.NullPointerException
2021-11-29 23:17:10.785 ERROR 6224 --- [    Test worker] tourGuide.service.TourGuideService       : java.lang.NullPointerException
2021-11-29 23:17:10.785 ERROR 6224 --- [    Test worker] tourGuide.service.TourGuideService       : java.lang.NullPointerException
2021-11-29 23:17:10.785 ERROR 6224 --- [    Test worker] tourGuide.service.TourGuideService       : java.lang.NullPointerException
2021-11-29 23:17:10.785 ERROR 6224 --- [    Test worker] tourGuide.service.TourGuideService       : java.lang.NullPointerException
2021-11-29 23:17:10.785 ERROR 6224 --- [    Test worker] tourGuide.service.TourGuideService       : java.lang.NullPointerException
2021-11-29 23:17:10.785 ERROR 6224 --- [    Test worker] tourGuide.service.TourGuideService       : java.lang.NullPointerException
2021-11-29 23:17:10.785 ERROR 6224 --- [    Test worker] tourGuide.service.TourGuideService       : java.lang.NullPointerException
2021-11-29 23:17:10.785 ERROR 6224 --- [    Test worker] tourGuide.service.TourGuideService       : java.lang.NullPointerException
2021-11-29 23:17:10.785 ERROR 6224 --- [    Test worker] tourGuide.service.TourGuideService       : java.lang.NullPointerException
2021-11-29 23:17:10.785 ERROR 6224 --- [    Test worker] tourGuide.service.TourGuideService       : java.lang.NullPointerException
2021-11-29 23:17:10.785 ERROR 6224 --- [    Test worker] tourGuide.service.TourGuideService       : java.lang.NullPointerException
2021-11-29 23:17:10.785 ERROR 6224 --- [    Test worker] tourGuide.service.TourGuideService       : java.lang.NullPointerException
2021-11-29 23:17:10.786 ERROR 6224 --- [    Test worker] tourGuide.service.TourGuideService       : java.lang.NullPointerException
2021-11-29 23:17:10.786 ERROR 6224 --- [    Test worker] tourGuide.service.TourGuideService       : java.lang.NullPointerException
2021-11-29 23:17:10.786 ERROR 6224 --- [    Test worker] tourGuide.service.TourGuideService       : java.lang.NullPointerException
2021-11-29 23:17:10.786 ERROR 6224 --- [    Test worker] tourGuide.service.TourGuideService       : java.lang.NullPointerException
2021-11-29 23:17:10.786 ERROR 6224 --- [    Test worker] tourGuide.service.TourGuideService       : java.lang.NullPointerException
2021-11-29 23:17:10.786 ERROR 6224 --- [    Test worker] tourGuide.service.TourGuideService       : java.lang.NullPointerException
2021-11-29 23:17:10.786 ERROR 6224 --- [    Test worker] tourGuide.service.TourGuideService       : java.lang.NullPointerException
2021-11-29 23:17:10.786 ERROR 6224 --- [    Test worker] tourGuide.service.TourGuideService       : java.lang.NullPointerException
2021-11-29 23:17:10.786 ERROR 6224 --- [    Test worker] tourGuide.service.TourGuideService       : java.lang.NullPointerException
2021-11-29 23:17:10.786 ERROR 6224 --- [    Test worker] tourGuide.service.TourGuideService       : java.lang.NullPointerException
2021-11-29 23:17:10.786 ERROR 6224 --- [    Test worker] tourGuide.service.TourGuideService       : java.lang.NullPointerException
2021-11-29 23:17:10.786 ERROR 6224 --- [    Test worker] tourGuide.service.TourGuideService       : java.lang.NullPointerException
2021-11-29 23:17:10.786 ERROR 6224 --- [    Test worker] tourGuide.service.TourGuideService       : java.lang.NullPointerException
2021-11-29 23:17:10.786 ERROR 6224 --- [    Test worker] tourGuide.service.TourGuideService       : java.lang.NullPointerException
2021-11-29 23:17:10.786 ERROR 6224 --- [    Test worker] tourGuide.service.TourGuideService       : java.lang.NullPointerException
2021-11-29 23:17:10.786 ERROR 6224 --- [    Test worker] tourGuide.service.TourGuideService       : java.lang.NullPointerException
2021-11-29 23:17:10.786 ERROR 6224 --- [    Test worker] tourGuide.service.TourGuideService       : java.lang.NullPointerException
2021-11-29 23:17:10.786 ERROR 6224 --- [    Test worker] tourGuide.service.TourGuideService       : java.lang.NullPointerException
2021-11-29 23:17:10.786 ERROR 6224 --- [    Test worker] tourGuide.service.TourGuideService       : java.lang.NullPointerException
2021-11-29 23:17:10.787 ERROR 6224 --- [    Test worker] tourGuide.service.TourGuideService       : java.lang.NullPointerException
2021-11-29 23:17:10.787 ERROR 6224 --- [    Test worker] tourGuide.service.TourGuideService       : java.lang.NullPointerException
2021-11-29 23:17:10.787 ERROR 6224 --- [    Test worker] tourGuide.service.TourGuideService       : java.lang.NullPointerException
2021-11-29 23:17:10.787 ERROR 6224 --- [    Test worker] tourGuide.service.TourGuideService       : java.lang.NullPointerException
2021-11-29 23:17:10.787 ERROR 6224 --- [    Test worker] tourGuide.service.TourGuideService       : java.lang.NullPointerException
2021-11-29 23:17:10.787 ERROR 6224 --- [    Test worker] tourGuide.service.TourGuideService       : java.lang.NullPointerException
2021-11-29 23:17:10.787 ERROR 6224 --- [    Test worker] tourGuide.service.TourGuideService       : java.lang.NullPointerException
2021-11-29 23:17:10.787 ERROR 6224 --- [    Test worker] tourGuide.service.TourGuideService       : java.lang.NullPointerException
2021-11-29 23:17:10.787 ERROR 6224 --- [    Test worker] tourGuide.service.TourGuideService       : java.lang.NullPointerException
2021-11-29 23:17:10.787 ERROR 6224 --- [    Test worker] tourGuide.service.TourGuideService       : java.lang.NullPointerException
2021-11-29 23:17:10.787 ERROR 6224 --- [    Test worker] tourGuide.service.TourGuideService       : java.lang.NullPointerException
2021-11-29 23:17:10.787 ERROR 6224 --- [    Test worker] tourGuide.service.TourGuideService       : java.lang.NullPointerException
2021-11-29 23:17:10.787 ERROR 6224 --- [    Test worker] tourGuide.service.TourGuideService       : java.lang.NullPointerException
2021-11-29 23:17:10.787 ERROR 6224 --- [    Test worker] tourGuide.service.TourGuideService       : java.lang.NullPointerException
2021-11-29 23:17:10.787 ERROR 6224 --- [    Test worker] tourGuide.service.TourGuideService       : java.lang.NullPointerException
2021-11-29 23:17:10.787 ERROR 6224 --- [    Test worker] tourGuide.service.TourGuideService       : java.lang.NullPointerException
2021-11-29 23:17:10.787 ERROR 6224 --- [    Test worker] tourGuide.service.TourGuideService       : java.lang.NullPointerException
2021-11-29 23:17:10.787 ERROR 6224 --- [    Test worker] tourGuide.service.TourGuideService       : java.lang.NullPointerException
2021-11-29 23:17:10.788 ERROR 6224 --- [    Test worker] tourGuide.service.TourGuideService       : java.lang.NullPointerException
2021-11-29 23:17:10.788 ERROR 6224 --- [    Test worker] tourGuide.service.TourGuideService       : java.lang.NullPointerException
2021-11-29 23:17:10.788 ERROR 6224 --- [    Test worker] tourGuide.service.TourGuideService       : java.lang.NullPointerException
2021-11-29 23:17:10.788 ERROR 6224 --- [    Test worker] tourGuide.service.TourGuideService       : java.lang.NullPointerException
2021-11-29 23:17:10.788 ERROR 6224 --- [    Test worker] tourGuide.service.TourGuideService       : java.lang.NullPointerException
2021-11-29 23:17:10.788 ERROR 6224 --- [    Test worker] tourGuide.service.TourGuideService       : java.lang.NullPointerException
2021-11-29 23:17:10.788 ERROR 6224 --- [    Test worker] tourGuide.service.TourGuideService       : java.lang.NullPointerException
2021-11-29 23:17:10.788 ERROR 6224 --- [    Test worker] tourGuide.service.TourGuideService       : java.lang.NullPointerException
2021-11-29 23:17:10.788 ERROR 6224 --- [    Test worker] tourGuide.service.TourGuideService       : java.lang.NullPointerException
2021-11-29 23:17:10.788 ERROR 6224 --- [    Test worker] tourGuide.service.TourGuideService       : java.lang.NullPointerException
2021-11-29 23:17:10.788 ERROR 6224 --- [    Test worker] tourGuide.service.TourGuideService       : java.lang.NullPointerException
2021-11-29 23:17:10.788 ERROR 6224 --- [    Test worker] tourGuide.service.TourGuideService       : java.lang.NullPointerException
2021-11-29 23:17:10.789 ERROR 6224 --- [    Test worker] tourGuide.service.TourGuideService       : java.lang.NullPointerException
2021-11-29 23:17:10.789 ERROR 6224 --- [    Test worker] tourGuide.service.TourGuideService       : java.lang.NullPointerException
2021-11-29 23:17:10.789 ERROR 6224 --- [    Test worker] tourGuide.service.TourGuideService       : java.lang.NullPointerException
2021-11-29 23:17:10.789 ERROR 6224 --- [    Test worker] tourGuide.service.TourGuideService       : java.lang.NullPointerException
2021-11-29 23:17:10.789 ERROR 6224 --- [    Test worker] tourGuide.service.TourGuideService       : java.lang.NullPointerException
2021-11-29 23:17:10.789 ERROR 6224 --- [    Test worker] tourGuide.service.TourGuideService       : java.lang.NullPointerException
2021-11-29 23:17:10.789 ERROR 6224 --- [    Test worker] tourGuide.service.TourGuideService       : java.lang.NullPointerException
2021-11-29 23:17:10.789 ERROR 6224 --- [    Test worker] tourGuide.service.TourGuideService       : java.lang.NullPointerException
2021-11-29 23:17:10.789 ERROR 6224 --- [    Test worker] tourGuide.service.TourGuideService       : java.lang.NullPointerException
2021-11-29 23:17:10.789 ERROR 6224 --- [    Test worker] tourGuide.service.TourGuideService       : java.lang.NullPointerException
2021-11-29 23:17:10.789 ERROR 6224 --- [    Test worker] tourGuide.service.TourGuideService       : java.lang.NullPointerException
2021-11-29 23:17:10.789 ERROR 6224 --- [    Test worker] tourGuide.service.TourGuideService       : java.lang.NullPointerException
2021-11-29 23:17:10.789 ERROR 6224 --- [    Test worker] tourGuide.service.TourGuideService       : java.lang.NullPointerException
2021-11-29 23:17:10.789 ERROR 6224 --- [    Test worker] tourGuide.service.TourGuideService       : java.lang.NullPointerException
2021-11-29 23:17:10.789 ERROR 6224 --- [    Test worker] tourGuide.service.TourGuideService       : java.lang.NullPointerException
2021-11-29 23:17:10.789 ERROR 6224 --- [    Test worker] tourGuide.service.TourGuideService       : java.lang.NullPointerException
2021-11-29 23:17:10.789 ERROR 6224 --- [    Test worker] tourGuide.service.TourGuideService       : java.lang.NullPointerException
2021-11-29 23:17:10.790 ERROR 6224 --- [    Test worker] tourGuide.service.TourGuideService       : java.lang.NullPointerException
2021-11-29 23:17:10.790 ERROR 6224 --- [    Test worker] tourGuide.service.TourGuideService       : java.lang.NullPointerException
2021-11-29 23:17:10.790 ERROR 6224 --- [    Test worker] tourGuide.service.TourGuideService       : java.lang.NullPointerException
2021-11-29 23:17:10.790 ERROR 6224 --- [    Test worker] tourGuide.service.TourGuideService       : java.lang.NullPointerException
2021-11-29 23:17:10.790 ERROR 6224 --- [    Test worker] tourGuide.service.TourGuideService       : java.lang.NullPointerException
2021-11-29 23:17:10.790 ERROR 6224 --- [    Test worker] tourGuide.service.TourGuideService       : java.lang.NullPointerException
2021-11-29 23:17:10.790 ERROR 6224 --- [    Test worker] tourGuide.service.TourGuideService       : java.lang.NullPointerException
2021-11-29 23:17:10.790 ERROR 6224 --- [    Test worker] tourGuide.service.TourGuideService       : java.lang.NullPointerException
2021-11-29 23:17:10.790 ERROR 6224 --- [    Test worker] tourGuide.service.TourGuideService       : java.lang.NullPointerException
2021-11-29 23:17:10.790 ERROR 6224 --- [    Test worker] tourGuide.service.TourGuideService       : java.lang.NullPointerException
2021-11-29 23:17:10.790 ERROR 6224 --- [    Test worker] tourGuide.service.TourGuideService       : java.lang.NullPointerException
2021-11-29 23:17:10.796 ERROR 6224 --- [    Test worker] tourGuide.service.TourGuideService       : java.lang.NullPointerException
2021-11-29 23:17:10.796 ERROR 6224 --- [    Test worker] tourGuide.service.TourGuideService       : java.lang.NullPointerException
2021-11-29 23:17:10.796 ERROR 6224 --- [    Test worker] tourGuide.service.TourGuideService       : java.lang.NullPointerException
2021-11-29 23:17:10.796 ERROR 6224 --- [    Test worker] tourGuide.service.TourGuideService       : java.lang.NullPointerException
2021-11-29 23:17:10.796 ERROR 6224 --- [    Test worker] tourGuide.service.TourGuideService       : java.lang.NullPointerException
2021-11-29 23:17:10.796 ERROR 6224 --- [    Test worker] tourGuide.service.TourGuideService       : java.lang.NullPointerException
2021-11-29 23:17:10.796 ERROR 6224 --- [    Test worker] tourGuide.service.TourGuideService       : java.lang.NullPointerException
2021-11-29 23:17:10.796 ERROR 6224 --- [    Test worker] tourGuide.service.TourGuideService       : java.lang.NullPointerException
2021-11-29 23:17:10.796 ERROR 6224 --- [    Test worker] tourGuide.service.TourGuideService       : java.lang.NullPointerException
2021-11-29 23:17:10.796 ERROR 6224 --- [    Test worker] tourGuide.service.TourGuideService       : java.lang.NullPointerException
2021-11-29 23:17:10.796 ERROR 6224 --- [    Test worker] tourGuide.service.TourGuideService       : java.lang.NullPointerException
2021-11-29 23:17:10.796 ERROR 6224 --- [    Test worker] tourGuide.service.TourGuideService       : java.lang.NullPointerException
2021-11-29 23:17:10.796 ERROR 6224 --- [    Test worker] tourGuide.service.TourGuideService       : java.lang.NullPointerException
2021-11-29 23:17:10.797 ERROR 6224 --- [    Test worker] tourGuide.service.TourGuideService       : java.lang.NullPointerException
2021-11-29 23:17:10.797 ERROR 6224 --- [    Test worker] tourGuide.service.TourGuideService       : java.lang.NullPointerException
2021-11-29 23:17:10.800 ERROR 6224 --- [    Test worker] tourGuide.service.TourGuideService       : java.lang.NullPointerException
2021-11-29 23:17:10.800 ERROR 6224 --- [    Test worker] tourGuide.service.TourGuideService       : java.lang.NullPointerException
2021-11-29 23:17:10.800 ERROR 6224 --- [    Test worker] tourGuide.service.TourGuideService       : java.lang.NullPointerException
2021-11-29 23:17:10.800 ERROR 6224 --- [    Test worker] tourGuide.service.TourGuideService       : java.lang.NullPointerException
2021-11-29 23:17:10.800 ERROR 6224 --- [    Test worker] tourGuide.service.TourGuideService       : java.lang.NullPointerException
2021-11-29 23:17:10.800 ERROR 6224 --- [    Test worker] tourGuide.service.TourGuideService       : java.lang.NullPointerException
2021-11-29 23:17:10.801 ERROR 6224 --- [    Test worker] tourGuide.service.TourGuideService       : java.lang.NullPointerException
2021-11-29 23:17:10.801 ERROR 6224 --- [    Test worker] tourGuide.service.TourGuideService       : java.lang.NullPointerException
2021-11-29 23:17:10.801 ERROR 6224 --- [    Test worker] tourGuide.service.TourGuideService       : java.lang.NullPointerException
2021-11-29 23:17:10.801 ERROR 6224 --- [    Test worker] tourGuide.service.TourGuideService       : java.lang.NullPointerException
2021-11-29 23:17:10.801 ERROR 6224 --- [    Test worker] tourGuide.service.TourGuideService       : java.lang.NullPointerException
2021-11-29 23:17:10.801 ERROR 6224 --- [    Test worker] tourGuide.service.TourGuideService       : java.lang.NullPointerException
2021-11-29 23:17:10.801 ERROR 6224 --- [    Test worker] tourGuide.service.TourGuideService       : java.lang.NullPointerException
2021-11-29 23:17:10.801 ERROR 6224 --- [    Test worker] tourGuide.service.TourGuideService       : java.lang.NullPointerException
2021-11-29 23:17:10.801 ERROR 6224 --- [    Test worker] tourGuide.service.TourGuideService       : java.lang.NullPointerException
2021-11-29 23:17:10.801 ERROR 6224 --- [    Test worker] tourGuide.service.TourGuideService       : java.lang.NullPointerException
2021-11-29 23:17:10.801 ERROR 6224 --- [    Test worker] tourGuide.service.TourGuideService       : java.lang.NullPointerException
2021-11-29 23:17:10.801 ERROR 6224 --- [    Test worker] tourGuide.service.TourGuideService       : java.lang.NullPointerException
2021-11-29 23:17:10.801 ERROR 6224 --- [    Test worker] tourGuide.service.TourGuideService       : java.lang.NullPointerException
2021-11-29 23:17:10.801 ERROR 6224 --- [    Test worker] tourGuide.service.TourGuideService       : java.lang.NullPointerException
2021-11-29 23:17:10.801 ERROR 6224 --- [    Test worker] tourGuide.service.TourGuideService       : java.lang.NullPointerException
2021-11-29 23:17:10.801 ERROR 6224 --- [    Test worker] tourGuide.service.TourGuideService       : java.lang.NullPointerException
2021-11-29 23:17:10.801 ERROR 6224 --- [    Test worker] tourGuide.service.TourGuideService       : java.lang.NullPointerException
2021-11-29 23:17:10.801 ERROR 6224 --- [    Test worker] tourGuide.service.TourGuideService       : java.lang.NullPointerException
2021-11-29 23:17:10.801 ERROR 6224 --- [    Test worker] tourGuide.service.TourGuideService       : java.lang.NullPointerException
2021-11-29 23:17:10.801 ERROR 6224 --- [    Test worker] tourGuide.service.TourGuideService       : java.lang.NullPointerException
2021-11-29 23:17:10.801 ERROR 6224 --- [    Test worker] tourGuide.service.TourGuideService       : java.lang.NullPointerException
2021-11-29 23:17:10.802 ERROR 6224 --- [    Test worker] tourGuide.service.TourGuideService       : java.lang.NullPointerException
2021-11-29 23:17:10.802 ERROR 6224 --- [    Test worker] tourGuide.service.TourGuideService       : java.lang.NullPointerException
2021-11-29 23:17:10.802 ERROR 6224 --- [    Test worker] tourGuide.service.TourGuideService       : java.lang.NullPointerException
2021-11-29 23:17:10.802 ERROR 6224 --- [    Test worker] tourGuide.service.TourGuideService       : java.lang.NullPointerException
2021-11-29 23:17:10.802 ERROR 6224 --- [    Test worker] tourGuide.service.TourGuideService       : java.lang.NullPointerException
2021-11-29 23:17:10.802 ERROR 6224 --- [    Test worker] tourGuide.service.TourGuideService       : java.lang.NullPointerException
2021-11-29 23:17:10.802 ERROR 6224 --- [    Test worker] tourGuide.service.TourGuideService       : java.lang.NullPointerException
2021-11-29 23:17:10.802 ERROR 6224 --- [    Test worker] tourGuide.service.TourGuideService       : java.lang.NullPointerException
2021-11-29 23:17:10.802 ERROR 6224 --- [    Test worker] tourGuide.service.TourGuideService       : java.lang.NullPointerException
2021-11-29 23:17:10.802 ERROR 6224 --- [    Test worker] tourGuide.service.TourGuideService       : java.lang.NullPointerException
2021-11-29 23:17:10.802 ERROR 6224 --- [    Test worker] tourGuide.service.TourGuideService       : java.lang.NullPointerException
2021-11-29 23:17:10.802 ERROR 6224 --- [    Test worker] tourGuide.service.TourGuideService       : java.lang.NullPointerException
2021-11-29 23:17:10.802 ERROR 6224 --- [    Test worker] tourGuide.service.TourGuideService       : java.lang.NullPointerException
2021-11-29 23:17:10.802 ERROR 6224 --- [    Test worker] tourGuide.service.TourGuideService       : java.lang.NullPointerException
2021-11-29 23:17:10.802 ERROR 6224 --- [    Test worker] tourGuide.service.TourGuideService       : java.lang.NullPointerException
2021-11-29 23:17:10.802 ERROR 6224 --- [    Test worker] tourGuide.service.TourGuideService       : java.lang.NullPointerException
2021-11-29 23:17:10.802 ERROR 6224 --- [    Test worker] tourGuide.service.TourGuideService       : java.lang.NullPointerException
2021-11-29 23:17:10.802 ERROR 6224 --- [    Test worker] tourGuide.service.TourGuideService       : java.lang.NullPointerException
2021-11-29 23:17:10.802 ERROR 6224 --- [    Test worker] tourGuide.service.TourGuideService       : java.lang.NullPointerException
2021-11-29 23:17:10.803 ERROR 6224 --- [    Test worker] tourGuide.service.TourGuideService       : java.lang.NullPointerException
2021-11-29 23:17:10.803 ERROR 6224 --- [    Test worker] tourGuide.service.TourGuideService       : java.lang.NullPointerException
2021-11-29 23:17:10.803 ERROR 6224 --- [    Test worker] tourGuide.service.TourGuideService       : java.lang.NullPointerException
2021-11-29 23:17:10.803 ERROR 6224 --- [    Test worker] tourGuide.service.TourGuideService       : java.lang.NullPointerException
2021-11-29 23:17:10.803 ERROR 6224 --- [    Test worker] tourGuide.service.TourGuideService       : java.lang.NullPointerException
2021-11-29 23:17:10.803 ERROR 6224 --- [    Test worker] tourGuide.service.TourGuideService       : java.lang.NullPointerException
2021-11-29 23:17:10.803 ERROR 6224 --- [    Test worker] tourGuide.service.TourGuideService       : java.lang.NullPointerException
2021-11-29 23:17:10.803 ERROR 6224 --- [    Test worker] tourGuide.service.TourGuideService       : java.lang.NullPointerException
2021-11-29 23:17:10.803 ERROR 6224 --- [    Test worker] tourGuide.service.TourGuideService       : java.lang.NullPointerException
2021-11-29 23:17:10.803 ERROR 6224 --- [    Test worker] tourGuide.service.TourGuideService       : java.lang.NullPointerException
2021-11-29 23:17:10.803 ERROR 6224 --- [    Test worker] tourGuide.service.TourGuideService       : java.lang.NullPointerException
2021-11-29 23:17:10.803 ERROR 6224 --- [    Test worker] tourGuide.service.TourGuideService       : java.lang.NullPointerException
2021-11-29 23:17:10.803 ERROR 6224 --- [    Test worker] tourGuide.service.TourGuideService       : java.lang.NullPointerException
2021-11-29 23:17:10.803 ERROR 6224 --- [    Test worker] tourGuide.service.TourGuideService       : java.lang.NullPointerException
2021-11-29 23:17:10.803 ERROR 6224 --- [    Test worker] tourGuide.service.TourGuideService       : java.lang.NullPointerException
2021-11-29 23:17:10.803 ERROR 6224 --- [    Test worker] tourGuide.service.TourGuideService       : java.lang.NullPointerException
2021-11-29 23:17:10.803 ERROR 6224 --- [    Test worker] tourGuide.service.TourGuideService       : java.lang.NullPointerException
2021-11-29 23:17:10.803 ERROR 6224 --- [    Test worker] tourGuide.service.TourGuideService       : java.lang.NullPointerException
2021-11-29 23:17:10.803 ERROR 6224 --- [    Test worker] tourGuide.service.TourGuideService       : java.lang.NullPointerException
2021-11-29 23:17:10.804 ERROR 6224 --- [    Test worker] tourGuide.service.TourGuideService       : java.lang.NullPointerException
2021-11-29 23:17:10.804 ERROR 6224 --- [    Test worker] tourGuide.service.TourGuideService       : java.lang.NullPointerException
2021-11-29 23:17:10.804 ERROR 6224 --- [    Test worker] tourGuide.service.TourGuideService       : java.lang.NullPointerException
2021-11-29 23:17:10.804 ERROR 6224 --- [    Test worker] tourGuide.service.TourGuideService       : java.lang.NullPointerException
2021-11-29 23:17:10.804 ERROR 6224 --- [    Test worker] tourGuide.service.TourGuideService       : java.lang.NullPointerException
2021-11-29 23:17:10.804 ERROR 6224 --- [    Test worker] tourGuide.service.TourGuideService       : java.lang.NullPointerException
2021-11-29 23:17:10.804 ERROR 6224 --- [    Test worker] tourGuide.service.TourGuideService       : java.lang.NullPointerException
2021-11-29 23:17:10.804 ERROR 6224 --- [    Test worker] tourGuide.service.TourGuideService       : java.lang.NullPointerException
2021-11-29 23:17:10.804 ERROR 6224 --- [    Test worker] tourGuide.service.TourGuideService       : java.lang.NullPointerException
2021-11-29 23:17:10.804 ERROR 6224 --- [    Test worker] tourGuide.service.TourGuideService       : java.lang.NullPointerException
2021-11-29 23:17:10.804 ERROR 6224 --- [    Test worker] tourGuide.service.TourGuideService       : java.lang.NullPointerException
2021-11-29 23:17:10.804 ERROR 6224 --- [    Test worker] tourGuide.service.TourGuideService       : java.lang.NullPointerException
2021-11-29 23:17:10.804 ERROR 6224 --- [    Test worker] tourGuide.service.TourGuideService       : java.lang.NullPointerException
2021-11-29 23:17:10.804 ERROR 6224 --- [    Test worker] tourGuide.service.TourGuideService       : java.lang.NullPointerException
2021-11-29 23:17:10.804 ERROR 6224 --- [    Test worker] tourGuide.service.TourGuideService       : java.lang.NullPointerException
2021-11-29 23:17:10.804 ERROR 6224 --- [    Test worker] tourGuide.service.TourGuideService       : java.lang.NullPointerException
2021-11-29 23:17:10.804 ERROR 6224 --- [    Test worker] tourGuide.service.TourGuideService       : java.lang.NullPointerException
2021-11-29 23:17:10.804 ERROR 6224 --- [    Test worker] tourGuide.service.TourGuideService       : java.lang.NullPointerException
2021-11-29 23:17:10.804 ERROR 6224 --- [    Test worker] tourGuide.service.TourGuideService       : java.lang.NullPointerException
2021-11-29 23:17:10.805 ERROR 6224 --- [    Test worker] tourGuide.service.TourGuideService       : java.lang.NullPointerException
2021-11-29 23:17:10.805 ERROR 6224 --- [    Test worker] tourGuide.service.TourGuideService       : java.lang.NullPointerException
2021-11-29 23:17:10.805 ERROR 6224 --- [    Test worker] tourGuide.service.TourGuideService       : java.lang.NullPointerException
2021-11-29 23:17:10.805 ERROR 6224 --- [    Test worker] tourGuide.service.TourGuideService       : java.lang.NullPointerException
2021-11-29 23:17:10.805 ERROR 6224 --- [    Test worker] tourGuide.service.TourGuideService       : java.lang.NullPointerException
2021-11-29 23:17:10.805 ERROR 6224 --- [    Test worker] tourGuide.service.TourGuideService       : java.lang.NullPointerException
2021-11-29 23:17:10.805 ERROR 6224 --- [    Test worker] tourGuide.service.TourGuideService       : java.lang.NullPointerException
2021-11-29 23:17:10.805 ERROR 6224 --- [    Test worker] tourGuide.service.TourGuideService       : java.lang.NullPointerException
2021-11-29 23:17:10.805 ERROR 6224 --- [    Test worker] tourGuide.service.TourGuideService       : java.lang.NullPointerException
2021-11-29 23:17:10.805 ERROR 6224 --- [    Test worker] tourGuide.service.TourGuideService       : java.lang.NullPointerException
2021-11-29 23:17:10.806 ERROR 6224 --- [    Test worker] tourGuide.service.TourGuideService       : java.lang.NullPointerException
2021-11-29 23:17:10.806 ERROR 6224 --- [    Test worker] tourGuide.service.TourGuideService       : java.lang.NullPointerException
2021-11-29 23:17:10.806 ERROR 6224 --- [    Test worker] tourGuide.service.TourGuideService       : java.lang.NullPointerException
2021-11-29 23:17:10.806 ERROR 6224 --- [    Test worker] tourGuide.service.TourGuideService       : java.lang.NullPointerException
2021-11-29 23:17:10.806 ERROR 6224 --- [    Test worker] tourGuide.service.TourGuideService       : java.lang.NullPointerException
2021-11-29 23:17:10.806 ERROR 6224 --- [    Test worker] tourGuide.service.TourGuideService       : java.lang.NullPointerException
2021-11-29 23:17:10.806 ERROR 6224 --- [    Test worker] tourGuide.service.TourGuideService       : java.lang.NullPointerException
2021-11-29 23:17:10.806 ERROR 6224 --- [    Test worker] tourGuide.service.TourGuideService       : java.lang.NullPointerException
2021-11-29 23:17:10.806 ERROR 6224 --- [    Test worker] tourGuide.service.TourGuideService       : java.lang.NullPointerException
2021-11-29 23:17:10.807 ERROR 6224 --- [    Test worker] tourGuide.service.TourGuideService       : java.lang.NullPointerException
2021-11-29 23:17:10.807 ERROR 6224 --- [    Test worker] tourGuide.service.TourGuideService       : java.lang.NullPointerException
2021-11-29 23:17:10.807 ERROR 6224 --- [    Test worker] tourGuide.service.TourGuideService       : java.lang.NullPointerException
2021-11-29 23:17:10.807 ERROR 6224 --- [    Test worker] tourGuide.service.TourGuideService       : java.lang.NullPointerException
2021-11-29 23:17:10.807 ERROR 6224 --- [    Test worker] tourGuide.service.TourGuideService       : java.lang.NullPointerException
2021-11-29 23:17:10.807 ERROR 6224 --- [    Test worker] tourGuide.service.TourGuideService       : java.lang.NullPointerException
2021-11-29 23:17:10.807 ERROR 6224 --- [    Test worker] tourGuide.service.TourGuideService       : java.lang.NullPointerException
2021-11-29 23:17:10.807 ERROR 6224 --- [    Test worker] tourGuide.service.TourGuideService       : java.lang.NullPointerException
2021-11-29 23:17:10.807 ERROR 6224 --- [    Test worker] tourGuide.service.TourGuideService       : java.lang.NullPointerException
2021-11-29 23:17:10.807 ERROR 6224 --- [    Test worker] tourGuide.service.TourGuideService       : java.lang.NullPointerException
2021-11-29 23:17:10.807 ERROR 6224 --- [    Test worker] tourGuide.service.TourGuideService       : java.lang.NullPointerException
2021-11-29 23:17:10.807 ERROR 6224 --- [    Test worker] tourGuide.service.TourGuideService       : java.lang.NullPointerException
2021-11-29 23:17:10.807 ERROR 6224 --- [    Test worker] tourGuide.service.TourGuideService       : java.lang.NullPointerException
2021-11-29 23:17:10.807 ERROR 6224 --- [    Test worker] tourGuide.service.TourGuideService       : java.lang.NullPointerException
2021-11-29 23:17:10.807 ERROR 6224 --- [    Test worker] tourGuide.service.TourGuideService       : java.lang.NullPointerException
2021-11-29 23:17:10.807 ERROR 6224 --- [    Test worker] tourGuide.service.TourGuideService       : java.lang.NullPointerException
2021-11-29 23:17:10.807 ERROR 6224 --- [    Test worker] tourGuide.service.TourGuideService       : java.lang.NullPointerException
2021-11-29 23:17:10.807 ERROR 6224 --- [    Test worker] tourGuide.service.TourGuideService       : java.lang.NullPointerException
2021-11-29 23:17:10.808 ERROR 6224 --- [    Test worker] tourGuide.service.TourGuideService       : java.lang.NullPointerException
2021-11-29 23:17:10.808 ERROR 6224 --- [    Test worker] tourGuide.service.TourGuideService       : java.lang.NullPointerException
2021-11-29 23:17:10.808 ERROR 6224 --- [    Test worker] tourGuide.service.TourGuideService       : java.lang.NullPointerException
2021-11-29 23:17:10.808 ERROR 6224 --- [    Test worker] tourGuide.service.TourGuideService       : java.lang.NullPointerException
2021-11-29 23:17:10.808 ERROR 6224 --- [    Test worker] tourGuide.service.TourGuideService       : java.lang.NullPointerException
2021-11-29 23:17:10.808 ERROR 6224 --- [    Test worker] tourGuide.service.TourGuideService       : java.lang.NullPointerException
2021-11-29 23:17:10.808 ERROR 6224 --- [    Test worker] tourGuide.service.TourGuideService       : java.lang.NullPointerException
2021-11-29 23:17:10.808 ERROR 6224 --- [    Test worker] tourGuide.service.TourGuideService       : java.lang.NullPointerException
2021-11-29 23:17:10.808 ERROR 6224 --- [    Test worker] tourGuide.service.TourGuideService       : java.lang.NullPointerException
2021-11-29 23:17:10.808 ERROR 6224 --- [    Test worker] tourGuide.service.TourGuideService       : java.lang.NullPointerException
2021-11-29 23:17:10.808 ERROR 6224 --- [    Test worker] tourGuide.service.TourGuideService       : java.lang.NullPointerException
2021-11-29 23:17:10.808 ERROR 6224 --- [    Test worker] tourGuide.service.TourGuideService       : java.lang.NullPointerException
2021-11-29 23:17:10.808 ERROR 6224 --- [    Test worker] tourGuide.service.TourGuideService       : java.lang.NullPointerException
2021-11-29 23:17:10.808 ERROR 6224 --- [    Test worker] tourGuide.service.TourGuideService       : java.lang.NullPointerException
2021-11-29 23:17:10.808 ERROR 6224 --- [    Test worker] tourGuide.service.TourGuideService       : java.lang.NullPointerException
2021-11-29 23:17:10.808 ERROR 6224 --- [    Test worker] tourGuide.service.TourGuideService       : java.lang.NullPointerException
2021-11-29 23:17:10.808 ERROR 6224 --- [    Test worker] tourGuide.service.TourGuideService       : java.lang.NullPointerException
2021-11-29 23:17:10.808 ERROR 6224 --- [    Test worker] tourGuide.service.TourGuideService       : java.lang.NullPointerException
2021-11-29 23:17:10.808 ERROR 6224 --- [    Test worker] tourGuide.service.TourGuideService       : java.lang.NullPointerException
2021-11-29 23:17:10.808 ERROR 6224 --- [    Test worker] tourGuide.service.TourGuideService       : java.lang.NullPointerException
2021-11-29 23:17:10.808 ERROR 6224 --- [    Test worker] tourGuide.service.TourGuideService       : java.lang.NullPointerException
2021-11-29 23:17:10.809 ERROR 6224 --- [    Test worker] tourGuide.service.TourGuideService       : java.lang.NullPointerException
2021-11-29 23:17:10.809 ERROR 6224 --- [    Test worker] tourGuide.service.TourGuideService       : java.lang.NullPointerException
2021-11-29 23:17:10.809 ERROR 6224 --- [    Test worker] tourGuide.service.TourGuideService       : java.lang.NullPointerException
2021-11-29 23:17:10.809 ERROR 6224 --- [    Test worker] tourGuide.service.TourGuideService       : java.lang.NullPointerException
2021-11-29 23:17:10.809 ERROR 6224 --- [    Test worker] tourGuide.service.TourGuideService       : java.lang.NullPointerException
2021-11-29 23:17:10.809 ERROR 6224 --- [    Test worker] tourGuide.service.TourGuideService       : java.lang.NullPointerException
2021-11-29 23:17:10.809 ERROR 6224 --- [    Test worker] tourGuide.service.TourGuideService       : java.lang.NullPointerException
2021-11-29 23:17:10.809 ERROR 6224 --- [    Test worker] tourGuide.service.TourGuideService       : java.lang.NullPointerException
2021-11-29 23:17:10.809 ERROR 6224 --- [    Test worker] tourGuide.service.TourGuideService       : java.lang.NullPointerException
2021-11-29 23:17:10.809 ERROR 6224 --- [    Test worker] tourGuide.service.TourGuideService       : java.lang.NullPointerException
2021-11-29 23:17:10.809 ERROR 6224 --- [    Test worker] tourGuide.service.TourGuideService       : java.lang.NullPointerException
2021-11-29 23:17:10.809 ERROR 6224 --- [    Test worker] tourGuide.service.TourGuideService       : java.lang.NullPointerException
2021-11-29 23:17:10.810 ERROR 6224 --- [    Test worker] tourGuide.service.TourGuideService       : java.lang.NullPointerException
2021-11-29 23:17:10.810 ERROR 6224 --- [    Test worker] tourGuide.service.TourGuideService       : java.lang.NullPointerException
2021-11-29 23:17:10.810 ERROR 6224 --- [    Test worker] tourGuide.service.TourGuideService       : java.lang.NullPointerException
2021-11-29 23:17:10.810 ERROR 6224 --- [    Test worker] tourGuide.service.TourGuideService       : java.lang.NullPointerException
2021-11-29 23:17:10.811 ERROR 6224 --- [    Test worker] tourGuide.service.TourGuideService       : java.lang.NullPointerException
2021-11-29 23:17:10.811 ERROR 6224 --- [    Test worker] tourGuide.service.TourGuideService       : java.lang.NullPointerException
2021-11-29 23:17:10.811 ERROR 6224 --- [    Test worker] tourGuide.service.TourGuideService       : java.lang.NullPointerException
2021-11-29 23:17:10.811 ERROR 6224 --- [    Test worker] tourGuide.service.TourGuideService       : java.lang.NullPointerException
2021-11-29 23:17:10.811 ERROR 6224 --- [    Test worker] tourGuide.service.TourGuideService       : java.lang.NullPointerException
2021-11-29 23:17:10.811 ERROR 6224 --- [    Test worker] tourGuide.service.TourGuideService       : java.lang.NullPointerException
2021-11-29 23:17:10.811 ERROR 6224 --- [    Test worker] tourGuide.service.TourGuideService       : java.lang.NullPointerException
2021-11-29 23:17:10.811 ERROR 6224 --- [    Test worker] tourGuide.service.TourGuideService       : java.lang.NullPointerException
2021-11-29 23:17:10.811 ERROR 6224 --- [    Test worker] tourGuide.service.TourGuideService       : java.lang.NullPointerException
2021-11-29 23:17:10.811 ERROR 6224 --- [    Test worker] tourGuide.service.TourGuideService       : java.lang.NullPointerException
2021-11-29 23:17:10.811 ERROR 6224 --- [    Test worker] tourGuide.service.TourGuideService       : java.lang.NullPointerException
2021-11-29 23:17:10.811 ERROR 6224 --- [    Test worker] tourGuide.service.TourGuideService       : java.lang.NullPointerException
2021-11-29 23:17:10.811 ERROR 6224 --- [    Test worker] tourGuide.service.TourGuideService       : java.lang.NullPointerException
2021-11-29 23:17:10.811 ERROR 6224 --- [    Test worker] tourGuide.service.TourGuideService       : java.lang.NullPointerException
2021-11-29 23:17:10.811 ERROR 6224 --- [    Test worker] tourGuide.service.TourGuideService       : java.lang.NullPointerException
2021-11-29 23:17:10.811 ERROR 6224 --- [    Test worker] tourGuide.service.TourGuideService       : java.lang.NullPointerException
2021-11-29 23:17:10.811 ERROR 6224 --- [    Test worker] tourGuide.service.TourGuideService       : java.lang.NullPointerException
2021-11-29 23:17:10.811 ERROR 6224 --- [    Test worker] tourGuide.service.TourGuideService       : java.lang.NullPointerException
2021-11-29 23:17:10.812 ERROR 6224 --- [    Test worker] tourGuide.service.TourGuideService       : java.lang.NullPointerException
2021-11-29 23:17:10.812 ERROR 6224 --- [    Test worker] tourGuide.service.TourGuideService       : java.lang.NullPointerException
2021-11-29 23:17:10.812 ERROR 6224 --- [    Test worker] tourGuide.service.TourGuideService       : java.lang.NullPointerException
2021-11-29 23:17:10.812 ERROR 6224 --- [    Test worker] tourGuide.service.TourGuideService       : java.lang.NullPointerException
2021-11-29 23:17:10.812 ERROR 6224 --- [    Test worker] tourGuide.service.TourGuideService       : java.lang.NullPointerException
2021-11-29 23:17:10.812 ERROR 6224 --- [    Test worker] tourGuide.service.TourGuideService       : java.lang.NullPointerException
2021-11-29 23:17:10.812 ERROR 6224 --- [    Test worker] tourGuide.service.TourGuideService       : java.lang.NullPointerException
2021-11-29 23:17:10.812 ERROR 6224 --- [    Test worker] tourGuide.service.TourGuideService       : java.lang.NullPointerException
2021-11-29 23:17:10.812 ERROR 6224 --- [    Test worker] tourGuide.service.TourGuideService       : java.lang.NullPointerException
2021-11-29 23:17:10.812 ERROR 6224 --- [    Test worker] tourGuide.service.TourGuideService       : java.lang.NullPointerException
2021-11-29 23:17:10.812 ERROR 6224 --- [    Test worker] tourGuide.service.TourGuideService       : java.lang.NullPointerException
2021-11-29 23:17:10.812 ERROR 6224 --- [    Test worker] tourGuide.service.TourGuideService       : java.lang.NullPointerException
2021-11-29 23:17:10.812 ERROR 6224 --- [    Test worker] tourGuide.service.TourGuideService       : java.lang.NullPointerException
2021-11-29 23:17:10.813 ERROR 6224 --- [    Test worker] tourGuide.service.TourGuideService       : java.lang.NullPointerException
2021-11-29 23:17:10.813 ERROR 6224 --- [    Test worker] tourGuide.service.TourGuideService       : java.lang.NullPointerException
2021-11-29 23:17:10.813 ERROR 6224 --- [    Test worker] tourGuide.service.TourGuideService       : java.lang.NullPointerException
2021-11-29 23:17:10.813 ERROR 6224 --- [    Test worker] tourGuide.service.TourGuideService       : java.lang.NullPointerException
2021-11-29 23:17:10.813 ERROR 6224 --- [    Test worker] tourGuide.service.TourGuideService       : java.lang.NullPointerException
2021-11-29 23:17:10.813 ERROR 6224 --- [    Test worker] tourGuide.service.TourGuideService       : java.lang.NullPointerException
2021-11-29 23:17:10.813 ERROR 6224 --- [    Test worker] tourGuide.service.TourGuideService       : java.lang.NullPointerException
2021-11-29 23:17:10.813 ERROR 6224 --- [    Test worker] tourGuide.service.TourGuideService       : java.lang.NullPointerException
2021-11-29 23:17:10.813 ERROR 6224 --- [    Test worker] tourGuide.service.TourGuideService       : java.lang.NullPointerException
2021-11-29 23:17:10.813 ERROR 6224 --- [    Test worker] tourGuide.service.TourGuideService       : java.lang.NullPointerException
2021-11-29 23:17:10.813 ERROR 6224 --- [    Test worker] tourGuide.service.TourGuideService       : java.lang.NullPointerException
2021-11-29 23:17:10.814 ERROR 6224 --- [    Test worker] tourGuide.service.TourGuideService       : java.lang.NullPointerException
2021-11-29 23:17:10.814 ERROR 6224 --- [    Test worker] tourGuide.service.TourGuideService       : java.lang.NullPointerException
2021-11-29 23:17:10.814 ERROR 6224 --- [    Test worker] tourGuide.service.TourGuideService       : java.lang.NullPointerException
2021-11-29 23:17:10.814 ERROR 6224 --- [    Test worker] tourGuide.service.TourGuideService       : java.lang.NullPointerException
2021-11-29 23:17:10.814 ERROR 6224 --- [    Test worker] tourGuide.service.TourGuideService       : java.lang.NullPointerException
2021-11-29 23:17:10.814 ERROR 6224 --- [    Test worker] tourGuide.service.TourGuideService       : java.lang.NullPointerException
2021-11-29 23:17:10.814 ERROR 6224 --- [    Test worker] tourGuide.service.TourGuideService       : java.lang.NullPointerException
2021-11-29 23:17:10.814 ERROR 6224 --- [    Test worker] tourGuide.service.TourGuideService       : java.lang.NullPointerException
2021-11-29 23:17:10.814 ERROR 6224 --- [    Test worker] tourGuide.service.TourGuideService       : java.lang.NullPointerException
2021-11-29 23:17:10.815 ERROR 6224 --- [    Test worker] tourGuide.service.TourGuideService       : java.lang.NullPointerException
2021-11-29 23:17:10.815 ERROR 6224 --- [    Test worker] tourGuide.service.TourGuideService       : java.lang.NullPointerException
2021-11-29 23:17:10.815 ERROR 6224 --- [    Test worker] tourGuide.service.TourGuideService       : java.lang.NullPointerException
2021-11-29 23:17:10.815 ERROR 6224 --- [    Test worker] tourGuide.service.TourGuideService       : java.lang.NullPointerException
2021-11-29 23:17:10.815 ERROR 6224 --- [    Test worker] tourGuide.service.TourGuideService       : java.lang.NullPointerException
2021-11-29 23:17:10.815 ERROR 6224 --- [    Test worker] tourGuide.service.TourGuideService       : java.lang.NullPointerException
2021-11-29 23:17:10.815 ERROR 6224 --- [    Test worker] tourGuide.service.TourGuideService       : java.lang.NullPointerException
2021-11-29 23:17:10.815 ERROR 6224 --- [    Test worker] tourGuide.service.TourGuideService       : java.lang.NullPointerException
2021-11-29 23:17:10.815 ERROR 6224 --- [    Test worker] tourGuide.service.TourGuideService       : java.lang.NullPointerException
2021-11-29 23:17:10.815 ERROR 6224 --- [    Test worker] tourGuide.service.TourGuideService       : java.lang.NullPointerException
2021-11-29 23:17:10.816 ERROR 6224 --- [    Test worker] tourGuide.service.TourGuideService       : java.lang.NullPointerException
2021-11-29 23:17:10.816 ERROR 6224 --- [    Test worker] tourGuide.service.TourGuideService       : java.lang.NullPointerException
2021-11-29 23:17:10.816 ERROR 6224 --- [    Test worker] tourGuide.service.TourGuideService       : java.lang.NullPointerException
2021-11-29 23:17:10.816 ERROR 6224 --- [    Test worker] tourGuide.service.TourGuideService       : java.lang.NullPointerException
2021-11-29 23:17:10.816 ERROR 6224 --- [    Test worker] tourGuide.service.TourGuideService       : java.lang.NullPointerException
2021-11-29 23:17:10.816 ERROR 6224 --- [    Test worker] tourGuide.service.TourGuideService       : java.lang.NullPointerException
2021-11-29 23:17:10.816 ERROR 6224 --- [    Test worker] tourGuide.service.TourGuideService       : java.lang.NullPointerException
2021-11-29 23:17:10.816 ERROR 6224 --- [    Test worker] tourGuide.service.TourGuideService       : java.lang.NullPointerException
2021-11-29 23:17:10.816 ERROR 6224 --- [    Test worker] tourGuide.service.TourGuideService       : java.lang.NullPointerException
2021-11-29 23:17:10.816 ERROR 6224 --- [    Test worker] tourGuide.service.TourGuideService       : java.lang.NullPointerException
2021-11-29 23:17:10.816 ERROR 6224 --- [    Test worker] tourGuide.service.TourGuideService       : java.lang.NullPointerException
2021-11-29 23:17:10.816 ERROR 6224 --- [    Test worker] tourGuide.service.TourGuideService       : java.lang.NullPointerException
2021-11-29 23:17:10.816 ERROR 6224 --- [    Test worker] tourGuide.service.TourGuideService       : java.lang.NullPointerException
2021-11-29 23:17:10.816 ERROR 6224 --- [    Test worker] tourGuide.service.TourGuideService       : java.lang.NullPointerException
2021-11-29 23:17:10.816 ERROR 6224 --- [    Test worker] tourGuide.service.TourGuideService       : java.lang.NullPointerException
2021-11-29 23:17:10.816 ERROR 6224 --- [    Test worker] tourGuide.service.TourGuideService       : java.lang.NullPointerException
2021-11-29 23:17:10.816 ERROR 6224 --- [    Test worker] tourGuide.service.TourGuideService       : java.lang.NullPointerException
2021-11-29 23:17:10.816 ERROR 6224 --- [    Test worker] tourGuide.service.TourGuideService       : java.lang.NullPointerException
2021-11-29 23:17:10.816 ERROR 6224 --- [    Test worker] tourGuide.service.TourGuideService       : java.lang.NullPointerException
2021-11-29 23:17:10.816 ERROR 6224 --- [    Test worker] tourGuide.service.TourGuideService       : java.lang.NullPointerException
2021-11-29 23:17:10.816 ERROR 6224 --- [    Test worker] tourGuide.service.TourGuideService       : java.lang.NullPointerException
2021-11-29 23:17:10.816 ERROR 6224 --- [    Test worker] tourGuide.service.TourGuideService       : java.lang.NullPointerException
2021-11-29 23:17:10.816 ERROR 6224 --- [    Test worker] tourGuide.service.TourGuideService       : java.lang.NullPointerException
2021-11-29 23:17:10.816 ERROR 6224 --- [    Test worker] tourGuide.service.TourGuideService       : java.lang.NullPointerException
2021-11-29 23:17:10.817 ERROR 6224 --- [    Test worker] tourGuide.service.TourGuideService       : java.lang.NullPointerException
2021-11-29 23:17:10.817 ERROR 6224 --- [    Test worker] tourGuide.service.TourGuideService       : java.lang.NullPointerException
2021-11-29 23:17:10.817 ERROR 6224 --- [    Test worker] tourGuide.service.TourGuideService       : java.lang.NullPointerException
2021-11-29 23:17:10.817 ERROR 6224 --- [    Test worker] tourGuide.service.TourGuideService       : java.lang.NullPointerException
2021-11-29 23:17:10.817 ERROR 6224 --- [    Test worker] tourGuide.service.TourGuideService       : java.lang.NullPointerException
2021-11-29 23:17:10.817 ERROR 6224 --- [    Test worker] tourGuide.service.TourGuideService       : java.lang.NullPointerException
2021-11-29 23:17:10.817 ERROR 6224 --- [    Test worker] tourGuide.service.TourGuideService       : java.lang.NullPointerException
2021-11-29 23:17:10.817 ERROR 6224 --- [    Test worker] tourGuide.service.TourGuideService       : java.lang.NullPointerException
2021-11-29 23:17:10.817 ERROR 6224 --- [    Test worker] tourGuide.service.TourGuideService       : java.lang.NullPointerException
2021-11-29 23:17:10.817 ERROR 6224 --- [    Test worker] tourGuide.service.TourGuideService       : java.lang.NullPointerException
2021-11-29 23:17:10.817 ERROR 6224 --- [    Test worker] tourGuide.service.TourGuideService       : java.lang.NullPointerException
2021-11-29 23:17:10.817 ERROR 6224 --- [    Test worker] tourGuide.service.TourGuideService       : java.lang.NullPointerException
2021-11-29 23:17:10.817 ERROR 6224 --- [    Test worker] tourGuide.service.TourGuideService       : java.lang.NullPointerException
2021-11-29 23:17:10.818 ERROR 6224 --- [    Test worker] tourGuide.service.TourGuideService       : java.lang.NullPointerException
2021-11-29 23:17:10.818 ERROR 6224 --- [    Test worker] tourGuide.service.TourGuideService       : java.lang.NullPointerException
2021-11-29 23:17:10.818 ERROR 6224 --- [    Test worker] tourGuide.service.TourGuideService       : java.lang.NullPointerException
2021-11-29 23:17:10.818 ERROR 6224 --- [    Test worker] tourGuide.service.TourGuideService       : java.lang.NullPointerException
2021-11-29 23:17:10.818 ERROR 6224 --- [    Test worker] tourGuide.service.TourGuideService       : java.lang.NullPointerException
2021-11-29 23:17:10.818 ERROR 6224 --- [    Test worker] tourGuide.service.TourGuideService       : java.lang.NullPointerException
2021-11-29 23:17:10.818 ERROR 6224 --- [    Test worker] tourGuide.service.TourGuideService       : java.lang.NullPointerException
2021-11-29 23:17:10.818 ERROR 6224 --- [    Test worker] tourGuide.service.TourGuideService       : java.lang.NullPointerException
2021-11-29 23:17:10.818 ERROR 6224 --- [    Test worker] tourGuide.service.TourGuideService       : java.lang.NullPointerException
2021-11-29 23:17:10.818 ERROR 6224 --- [    Test worker] tourGuide.service.TourGuideService       : java.lang.NullPointerException
2021-11-29 23:17:10.818 ERROR 6224 --- [    Test worker] tourGuide.service.TourGuideService       : java.lang.NullPointerException
2021-11-29 23:17:10.818 ERROR 6224 --- [    Test worker] tourGuide.service.TourGuideService       : java.lang.NullPointerException
2021-11-29 23:17:10.818 ERROR 6224 --- [    Test worker] tourGuide.service.TourGuideService       : java.lang.NullPointerException
2021-11-29 23:17:10.818 ERROR 6224 --- [    Test worker] tourGuide.service.TourGuideService       : java.lang.NullPointerException
2021-11-29 23:17:10.818 ERROR 6224 --- [    Test worker] tourGuide.service.TourGuideService       : java.lang.NullPointerException
2021-11-29 23:17:10.818 ERROR 6224 --- [    Test worker] tourGuide.service.TourGuideService       : java.lang.NullPointerException
2021-11-29 23:17:10.818 ERROR 6224 --- [    Test worker] tourGuide.service.TourGuideService       : java.lang.NullPointerException
2021-11-29 23:17:10.818 ERROR 6224 --- [    Test worker] tourGuide.service.TourGuideService       : java.lang.NullPointerException
2021-11-29 23:17:10.819 ERROR 6224 --- [    Test worker] tourGuide.service.TourGuideService       : java.lang.NullPointerException
2021-11-29 23:17:10.819 ERROR 6224 --- [    Test worker] tourGuide.service.TourGuideService       : java.lang.NullPointerException
2021-11-29 23:17:10.819 ERROR 6224 --- [    Test worker] tourGuide.service.TourGuideService       : java.lang.NullPointerException
2021-11-29 23:17:10.819 ERROR 6224 --- [    Test worker] tourGuide.service.TourGuideService       : java.lang.NullPointerException
2021-11-29 23:17:10.819 ERROR 6224 --- [    Test worker] tourGuide.service.TourGuideService       : java.lang.NullPointerException
2021-11-29 23:17:10.819 ERROR 6224 --- [    Test worker] tourGuide.service.TourGuideService       : java.lang.NullPointerException
2021-11-29 23:17:10.819 ERROR 6224 --- [    Test worker] tourGuide.service.TourGuideService       : java.lang.NullPointerException
2021-11-29 23:17:10.819 ERROR 6224 --- [    Test worker] tourGuide.service.TourGuideService       : java.lang.NullPointerException
2021-11-29 23:17:10.819 ERROR 6224 --- [    Test worker] tourGuide.service.TourGuideService       : java.lang.NullPointerException
2021-11-29 23:17:10.819 ERROR 6224 --- [    Test worker] tourGuide.service.TourGuideService       : java.lang.NullPointerException
2021-11-29 23:17:10.819 ERROR 6224 --- [    Test worker] tourGuide.service.TourGuideService       : java.lang.NullPointerException
2021-11-29 23:17:10.819 ERROR 6224 --- [    Test worker] tourGuide.service.TourGuideService       : java.lang.NullPointerException
2021-11-29 23:17:10.819 ERROR 6224 --- [    Test worker] tourGuide.service.TourGuideService       : java.lang.NullPointerException
2021-11-29 23:17:10.819 ERROR 6224 --- [    Test worker] tourGuide.service.TourGuideService       : java.lang.NullPointerException
2021-11-29 23:17:10.819 ERROR 6224 --- [    Test worker] tourGuide.service.TourGuideService       : java.lang.NullPointerException
2021-11-29 23:17:10.819 ERROR 6224 --- [    Test worker] tourGuide.service.TourGuideService       : java.lang.NullPointerException
2021-11-29 23:17:10.819 ERROR 6224 --- [    Test worker] tourGuide.service.TourGuideService       : java.lang.NullPointerException
2021-11-29 23:17:10.819 ERROR 6224 --- [    Test worker] tourGuide.service.TourGuideService       : java.lang.NullPointerException
2021-11-29 23:17:10.819 ERROR 6224 --- [    Test worker] tourGuide.service.TourGuideService       : java.lang.NullPointerException
2021-11-29 23:17:10.820 ERROR 6224 --- [    Test worker] tourGuide.service.TourGuideService       : java.lang.NullPointerException
2021-11-29 23:17:10.820 ERROR 6224 --- [    Test worker] tourGuide.service.TourGuideService       : java.lang.NullPointerException
2021-11-29 23:17:10.820 ERROR 6224 --- [    Test worker] tourGuide.service.TourGuideService       : java.lang.NullPointerException
2021-11-29 23:17:10.820 ERROR 6224 --- [    Test worker] tourGuide.service.TourGuideService       : java.lang.NullPointerException
2021-11-29 23:17:10.820 ERROR 6224 --- [    Test worker] tourGuide.service.TourGuideService       : java.lang.NullPointerException
2021-11-29 23:17:10.820 ERROR 6224 --- [    Test worker] tourGuide.service.TourGuideService       : java.lang.NullPointerException
2021-11-29 23:17:10.820 ERROR 6224 --- [    Test worker] tourGuide.service.TourGuideService       : java.lang.NullPointerException
2021-11-29 23:17:10.820 ERROR 6224 --- [    Test worker] tourGuide.service.TourGuideService       : java.lang.NullPointerException
2021-11-29 23:17:10.822 ERROR 6224 --- [    Test worker] tourGuide.service.TourGuideService       : java.lang.NullPointerException
2021-11-29 23:17:10.823 ERROR 6224 --- [    Test worker] tourGuide.service.TourGuideService       : java.lang.NullPointerException
2021-11-29 23:17:10.824 ERROR 6224 --- [    Test worker] tourGuide.service.TourGuideService       : java.lang.NullPointerException
2021-11-29 23:17:10.824 ERROR 6224 --- [    Test worker] tourGuide.service.TourGuideService       : java.lang.NullPointerException
2021-11-29 23:17:10.824 ERROR 6224 --- [    Test worker] tourGuide.service.TourGuideService       : java.lang.NullPointerException
2021-11-29 23:17:10.824 ERROR 6224 --- [    Test worker] tourGuide.service.TourGuideService       : java.lang.NullPointerException
2021-11-29 23:17:10.824 ERROR 6224 --- [    Test worker] tourGuide.service.TourGuideService       : java.lang.NullPointerException
2021-11-29 23:17:10.824 ERROR 6224 --- [    Test worker] tourGuide.service.TourGuideService       : java.lang.NullPointerException
2021-11-29 23:17:10.825 ERROR 6224 --- [    Test worker] tourGuide.service.TourGuideService       : java.lang.NullPointerException
2021-11-29 23:17:10.825 ERROR 6224 --- [    Test worker] tourGuide.service.TourGuideService       : java.lang.NullPointerException
2021-11-29 23:17:10.825 ERROR 6224 --- [    Test worker] tourGuide.service.TourGuideService       : java.lang.NullPointerException
2021-11-29 23:17:10.825 ERROR 6224 --- [    Test worker] tourGuide.service.TourGuideService       : java.lang.NullPointerException
2021-11-29 23:17:10.826 ERROR 6224 --- [    Test worker] tourGuide.service.TourGuideService       : java.lang.NullPointerException
2021-11-29 23:17:10.826 ERROR 6224 --- [    Test worker] tourGuide.service.TourGuideService       : java.lang.NullPointerException
2021-11-29 23:17:10.826 ERROR 6224 --- [    Test worker] tourGuide.service.TourGuideService       : java.lang.NullPointerException
2021-11-29 23:17:10.826 ERROR 6224 --- [    Test worker] tourGuide.service.TourGuideService       : java.lang.NullPointerException
2021-11-29 23:17:10.826 ERROR 6224 --- [    Test worker] tourGuide.service.TourGuideService       : java.lang.NullPointerException
2021-11-29 23:17:10.826 ERROR 6224 --- [    Test worker] tourGuide.service.TourGuideService       : java.lang.NullPointerException
2021-11-29 23:17:10.826 ERROR 6224 --- [    Test worker] tourGuide.service.TourGuideService       : java.lang.NullPointerException
2021-11-29 23:17:10.826 ERROR 6224 --- [    Test worker] tourGuide.service.TourGuideService       : java.lang.NullPointerException
2021-11-29 23:17:10.826 ERROR 6224 --- [    Test worker] tourGuide.service.TourGuideService       : java.lang.NullPointerException
2021-11-29 23:17:10.826 ERROR 6224 --- [    Test worker] tourGuide.service.TourGuideService       : java.lang.NullPointerException
2021-11-29 23:17:10.826 ERROR 6224 --- [    Test worker] tourGuide.service.TourGuideService       : java.lang.NullPointerException
2021-11-29 23:17:10.826 ERROR 6224 --- [    Test worker] tourGuide.service.TourGuideService       : java.lang.NullPointerException
2021-11-29 23:17:10.826 ERROR 6224 --- [    Test worker] tourGuide.service.TourGuideService       : java.lang.NullPointerException
2021-11-29 23:17:10.826 ERROR 6224 --- [    Test worker] tourGuide.service.TourGuideService       : java.lang.NullPointerException
2021-11-29 23:17:10.826 ERROR 6224 --- [    Test worker] tourGuide.service.TourGuideService       : java.lang.NullPointerException
2021-11-29 23:17:10.826 ERROR 6224 --- [    Test worker] tourGuide.service.TourGuideService       : java.lang.NullPointerException
2021-11-29 23:17:10.826 ERROR 6224 --- [    Test worker] tourGuide.service.TourGuideService       : java.lang.NullPointerException
2021-11-29 23:17:10.826 ERROR 6224 --- [    Test worker] tourGuide.service.TourGuideService       : java.lang.NullPointerException
2021-11-29 23:17:10.826 ERROR 6224 --- [    Test worker] tourGuide.service.TourGuideService       : java.lang.NullPointerException
2021-11-29 23:17:10.827 ERROR 6224 --- [    Test worker] tourGuide.service.TourGuideService       : java.lang.NullPointerException
2021-11-29 23:17:10.827 ERROR 6224 --- [    Test worker] tourGuide.service.TourGuideService       : java.lang.NullPointerException
2021-11-29 23:17:10.827 ERROR 6224 --- [    Test worker] tourGuide.service.TourGuideService       : java.lang.NullPointerException
2021-11-29 23:17:10.827 ERROR 6224 --- [    Test worker] tourGuide.service.TourGuideService       : java.lang.NullPointerException
2021-11-29 23:17:10.827 ERROR 6224 --- [    Test worker] tourGuide.service.TourGuideService       : java.lang.NullPointerException
2021-11-29 23:17:10.827 ERROR 6224 --- [    Test worker] tourGuide.service.TourGuideService       : java.lang.NullPointerException
2021-11-29 23:17:10.827 ERROR 6224 --- [    Test worker] tourGuide.service.TourGuideService       : java.lang.NullPointerException
2021-11-29 23:17:10.827 ERROR 6224 --- [    Test worker] tourGuide.service.TourGuideService       : java.lang.NullPointerException
2021-11-29 23:17:10.827 ERROR 6224 --- [    Test worker] tourGuide.service.TourGuideService       : java.lang.NullPointerException
2021-11-29 23:17:10.827 ERROR 6224 --- [    Test worker] tourGuide.service.TourGuideService       : java.lang.NullPointerException
2021-11-29 23:17:10.827 ERROR 6224 --- [    Test worker] tourGuide.service.TourGuideService       : java.lang.NullPointerException
2021-11-29 23:17:10.827 ERROR 6224 --- [    Test worker] tourGuide.service.TourGuideService       : java.lang.NullPointerException
2021-11-29 23:17:10.827 ERROR 6224 --- [    Test worker] tourGuide.service.TourGuideService       : java.lang.NullPointerException
2021-11-29 23:17:10.827 ERROR 6224 --- [    Test worker] tourGuide.service.TourGuideService       : java.lang.NullPointerException
2021-11-29 23:17:10.827 ERROR 6224 --- [    Test worker] tourGuide.service.TourGuideService       : java.lang.NullPointerException
2021-11-29 23:17:10.827 ERROR 6224 --- [    Test worker] tourGuide.service.TourGuideService       : java.lang.NullPointerException
2021-11-29 23:17:10.827 ERROR 6224 --- [    Test worker] tourGuide.service.TourGuideService       : java.lang.NullPointerException
2021-11-29 23:17:10.827 ERROR 6224 --- [    Test worker] tourGuide.service.TourGuideService       : java.lang.NullPointerException
2021-11-29 23:17:10.827 ERROR 6224 --- [    Test worker] tourGuide.service.TourGuideService       : java.lang.NullPointerException
2021-11-29 23:17:10.827 ERROR 6224 --- [    Test worker] tourGuide.service.TourGuideService       : java.lang.NullPointerException
2021-11-29 23:17:10.827 ERROR 6224 --- [    Test worker] tourGuide.service.TourGuideService       : java.lang.NullPointerException
2021-11-29 23:17:10.827 ERROR 6224 --- [    Test worker] tourGuide.service.TourGuideService       : java.lang.NullPointerException
2021-11-29 23:17:10.828 ERROR 6224 --- [    Test worker] tourGuide.service.TourGuideService       : java.lang.NullPointerException
2021-11-29 23:17:10.829 ERROR 6224 --- [    Test worker] tourGuide.service.TourGuideService       : java.lang.NullPointerException
2021-11-29 23:17:10.836 ERROR 6224 --- [    Test worker] tourGuide.service.TourGuideService       : java.lang.NullPointerException
2021-11-29 23:17:10.837 ERROR 6224 --- [    Test worker] tourGuide.service.TourGuideService       : java.lang.NullPointerException
2021-11-29 23:17:10.837 ERROR 6224 --- [    Test worker] tourGuide.service.TourGuideService       : java.lang.NullPointerException
2021-11-29 23:17:10.837 ERROR 6224 --- [    Test worker] tourGuide.service.TourGuideService       : java.lang.NullPointerException
2021-11-29 23:17:10.837 ERROR 6224 --- [    Test worker] tourGuide.service.TourGuideService       : java.lang.NullPointerException
2021-11-29 23:17:10.837 ERROR 6224 --- [    Test worker] tourGuide.service.TourGuideService       : java.lang.NullPointerException
2021-11-29 23:17:10.837 ERROR 6224 --- [    Test worker] tourGuide.service.TourGuideService       : java.lang.NullPointerException
2021-11-29 23:17:10.837 ERROR 6224 --- [    Test worker] tourGuide.service.TourGuideService       : java.lang.NullPointerException
2021-11-29 23:17:10.837 ERROR 6224 --- [    Test worker] tourGuide.service.TourGuideService       : java.lang.NullPointerException
2021-11-29 23:17:10.837 ERROR 6224 --- [    Test worker] tourGuide.service.TourGuideService       : java.lang.NullPointerException
2021-11-29 23:17:10.837 ERROR 6224 --- [    Test worker] tourGuide.service.TourGuideService       : java.lang.NullPointerException
2021-11-29 23:17:10.837 ERROR 6224 --- [    Test worker] tourGuide.service.TourGuideService       : java.lang.NullPointerException
2021-11-29 23:17:10.837 ERROR 6224 --- [    Test worker] tourGuide.service.TourGuideService       : java.lang.NullPointerException
2021-11-29 23:17:10.837 ERROR 6224 --- [    Test worker] tourGuide.service.TourGuideService       : java.lang.NullPointerException
2021-11-29 23:17:10.837 ERROR 6224 --- [    Test worker] tourGuide.service.TourGuideService       : java.lang.NullPointerException
2021-11-29 23:17:10.837 ERROR 6224 --- [    Test worker] tourGuide.service.TourGuideService       : java.lang.NullPointerException
2021-11-29 23:17:10.837 ERROR 6224 --- [    Test worker] tourGuide.service.TourGuideService       : java.lang.NullPointerException
2021-11-29 23:17:10.837 ERROR 6224 --- [    Test worker] tourGuide.service.TourGuideService       : java.lang.NullPointerException
2021-11-29 23:17:10.838 ERROR 6224 --- [    Test worker] tourGuide.service.TourGuideService       : java.lang.NullPointerException
2021-11-29 23:17:10.838 ERROR 6224 --- [    Test worker] tourGuide.service.TourGuideService       : java.lang.NullPointerException
2021-11-29 23:17:10.838 ERROR 6224 --- [    Test worker] tourGuide.service.TourGuideService       : java.lang.NullPointerException
2021-11-29 23:17:10.838 ERROR 6224 --- [    Test worker] tourGuide.service.TourGuideService       : java.lang.NullPointerException
2021-11-29 23:17:10.838 ERROR 6224 --- [    Test worker] tourGuide.service.TourGuideService       : java.lang.NullPointerException
2021-11-29 23:17:10.839 ERROR 6224 --- [    Test worker] tourGuide.service.TourGuideService       : java.lang.NullPointerException
2021-11-29 23:17:10.839 ERROR 6224 --- [    Test worker] tourGuide.service.TourGuideService       : java.lang.NullPointerException
2021-11-29 23:17:10.839 ERROR 6224 --- [    Test worker] tourGuide.service.TourGuideService       : java.lang.NullPointerException
2021-11-29 23:17:10.839 ERROR 6224 --- [    Test worker] tourGuide.service.TourGuideService       : java.lang.NullPointerException
2021-11-29 23:17:10.839 ERROR 6224 --- [    Test worker] tourGuide.service.TourGuideService       : java.lang.NullPointerException
2021-11-29 23:17:10.839 ERROR 6224 --- [    Test worker] tourGuide.service.TourGuideService       : java.lang.NullPointerException
2021-11-29 23:17:10.839 ERROR 6224 --- [    Test worker] tourGuide.service.TourGuideService       : java.lang.NullPointerException
2021-11-29 23:17:10.839 ERROR 6224 --- [    Test worker] tourGuide.service.TourGuideService       : java.lang.NullPointerException
2021-11-29 23:17:10.839 ERROR 6224 --- [    Test worker] tourGuide.service.TourGuideService       : java.lang.NullPointerException
2021-11-29 23:17:10.839 ERROR 6224 --- [    Test worker] tourGuide.service.TourGuideService       : java.lang.NullPointerException
2021-11-29 23:17:10.839 ERROR 6224 --- [    Test worker] tourGuide.service.TourGuideService       : java.lang.NullPointerException
2021-11-29 23:17:10.839 ERROR 6224 --- [    Test worker] tourGuide.service.TourGuideService       : java.lang.NullPointerException
2021-11-29 23:17:10.840 ERROR 6224 --- [    Test worker] tourGuide.service.TourGuideService       : java.lang.NullPointerException
2021-11-29 23:17:10.840 ERROR 6224 --- [    Test worker] tourGuide.service.TourGuideService       : java.lang.NullPointerException
2021-11-29 23:17:10.840 ERROR 6224 --- [    Test worker] tourGuide.service.TourGuideService       : java.lang.NullPointerException
2021-11-29 23:17:10.840 ERROR 6224 --- [    Test worker] tourGuide.service.TourGuideService       : java.lang.NullPointerException
2021-11-29 23:17:10.840 ERROR 6224 --- [    Test worker] tourGuide.service.TourGuideService       : java.lang.NullPointerException
2021-11-29 23:17:10.840 ERROR 6224 --- [    Test worker] tourGuide.service.TourGuideService       : java.lang.NullPointerException
2021-11-29 23:17:10.840 ERROR 6224 --- [    Test worker] tourGuide.service.TourGuideService       : java.lang.NullPointerException
2021-11-29 23:17:10.840 ERROR 6224 --- [    Test worker] tourGuide.service.TourGuideService       : java.lang.NullPointerException
2021-11-29 23:17:10.840 ERROR 6224 --- [    Test worker] tourGuide.service.TourGuideService       : java.lang.NullPointerException
2021-11-29 23:17:10.840 ERROR 6224 --- [    Test worker] tourGuide.service.TourGuideService       : java.lang.NullPointerException
2021-11-29 23:17:10.840 ERROR 6224 --- [    Test worker] tourGuide.service.TourGuideService       : java.lang.NullPointerException
2021-11-29 23:17:10.840 ERROR 6224 --- [    Test worker] tourGuide.service.TourGuideService       : java.lang.NullPointerException
2021-11-29 23:17:10.840 ERROR 6224 --- [    Test worker] tourGuide.service.TourGuideService       : java.lang.NullPointerException
2021-11-29 23:17:10.840 ERROR 6224 --- [    Test worker] tourGuide.service.TourGuideService       : java.lang.NullPointerException
2021-11-29 23:17:10.840 ERROR 6224 --- [    Test worker] tourGuide.service.TourGuideService       : java.lang.NullPointerException
2021-11-29 23:17:10.840 ERROR 6224 --- [    Test worker] tourGuide.service.TourGuideService       : java.lang.NullPointerException
2021-11-29 23:17:10.840 ERROR 6224 --- [    Test worker] tourGuide.service.TourGuideService       : java.lang.NullPointerException
2021-11-29 23:17:10.840 ERROR 6224 --- [    Test worker] tourGuide.service.TourGuideService       : java.lang.NullPointerException
2021-11-29 23:17:10.841 ERROR 6224 --- [    Test worker] tourGuide.service.TourGuideService       : java.lang.NullPointerException
2021-11-29 23:17:10.841 ERROR 6224 --- [    Test worker] tourGuide.service.TourGuideService       : java.lang.NullPointerException
2021-11-29 23:17:10.841 ERROR 6224 --- [    Test worker] tourGuide.service.TourGuideService       : java.lang.NullPointerException
2021-11-29 23:17:10.841 ERROR 6224 --- [    Test worker] tourGuide.service.TourGuideService       : java.lang.NullPointerException
2021-11-29 23:17:10.841 ERROR 6224 --- [    Test worker] tourGuide.service.TourGuideService       : java.lang.NullPointerException
2021-11-29 23:17:10.841 ERROR 6224 --- [    Test worker] tourGuide.service.TourGuideService       : java.lang.NullPointerException
2021-11-29 23:17:10.841 ERROR 6224 --- [    Test worker] tourGuide.service.TourGuideService       : java.lang.NullPointerException
2021-11-29 23:17:10.841 ERROR 6224 --- [    Test worker] tourGuide.service.TourGuideService       : java.lang.NullPointerException
2021-11-29 23:17:10.841 ERROR 6224 --- [    Test worker] tourGuide.service.TourGuideService       : java.lang.NullPointerException
2021-11-29 23:17:10.841 ERROR 6224 --- [    Test worker] tourGuide.service.TourGuideService       : java.lang.NullPointerException
2021-11-29 23:17:10.841 ERROR 6224 --- [    Test worker] tourGuide.service.TourGuideService       : java.lang.NullPointerException
2021-11-29 23:17:10.841 ERROR 6224 --- [    Test worker] tourGuide.service.TourGuideService       : java.lang.NullPointerException
2021-11-29 23:17:10.841 ERROR 6224 --- [    Test worker] tourGuide.service.TourGuideService       : java.lang.NullPointerException
2021-11-29 23:17:10.841 ERROR 6224 --- [    Test worker] tourGuide.service.TourGuideService       : java.lang.NullPointerException
2021-11-29 23:17:10.841 ERROR 6224 --- [    Test worker] tourGuide.service.TourGuideService       : java.lang.NullPointerException
2021-11-29 23:17:10.841 ERROR 6224 --- [    Test worker] tourGuide.service.TourGuideService       : java.lang.NullPointerException
2021-11-29 23:17:10.841 ERROR 6224 --- [    Test worker] tourGuide.service.TourGuideService       : java.lang.NullPointerException
2021-11-29 23:17:10.841 ERROR 6224 --- [    Test worker] tourGuide.service.TourGuideService       : java.lang.NullPointerException
2021-11-29 23:17:10.841 ERROR 6224 --- [    Test worker] tourGuide.service.TourGuideService       : java.lang.NullPointerException
2021-11-29 23:17:10.841 ERROR 6224 --- [    Test worker] tourGuide.service.TourGuideService       : java.lang.NullPointerException
2021-11-29 23:17:10.841 ERROR 6224 --- [    Test worker] tourGuide.service.TourGuideService       : java.lang.NullPointerException
2021-11-29 23:17:10.841 ERROR 6224 --- [    Test worker] tourGuide.service.TourGuideService       : java.lang.NullPointerException
2021-11-29 23:17:10.841 ERROR 6224 --- [    Test worker] tourGuide.service.TourGuideService       : java.lang.NullPointerException
2021-11-29 23:17:10.841 ERROR 6224 --- [    Test worker] tourGuide.service.TourGuideService       : java.lang.NullPointerException
2021-11-29 23:17:10.841 ERROR 6224 --- [    Test worker] tourGuide.service.TourGuideService       : java.lang.NullPointerException
2021-11-29 23:17:10.842 ERROR 6224 --- [    Test worker] tourGuide.service.TourGuideService       : java.lang.NullPointerException
2021-11-29 23:17:10.842 ERROR 6224 --- [    Test worker] tourGuide.service.TourGuideService       : java.lang.NullPointerException
2021-11-29 23:17:10.842 ERROR 6224 --- [    Test worker] tourGuide.service.TourGuideService       : java.lang.NullPointerException
2021-11-29 23:17:10.842 ERROR 6224 --- [    Test worker] tourGuide.service.TourGuideService       : java.lang.NullPointerException
2021-11-29 23:17:10.842 ERROR 6224 --- [    Test worker] tourGuide.service.TourGuideService       : java.lang.NullPointerException
2021-11-29 23:17:10.842 ERROR 6224 --- [    Test worker] tourGuide.service.TourGuideService       : java.lang.NullPointerException
2021-11-29 23:17:10.842 ERROR 6224 --- [    Test worker] tourGuide.service.TourGuideService       : java.lang.NullPointerException
2021-11-29 23:17:10.842 ERROR 6224 --- [    Test worker] tourGuide.service.TourGuideService       : java.lang.NullPointerException
2021-11-29 23:17:10.844 ERROR 6224 --- [    Test worker] tourGuide.service.TourGuideService       : java.lang.NullPointerException
2021-11-29 23:17:10.847 ERROR 6224 --- [    Test worker] tourGuide.service.TourGuideService       : java.lang.NullPointerException
2021-11-29 23:17:10.850 ERROR 6224 --- [    Test worker] tourGuide.service.TourGuideService       : java.lang.NullPointerException
2021-11-29 23:17:10.850 ERROR 6224 --- [    Test worker] tourGuide.service.TourGuideService       : java.lang.NullPointerException
2021-11-29 23:17:10.850 ERROR 6224 --- [    Test worker] tourGuide.service.TourGuideService       : java.lang.NullPointerException
2021-11-29 23:17:10.851 ERROR 6224 --- [    Test worker] tourGuide.service.TourGuideService       : java.lang.NullPointerException
2021-11-29 23:17:10.851 ERROR 6224 --- [    Test worker] tourGuide.service.TourGuideService       : java.lang.NullPointerException
2021-11-29 23:17:10.851 ERROR 6224 --- [    Test worker] tourGuide.service.TourGuideService       : java.lang.NullPointerException
2021-11-29 23:17:10.851 ERROR 6224 --- [    Test worker] tourGuide.service.TourGuideService       : java.lang.NullPointerException
2021-11-29 23:17:10.851 ERROR 6224 --- [    Test worker] tourGuide.service.TourGuideService       : java.lang.NullPointerException
2021-11-29 23:17:10.851 ERROR 6224 --- [    Test worker] tourGuide.service.TourGuideService       : java.lang.NullPointerException
2021-11-29 23:17:10.851 ERROR 6224 --- [    Test worker] tourGuide.service.TourGuideService       : java.lang.NullPointerException
2021-11-29 23:17:10.851 ERROR 6224 --- [    Test worker] tourGuide.service.TourGuideService       : java.lang.NullPointerException
2021-11-29 23:17:10.851 ERROR 6224 --- [    Test worker] tourGuide.service.TourGuideService       : java.lang.NullPointerException
2021-11-29 23:17:10.851 ERROR 6224 --- [    Test worker] tourGuide.service.TourGuideService       : java.lang.NullPointerException
2021-11-29 23:17:10.851 ERROR 6224 --- [    Test worker] tourGuide.service.TourGuideService       : java.lang.NullPointerException
2021-11-29 23:17:10.851 ERROR 6224 --- [    Test worker] tourGuide.service.TourGuideService       : java.lang.NullPointerException
2021-11-29 23:17:10.851 ERROR 6224 --- [    Test worker] tourGuide.service.TourGuideService       : java.lang.NullPointerException
2021-11-29 23:17:10.852 ERROR 6224 --- [    Test worker] tourGuide.service.TourGuideService       : java.lang.NullPointerException
2021-11-29 23:17:10.852 ERROR 6224 --- [    Test worker] tourGuide.service.TourGuideService       : java.lang.NullPointerException
2021-11-29 23:17:10.852 ERROR 6224 --- [    Test worker] tourGuide.service.TourGuideService       : java.lang.NullPointerException
2021-11-29 23:17:10.852 ERROR 6224 --- [    Test worker] tourGuide.service.TourGuideService       : java.lang.NullPointerException
2021-11-29 23:17:10.852 ERROR 6224 --- [    Test worker] tourGuide.service.TourGuideService       : java.lang.NullPointerException
2021-11-29 23:17:10.852 ERROR 6224 --- [    Test worker] tourGuide.service.TourGuideService       : java.lang.NullPointerException
2021-11-29 23:17:10.852 ERROR 6224 --- [    Test worker] tourGuide.service.TourGuideService       : java.lang.NullPointerException
2021-11-29 23:17:10.852 ERROR 6224 --- [    Test worker] tourGuide.service.TourGuideService       : java.lang.NullPointerException
2021-11-29 23:17:10.852 ERROR 6224 --- [    Test worker] tourGuide.service.TourGuideService       : java.lang.NullPointerException
2021-11-29 23:17:10.852 ERROR 6224 --- [    Test worker] tourGuide.service.TourGuideService       : java.lang.NullPointerException
2021-11-29 23:17:10.852 ERROR 6224 --- [    Test worker] tourGuide.service.TourGuideService       : java.lang.NullPointerException
2021-11-29 23:17:10.852 ERROR 6224 --- [    Test worker] tourGuide.service.TourGuideService       : java.lang.NullPointerException
2021-11-29 23:17:10.852 ERROR 6224 --- [    Test worker] tourGuide.service.TourGuideService       : java.lang.NullPointerException
2021-11-29 23:17:10.852 ERROR 6224 --- [    Test worker] tourGuide.service.TourGuideService       : java.lang.NullPointerException
2021-11-29 23:17:10.852 ERROR 6224 --- [    Test worker] tourGuide.service.TourGuideService       : java.lang.NullPointerException
2021-11-29 23:17:10.852 ERROR 6224 --- [    Test worker] tourGuide.service.TourGuideService       : java.lang.NullPointerException
2021-11-29 23:17:10.852 ERROR 6224 --- [    Test worker] tourGuide.service.TourGuideService       : java.lang.NullPointerException
2021-11-29 23:17:10.852 ERROR 6224 --- [    Test worker] tourGuide.service.TourGuideService       : java.lang.NullPointerException
2021-11-29 23:17:10.852 ERROR 6224 --- [    Test worker] tourGuide.service.TourGuideService       : java.lang.NullPointerException
2021-11-29 23:17:10.852 ERROR 6224 --- [    Test worker] tourGuide.service.TourGuideService       : java.lang.NullPointerException
2021-11-29 23:17:10.852 ERROR 6224 --- [    Test worker] tourGuide.service.TourGuideService       : java.lang.NullPointerException
2021-11-29 23:17:10.852 ERROR 6224 --- [    Test worker] tourGuide.service.TourGuideService       : java.lang.NullPointerException
2021-11-29 23:17:10.852 ERROR 6224 --- [    Test worker] tourGuide.service.TourGuideService       : java.lang.NullPointerException
2021-11-29 23:17:10.852 ERROR 6224 --- [    Test worker] tourGuide.service.TourGuideService       : java.lang.NullPointerException
2021-11-29 23:17:10.852 ERROR 6224 --- [    Test worker] tourGuide.service.TourGuideService       : java.lang.NullPointerException
2021-11-29 23:17:10.853 ERROR 6224 --- [    Test worker] tourGuide.service.TourGuideService       : java.lang.NullPointerException
2021-11-29 23:17:10.853 ERROR 6224 --- [    Test worker] tourGuide.service.TourGuideService       : java.lang.NullPointerException
2021-11-29 23:17:10.853 ERROR 6224 --- [    Test worker] tourGuide.service.TourGuideService       : java.lang.NullPointerException
2021-11-29 23:17:10.853 ERROR 6224 --- [    Test worker] tourGuide.service.TourGuideService       : java.lang.NullPointerException
2021-11-29 23:17:10.853 ERROR 6224 --- [    Test worker] tourGuide.service.TourGuideService       : java.lang.NullPointerException
2021-11-29 23:17:10.853 ERROR 6224 --- [    Test worker] tourGuide.service.TourGuideService       : java.lang.NullPointerException
2021-11-29 23:17:10.853 ERROR 6224 --- [    Test worker] tourGuide.service.TourGuideService       : java.lang.NullPointerException
2021-11-29 23:17:10.853 ERROR 6224 --- [    Test worker] tourGuide.service.TourGuideService       : java.lang.NullPointerException
2021-11-29 23:17:10.853 ERROR 6224 --- [    Test worker] tourGuide.service.TourGuideService       : java.lang.NullPointerException
2021-11-29 23:17:10.853 ERROR 6224 --- [    Test worker] tourGuide.service.TourGuideService       : java.lang.NullPointerException
2021-11-29 23:17:10.853 ERROR 6224 --- [    Test worker] tourGuide.service.TourGuideService       : java.lang.NullPointerException
2021-11-29 23:17:10.936 ERROR 6224 --- [    Test worker] tourGuide.service.TourGuideService       : java.lang.NullPointerException
2021-11-29 23:17:10.936 ERROR 6224 --- [    Test worker] tourGuide.service.TourGuideService       : java.lang.NullPointerException
2021-11-29 23:17:10.937 ERROR 6224 --- [    Test worker] tourGuide.service.TourGuideService       : java.lang.NullPointerException
2021-11-29 23:17:10.937 ERROR 6224 --- [    Test worker] tourGuide.service.TourGuideService       : java.lang.NullPointerException
2021-11-29 23:17:10.937 ERROR 6224 --- [    Test worker] tourGuide.service.TourGuideService       : java.lang.NullPointerException
2021-11-29 23:17:10.937 ERROR 6224 --- [    Test worker] tourGuide.service.TourGuideService       : java.lang.NullPointerException
2021-11-29 23:17:10.937 ERROR 6224 --- [    Test worker] tourGuide.service.TourGuideService       : java.lang.NullPointerException
2021-11-29 23:17:10.937 ERROR 6224 --- [    Test worker] tourGuide.service.TourGuideService       : java.lang.NullPointerException
2021-11-29 23:17:10.937 ERROR 6224 --- [    Test worker] tourGuide.service.TourGuideService       : java.lang.NullPointerException
2021-11-29 23:17:10.937 ERROR 6224 --- [    Test worker] tourGuide.service.TourGuideService       : java.lang.NullPointerException
2021-11-29 23:17:10.937 ERROR 6224 --- [    Test worker] tourGuide.service.TourGuideService       : java.lang.NullPointerException
2021-11-29 23:17:10.937 ERROR 6224 --- [    Test worker] tourGuide.service.TourGuideService       : java.lang.NullPointerException
2021-11-29 23:17:10.937 ERROR 6224 --- [    Test worker] tourGuide.service.TourGuideService       : java.lang.NullPointerException
2021-11-29 23:17:10.937 ERROR 6224 --- [    Test worker] tourGuide.service.TourGuideService       : java.lang.NullPointerException
2021-11-29 23:17:10.937 ERROR 6224 --- [    Test worker] tourGuide.service.TourGuideService       : java.lang.NullPointerException
2021-11-29 23:17:10.937 ERROR 6224 --- [    Test worker] tourGuide.service.TourGuideService       : java.lang.NullPointerException
2021-11-29 23:17:10.937 ERROR 6224 --- [    Test worker] tourGuide.service.TourGuideService       : java.lang.NullPointerException
2021-11-29 23:17:10.938 ERROR 6224 --- [    Test worker] tourGuide.service.TourGuideService       : java.lang.NullPointerException
2021-11-29 23:17:10.938 ERROR 6224 --- [    Test worker] tourGuide.service.TourGuideService       : java.lang.NullPointerException
2021-11-29 23:17:10.938 ERROR 6224 --- [    Test worker] tourGuide.service.TourGuideService       : java.lang.NullPointerException
2021-11-29 23:17:10.938 ERROR 6224 --- [    Test worker] tourGuide.service.TourGuideService       : java.lang.NullPointerException
2021-11-29 23:17:10.938 ERROR 6224 --- [    Test worker] tourGuide.service.TourGuideService       : java.lang.NullPointerException
2021-11-29 23:17:10.938 ERROR 6224 --- [    Test worker] tourGuide.service.TourGuideService       : java.lang.NullPointerException
2021-11-29 23:17:10.938 ERROR 6224 --- [    Test worker] tourGuide.service.TourGuideService       : java.lang.NullPointerException
2021-11-29 23:17:10.938 ERROR 6224 --- [    Test worker] tourGuide.service.TourGuideService       : java.lang.NullPointerException
2021-11-29 23:17:10.939 ERROR 6224 --- [    Test worker] tourGuide.service.TourGuideService       : java.lang.NullPointerException
2021-11-29 23:17:10.939 ERROR 6224 --- [    Test worker] tourGuide.service.TourGuideService       : java.lang.NullPointerException
2021-11-29 23:17:10.939 ERROR 6224 --- [    Test worker] tourGuide.service.TourGuideService       : java.lang.NullPointerException
2021-11-29 23:17:10.939 ERROR 6224 --- [    Test worker] tourGuide.service.TourGuideService       : java.lang.NullPointerException
2021-11-29 23:17:10.939 ERROR 6224 --- [    Test worker] tourGuide.service.TourGuideService       : java.lang.NullPointerException
2021-11-29 23:17:10.939 ERROR 6224 --- [    Test worker] tourGuide.service.TourGuideService       : java.lang.NullPointerException
2021-11-29 23:17:10.939 ERROR 6224 --- [    Test worker] tourGuide.service.TourGuideService       : java.lang.NullPointerException
2021-11-29 23:17:10.939 ERROR 6224 --- [    Test worker] tourGuide.service.TourGuideService       : java.lang.NullPointerException
2021-11-29 23:17:10.939 ERROR 6224 --- [    Test worker] tourGuide.service.TourGuideService       : java.lang.NullPointerException
2021-11-29 23:17:10.939 ERROR 6224 --- [    Test worker] tourGuide.service.TourGuideService       : java.lang.NullPointerException
2021-11-29 23:17:10.939 ERROR 6224 --- [    Test worker] tourGuide.service.TourGuideService       : java.lang.NullPointerException
2021-11-29 23:17:10.939 ERROR 6224 --- [    Test worker] tourGuide.service.TourGuideService       : java.lang.NullPointerException
2021-11-29 23:17:10.940 ERROR 6224 --- [    Test worker] tourGuide.service.TourGuideService       : java.lang.NullPointerException
2021-11-29 23:17:10.940 ERROR 6224 --- [    Test worker] tourGuide.service.TourGuideService       : java.lang.NullPointerException
2021-11-29 23:17:10.940 ERROR 6224 --- [    Test worker] tourGuide.service.TourGuideService       : java.lang.NullPointerException
2021-11-29 23:17:10.940 ERROR 6224 --- [    Test worker] tourGuide.service.TourGuideService       : java.lang.NullPointerException
2021-11-29 23:17:10.940 ERROR 6224 --- [    Test worker] tourGuide.service.TourGuideService       : java.lang.NullPointerException
2021-11-29 23:17:10.940 ERROR 6224 --- [    Test worker] tourGuide.service.TourGuideService       : java.lang.NullPointerException
2021-11-29 23:17:10.940 ERROR 6224 --- [    Test worker] tourGuide.service.TourGuideService       : java.lang.NullPointerException
2021-11-29 23:17:10.940 ERROR 6224 --- [    Test worker] tourGuide.service.TourGuideService       : java.lang.NullPointerException
2021-11-29 23:17:10.940 ERROR 6224 --- [    Test worker] tourGuide.service.TourGuideService       : java.lang.NullPointerException
2021-11-29 23:17:10.940 ERROR 6224 --- [    Test worker] tourGuide.service.TourGuideService       : java.lang.NullPointerException
2021-11-29 23:17:10.940 ERROR 6224 --- [    Test worker] tourGuide.service.TourGuideService       : java.lang.NullPointerException
2021-11-29 23:17:10.940 ERROR 6224 --- [    Test worker] tourGuide.service.TourGuideService       : java.lang.NullPointerException
2021-11-29 23:17:10.941 ERROR 6224 --- [    Test worker] tourGuide.service.TourGuideService       : java.lang.NullPointerException
2021-11-29 23:17:10.941 ERROR 6224 --- [    Test worker] tourGuide.service.TourGuideService       : java.lang.NullPointerException
2021-11-29 23:17:10.941 ERROR 6224 --- [    Test worker] tourGuide.service.TourGuideService       : java.lang.NullPointerException
2021-11-29 23:17:10.941 ERROR 6224 --- [    Test worker] tourGuide.service.TourGuideService       : java.lang.NullPointerException
2021-11-29 23:17:10.941 ERROR 6224 --- [    Test worker] tourGuide.service.TourGuideService       : java.lang.NullPointerException
2021-11-29 23:17:10.941 ERROR 6224 --- [    Test worker] tourGuide.service.TourGuideService       : java.lang.NullPointerException
2021-11-29 23:17:10.941 ERROR 6224 --- [    Test worker] tourGuide.service.TourGuideService       : java.lang.NullPointerException
2021-11-29 23:17:10.941 ERROR 6224 --- [    Test worker] tourGuide.service.TourGuideService       : java.lang.NullPointerException
2021-11-29 23:17:10.941 ERROR 6224 --- [    Test worker] tourGuide.service.TourGuideService       : java.lang.NullPointerException
2021-11-29 23:17:10.941 ERROR 6224 --- [    Test worker] tourGuide.service.TourGuideService       : java.lang.NullPointerException
2021-11-29 23:17:10.941 ERROR 6224 --- [    Test worker] tourGuide.service.TourGuideService       : java.lang.NullPointerException
2021-11-29 23:17:10.942 ERROR 6224 --- [    Test worker] tourGuide.service.TourGuideService       : java.lang.NullPointerException
2021-11-29 23:17:10.942 ERROR 6224 --- [    Test worker] tourGuide.service.TourGuideService       : java.lang.NullPointerException
2021-11-29 23:17:10.942 ERROR 6224 --- [    Test worker] tourGuide.service.TourGuideService       : java.lang.NullPointerException
2021-11-29 23:17:10.942 ERROR 6224 --- [    Test worker] tourGuide.service.TourGuideService       : java.lang.NullPointerException
2021-11-29 23:17:10.942 ERROR 6224 --- [    Test worker] tourGuide.service.TourGuideService       : java.lang.NullPointerException
2021-11-29 23:17:10.942 ERROR 6224 --- [    Test worker] tourGuide.service.TourGuideService       : java.lang.NullPointerException
2021-11-29 23:17:10.942 ERROR 6224 --- [    Test worker] tourGuide.service.TourGuideService       : java.lang.NullPointerException
2021-11-29 23:17:10.942 ERROR 6224 --- [    Test worker] tourGuide.service.TourGuideService       : java.lang.NullPointerException
2021-11-29 23:17:10.942 ERROR 6224 --- [    Test worker] tourGuide.service.TourGuideService       : java.lang.NullPointerException
2021-11-29 23:17:10.942 ERROR 6224 --- [    Test worker] tourGuide.service.TourGuideService       : java.lang.NullPointerException
2021-11-29 23:17:10.942 ERROR 6224 --- [    Test worker] tourGuide.service.TourGuideService       : java.lang.NullPointerException
2021-11-29 23:17:10.942 ERROR 6224 --- [    Test worker] tourGuide.service.TourGuideService       : java.lang.NullPointerException
2021-11-29 23:17:10.942 ERROR 6224 --- [    Test worker] tourGuide.service.TourGuideService       : java.lang.NullPointerException
2021-11-29 23:17:10.942 ERROR 6224 --- [    Test worker] tourGuide.service.TourGuideService       : java.lang.NullPointerException
2021-11-29 23:17:10.942 ERROR 6224 --- [    Test worker] tourGuide.service.TourGuideService       : java.lang.NullPointerException
2021-11-29 23:17:10.942 ERROR 6224 --- [    Test worker] tourGuide.service.TourGuideService       : java.lang.NullPointerException
2021-11-29 23:17:10.942 ERROR 6224 --- [    Test worker] tourGuide.service.TourGuideService       : java.lang.NullPointerException
2021-11-29 23:17:10.942 ERROR 6224 --- [    Test worker] tourGuide.service.TourGuideService       : java.lang.NullPointerException
2021-11-29 23:17:10.942 ERROR 6224 --- [    Test worker] tourGuide.service.TourGuideService       : java.lang.NullPointerException
2021-11-29 23:17:10.942 ERROR 6224 --- [    Test worker] tourGuide.service.TourGuideService       : java.lang.NullPointerException
2021-11-29 23:17:10.942 ERROR 6224 --- [    Test worker] tourGuide.service.TourGuideService       : java.lang.NullPointerException
2021-11-29 23:17:10.943 ERROR 6224 --- [    Test worker] tourGuide.service.TourGuideService       : java.lang.NullPointerException
2021-11-29 23:17:10.943 ERROR 6224 --- [    Test worker] tourGuide.service.TourGuideService       : java.lang.NullPointerException
2021-11-29 23:17:10.943 ERROR 6224 --- [    Test worker] tourGuide.service.TourGuideService       : java.lang.NullPointerException
2021-11-29 23:17:10.943 ERROR 6224 --- [    Test worker] tourGuide.service.TourGuideService       : java.lang.NullPointerException
2021-11-29 23:17:10.943 ERROR 6224 --- [    Test worker] tourGuide.service.TourGuideService       : java.lang.NullPointerException
2021-11-29 23:17:10.943 ERROR 6224 --- [    Test worker] tourGuide.service.TourGuideService       : java.lang.NullPointerException
2021-11-29 23:17:10.943 ERROR 6224 --- [    Test worker] tourGuide.service.TourGuideService       : java.lang.NullPointerException
2021-11-29 23:17:10.943 ERROR 6224 --- [    Test worker] tourGuide.service.TourGuideService       : java.lang.NullPointerException
2021-11-29 23:17:10.943 ERROR 6224 --- [    Test worker] tourGuide.service.TourGuideService       : java.lang.NullPointerException
2021-11-29 23:17:10.943 ERROR 6224 --- [    Test worker] tourGuide.service.TourGuideService       : java.lang.NullPointerException
2021-11-29 23:17:10.943 ERROR 6224 --- [    Test worker] tourGuide.service.TourGuideService       : java.lang.NullPointerException
2021-11-29 23:17:10.943 ERROR 6224 --- [    Test worker] tourGuide.service.TourGuideService       : java.lang.NullPointerException
2021-11-29 23:17:10.943 ERROR 6224 --- [    Test worker] tourGuide.service.TourGuideService       : java.lang.NullPointerException
2021-11-29 23:17:10.943 ERROR 6224 --- [    Test worker] tourGuide.service.TourGuideService       : java.lang.NullPointerException
2021-11-29 23:17:10.943 ERROR 6224 --- [    Test worker] tourGuide.service.TourGuideService       : java.lang.NullPointerException
2021-11-29 23:17:10.943 ERROR 6224 --- [    Test worker] tourGuide.service.TourGuideService       : java.lang.NullPointerException
2021-11-29 23:17:10.943 ERROR 6224 --- [    Test worker] tourGuide.service.TourGuideService       : java.lang.NullPointerException
2021-11-29 23:17:10.943 ERROR 6224 --- [    Test worker] tourGuide.service.TourGuideService       : java.lang.NullPointerException
2021-11-29 23:17:10.943 ERROR 6224 --- [    Test worker] tourGuide.service.TourGuideService       : java.lang.NullPointerException
2021-11-29 23:17:10.951 ERROR 6224 --- [    Test worker] tourGuide.service.TourGuideService       : java.lang.NullPointerException
2021-11-29 23:17:10.951 ERROR 6224 --- [    Test worker] tourGuide.service.TourGuideService       : java.lang.NullPointerException
2021-11-29 23:17:10.953 ERROR 6224 --- [    Test worker] tourGuide.service.TourGuideService       : java.lang.NullPointerException
2021-11-29 23:17:10.953 ERROR 6224 --- [    Test worker] tourGuide.service.TourGuideService       : java.lang.NullPointerException
2021-11-29 23:17:10.953 ERROR 6224 --- [    Test worker] tourGuide.service.TourGuideService       : java.lang.NullPointerException
2021-11-29 23:17:10.953 ERROR 6224 --- [    Test worker] tourGuide.service.TourGuideService       : java.lang.NullPointerException
2021-11-29 23:17:10.953 ERROR 6224 --- [    Test worker] tourGuide.service.TourGuideService       : java.lang.NullPointerException
2021-11-29 23:17:10.953 ERROR 6224 --- [    Test worker] tourGuide.service.TourGuideService       : java.lang.NullPointerException
2021-11-29 23:17:10.953 ERROR 6224 --- [    Test worker] tourGuide.service.TourGuideService       : java.lang.NullPointerException
2021-11-29 23:17:10.953 ERROR 6224 --- [    Test worker] tourGuide.service.TourGuideService       : java.lang.NullPointerException
2021-11-29 23:17:10.954 ERROR 6224 --- [    Test worker] tourGuide.service.TourGuideService       : java.lang.NullPointerException
2021-11-29 23:17:10.954 ERROR 6224 --- [    Test worker] tourGuide.service.TourGuideService       : java.lang.NullPointerException
2021-11-29 23:17:10.956 ERROR 6224 --- [    Test worker] tourGuide.service.TourGuideService       : java.lang.NullPointerException
2021-11-29 23:17:10.957 ERROR 6224 --- [    Test worker] tourGuide.service.TourGuideService       : java.lang.NullPointerException
2021-11-29 23:17:10.957 ERROR 6224 --- [    Test worker] tourGuide.service.TourGuideService       : java.lang.NullPointerException
2021-11-29 23:17:10.957 ERROR 6224 --- [    Test worker] tourGuide.service.TourGuideService       : java.lang.NullPointerException
2021-11-29 23:17:10.957 ERROR 6224 --- [    Test worker] tourGuide.service.TourGuideService       : java.lang.NullPointerException
2021-11-29 23:17:10.958 ERROR 6224 --- [    Test worker] tourGuide.service.TourGuideService       : java.lang.NullPointerException
2021-11-29 23:17:10.958 ERROR 6224 --- [    Test worker] tourGuide.service.TourGuideService       : java.lang.NullPointerException
2021-11-29 23:17:10.958 ERROR 6224 --- [    Test worker] tourGuide.service.TourGuideService       : java.lang.NullPointerException
2021-11-29 23:17:10.958 ERROR 6224 --- [    Test worker] tourGuide.service.TourGuideService       : java.lang.NullPointerException
2021-11-29 23:17:10.958 ERROR 6224 --- [    Test worker] tourGuide.service.TourGuideService       : java.lang.NullPointerException
2021-11-29 23:17:10.958 ERROR 6224 --- [    Test worker] tourGuide.service.TourGuideService       : java.lang.NullPointerException
2021-11-29 23:17:10.958 ERROR 6224 --- [    Test worker] tourGuide.service.TourGuideService       : java.lang.NullPointerException
2021-11-29 23:17:10.958 ERROR 6224 --- [    Test worker] tourGuide.service.TourGuideService       : java.lang.NullPointerException
2021-11-29 23:17:10.958 ERROR 6224 --- [    Test worker] tourGuide.service.TourGuideService       : java.lang.NullPointerException
2021-11-29 23:17:10.960 ERROR 6224 --- [    Test worker] tourGuide.service.TourGuideService       : java.lang.NullPointerException
2021-11-29 23:17:10.960 ERROR 6224 --- [    Test worker] tourGuide.service.TourGuideService       : java.lang.NullPointerException
2021-11-29 23:17:10.960 ERROR 6224 --- [    Test worker] tourGuide.service.TourGuideService       : java.lang.NullPointerException
2021-11-29 23:17:10.960 ERROR 6224 --- [    Test worker] tourGuide.service.TourGuideService       : java.lang.NullPointerException
2021-11-29 23:17:10.961 ERROR 6224 --- [    Test worker] tourGuide.service.TourGuideService       : java.lang.NullPointerException
2021-11-29 23:17:10.961 ERROR 6224 --- [    Test worker] tourGuide.service.TourGuideService       : java.lang.NullPointerException
2021-11-29 23:17:10.961 ERROR 6224 --- [    Test worker] tourGuide.service.TourGuideService       : java.lang.NullPointerException
2021-11-29 23:17:10.961 ERROR 6224 --- [    Test worker] tourGuide.service.TourGuideService       : java.lang.NullPointerException
2021-11-29 23:17:10.961 ERROR 6224 --- [    Test worker] tourGuide.service.TourGuideService       : java.lang.NullPointerException
2021-11-29 23:17:10.961 ERROR 6224 --- [    Test worker] tourGuide.service.TourGuideService       : java.lang.NullPointerException
2021-11-29 23:17:10.961 ERROR 6224 --- [    Test worker] tourGuide.service.TourGuideService       : java.lang.NullPointerException
2021-11-29 23:17:10.961 ERROR 6224 --- [    Test worker] tourGuide.service.TourGuideService       : java.lang.NullPointerException
2021-11-29 23:17:10.961 ERROR 6224 --- [    Test worker] tourGuide.service.TourGuideService       : java.lang.NullPointerException
2021-11-29 23:17:10.962 ERROR 6224 --- [    Test worker] tourGuide.service.TourGuideService       : java.lang.NullPointerException
2021-11-29 23:17:10.962 ERROR 6224 --- [    Test worker] tourGuide.service.TourGuideService       : java.lang.NullPointerException
2021-11-29 23:17:10.962 ERROR 6224 --- [    Test worker] tourGuide.service.TourGuideService       : java.lang.NullPointerException
2021-11-29 23:17:10.962 ERROR 6224 --- [    Test worker] tourGuide.service.TourGuideService       : java.lang.NullPointerException
2021-11-29 23:17:10.962 ERROR 6224 --- [    Test worker] tourGuide.service.TourGuideService       : java.lang.NullPointerException
2021-11-29 23:17:10.962 ERROR 6224 --- [    Test worker] tourGuide.service.TourGuideService       : java.lang.NullPointerException
2021-11-29 23:17:10.962 ERROR 6224 --- [    Test worker] tourGuide.service.TourGuideService       : java.lang.NullPointerException
2021-11-29 23:17:10.962 ERROR 6224 --- [    Test worker] tourGuide.service.TourGuideService       : java.lang.NullPointerException
2021-11-29 23:17:10.962 ERROR 6224 --- [    Test worker] tourGuide.service.TourGuideService       : java.lang.NullPointerException
2021-11-29 23:17:10.962 ERROR 6224 --- [    Test worker] tourGuide.service.TourGuideService       : java.lang.NullPointerException
2021-11-29 23:17:10.962 ERROR 6224 --- [    Test worker] tourGuide.service.TourGuideService       : java.lang.NullPointerException
2021-11-29 23:17:10.963 ERROR 6224 --- [    Test worker] tourGuide.service.TourGuideService       : java.lang.NullPointerException
2021-11-29 23:17:10.963 ERROR 6224 --- [    Test worker] tourGuide.service.TourGuideService       : java.lang.NullPointerException
2021-11-29 23:17:10.963 ERROR 6224 --- [    Test worker] tourGuide.service.TourGuideService       : java.lang.NullPointerException
2021-11-29 23:17:10.963 ERROR 6224 --- [    Test worker] tourGuide.service.TourGuideService       : java.lang.NullPointerException
2021-11-29 23:17:10.963 ERROR 6224 --- [    Test worker] tourGuide.service.TourGuideService       : java.lang.NullPointerException
2021-11-29 23:17:10.963 ERROR 6224 --- [    Test worker] tourGuide.service.TourGuideService       : java.lang.NullPointerException
2021-11-29 23:17:10.963 ERROR 6224 --- [    Test worker] tourGuide.service.TourGuideService       : java.lang.NullPointerException
2021-11-29 23:17:10.963 ERROR 6224 --- [    Test worker] tourGuide.service.TourGuideService       : java.lang.NullPointerException
2021-11-29 23:17:10.963 ERROR 6224 --- [    Test worker] tourGuide.service.TourGuideService       : java.lang.NullPointerException
2021-11-29 23:17:10.963 ERROR 6224 --- [    Test worker] tourGuide.service.TourGuideService       : java.lang.NullPointerException
2021-11-29 23:17:10.963 ERROR 6224 --- [    Test worker] tourGuide.service.TourGuideService       : java.lang.NullPointerException
2021-11-29 23:17:10.963 ERROR 6224 --- [    Test worker] tourGuide.service.TourGuideService       : java.lang.NullPointerException
2021-11-29 23:17:10.963 ERROR 6224 --- [    Test worker] tourGuide.service.TourGuideService       : java.lang.NullPointerException
2021-11-29 23:17:10.963 ERROR 6224 --- [    Test worker] tourGuide.service.TourGuideService       : java.lang.NullPointerException
2021-11-29 23:17:10.963 ERROR 6224 --- [    Test worker] tourGuide.service.TourGuideService       : java.lang.NullPointerException
2021-11-29 23:17:10.963 ERROR 6224 --- [    Test worker] tourGuide.service.TourGuideService       : java.lang.NullPointerException
2021-11-29 23:17:10.963 ERROR 6224 --- [    Test worker] tourGuide.service.TourGuideService       : java.lang.NullPointerException
2021-11-29 23:17:10.963 ERROR 6224 --- [    Test worker] tourGuide.service.TourGuideService       : java.lang.NullPointerException
2021-11-29 23:17:10.964 ERROR 6224 --- [    Test worker] tourGuide.service.TourGuideService       : java.lang.NullPointerException
2021-11-29 23:17:10.964 ERROR 6224 --- [    Test worker] tourGuide.service.TourGuideService       : java.lang.NullPointerException
2021-11-29 23:17:10.964 ERROR 6224 --- [    Test worker] tourGuide.service.TourGuideService       : java.lang.NullPointerException
2021-11-29 23:17:10.964 ERROR 6224 --- [    Test worker] tourGuide.service.TourGuideService       : java.lang.NullPointerException
2021-11-29 23:17:10.964 ERROR 6224 --- [    Test worker] tourGuide.service.TourGuideService       : java.lang.NullPointerException
2021-11-29 23:17:10.964 ERROR 6224 --- [    Test worker] tourGuide.service.TourGuideService       : java.lang.NullPointerException
2021-11-29 23:17:10.964 ERROR 6224 --- [    Test worker] tourGuide.service.TourGuideService       : java.lang.NullPointerException
2021-11-29 23:17:10.965 ERROR 6224 --- [    Test worker] tourGuide.service.TourGuideService       : java.lang.NullPointerException
2021-11-29 23:17:10.965 ERROR 6224 --- [    Test worker] tourGuide.service.TourGuideService       : java.lang.NullPointerException
2021-11-29 23:17:10.965 ERROR 6224 --- [    Test worker] tourGuide.service.TourGuideService       : java.lang.NullPointerException
2021-11-29 23:17:10.965 ERROR 6224 --- [    Test worker] tourGuide.service.TourGuideService       : java.lang.NullPointerException
2021-11-29 23:17:10.965 ERROR 6224 --- [    Test worker] tourGuide.service.TourGuideService       : java.lang.NullPointerException
2021-11-29 23:17:10.965 ERROR 6224 --- [    Test worker] tourGuide.service.TourGuideService       : java.lang.NullPointerException
2021-11-29 23:17:10.966 ERROR 6224 --- [    Test worker] tourGuide.service.TourGuideService       : java.lang.NullPointerException
2021-11-29 23:17:10.968 ERROR 6224 --- [    Test worker] tourGuide.service.TourGuideService       : java.lang.NullPointerException
2021-11-29 23:17:10.973 ERROR 6224 --- [    Test worker] tourGuide.service.TourGuideService       : java.lang.NullPointerException
2021-11-29 23:17:10.973 ERROR 6224 --- [    Test worker] tourGuide.service.TourGuideService       : java.lang.NullPointerException
2021-11-29 23:17:10.973 ERROR 6224 --- [    Test worker] tourGuide.service.TourGuideService       : java.lang.NullPointerException
2021-11-29 23:17:10.973 ERROR 6224 --- [    Test worker] tourGuide.service.TourGuideService       : java.lang.NullPointerException
2021-11-29 23:17:10.973 ERROR 6224 --- [    Test worker] tourGuide.service.TourGuideService       : java.lang.NullPointerException
2021-11-29 23:17:10.973 ERROR 6224 --- [    Test worker] tourGuide.service.TourGuideService       : java.lang.NullPointerException
2021-11-29 23:17:10.974 ERROR 6224 --- [    Test worker] tourGuide.service.TourGuideService       : java.lang.NullPointerException
2021-11-29 23:17:10.974 ERROR 6224 --- [    Test worker] tourGuide.service.TourGuideService       : java.lang.NullPointerException
2021-11-29 23:17:10.974 ERROR 6224 --- [    Test worker] tourGuide.service.TourGuideService       : java.lang.NullPointerException
2021-11-29 23:17:10.974 ERROR 6224 --- [    Test worker] tourGuide.service.TourGuideService       : java.lang.NullPointerException
2021-11-29 23:17:10.974 ERROR 6224 --- [    Test worker] tourGuide.service.TourGuideService       : java.lang.NullPointerException
2021-11-29 23:17:10.974 ERROR 6224 --- [    Test worker] tourGuide.service.TourGuideService       : java.lang.NullPointerException
2021-11-29 23:17:10.974 ERROR 6224 --- [    Test worker] tourGuide.service.TourGuideService       : java.lang.NullPointerException
2021-11-29 23:17:10.974 ERROR 6224 --- [    Test worker] tourGuide.service.TourGuideService       : java.lang.NullPointerException
2021-11-29 23:17:10.974 ERROR 6224 --- [    Test worker] tourGuide.service.TourGuideService       : java.lang.NullPointerException
2021-11-29 23:17:10.974 ERROR 6224 --- [    Test worker] tourGuide.service.TourGuideService       : java.lang.NullPointerException
2021-11-29 23:17:10.974 ERROR 6224 --- [    Test worker] tourGuide.service.TourGuideService       : java.lang.NullPointerException
2021-11-29 23:17:10.974 ERROR 6224 --- [    Test worker] tourGuide.service.TourGuideService       : java.lang.NullPointerException
2021-11-29 23:17:10.974 ERROR 6224 --- [    Test worker] tourGuide.service.TourGuideService       : java.lang.NullPointerException
2021-11-29 23:17:10.974 ERROR 6224 --- [    Test worker] tourGuide.service.TourGuideService       : java.lang.NullPointerException
2021-11-29 23:17:10.974 ERROR 6224 --- [    Test worker] tourGuide.service.TourGuideService       : java.lang.NullPointerException
2021-11-29 23:17:10.974 ERROR 6224 --- [    Test worker] tourGuide.service.TourGuideService       : java.lang.NullPointerException
2021-11-29 23:17:10.974 ERROR 6224 --- [    Test worker] tourGuide.service.TourGuideService       : java.lang.NullPointerException
2021-11-29 23:17:10.974 ERROR 6224 --- [    Test worker] tourGuide.service.TourGuideService       : java.lang.NullPointerException
2021-11-29 23:17:10.974 ERROR 6224 --- [    Test worker] tourGuide.service.TourGuideService       : java.lang.NullPointerException
2021-11-29 23:17:10.974 ERROR 6224 --- [    Test worker] tourGuide.service.TourGuideService       : java.lang.NullPointerException
2021-11-29 23:17:10.975 ERROR 6224 --- [    Test worker] tourGuide.service.TourGuideService       : java.lang.NullPointerException
2021-11-29 23:17:10.975 ERROR 6224 --- [    Test worker] tourGuide.service.TourGuideService       : java.lang.NullPointerException
2021-11-29 23:17:10.975 ERROR 6224 --- [    Test worker] tourGuide.service.TourGuideService       : java.lang.NullPointerException
2021-11-29 23:17:10.975 ERROR 6224 --- [    Test worker] tourGuide.service.TourGuideService       : java.lang.NullPointerException
2021-11-29 23:17:10.975 ERROR 6224 --- [    Test worker] tourGuide.service.TourGuideService       : java.lang.NullPointerException
2021-11-29 23:17:10.975 ERROR 6224 --- [    Test worker] tourGuide.service.TourGuideService       : java.lang.NullPointerException
2021-11-29 23:17:10.975 ERROR 6224 --- [    Test worker] tourGuide.service.TourGuideService       : java.lang.NullPointerException
2021-11-29 23:17:10.975 ERROR 6224 --- [    Test worker] tourGuide.service.TourGuideService       : java.lang.NullPointerException
2021-11-29 23:17:10.975 ERROR 6224 --- [    Test worker] tourGuide.service.TourGuideService       : java.lang.NullPointerException
2021-11-29 23:17:10.975 ERROR 6224 --- [    Test worker] tourGuide.service.TourGuideService       : java.lang.NullPointerException
2021-11-29 23:17:10.975 ERROR 6224 --- [    Test worker] tourGuide.service.TourGuideService       : java.lang.NullPointerException
2021-11-29 23:17:10.975 ERROR 6224 --- [    Test worker] tourGuide.service.TourGuideService       : java.lang.NullPointerException
2021-11-29 23:17:10.975 ERROR 6224 --- [    Test worker] tourGuide.service.TourGuideService       : java.lang.NullPointerException
2021-11-29 23:17:10.975 ERROR 6224 --- [    Test worker] tourGuide.service.TourGuideService       : java.lang.NullPointerException
2021-11-29 23:17:10.975 ERROR 6224 --- [    Test worker] tourGuide.service.TourGuideService       : java.lang.NullPointerException
2021-11-29 23:17:10.975 ERROR 6224 --- [    Test worker] tourGuide.service.TourGuideService       : java.lang.NullPointerException
2021-11-29 23:17:10.975 ERROR 6224 --- [    Test worker] tourGuide.service.TourGuideService       : java.lang.NullPointerException
2021-11-29 23:17:10.975 ERROR 6224 --- [    Test worker] tourGuide.service.TourGuideService       : java.lang.NullPointerException
2021-11-29 23:17:10.975 ERROR 6224 --- [    Test worker] tourGuide.service.TourGuideService       : java.lang.NullPointerException
2021-11-29 23:17:10.976 ERROR 6224 --- [    Test worker] tourGuide.service.TourGuideService       : java.lang.NullPointerException
2021-11-29 23:17:10.976 ERROR 6224 --- [    Test worker] tourGuide.service.TourGuideService       : java.lang.NullPointerException
2021-11-29 23:17:10.976 ERROR 6224 --- [    Test worker] tourGuide.service.TourGuideService       : java.lang.NullPointerException
2021-11-29 23:17:10.976 ERROR 6224 --- [    Test worker] tourGuide.service.TourGuideService       : java.lang.NullPointerException
2021-11-29 23:17:10.976 ERROR 6224 --- [    Test worker] tourGuide.service.TourGuideService       : java.lang.NullPointerException
2021-11-29 23:17:10.976 ERROR 6224 --- [    Test worker] tourGuide.service.TourGuideService       : java.lang.NullPointerException
2021-11-29 23:17:10.976 ERROR 6224 --- [    Test worker] tourGuide.service.TourGuideService       : java.lang.NullPointerException
2021-11-29 23:17:10.976 ERROR 6224 --- [    Test worker] tourGuide.service.TourGuideService       : java.lang.NullPointerException
2021-11-29 23:17:10.976 ERROR 6224 --- [    Test worker] tourGuide.service.TourGuideService       : java.lang.NullPointerException
2021-11-29 23:17:10.976 ERROR 6224 --- [    Test worker] tourGuide.service.TourGuideService       : java.lang.NullPointerException
2021-11-29 23:17:10.976 ERROR 6224 --- [    Test worker] tourGuide.service.TourGuideService       : java.lang.NullPointerException
2021-11-29 23:17:10.976 ERROR 6224 --- [    Test worker] tourGuide.service.TourGuideService       : java.lang.NullPointerException
2021-11-29 23:17:10.976 ERROR 6224 --- [    Test worker] tourGuide.service.TourGuideService       : java.lang.NullPointerException
2021-11-29 23:17:10.976 ERROR 6224 --- [    Test worker] tourGuide.service.TourGuideService       : java.lang.NullPointerException
2021-11-29 23:17:10.976 ERROR 6224 --- [    Test worker] tourGuide.service.TourGuideService       : java.lang.NullPointerException
2021-11-29 23:17:10.976 ERROR 6224 --- [    Test worker] tourGuide.service.TourGuideService       : java.lang.NullPointerException
2021-11-29 23:17:10.976 ERROR 6224 --- [    Test worker] tourGuide.service.TourGuideService       : java.lang.NullPointerException
2021-11-29 23:17:10.977 ERROR 6224 --- [    Test worker] tourGuide.service.TourGuideService       : java.lang.NullPointerException
2021-11-29 23:17:10.977 ERROR 6224 --- [    Test worker] tourGuide.service.TourGuideService       : java.lang.NullPointerException
2021-11-29 23:17:10.977 ERROR 6224 --- [    Test worker] tourGuide.service.TourGuideService       : java.lang.NullPointerException
2021-11-29 23:17:10.977 ERROR 6224 --- [    Test worker] tourGuide.service.TourGuideService       : java.lang.NullPointerException
2021-11-29 23:17:10.977 ERROR 6224 --- [    Test worker] tourGuide.service.TourGuideService       : java.lang.NullPointerException
2021-11-29 23:17:10.977 ERROR 6224 --- [    Test worker] tourGuide.service.TourGuideService       : java.lang.NullPointerException
2021-11-29 23:17:10.977 ERROR 6224 --- [    Test worker] tourGuide.service.TourGuideService       : java.lang.NullPointerException
2021-11-29 23:17:10.977 ERROR 6224 --- [    Test worker] tourGuide.service.TourGuideService       : java.lang.NullPointerException
2021-11-29 23:17:10.977 ERROR 6224 --- [    Test worker] tourGuide.service.TourGuideService       : java.lang.NullPointerException
2021-11-29 23:17:10.977 ERROR 6224 --- [    Test worker] tourGuide.service.TourGuideService       : java.lang.NullPointerException
2021-11-29 23:17:10.977 ERROR 6224 --- [    Test worker] tourGuide.service.TourGuideService       : java.lang.NullPointerException
2021-11-29 23:17:10.977 ERROR 6224 --- [    Test worker] tourGuide.service.TourGuideService       : java.lang.NullPointerException
2021-11-29 23:17:10.977 ERROR 6224 --- [    Test worker] tourGuide.service.TourGuideService       : java.lang.NullPointerException
2021-11-29 23:17:10.977 ERROR 6224 --- [    Test worker] tourGuide.service.TourGuideService       : java.lang.NullPointerException
2021-11-29 23:17:10.977 ERROR 6224 --- [    Test worker] tourGuide.service.TourGuideService       : java.lang.NullPointerException
2021-11-29 23:17:10.977 ERROR 6224 --- [    Test worker] tourGuide.service.TourGuideService       : java.lang.NullPointerException
2021-11-29 23:17:10.977 ERROR 6224 --- [    Test worker] tourGuide.service.TourGuideService       : java.lang.NullPointerException
2021-11-29 23:17:10.977 ERROR 6224 --- [    Test worker] tourGuide.service.TourGuideService       : java.lang.NullPointerException
2021-11-29 23:17:10.977 ERROR 6224 --- [    Test worker] tourGuide.service.TourGuideService       : java.lang.NullPointerException
2021-11-29 23:17:10.978 ERROR 6224 --- [    Test worker] tourGuide.service.TourGuideService       : java.lang.NullPointerException
2021-11-29 23:17:10.978 ERROR 6224 --- [    Test worker] tourGuide.service.TourGuideService       : java.lang.NullPointerException
2021-11-29 23:17:10.978 ERROR 6224 --- [    Test worker] tourGuide.service.TourGuideService       : java.lang.NullPointerException
2021-11-29 23:17:10.978 ERROR 6224 --- [    Test worker] tourGuide.service.TourGuideService       : java.lang.NullPointerException
2021-11-29 23:17:10.978 ERROR 6224 --- [    Test worker] tourGuide.service.TourGuideService       : java.lang.NullPointerException
2021-11-29 23:17:10.978 ERROR 6224 --- [    Test worker] tourGuide.service.TourGuideService       : java.lang.NullPointerException
2021-11-29 23:17:10.978 ERROR 6224 --- [    Test worker] tourGuide.service.TourGuideService       : java.lang.NullPointerException
2021-11-29 23:17:10.978 ERROR 6224 --- [    Test worker] tourGuide.service.TourGuideService       : java.lang.NullPointerException
2021-11-29 23:17:10.978 ERROR 6224 --- [    Test worker] tourGuide.service.TourGuideService       : java.lang.NullPointerException
2021-11-29 23:17:10.978 ERROR 6224 --- [    Test worker] tourGuide.service.TourGuideService       : java.lang.NullPointerException
2021-11-29 23:17:10.978 ERROR 6224 --- [    Test worker] tourGuide.service.TourGuideService       : java.lang.NullPointerException
2021-11-29 23:17:10.978 ERROR 6224 --- [    Test worker] tourGuide.service.TourGuideService       : java.lang.NullPointerException
2021-11-29 23:17:10.978 ERROR 6224 --- [    Test worker] tourGuide.service.TourGuideService       : java.lang.NullPointerException
2021-11-29 23:17:10.978 ERROR 6224 --- [    Test worker] tourGuide.service.TourGuideService       : java.lang.NullPointerException
2021-11-29 23:17:10.978 ERROR 6224 --- [    Test worker] tourGuide.service.TourGuideService       : java.lang.NullPointerException
2021-11-29 23:17:10.978 ERROR 6224 --- [    Test worker] tourGuide.service.TourGuideService       : java.lang.NullPointerException
2021-11-29 23:17:10.978 ERROR 6224 --- [    Test worker] tourGuide.service.TourGuideService       : java.lang.NullPointerException
2021-11-29 23:17:10.978 ERROR 6224 --- [    Test worker] tourGuide.service.TourGuideService       : java.lang.NullPointerException
2021-11-29 23:17:10.978 ERROR 6224 --- [    Test worker] tourGuide.service.TourGuideService       : java.lang.NullPointerException
2021-11-29 23:17:10.978 ERROR 6224 --- [    Test worker] tourGuide.service.TourGuideService       : java.lang.NullPointerException
2021-11-29 23:17:10.978 ERROR 6224 --- [    Test worker] tourGuide.service.TourGuideService       : java.lang.NullPointerException
2021-11-29 23:17:10.979 ERROR 6224 --- [    Test worker] tourGuide.service.TourGuideService       : java.lang.NullPointerException
2021-11-29 23:17:10.979 ERROR 6224 --- [    Test worker] tourGuide.service.TourGuideService       : java.lang.NullPointerException
2021-11-29 23:17:10.979 ERROR 6224 --- [    Test worker] tourGuide.service.TourGuideService       : java.lang.NullPointerException
2021-11-29 23:17:10.979 ERROR 6224 --- [    Test worker] tourGuide.service.TourGuideService       : java.lang.NullPointerException
2021-11-29 23:17:10.979 ERROR 6224 --- [    Test worker] tourGuide.service.TourGuideService       : java.lang.NullPointerException
2021-11-29 23:17:10.979 ERROR 6224 --- [    Test worker] tourGuide.service.TourGuideService       : java.lang.NullPointerException
2021-11-29 23:17:10.979 ERROR 6224 --- [    Test worker] tourGuide.service.TourGuideService       : java.lang.NullPointerException
2021-11-29 23:17:10.979 ERROR 6224 --- [    Test worker] tourGuide.service.TourGuideService       : java.lang.NullPointerException
2021-11-29 23:17:10.979 ERROR 6224 --- [    Test worker] tourGuide.service.TourGuideService       : java.lang.NullPointerException
2021-11-29 23:17:10.979 ERROR 6224 --- [    Test worker] tourGuide.service.TourGuideService       : java.lang.NullPointerException
2021-11-29 23:17:10.979 ERROR 6224 --- [    Test worker] tourGuide.service.TourGuideService       : java.lang.NullPointerException
2021-11-29 23:17:10.979 ERROR 6224 --- [    Test worker] tourGuide.service.TourGuideService       : java.lang.NullPointerException
2021-11-29 23:17:10.979 ERROR 6224 --- [    Test worker] tourGuide.service.TourGuideService       : java.lang.NullPointerException
2021-11-29 23:17:10.979 ERROR 6224 --- [    Test worker] tourGuide.service.TourGuideService       : java.lang.NullPointerException
2021-11-29 23:17:10.979 ERROR 6224 --- [    Test worker] tourGuide.service.TourGuideService       : java.lang.NullPointerException
2021-11-29 23:17:10.979 ERROR 6224 --- [    Test worker] tourGuide.service.TourGuideService       : java.lang.NullPointerException
2021-11-29 23:17:10.979 ERROR 6224 --- [    Test worker] tourGuide.service.TourGuideService       : java.lang.NullPointerException
2021-11-29 23:17:10.979 ERROR 6224 --- [    Test worker] tourGuide.service.TourGuideService       : java.lang.NullPointerException
2021-11-29 23:17:10.979 ERROR 6224 --- [    Test worker] tourGuide.service.TourGuideService       : java.lang.NullPointerException
2021-11-29 23:17:10.980 ERROR 6224 --- [    Test worker] tourGuide.service.TourGuideService       : java.lang.NullPointerException
2021-11-29 23:17:10.980 ERROR 6224 --- [    Test worker] tourGuide.service.TourGuideService       : java.lang.NullPointerException
2021-11-29 23:17:10.980 ERROR 6224 --- [    Test worker] tourGuide.service.TourGuideService       : java.lang.NullPointerException
2021-11-29 23:17:10.980 ERROR 6224 --- [    Test worker] tourGuide.service.TourGuideService       : java.lang.NullPointerException
2021-11-29 23:17:10.980 ERROR 6224 --- [    Test worker] tourGuide.service.TourGuideService       : java.lang.NullPointerException
2021-11-29 23:17:10.980 ERROR 6224 --- [    Test worker] tourGuide.service.TourGuideService       : java.lang.NullPointerException
2021-11-29 23:17:10.980 ERROR 6224 --- [    Test worker] tourGuide.service.TourGuideService       : java.lang.NullPointerException
2021-11-29 23:17:10.980 ERROR 6224 --- [    Test worker] tourGuide.service.TourGuideService       : java.lang.NullPointerException
2021-11-29 23:17:10.981 ERROR 6224 --- [    Test worker] tourGuide.service.TourGuideService       : java.lang.NullPointerException
2021-11-29 23:17:10.981 ERROR 6224 --- [    Test worker] tourGuide.service.TourGuideService       : java.lang.NullPointerException
2021-11-29 23:17:10.981 ERROR 6224 --- [    Test worker] tourGuide.service.TourGuideService       : java.lang.NullPointerException
2021-11-29 23:17:10.981 ERROR 6224 --- [    Test worker] tourGuide.service.TourGuideService       : java.lang.NullPointerException
2021-11-29 23:17:10.981 ERROR 6224 --- [    Test worker] tourGuide.service.TourGuideService       : java.lang.NullPointerException
2021-11-29 23:17:10.981 ERROR 6224 --- [    Test worker] tourGuide.service.TourGuideService       : java.lang.NullPointerException
2021-11-29 23:17:10.981 ERROR 6224 --- [    Test worker] tourGuide.service.TourGuideService       : java.lang.NullPointerException
2021-11-29 23:17:10.981 ERROR 6224 --- [    Test worker] tourGuide.service.TourGuideService       : java.lang.NullPointerException
2021-11-29 23:17:10.981 ERROR 6224 --- [    Test worker] tourGuide.service.TourGuideService       : java.lang.NullPointerException
2021-11-29 23:17:10.981 ERROR 6224 --- [    Test worker] tourGuide.service.TourGuideService       : java.lang.NullPointerException
2021-11-29 23:17:10.981 ERROR 6224 --- [    Test worker] tourGuide.service.TourGuideService       : java.lang.NullPointerException
2021-11-29 23:17:10.982 ERROR 6224 --- [    Test worker] tourGuide.service.TourGuideService       : java.lang.NullPointerException
2021-11-29 23:17:10.982 ERROR 6224 --- [    Test worker] tourGuide.service.TourGuideService       : java.lang.NullPointerException
2021-11-29 23:17:10.982 ERROR 6224 --- [    Test worker] tourGuide.service.TourGuideService       : java.lang.NullPointerException
2021-11-29 23:17:10.982 ERROR 6224 --- [    Test worker] tourGuide.service.TourGuideService       : java.lang.NullPointerException
2021-11-29 23:17:10.982 ERROR 6224 --- [    Test worker] tourGuide.service.TourGuideService       : java.lang.NullPointerException
2021-11-29 23:17:10.982 ERROR 6224 --- [    Test worker] tourGuide.service.TourGuideService       : java.lang.NullPointerException
2021-11-29 23:17:10.982 ERROR 6224 --- [    Test worker] tourGuide.service.TourGuideService       : java.lang.NullPointerException
2021-11-29 23:17:10.982 ERROR 6224 --- [    Test worker] tourGuide.service.TourGuideService       : java.lang.NullPointerException
2021-11-29 23:17:10.982 ERROR 6224 --- [    Test worker] tourGuide.service.TourGuideService       : java.lang.NullPointerException
2021-11-29 23:17:10.982 ERROR 6224 --- [    Test worker] tourGuide.service.TourGuideService       : java.lang.NullPointerException
2021-11-29 23:17:10.982 ERROR 6224 --- [    Test worker] tourGuide.service.TourGuideService       : java.lang.NullPointerException
2021-11-29 23:17:10.982 ERROR 6224 --- [    Test worker] tourGuide.service.TourGuideService       : java.lang.NullPointerException
2021-11-29 23:17:10.982 ERROR 6224 --- [    Test worker] tourGuide.service.TourGuideService       : java.lang.NullPointerException
2021-11-29 23:17:10.982 ERROR 6224 --- [    Test worker] tourGuide.service.TourGuideService       : java.lang.NullPointerException
2021-11-29 23:17:10.982 ERROR 6224 --- [    Test worker] tourGuide.service.TourGuideService       : java.lang.NullPointerException
2021-11-29 23:17:10.982 ERROR 6224 --- [    Test worker] tourGuide.service.TourGuideService       : java.lang.NullPointerException
2021-11-29 23:17:10.982 ERROR 6224 --- [    Test worker] tourGuide.service.TourGuideService       : java.lang.NullPointerException
2021-11-29 23:17:10.982 ERROR 6224 --- [    Test worker] tourGuide.service.TourGuideService       : java.lang.NullPointerException
2021-11-29 23:17:10.982 ERROR 6224 --- [    Test worker] tourGuide.service.TourGuideService       : java.lang.NullPointerException
2021-11-29 23:17:10.983 ERROR 6224 --- [    Test worker] tourGuide.service.TourGuideService       : java.lang.NullPointerException
2021-11-29 23:17:10.983 ERROR 6224 --- [    Test worker] tourGuide.service.TourGuideService       : java.lang.NullPointerException
2021-11-29 23:17:10.983 ERROR 6224 --- [    Test worker] tourGuide.service.TourGuideService       : java.lang.NullPointerException
2021-11-29 23:17:10.983 ERROR 6224 --- [    Test worker] tourGuide.service.TourGuideService       : java.lang.NullPointerException
2021-11-29 23:17:10.983 ERROR 6224 --- [    Test worker] tourGuide.service.TourGuideService       : java.lang.NullPointerException
2021-11-29 23:17:10.983 ERROR 6224 --- [    Test worker] tourGuide.service.TourGuideService       : java.lang.NullPointerException
2021-11-29 23:17:10.983 ERROR 6224 --- [    Test worker] tourGuide.service.TourGuideService       : java.lang.NullPointerException
2021-11-29 23:17:10.983 ERROR 6224 --- [    Test worker] tourGuide.service.TourGuideService       : java.lang.NullPointerException
2021-11-29 23:17:10.983 ERROR 6224 --- [    Test worker] tourGuide.service.TourGuideService       : java.lang.NullPointerException
2021-11-29 23:17:10.983 ERROR 6224 --- [    Test worker] tourGuide.service.TourGuideService       : java.lang.NullPointerException
2021-11-29 23:17:10.983 ERROR 6224 --- [    Test worker] tourGuide.service.TourGuideService       : java.lang.NullPointerException
2021-11-29 23:17:10.983 ERROR 6224 --- [    Test worker] tourGuide.service.TourGuideService       : java.lang.NullPointerException
2021-11-29 23:17:10.983 ERROR 6224 --- [    Test worker] tourGuide.service.TourGuideService       : java.lang.NullPointerException
2021-11-29 23:17:10.983 ERROR 6224 --- [    Test worker] tourGuide.service.TourGuideService       : java.lang.NullPointerException
2021-11-29 23:17:10.983 ERROR 6224 --- [    Test worker] tourGuide.service.TourGuideService       : java.lang.NullPointerException
2021-11-29 23:17:10.983 ERROR 6224 --- [    Test worker] tourGuide.service.TourGuideService       : java.lang.NullPointerException
2021-11-29 23:17:10.983 ERROR 6224 --- [    Test worker] tourGuide.service.TourGuideService       : java.lang.NullPointerException
2021-11-29 23:17:10.983 ERROR 6224 --- [    Test worker] tourGuide.service.TourGuideService       : java.lang.NullPointerException
2021-11-29 23:17:10.984 ERROR 6224 --- [    Test worker] tourGuide.service.TourGuideService       : java.lang.NullPointerException
2021-11-29 23:17:10.984 ERROR 6224 --- [    Test worker] tourGuide.service.TourGuideService       : java.lang.NullPointerException
2021-11-29 23:17:10.984 ERROR 6224 --- [    Test worker] tourGuide.service.TourGuideService       : java.lang.NullPointerException
2021-11-29 23:17:10.984 ERROR 6224 --- [    Test worker] tourGuide.service.TourGuideService       : java.lang.NullPointerException
2021-11-29 23:17:10.984 ERROR 6224 --- [    Test worker] tourGuide.service.TourGuideService       : java.lang.NullPointerException
2021-11-29 23:17:10.984 ERROR 6224 --- [    Test worker] tourGuide.service.TourGuideService       : java.lang.NullPointerException
2021-11-29 23:17:10.984 ERROR 6224 --- [    Test worker] tourGuide.service.TourGuideService       : java.lang.NullPointerException
2021-11-29 23:17:10.984 ERROR 6224 --- [    Test worker] tourGuide.service.TourGuideService       : java.lang.NullPointerException
2021-11-29 23:17:10.984 ERROR 6224 --- [    Test worker] tourGuide.service.TourGuideService       : java.lang.NullPointerException
2021-11-29 23:17:10.984 ERROR 6224 --- [    Test worker] tourGuide.service.TourGuideService       : java.lang.NullPointerException
2021-11-29 23:17:10.984 ERROR 6224 --- [    Test worker] tourGuide.service.TourGuideService       : java.lang.NullPointerException
2021-11-29 23:17:10.984 ERROR 6224 --- [    Test worker] tourGuide.service.TourGuideService       : java.lang.NullPointerException
2021-11-29 23:17:10.984 ERROR 6224 --- [    Test worker] tourGuide.service.TourGuideService       : java.lang.NullPointerException
2021-11-29 23:17:10.984 ERROR 6224 --- [    Test worker] tourGuide.service.TourGuideService       : java.lang.NullPointerException
2021-11-29 23:17:10.984 ERROR 6224 --- [    Test worker] tourGuide.service.TourGuideService       : java.lang.NullPointerException
2021-11-29 23:17:10.985 ERROR 6224 --- [    Test worker] tourGuide.service.TourGuideService       : java.lang.NullPointerException
2021-11-29 23:17:10.985 ERROR 6224 --- [    Test worker] tourGuide.service.TourGuideService       : java.lang.NullPointerException
2021-11-29 23:17:10.985 ERROR 6224 --- [    Test worker] tourGuide.service.TourGuideService       : java.lang.NullPointerException
2021-11-29 23:17:10.985 ERROR 6224 --- [    Test worker] tourGuide.service.TourGuideService       : java.lang.NullPointerException
2021-11-29 23:17:10.985 ERROR 6224 --- [    Test worker] tourGuide.service.TourGuideService       : java.lang.NullPointerException
2021-11-29 23:17:10.985 ERROR 6224 --- [    Test worker] tourGuide.service.TourGuideService       : java.lang.NullPointerException
2021-11-29 23:17:10.985 ERROR 6224 --- [    Test worker] tourGuide.service.TourGuideService       : java.lang.NullPointerException
2021-11-29 23:17:10.985 ERROR 6224 --- [    Test worker] tourGuide.service.TourGuideService       : java.lang.NullPointerException
2021-11-29 23:17:10.985 ERROR 6224 --- [    Test worker] tourGuide.service.TourGuideService       : java.lang.NullPointerException
2021-11-29 23:17:10.985 ERROR 6224 --- [    Test worker] tourGuide.service.TourGuideService       : java.lang.NullPointerException
2021-11-29 23:17:10.985 ERROR 6224 --- [    Test worker] tourGuide.service.TourGuideService       : java.lang.NullPointerException
2021-11-29 23:17:10.985 ERROR 6224 --- [    Test worker] tourGuide.service.TourGuideService       : java.lang.NullPointerException
2021-11-29 23:17:10.985 ERROR 6224 --- [    Test worker] tourGuide.service.TourGuideService       : java.lang.NullPointerException
2021-11-29 23:17:10.985 ERROR 6224 --- [    Test worker] tourGuide.service.TourGuideService       : java.lang.NullPointerException
2021-11-29 23:17:10.985 ERROR 6224 --- [    Test worker] tourGuide.service.TourGuideService       : java.lang.NullPointerException
2021-11-29 23:17:10.985 ERROR 6224 --- [    Test worker] tourGuide.service.TourGuideService       : java.lang.NullPointerException
2021-11-29 23:17:10.985 ERROR 6224 --- [    Test worker] tourGuide.service.TourGuideService       : java.lang.NullPointerException
2021-11-29 23:17:10.985 ERROR 6224 --- [    Test worker] tourGuide.service.TourGuideService       : java.lang.NullPointerException
2021-11-29 23:17:10.985 ERROR 6224 --- [    Test worker] tourGuide.service.TourGuideService       : java.lang.NullPointerException
2021-11-29 23:17:10.985 ERROR 6224 --- [    Test worker] tourGuide.service.TourGuideService       : java.lang.NullPointerException
2021-11-29 23:17:10.985 ERROR 6224 --- [    Test worker] tourGuide.service.TourGuideService       : java.lang.NullPointerException
2021-11-29 23:17:10.986 ERROR 6224 --- [    Test worker] tourGuide.service.TourGuideService       : java.lang.NullPointerException
2021-11-29 23:17:10.986 ERROR 6224 --- [    Test worker] tourGuide.service.TourGuideService       : java.lang.NullPointerException
2021-11-29 23:17:10.986 ERROR 6224 --- [    Test worker] tourGuide.service.TourGuideService       : java.lang.NullPointerException
2021-11-29 23:17:10.986 ERROR 6224 --- [    Test worker] tourGuide.service.TourGuideService       : java.lang.NullPointerException
2021-11-29 23:17:10.986 ERROR 6224 --- [    Test worker] tourGuide.service.TourGuideService       : java.lang.NullPointerException
2021-11-29 23:17:10.986 ERROR 6224 --- [    Test worker] tourGuide.service.TourGuideService       : java.lang.NullPointerException
2021-11-29 23:17:10.986 ERROR 6224 --- [    Test worker] tourGuide.service.TourGuideService       : java.lang.NullPointerException
2021-11-29 23:17:10.986 ERROR 6224 --- [    Test worker] tourGuide.service.TourGuideService       : java.lang.NullPointerException
2021-11-29 23:17:10.986 ERROR 6224 --- [    Test worker] tourGuide.service.TourGuideService       : java.lang.NullPointerException
2021-11-29 23:17:10.986 ERROR 6224 --- [    Test worker] tourGuide.service.TourGuideService       : java.lang.NullPointerException
2021-11-29 23:17:10.986 ERROR 6224 --- [    Test worker] tourGuide.service.TourGuideService       : java.lang.NullPointerException
2021-11-29 23:17:10.986 ERROR 6224 --- [    Test worker] tourGuide.service.TourGuideService       : java.lang.NullPointerException
2021-11-29 23:17:10.986 ERROR 6224 --- [    Test worker] tourGuide.service.TourGuideService       : java.lang.NullPointerException
2021-11-29 23:17:10.986 ERROR 6224 --- [    Test worker] tourGuide.service.TourGuideService       : java.lang.NullPointerException
2021-11-29 23:17:10.986 ERROR 6224 --- [    Test worker] tourGuide.service.TourGuideService       : java.lang.NullPointerException
2021-11-29 23:17:10.986 ERROR 6224 --- [    Test worker] tourGuide.service.TourGuideService       : java.lang.NullPointerException
2021-11-29 23:17:10.986 ERROR 6224 --- [    Test worker] tourGuide.service.TourGuideService       : java.lang.NullPointerException
2021-11-29 23:17:10.986 ERROR 6224 --- [    Test worker] tourGuide.service.TourGuideService       : java.lang.NullPointerException
2021-11-29 23:17:10.986 ERROR 6224 --- [    Test worker] tourGuide.service.TourGuideService       : java.lang.NullPointerException
2021-11-29 23:17:10.986 ERROR 6224 --- [    Test worker] tourGuide.service.TourGuideService       : java.lang.NullPointerException
2021-11-29 23:17:10.986 ERROR 6224 --- [    Test worker] tourGuide.service.TourGuideService       : java.lang.NullPointerException
2021-11-29 23:17:10.987 ERROR 6224 --- [    Test worker] tourGuide.service.TourGuideService       : java.lang.NullPointerException
2021-11-29 23:17:10.987 ERROR 6224 --- [    Test worker] tourGuide.service.TourGuideService       : java.lang.NullPointerException
2021-11-29 23:17:10.987 ERROR 6224 --- [    Test worker] tourGuide.service.TourGuideService       : java.lang.NullPointerException
2021-11-29 23:17:10.987 ERROR 6224 --- [    Test worker] tourGuide.service.TourGuideService       : java.lang.NullPointerException
2021-11-29 23:17:10.987 ERROR 6224 --- [    Test worker] tourGuide.service.TourGuideService       : java.lang.NullPointerException
2021-11-29 23:17:10.987 ERROR 6224 --- [    Test worker] tourGuide.service.TourGuideService       : java.lang.NullPointerException
2021-11-29 23:17:10.987 ERROR 6224 --- [    Test worker] tourGuide.service.TourGuideService       : java.lang.NullPointerException
2021-11-29 23:17:10.987 ERROR 6224 --- [    Test worker] tourGuide.service.TourGuideService       : java.lang.NullPointerException
2021-11-29 23:17:10.987 ERROR 6224 --- [    Test worker] tourGuide.service.TourGuideService       : java.lang.NullPointerException
2021-11-29 23:17:10.987 ERROR 6224 --- [    Test worker] tourGuide.service.TourGuideService       : java.lang.NullPointerException
2021-11-29 23:17:10.987 ERROR 6224 --- [    Test worker] tourGuide.service.TourGuideService       : java.lang.NullPointerException
2021-11-29 23:17:10.987 ERROR 6224 --- [    Test worker] tourGuide.service.TourGuideService       : java.lang.NullPointerException
2021-11-29 23:17:10.987 ERROR 6224 --- [    Test worker] tourGuide.service.TourGuideService       : java.lang.NullPointerException
2021-11-29 23:17:10.987 ERROR 6224 --- [    Test worker] tourGuide.service.TourGuideService       : java.lang.NullPointerException
2021-11-29 23:17:10.987 ERROR 6224 --- [    Test worker] tourGuide.service.TourGuideService       : java.lang.NullPointerException
2021-11-29 23:17:10.987 ERROR 6224 --- [    Test worker] tourGuide.service.TourGuideService       : java.lang.NullPointerException
2021-11-29 23:17:10.987 ERROR 6224 --- [    Test worker] tourGuide.service.TourGuideService       : java.lang.NullPointerException
2021-11-29 23:17:10.988 ERROR 6224 --- [    Test worker] tourGuide.service.TourGuideService       : java.lang.NullPointerException
2021-11-29 23:17:10.988 ERROR 6224 --- [    Test worker] tourGuide.service.TourGuideService       : java.lang.NullPointerException
2021-11-29 23:17:10.988 ERROR 6224 --- [    Test worker] tourGuide.service.TourGuideService       : java.lang.NullPointerException
2021-11-29 23:17:10.988 ERROR 6224 --- [    Test worker] tourGuide.service.TourGuideService       : java.lang.NullPointerException
2021-11-29 23:17:10.988 ERROR 6224 --- [    Test worker] tourGuide.service.TourGuideService       : java.lang.NullPointerException
2021-11-29 23:17:10.988 ERROR 6224 --- [    Test worker] tourGuide.service.TourGuideService       : java.lang.NullPointerException
2021-11-29 23:17:10.988 ERROR 6224 --- [    Test worker] tourGuide.service.TourGuideService       : java.lang.NullPointerException
2021-11-29 23:17:10.988 ERROR 6224 --- [    Test worker] tourGuide.service.TourGuideService       : java.lang.NullPointerException
2021-11-29 23:17:10.988 ERROR 6224 --- [    Test worker] tourGuide.service.TourGuideService       : java.lang.NullPointerException
2021-11-29 23:17:10.988 ERROR 6224 --- [    Test worker] tourGuide.service.TourGuideService       : java.lang.NullPointerException
2021-11-29 23:17:10.988 ERROR 6224 --- [    Test worker] tourGuide.service.TourGuideService       : java.lang.NullPointerException
2021-11-29 23:17:10.988 ERROR 6224 --- [    Test worker] tourGuide.service.TourGuideService       : java.lang.NullPointerException
2021-11-29 23:17:10.988 ERROR 6224 --- [    Test worker] tourGuide.service.TourGuideService       : java.lang.NullPointerException
2021-11-29 23:17:10.988 ERROR 6224 --- [    Test worker] tourGuide.service.TourGuideService       : java.lang.NullPointerException
2021-11-29 23:17:10.989 ERROR 6224 --- [    Test worker] tourGuide.service.TourGuideService       : java.lang.NullPointerException
2021-11-29 23:17:10.989 ERROR 6224 --- [    Test worker] tourGuide.service.TourGuideService       : java.lang.NullPointerException
2021-11-29 23:17:10.989 ERROR 6224 --- [    Test worker] tourGuide.service.TourGuideService       : java.lang.NullPointerException
2021-11-29 23:17:10.989 ERROR 6224 --- [    Test worker] tourGuide.service.TourGuideService       : java.lang.NullPointerException
2021-11-29 23:17:10.989 ERROR 6224 --- [    Test worker] tourGuide.service.TourGuideService       : java.lang.NullPointerException
2021-11-29 23:17:10.989 ERROR 6224 --- [    Test worker] tourGuide.service.TourGuideService       : java.lang.NullPointerException
2021-11-29 23:17:10.989 ERROR 6224 --- [    Test worker] tourGuide.service.TourGuideService       : java.lang.NullPointerException
2021-11-29 23:17:10.989 ERROR 6224 --- [    Test worker] tourGuide.service.TourGuideService       : java.lang.NullPointerException
2021-11-29 23:17:10.989 ERROR 6224 --- [    Test worker] tourGuide.service.TourGuideService       : java.lang.NullPointerException
2021-11-29 23:17:10.989 ERROR 6224 --- [    Test worker] tourGuide.service.TourGuideService       : java.lang.NullPointerException
2021-11-29 23:17:10.989 ERROR 6224 --- [    Test worker] tourGuide.service.TourGuideService       : java.lang.NullPointerException
2021-11-29 23:17:10.989 ERROR 6224 --- [    Test worker] tourGuide.service.TourGuideService       : java.lang.NullPointerException
2021-11-29 23:17:10.989 ERROR 6224 --- [    Test worker] tourGuide.service.TourGuideService       : java.lang.NullPointerException
2021-11-29 23:17:10.989 ERROR 6224 --- [    Test worker] tourGuide.service.TourGuideService       : java.lang.NullPointerException
2021-11-29 23:17:10.989 ERROR 6224 --- [    Test worker] tourGuide.service.TourGuideService       : java.lang.NullPointerException
2021-11-29 23:17:10.989 ERROR 6224 --- [    Test worker] tourGuide.service.TourGuideService       : java.lang.NullPointerException
2021-11-29 23:17:10.989 ERROR 6224 --- [    Test worker] tourGuide.service.TourGuideService       : java.lang.NullPointerException
2021-11-29 23:17:10.989 ERROR 6224 --- [    Test worker] tourGuide.service.TourGuideService       : java.lang.NullPointerException
2021-11-29 23:17:10.989 ERROR 6224 --- [    Test worker] tourGuide.service.TourGuideService       : java.lang.NullPointerException
2021-11-29 23:17:10.990 ERROR 6224 --- [    Test worker] tourGuide.service.TourGuideService       : java.lang.NullPointerException
2021-11-29 23:17:10.990 ERROR 6224 --- [    Test worker] tourGuide.service.TourGuideService       : java.lang.NullPointerException
2021-11-29 23:17:10.990 ERROR 6224 --- [    Test worker] tourGuide.service.TourGuideService       : java.lang.NullPointerException
2021-11-29 23:17:10.990 ERROR 6224 --- [    Test worker] tourGuide.service.TourGuideService       : java.lang.NullPointerException
2021-11-29 23:17:10.990 ERROR 6224 --- [    Test worker] tourGuide.service.TourGuideService       : java.lang.NullPointerException
2021-11-29 23:17:10.990 ERROR 6224 --- [    Test worker] tourGuide.service.TourGuideService       : java.lang.NullPointerException
2021-11-29 23:17:10.990 ERROR 6224 --- [    Test worker] tourGuide.service.TourGuideService       : java.lang.NullPointerException
2021-11-29 23:17:10.990 ERROR 6224 --- [    Test worker] tourGuide.service.TourGuideService       : java.lang.NullPointerException
2021-11-29 23:17:10.996 ERROR 6224 --- [    Test worker] tourGuide.service.TourGuideService       : java.lang.NullPointerException
2021-11-29 23:17:10.997 ERROR 6224 --- [    Test worker] tourGuide.service.TourGuideService       : java.lang.NullPointerException
2021-11-29 23:17:10.997 ERROR 6224 --- [    Test worker] tourGuide.service.TourGuideService       : java.lang.NullPointerException
2021-11-29 23:17:10.997 ERROR 6224 --- [    Test worker] tourGuide.service.TourGuideService       : java.lang.NullPointerException
2021-11-29 23:17:10.997 ERROR 6224 --- [    Test worker] tourGuide.service.TourGuideService       : java.lang.NullPointerException
2021-11-29 23:17:10.997 ERROR 6224 --- [    Test worker] tourGuide.service.TourGuideService       : java.lang.NullPointerException
2021-11-29 23:17:10.997 ERROR 6224 --- [    Test worker] tourGuide.service.TourGuideService       : java.lang.NullPointerException
2021-11-29 23:17:10.997 ERROR 6224 --- [    Test worker] tourGuide.service.TourGuideService       : java.lang.NullPointerException
2021-11-29 23:17:10.997 ERROR 6224 --- [    Test worker] tourGuide.service.TourGuideService       : java.lang.NullPointerException
2021-11-29 23:17:10.997 ERROR 6224 --- [    Test worker] tourGuide.service.TourGuideService       : java.lang.NullPointerException
2021-11-29 23:17:10.997 ERROR 6224 --- [    Test worker] tourGuide.service.TourGuideService       : java.lang.NullPointerException
2021-11-29 23:17:10.997 ERROR 6224 --- [    Test worker] tourGuide.service.TourGuideService       : java.lang.NullPointerException
2021-11-29 23:17:10.997 ERROR 6224 --- [    Test worker] tourGuide.service.TourGuideService       : java.lang.NullPointerException
2021-11-29 23:17:10.997 ERROR 6224 --- [    Test worker] tourGuide.service.TourGuideService       : java.lang.NullPointerException
2021-11-29 23:17:10.997 ERROR 6224 --- [    Test worker] tourGuide.service.TourGuideService       : java.lang.NullPointerException
2021-11-29 23:17:10.998 ERROR 6224 --- [    Test worker] tourGuide.service.TourGuideService       : java.lang.NullPointerException
2021-11-29 23:17:10.998 ERROR 6224 --- [    Test worker] tourGuide.service.TourGuideService       : java.lang.NullPointerException
2021-11-29 23:17:10.998 ERROR 6224 --- [    Test worker] tourGuide.service.TourGuideService       : java.lang.NullPointerException
2021-11-29 23:17:10.998 ERROR 6224 --- [    Test worker] tourGuide.service.TourGuideService       : java.lang.NullPointerException
2021-11-29 23:17:10.998 ERROR 6224 --- [    Test worker] tourGuide.service.TourGuideService       : java.lang.NullPointerException
2021-11-29 23:17:10.998 ERROR 6224 --- [    Test worker] tourGuide.service.TourGuideService       : java.lang.NullPointerException
2021-11-29 23:17:10.998 ERROR 6224 --- [    Test worker] tourGuide.service.TourGuideService       : java.lang.NullPointerException
2021-11-29 23:17:10.998 ERROR 6224 --- [    Test worker] tourGuide.service.TourGuideService       : java.lang.NullPointerException
2021-11-29 23:17:10.998 ERROR 6224 --- [    Test worker] tourGuide.service.TourGuideService       : java.lang.NullPointerException
2021-11-29 23:17:10.999 ERROR 6224 --- [    Test worker] tourGuide.service.TourGuideService       : java.lang.NullPointerException
2021-11-29 23:17:11.001 ERROR 6224 --- [    Test worker] tourGuide.service.TourGuideService       : java.lang.NullPointerException
2021-11-29 23:17:11.001 ERROR 6224 --- [    Test worker] tourGuide.service.TourGuideService       : java.lang.NullPointerException
2021-11-29 23:17:11.001 ERROR 6224 --- [    Test worker] tourGuide.service.TourGuideService       : java.lang.NullPointerException
2021-11-29 23:17:11.001 ERROR 6224 --- [    Test worker] tourGuide.service.TourGuideService       : java.lang.NullPointerException
2021-11-29 23:17:11.001 ERROR 6224 --- [    Test worker] tourGuide.service.TourGuideService       : java.lang.NullPointerException
2021-11-29 23:17:11.001 ERROR 6224 --- [    Test worker] tourGuide.service.TourGuideService       : java.lang.NullPointerException
2021-11-29 23:17:11.001 ERROR 6224 --- [    Test worker] tourGuide.service.TourGuideService       : java.lang.NullPointerException
2021-11-29 23:17:11.001 ERROR 6224 --- [    Test worker] tourGuide.service.TourGuideService       : java.lang.NullPointerException
2021-11-29 23:17:11.001 ERROR 6224 --- [    Test worker] tourGuide.service.TourGuideService       : java.lang.NullPointerException
2021-11-29 23:17:11.001 ERROR 6224 --- [    Test worker] tourGuide.service.TourGuideService       : java.lang.NullPointerException
2021-11-29 23:17:11.002 ERROR 6224 --- [    Test worker] tourGuide.service.TourGuideService       : java.lang.NullPointerException
2021-11-29 23:17:11.002 ERROR 6224 --- [    Test worker] tourGuide.service.TourGuideService       : java.lang.NullPointerException
2021-11-29 23:17:11.002 ERROR 6224 --- [    Test worker] tourGuide.service.TourGuideService       : java.lang.NullPointerException
2021-11-29 23:17:11.002 ERROR 6224 --- [    Test worker] tourGuide.service.TourGuideService       : java.lang.NullPointerException
2021-11-29 23:17:11.002 ERROR 6224 --- [    Test worker] tourGuide.service.TourGuideService       : java.lang.NullPointerException
2021-11-29 23:17:11.002 ERROR 6224 --- [    Test worker] tourGuide.service.TourGuideService       : java.lang.NullPointerException
2021-11-29 23:17:11.002 ERROR 6224 --- [    Test worker] tourGuide.service.TourGuideService       : java.lang.NullPointerException
2021-11-29 23:17:11.002 ERROR 6224 --- [    Test worker] tourGuide.service.TourGuideService       : java.lang.NullPointerException
2021-11-29 23:17:11.002 ERROR 6224 --- [    Test worker] tourGuide.service.TourGuideService       : java.lang.NullPointerException
2021-11-29 23:17:11.002 ERROR 6224 --- [    Test worker] tourGuide.service.TourGuideService       : java.lang.NullPointerException
2021-11-29 23:17:11.002 ERROR 6224 --- [    Test worker] tourGuide.service.TourGuideService       : java.lang.NullPointerException
2021-11-29 23:17:11.002 ERROR 6224 --- [    Test worker] tourGuide.service.TourGuideService       : java.lang.NullPointerException
2021-11-29 23:17:11.003 ERROR 6224 --- [    Test worker] tourGuide.service.TourGuideService       : java.lang.NullPointerException
2021-11-29 23:17:11.003 ERROR 6224 --- [    Test worker] tourGuide.service.TourGuideService       : java.lang.NullPointerException
2021-11-29 23:17:11.003 ERROR 6224 --- [    Test worker] tourGuide.service.TourGuideService       : java.lang.NullPointerException
2021-11-29 23:17:11.003 ERROR 6224 --- [    Test worker] tourGuide.service.TourGuideService       : java.lang.NullPointerException
2021-11-29 23:17:11.003 ERROR 6224 --- [    Test worker] tourGuide.service.TourGuideService       : java.lang.NullPointerException
2021-11-29 23:17:11.003 ERROR 6224 --- [    Test worker] tourGuide.service.TourGuideService       : java.lang.NullPointerException
2021-11-29 23:17:11.003 ERROR 6224 --- [    Test worker] tourGuide.service.TourGuideService       : java.lang.NullPointerException
2021-11-29 23:17:11.003 ERROR 6224 --- [    Test worker] tourGuide.service.TourGuideService       : java.lang.NullPointerException
2021-11-29 23:17:11.003 ERROR 6224 --- [    Test worker] tourGuide.service.TourGuideService       : java.lang.NullPointerException
2021-11-29 23:17:11.003 ERROR 6224 --- [    Test worker] tourGuide.service.TourGuideService       : java.lang.NullPointerException
2021-11-29 23:17:11.003 ERROR 6224 --- [    Test worker] tourGuide.service.TourGuideService       : java.lang.NullPointerException
2021-11-29 23:17:11.003 ERROR 6224 --- [    Test worker] tourGuide.service.TourGuideService       : java.lang.NullPointerException
2021-11-29 23:17:11.003 ERROR 6224 --- [    Test worker] tourGuide.service.TourGuideService       : java.lang.NullPointerException
2021-11-29 23:17:11.003 ERROR 6224 --- [    Test worker] tourGuide.service.TourGuideService       : java.lang.NullPointerException
2021-11-29 23:17:11.003 ERROR 6224 --- [    Test worker] tourGuide.service.TourGuideService       : java.lang.NullPointerException
2021-11-29 23:17:11.004 ERROR 6224 --- [    Test worker] tourGuide.service.TourGuideService       : java.lang.NullPointerException
2021-11-29 23:17:11.004 ERROR 6224 --- [    Test worker] tourGuide.service.TourGuideService       : java.lang.NullPointerException
2021-11-29 23:17:11.004 ERROR 6224 --- [    Test worker] tourGuide.service.TourGuideService       : java.lang.NullPointerException
2021-11-29 23:17:11.004 ERROR 6224 --- [    Test worker] tourGuide.service.TourGuideService       : java.lang.NullPointerException
2021-11-29 23:17:11.004 ERROR 6224 --- [    Test worker] tourGuide.service.TourGuideService       : java.lang.NullPointerException
2021-11-29 23:17:11.004 ERROR 6224 --- [    Test worker] tourGuide.service.TourGuideService       : java.lang.NullPointerException
2021-11-29 23:17:11.004 ERROR 6224 --- [    Test worker] tourGuide.service.TourGuideService       : java.lang.NullPointerException
2021-11-29 23:17:11.004 ERROR 6224 --- [    Test worker] tourGuide.service.TourGuideService       : java.lang.NullPointerException
2021-11-29 23:17:11.004 ERROR 6224 --- [    Test worker] tourGuide.service.TourGuideService       : java.lang.NullPointerException
2021-11-29 23:17:11.004 ERROR 6224 --- [    Test worker] tourGuide.service.TourGuideService       : java.lang.NullPointerException
2021-11-29 23:17:11.004 ERROR 6224 --- [    Test worker] tourGuide.service.TourGuideService       : java.lang.NullPointerException
2021-11-29 23:17:11.004 ERROR 6224 --- [    Test worker] tourGuide.service.TourGuideService       : java.lang.NullPointerException
2021-11-29 23:17:11.004 ERROR 6224 --- [    Test worker] tourGuide.service.TourGuideService       : java.lang.NullPointerException
2021-11-29 23:17:11.004 ERROR 6224 --- [    Test worker] tourGuide.service.TourGuideService       : java.lang.NullPointerException
2021-11-29 23:17:11.004 ERROR 6224 --- [    Test worker] tourGuide.service.TourGuideService       : java.lang.NullPointerException
2021-11-29 23:17:11.004 ERROR 6224 --- [    Test worker] tourGuide.service.TourGuideService       : java.lang.NullPointerException
2021-11-29 23:17:11.005 ERROR 6224 --- [    Test worker] tourGuide.service.TourGuideService       : java.lang.NullPointerException
2021-11-29 23:17:11.005 ERROR 6224 --- [    Test worker] tourGuide.service.TourGuideService       : java.lang.NullPointerException
2021-11-29 23:17:11.005 ERROR 6224 --- [    Test worker] tourGuide.service.TourGuideService       : java.lang.NullPointerException
2021-11-29 23:17:11.005 ERROR 6224 --- [    Test worker] tourGuide.service.TourGuideService       : java.lang.NullPointerException
2021-11-29 23:17:11.005 ERROR 6224 --- [    Test worker] tourGuide.service.TourGuideService       : java.lang.NullPointerException
2021-11-29 23:17:11.005 ERROR 6224 --- [    Test worker] tourGuide.service.TourGuideService       : java.lang.NullPointerException
2021-11-29 23:17:11.005 ERROR 6224 --- [    Test worker] tourGuide.service.TourGuideService       : java.lang.NullPointerException
2021-11-29 23:17:11.005 ERROR 6224 --- [    Test worker] tourGuide.service.TourGuideService       : java.lang.NullPointerException
2021-11-29 23:17:11.005 ERROR 6224 --- [    Test worker] tourGuide.service.TourGuideService       : java.lang.NullPointerException
2021-11-29 23:17:11.005 ERROR 6224 --- [    Test worker] tourGuide.service.TourGuideService       : java.lang.NullPointerException
2021-11-29 23:17:11.005 ERROR 6224 --- [    Test worker] tourGuide.service.TourGuideService       : java.lang.NullPointerException
2021-11-29 23:17:11.005 ERROR 6224 --- [    Test worker] tourGuide.service.TourGuideService       : java.lang.NullPointerException
2021-11-29 23:17:11.005 ERROR 6224 --- [    Test worker] tourGuide.service.TourGuideService       : java.lang.NullPointerException
2021-11-29 23:17:11.005 ERROR 6224 --- [    Test worker] tourGuide.service.TourGuideService       : java.lang.NullPointerException
2021-11-29 23:17:11.005 ERROR 6224 --- [    Test worker] tourGuide.service.TourGuideService       : java.lang.NullPointerException
2021-11-29 23:17:11.005 ERROR 6224 --- [    Test worker] tourGuide.service.TourGuideService       : java.lang.NullPointerException
2021-11-29 23:17:11.005 ERROR 6224 --- [    Test worker] tourGuide.service.TourGuideService       : java.lang.NullPointerException
2021-11-29 23:17:11.005 ERROR 6224 --- [    Test worker] tourGuide.service.TourGuideService       : java.lang.NullPointerException
2021-11-29 23:17:11.006 ERROR 6224 --- [    Test worker] tourGuide.service.TourGuideService       : java.lang.NullPointerException
2021-11-29 23:17:11.006 ERROR 6224 --- [    Test worker] tourGuide.service.TourGuideService       : java.lang.NullPointerException
2021-11-29 23:17:11.006 ERROR 6224 --- [    Test worker] tourGuide.service.TourGuideService       : java.lang.NullPointerException
2021-11-29 23:17:11.006 ERROR 6224 --- [    Test worker] tourGuide.service.TourGuideService       : java.lang.NullPointerException
2021-11-29 23:17:11.006 ERROR 6224 --- [    Test worker] tourGuide.service.TourGuideService       : java.lang.NullPointerException
2021-11-29 23:17:11.006 ERROR 6224 --- [    Test worker] tourGuide.service.TourGuideService       : java.lang.NullPointerException
2021-11-29 23:17:11.006 ERROR 6224 --- [    Test worker] tourGuide.service.TourGuideService       : java.lang.NullPointerException
2021-11-29 23:17:11.006 ERROR 6224 --- [    Test worker] tourGuide.service.TourGuideService       : java.lang.NullPointerException
2021-11-29 23:17:11.006 ERROR 6224 --- [    Test worker] tourGuide.service.TourGuideService       : java.lang.NullPointerException
2021-11-29 23:17:11.006 ERROR 6224 --- [    Test worker] tourGuide.service.TourGuideService       : java.lang.NullPointerException
2021-11-29 23:17:11.006 ERROR 6224 --- [    Test worker] tourGuide.service.TourGuideService       : java.lang.NullPointerException
2021-11-29 23:17:11.006 ERROR 6224 --- [    Test worker] tourGuide.service.TourGuideService       : java.lang.NullPointerException
2021-11-29 23:17:11.006 ERROR 6224 --- [    Test worker] tourGuide.service.TourGuideService       : java.lang.NullPointerException
2021-11-29 23:17:11.006 ERROR 6224 --- [    Test worker] tourGuide.service.TourGuideService       : java.lang.NullPointerException
2021-11-29 23:17:11.006 ERROR 6224 --- [    Test worker] tourGuide.service.TourGuideService       : java.lang.NullPointerException
2021-11-29 23:17:11.006 ERROR 6224 --- [    Test worker] tourGuide.service.TourGuideService       : java.lang.NullPointerException
2021-11-29 23:17:11.006 ERROR 6224 --- [    Test worker] tourGuide.service.TourGuideService       : java.lang.NullPointerException
2021-11-29 23:17:11.006 ERROR 6224 --- [    Test worker] tourGuide.service.TourGuideService       : java.lang.NullPointerException
2021-11-29 23:17:11.007 ERROR 6224 --- [    Test worker] tourGuide.service.TourGuideService       : java.lang.NullPointerException
2021-11-29 23:17:11.007 ERROR 6224 --- [    Test worker] tourGuide.service.TourGuideService       : java.lang.NullPointerException
2021-11-29 23:17:11.007 ERROR 6224 --- [    Test worker] tourGuide.service.TourGuideService       : java.lang.NullPointerException
2021-11-29 23:17:11.007 ERROR 6224 --- [    Test worker] tourGuide.service.TourGuideService       : java.lang.NullPointerException
2021-11-29 23:17:11.007 ERROR 6224 --- [    Test worker] tourGuide.service.TourGuideService       : java.lang.NullPointerException
2021-11-29 23:17:11.007 ERROR 6224 --- [    Test worker] tourGuide.service.TourGuideService       : java.lang.NullPointerException
2021-11-29 23:17:11.007 ERROR 6224 --- [    Test worker] tourGuide.service.TourGuideService       : java.lang.NullPointerException
2021-11-29 23:17:11.007 ERROR 6224 --- [    Test worker] tourGuide.service.TourGuideService       : java.lang.NullPointerException
2021-11-29 23:17:11.007 ERROR 6224 --- [    Test worker] tourGuide.service.TourGuideService       : java.lang.NullPointerException
2021-11-29 23:17:11.007 ERROR 6224 --- [    Test worker] tourGuide.service.TourGuideService       : java.lang.NullPointerException
2021-11-29 23:17:11.007 ERROR 6224 --- [    Test worker] tourGuide.service.TourGuideService       : java.lang.NullPointerException
2021-11-29 23:17:11.007 ERROR 6224 --- [    Test worker] tourGuide.service.TourGuideService       : java.lang.NullPointerException
2021-11-29 23:17:11.007 ERROR 6224 --- [    Test worker] tourGuide.service.TourGuideService       : java.lang.NullPointerException
2021-11-29 23:17:11.007 ERROR 6224 --- [    Test worker] tourGuide.service.TourGuideService       : java.lang.NullPointerException
2021-11-29 23:17:11.007 ERROR 6224 --- [    Test worker] tourGuide.service.TourGuideService       : java.lang.NullPointerException
2021-11-29 23:17:11.007 ERROR 6224 --- [    Test worker] tourGuide.service.TourGuideService       : java.lang.NullPointerException
2021-11-29 23:17:11.007 ERROR 6224 --- [    Test worker] tourGuide.service.TourGuideService       : java.lang.NullPointerException
2021-11-29 23:17:11.007 ERROR 6224 --- [    Test worker] tourGuide.service.TourGuideService       : java.lang.NullPointerException
2021-11-29 23:17:11.008 ERROR 6224 --- [    Test worker] tourGuide.service.TourGuideService       : java.lang.NullPointerException
2021-11-29 23:17:11.008 ERROR 6224 --- [    Test worker] tourGuide.service.TourGuideService       : java.lang.NullPointerException
2021-11-29 23:17:11.008 ERROR 6224 --- [    Test worker] tourGuide.service.TourGuideService       : java.lang.NullPointerException
2021-11-29 23:17:11.008 ERROR 6224 --- [    Test worker] tourGuide.service.TourGuideService       : java.lang.NullPointerException
2021-11-29 23:17:11.008 ERROR 6224 --- [    Test worker] tourGuide.service.TourGuideService       : java.lang.NullPointerException
2021-11-29 23:17:11.008 ERROR 6224 --- [    Test worker] tourGuide.service.TourGuideService       : java.lang.NullPointerException
2021-11-29 23:17:11.008 ERROR 6224 --- [    Test worker] tourGuide.service.TourGuideService       : java.lang.NullPointerException
2021-11-29 23:17:11.008 ERROR 6224 --- [    Test worker] tourGuide.service.TourGuideService       : java.lang.NullPointerException
2021-11-29 23:17:11.008 ERROR 6224 --- [    Test worker] tourGuide.service.TourGuideService       : java.lang.NullPointerException
2021-11-29 23:17:11.008 ERROR 6224 --- [    Test worker] tourGuide.service.TourGuideService       : java.lang.NullPointerException
2021-11-29 23:17:11.008 ERROR 6224 --- [    Test worker] tourGuide.service.TourGuideService       : java.lang.NullPointerException
2021-11-29 23:17:11.008 ERROR 6224 --- [    Test worker] tourGuide.service.TourGuideService       : java.lang.NullPointerException
2021-11-29 23:17:11.008 ERROR 6224 --- [    Test worker] tourGuide.service.TourGuideService       : java.lang.NullPointerException
2021-11-29 23:17:11.008 ERROR 6224 --- [    Test worker] tourGuide.service.TourGuideService       : java.lang.NullPointerException
2021-11-29 23:17:11.008 ERROR 6224 --- [    Test worker] tourGuide.service.TourGuideService       : java.lang.NullPointerException
2021-11-29 23:17:11.008 ERROR 6224 --- [    Test worker] tourGuide.service.TourGuideService       : java.lang.NullPointerException
2021-11-29 23:17:11.008 ERROR 6224 --- [    Test worker] tourGuide.service.TourGuideService       : java.lang.NullPointerException
2021-11-29 23:17:11.008 ERROR 6224 --- [    Test worker] tourGuide.service.TourGuideService       : java.lang.NullPointerException
2021-11-29 23:17:11.008 ERROR 6224 --- [    Test worker] tourGuide.service.TourGuideService       : java.lang.NullPointerException
2021-11-29 23:17:11.009 ERROR 6224 --- [    Test worker] tourGuide.service.TourGuideService       : java.lang.NullPointerException
2021-11-29 23:17:11.009 ERROR 6224 --- [    Test worker] tourGuide.service.TourGuideService       : java.lang.NullPointerException
2021-11-29 23:17:11.009 ERROR 6224 --- [    Test worker] tourGuide.service.TourGuideService       : java.lang.NullPointerException
2021-11-29 23:17:11.009 ERROR 6224 --- [    Test worker] tourGuide.service.TourGuideService       : java.lang.NullPointerException
2021-11-29 23:17:11.009 ERROR 6224 --- [    Test worker] tourGuide.service.TourGuideService       : java.lang.NullPointerException
2021-11-29 23:17:11.009 ERROR 6224 --- [    Test worker] tourGuide.service.TourGuideService       : java.lang.NullPointerException
2021-11-29 23:17:11.009 ERROR 6224 --- [    Test worker] tourGuide.service.TourGuideService       : java.lang.NullPointerException
2021-11-29 23:17:11.009 ERROR 6224 --- [    Test worker] tourGuide.service.TourGuideService       : java.lang.NullPointerException
2021-11-29 23:17:11.009 ERROR 6224 --- [    Test worker] tourGuide.service.TourGuideService       : java.lang.NullPointerException
2021-11-29 23:17:11.009 ERROR 6224 --- [    Test worker] tourGuide.service.TourGuideService       : java.lang.NullPointerException
2021-11-29 23:17:11.009 ERROR 6224 --- [    Test worker] tourGuide.service.TourGuideService       : java.lang.NullPointerException
2021-11-29 23:17:11.009 ERROR 6224 --- [    Test worker] tourGuide.service.TourGuideService       : java.lang.NullPointerException
2021-11-29 23:17:11.009 ERROR 6224 --- [    Test worker] tourGuide.service.TourGuideService       : java.lang.NullPointerException
2021-11-29 23:17:11.009 ERROR 6224 --- [    Test worker] tourGuide.service.TourGuideService       : java.lang.NullPointerException
2021-11-29 23:17:11.010 ERROR 6224 --- [    Test worker] tourGuide.service.TourGuideService       : java.lang.NullPointerException
2021-11-29 23:17:11.010 ERROR 6224 --- [    Test worker] tourGuide.service.TourGuideService       : java.lang.NullPointerException
2021-11-29 23:17:11.010 ERROR 6224 --- [    Test worker] tourGuide.service.TourGuideService       : java.lang.NullPointerException
2021-11-29 23:17:11.010 ERROR 6224 --- [    Test worker] tourGuide.service.TourGuideService       : java.lang.NullPointerException
2021-11-29 23:17:11.010 ERROR 6224 --- [    Test worker] tourGuide.service.TourGuideService       : java.lang.NullPointerException
2021-11-29 23:17:11.010 ERROR 6224 --- [    Test worker] tourGuide.service.TourGuideService       : java.lang.NullPointerException
2021-11-29 23:17:11.010 ERROR 6224 --- [    Test worker] tourGuide.service.TourGuideService       : java.lang.NullPointerException
2021-11-29 23:17:11.010 ERROR 6224 --- [    Test worker] tourGuide.service.TourGuideService       : java.lang.NullPointerException
2021-11-29 23:17:11.010 ERROR 6224 --- [    Test worker] tourGuide.service.TourGuideService       : java.lang.NullPointerException
2021-11-29 23:17:11.010 ERROR 6224 --- [    Test worker] tourGuide.service.TourGuideService       : java.lang.NullPointerException
2021-11-29 23:17:11.011 ERROR 6224 --- [    Test worker] tourGuide.service.TourGuideService       : java.lang.NullPointerException
2021-11-29 23:17:11.011 ERROR 6224 --- [    Test worker] tourGuide.service.TourGuideService       : java.lang.NullPointerException
2021-11-29 23:17:11.011 ERROR 6224 --- [    Test worker] tourGuide.service.TourGuideService       : java.lang.NullPointerException
2021-11-29 23:17:11.011 ERROR 6224 --- [    Test worker] tourGuide.service.TourGuideService       : java.lang.NullPointerException
2021-11-29 23:17:11.011 ERROR 6224 --- [    Test worker] tourGuide.service.TourGuideService       : java.lang.NullPointerException
2021-11-29 23:17:11.011 ERROR 6224 --- [    Test worker] tourGuide.service.TourGuideService       : java.lang.NullPointerException
2021-11-29 23:17:11.011 ERROR 6224 --- [    Test worker] tourGuide.service.TourGuideService       : java.lang.NullPointerException
2021-11-29 23:17:11.011 ERROR 6224 --- [    Test worker] tourGuide.service.TourGuideService       : java.lang.NullPointerException
2021-11-29 23:17:11.011 ERROR 6224 --- [    Test worker] tourGuide.service.TourGuideService       : java.lang.NullPointerException
2021-11-29 23:17:11.011 ERROR 6224 --- [    Test worker] tourGuide.service.TourGuideService       : java.lang.NullPointerException
2021-11-29 23:17:11.011 ERROR 6224 --- [    Test worker] tourGuide.service.TourGuideService       : java.lang.NullPointerException
2021-11-29 23:17:11.011 ERROR 6224 --- [    Test worker] tourGuide.service.TourGuideService       : java.lang.NullPointerException
2021-11-29 23:17:11.011 ERROR 6224 --- [    Test worker] tourGuide.service.TourGuideService       : java.lang.NullPointerException
2021-11-29 23:17:11.011 ERROR 6224 --- [    Test worker] tourGuide.service.TourGuideService       : java.lang.NullPointerException
2021-11-29 23:17:11.011 ERROR 6224 --- [    Test worker] tourGuide.service.TourGuideService       : java.lang.NullPointerException
2021-11-29 23:17:11.011 ERROR 6224 --- [    Test worker] tourGuide.service.TourGuideService       : java.lang.NullPointerException
2021-11-29 23:17:11.011 ERROR 6224 --- [    Test worker] tourGuide.service.TourGuideService       : java.lang.NullPointerException
2021-11-29 23:17:11.011 ERROR 6224 --- [    Test worker] tourGuide.service.TourGuideService       : java.lang.NullPointerException
2021-11-29 23:17:11.011 ERROR 6224 --- [    Test worker] tourGuide.service.TourGuideService       : java.lang.NullPointerException
2021-11-29 23:17:11.012 ERROR 6224 --- [    Test worker] tourGuide.service.TourGuideService       : java.lang.NullPointerException
2021-11-29 23:17:11.012 ERROR 6224 --- [    Test worker] tourGuide.service.TourGuideService       : java.lang.NullPointerException
2021-11-29 23:17:11.012 ERROR 6224 --- [    Test worker] tourGuide.service.TourGuideService       : java.lang.NullPointerException
2021-11-29 23:17:11.012 ERROR 6224 --- [    Test worker] tourGuide.service.TourGuideService       : java.lang.NullPointerException
2021-11-29 23:17:11.012 ERROR 6224 --- [    Test worker] tourGuide.service.TourGuideService       : java.lang.NullPointerException
2021-11-29 23:17:11.012 ERROR 6224 --- [    Test worker] tourGuide.service.TourGuideService       : java.lang.NullPointerException
2021-11-29 23:17:11.012 ERROR 6224 --- [    Test worker] tourGuide.service.TourGuideService       : java.lang.NullPointerException
2021-11-29 23:17:11.012 ERROR 6224 --- [    Test worker] tourGuide.service.TourGuideService       : java.lang.NullPointerException
2021-11-29 23:17:11.012 ERROR 6224 --- [    Test worker] tourGuide.service.TourGuideService       : java.lang.NullPointerException
2021-11-29 23:17:11.012 ERROR 6224 --- [    Test worker] tourGuide.service.TourGuideService       : java.lang.NullPointerException
2021-11-29 23:17:11.012 ERROR 6224 --- [    Test worker] tourGuide.service.TourGuideService       : java.lang.NullPointerException
2021-11-29 23:17:11.012 ERROR 6224 --- [    Test worker] tourGuide.service.TourGuideService       : java.lang.NullPointerException
2021-11-29 23:17:11.012 ERROR 6224 --- [    Test worker] tourGuide.service.TourGuideService       : java.lang.NullPointerException
2021-11-29 23:17:11.012 ERROR 6224 --- [    Test worker] tourGuide.service.TourGuideService       : java.lang.NullPointerException
2021-11-29 23:17:11.012 ERROR 6224 --- [    Test worker] tourGuide.service.TourGuideService       : java.lang.NullPointerException
2021-11-29 23:17:11.012 ERROR 6224 --- [    Test worker] tourGuide.service.TourGuideService       : java.lang.NullPointerException
2021-11-29 23:17:11.012 ERROR 6224 --- [    Test worker] tourGuide.service.TourGuideService       : java.lang.NullPointerException
2021-11-29 23:17:11.012 ERROR 6224 --- [    Test worker] tourGuide.service.TourGuideService       : java.lang.NullPointerException
2021-11-29 23:17:11.012 ERROR 6224 --- [    Test worker] tourGuide.service.TourGuideService       : java.lang.NullPointerException
2021-11-29 23:17:11.012 ERROR 6224 --- [    Test worker] tourGuide.service.TourGuideService       : java.lang.NullPointerException
2021-11-29 23:17:11.012 ERROR 6224 --- [    Test worker] tourGuide.service.TourGuideService       : java.lang.NullPointerException
2021-11-29 23:17:11.013 ERROR 6224 --- [    Test worker] tourGuide.service.TourGuideService       : java.lang.NullPointerException
2021-11-29 23:17:11.013 ERROR 6224 --- [    Test worker] tourGuide.service.TourGuideService       : java.lang.NullPointerException
2021-11-29 23:17:11.013 ERROR 6224 --- [    Test worker] tourGuide.service.TourGuideService       : java.lang.NullPointerException
2021-11-29 23:17:11.013 ERROR 6224 --- [    Test worker] tourGuide.service.TourGuideService       : java.lang.NullPointerException
2021-11-29 23:17:11.013 ERROR 6224 --- [    Test worker] tourGuide.service.TourGuideService       : java.lang.NullPointerException
2021-11-29 23:17:11.013 ERROR 6224 --- [    Test worker] tourGuide.service.TourGuideService       : java.lang.NullPointerException
2021-11-29 23:17:11.013 ERROR 6224 --- [    Test worker] tourGuide.service.TourGuideService       : java.lang.NullPointerException
2021-11-29 23:17:11.013 ERROR 6224 --- [    Test worker] tourGuide.service.TourGuideService       : java.lang.NullPointerException
2021-11-29 23:17:11.013 ERROR 6224 --- [    Test worker] tourGuide.service.TourGuideService       : java.lang.NullPointerException
2021-11-29 23:17:11.013 ERROR 6224 --- [    Test worker] tourGuide.service.TourGuideService       : java.lang.NullPointerException
2021-11-29 23:17:11.013 ERROR 6224 --- [    Test worker] tourGuide.service.TourGuideService       : java.lang.NullPointerException
2021-11-29 23:17:11.013 ERROR 6224 --- [    Test worker] tourGuide.service.TourGuideService       : java.lang.NullPointerException
2021-11-29 23:17:11.013 ERROR 6224 --- [    Test worker] tourGuide.service.TourGuideService       : java.lang.NullPointerException
2021-11-29 23:17:11.013 ERROR 6224 --- [    Test worker] tourGuide.service.TourGuideService       : java.lang.NullPointerException
2021-11-29 23:17:11.013 ERROR 6224 --- [    Test worker] tourGuide.service.TourGuideService       : java.lang.NullPointerException
2021-11-29 23:17:11.013 ERROR 6224 --- [    Test worker] tourGuide.service.TourGuideService       : java.lang.NullPointerException
2021-11-29 23:17:11.014 ERROR 6224 --- [    Test worker] tourGuide.service.TourGuideService       : java.lang.NullPointerException
2021-11-29 23:17:11.014 ERROR 6224 --- [    Test worker] tourGuide.service.TourGuideService       : java.lang.NullPointerException
2021-11-29 23:17:11.014 ERROR 6224 --- [    Test worker] tourGuide.service.TourGuideService       : java.lang.NullPointerException
2021-11-29 23:17:11.014 ERROR 6224 --- [    Test worker] tourGuide.service.TourGuideService       : java.lang.NullPointerException
2021-11-29 23:17:11.014 ERROR 6224 --- [    Test worker] tourGuide.service.TourGuideService       : java.lang.NullPointerException
2021-11-29 23:17:11.015 ERROR 6224 --- [    Test worker] tourGuide.service.TourGuideService       : java.lang.NullPointerException
2021-11-29 23:17:11.015 ERROR 6224 --- [    Test worker] tourGuide.service.TourGuideService       : java.lang.NullPointerException
2021-11-29 23:17:11.015 ERROR 6224 --- [    Test worker] tourGuide.service.TourGuideService       : java.lang.NullPointerException
2021-11-29 23:17:11.015 ERROR 6224 --- [    Test worker] tourGuide.service.TourGuideService       : java.lang.NullPointerException
2021-11-29 23:17:11.015 ERROR 6224 --- [    Test worker] tourGuide.service.TourGuideService       : java.lang.NullPointerException
2021-11-29 23:17:11.015 ERROR 6224 --- [    Test worker] tourGuide.service.TourGuideService       : java.lang.NullPointerException
2021-11-29 23:17:11.015 ERROR 6224 --- [    Test worker] tourGuide.service.TourGuideService       : java.lang.NullPointerException
2021-11-29 23:17:11.015 ERROR 6224 --- [    Test worker] tourGuide.service.TourGuideService       : java.lang.NullPointerException
2021-11-29 23:17:11.015 ERROR 6224 --- [    Test worker] tourGuide.service.TourGuideService       : java.lang.NullPointerException
2021-11-29 23:17:11.015 ERROR 6224 --- [    Test worker] tourGuide.service.TourGuideService       : java.lang.NullPointerException
2021-11-29 23:17:11.015 ERROR 6224 --- [    Test worker] tourGuide.service.TourGuideService       : java.lang.NullPointerException
2021-11-29 23:17:11.015 ERROR 6224 --- [    Test worker] tourGuide.service.TourGuideService       : java.lang.NullPointerException
2021-11-29 23:17:11.015 ERROR 6224 --- [    Test worker] tourGuide.service.TourGuideService       : java.lang.NullPointerException
2021-11-29 23:17:11.015 ERROR 6224 --- [    Test worker] tourGuide.service.TourGuideService       : java.lang.NullPointerException
2021-11-29 23:17:11.015 ERROR 6224 --- [    Test worker] tourGuide.service.TourGuideService       : java.lang.NullPointerException
2021-11-29 23:17:11.016 ERROR 6224 --- [    Test worker] tourGuide.service.TourGuideService       : java.lang.NullPointerException
2021-11-29 23:17:11.016 ERROR 6224 --- [    Test worker] tourGuide.service.TourGuideService       : java.lang.NullPointerException
2021-11-29 23:17:11.016 ERROR 6224 --- [    Test worker] tourGuide.service.TourGuideService       : java.lang.NullPointerException
2021-11-29 23:17:11.016 ERROR 6224 --- [    Test worker] tourGuide.service.TourGuideService       : java.lang.NullPointerException
2021-11-29 23:17:11.016 ERROR 6224 --- [    Test worker] tourGuide.service.TourGuideService       : java.lang.NullPointerException
2021-11-29 23:17:11.016 ERROR 6224 --- [    Test worker] tourGuide.service.TourGuideService       : java.lang.NullPointerException
2021-11-29 23:17:11.016 ERROR 6224 --- [    Test worker] tourGuide.service.TourGuideService       : java.lang.NullPointerException
2021-11-29 23:17:11.016 ERROR 6224 --- [    Test worker] tourGuide.service.TourGuideService       : java.lang.NullPointerException
2021-11-29 23:17:11.016 ERROR 6224 --- [    Test worker] tourGuide.service.TourGuideService       : java.lang.NullPointerException
2021-11-29 23:17:11.016 ERROR 6224 --- [    Test worker] tourGuide.service.TourGuideService       : java.lang.NullPointerException
2021-11-29 23:17:11.016 ERROR 6224 --- [    Test worker] tourGuide.service.TourGuideService       : java.lang.NullPointerException
2021-11-29 23:17:11.016 ERROR 6224 --- [    Test worker] tourGuide.service.TourGuideService       : java.lang.NullPointerException
2021-11-29 23:17:11.016 ERROR 6224 --- [    Test worker] tourGuide.service.TourGuideService       : java.lang.NullPointerException
2021-11-29 23:17:11.016 ERROR 6224 --- [    Test worker] tourGuide.service.TourGuideService       : java.lang.NullPointerException
2021-11-29 23:17:11.016 ERROR 6224 --- [    Test worker] tourGuide.service.TourGuideService       : java.lang.NullPointerException
2021-11-29 23:17:11.016 ERROR 6224 --- [    Test worker] tourGuide.service.TourGuideService       : java.lang.NullPointerException
2021-11-29 23:17:11.017 ERROR 6224 --- [    Test worker] tourGuide.service.TourGuideService       : java.lang.NullPointerException
2021-11-29 23:17:11.017 ERROR 6224 --- [    Test worker] tourGuide.service.TourGuideService       : java.lang.NullPointerException
2021-11-29 23:17:11.017 ERROR 6224 --- [    Test worker] tourGuide.service.TourGuideService       : java.lang.NullPointerException
2021-11-29 23:17:11.017 ERROR 6224 --- [    Test worker] tourGuide.service.TourGuideService       : java.lang.NullPointerException
2021-11-29 23:17:11.017 ERROR 6224 --- [    Test worker] tourGuide.service.TourGuideService       : java.lang.NullPointerException
2021-11-29 23:17:11.017 ERROR 6224 --- [    Test worker] tourGuide.service.TourGuideService       : java.lang.NullPointerException
2021-11-29 23:17:11.017 ERROR 6224 --- [    Test worker] tourGuide.service.TourGuideService       : java.lang.NullPointerException
2021-11-29 23:17:11.017 ERROR 6224 --- [    Test worker] tourGuide.service.TourGuideService       : java.lang.NullPointerException
2021-11-29 23:17:11.017 ERROR 6224 --- [    Test worker] tourGuide.service.TourGuideService       : java.lang.NullPointerException
2021-11-29 23:17:11.017 ERROR 6224 --- [    Test worker] tourGuide.service.TourGuideService       : java.lang.NullPointerException
2021-11-29 23:17:11.017 ERROR 6224 --- [    Test worker] tourGuide.service.TourGuideService       : java.lang.NullPointerException
2021-11-29 23:17:11.017 ERROR 6224 --- [    Test worker] tourGuide.service.TourGuideService       : java.lang.NullPointerException
2021-11-29 23:17:11.017 ERROR 6224 --- [    Test worker] tourGuide.service.TourGuideService       : java.lang.NullPointerException
2021-11-29 23:17:11.017 ERROR 6224 --- [    Test worker] tourGuide.service.TourGuideService       : java.lang.NullPointerException
2021-11-29 23:17:11.017 ERROR 6224 --- [    Test worker] tourGuide.service.TourGuideService       : java.lang.NullPointerException
2021-11-29 23:17:11.017 ERROR 6224 --- [    Test worker] tourGuide.service.TourGuideService       : java.lang.NullPointerException
2021-11-29 23:17:11.017 ERROR 6224 --- [    Test worker] tourGuide.service.TourGuideService       : java.lang.NullPointerException
2021-11-29 23:17:11.018 ERROR 6224 --- [    Test worker] tourGuide.service.TourGuideService       : java.lang.NullPointerException
2021-11-29 23:17:11.018 ERROR 6224 --- [    Test worker] tourGuide.service.TourGuideService       : java.lang.NullPointerException
2021-11-29 23:17:11.018 ERROR 6224 --- [    Test worker] tourGuide.service.TourGuideService       : java.lang.NullPointerException
2021-11-29 23:17:11.018 ERROR 6224 --- [    Test worker] tourGuide.service.TourGuideService       : java.lang.NullPointerException
2021-11-29 23:17:11.018 ERROR 6224 --- [    Test worker] tourGuide.service.TourGuideService       : java.lang.NullPointerException
2021-11-29 23:17:11.018 ERROR 6224 --- [    Test worker] tourGuide.service.TourGuideService       : java.lang.NullPointerException
2021-11-29 23:17:11.018 ERROR 6224 --- [    Test worker] tourGuide.service.TourGuideService       : java.lang.NullPointerException
2021-11-29 23:17:11.018 ERROR 6224 --- [    Test worker] tourGuide.service.TourGuideService       : java.lang.NullPointerException
2021-11-29 23:17:11.018 ERROR 6224 --- [    Test worker] tourGuide.service.TourGuideService       : java.lang.NullPointerException
2021-11-29 23:17:11.018 ERROR 6224 --- [    Test worker] tourGuide.service.TourGuideService       : java.lang.NullPointerException
2021-11-29 23:17:11.018 ERROR 6224 --- [    Test worker] tourGuide.service.TourGuideService       : java.lang.NullPointerException
2021-11-29 23:17:11.018 ERROR 6224 --- [    Test worker] tourGuide.service.TourGuideService       : java.lang.NullPointerException
2021-11-29 23:17:11.018 ERROR 6224 --- [    Test worker] tourGuide.service.TourGuideService       : java.lang.NullPointerException
2021-11-29 23:17:11.018 ERROR 6224 --- [    Test worker] tourGuide.service.TourGuideService       : java.lang.NullPointerException
2021-11-29 23:17:11.018 ERROR 6224 --- [    Test worker] tourGuide.service.TourGuideService       : java.lang.NullPointerException
2021-11-29 23:17:11.018 ERROR 6224 --- [    Test worker] tourGuide.service.TourGuideService       : java.lang.NullPointerException
2021-11-29 23:17:11.018 ERROR 6224 --- [    Test worker] tourGuide.service.TourGuideService       : java.lang.NullPointerException
2021-11-29 23:17:11.019 ERROR 6224 --- [    Test worker] tourGuide.service.TourGuideService       : java.lang.NullPointerException
2021-11-29 23:17:11.019 ERROR 6224 --- [    Test worker] tourGuide.service.TourGuideService       : java.lang.NullPointerException
2021-11-29 23:17:11.019 ERROR 6224 --- [    Test worker] tourGuide.service.TourGuideService       : java.lang.NullPointerException
2021-11-29 23:17:11.019 ERROR 6224 --- [    Test worker] tourGuide.service.TourGuideService       : java.lang.NullPointerException
2021-11-29 23:17:11.019 ERROR 6224 --- [    Test worker] tourGuide.service.TourGuideService       : java.lang.NullPointerException
2021-11-29 23:17:11.019 ERROR 6224 --- [    Test worker] tourGuide.service.TourGuideService       : java.lang.NullPointerException
2021-11-29 23:17:11.019 ERROR 6224 --- [    Test worker] tourGuide.service.TourGuideService       : java.lang.NullPointerException
2021-11-29 23:17:11.019 ERROR 6224 --- [    Test worker] tourGuide.service.TourGuideService       : java.lang.NullPointerException
2021-11-29 23:17:11.019 ERROR 6224 --- [    Test worker] tourGuide.service.TourGuideService       : java.lang.NullPointerException
2021-11-29 23:17:11.019 ERROR 6224 --- [    Test worker] tourGuide.service.TourGuideService       : java.lang.NullPointerException
2021-11-29 23:17:11.019 ERROR 6224 --- [    Test worker] tourGuide.service.TourGuideService       : java.lang.NullPointerException
2021-11-29 23:17:11.019 ERROR 6224 --- [    Test worker] tourGuide.service.TourGuideService       : java.lang.NullPointerException
2021-11-29 23:17:11.019 ERROR 6224 --- [    Test worker] tourGuide.service.TourGuideService       : java.lang.NullPointerException
2021-11-29 23:17:11.019 ERROR 6224 --- [    Test worker] tourGuide.service.TourGuideService       : java.lang.NullPointerException
2021-11-29 23:17:11.019 ERROR 6224 --- [    Test worker] tourGuide.service.TourGuideService       : java.lang.NullPointerException
2021-11-29 23:17:11.019 ERROR 6224 --- [    Test worker] tourGuide.service.TourGuideService       : java.lang.NullPointerException
2021-11-29 23:17:11.019 ERROR 6224 --- [    Test worker] tourGuide.service.TourGuideService       : java.lang.NullPointerException
2021-11-29 23:17:11.019 ERROR 6224 --- [    Test worker] tourGuide.service.TourGuideService       : java.lang.NullPointerException
2021-11-29 23:17:11.020 ERROR 6224 --- [    Test worker] tourGuide.service.TourGuideService       : java.lang.NullPointerException
2021-11-29 23:17:11.020 ERROR 6224 --- [    Test worker] tourGuide.service.TourGuideService       : java.lang.NullPointerException
2021-11-29 23:17:11.020 ERROR 6224 --- [    Test worker] tourGuide.service.TourGuideService       : java.lang.NullPointerException
2021-11-29 23:17:11.020 ERROR 6224 --- [    Test worker] tourGuide.service.TourGuideService       : java.lang.NullPointerException
2021-11-29 23:17:11.020 ERROR 6224 --- [    Test worker] tourGuide.service.TourGuideService       : java.lang.NullPointerException
2021-11-29 23:17:11.020 ERROR 6224 --- [    Test worker] tourGuide.service.TourGuideService       : java.lang.NullPointerException
2021-11-29 23:17:11.020 ERROR 6224 --- [    Test worker] tourGuide.service.TourGuideService       : java.lang.NullPointerException
2021-11-29 23:17:11.020 ERROR 6224 --- [    Test worker] tourGuide.service.TourGuideService       : java.lang.NullPointerException
2021-11-29 23:17:11.020 ERROR 6224 --- [    Test worker] tourGuide.service.TourGuideService       : java.lang.NullPointerException
2021-11-29 23:17:11.020 ERROR 6224 --- [    Test worker] tourGuide.service.TourGuideService       : java.lang.NullPointerException
2021-11-29 23:17:11.020 ERROR 6224 --- [    Test worker] tourGuide.service.TourGuideService       : java.lang.NullPointerException
2021-11-29 23:17:11.020 ERROR 6224 --- [    Test worker] tourGuide.service.TourGuideService       : java.lang.NullPointerException
2021-11-29 23:17:11.020 ERROR 6224 --- [    Test worker] tourGuide.service.TourGuideService       : java.lang.NullPointerException
2021-11-29 23:17:11.020 ERROR 6224 --- [    Test worker] tourGuide.service.TourGuideService       : java.lang.NullPointerException
2021-11-29 23:17:11.020 ERROR 6224 --- [    Test worker] tourGuide.service.TourGuideService       : java.lang.NullPointerException
2021-11-29 23:17:11.020 ERROR 6224 --- [    Test worker] tourGuide.service.TourGuideService       : java.lang.NullPointerException
2021-11-29 23:17:11.020 ERROR 6224 --- [    Test worker] tourGuide.service.TourGuideService       : java.lang.NullPointerException
2021-11-29 23:17:11.021 ERROR 6224 --- [    Test worker] tourGuide.service.TourGuideService       : java.lang.NullPointerException
2021-11-29 23:17:11.021 ERROR 6224 --- [    Test worker] tourGuide.service.TourGuideService       : java.lang.NullPointerException
2021-11-29 23:17:11.021 ERROR 6224 --- [    Test worker] tourGuide.service.TourGuideService       : java.lang.NullPointerException
2021-11-29 23:17:11.021 ERROR 6224 --- [    Test worker] tourGuide.service.TourGuideService       : java.lang.NullPointerException
2021-11-29 23:17:11.021 ERROR 6224 --- [    Test worker] tourGuide.service.TourGuideService       : java.lang.NullPointerException
2021-11-29 23:17:11.021 ERROR 6224 --- [    Test worker] tourGuide.service.TourGuideService       : java.lang.NullPointerException
2021-11-29 23:17:11.021 ERROR 6224 --- [    Test worker] tourGuide.service.TourGuideService       : java.lang.NullPointerException
2021-11-29 23:17:11.021 ERROR 6224 --- [    Test worker] tourGuide.service.TourGuideService       : java.lang.NullPointerException
2021-11-29 23:17:11.021 ERROR 6224 --- [    Test worker] tourGuide.service.TourGuideService       : java.lang.NullPointerException
2021-11-29 23:17:11.021 ERROR 6224 --- [    Test worker] tourGuide.service.TourGuideService       : java.lang.NullPointerException
2021-11-29 23:17:11.021 ERROR 6224 --- [    Test worker] tourGuide.service.TourGuideService       : java.lang.NullPointerException
2021-11-29 23:17:11.021 ERROR 6224 --- [    Test worker] tourGuide.service.TourGuideService       : java.lang.NullPointerException
2021-11-29 23:17:11.021 ERROR 6224 --- [    Test worker] tourGuide.service.TourGuideService       : java.lang.NullPointerException
2021-11-29 23:17:11.021 ERROR 6224 --- [    Test worker] tourGuide.service.TourGuideService       : java.lang.NullPointerException
2021-11-29 23:17:11.021 ERROR 6224 --- [    Test worker] tourGuide.service.TourGuideService       : java.lang.NullPointerException
2021-11-29 23:17:11.021 ERROR 6224 --- [    Test worker] tourGuide.service.TourGuideService       : java.lang.NullPointerException
2021-11-29 23:17:11.022 ERROR 6224 --- [    Test worker] tourGuide.service.TourGuideService       : java.lang.NullPointerException
2021-11-29 23:17:11.022 ERROR 6224 --- [    Test worker] tourGuide.service.TourGuideService       : java.lang.NullPointerException
2021-11-29 23:17:11.022 ERROR 6224 --- [    Test worker] tourGuide.service.TourGuideService       : java.lang.NullPointerException
2021-11-29 23:17:11.022 ERROR 6224 --- [    Test worker] tourGuide.service.TourGuideService       : java.lang.NullPointerException
2021-11-29 23:17:11.022 ERROR 6224 --- [    Test worker] tourGuide.service.TourGuideService       : java.lang.NullPointerException
2021-11-29 23:17:11.022 ERROR 6224 --- [    Test worker] tourGuide.service.TourGuideService       : java.lang.NullPointerException
2021-11-29 23:17:11.022 ERROR 6224 --- [    Test worker] tourGuide.service.TourGuideService       : java.lang.NullPointerException
2021-11-29 23:17:11.022 ERROR 6224 --- [    Test worker] tourGuide.service.TourGuideService       : java.lang.NullPointerException
2021-11-29 23:17:11.022 ERROR 6224 --- [    Test worker] tourGuide.service.TourGuideService       : java.lang.NullPointerException
2021-11-29 23:17:11.022 ERROR 6224 --- [    Test worker] tourGuide.service.TourGuideService       : java.lang.NullPointerException
2021-11-29 23:17:11.022 ERROR 6224 --- [    Test worker] tourGuide.service.TourGuideService       : java.lang.NullPointerException
2021-11-29 23:17:11.022 ERROR 6224 --- [    Test worker] tourGuide.service.TourGuideService       : java.lang.NullPointerException
2021-11-29 23:17:11.022 ERROR 6224 --- [    Test worker] tourGuide.service.TourGuideService       : java.lang.NullPointerException
2021-11-29 23:17:11.022 ERROR 6224 --- [    Test worker] tourGuide.service.TourGuideService       : java.lang.NullPointerException
2021-11-29 23:17:11.022 ERROR 6224 --- [    Test worker] tourGuide.service.TourGuideService       : java.lang.NullPointerException
2021-11-29 23:17:11.022 ERROR 6224 --- [    Test worker] tourGuide.service.TourGuideService       : java.lang.NullPointerException
2021-11-29 23:17:11.022 ERROR 6224 --- [    Test worker] tourGuide.service.TourGuideService       : java.lang.NullPointerException
2021-11-29 23:17:11.022 ERROR 6224 --- [    Test worker] tourGuide.service.TourGuideService       : java.lang.NullPointerException
2021-11-29 23:17:11.023 ERROR 6224 --- [    Test worker] tourGuide.service.TourGuideService       : java.lang.NullPointerException
2021-11-29 23:17:11.023 ERROR 6224 --- [    Test worker] tourGuide.service.TourGuideService       : java.lang.NullPointerException
2021-11-29 23:17:11.023 ERROR 6224 --- [    Test worker] tourGuide.service.TourGuideService       : java.lang.NullPointerException
2021-11-29 23:17:11.023 ERROR 6224 --- [    Test worker] tourGuide.service.TourGuideService       : java.lang.NullPointerException
2021-11-29 23:17:11.023 ERROR 6224 --- [    Test worker] tourGuide.service.TourGuideService       : java.lang.NullPointerException
2021-11-29 23:17:11.023 ERROR 6224 --- [    Test worker] tourGuide.service.TourGuideService       : java.lang.NullPointerException
2021-11-29 23:17:11.023 ERROR 6224 --- [    Test worker] tourGuide.service.TourGuideService       : java.lang.NullPointerException
2021-11-29 23:17:11.023 ERROR 6224 --- [    Test worker] tourGuide.service.TourGuideService       : java.lang.NullPointerException
2021-11-29 23:17:11.023 ERROR 6224 --- [    Test worker] tourGuide.service.TourGuideService       : java.lang.NullPointerException
2021-11-29 23:17:11.023 ERROR 6224 --- [    Test worker] tourGuide.service.TourGuideService       : java.lang.NullPointerException
2021-11-29 23:17:11.023 ERROR 6224 --- [    Test worker] tourGuide.service.TourGuideService       : java.lang.NullPointerException
2021-11-29 23:17:11.023 ERROR 6224 --- [    Test worker] tourGuide.service.TourGuideService       : java.lang.NullPointerException
2021-11-29 23:17:11.023 ERROR 6224 --- [    Test worker] tourGuide.service.TourGuideService       : java.lang.NullPointerException
2021-11-29 23:17:11.023 ERROR 6224 --- [    Test worker] tourGuide.service.TourGuideService       : java.lang.NullPointerException
2021-11-29 23:17:11.023 ERROR 6224 --- [    Test worker] tourGuide.service.TourGuideService       : java.lang.NullPointerException
2021-11-29 23:17:11.023 ERROR 6224 --- [    Test worker] tourGuide.service.TourGuideService       : java.lang.NullPointerException
2021-11-29 23:17:11.023 ERROR 6224 --- [    Test worker] tourGuide.service.TourGuideService       : java.lang.NullPointerException
2021-11-29 23:17:11.023 ERROR 6224 --- [    Test worker] tourGuide.service.TourGuideService       : java.lang.NullPointerException
2021-11-29 23:17:11.023 ERROR 6224 --- [    Test worker] tourGuide.service.TourGuideService       : java.lang.NullPointerException
2021-11-29 23:17:11.023 ERROR 6224 --- [    Test worker] tourGuide.service.TourGuideService       : java.lang.NullPointerException
2021-11-29 23:17:11.023 ERROR 6224 --- [    Test worker] tourGuide.service.TourGuideService       : java.lang.NullPointerException
2021-11-29 23:17:11.023 ERROR 6224 --- [    Test worker] tourGuide.service.TourGuideService       : java.lang.NullPointerException
2021-11-29 23:17:11.024 ERROR 6224 --- [    Test worker] tourGuide.service.TourGuideService       : java.lang.NullPointerException
2021-11-29 23:17:11.024 ERROR 6224 --- [    Test worker] tourGuide.service.TourGuideService       : java.lang.NullPointerException
2021-11-29 23:17:11.024 ERROR 6224 --- [    Test worker] tourGuide.service.TourGuideService       : java.lang.NullPointerException
2021-11-29 23:17:11.024 ERROR 6224 --- [    Test worker] tourGuide.service.TourGuideService       : java.lang.NullPointerException
2021-11-29 23:17:11.024 ERROR 6224 --- [    Test worker] tourGuide.service.TourGuideService       : java.lang.NullPointerException
2021-11-29 23:17:11.024 ERROR 6224 --- [    Test worker] tourGuide.service.TourGuideService       : java.lang.NullPointerException
2021-11-29 23:17:11.024 ERROR 6224 --- [    Test worker] tourGuide.service.TourGuideService       : java.lang.NullPointerException
2021-11-29 23:17:11.024 ERROR 6224 --- [    Test worker] tourGuide.service.TourGuideService       : java.lang.NullPointerException
2021-11-29 23:17:11.024 ERROR 6224 --- [    Test worker] tourGuide.service.TourGuideService       : java.lang.NullPointerException
2021-11-29 23:17:11.024 ERROR 6224 --- [    Test worker] tourGuide.service.TourGuideService       : java.lang.NullPointerException
2021-11-29 23:17:11.024 ERROR 6224 --- [    Test worker] tourGuide.service.TourGuideService       : java.lang.NullPointerException
2021-11-29 23:17:11.024 ERROR 6224 --- [    Test worker] tourGuide.service.TourGuideService       : java.lang.NullPointerException
2021-11-29 23:17:11.024 ERROR 6224 --- [    Test worker] tourGuide.service.TourGuideService       : java.lang.NullPointerException
2021-11-29 23:17:11.024 ERROR 6224 --- [    Test worker] tourGuide.service.TourGuideService       : java.lang.NullPointerException
2021-11-29 23:17:11.025 ERROR 6224 --- [    Test worker] tourGuide.service.TourGuideService       : java.lang.NullPointerException
2021-11-29 23:17:11.025 ERROR 6224 --- [    Test worker] tourGuide.service.TourGuideService       : java.lang.NullPointerException
2021-11-29 23:17:11.025 ERROR 6224 --- [    Test worker] tourGuide.service.TourGuideService       : java.lang.NullPointerException
2021-11-29 23:17:11.025 ERROR 6224 --- [    Test worker] tourGuide.service.TourGuideService       : java.lang.NullPointerException
2021-11-29 23:17:11.025 ERROR 6224 --- [    Test worker] tourGuide.service.TourGuideService       : java.lang.NullPointerException
2021-11-29 23:17:11.025 ERROR 6224 --- [    Test worker] tourGuide.service.TourGuideService       : java.lang.NullPointerException
2021-11-29 23:17:11.025 ERROR 6224 --- [    Test worker] tourGuide.service.TourGuideService       : java.lang.NullPointerException
2021-11-29 23:17:11.025 ERROR 6224 --- [    Test worker] tourGuide.service.TourGuideService       : java.lang.NullPointerException
2021-11-29 23:17:11.025 ERROR 6224 --- [    Test worker] tourGuide.service.TourGuideService       : java.lang.NullPointerException
2021-11-29 23:17:11.025 ERROR 6224 --- [    Test worker] tourGuide.service.TourGuideService       : java.lang.NullPointerException
2021-11-29 23:17:11.025 ERROR 6224 --- [    Test worker] tourGuide.service.TourGuideService       : java.lang.NullPointerException
2021-11-29 23:17:11.025 ERROR 6224 --- [    Test worker] tourGuide.service.TourGuideService       : java.lang.NullPointerException
2021-11-29 23:17:11.025 ERROR 6224 --- [    Test worker] tourGuide.service.TourGuideService       : java.lang.NullPointerException
2021-11-29 23:17:11.025 ERROR 6224 --- [    Test worker] tourGuide.service.TourGuideService       : java.lang.NullPointerException
2021-11-29 23:17:11.025 ERROR 6224 --- [    Test worker] tourGuide.service.TourGuideService       : java.lang.NullPointerException
2021-11-29 23:17:11.026 ERROR 6224 --- [    Test worker] tourGuide.service.TourGuideService       : java.lang.NullPointerException
2021-11-29 23:17:11.026 ERROR 6224 --- [    Test worker] tourGuide.service.TourGuideService       : java.lang.NullPointerException
2021-11-29 23:17:11.026 ERROR 6224 --- [    Test worker] tourGuide.service.TourGuideService       : java.lang.NullPointerException
2021-11-29 23:17:11.026 ERROR 6224 --- [    Test worker] tourGuide.service.TourGuideService       : java.lang.NullPointerException
2021-11-29 23:17:11.026 ERROR 6224 --- [    Test worker] tourGuide.service.TourGuideService       : java.lang.NullPointerException
2021-11-29 23:17:11.026 ERROR 6224 --- [    Test worker] tourGuide.service.TourGuideService       : java.lang.NullPointerException
2021-11-29 23:17:11.026 ERROR 6224 --- [    Test worker] tourGuide.service.TourGuideService       : java.lang.NullPointerException
2021-11-29 23:17:11.026 ERROR 6224 --- [    Test worker] tourGuide.service.TourGuideService       : java.lang.NullPointerException
2021-11-29 23:17:11.026 ERROR 6224 --- [    Test worker] tourGuide.service.TourGuideService       : java.lang.NullPointerException
2021-11-29 23:17:11.026 ERROR 6224 --- [    Test worker] tourGuide.service.TourGuideService       : java.lang.NullPointerException
2021-11-29 23:17:11.026 ERROR 6224 --- [    Test worker] tourGuide.service.TourGuideService       : java.lang.NullPointerException
2021-11-29 23:17:11.026 ERROR 6224 --- [    Test worker] tourGuide.service.TourGuideService       : java.lang.NullPointerException
2021-11-29 23:17:11.026 ERROR 6224 --- [    Test worker] tourGuide.service.TourGuideService       : java.lang.NullPointerException
2021-11-29 23:17:11.026 ERROR 6224 --- [    Test worker] tourGuide.service.TourGuideService       : java.lang.NullPointerException
2021-11-29 23:17:11.026 ERROR 6224 --- [    Test worker] tourGuide.service.TourGuideService       : java.lang.NullPointerException
2021-11-29 23:17:11.027 ERROR 6224 --- [    Test worker] tourGuide.service.TourGuideService       : java.lang.NullPointerException
2021-11-29 23:17:11.027 ERROR 6224 --- [    Test worker] tourGuide.service.TourGuideService       : java.lang.NullPointerException
2021-11-29 23:17:11.027 ERROR 6224 --- [    Test worker] tourGuide.service.TourGuideService       : java.lang.NullPointerException
2021-11-29 23:17:11.027 ERROR 6224 --- [    Test worker] tourGuide.service.TourGuideService       : java.lang.NullPointerException
2021-11-29 23:17:11.027 ERROR 6224 --- [    Test worker] tourGuide.service.TourGuideService       : java.lang.NullPointerException
2021-11-29 23:17:11.027 ERROR 6224 --- [    Test worker] tourGuide.service.TourGuideService       : java.lang.NullPointerException
2021-11-29 23:17:11.027 ERROR 6224 --- [    Test worker] tourGuide.service.TourGuideService       : java.lang.NullPointerException
2021-11-29 23:17:11.027 ERROR 6224 --- [    Test worker] tourGuide.service.TourGuideService       : java.lang.NullPointerException
2021-11-29 23:17:11.027 ERROR 6224 --- [    Test worker] tourGuide.service.TourGuideService       : java.lang.NullPointerException
2021-11-29 23:17:11.027 ERROR 6224 --- [    Test worker] tourGuide.service.TourGuideService       : java.lang.NullPointerException
2021-11-29 23:17:11.027 ERROR 6224 --- [    Test worker] tourGuide.service.TourGuideService       : java.lang.NullPointerException
2021-11-29 23:17:11.027 ERROR 6224 --- [    Test worker] tourGuide.service.TourGuideService       : java.lang.NullPointerException
2021-11-29 23:17:11.027 ERROR 6224 --- [    Test worker] tourGuide.service.TourGuideService       : java.lang.NullPointerException
2021-11-29 23:17:11.027 ERROR 6224 --- [    Test worker] tourGuide.service.TourGuideService       : java.lang.NullPointerException
2021-11-29 23:17:11.027 ERROR 6224 --- [    Test worker] tourGuide.service.TourGuideService       : java.lang.NullPointerException
2021-11-29 23:17:11.027 ERROR 6224 --- [    Test worker] tourGuide.service.TourGuideService       : java.lang.NullPointerException
2021-11-29 23:17:11.027 ERROR 6224 --- [    Test worker] tourGuide.service.TourGuideService       : java.lang.NullPointerException
2021-11-29 23:17:11.028 ERROR 6224 --- [    Test worker] tourGuide.service.TourGuideService       : java.lang.NullPointerException
2021-11-29 23:17:11.028 ERROR 6224 --- [    Test worker] tourGuide.service.TourGuideService       : java.lang.NullPointerException
2021-11-29 23:17:11.028 ERROR 6224 --- [    Test worker] tourGuide.service.TourGuideService       : java.lang.NullPointerException
2021-11-29 23:17:11.028 ERROR 6224 --- [    Test worker] tourGuide.service.TourGuideService       : java.lang.NullPointerException
2021-11-29 23:17:11.028 ERROR 6224 --- [    Test worker] tourGuide.service.TourGuideService       : java.lang.NullPointerException
2021-11-29 23:17:11.028 ERROR 6224 --- [    Test worker] tourGuide.service.TourGuideService       : java.lang.NullPointerException
2021-11-29 23:17:11.028 ERROR 6224 --- [    Test worker] tourGuide.service.TourGuideService       : java.lang.NullPointerException
2021-11-29 23:17:11.029 ERROR 6224 --- [    Test worker] tourGuide.service.TourGuideService       : java.lang.NullPointerException
2021-11-29 23:17:11.029 ERROR 6224 --- [    Test worker] tourGuide.service.TourGuideService       : java.lang.NullPointerException
2021-11-29 23:17:11.029 ERROR 6224 --- [    Test worker] tourGuide.service.TourGuideService       : java.lang.NullPointerException
2021-11-29 23:17:11.029 ERROR 6224 --- [    Test worker] tourGuide.service.TourGuideService       : java.lang.NullPointerException
2021-11-29 23:17:11.029 ERROR 6224 --- [    Test worker] tourGuide.service.TourGuideService       : java.lang.NullPointerException
2021-11-29 23:17:11.029 ERROR 6224 --- [    Test worker] tourGuide.service.TourGuideService       : java.lang.NullPointerException
2021-11-29 23:17:11.029 ERROR 6224 --- [    Test worker] tourGuide.service.TourGuideService       : java.lang.NullPointerException
2021-11-29 23:17:11.029 ERROR 6224 --- [    Test worker] tourGuide.service.TourGuideService       : java.lang.NullPointerException
2021-11-29 23:17:11.029 ERROR 6224 --- [    Test worker] tourGuide.service.TourGuideService       : java.lang.NullPointerException
2021-11-29 23:17:11.029 ERROR 6224 --- [    Test worker] tourGuide.service.TourGuideService       : java.lang.NullPointerException
2021-11-29 23:17:11.029 ERROR 6224 --- [    Test worker] tourGuide.service.TourGuideService       : java.lang.NullPointerException
2021-11-29 23:17:11.029 ERROR 6224 --- [    Test worker] tourGuide.service.TourGuideService       : java.lang.NullPointerException
2021-11-29 23:17:11.029 ERROR 6224 --- [    Test worker] tourGuide.service.TourGuideService       : java.lang.NullPointerException
2021-11-29 23:17:11.029 ERROR 6224 --- [    Test worker] tourGuide.service.TourGuideService       : java.lang.NullPointerException
2021-11-29 23:17:11.029 ERROR 6224 --- [    Test worker] tourGuide.service.TourGuideService       : java.lang.NullPointerException
2021-11-29 23:17:11.029 ERROR 6224 --- [    Test worker] tourGuide.service.TourGuideService       : java.lang.NullPointerException
2021-11-29 23:17:11.029 ERROR 6224 --- [    Test worker] tourGuide.service.TourGuideService       : java.lang.NullPointerException
2021-11-29 23:17:11.029 ERROR 6224 --- [    Test worker] tourGuide.service.TourGuideService       : java.lang.NullPointerException
2021-11-29 23:17:11.029 ERROR 6224 --- [    Test worker] tourGuide.service.TourGuideService       : java.lang.NullPointerException
2021-11-29 23:17:11.029 ERROR 6224 --- [    Test worker] tourGuide.service.TourGuideService       : java.lang.NullPointerException
2021-11-29 23:17:11.029 ERROR 6224 --- [    Test worker] tourGuide.service.TourGuideService       : java.lang.NullPointerException
2021-11-29 23:17:11.029 ERROR 6224 --- [    Test worker] tourGuide.service.TourGuideService       : java.lang.NullPointerException
2021-11-29 23:17:11.029 ERROR 6224 --- [    Test worker] tourGuide.service.TourGuideService       : java.lang.NullPointerException
2021-11-29 23:17:11.029 ERROR 6224 --- [    Test worker] tourGuide.service.TourGuideService       : java.lang.NullPointerException
2021-11-29 23:17:11.029 ERROR 6224 --- [    Test worker] tourGuide.service.TourGuideService       : java.lang.NullPointerException
2021-11-29 23:17:11.029 ERROR 6224 --- [    Test worker] tourGuide.service.TourGuideService       : java.lang.NullPointerException
2021-11-29 23:17:11.029 ERROR 6224 --- [    Test worker] tourGuide.service.TourGuideService       : java.lang.NullPointerException
2021-11-29 23:17:11.029 ERROR 6224 --- [    Test worker] tourGuide.service.TourGuideService       : java.lang.NullPointerException
2021-11-29 23:17:11.029 ERROR 6224 --- [    Test worker] tourGuide.service.TourGuideService       : java.lang.NullPointerException
2021-11-29 23:17:11.029 ERROR 6224 --- [    Test worker] tourGuide.service.TourGuideService       : java.lang.NullPointerException
2021-11-29 23:17:11.030 ERROR 6224 --- [    Test worker] tourGuide.service.TourGuideService       : java.lang.NullPointerException
2021-11-29 23:17:11.030 ERROR 6224 --- [    Test worker] tourGuide.service.TourGuideService       : java.lang.NullPointerException
2021-11-29 23:17:11.030 ERROR 6224 --- [    Test worker] tourGuide.service.TourGuideService       : java.lang.NullPointerException
2021-11-29 23:17:11.030 ERROR 6224 --- [    Test worker] tourGuide.service.TourGuideService       : java.lang.NullPointerException
2021-11-29 23:17:11.030 ERROR 6224 --- [    Test worker] tourGuide.service.TourGuideService       : java.lang.NullPointerException
2021-11-29 23:17:11.030 ERROR 6224 --- [    Test worker] tourGuide.service.TourGuideService       : java.lang.NullPointerException
2021-11-29 23:17:11.030 ERROR 6224 --- [    Test worker] tourGuide.service.TourGuideService       : java.lang.NullPointerException
2021-11-29 23:17:11.030 ERROR 6224 --- [    Test worker] tourGuide.service.TourGuideService       : java.lang.NullPointerException
2021-11-29 23:17:11.030 ERROR 6224 --- [    Test worker] tourGuide.service.TourGuideService       : java.lang.NullPointerException
2021-11-29 23:17:11.030 ERROR 6224 --- [    Test worker] tourGuide.service.TourGuideService       : java.lang.NullPointerException
2021-11-29 23:17:11.030 ERROR 6224 --- [    Test worker] tourGuide.service.TourGuideService       : java.lang.NullPointerException
2021-11-29 23:17:11.030 ERROR 6224 --- [    Test worker] tourGuide.service.TourGuideService       : java.lang.NullPointerException
2021-11-29 23:17:11.030 ERROR 6224 --- [    Test worker] tourGuide.service.TourGuideService       : java.lang.NullPointerException
2021-11-29 23:17:11.030 ERROR 6224 --- [    Test worker] tourGuide.service.TourGuideService       : java.lang.NullPointerException
2021-11-29 23:17:11.030 ERROR 6224 --- [    Test worker] tourGuide.service.TourGuideService       : java.lang.NullPointerException
2021-11-29 23:17:11.030 ERROR 6224 --- [    Test worker] tourGuide.service.TourGuideService       : java.lang.NullPointerException
2021-11-29 23:17:11.030 ERROR 6224 --- [    Test worker] tourGuide.service.TourGuideService       : java.lang.NullPointerException
2021-11-29 23:17:11.030 ERROR 6224 --- [    Test worker] tourGuide.service.TourGuideService       : java.lang.NullPointerException
2021-11-29 23:17:11.030 ERROR 6224 --- [    Test worker] tourGuide.service.TourGuideService       : java.lang.NullPointerException
2021-11-29 23:17:11.030 ERROR 6224 --- [    Test worker] tourGuide.service.TourGuideService       : java.lang.NullPointerException
2021-11-29 23:17:11.031 ERROR 6224 --- [    Test worker] tourGuide.service.TourGuideService       : java.lang.NullPointerException
2021-11-29 23:17:11.031 ERROR 6224 --- [    Test worker] tourGuide.service.TourGuideService       : java.lang.NullPointerException
2021-11-29 23:17:11.031 ERROR 6224 --- [    Test worker] tourGuide.service.TourGuideService       : java.lang.NullPointerException
2021-11-29 23:17:11.031 ERROR 6224 --- [    Test worker] tourGuide.service.TourGuideService       : java.lang.NullPointerException
2021-11-29 23:17:11.031 ERROR 6224 --- [    Test worker] tourGuide.service.TourGuideService       : java.lang.NullPointerException
2021-11-29 23:17:11.031 ERROR 6224 --- [    Test worker] tourGuide.service.TourGuideService       : java.lang.NullPointerException
2021-11-29 23:17:11.031 ERROR 6224 --- [    Test worker] tourGuide.service.TourGuideService       : java.lang.NullPointerException
2021-11-29 23:17:11.031 ERROR 6224 --- [    Test worker] tourGuide.service.TourGuideService       : java.lang.NullPointerException
2021-11-29 23:17:11.031 ERROR 6224 --- [    Test worker] tourGuide.service.TourGuideService       : java.lang.NullPointerException
2021-11-29 23:17:11.031 ERROR 6224 --- [    Test worker] tourGuide.service.TourGuideService       : java.lang.NullPointerException
2021-11-29 23:17:11.031 ERROR 6224 --- [    Test worker] tourGuide.service.TourGuideService       : java.lang.NullPointerException
2021-11-29 23:17:11.031 ERROR 6224 --- [    Test worker] tourGuide.service.TourGuideService       : java.lang.NullPointerException
2021-11-29 23:17:11.032 ERROR 6224 --- [    Test worker] tourGuide.service.TourGuideService       : java.lang.NullPointerException
2021-11-29 23:17:11.032 ERROR 6224 --- [    Test worker] tourGuide.service.TourGuideService       : java.lang.NullPointerException
2021-11-29 23:17:11.032 ERROR 6224 --- [    Test worker] tourGuide.service.TourGuideService       : java.lang.NullPointerException
2021-11-29 23:17:11.032 ERROR 6224 --- [    Test worker] tourGuide.service.TourGuideService       : java.lang.NullPointerException
2021-11-29 23:17:11.032 ERROR 6224 --- [    Test worker] tourGuide.service.TourGuideService       : java.lang.NullPointerException
2021-11-29 23:17:11.032 ERROR 6224 --- [    Test worker] tourGuide.service.TourGuideService       : java.lang.NullPointerException
2021-11-29 23:17:11.032 ERROR 6224 --- [    Test worker] tourGuide.service.TourGuideService       : java.lang.NullPointerException
2021-11-29 23:17:11.033 ERROR 6224 --- [    Test worker] tourGuide.service.TourGuideService       : java.lang.NullPointerException
2021-11-29 23:17:11.038 ERROR 6224 --- [    Test worker] tourGuide.service.TourGuideService       : java.lang.NullPointerException
2021-11-29 23:17:11.038 ERROR 6224 --- [    Test worker] tourGuide.service.TourGuideService       : java.lang.NullPointerException
2021-11-29 23:17:11.039 ERROR 6224 --- [    Test worker] tourGuide.service.TourGuideService       : java.lang.NullPointerException
2021-11-29 23:17:11.039 ERROR 6224 --- [    Test worker] tourGuide.service.TourGuideService       : java.lang.NullPointerException
2021-11-29 23:17:11.039 ERROR 6224 --- [    Test worker] tourGuide.service.TourGuideService       : java.lang.NullPointerException
2021-11-29 23:17:11.039 ERROR 6224 --- [    Test worker] tourGuide.service.TourGuideService       : java.lang.NullPointerException
2021-11-29 23:17:11.039 ERROR 6224 --- [    Test worker] tourGuide.service.TourGuideService       : java.lang.NullPointerException
2021-11-29 23:17:11.039 ERROR 6224 --- [    Test worker] tourGuide.service.TourGuideService       : java.lang.NullPointerException
2021-11-29 23:17:11.039 ERROR 6224 --- [    Test worker] tourGuide.service.TourGuideService       : java.lang.NullPointerException
2021-11-29 23:17:11.039 ERROR 6224 --- [    Test worker] tourGuide.service.TourGuideService       : java.lang.NullPointerException
2021-11-29 23:17:11.039 ERROR 6224 --- [    Test worker] tourGuide.service.TourGuideService       : java.lang.NullPointerException
2021-11-29 23:17:11.039 ERROR 6224 --- [    Test worker] tourGuide.service.TourGuideService       : java.lang.NullPointerException
2021-11-29 23:17:11.039 ERROR 6224 --- [    Test worker] tourGuide.service.TourGuideService       : java.lang.NullPointerException
2021-11-29 23:17:11.040 ERROR 6224 --- [    Test worker] tourGuide.service.TourGuideService       : java.lang.NullPointerException
2021-11-29 23:17:11.040 ERROR 6224 --- [    Test worker] tourGuide.service.TourGuideService       : java.lang.NullPointerException
2021-11-29 23:17:11.040 ERROR 6224 --- [    Test worker] tourGuide.service.TourGuideService       : java.lang.NullPointerException
2021-11-29 23:17:11.040 ERROR 6224 --- [    Test worker] tourGuide.service.TourGuideService       : java.lang.NullPointerException
2021-11-29 23:17:11.040 ERROR 6224 --- [    Test worker] tourGuide.service.TourGuideService       : java.lang.NullPointerException
2021-11-29 23:17:11.040 ERROR 6224 --- [    Test worker] tourGuide.service.TourGuideService       : java.lang.NullPointerException
2021-11-29 23:17:11.040 ERROR 6224 --- [    Test worker] tourGuide.service.TourGuideService       : java.lang.NullPointerException
2021-11-29 23:17:11.040 ERROR 6224 --- [    Test worker] tourGuide.service.TourGuideService       : java.lang.NullPointerException
2021-11-29 23:17:11.040 ERROR 6224 --- [    Test worker] tourGuide.service.TourGuideService       : java.lang.NullPointerException
2021-11-29 23:17:11.040 ERROR 6224 --- [    Test worker] tourGuide.service.TourGuideService       : java.lang.NullPointerException
2021-11-29 23:17:11.040 ERROR 6224 --- [    Test worker] tourGuide.service.TourGuideService       : java.lang.NullPointerException
2021-11-29 23:17:11.040 ERROR 6224 --- [    Test worker] tourGuide.service.TourGuideService       : java.lang.NullPointerException
2021-11-29 23:17:11.040 ERROR 6224 --- [    Test worker] tourGuide.service.TourGuideService       : java.lang.NullPointerException
2021-11-29 23:17:11.040 ERROR 6224 --- [    Test worker] tourGuide.service.TourGuideService       : java.lang.NullPointerException
2021-11-29 23:17:11.040 ERROR 6224 --- [    Test worker] tourGuide.service.TourGuideService       : java.lang.NullPointerException
2021-11-29 23:17:11.040 ERROR 6224 --- [    Test worker] tourGuide.service.TourGuideService       : java.lang.NullPointerException
2021-11-29 23:17:11.040 ERROR 6224 --- [    Test worker] tourGuide.service.TourGuideService       : java.lang.NullPointerException
2021-11-29 23:17:11.040 ERROR 6224 --- [    Test worker] tourGuide.service.TourGuideService       : java.lang.NullPointerException
2021-11-29 23:17:11.040 ERROR 6224 --- [    Test worker] tourGuide.service.TourGuideService       : java.lang.NullPointerException
2021-11-29 23:17:11.040 ERROR 6224 --- [    Test worker] tourGuide.service.TourGuideService       : java.lang.NullPointerException
2021-11-29 23:17:11.041 ERROR 6224 --- [    Test worker] tourGuide.service.TourGuideService       : java.lang.NullPointerException
2021-11-29 23:17:11.041 ERROR 6224 --- [    Test worker] tourGuide.service.TourGuideService       : java.lang.NullPointerException
2021-11-29 23:17:11.041 ERROR 6224 --- [    Test worker] tourGuide.service.TourGuideService       : java.lang.NullPointerException
2021-11-29 23:17:11.041 ERROR 6224 --- [    Test worker] tourGuide.service.TourGuideService       : java.lang.NullPointerException
2021-11-29 23:17:11.041 ERROR 6224 --- [    Test worker] tourGuide.service.TourGuideService       : java.lang.NullPointerException
2021-11-29 23:17:11.041 ERROR 6224 --- [    Test worker] tourGuide.service.TourGuideService       : java.lang.NullPointerException
2021-11-29 23:17:11.041 ERROR 6224 --- [    Test worker] tourGuide.service.TourGuideService       : java.lang.NullPointerException
2021-11-29 23:17:11.041 ERROR 6224 --- [    Test worker] tourGuide.service.TourGuideService       : java.lang.NullPointerException
2021-11-29 23:17:11.041 ERROR 6224 --- [    Test worker] tourGuide.service.TourGuideService       : java.lang.NullPointerException
2021-11-29 23:17:11.041 ERROR 6224 --- [    Test worker] tourGuide.service.TourGuideService       : java.lang.NullPointerException
2021-11-29 23:17:11.041 ERROR 6224 --- [    Test worker] tourGuide.service.TourGuideService       : java.lang.NullPointerException
2021-11-29 23:17:11.041 ERROR 6224 --- [    Test worker] tourGuide.service.TourGuideService       : java.lang.NullPointerException
2021-11-29 23:17:11.041 ERROR 6224 --- [    Test worker] tourGuide.service.TourGuideService       : java.lang.NullPointerException
2021-11-29 23:17:11.041 ERROR 6224 --- [    Test worker] tourGuide.service.TourGuideService       : java.lang.NullPointerException
2021-11-29 23:17:11.041 ERROR 6224 --- [    Test worker] tourGuide.service.TourGuideService       : java.lang.NullPointerException
2021-11-29 23:17:11.041 ERROR 6224 --- [    Test worker] tourGuide.service.TourGuideService       : java.lang.NullPointerException
2021-11-29 23:17:11.041 ERROR 6224 --- [    Test worker] tourGuide.service.TourGuideService       : java.lang.NullPointerException
2021-11-29 23:17:11.041 ERROR 6224 --- [    Test worker] tourGuide.service.TourGuideService       : java.lang.NullPointerException
2021-11-29 23:17:11.041 ERROR 6224 --- [    Test worker] tourGuide.service.TourGuideService       : java.lang.NullPointerException
2021-11-29 23:17:11.042 ERROR 6224 --- [    Test worker] tourGuide.service.TourGuideService       : java.lang.NullPointerException
2021-11-29 23:17:11.042 ERROR 6224 --- [    Test worker] tourGuide.service.TourGuideService       : java.lang.NullPointerException
2021-11-29 23:17:11.046 ERROR 6224 --- [    Test worker] tourGuide.service.TourGuideService       : java.lang.NullPointerException
2021-11-29 23:17:11.050 ERROR 6224 --- [    Test worker] tourGuide.service.TourGuideService       : java.lang.NullPointerException
2021-11-29 23:17:11.051 ERROR 6224 --- [    Test worker] tourGuide.service.TourGuideService       : java.lang.NullPointerException
2021-11-29 23:17:11.051 ERROR 6224 --- [    Test worker] tourGuide.service.TourGuideService       : java.lang.NullPointerException
2021-11-29 23:17:11.051 ERROR 6224 --- [    Test worker] tourGuide.service.TourGuideService       : java.lang.NullPointerException
2021-11-29 23:17:11.051 ERROR 6224 --- [    Test worker] tourGuide.service.TourGuideService       : java.lang.NullPointerException
2021-11-29 23:17:11.051 ERROR 6224 --- [    Test worker] tourGuide.service.TourGuideService       : java.lang.NullPointerException
2021-11-29 23:17:11.051 ERROR 6224 --- [    Test worker] tourGuide.service.TourGuideService       : java.lang.NullPointerException
2021-11-29 23:17:11.051 ERROR 6224 --- [    Test worker] tourGuide.service.TourGuideService       : java.lang.NullPointerException
2021-11-29 23:17:11.051 ERROR 6224 --- [    Test worker] tourGuide.service.TourGuideService       : java.lang.NullPointerException
2021-11-29 23:17:11.051 ERROR 6224 --- [    Test worker] tourGuide.service.TourGuideService       : java.lang.NullPointerException
2021-11-29 23:17:11.051 ERROR 6224 --- [    Test worker] tourGuide.service.TourGuideService       : java.lang.NullPointerException
2021-11-29 23:17:11.052 ERROR 6224 --- [    Test worker] tourGuide.service.TourGuideService       : java.lang.NullPointerException
2021-11-29 23:17:11.052 ERROR 6224 --- [    Test worker] tourGuide.service.TourGuideService       : java.lang.NullPointerException
2021-11-29 23:17:11.052 ERROR 6224 --- [    Test worker] tourGuide.service.TourGuideService       : java.lang.NullPointerException
2021-11-29 23:17:11.052 ERROR 6224 --- [    Test worker] tourGuide.service.TourGuideService       : java.lang.NullPointerException
2021-11-29 23:17:11.052 ERROR 6224 --- [    Test worker] tourGuide.service.TourGuideService       : java.lang.NullPointerException
2021-11-29 23:17:11.052 ERROR 6224 --- [    Test worker] tourGuide.service.TourGuideService       : java.lang.NullPointerException
2021-11-29 23:17:11.052 ERROR 6224 --- [    Test worker] tourGuide.service.TourGuideService       : java.lang.NullPointerException
2021-11-29 23:17:11.053 ERROR 6224 --- [    Test worker] tourGuide.service.TourGuideService       : java.lang.NullPointerException
2021-11-29 23:17:11.053 ERROR 6224 --- [    Test worker] tourGuide.service.TourGuideService       : java.lang.NullPointerException
2021-11-29 23:17:11.053 ERROR 6224 --- [    Test worker] tourGuide.service.TourGuideService       : java.lang.NullPointerException
2021-11-29 23:17:11.053 ERROR 6224 --- [    Test worker] tourGuide.service.TourGuideService       : java.lang.NullPointerException
2021-11-29 23:17:11.053 ERROR 6224 --- [    Test worker] tourGuide.service.TourGuideService       : java.lang.NullPointerException
2021-11-29 23:17:11.053 ERROR 6224 --- [    Test worker] tourGuide.service.TourGuideService       : java.lang.NullPointerException
2021-11-29 23:17:11.053 ERROR 6224 --- [    Test worker] tourGuide.service.TourGuideService       : java.lang.NullPointerException
2021-11-29 23:17:11.053 ERROR 6224 --- [    Test worker] tourGuide.service.TourGuideService       : java.lang.NullPointerException
2021-11-29 23:17:11.054 ERROR 6224 --- [    Test worker] tourGuide.service.TourGuideService       : java.lang.NullPointerException
2021-11-29 23:17:11.055 ERROR 6224 --- [    Test worker] tourGuide.service.TourGuideService       : java.lang.NullPointerException
2021-11-29 23:17:11.062 ERROR 6224 --- [    Test worker] tourGuide.service.TourGuideService       : java.lang.NullPointerException
2021-11-29 23:17:11.068 ERROR 6224 --- [    Test worker] tourGuide.service.TourGuideService       : java.lang.NullPointerException
2021-11-29 23:17:11.069 ERROR 6224 --- [    Test worker] tourGuide.service.TourGuideService       : java.lang.NullPointerException
2021-11-29 23:17:11.070 ERROR 6224 --- [    Test worker] tourGuide.service.TourGuideService       : java.lang.NullPointerException
2021-11-29 23:17:11.070 ERROR 6224 --- [    Test worker] tourGuide.service.TourGuideService       : java.lang.NullPointerException
2021-11-29 23:17:11.070 ERROR 6224 --- [    Test worker] tourGuide.service.TourGuideService       : java.lang.NullPointerException
2021-11-29 23:17:11.070 ERROR 6224 --- [    Test worker] tourGuide.service.TourGuideService       : java.lang.NullPointerException
2021-11-29 23:17:11.070 ERROR 6224 --- [    Test worker] tourGuide.service.TourGuideService       : java.lang.NullPointerException
2021-11-29 23:17:11.070 ERROR 6224 --- [    Test worker] tourGuide.service.TourGuideService       : java.lang.NullPointerException
2021-11-29 23:17:11.070 ERROR 6224 --- [    Test worker] tourGuide.service.TourGuideService       : java.lang.NullPointerException
2021-11-29 23:17:11.070 ERROR 6224 --- [    Test worker] tourGuide.service.TourGuideService       : java.lang.NullPointerException
2021-11-29 23:17:11.070 ERROR 6224 --- [    Test worker] tourGuide.service.TourGuideService       : java.lang.NullPointerException
2021-11-29 23:17:11.070 ERROR 6224 --- [    Test worker] tourGuide.service.TourGuideService       : java.lang.NullPointerException
2021-11-29 23:17:11.070 ERROR 6224 --- [    Test worker] tourGuide.service.TourGuideService       : java.lang.NullPointerException
2021-11-29 23:17:11.070 ERROR 6224 --- [    Test worker] tourGuide.service.TourGuideService       : java.lang.NullPointerException
2021-11-29 23:17:11.070 ERROR 6224 --- [    Test worker] tourGuide.service.TourGuideService       : java.lang.NullPointerException
2021-11-29 23:17:11.070 ERROR 6224 --- [    Test worker] tourGuide.service.TourGuideService       : java.lang.NullPointerException
2021-11-29 23:17:11.070 ERROR 6224 --- [    Test worker] tourGuide.service.TourGuideService       : java.lang.NullPointerException
2021-11-29 23:17:11.071 ERROR 6224 --- [    Test worker] tourGuide.service.TourGuideService       : java.lang.NullPointerException
2021-11-29 23:17:11.071 ERROR 6224 --- [    Test worker] tourGuide.service.TourGuideService       : java.lang.NullPointerException
2021-11-29 23:17:11.071 ERROR 6224 --- [    Test worker] tourGuide.service.TourGuideService       : java.lang.NullPointerException
2021-11-29 23:17:11.071 ERROR 6224 --- [    Test worker] tourGuide.service.TourGuideService       : java.lang.NullPointerException
2021-11-29 23:17:11.071 ERROR 6224 --- [    Test worker] tourGuide.service.TourGuideService       : java.lang.NullPointerException
2021-11-29 23:17:11.071 ERROR 6224 --- [    Test worker] tourGuide.service.TourGuideService       : java.lang.NullPointerException
2021-11-29 23:17:11.071 ERROR 6224 --- [    Test worker] tourGuide.service.TourGuideService       : java.lang.NullPointerException
2021-11-29 23:17:11.071 ERROR 6224 --- [    Test worker] tourGuide.service.TourGuideService       : java.lang.NullPointerException
2021-11-29 23:17:11.071 ERROR 6224 --- [    Test worker] tourGuide.service.TourGuideService       : java.lang.NullPointerException
2021-11-29 23:17:11.071 ERROR 6224 --- [    Test worker] tourGuide.service.TourGuideService       : java.lang.NullPointerException
2021-11-29 23:17:11.071 ERROR 6224 --- [    Test worker] tourGuide.service.TourGuideService       : java.lang.NullPointerException
2021-11-29 23:17:11.071 ERROR 6224 --- [    Test worker] tourGuide.service.TourGuideService       : java.lang.NullPointerException
2021-11-29 23:17:11.071 ERROR 6224 --- [    Test worker] tourGuide.service.TourGuideService       : java.lang.NullPointerException
2021-11-29 23:17:11.071 ERROR 6224 --- [    Test worker] tourGuide.service.TourGuideService       : java.lang.NullPointerException
2021-11-29 23:17:11.071 ERROR 6224 --- [    Test worker] tourGuide.service.TourGuideService       : java.lang.NullPointerException
2021-11-29 23:17:11.071 ERROR 6224 --- [    Test worker] tourGuide.service.TourGuideService       : java.lang.NullPointerException
2021-11-29 23:17:11.072 ERROR 6224 --- [    Test worker] tourGuide.service.TourGuideService       : java.lang.NullPointerException
2021-11-29 23:17:11.072 ERROR 6224 --- [    Test worker] tourGuide.service.TourGuideService       : java.lang.NullPointerException
2021-11-29 23:17:11.072 ERROR 6224 --- [    Test worker] tourGuide.service.TourGuideService       : java.lang.NullPointerException
2021-11-29 23:17:11.072 ERROR 6224 --- [    Test worker] tourGuide.service.TourGuideService       : java.lang.NullPointerException
2021-11-29 23:17:11.072 ERROR 6224 --- [    Test worker] tourGuide.service.TourGuideService       : java.lang.NullPointerException
2021-11-29 23:17:11.073 ERROR 6224 --- [    Test worker] tourGuide.service.TourGuideService       : java.lang.NullPointerException
2021-11-29 23:17:11.073 ERROR 6224 --- [    Test worker] tourGuide.service.TourGuideService       : java.lang.NullPointerException
2021-11-29 23:17:11.075 ERROR 6224 --- [    Test worker] tourGuide.service.TourGuideService       : java.lang.NullPointerException
2021-11-29 23:17:11.075 ERROR 6224 --- [    Test worker] tourGuide.service.TourGuideService       : java.lang.NullPointerException
2021-11-29 23:17:11.075 ERROR 6224 --- [    Test worker] tourGuide.service.TourGuideService       : java.lang.NullPointerException
2021-11-29 23:17:11.076 ERROR 6224 --- [    Test worker] tourGuide.service.TourGuideService       : java.lang.NullPointerException
2021-11-29 23:17:11.076 ERROR 6224 --- [    Test worker] tourGuide.service.TourGuideService       : java.lang.NullPointerException
2021-11-29 23:17:11.076 ERROR 6224 --- [    Test worker] tourGuide.service.TourGuideService       : java.lang.NullPointerException
2021-11-29 23:17:11.076 ERROR 6224 --- [    Test worker] tourGuide.service.TourGuideService       : java.lang.NullPointerException
2021-11-29 23:17:11.076 ERROR 6224 --- [    Test worker] tourGuide.service.TourGuideService       : java.lang.NullPointerException
2021-11-29 23:17:11.076 ERROR 6224 --- [    Test worker] tourGuide.service.TourGuideService       : java.lang.NullPointerException
2021-11-29 23:17:11.076 ERROR 6224 --- [    Test worker] tourGuide.service.TourGuideService       : java.lang.NullPointerException
2021-11-29 23:17:11.077 ERROR 6224 --- [    Test worker] tourGuide.service.TourGuideService       : java.lang.NullPointerException
2021-11-29 23:17:11.077 ERROR 6224 --- [    Test worker] tourGuide.service.TourGuideService       : java.lang.NullPointerException
2021-11-29 23:17:11.077 ERROR 6224 --- [    Test worker] tourGuide.service.TourGuideService       : java.lang.NullPointerException
2021-11-29 23:17:11.077 ERROR 6224 --- [    Test worker] tourGuide.service.TourGuideService       : java.lang.NullPointerException
2021-11-29 23:17:11.077 ERROR 6224 --- [    Test worker] tourGuide.service.TourGuideService       : java.lang.NullPointerException
2021-11-29 23:17:11.077 ERROR 6224 --- [    Test worker] tourGuide.service.TourGuideService       : java.lang.NullPointerException
2021-11-29 23:17:11.077 ERROR 6224 --- [    Test worker] tourGuide.service.TourGuideService       : java.lang.NullPointerException
2021-11-29 23:17:11.077 ERROR 6224 --- [    Test worker] tourGuide.service.TourGuideService       : java.lang.NullPointerException
2021-11-29 23:17:11.077 ERROR 6224 --- [    Test worker] tourGuide.service.TourGuideService       : java.lang.NullPointerException
2021-11-29 23:17:11.077 ERROR 6224 --- [    Test worker] tourGuide.service.TourGuideService       : java.lang.NullPointerException
2021-11-29 23:17:11.077 ERROR 6224 --- [    Test worker] tourGuide.service.TourGuideService       : java.lang.NullPointerException
2021-11-29 23:17:11.077 ERROR 6224 --- [    Test worker] tourGuide.service.TourGuideService       : java.lang.NullPointerException
2021-11-29 23:17:11.077 ERROR 6224 --- [    Test worker] tourGuide.service.TourGuideService       : java.lang.NullPointerException
2021-11-29 23:17:11.077 ERROR 6224 --- [    Test worker] tourGuide.service.TourGuideService       : java.lang.NullPointerException
2021-11-29 23:17:11.077 ERROR 6224 --- [    Test worker] tourGuide.service.TourGuideService       : java.lang.NullPointerException
2021-11-29 23:17:11.077 ERROR 6224 --- [    Test worker] tourGuide.service.TourGuideService       : java.lang.NullPointerException
2021-11-29 23:17:11.077 ERROR 6224 --- [    Test worker] tourGuide.service.TourGuideService       : java.lang.NullPointerException
2021-11-29 23:17:11.078 ERROR 6224 --- [    Test worker] tourGuide.service.TourGuideService       : java.lang.NullPointerException
2021-11-29 23:17:11.078 ERROR 6224 --- [    Test worker] tourGuide.service.TourGuideService       : java.lang.NullPointerException
2021-11-29 23:17:11.078 ERROR 6224 --- [    Test worker] tourGuide.service.TourGuideService       : java.lang.NullPointerException
2021-11-29 23:17:11.078 ERROR 6224 --- [    Test worker] tourGuide.service.TourGuideService       : java.lang.NullPointerException
2021-11-29 23:17:11.078 ERROR 6224 --- [    Test worker] tourGuide.service.TourGuideService       : java.lang.NullPointerException
2021-11-29 23:17:11.078 ERROR 6224 --- [    Test worker] tourGuide.service.TourGuideService       : java.lang.NullPointerException
2021-11-29 23:17:11.078 ERROR 6224 --- [    Test worker] tourGuide.service.TourGuideService       : java.lang.NullPointerException
2021-11-29 23:17:11.078 ERROR 6224 --- [    Test worker] tourGuide.service.TourGuideService       : java.lang.NullPointerException
2021-11-29 23:17:11.078 ERROR 6224 --- [    Test worker] tourGuide.service.TourGuideService       : java.lang.NullPointerException
2021-11-29 23:17:11.078 ERROR 6224 --- [    Test worker] tourGuide.service.TourGuideService       : java.lang.NullPointerException
2021-11-29 23:17:11.078 ERROR 6224 --- [    Test worker] tourGuide.service.TourGuideService       : java.lang.NullPointerException
2021-11-29 23:17:11.079 ERROR 6224 --- [    Test worker] tourGuide.service.TourGuideService       : java.lang.NullPointerException
2021-11-29 23:17:11.079 ERROR 6224 --- [    Test worker] tourGuide.service.TourGuideService       : java.lang.NullPointerException
2021-11-29 23:17:11.079 ERROR 6224 --- [    Test worker] tourGuide.service.TourGuideService       : java.lang.NullPointerException
2021-11-29 23:17:11.079 ERROR 6224 --- [    Test worker] tourGuide.service.TourGuideService       : java.lang.NullPointerException
2021-11-29 23:17:11.079 ERROR 6224 --- [    Test worker] tourGuide.service.TourGuideService       : java.lang.NullPointerException
2021-11-29 23:17:11.079 ERROR 6224 --- [    Test worker] tourGuide.service.TourGuideService       : java.lang.NullPointerException
2021-11-29 23:17:11.079 ERROR 6224 --- [    Test worker] tourGuide.service.TourGuideService       : java.lang.NullPointerException
2021-11-29 23:17:11.079 ERROR 6224 --- [    Test worker] tourGuide.service.TourGuideService       : java.lang.NullPointerException
2021-11-29 23:17:11.079 ERROR 6224 --- [    Test worker] tourGuide.service.TourGuideService       : java.lang.NullPointerException
2021-11-29 23:17:11.079 ERROR 6224 --- [    Test worker] tourGuide.service.TourGuideService       : java.lang.NullPointerException
2021-11-29 23:17:11.079 ERROR 6224 --- [    Test worker] tourGuide.service.TourGuideService       : java.lang.NullPointerException
2021-11-29 23:17:11.079 ERROR 6224 --- [    Test worker] tourGuide.service.TourGuideService       : java.lang.NullPointerException
2021-11-29 23:17:11.079 ERROR 6224 --- [    Test worker] tourGuide.service.TourGuideService       : java.lang.NullPointerException
2021-11-29 23:17:11.079 ERROR 6224 --- [    Test worker] tourGuide.service.TourGuideService       : java.lang.NullPointerException
2021-11-29 23:17:11.079 ERROR 6224 --- [    Test worker] tourGuide.service.TourGuideService       : java.lang.NullPointerException
2021-11-29 23:17:11.079 ERROR 6224 --- [    Test worker] tourGuide.service.TourGuideService       : java.lang.NullPointerException
2021-11-29 23:17:11.079 ERROR 6224 --- [    Test worker] tourGuide.service.TourGuideService       : java.lang.NullPointerException
2021-11-29 23:17:11.080 ERROR 6224 --- [    Test worker] tourGuide.service.TourGuideService       : java.lang.NullPointerException
2021-11-29 23:17:11.080 ERROR 6224 --- [    Test worker] tourGuide.service.TourGuideService       : java.lang.NullPointerException
2021-11-29 23:17:11.080 ERROR 6224 --- [    Test worker] tourGuide.service.TourGuideService       : java.lang.NullPointerException
2021-11-29 23:17:11.080 ERROR 6224 --- [    Test worker] tourGuide.service.TourGuideService       : java.lang.NullPointerException
2021-11-29 23:17:11.080 ERROR 6224 --- [    Test worker] tourGuide.service.TourGuideService       : java.lang.NullPointerException
2021-11-29 23:17:11.081 ERROR 6224 --- [    Test worker] tourGuide.service.TourGuideService       : java.lang.NullPointerException
2021-11-29 23:17:11.081 ERROR 6224 --- [    Test worker] tourGuide.service.TourGuideService       : java.lang.NullPointerException
2021-11-29 23:17:11.081 ERROR 6224 --- [    Test worker] tourGuide.service.TourGuideService       : java.lang.NullPointerException
2021-11-29 23:17:11.081 ERROR 6224 --- [    Test worker] tourGuide.service.TourGuideService       : java.lang.NullPointerException
2021-11-29 23:17:11.081 ERROR 6224 --- [    Test worker] tourGuide.service.TourGuideService       : java.lang.NullPointerException
2021-11-29 23:17:11.081 ERROR 6224 --- [    Test worker] tourGuide.service.TourGuideService       : java.lang.NullPointerException
2021-11-29 23:17:11.082 ERROR 6224 --- [    Test worker] tourGuide.service.TourGuideService       : java.lang.NullPointerException
2021-11-29 23:17:11.082 ERROR 6224 --- [    Test worker] tourGuide.service.TourGuideService       : java.lang.NullPointerException
2021-11-29 23:17:11.083 ERROR 6224 --- [    Test worker] tourGuide.service.TourGuideService       : java.lang.NullPointerException
2021-11-29 23:17:11.083 ERROR 6224 --- [    Test worker] tourGuide.service.TourGuideService       : java.lang.NullPointerException
2021-11-29 23:17:11.083 ERROR 6224 --- [    Test worker] tourGuide.service.TourGuideService       : java.lang.NullPointerException
2021-11-29 23:17:11.083 ERROR 6224 --- [    Test worker] tourGuide.service.TourGuideService       : java.lang.NullPointerException
2021-11-29 23:17:11.083 ERROR 6224 --- [    Test worker] tourGuide.service.TourGuideService       : java.lang.NullPointerException
2021-11-29 23:17:11.083 ERROR 6224 --- [    Test worker] tourGuide.service.TourGuideService       : java.lang.NullPointerException
2021-11-29 23:17:11.083 ERROR 6224 --- [    Test worker] tourGuide.service.TourGuideService       : java.lang.NullPointerException
2021-11-29 23:17:11.083 ERROR 6224 --- [    Test worker] tourGuide.service.TourGuideService       : java.lang.NullPointerException
2021-11-29 23:17:11.084 ERROR 6224 --- [    Test worker] tourGuide.service.TourGuideService       : java.lang.NullPointerException
2021-11-29 23:17:11.084 ERROR 6224 --- [    Test worker] tourGuide.service.TourGuideService       : java.lang.NullPointerException
2021-11-29 23:17:11.084 ERROR 6224 --- [    Test worker] tourGuide.service.TourGuideService       : java.lang.NullPointerException
2021-11-29 23:17:11.084 ERROR 6224 --- [    Test worker] tourGuide.service.TourGuideService       : java.lang.NullPointerException
2021-11-29 23:17:11.084 ERROR 6224 --- [    Test worker] tourGuide.service.TourGuideService       : java.lang.NullPointerException
2021-11-29 23:17:11.084 ERROR 6224 --- [    Test worker] tourGuide.service.TourGuideService       : java.lang.NullPointerException
2021-11-29 23:17:11.084 ERROR 6224 --- [    Test worker] tourGuide.service.TourGuideService       : java.lang.NullPointerException
2021-11-29 23:17:11.084 ERROR 6224 --- [    Test worker] tourGuide.service.TourGuideService       : java.lang.NullPointerException
2021-11-29 23:17:11.084 ERROR 6224 --- [    Test worker] tourGuide.service.TourGuideService       : java.lang.NullPointerException
2021-11-29 23:17:11.085 ERROR 6224 --- [    Test worker] tourGuide.service.TourGuideService       : java.lang.NullPointerException
2021-11-29 23:17:11.085 ERROR 6224 --- [    Test worker] tourGuide.service.TourGuideService       : java.lang.NullPointerException
2021-11-29 23:17:11.085 ERROR 6224 --- [    Test worker] tourGuide.service.TourGuideService       : java.lang.NullPointerException
2021-11-29 23:17:11.085 ERROR 6224 --- [    Test worker] tourGuide.service.TourGuideService       : java.lang.NullPointerException
2021-11-29 23:17:11.085 ERROR 6224 --- [    Test worker] tourGuide.service.TourGuideService       : java.lang.NullPointerException
2021-11-29 23:17:11.085 ERROR 6224 --- [    Test worker] tourGuide.service.TourGuideService       : java.lang.NullPointerException
2021-11-29 23:17:11.085 ERROR 6224 --- [    Test worker] tourGuide.service.TourGuideService       : java.lang.NullPointerException
2021-11-29 23:17:11.085 ERROR 6224 --- [    Test worker] tourGuide.service.TourGuideService       : java.lang.NullPointerException
2021-11-29 23:17:11.085 ERROR 6224 --- [    Test worker] tourGuide.service.TourGuideService       : java.lang.NullPointerException
2021-11-29 23:17:11.085 ERROR 6224 --- [    Test worker] tourGuide.service.TourGuideService       : java.lang.NullPointerException
2021-11-29 23:17:11.085 ERROR 6224 --- [    Test worker] tourGuide.service.TourGuideService       : java.lang.NullPointerException
2021-11-29 23:17:11.085 ERROR 6224 --- [    Test worker] tourGuide.service.TourGuideService       : java.lang.NullPointerException
2021-11-29 23:17:11.086 ERROR 6224 --- [    Test worker] tourGuide.service.TourGuideService       : java.lang.NullPointerException
2021-11-29 23:17:11.086 ERROR 6224 --- [    Test worker] tourGuide.service.TourGuideService       : java.lang.NullPointerException
2021-11-29 23:17:11.086 ERROR 6224 --- [    Test worker] tourGuide.service.TourGuideService       : java.lang.NullPointerException
2021-11-29 23:17:11.086 ERROR 6224 --- [    Test worker] tourGuide.service.TourGuideService       : java.lang.NullPointerException
2021-11-29 23:17:11.086 ERROR 6224 --- [    Test worker] tourGuide.service.TourGuideService       : java.lang.NullPointerException
2021-11-29 23:17:11.086 ERROR 6224 --- [    Test worker] tourGuide.service.TourGuideService       : java.lang.NullPointerException
2021-11-29 23:17:11.086 ERROR 6224 --- [    Test worker] tourGuide.service.TourGuideService       : java.lang.NullPointerException
2021-11-29 23:17:11.086 ERROR 6224 --- [    Test worker] tourGuide.service.TourGuideService       : java.lang.NullPointerException
2021-11-29 23:17:11.086 ERROR 6224 --- [    Test worker] tourGuide.service.TourGuideService       : java.lang.NullPointerException
2021-11-29 23:17:11.086 ERROR 6224 --- [    Test worker] tourGuide.service.TourGuideService       : java.lang.NullPointerException
2021-11-29 23:17:11.086 ERROR 6224 --- [    Test worker] tourGuide.service.TourGuideService       : java.lang.NullPointerException
2021-11-29 23:17:11.086 ERROR 6224 --- [    Test worker] tourGuide.service.TourGuideService       : java.lang.NullPointerException
2021-11-29 23:17:11.086 ERROR 6224 --- [    Test worker] tourGuide.service.TourGuideService       : java.lang.NullPointerException
2021-11-29 23:17:11.086 ERROR 6224 --- [    Test worker] tourGuide.service.TourGuideService       : java.lang.NullPointerException
2021-11-29 23:17:11.086 ERROR 6224 --- [    Test worker] tourGuide.service.TourGuideService       : java.lang.NullPointerException
2021-11-29 23:17:11.086 ERROR 6224 --- [    Test worker] tourGuide.service.TourGuideService       : java.lang.NullPointerException
2021-11-29 23:17:11.086 ERROR 6224 --- [    Test worker] tourGuide.service.TourGuideService       : java.lang.NullPointerException
2021-11-29 23:17:11.086 ERROR 6224 --- [    Test worker] tourGuide.service.TourGuideService       : java.lang.NullPointerException
2021-11-29 23:17:11.086 ERROR 6224 --- [    Test worker] tourGuide.service.TourGuideService       : java.lang.NullPointerException
2021-11-29 23:17:11.086 ERROR 6224 --- [    Test worker] tourGuide.service.TourGuideService       : java.lang.NullPointerException
2021-11-29 23:17:11.086 ERROR 6224 --- [    Test worker] tourGuide.service.TourGuideService       : java.lang.NullPointerException
2021-11-29 23:17:11.087 ERROR 6224 --- [    Test worker] tourGuide.service.TourGuideService       : java.lang.NullPointerException
2021-11-29 23:17:11.087 ERROR 6224 --- [    Test worker] tourGuide.service.TourGuideService       : java.lang.NullPointerException
2021-11-29 23:17:11.087 ERROR 6224 --- [    Test worker] tourGuide.service.TourGuideService       : java.lang.NullPointerException
2021-11-29 23:17:11.087 ERROR 6224 --- [    Test worker] tourGuide.service.TourGuideService       : java.lang.NullPointerException
2021-11-29 23:17:11.087 ERROR 6224 --- [    Test worker] tourGuide.service.TourGuideService       : java.lang.NullPointerException
2021-11-29 23:17:11.087 ERROR 6224 --- [    Test worker] tourGuide.service.TourGuideService       : java.lang.NullPointerException
2021-11-29 23:17:11.087 ERROR 6224 --- [    Test worker] tourGuide.service.TourGuideService       : java.lang.NullPointerException
2021-11-29 23:17:11.087 ERROR 6224 --- [    Test worker] tourGuide.service.TourGuideService       : java.lang.NullPointerException
2021-11-29 23:17:11.087 ERROR 6224 --- [    Test worker] tourGuide.service.TourGuideService       : java.lang.NullPointerException
2021-11-29 23:17:11.087 ERROR 6224 --- [    Test worker] tourGuide.service.TourGuideService       : java.lang.NullPointerException
2021-11-29 23:17:11.087 ERROR 6224 --- [    Test worker] tourGuide.service.TourGuideService       : java.lang.NullPointerException
2021-11-29 23:17:11.087 ERROR 6224 --- [    Test worker] tourGuide.service.TourGuideService       : java.lang.NullPointerException
2021-11-29 23:17:11.087 ERROR 6224 --- [    Test worker] tourGuide.service.TourGuideService       : java.lang.NullPointerException
2021-11-29 23:17:11.087 ERROR 6224 --- [    Test worker] tourGuide.service.TourGuideService       : java.lang.NullPointerException
2021-11-29 23:17:11.087 ERROR 6224 --- [    Test worker] tourGuide.service.TourGuideService       : java.lang.NullPointerException
2021-11-29 23:17:11.087 ERROR 6224 --- [    Test worker] tourGuide.service.TourGuideService       : java.lang.NullPointerException
2021-11-29 23:17:11.087 ERROR 6224 --- [    Test worker] tourGuide.service.TourGuideService       : java.lang.NullPointerException
2021-11-29 23:17:11.087 ERROR 6224 --- [    Test worker] tourGuide.service.TourGuideService       : java.lang.NullPointerException
2021-11-29 23:17:11.087 ERROR 6224 --- [    Test worker] tourGuide.service.TourGuideService       : java.lang.NullPointerException
2021-11-29 23:17:11.087 ERROR 6224 --- [    Test worker] tourGuide.service.TourGuideService       : java.lang.NullPointerException
2021-11-29 23:17:11.088 ERROR 6224 --- [    Test worker] tourGuide.service.TourGuideService       : java.lang.NullPointerException
2021-11-29 23:17:11.088 ERROR 6224 --- [    Test worker] tourGuide.service.TourGuideService       : java.lang.NullPointerException
2021-11-29 23:17:11.088 ERROR 6224 --- [    Test worker] tourGuide.service.TourGuideService       : java.lang.NullPointerException
2021-11-29 23:17:11.088 ERROR 6224 --- [    Test worker] tourGuide.service.TourGuideService       : java.lang.NullPointerException
2021-11-29 23:17:11.088 ERROR 6224 --- [    Test worker] tourGuide.service.TourGuideService       : java.lang.NullPointerException
2021-11-29 23:17:11.088 ERROR 6224 --- [    Test worker] tourGuide.service.TourGuideService       : java.lang.NullPointerException
2021-11-29 23:17:11.088 ERROR 6224 --- [    Test worker] tourGuide.service.TourGuideService       : java.lang.NullPointerException
2021-11-29 23:17:11.088 ERROR 6224 --- [    Test worker] tourGuide.service.TourGuideService       : java.lang.NullPointerException
2021-11-29 23:17:11.088 ERROR 6224 --- [    Test worker] tourGuide.service.TourGuideService       : java.lang.NullPointerException
2021-11-29 23:17:11.088 ERROR 6224 --- [    Test worker] tourGuide.service.TourGuideService       : java.lang.NullPointerException
2021-11-29 23:17:11.088 ERROR 6224 --- [    Test worker] tourGuide.service.TourGuideService       : java.lang.NullPointerException
2021-11-29 23:17:11.088 ERROR 6224 --- [    Test worker] tourGuide.service.TourGuideService       : java.lang.NullPointerException
2021-11-29 23:17:11.088 ERROR 6224 --- [    Test worker] tourGuide.service.TourGuideService       : java.lang.NullPointerException
2021-11-29 23:17:11.088 ERROR 6224 --- [    Test worker] tourGuide.service.TourGuideService       : java.lang.NullPointerException
2021-11-29 23:17:11.088 ERROR 6224 --- [    Test worker] tourGuide.service.TourGuideService       : java.lang.NullPointerException
2021-11-29 23:17:11.088 ERROR 6224 --- [    Test worker] tourGuide.service.TourGuideService       : java.lang.NullPointerException
2021-11-29 23:17:11.088 ERROR 6224 --- [    Test worker] tourGuide.service.TourGuideService       : java.lang.NullPointerException
2021-11-29 23:17:11.088 ERROR 6224 --- [    Test worker] tourGuide.service.TourGuideService       : java.lang.NullPointerException
2021-11-29 23:17:11.088 ERROR 6224 --- [    Test worker] tourGuide.service.TourGuideService       : java.lang.NullPointerException
2021-11-29 23:17:11.089 ERROR 6224 --- [    Test worker] tourGuide.service.TourGuideService       : java.lang.NullPointerException
2021-11-29 23:17:11.089 ERROR 6224 --- [    Test worker] tourGuide.service.TourGuideService       : java.lang.NullPointerException
2021-11-29 23:17:11.089 ERROR 6224 --- [    Test worker] tourGuide.service.TourGuideService       : java.lang.NullPointerException
2021-11-29 23:17:11.089 ERROR 6224 --- [    Test worker] tourGuide.service.TourGuideService       : java.lang.NullPointerException
2021-11-29 23:17:11.089 ERROR 6224 --- [    Test worker] tourGuide.service.TourGuideService       : java.lang.NullPointerException
2021-11-29 23:17:11.089 ERROR 6224 --- [    Test worker] tourGuide.service.TourGuideService       : java.lang.NullPointerException
2021-11-29 23:17:11.089 ERROR 6224 --- [    Test worker] tourGuide.service.TourGuideService       : java.lang.NullPointerException
2021-11-29 23:17:11.089 ERROR 6224 --- [    Test worker] tourGuide.service.TourGuideService       : java.lang.NullPointerException
2021-11-29 23:17:11.089 ERROR 6224 --- [    Test worker] tourGuide.service.TourGuideService       : java.lang.NullPointerException
2021-11-29 23:17:11.089 ERROR 6224 --- [    Test worker] tourGuide.service.TourGuideService       : java.lang.NullPointerException
2021-11-29 23:17:11.090 ERROR 6224 --- [    Test worker] tourGuide.service.TourGuideService       : java.lang.NullPointerException
2021-11-29 23:17:11.090 ERROR 6224 --- [    Test worker] tourGuide.service.TourGuideService       : java.lang.NullPointerException
2021-11-29 23:17:11.090 ERROR 6224 --- [    Test worker] tourGuide.service.TourGuideService       : java.lang.NullPointerException
2021-11-29 23:17:11.090 ERROR 6224 --- [    Test worker] tourGuide.service.TourGuideService       : java.lang.NullPointerException
2021-11-29 23:17:11.090 ERROR 6224 --- [    Test worker] tourGuide.service.TourGuideService       : java.lang.NullPointerException
2021-11-29 23:17:11.091 ERROR 6224 --- [    Test worker] tourGuide.service.TourGuideService       : java.lang.NullPointerException
2021-11-29 23:17:11.091 ERROR 6224 --- [    Test worker] tourGuide.service.TourGuideService       : java.lang.NullPointerException
2021-11-29 23:17:11.091 ERROR 6224 --- [    Test worker] tourGuide.service.TourGuideService       : java.lang.NullPointerException
2021-11-29 23:17:11.091 ERROR 6224 --- [    Test worker] tourGuide.service.TourGuideService       : java.lang.NullPointerException
2021-11-29 23:17:11.091 ERROR 6224 --- [    Test worker] tourGuide.service.TourGuideService       : java.lang.NullPointerException
2021-11-29 23:17:11.091 ERROR 6224 --- [    Test worker] tourGuide.service.TourGuideService       : java.lang.NullPointerException
2021-11-29 23:17:11.091 ERROR 6224 --- [    Test worker] tourGuide.service.TourGuideService       : java.lang.NullPointerException
2021-11-29 23:17:11.091 ERROR 6224 --- [    Test worker] tourGuide.service.TourGuideService       : java.lang.NullPointerException
2021-11-29 23:17:11.091 ERROR 6224 --- [    Test worker] tourGuide.service.TourGuideService       : java.lang.NullPointerException
2021-11-29 23:17:11.091 ERROR 6224 --- [    Test worker] tourGuide.service.TourGuideService       : java.lang.NullPointerException
2021-11-29 23:17:11.091 ERROR 6224 --- [    Test worker] tourGuide.service.TourGuideService       : java.lang.NullPointerException
2021-11-29 23:17:11.092 ERROR 6224 --- [    Test worker] tourGuide.service.TourGuideService       : java.lang.NullPointerException
2021-11-29 23:17:11.092 ERROR 6224 --- [    Test worker] tourGuide.service.TourGuideService       : java.lang.NullPointerException
2021-11-29 23:17:11.092 ERROR 6224 --- [    Test worker] tourGuide.service.TourGuideService       : java.lang.NullPointerException
2021-11-29 23:17:11.092 ERROR 6224 --- [    Test worker] tourGuide.service.TourGuideService       : java.lang.NullPointerException
2021-11-29 23:17:11.092 ERROR 6224 --- [    Test worker] tourGuide.service.TourGuideService       : java.lang.NullPointerException
2021-11-29 23:17:11.092 ERROR 6224 --- [    Test worker] tourGuide.service.TourGuideService       : java.lang.NullPointerException
2021-11-29 23:17:11.093 ERROR 6224 --- [    Test worker] tourGuide.service.TourGuideService       : java.lang.NullPointerException
2021-11-29 23:17:11.093 ERROR 6224 --- [    Test worker] tourGuide.service.TourGuideService       : java.lang.NullPointerException
2021-11-29 23:17:11.093 ERROR 6224 --- [    Test worker] tourGuide.service.TourGuideService       : java.lang.NullPointerException
2021-11-29 23:17:11.093 ERROR 6224 --- [    Test worker] tourGuide.service.TourGuideService       : java.lang.NullPointerException
2021-11-29 23:17:11.094 ERROR 6224 --- [    Test worker] tourGuide.service.TourGuideService       : java.lang.NullPointerException
2021-11-29 23:17:11.094 ERROR 6224 --- [    Test worker] tourGuide.service.TourGuideService       : java.lang.NullPointerException
2021-11-29 23:17:11.095 ERROR 6224 --- [    Test worker] tourGuide.service.TourGuideService       : java.lang.NullPointerException
2021-11-29 23:17:11.108 ERROR 6224 --- [    Test worker] tourGuide.service.TourGuideService       : java.lang.NullPointerException
2021-11-29 23:17:11.109 ERROR 6224 --- [    Test worker] tourGuide.service.TourGuideService       : java.lang.NullPointerException
2021-11-29 23:17:11.109 ERROR 6224 --- [    Test worker] tourGuide.service.TourGuideService       : java.lang.NullPointerException
2021-11-29 23:17:11.109 ERROR 6224 --- [    Test worker] tourGuide.service.TourGuideService       : java.lang.NullPointerException
2021-11-29 23:17:11.109 ERROR 6224 --- [    Test worker] tourGuide.service.TourGuideService       : java.lang.NullPointerException
2021-11-29 23:17:11.109 ERROR 6224 --- [    Test worker] tourGuide.service.TourGuideService       : java.lang.NullPointerException
2021-11-29 23:17:11.109 ERROR 6224 --- [    Test worker] tourGuide.service.TourGuideService       : java.lang.NullPointerException
2021-11-29 23:17:11.110 ERROR 6224 --- [    Test worker] tourGuide.service.TourGuideService       : java.lang.NullPointerException
2021-11-29 23:17:11.110 ERROR 6224 --- [    Test worker] tourGuide.service.TourGuideService       : java.lang.NullPointerException
2021-11-29 23:17:11.110 ERROR 6224 --- [    Test worker] tourGuide.service.TourGuideService       : java.lang.NullPointerException
2021-11-29 23:17:11.110 ERROR 6224 --- [    Test worker] tourGuide.service.TourGuideService       : java.lang.NullPointerException
2021-11-29 23:17:11.110 ERROR 6224 --- [    Test worker] tourGuide.service.TourGuideService       : java.lang.NullPointerException
2021-11-29 23:17:11.110 ERROR 6224 --- [    Test worker] tourGuide.service.TourGuideService       : java.lang.NullPointerException
2021-11-29 23:17:11.110 ERROR 6224 --- [    Test worker] tourGuide.service.TourGuideService       : java.lang.NullPointerException
2021-11-29 23:17:11.110 ERROR 6224 --- [    Test worker] tourGuide.service.TourGuideService       : java.lang.NullPointerException
2021-11-29 23:17:11.111 ERROR 6224 --- [    Test worker] tourGuide.service.TourGuideService       : java.lang.NullPointerException
2021-11-29 23:17:11.111 ERROR 6224 --- [    Test worker] tourGuide.service.TourGuideService       : java.lang.NullPointerException
2021-11-29 23:17:11.111 ERROR 6224 --- [    Test worker] tourGuide.service.TourGuideService       : java.lang.NullPointerException
2021-11-29 23:17:11.111 ERROR 6224 --- [    Test worker] tourGuide.service.TourGuideService       : java.lang.NullPointerException
2021-11-29 23:17:11.111 ERROR 6224 --- [    Test worker] tourGuide.service.TourGuideService       : java.lang.NullPointerException
2021-11-29 23:17:11.111 ERROR 6224 --- [    Test worker] tourGuide.service.TourGuideService       : java.lang.NullPointerException
2021-11-29 23:17:11.111 ERROR 6224 --- [    Test worker] tourGuide.service.TourGuideService       : java.lang.NullPointerException
2021-11-29 23:17:11.111 ERROR 6224 --- [    Test worker] tourGuide.service.TourGuideService       : java.lang.NullPointerException
2021-11-29 23:17:11.112 ERROR 6224 --- [    Test worker] tourGuide.service.TourGuideService       : java.lang.NullPointerException
2021-11-29 23:17:11.113 ERROR 6224 --- [    Test worker] tourGuide.service.TourGuideService       : java.lang.NullPointerException
2021-11-29 23:17:11.120 ERROR 6224 --- [    Test worker] tourGuide.service.TourGuideService       : java.lang.NullPointerException
2021-11-29 23:17:11.121 ERROR 6224 --- [    Test worker] tourGuide.service.TourGuideService       : java.lang.NullPointerException
2021-11-29 23:17:11.127 ERROR 6224 --- [    Test worker] tourGuide.service.TourGuideService       : java.lang.NullPointerException
2021-11-29 23:17:11.134 ERROR 6224 --- [    Test worker] tourGuide.service.TourGuideService       : java.lang.NullPointerException
2021-11-29 23:17:11.134 ERROR 6224 --- [    Test worker] tourGuide.service.TourGuideService       : java.lang.NullPointerException
2021-11-29 23:17:11.134 ERROR 6224 --- [    Test worker] tourGuide.service.TourGuideService       : java.lang.NullPointerException
2021-11-29 23:17:11.134 ERROR 6224 --- [    Test worker] tourGuide.service.TourGuideService       : java.lang.NullPointerException
2021-11-29 23:17:11.134 ERROR 6224 --- [    Test worker] tourGuide.service.TourGuideService       : java.lang.NullPointerException
2021-11-29 23:17:11.134 ERROR 6224 --- [    Test worker] tourGuide.service.TourGuideService       : java.lang.NullPointerException
2021-11-29 23:17:11.134 ERROR 6224 --- [    Test worker] tourGuide.service.TourGuideService       : java.lang.NullPointerException
2021-11-29 23:17:11.134 ERROR 6224 --- [    Test worker] tourGuide.service.TourGuideService       : java.lang.NullPointerException
2021-11-29 23:17:11.134 ERROR 6224 --- [    Test worker] tourGuide.service.TourGuideService       : java.lang.NullPointerException
2021-11-29 23:17:11.186 ERROR 6224 --- [    Test worker] tourGuide.service.TourGuideService       : java.lang.NullPointerException
2021-11-29 23:17:11.187 ERROR 6224 --- [    Test worker] tourGuide.service.TourGuideService       : java.lang.NullPointerException
2021-11-29 23:17:11.187 ERROR 6224 --- [    Test worker] tourGuide.service.TourGuideService       : java.lang.NullPointerException
2021-11-29 23:17:11.187 ERROR 6224 --- [    Test worker] tourGuide.service.TourGuideService       : java.lang.NullPointerException
2021-11-29 23:17:11.187 ERROR 6224 --- [    Test worker] tourGuide.service.TourGuideService       : java.lang.NullPointerException
2021-11-29 23:17:11.187 ERROR 6224 --- [    Test worker] tourGuide.service.TourGuideService       : java.lang.NullPointerException
2021-11-29 23:17:11.188 ERROR 6224 --- [    Test worker] tourGuide.service.TourGuideService       : java.lang.NullPointerException
2021-11-29 23:17:11.188 ERROR 6224 --- [    Test worker] tourGuide.service.TourGuideService       : java.lang.NullPointerException
2021-11-29 23:17:11.188 ERROR 6224 --- [    Test worker] tourGuide.service.TourGuideService       : java.lang.NullPointerException
2021-11-29 23:17:11.188 ERROR 6224 --- [    Test worker] tourGuide.service.TourGuideService       : java.lang.NullPointerException
2021-11-29 23:17:11.188 ERROR 6224 --- [    Test worker] tourGuide.service.TourGuideService       : java.lang.NullPointerException
2021-11-29 23:17:11.188 ERROR 6224 --- [    Test worker] tourGuide.service.TourGuideService       : java.lang.NullPointerException
2021-11-29 23:17:11.188 ERROR 6224 --- [    Test worker] tourGuide.service.TourGuideService       : java.lang.NullPointerException
2021-11-29 23:17:11.188 ERROR 6224 --- [    Test worker] tourGuide.service.TourGuideService       : java.lang.NullPointerException
2021-11-29 23:17:11.188 ERROR 6224 --- [    Test worker] tourGuide.service.TourGuideService       : java.lang.NullPointerException
2021-11-29 23:17:11.188 ERROR 6224 --- [    Test worker] tourGuide.service.TourGuideService       : java.lang.NullPointerException
2021-11-29 23:17:11.188 ERROR 6224 --- [    Test worker] tourGuide.service.TourGuideService       : java.lang.NullPointerException
2021-11-29 23:17:11.188 ERROR 6224 --- [    Test worker] tourGuide.service.TourGuideService       : java.lang.NullPointerException
2021-11-29 23:17:11.188 ERROR 6224 --- [    Test worker] tourGuide.service.TourGuideService       : java.lang.NullPointerException
2021-11-29 23:17:11.189 ERROR 6224 --- [    Test worker] tourGuide.service.TourGuideService       : java.lang.NullPointerException
2021-11-29 23:17:11.189 ERROR 6224 --- [    Test worker] tourGuide.service.TourGuideService       : java.lang.NullPointerException
2021-11-29 23:17:11.189 ERROR 6224 --- [    Test worker] tourGuide.service.TourGuideService       : java.lang.NullPointerException
2021-11-29 23:17:11.189 ERROR 6224 --- [    Test worker] tourGuide.service.TourGuideService       : java.lang.NullPointerException
2021-11-29 23:17:11.189 ERROR 6224 --- [    Test worker] tourGuide.service.TourGuideService       : java.lang.NullPointerException
2021-11-29 23:17:11.189 ERROR 6224 --- [    Test worker] tourGuide.service.TourGuideService       : java.lang.NullPointerException
2021-11-29 23:17:11.189 ERROR 6224 --- [    Test worker] tourGuide.service.TourGuideService       : java.lang.NullPointerException
2021-11-29 23:17:11.189 ERROR 6224 --- [    Test worker] tourGuide.service.TourGuideService       : java.lang.NullPointerException
2021-11-29 23:17:11.189 ERROR 6224 --- [    Test worker] tourGuide.service.TourGuideService       : java.lang.NullPointerException
2021-11-29 23:17:11.189 ERROR 6224 --- [    Test worker] tourGuide.service.TourGuideService       : java.lang.NullPointerException
2021-11-29 23:17:11.189 ERROR 6224 --- [    Test worker] tourGuide.service.TourGuideService       : java.lang.NullPointerException
2021-11-29 23:17:11.189 ERROR 6224 --- [    Test worker] tourGuide.service.TourGuideService       : java.lang.NullPointerException
2021-11-29 23:17:11.190 ERROR 6224 --- [    Test worker] tourGuide.service.TourGuideService       : java.lang.NullPointerException
2021-11-29 23:17:11.190 ERROR 6224 --- [    Test worker] tourGuide.service.TourGuideService       : java.lang.NullPointerException
2021-11-29 23:17:11.190 ERROR 6224 --- [    Test worker] tourGuide.service.TourGuideService       : java.lang.NullPointerException
2021-11-29 23:17:11.190 ERROR 6224 --- [    Test worker] tourGuide.service.TourGuideService       : java.lang.NullPointerException
2021-11-29 23:17:11.190 ERROR 6224 --- [    Test worker] tourGuide.service.TourGuideService       : java.lang.NullPointerException
2021-11-29 23:17:11.190 ERROR 6224 --- [    Test worker] tourGuide.service.TourGuideService       : java.lang.NullPointerException
2021-11-29 23:17:11.190 ERROR 6224 --- [    Test worker] tourGuide.service.TourGuideService       : java.lang.NullPointerException
2021-11-29 23:17:11.190 ERROR 6224 --- [    Test worker] tourGuide.service.TourGuideService       : java.lang.NullPointerException
2021-11-29 23:17:11.190 ERROR 6224 --- [    Test worker] tourGuide.service.TourGuideService       : java.lang.NullPointerException
2021-11-29 23:17:11.191 ERROR 6224 --- [    Test worker] tourGuide.service.TourGuideService       : java.lang.NullPointerException
2021-11-29 23:17:11.192 ERROR 6224 --- [    Test worker] tourGuide.service.TourGuideService       : java.lang.NullPointerException
2021-11-29 23:17:11.192 ERROR 6224 --- [    Test worker] tourGuide.service.TourGuideService       : java.lang.NullPointerException
2021-11-29 23:17:11.192 ERROR 6224 --- [    Test worker] tourGuide.service.TourGuideService       : java.lang.NullPointerException
2021-11-29 23:17:11.192 ERROR 6224 --- [    Test worker] tourGuide.service.TourGuideService       : java.lang.NullPointerException
2021-11-29 23:17:11.193 ERROR 6224 --- [    Test worker] tourGuide.service.TourGuideService       : java.lang.NullPointerException
2021-11-29 23:17:11.193 ERROR 6224 --- [    Test worker] tourGuide.service.TourGuideService       : java.lang.NullPointerException
2021-11-29 23:17:11.193 ERROR 6224 --- [    Test worker] tourGuide.service.TourGuideService       : java.lang.NullPointerException
2021-11-29 23:17:11.193 ERROR 6224 --- [    Test worker] tourGuide.service.TourGuideService       : java.lang.NullPointerException
2021-11-29 23:17:11.193 ERROR 6224 --- [    Test worker] tourGuide.service.TourGuideService       : java.lang.NullPointerException
2021-11-29 23:17:11.193 ERROR 6224 --- [    Test worker] tourGuide.service.TourGuideService       : java.lang.NullPointerException
2021-11-29 23:17:11.193 ERROR 6224 --- [    Test worker] tourGuide.service.TourGuideService       : java.lang.NullPointerException
2021-11-29 23:17:11.193 ERROR 6224 --- [    Test worker] tourGuide.service.TourGuideService       : java.lang.NullPointerException
2021-11-29 23:17:11.193 ERROR 6224 --- [    Test worker] tourGuide.service.TourGuideService       : java.lang.NullPointerException
2021-11-29 23:17:11.194 ERROR 6224 --- [    Test worker] tourGuide.service.TourGuideService       : java.lang.NullPointerException
2021-11-29 23:17:11.194 ERROR 6224 --- [    Test worker] tourGuide.service.TourGuideService       : java.lang.NullPointerException
2021-11-29 23:17:11.194 ERROR 6224 --- [    Test worker] tourGuide.service.TourGuideService       : java.lang.NullPointerException
2021-11-29 23:17:11.194 ERROR 6224 --- [    Test worker] tourGuide.service.TourGuideService       : java.lang.NullPointerException
2021-11-29 23:17:11.194 ERROR 6224 --- [    Test worker] tourGuide.service.TourGuideService       : java.lang.NullPointerException
2021-11-29 23:17:11.194 ERROR 6224 --- [    Test worker] tourGuide.service.TourGuideService       : java.lang.NullPointerException
2021-11-29 23:17:11.194 ERROR 6224 --- [    Test worker] tourGuide.service.TourGuideService       : java.lang.NullPointerException
2021-11-29 23:17:11.194 ERROR 6224 --- [    Test worker] tourGuide.service.TourGuideService       : java.lang.NullPointerException
2021-11-29 23:17:11.194 ERROR 6224 --- [    Test worker] tourGuide.service.TourGuideService       : java.lang.NullPointerException
2021-11-29 23:17:11.194 ERROR 6224 --- [    Test worker] tourGuide.service.TourGuideService       : java.lang.NullPointerException
2021-11-29 23:17:11.194 ERROR 6224 --- [    Test worker] tourGuide.service.TourGuideService       : java.lang.NullPointerException
2021-11-29 23:17:11.194 ERROR 6224 --- [    Test worker] tourGuide.service.TourGuideService       : java.lang.NullPointerException
2021-11-29 23:17:11.194 ERROR 6224 --- [    Test worker] tourGuide.service.TourGuideService       : java.lang.NullPointerException
2021-11-29 23:17:11.194 ERROR 6224 --- [    Test worker] tourGuide.service.TourGuideService       : java.lang.NullPointerException
2021-11-29 23:17:11.194 ERROR 6224 --- [    Test worker] tourGuide.service.TourGuideService       : java.lang.NullPointerException
2021-11-29 23:17:11.195 ERROR 6224 --- [    Test worker] tourGuide.service.TourGuideService       : java.lang.NullPointerException
2021-11-29 23:17:11.195 ERROR 6224 --- [    Test worker] tourGuide.service.TourGuideService       : java.lang.NullPointerException
2021-11-29 23:17:11.195 ERROR 6224 --- [    Test worker] tourGuide.service.TourGuideService       : java.lang.NullPointerException
2021-11-29 23:17:11.195 ERROR 6224 --- [    Test worker] tourGuide.service.TourGuideService       : java.lang.NullPointerException
2021-11-29 23:17:11.195 ERROR 6224 --- [    Test worker] tourGuide.service.TourGuideService       : java.lang.NullPointerException
2021-11-29 23:17:11.195 ERROR 6224 --- [    Test worker] tourGuide.service.TourGuideService       : java.lang.NullPointerException
2021-11-29 23:17:11.195 ERROR 6224 --- [    Test worker] tourGuide.service.TourGuideService       : java.lang.NullPointerException
2021-11-29 23:17:11.195 ERROR 6224 --- [    Test worker] tourGuide.service.TourGuideService       : java.lang.NullPointerException
2021-11-29 23:17:11.195 ERROR 6224 --- [    Test worker] tourGuide.service.TourGuideService       : java.lang.NullPointerException
2021-11-29 23:17:11.195 ERROR 6224 --- [    Test worker] tourGuide.service.TourGuideService       : java.lang.NullPointerException
2021-11-29 23:17:11.196 ERROR 6224 --- [    Test worker] tourGuide.service.TourGuideService       : java.lang.NullPointerException
2021-11-29 23:17:11.196 ERROR 6224 --- [    Test worker] tourGuide.service.TourGuideService       : java.lang.NullPointerException
2021-11-29 23:17:11.196 ERROR 6224 --- [    Test worker] tourGuide.service.TourGuideService       : java.lang.NullPointerException
2021-11-29 23:17:11.196 ERROR 6224 --- [    Test worker] tourGuide.service.TourGuideService       : java.lang.NullPointerException
2021-11-29 23:17:11.197 ERROR 6224 --- [    Test worker] tourGuide.service.TourGuideService       : java.lang.NullPointerException
2021-11-29 23:17:11.197 ERROR 6224 --- [    Test worker] tourGuide.service.TourGuideService       : java.lang.NullPointerException
2021-11-29 23:17:11.197 ERROR 6224 --- [    Test worker] tourGuide.service.TourGuideService       : java.lang.NullPointerException
2021-11-29 23:17:11.197 ERROR 6224 --- [    Test worker] tourGuide.service.TourGuideService       : java.lang.NullPointerException
2021-11-29 23:17:11.197 ERROR 6224 --- [    Test worker] tourGuide.service.TourGuideService       : java.lang.NullPointerException
2021-11-29 23:17:11.197 ERROR 6224 --- [    Test worker] tourGuide.service.TourGuideService       : java.lang.NullPointerException
2021-11-29 23:17:11.200 ERROR 6224 --- [    Test worker] tourGuide.service.TourGuideService       : java.lang.NullPointerException
2021-11-29 23:17:11.200 ERROR 6224 --- [    Test worker] tourGuide.service.TourGuideService       : java.lang.NullPointerException
2021-11-29 23:17:11.201 ERROR 6224 --- [    Test worker] tourGuide.service.TourGuideService       : java.lang.NullPointerException
2021-11-29 23:17:11.201 ERROR 6224 --- [    Test worker] tourGuide.service.TourGuideService       : java.lang.NullPointerException
2021-11-29 23:17:11.201 ERROR 6224 --- [    Test worker] tourGuide.service.TourGuideService       : java.lang.NullPointerException
2021-11-29 23:17:11.201 ERROR 6224 --- [    Test worker] tourGuide.service.TourGuideService       : java.lang.NullPointerException
2021-11-29 23:17:11.201 ERROR 6224 --- [    Test worker] tourGuide.service.TourGuideService       : java.lang.NullPointerException
2021-11-29 23:17:11.201 ERROR 6224 --- [    Test worker] tourGuide.service.TourGuideService       : java.lang.NullPointerException
2021-11-29 23:17:11.202 ERROR 6224 --- [    Test worker] tourGuide.service.TourGuideService       : java.lang.NullPointerException
2021-11-29 23:17:11.202 ERROR 6224 --- [    Test worker] tourGuide.service.TourGuideService       : java.lang.NullPointerException
2021-11-29 23:17:11.202 ERROR 6224 --- [    Test worker] tourGuide.service.TourGuideService       : java.lang.NullPointerException
2021-11-29 23:17:11.202 ERROR 6224 --- [    Test worker] tourGuide.service.TourGuideService       : java.lang.NullPointerException
2021-11-29 23:17:11.202 ERROR 6224 --- [    Test worker] tourGuide.service.TourGuideService       : java.lang.NullPointerException
2021-11-29 23:17:11.202 ERROR 6224 --- [    Test worker] tourGuide.service.TourGuideService       : java.lang.NullPointerException
2021-11-29 23:17:11.202 ERROR 6224 --- [    Test worker] tourGuide.service.TourGuideService       : java.lang.NullPointerException
2021-11-29 23:17:11.202 ERROR 6224 --- [    Test worker] tourGuide.service.TourGuideService       : java.lang.NullPointerException
2021-11-29 23:17:11.202 ERROR 6224 --- [    Test worker] tourGuide.service.TourGuideService       : java.lang.NullPointerException
2021-11-29 23:17:11.202 ERROR 6224 --- [    Test worker] tourGuide.service.TourGuideService       : java.lang.NullPointerException
2021-11-29 23:17:11.202 ERROR 6224 --- [    Test worker] tourGuide.service.TourGuideService       : java.lang.NullPointerException
2021-11-29 23:17:11.202 ERROR 6224 --- [    Test worker] tourGuide.service.TourGuideService       : java.lang.NullPointerException
2021-11-29 23:17:11.203 ERROR 6224 --- [    Test worker] tourGuide.service.TourGuideService       : java.lang.NullPointerException
2021-11-29 23:17:11.203 ERROR 6224 --- [    Test worker] tourGuide.service.TourGuideService       : java.lang.NullPointerException
2021-11-29 23:17:11.203 ERROR 6224 --- [    Test worker] tourGuide.service.TourGuideService       : java.lang.NullPointerException
2021-11-29 23:17:11.203 ERROR 6224 --- [    Test worker] tourGuide.service.TourGuideService       : java.lang.NullPointerException
2021-11-29 23:17:11.203 ERROR 6224 --- [    Test worker] tourGuide.service.TourGuideService       : java.lang.NullPointerException
2021-11-29 23:17:11.203 ERROR 6224 --- [    Test worker] tourGuide.service.TourGuideService       : java.lang.NullPointerException
2021-11-29 23:17:11.203 ERROR 6224 --- [    Test worker] tourGuide.service.TourGuideService       : java.lang.NullPointerException
2021-11-29 23:17:11.203 ERROR 6224 --- [    Test worker] tourGuide.service.TourGuideService       : java.lang.NullPointerException
2021-11-29 23:17:11.203 ERROR 6224 --- [    Test worker] tourGuide.service.TourGuideService       : java.lang.NullPointerException
2021-11-29 23:17:11.203 ERROR 6224 --- [    Test worker] tourGuide.service.TourGuideService       : java.lang.NullPointerException
2021-11-29 23:17:11.203 ERROR 6224 --- [    Test worker] tourGuide.service.TourGuideService       : java.lang.NullPointerException
2021-11-29 23:17:11.203 ERROR 6224 --- [    Test worker] tourGuide.service.TourGuideService       : java.lang.NullPointerException
2021-11-29 23:17:11.203 ERROR 6224 --- [    Test worker] tourGuide.service.TourGuideService       : java.lang.NullPointerException
2021-11-29 23:17:11.203 ERROR 6224 --- [    Test worker] tourGuide.service.TourGuideService       : java.lang.NullPointerException
2021-11-29 23:17:11.203 ERROR 6224 --- [    Test worker] tourGuide.service.TourGuideService       : java.lang.NullPointerException
2021-11-29 23:17:11.203 ERROR 6224 --- [    Test worker] tourGuide.service.TourGuideService       : java.lang.NullPointerException
2021-11-29 23:17:11.203 ERROR 6224 --- [    Test worker] tourGuide.service.TourGuideService       : java.lang.NullPointerException
2021-11-29 23:17:11.203 ERROR 6224 --- [    Test worker] tourGuide.service.TourGuideService       : java.lang.NullPointerException
2021-11-29 23:17:11.203 ERROR 6224 --- [    Test worker] tourGuide.service.TourGuideService       : java.lang.NullPointerException
2021-11-29 23:17:11.203 ERROR 6224 --- [    Test worker] tourGuide.service.TourGuideService       : java.lang.NullPointerException
2021-11-29 23:17:11.203 ERROR 6224 --- [    Test worker] tourGuide.service.TourGuideService       : java.lang.NullPointerException
2021-11-29 23:17:11.203 ERROR 6224 --- [    Test worker] tourGuide.service.TourGuideService       : java.lang.NullPointerException
2021-11-29 23:17:11.203 ERROR 6224 --- [    Test worker] tourGuide.service.TourGuideService       : java.lang.NullPointerException
2021-11-29 23:17:11.204 ERROR 6224 --- [    Test worker] tourGuide.service.TourGuideService       : java.lang.NullPointerException
2021-11-29 23:17:11.204 ERROR 6224 --- [    Test worker] tourGuide.service.TourGuideService       : java.lang.NullPointerException
2021-11-29 23:17:11.204 ERROR 6224 --- [    Test worker] tourGuide.service.TourGuideService       : java.lang.NullPointerException
2021-11-29 23:17:11.204 ERROR 6224 --- [    Test worker] tourGuide.service.TourGuideService       : java.lang.NullPointerException
2021-11-29 23:17:11.204 ERROR 6224 --- [    Test worker] tourGuide.service.TourGuideService       : java.lang.NullPointerException
2021-11-29 23:17:11.204 ERROR 6224 --- [    Test worker] tourGuide.service.TourGuideService       : java.lang.NullPointerException
2021-11-29 23:17:11.204 ERROR 6224 --- [    Test worker] tourGuide.service.TourGuideService       : java.lang.NullPointerException
2021-11-29 23:17:11.205 ERROR 6224 --- [    Test worker] tourGuide.service.TourGuideService       : java.lang.NullPointerException
2021-11-29 23:17:11.205 ERROR 6224 --- [    Test worker] tourGuide.service.TourGuideService       : java.lang.NullPointerException
2021-11-29 23:17:11.205 ERROR 6224 --- [    Test worker] tourGuide.service.TourGuideService       : java.lang.NullPointerException
2021-11-29 23:17:11.205 ERROR 6224 --- [    Test worker] tourGuide.service.TourGuideService       : java.lang.NullPointerException
2021-11-29 23:17:11.205 ERROR 6224 --- [    Test worker] tourGuide.service.TourGuideService       : java.lang.NullPointerException
2021-11-29 23:17:11.205 ERROR 6224 --- [    Test worker] tourGuide.service.TourGuideService       : java.lang.NullPointerException
2021-11-29 23:17:11.205 ERROR 6224 --- [    Test worker] tourGuide.service.TourGuideService       : java.lang.NullPointerException
2021-11-29 23:17:11.205 ERROR 6224 --- [    Test worker] tourGuide.service.TourGuideService       : java.lang.NullPointerException
2021-11-29 23:17:11.205 ERROR 6224 --- [    Test worker] tourGuide.service.TourGuideService       : java.lang.NullPointerException
2021-11-29 23:17:11.205 ERROR 6224 --- [    Test worker] tourGuide.service.TourGuideService       : java.lang.NullPointerException
2021-11-29 23:17:11.205 ERROR 6224 --- [    Test worker] tourGuide.service.TourGuideService       : java.lang.NullPointerException
2021-11-29 23:17:11.205 ERROR 6224 --- [    Test worker] tourGuide.service.TourGuideService       : java.lang.NullPointerException
2021-11-29 23:17:11.205 ERROR 6224 --- [    Test worker] tourGuide.service.TourGuideService       : java.lang.NullPointerException
2021-11-29 23:17:11.205 ERROR 6224 --- [    Test worker] tourGuide.service.TourGuideService       : java.lang.NullPointerException
2021-11-29 23:17:11.205 ERROR 6224 --- [    Test worker] tourGuide.service.TourGuideService       : java.lang.NullPointerException
2021-11-29 23:17:11.205 ERROR 6224 --- [    Test worker] tourGuide.service.TourGuideService       : java.lang.NullPointerException
2021-11-29 23:17:11.205 ERROR 6224 --- [    Test worker] tourGuide.service.TourGuideService       : java.lang.NullPointerException
2021-11-29 23:17:11.205 ERROR 6224 --- [    Test worker] tourGuide.service.TourGuideService       : java.lang.NullPointerException
2021-11-29 23:17:11.205 ERROR 6224 --- [    Test worker] tourGuide.service.TourGuideService       : java.lang.NullPointerException
2021-11-29 23:17:11.205 ERROR 6224 --- [    Test worker] tourGuide.service.TourGuideService       : java.lang.NullPointerException
2021-11-29 23:17:11.206 ERROR 6224 --- [    Test worker] tourGuide.service.TourGuideService       : java.lang.NullPointerException
2021-11-29 23:17:11.206 ERROR 6224 --- [    Test worker] tourGuide.service.TourGuideService       : java.lang.NullPointerException
2021-11-29 23:17:11.206 ERROR 6224 --- [    Test worker] tourGuide.service.TourGuideService       : java.lang.NullPointerException
2021-11-29 23:17:11.206 ERROR 6224 --- [    Test worker] tourGuide.service.TourGuideService       : java.lang.NullPointerException
2021-11-29 23:17:11.206 ERROR 6224 --- [    Test worker] tourGuide.service.TourGuideService       : java.lang.NullPointerException
2021-11-29 23:17:11.206 ERROR 6224 --- [    Test worker] tourGuide.service.TourGuideService       : java.lang.NullPointerException
2021-11-29 23:17:11.206 ERROR 6224 --- [    Test worker] tourGuide.service.TourGuideService       : java.lang.NullPointerException
2021-11-29 23:17:11.206 ERROR 6224 --- [    Test worker] tourGuide.service.TourGuideService       : java.lang.NullPointerException
2021-11-29 23:17:11.206 ERROR 6224 --- [    Test worker] tourGuide.service.TourGuideService       : java.lang.NullPointerException
2021-11-29 23:17:11.206 ERROR 6224 --- [    Test worker] tourGuide.service.TourGuideService       : java.lang.NullPointerException
2021-11-29 23:17:11.206 ERROR 6224 --- [    Test worker] tourGuide.service.TourGuideService       : java.lang.NullPointerException
2021-11-29 23:17:11.206 ERROR 6224 --- [    Test worker] tourGuide.service.TourGuideService       : java.lang.NullPointerException
2021-11-29 23:17:11.206 ERROR 6224 --- [    Test worker] tourGuide.service.TourGuideService       : java.lang.NullPointerException
2021-11-29 23:17:11.206 ERROR 6224 --- [    Test worker] tourGuide.service.TourGuideService       : java.lang.NullPointerException
2021-11-29 23:17:11.206 ERROR 6224 --- [    Test worker] tourGuide.service.TourGuideService       : java.lang.NullPointerException
2021-11-29 23:17:11.206 ERROR 6224 --- [    Test worker] tourGuide.service.TourGuideService       : java.lang.NullPointerException
2021-11-29 23:17:11.207 ERROR 6224 --- [    Test worker] tourGuide.service.TourGuideService       : java.lang.NullPointerException
2021-11-29 23:17:11.207 ERROR 6224 --- [    Test worker] tourGuide.service.TourGuideService       : java.lang.NullPointerException
2021-11-29 23:17:11.207 ERROR 6224 --- [    Test worker] tourGuide.service.TourGuideService       : java.lang.NullPointerException
2021-11-29 23:17:11.207 ERROR 6224 --- [    Test worker] tourGuide.service.TourGuideService       : java.lang.NullPointerException
2021-11-29 23:17:11.207 ERROR 6224 --- [    Test worker] tourGuide.service.TourGuideService       : java.lang.NullPointerException
2021-11-29 23:17:11.207 ERROR 6224 --- [    Test worker] tourGuide.service.TourGuideService       : java.lang.NullPointerException
2021-11-29 23:17:11.207 ERROR 6224 --- [    Test worker] tourGuide.service.TourGuideService       : java.lang.NullPointerException
2021-11-29 23:17:11.207 ERROR 6224 --- [    Test worker] tourGuide.service.TourGuideService       : java.lang.NullPointerException
2021-11-29 23:17:11.207 ERROR 6224 --- [    Test worker] tourGuide.service.TourGuideService       : java.lang.NullPointerException
2021-11-29 23:17:11.207 ERROR 6224 --- [    Test worker] tourGuide.service.TourGuideService       : java.lang.NullPointerException
2021-11-29 23:17:11.207 ERROR 6224 --- [    Test worker] tourGuide.service.TourGuideService       : java.lang.NullPointerException
2021-11-29 23:17:11.207 ERROR 6224 --- [    Test worker] tourGuide.service.TourGuideService       : java.lang.NullPointerException
2021-11-29 23:17:11.207 ERROR 6224 --- [    Test worker] tourGuide.service.TourGuideService       : java.lang.NullPointerException
2021-11-29 23:17:11.207 ERROR 6224 --- [    Test worker] tourGuide.service.TourGuideService       : java.lang.NullPointerException
2021-11-29 23:17:11.207 ERROR 6224 --- [    Test worker] tourGuide.service.TourGuideService       : java.lang.NullPointerException
2021-11-29 23:17:11.207 ERROR 6224 --- [    Test worker] tourGuide.service.TourGuideService       : java.lang.NullPointerException
2021-11-29 23:17:11.207 ERROR 6224 --- [    Test worker] tourGuide.service.TourGuideService       : java.lang.NullPointerException
2021-11-29 23:17:11.207 ERROR 6224 --- [    Test worker] tourGuide.service.TourGuideService       : java.lang.NullPointerException
2021-11-29 23:17:11.208 ERROR 6224 --- [    Test worker] tourGuide.service.TourGuideService       : java.lang.NullPointerException
2021-11-29 23:17:11.208 ERROR 6224 --- [    Test worker] tourGuide.service.TourGuideService       : java.lang.NullPointerException
2021-11-29 23:17:11.208 ERROR 6224 --- [    Test worker] tourGuide.service.TourGuideService       : java.lang.NullPointerException
2021-11-29 23:17:11.208 ERROR 6224 --- [    Test worker] tourGuide.service.TourGuideService       : java.lang.NullPointerException
2021-11-29 23:17:11.208 ERROR 6224 --- [    Test worker] tourGuide.service.TourGuideService       : java.lang.NullPointerException
2021-11-29 23:17:11.208 ERROR 6224 --- [    Test worker] tourGuide.service.TourGuideService       : java.lang.NullPointerException
2021-11-29 23:17:11.208 ERROR 6224 --- [    Test worker] tourGuide.service.TourGuideService       : java.lang.NullPointerException
2021-11-29 23:17:11.208 ERROR 6224 --- [    Test worker] tourGuide.service.TourGuideService       : java.lang.NullPointerException
2021-11-29 23:17:11.208 ERROR 6224 --- [    Test worker] tourGuide.service.TourGuideService       : java.lang.NullPointerException
2021-11-29 23:17:11.208 ERROR 6224 --- [    Test worker] tourGuide.service.TourGuideService       : java.lang.NullPointerException
2021-11-29 23:17:11.208 ERROR 6224 --- [    Test worker] tourGuide.service.TourGuideService       : java.lang.NullPointerException
2021-11-29 23:17:11.208 ERROR 6224 --- [    Test worker] tourGuide.service.TourGuideService       : java.lang.NullPointerException
2021-11-29 23:17:11.209 ERROR 6224 --- [    Test worker] tourGuide.service.TourGuideService       : java.lang.NullPointerException
2021-11-29 23:17:11.209 ERROR 6224 --- [    Test worker] tourGuide.service.TourGuideService       : java.lang.NullPointerException
2021-11-29 23:17:11.209 ERROR 6224 --- [    Test worker] tourGuide.service.TourGuideService       : java.lang.NullPointerException
2021-11-29 23:17:11.209 ERROR 6224 --- [    Test worker] tourGuide.service.TourGuideService       : java.lang.NullPointerException
2021-11-29 23:17:11.209 ERROR 6224 --- [    Test worker] tourGuide.service.TourGuideService       : java.lang.NullPointerException
2021-11-29 23:17:11.209 ERROR 6224 --- [    Test worker] tourGuide.service.TourGuideService       : java.lang.NullPointerException
2021-11-29 23:17:11.209 ERROR 6224 --- [    Test worker] tourGuide.service.TourGuideService       : java.lang.NullPointerException
2021-11-29 23:17:11.209 ERROR 6224 --- [    Test worker] tourGuide.service.TourGuideService       : java.lang.NullPointerException
2021-11-29 23:17:11.209 ERROR 6224 --- [    Test worker] tourGuide.service.TourGuideService       : java.lang.NullPointerException
2021-11-29 23:17:11.209 ERROR 6224 --- [    Test worker] tourGuide.service.TourGuideService       : java.lang.NullPointerException
2021-11-29 23:17:11.209 ERROR 6224 --- [    Test worker] tourGuide.service.TourGuideService       : java.lang.NullPointerException
2021-11-29 23:17:11.209 ERROR 6224 --- [    Test worker] tourGuide.service.TourGuideService       : java.lang.NullPointerException
2021-11-29 23:17:11.209 ERROR 6224 --- [    Test worker] tourGuide.service.TourGuideService       : java.lang.NullPointerException
2021-11-29 23:17:11.209 ERROR 6224 --- [    Test worker] tourGuide.service.TourGuideService       : java.lang.NullPointerException
2021-11-29 23:17:11.209 ERROR 6224 --- [    Test worker] tourGuide.service.TourGuideService       : java.lang.NullPointerException
2021-11-29 23:17:11.210 ERROR 6224 --- [    Test worker] tourGuide.service.TourGuideService       : java.lang.NullPointerException
2021-11-29 23:17:11.210 ERROR 6224 --- [    Test worker] tourGuide.service.TourGuideService       : java.lang.NullPointerException
2021-11-29 23:17:11.210 ERROR 6224 --- [    Test worker] tourGuide.service.TourGuideService       : java.lang.NullPointerException
2021-11-29 23:17:11.210 ERROR 6224 --- [    Test worker] tourGuide.service.TourGuideService       : java.lang.NullPointerException
2021-11-29 23:17:11.210 ERROR 6224 --- [    Test worker] tourGuide.service.TourGuideService       : java.lang.NullPointerException
2021-11-29 23:17:11.210 ERROR 6224 --- [    Test worker] tourGuide.service.TourGuideService       : java.lang.NullPointerException
2021-11-29 23:17:11.210 ERROR 6224 --- [    Test worker] tourGuide.service.TourGuideService       : java.lang.NullPointerException
2021-11-29 23:17:11.210 ERROR 6224 --- [    Test worker] tourGuide.service.TourGuideService       : java.lang.NullPointerException
2021-11-29 23:17:11.210 ERROR 6224 --- [    Test worker] tourGuide.service.TourGuideService       : java.lang.NullPointerException
2021-11-29 23:17:11.210 ERROR 6224 --- [    Test worker] tourGuide.service.TourGuideService       : java.lang.NullPointerException
2021-11-29 23:17:11.210 ERROR 6224 --- [    Test worker] tourGuide.service.TourGuideService       : java.lang.NullPointerException
2021-11-29 23:17:11.210 ERROR 6224 --- [    Test worker] tourGuide.service.TourGuideService       : java.lang.NullPointerException
2021-11-29 23:17:11.210 ERROR 6224 --- [    Test worker] tourGuide.service.TourGuideService       : java.lang.NullPointerException
2021-11-29 23:17:11.210 ERROR 6224 --- [    Test worker] tourGuide.service.TourGuideService       : java.lang.NullPointerException
2021-11-29 23:17:11.210 ERROR 6224 --- [    Test worker] tourGuide.service.TourGuideService       : java.lang.NullPointerException
2021-11-29 23:17:11.210 ERROR 6224 --- [    Test worker] tourGuide.service.TourGuideService       : java.lang.NullPointerException
2021-11-29 23:17:11.211 ERROR 6224 --- [    Test worker] tourGuide.service.TourGuideService       : java.lang.NullPointerException
2021-11-29 23:17:11.211 ERROR 6224 --- [    Test worker] tourGuide.service.TourGuideService       : java.lang.NullPointerException
2021-11-29 23:17:11.211 ERROR 6224 --- [    Test worker] tourGuide.service.TourGuideService       : java.lang.NullPointerException
2021-11-29 23:17:11.211 ERROR 6224 --- [    Test worker] tourGuide.service.TourGuideService       : java.lang.NullPointerException
2021-11-29 23:17:11.211 ERROR 6224 --- [    Test worker] tourGuide.service.TourGuideService       : java.lang.NullPointerException
2021-11-29 23:17:11.211 ERROR 6224 --- [    Test worker] tourGuide.service.TourGuideService       : java.lang.NullPointerException
2021-11-29 23:17:11.211 ERROR 6224 --- [    Test worker] tourGuide.service.TourGuideService       : java.lang.NullPointerException
2021-11-29 23:17:11.211 ERROR 6224 --- [    Test worker] tourGuide.service.TourGuideService       : java.lang.NullPointerException
2021-11-29 23:17:11.211 ERROR 6224 --- [    Test worker] tourGuide.service.TourGuideService       : java.lang.NullPointerException
2021-11-29 23:17:11.212 ERROR 6224 --- [    Test worker] tourGuide.service.TourGuideService       : java.lang.NullPointerException
2021-11-29 23:17:11.212 ERROR 6224 --- [    Test worker] tourGuide.service.TourGuideService       : java.lang.NullPointerException
2021-11-29 23:17:11.212 ERROR 6224 --- [    Test worker] tourGuide.service.TourGuideService       : java.lang.NullPointerException
2021-11-29 23:17:11.212 ERROR 6224 --- [    Test worker] tourGuide.service.TourGuideService       : java.lang.NullPointerException
2021-11-29 23:17:11.212 ERROR 6224 --- [    Test worker] tourGuide.service.TourGuideService       : java.lang.NullPointerException
2021-11-29 23:17:11.212 ERROR 6224 --- [    Test worker] tourGuide.service.TourGuideService       : java.lang.NullPointerException
2021-11-29 23:17:11.212 ERROR 6224 --- [    Test worker] tourGuide.service.TourGuideService       : java.lang.NullPointerException
2021-11-29 23:17:11.212 ERROR 6224 --- [    Test worker] tourGuide.service.TourGuideService       : java.lang.NullPointerException
2021-11-29 23:17:11.212 ERROR 6224 --- [    Test worker] tourGuide.service.TourGuideService       : java.lang.NullPointerException
2021-11-29 23:17:11.216 ERROR 6224 --- [    Test worker] tourGuide.service.TourGuideService       : java.lang.NullPointerException
2021-11-29 23:17:11.217 ERROR 6224 --- [    Test worker] tourGuide.service.TourGuideService       : java.lang.NullPointerException
2021-11-29 23:17:11.217 ERROR 6224 --- [    Test worker] tourGuide.service.TourGuideService       : java.lang.NullPointerException
2021-11-29 23:17:11.217 ERROR 6224 --- [    Test worker] tourGuide.service.TourGuideService       : java.lang.NullPointerException
2021-11-29 23:17:11.217 ERROR 6224 --- [    Test worker] tourGuide.service.TourGuideService       : java.lang.NullPointerException
2021-11-29 23:17:11.217 ERROR 6224 --- [    Test worker] tourGuide.service.TourGuideService       : java.lang.NullPointerException
2021-11-29 23:17:11.217 ERROR 6224 --- [    Test worker] tourGuide.service.TourGuideService       : java.lang.NullPointerException
2021-11-29 23:17:11.218 ERROR 6224 --- [    Test worker] tourGuide.service.TourGuideService       : java.lang.NullPointerException
2021-11-29 23:17:11.218 ERROR 6224 --- [    Test worker] tourGuide.service.TourGuideService       : java.lang.NullPointerException
2021-11-29 23:17:11.218 ERROR 6224 --- [    Test worker] tourGuide.service.TourGuideService       : java.lang.NullPointerException
2021-11-29 23:17:11.218 ERROR 6224 --- [    Test worker] tourGuide.service.TourGuideService       : java.lang.NullPointerException
2021-11-29 23:17:11.218 ERROR 6224 --- [    Test worker] tourGuide.service.TourGuideService       : java.lang.NullPointerException
2021-11-29 23:17:11.218 ERROR 6224 --- [    Test worker] tourGuide.service.TourGuideService       : java.lang.NullPointerException
2021-11-29 23:17:11.218 ERROR 6224 --- [    Test worker] tourGuide.service.TourGuideService       : java.lang.NullPointerException
2021-11-29 23:17:11.218 ERROR 6224 --- [    Test worker] tourGuide.service.TourGuideService       : java.lang.NullPointerException
2021-11-29 23:17:11.218 ERROR 6224 --- [    Test worker] tourGuide.service.TourGuideService       : java.lang.NullPointerException
2021-11-29 23:17:11.218 ERROR 6224 --- [    Test worker] tourGuide.service.TourGuideService       : java.lang.NullPointerException
2021-11-29 23:17:11.218 ERROR 6224 --- [    Test worker] tourGuide.service.TourGuideService       : java.lang.NullPointerException
2021-11-29 23:17:11.218 ERROR 6224 --- [    Test worker] tourGuide.service.TourGuideService       : java.lang.NullPointerException
2021-11-29 23:17:11.218 ERROR 6224 --- [    Test worker] tourGuide.service.TourGuideService       : java.lang.NullPointerException
2021-11-29 23:17:11.218 ERROR 6224 --- [    Test worker] tourGuide.service.TourGuideService       : java.lang.NullPointerException
2021-11-29 23:17:11.218 ERROR 6224 --- [    Test worker] tourGuide.service.TourGuideService       : java.lang.NullPointerException
2021-11-29 23:17:11.219 ERROR 6224 --- [    Test worker] tourGuide.service.TourGuideService       : java.lang.NullPointerException
2021-11-29 23:17:11.219 ERROR 6224 --- [    Test worker] tourGuide.service.TourGuideService       : java.lang.NullPointerException
2021-11-29 23:17:11.219 ERROR 6224 --- [    Test worker] tourGuide.service.TourGuideService       : java.lang.NullPointerException
2021-11-29 23:17:11.219 ERROR 6224 --- [    Test worker] tourGuide.service.TourGuideService       : java.lang.NullPointerException
2021-11-29 23:17:11.219 ERROR 6224 --- [    Test worker] tourGuide.service.TourGuideService       : java.lang.NullPointerException
2021-11-29 23:17:11.219 ERROR 6224 --- [    Test worker] tourGuide.service.TourGuideService       : java.lang.NullPointerException
2021-11-29 23:17:11.219 ERROR 6224 --- [    Test worker] tourGuide.service.TourGuideService       : java.lang.NullPointerException
2021-11-29 23:17:11.219 ERROR 6224 --- [    Test worker] tourGuide.service.TourGuideService       : java.lang.NullPointerException
2021-11-29 23:17:11.219 ERROR 6224 --- [    Test worker] tourGuide.service.TourGuideService       : java.lang.NullPointerException
2021-11-29 23:17:11.220 ERROR 6224 --- [    Test worker] tourGuide.service.TourGuideService       : java.lang.NullPointerException
2021-11-29 23:17:11.220 ERROR 6224 --- [    Test worker] tourGuide.service.TourGuideService       : java.lang.NullPointerException
2021-11-29 23:17:11.220 ERROR 6224 --- [    Test worker] tourGuide.service.TourGuideService       : java.lang.NullPointerException
2021-11-29 23:17:11.220 ERROR 6224 --- [    Test worker] tourGuide.service.TourGuideService       : java.lang.NullPointerException
2021-11-29 23:17:11.220 ERROR 6224 --- [    Test worker] tourGuide.service.TourGuideService       : java.lang.NullPointerException
2021-11-29 23:17:11.220 ERROR 6224 --- [    Test worker] tourGuide.service.TourGuideService       : java.lang.NullPointerException
2021-11-29 23:17:11.220 ERROR 6224 --- [    Test worker] tourGuide.service.TourGuideService       : java.lang.NullPointerException
2021-11-29 23:17:11.220 ERROR 6224 --- [    Test worker] tourGuide.service.TourGuideService       : java.lang.NullPointerException
2021-11-29 23:17:11.221 ERROR 6224 --- [    Test worker] tourGuide.service.TourGuideService       : java.lang.NullPointerException
2021-11-29 23:17:11.221 ERROR 6224 --- [    Test worker] tourGuide.service.TourGuideService       : java.lang.NullPointerException
2021-11-29 23:17:11.221 ERROR 6224 --- [    Test worker] tourGuide.service.TourGuideService       : java.lang.NullPointerException
2021-11-29 23:17:11.221 ERROR 6224 --- [    Test worker] tourGuide.service.TourGuideService       : java.lang.NullPointerException
2021-11-29 23:17:11.221 ERROR 6224 --- [    Test worker] tourGuide.service.TourGuideService       : java.lang.NullPointerException
2021-11-29 23:17:11.221 ERROR 6224 --- [    Test worker] tourGuide.service.TourGuideService       : java.lang.NullPointerException
2021-11-29 23:17:11.221 ERROR 6224 --- [    Test worker] tourGuide.service.TourGuideService       : java.lang.NullPointerException
2021-11-29 23:17:11.221 ERROR 6224 --- [    Test worker] tourGuide.service.TourGuideService       : java.lang.NullPointerException
2021-11-29 23:17:11.221 ERROR 6224 --- [    Test worker] tourGuide.service.TourGuideService       : java.lang.NullPointerException
2021-11-29 23:17:11.221 ERROR 6224 --- [    Test worker] tourGuide.service.TourGuideService       : java.lang.NullPointerException
2021-11-29 23:17:11.221 ERROR 6224 --- [    Test worker] tourGuide.service.TourGuideService       : java.lang.NullPointerException
2021-11-29 23:17:11.221 ERROR 6224 --- [    Test worker] tourGuide.service.TourGuideService       : java.lang.NullPointerException
2021-11-29 23:17:11.221 ERROR 6224 --- [    Test worker] tourGuide.service.TourGuideService       : java.lang.NullPointerException
2021-11-29 23:17:11.222 ERROR 6224 --- [    Test worker] tourGuide.service.TourGuideService       : java.lang.NullPointerException
2021-11-29 23:17:11.222 ERROR 6224 --- [    Test worker] tourGuide.service.TourGuideService       : java.lang.NullPointerException
2021-11-29 23:17:11.223 ERROR 6224 --- [    Test worker] tourGuide.service.TourGuideService       : java.lang.NullPointerException
2021-11-29 23:17:11.223 ERROR 6224 --- [    Test worker] tourGuide.service.TourGuideService       : java.lang.NullPointerException
2021-11-29 23:17:11.223 ERROR 6224 --- [    Test worker] tourGuide.service.TourGuideService       : java.lang.NullPointerException
2021-11-29 23:17:11.223 ERROR 6224 --- [    Test worker] tourGuide.service.TourGuideService       : java.lang.NullPointerException
2021-11-29 23:17:11.223 ERROR 6224 --- [    Test worker] tourGuide.service.TourGuideService       : java.lang.NullPointerException
2021-11-29 23:17:11.223 ERROR 6224 --- [    Test worker] tourGuide.service.TourGuideService       : java.lang.NullPointerException
2021-11-29 23:17:11.223 ERROR 6224 --- [    Test worker] tourGuide.service.TourGuideService       : java.lang.NullPointerException
2021-11-29 23:17:11.223 ERROR 6224 --- [    Test worker] tourGuide.service.TourGuideService       : java.lang.NullPointerException
2021-11-29 23:17:11.223 ERROR 6224 --- [    Test worker] tourGuide.service.TourGuideService       : java.lang.NullPointerException
2021-11-29 23:17:11.223 ERROR 6224 --- [    Test worker] tourGuide.service.TourGuideService       : java.lang.NullPointerException
2021-11-29 23:17:11.223 ERROR 6224 --- [    Test worker] tourGuide.service.TourGuideService       : java.lang.NullPointerException
2021-11-29 23:17:11.224 ERROR 6224 --- [    Test worker] tourGuide.service.TourGuideService       : java.lang.NullPointerException
2021-11-29 23:17:11.225 ERROR 6224 --- [    Test worker] tourGuide.service.TourGuideService       : java.lang.NullPointerException
2021-11-29 23:17:11.225 ERROR 6224 --- [    Test worker] tourGuide.service.TourGuideService       : java.lang.NullPointerException
2021-11-29 23:17:11.225 ERROR 6224 --- [    Test worker] tourGuide.service.TourGuideService       : java.lang.NullPointerException
2021-11-29 23:17:11.225 ERROR 6224 --- [    Test worker] tourGuide.service.TourGuideService       : java.lang.NullPointerException
2021-11-29 23:17:11.225 ERROR 6224 --- [    Test worker] tourGuide.service.TourGuideService       : java.lang.NullPointerException
2021-11-29 23:17:11.225 ERROR 6224 --- [    Test worker] tourGuide.service.TourGuideService       : java.lang.NullPointerException
2021-11-29 23:17:11.225 ERROR 6224 --- [    Test worker] tourGuide.service.TourGuideService       : java.lang.NullPointerException
2021-11-29 23:17:11.225 ERROR 6224 --- [    Test worker] tourGuide.service.TourGuideService       : java.lang.NullPointerException
2021-11-29 23:17:11.225 ERROR 6224 --- [    Test worker] tourGuide.service.TourGuideService       : java.lang.NullPointerException
2021-11-29 23:17:11.225 ERROR 6224 --- [    Test worker] tourGuide.service.TourGuideService       : java.lang.NullPointerException
2021-11-29 23:17:11.225 ERROR 6224 --- [    Test worker] tourGuide.service.TourGuideService       : java.lang.NullPointerException
2021-11-29 23:17:11.225 ERROR 6224 --- [    Test worker] tourGuide.service.TourGuideService       : java.lang.NullPointerException
2021-11-29 23:17:11.225 ERROR 6224 --- [    Test worker] tourGuide.service.TourGuideService       : java.lang.NullPointerException
2021-11-29 23:17:11.225 ERROR 6224 --- [    Test worker] tourGuide.service.TourGuideService       : java.lang.NullPointerException
2021-11-29 23:17:11.225 ERROR 6224 --- [    Test worker] tourGuide.service.TourGuideService       : java.lang.NullPointerException
2021-11-29 23:17:11.226 ERROR 6224 --- [    Test worker] tourGuide.service.TourGuideService       : java.lang.NullPointerException
2021-11-29 23:17:11.226 ERROR 6224 --- [    Test worker] tourGuide.service.TourGuideService       : java.lang.NullPointerException
2021-11-29 23:17:11.226 ERROR 6224 --- [    Test worker] tourGuide.service.TourGuideService       : java.lang.NullPointerException
2021-11-29 23:17:11.226 ERROR 6224 --- [    Test worker] tourGuide.service.TourGuideService       : java.lang.NullPointerException
2021-11-29 23:17:11.226 ERROR 6224 --- [    Test worker] tourGuide.service.TourGuideService       : java.lang.NullPointerException
2021-11-29 23:17:11.226 ERROR 6224 --- [    Test worker] tourGuide.service.TourGuideService       : java.lang.NullPointerException
2021-11-29 23:17:11.226 ERROR 6224 --- [    Test worker] tourGuide.service.TourGuideService       : java.lang.NullPointerException
2021-11-29 23:17:11.226 ERROR 6224 --- [    Test worker] tourGuide.service.TourGuideService       : java.lang.NullPointerException
2021-11-29 23:17:11.226 ERROR 6224 --- [    Test worker] tourGuide.service.TourGuideService       : java.lang.NullPointerException
2021-11-29 23:17:11.226 ERROR 6224 --- [    Test worker] tourGuide.service.TourGuideService       : java.lang.NullPointerException
2021-11-29 23:17:11.226 ERROR 6224 --- [    Test worker] tourGuide.service.TourGuideService       : java.lang.NullPointerException
2021-11-29 23:17:11.226 ERROR 6224 --- [    Test worker] tourGuide.service.TourGuideService       : java.lang.NullPointerException
2021-11-29 23:17:11.226 ERROR 6224 --- [    Test worker] tourGuide.service.TourGuideService       : java.lang.NullPointerException
2021-11-29 23:17:11.226 ERROR 6224 --- [    Test worker] tourGuide.service.TourGuideService       : java.lang.NullPointerException
2021-11-29 23:17:11.226 ERROR 6224 --- [    Test worker] tourGuide.service.TourGuideService       : java.lang.NullPointerException
2021-11-29 23:17:11.226 ERROR 6224 --- [    Test worker] tourGuide.service.TourGuideService       : java.lang.NullPointerException
2021-11-29 23:17:11.226 ERROR 6224 --- [    Test worker] tourGuide.service.TourGuideService       : java.lang.NullPointerException
2021-11-29 23:17:11.226 ERROR 6224 --- [    Test worker] tourGuide.service.TourGuideService       : java.lang.NullPointerException
2021-11-29 23:17:11.226 ERROR 6224 --- [    Test worker] tourGuide.service.TourGuideService       : java.lang.NullPointerException
2021-11-29 23:17:11.226 ERROR 6224 --- [    Test worker] tourGuide.service.TourGuideService       : java.lang.NullPointerException
2021-11-29 23:17:11.226 ERROR 6224 --- [    Test worker] tourGuide.service.TourGuideService       : java.lang.NullPointerException
2021-11-29 23:17:11.226 ERROR 6224 --- [    Test worker] tourGuide.service.TourGuideService       : java.lang.NullPointerException
2021-11-29 23:17:11.226 ERROR 6224 --- [    Test worker] tourGuide.service.TourGuideService       : java.lang.NullPointerException
2021-11-29 23:17:11.226 ERROR 6224 --- [    Test worker] tourGuide.service.TourGuideService       : java.lang.NullPointerException
2021-11-29 23:17:11.227 ERROR 6224 --- [    Test worker] tourGuide.service.TourGuideService       : java.lang.NullPointerException
2021-11-29 23:17:11.227 ERROR 6224 --- [    Test worker] tourGuide.service.TourGuideService       : java.lang.NullPointerException
2021-11-29 23:17:11.227 ERROR 6224 --- [    Test worker] tourGuide.service.TourGuideService       : java.lang.NullPointerException
2021-11-29 23:17:11.227 ERROR 6224 --- [    Test worker] tourGuide.service.TourGuideService       : java.lang.NullPointerException
2021-11-29 23:17:11.227 ERROR 6224 --- [    Test worker] tourGuide.service.TourGuideService       : java.lang.NullPointerException
2021-11-29 23:17:11.227 ERROR 6224 --- [    Test worker] tourGuide.service.TourGuideService       : java.lang.NullPointerException
2021-11-29 23:17:11.227 ERROR 6224 --- [    Test worker] tourGuide.service.TourGuideService       : java.lang.NullPointerException
2021-11-29 23:17:11.227 ERROR 6224 --- [    Test worker] tourGuide.service.TourGuideService       : java.lang.NullPointerException
2021-11-29 23:17:11.227 ERROR 6224 --- [    Test worker] tourGuide.service.TourGuideService       : java.lang.NullPointerException
2021-11-29 23:17:11.227 ERROR 6224 --- [    Test worker] tourGuide.service.TourGuideService       : java.lang.NullPointerException
2021-11-29 23:17:11.227 ERROR 6224 --- [    Test worker] tourGuide.service.TourGuideService       : java.lang.NullPointerException
2021-11-29 23:17:11.227 ERROR 6224 --- [    Test worker] tourGuide.service.TourGuideService       : java.lang.NullPointerException
2021-11-29 23:17:11.227 ERROR 6224 --- [    Test worker] tourGuide.service.TourGuideService       : java.lang.NullPointerException
2021-11-29 23:17:11.227 ERROR 6224 --- [    Test worker] tourGuide.service.TourGuideService       : java.lang.NullPointerException
2021-11-29 23:17:11.227 ERROR 6224 --- [    Test worker] tourGuide.service.TourGuideService       : java.lang.NullPointerException
2021-11-29 23:17:11.227 ERROR 6224 --- [    Test worker] tourGuide.service.TourGuideService       : java.lang.NullPointerException
2021-11-29 23:17:11.227 ERROR 6224 --- [    Test worker] tourGuide.service.TourGuideService       : java.lang.NullPointerException
2021-11-29 23:17:11.227 ERROR 6224 --- [    Test worker] tourGuide.service.TourGuideService       : java.lang.NullPointerException
2021-11-29 23:17:11.227 ERROR 6224 --- [    Test worker] tourGuide.service.TourGuideService       : java.lang.NullPointerException
2021-11-29 23:17:11.227 ERROR 6224 --- [    Test worker] tourGuide.service.TourGuideService       : java.lang.NullPointerException
2021-11-29 23:17:11.227 ERROR 6224 --- [    Test worker] tourGuide.service.TourGuideService       : java.lang.NullPointerException
2021-11-29 23:17:11.227 ERROR 6224 --- [    Test worker] tourGuide.service.TourGuideService       : java.lang.NullPointerException
2021-11-29 23:17:11.227 ERROR 6224 --- [    Test worker] tourGuide.service.TourGuideService       : java.lang.NullPointerException
2021-11-29 23:17:11.227 ERROR 6224 --- [    Test worker] tourGuide.service.TourGuideService       : java.lang.NullPointerException
2021-11-29 23:17:11.227 ERROR 6224 --- [    Test worker] tourGuide.service.TourGuideService       : java.lang.NullPointerException
2021-11-29 23:17:11.227 ERROR 6224 --- [    Test worker] tourGuide.service.TourGuideService       : java.lang.NullPointerException
2021-11-29 23:17:11.228 ERROR 6224 --- [    Test worker] tourGuide.service.TourGuideService       : java.lang.NullPointerException
2021-11-29 23:17:11.228 ERROR 6224 --- [    Test worker] tourGuide.service.TourGuideService       : java.lang.NullPointerException
2021-11-29 23:17:11.228 ERROR 6224 --- [    Test worker] tourGuide.service.TourGuideService       : java.lang.NullPointerException
2021-11-29 23:17:11.228 ERROR 6224 --- [    Test worker] tourGuide.service.TourGuideService       : java.lang.NullPointerException
2021-11-29 23:17:11.228 ERROR 6224 --- [    Test worker] tourGuide.service.TourGuideService       : java.lang.NullPointerException
2021-11-29 23:17:11.228 ERROR 6224 --- [    Test worker] tourGuide.service.TourGuideService       : java.lang.NullPointerException
2021-11-29 23:17:11.228 ERROR 6224 --- [    Test worker] tourGuide.service.TourGuideService       : java.lang.NullPointerException
2021-11-29 23:17:11.228 ERROR 6224 --- [    Test worker] tourGuide.service.TourGuideService       : java.lang.NullPointerException
2021-11-29 23:17:11.228 ERROR 6224 --- [    Test worker] tourGuide.service.TourGuideService       : java.lang.NullPointerException
2021-11-29 23:17:11.228 ERROR 6224 --- [    Test worker] tourGuide.service.TourGuideService       : java.lang.NullPointerException
2021-11-29 23:17:11.228 ERROR 6224 --- [    Test worker] tourGuide.service.TourGuideService       : java.lang.NullPointerException
2021-11-29 23:17:11.228 ERROR 6224 --- [    Test worker] tourGuide.service.TourGuideService       : java.lang.NullPointerException
2021-11-29 23:17:11.228 ERROR 6224 --- [    Test worker] tourGuide.service.TourGuideService       : java.lang.NullPointerException
2021-11-29 23:17:11.228 ERROR 6224 --- [    Test worker] tourGuide.service.TourGuideService       : java.lang.NullPointerException
2021-11-29 23:17:11.228 ERROR 6224 --- [    Test worker] tourGuide.service.TourGuideService       : java.lang.NullPointerException
2021-11-29 23:17:11.228 ERROR 6224 --- [    Test worker] tourGuide.service.TourGuideService       : java.lang.NullPointerException
2021-11-29 23:17:11.228 ERROR 6224 --- [    Test worker] tourGuide.service.TourGuideService       : java.lang.NullPointerException
2021-11-29 23:17:11.228 ERROR 6224 --- [    Test worker] tourGuide.service.TourGuideService       : java.lang.NullPointerException
2021-11-29 23:17:11.228 ERROR 6224 --- [    Test worker] tourGuide.service.TourGuideService       : java.lang.NullPointerException
2021-11-29 23:17:11.229 ERROR 6224 --- [    Test worker] tourGuide.service.TourGuideService       : java.lang.NullPointerException
2021-11-29 23:17:11.229 ERROR 6224 --- [    Test worker] tourGuide.service.TourGuideService       : java.lang.NullPointerException
2021-11-29 23:17:11.229 ERROR 6224 --- [    Test worker] tourGuide.service.TourGuideService       : java.lang.NullPointerException
2021-11-29 23:17:11.229 ERROR 6224 --- [    Test worker] tourGuide.service.TourGuideService       : java.lang.NullPointerException
2021-11-29 23:17:11.229 ERROR 6224 --- [    Test worker] tourGuide.service.TourGuideService       : java.lang.NullPointerException
2021-11-29 23:17:11.229 ERROR 6224 --- [    Test worker] tourGuide.service.TourGuideService       : java.lang.NullPointerException
2021-11-29 23:17:11.229 ERROR 6224 --- [    Test worker] tourGuide.service.TourGuideService       : java.lang.NullPointerException
2021-11-29 23:17:11.229 ERROR 6224 --- [    Test worker] tourGuide.service.TourGuideService       : java.lang.NullPointerException
2021-11-29 23:17:11.229 ERROR 6224 --- [    Test worker] tourGuide.service.TourGuideService       : java.lang.NullPointerException
2021-11-29 23:17:11.229 ERROR 6224 --- [    Test worker] tourGuide.service.TourGuideService       : java.lang.NullPointerException
2021-11-29 23:17:11.229 ERROR 6224 --- [    Test worker] tourGuide.service.TourGuideService       : java.lang.NullPointerException
2021-11-29 23:17:11.229 ERROR 6224 --- [    Test worker] tourGuide.service.TourGuideService       : java.lang.NullPointerException
2021-11-29 23:17:11.229 ERROR 6224 --- [    Test worker] tourGuide.service.TourGuideService       : java.lang.NullPointerException
2021-11-29 23:17:11.229 ERROR 6224 --- [    Test worker] tourGuide.service.TourGuideService       : java.lang.NullPointerException
2021-11-29 23:17:11.229 ERROR 6224 --- [    Test worker] tourGuide.service.TourGuideService       : java.lang.NullPointerException
2021-11-29 23:17:11.229 ERROR 6224 --- [    Test worker] tourGuide.service.TourGuideService       : java.lang.NullPointerException
2021-11-29 23:17:11.229 ERROR 6224 --- [    Test worker] tourGuide.service.TourGuideService       : java.lang.NullPointerException
2021-11-29 23:17:11.229 ERROR 6224 --- [    Test worker] tourGuide.service.TourGuideService       : java.lang.NullPointerException
2021-11-29 23:17:11.229 ERROR 6224 --- [    Test worker] tourGuide.service.TourGuideService       : java.lang.NullPointerException
2021-11-29 23:17:11.229 ERROR 6224 --- [    Test worker] tourGuide.service.TourGuideService       : java.lang.NullPointerException
2021-11-29 23:17:11.229 ERROR 6224 --- [    Test worker] tourGuide.service.TourGuideService       : java.lang.NullPointerException
2021-11-29 23:17:11.230 ERROR 6224 --- [    Test worker] tourGuide.service.TourGuideService       : java.lang.NullPointerException
2021-11-29 23:17:11.230 ERROR 6224 --- [    Test worker] tourGuide.service.TourGuideService       : java.lang.NullPointerException
2021-11-29 23:17:11.230 ERROR 6224 --- [    Test worker] tourGuide.service.TourGuideService       : java.lang.NullPointerException
2021-11-29 23:17:11.230 ERROR 6224 --- [    Test worker] tourGuide.service.TourGuideService       : java.lang.NullPointerException
2021-11-29 23:17:11.231 ERROR 6224 --- [    Test worker] tourGuide.service.TourGuideService       : java.lang.NullPointerException
2021-11-29 23:17:11.231 ERROR 6224 --- [    Test worker] tourGuide.service.TourGuideService       : java.lang.NullPointerException
2021-11-29 23:17:11.231 ERROR 6224 --- [    Test worker] tourGuide.service.TourGuideService       : java.lang.NullPointerException
2021-11-29 23:17:11.231 ERROR 6224 --- [    Test worker] tourGuide.service.TourGuideService       : java.lang.NullPointerException
2021-11-29 23:17:11.231 ERROR 6224 --- [    Test worker] tourGuide.service.TourGuideService       : java.lang.NullPointerException
2021-11-29 23:17:11.231 ERROR 6224 --- [    Test worker] tourGuide.service.TourGuideService       : java.lang.NullPointerException
2021-11-29 23:17:11.231 ERROR 6224 --- [    Test worker] tourGuide.service.TourGuideService       : java.lang.NullPointerException
2021-11-29 23:17:11.231 ERROR 6224 --- [    Test worker] tourGuide.service.TourGuideService       : java.lang.NullPointerException
2021-11-29 23:17:11.231 ERROR 6224 --- [    Test worker] tourGuide.service.TourGuideService       : java.lang.NullPointerException
2021-11-29 23:17:11.231 ERROR 6224 --- [    Test worker] tourGuide.service.TourGuideService       : java.lang.NullPointerException
2021-11-29 23:17:11.231 ERROR 6224 --- [    Test worker] tourGuide.service.TourGuideService       : java.lang.NullPointerException
2021-11-29 23:17:11.231 ERROR 6224 --- [    Test worker] tourGuide.service.TourGuideService       : java.lang.NullPointerException
2021-11-29 23:17:11.231 ERROR 6224 --- [    Test worker] tourGuide.service.TourGuideService       : java.lang.NullPointerException
2021-11-29 23:17:11.231 ERROR 6224 --- [    Test worker] tourGuide.service.TourGuideService       : java.lang.NullPointerException
2021-11-29 23:17:11.231 ERROR 6224 --- [    Test worker] tourGuide.service.TourGuideService       : java.lang.NullPointerException
2021-11-29 23:17:11.231 ERROR 6224 --- [    Test worker] tourGuide.service.TourGuideService       : java.lang.NullPointerException
2021-11-29 23:17:11.231 ERROR 6224 --- [    Test worker] tourGuide.service.TourGuideService       : java.lang.NullPointerException
2021-11-29 23:17:11.231 ERROR 6224 --- [    Test worker] tourGuide.service.TourGuideService       : java.lang.NullPointerException
2021-11-29 23:17:11.231 ERROR 6224 --- [    Test worker] tourGuide.service.TourGuideService       : java.lang.NullPointerException
2021-11-29 23:17:11.231 ERROR 6224 --- [    Test worker] tourGuide.service.TourGuideService       : java.lang.NullPointerException
2021-11-29 23:17:11.231 ERROR 6224 --- [    Test worker] tourGuide.service.TourGuideService       : java.lang.NullPointerException
2021-11-29 23:17:11.231 ERROR 6224 --- [    Test worker] tourGuide.service.TourGuideService       : java.lang.NullPointerException
2021-11-29 23:17:11.232 ERROR 6224 --- [    Test worker] tourGuide.service.TourGuideService       : java.lang.NullPointerException
2021-11-29 23:17:11.232 ERROR 6224 --- [    Test worker] tourGuide.service.TourGuideService       : java.lang.NullPointerException
2021-11-29 23:17:11.232 ERROR 6224 --- [    Test worker] tourGuide.service.TourGuideService       : java.lang.NullPointerException
2021-11-29 23:17:11.232 ERROR 6224 --- [    Test worker] tourGuide.service.TourGuideService       : java.lang.NullPointerException
2021-11-29 23:17:11.232 ERROR 6224 --- [    Test worker] tourGuide.service.TourGuideService       : java.lang.NullPointerException
2021-11-29 23:17:11.232 ERROR 6224 --- [    Test worker] tourGuide.service.TourGuideService       : java.lang.NullPointerException
2021-11-29 23:17:11.232 ERROR 6224 --- [    Test worker] tourGuide.service.TourGuideService       : java.lang.NullPointerException
2021-11-29 23:17:11.232 ERROR 6224 --- [    Test worker] tourGuide.service.TourGuideService       : java.lang.NullPointerException
2021-11-29 23:17:11.232 ERROR 6224 --- [    Test worker] tourGuide.service.TourGuideService       : java.lang.NullPointerException
2021-11-29 23:17:11.232 ERROR 6224 --- [    Test worker] tourGuide.service.TourGuideService       : java.lang.NullPointerException
2021-11-29 23:17:11.232 ERROR 6224 --- [    Test worker] tourGuide.service.TourGuideService       : java.lang.NullPointerException
2021-11-29 23:17:11.232 ERROR 6224 --- [    Test worker] tourGuide.service.TourGuideService       : java.lang.NullPointerException
2021-11-29 23:17:11.232 ERROR 6224 --- [    Test worker] tourGuide.service.TourGuideService       : java.lang.NullPointerException
2021-11-29 23:17:11.232 ERROR 6224 --- [    Test worker] tourGuide.service.TourGuideService       : java.lang.NullPointerException
2021-11-29 23:17:11.233 ERROR 6224 --- [    Test worker] tourGuide.service.TourGuideService       : java.lang.NullPointerException
2021-11-29 23:17:11.233 ERROR 6224 --- [    Test worker] tourGuide.service.TourGuideService       : java.lang.NullPointerException
2021-11-29 23:17:11.233 ERROR 6224 --- [    Test worker] tourGuide.service.TourGuideService       : java.lang.NullPointerException
2021-11-29 23:17:11.233 ERROR 6224 --- [    Test worker] tourGuide.service.TourGuideService       : java.lang.NullPointerException
2021-11-29 23:17:11.233 ERROR 6224 --- [    Test worker] tourGuide.service.TourGuideService       : java.lang.NullPointerException
2021-11-29 23:17:11.233 ERROR 6224 --- [    Test worker] tourGuide.service.TourGuideService       : java.lang.NullPointerException
2021-11-29 23:17:11.233 ERROR 6224 --- [    Test worker] tourGuide.service.TourGuideService       : java.lang.NullPointerException
2021-11-29 23:17:11.233 ERROR 6224 --- [    Test worker] tourGuide.service.TourGuideService       : java.lang.NullPointerException
2021-11-29 23:17:11.233 ERROR 6224 --- [    Test worker] tourGuide.service.TourGuideService       : java.lang.NullPointerException
2021-11-29 23:17:11.233 ERROR 6224 --- [    Test worker] tourGuide.service.TourGuideService       : java.lang.NullPointerException
2021-11-29 23:17:11.233 ERROR 6224 --- [    Test worker] tourGuide.service.TourGuideService       : java.lang.NullPointerException
2021-11-29 23:17:11.233 ERROR 6224 --- [    Test worker] tourGuide.service.TourGuideService       : java.lang.NullPointerException
2021-11-29 23:17:11.233 ERROR 6224 --- [    Test worker] tourGuide.service.TourGuideService       : java.lang.NullPointerException
2021-11-29 23:17:11.233 ERROR 6224 --- [    Test worker] tourGuide.service.TourGuideService       : java.lang.NullPointerException
2021-11-29 23:17:11.233 ERROR 6224 --- [    Test worker] tourGuide.service.TourGuideService       : java.lang.NullPointerException
2021-11-29 23:17:11.233 ERROR 6224 --- [    Test worker] tourGuide.service.TourGuideService       : java.lang.NullPointerException
2021-11-29 23:17:11.233 ERROR 6224 --- [    Test worker] tourGuide.service.TourGuideService       : java.lang.NullPointerException
2021-11-29 23:17:11.234 ERROR 6224 --- [    Test worker] tourGuide.service.TourGuideService       : java.lang.NullPointerException
2021-11-29 23:17:11.234 ERROR 6224 --- [    Test worker] tourGuide.service.TourGuideService       : java.lang.NullPointerException
2021-11-29 23:17:11.234 ERROR 6224 --- [    Test worker] tourGuide.service.TourGuideService       : java.lang.NullPointerException
2021-11-29 23:17:11.234 ERROR 6224 --- [    Test worker] tourGuide.service.TourGuideService       : java.lang.NullPointerException
2021-11-29 23:17:11.234 ERROR 6224 --- [    Test worker] tourGuide.service.TourGuideService       : java.lang.NullPointerException
2021-11-29 23:17:11.234 ERROR 6224 --- [    Test worker] tourGuide.service.TourGuideService       : java.lang.NullPointerException
2021-11-29 23:17:11.234 ERROR 6224 --- [    Test worker] tourGuide.service.TourGuideService       : java.lang.NullPointerException
2021-11-29 23:17:11.234 ERROR 6224 --- [    Test worker] tourGuide.service.TourGuideService       : java.lang.NullPointerException
2021-11-29 23:17:11.234 ERROR 6224 --- [    Test worker] tourGuide.service.TourGuideService       : java.lang.NullPointerException
2021-11-29 23:17:11.234 ERROR 6224 --- [    Test worker] tourGuide.service.TourGuideService       : java.lang.NullPointerException
2021-11-29 23:17:11.234 ERROR 6224 --- [    Test worker] tourGuide.service.TourGuideService       : java.lang.NullPointerException
2021-11-29 23:17:11.234 ERROR 6224 --- [    Test worker] tourGuide.service.TourGuideService       : java.lang.NullPointerException
2021-11-29 23:17:11.234 ERROR 6224 --- [    Test worker] tourGuide.service.TourGuideService       : java.lang.NullPointerException
2021-11-29 23:17:11.235 ERROR 6224 --- [    Test worker] tourGuide.service.TourGuideService       : java.lang.NullPointerException
2021-11-29 23:17:11.235 ERROR 6224 --- [    Test worker] tourGuide.service.TourGuideService       : java.lang.NullPointerException
2021-11-29 23:17:11.235 ERROR 6224 --- [    Test worker] tourGuide.service.TourGuideService       : java.lang.NullPointerException
2021-11-29 23:17:11.235 ERROR 6224 --- [    Test worker] tourGuide.service.TourGuideService       : java.lang.NullPointerException
2021-11-29 23:17:11.235 ERROR 6224 --- [    Test worker] tourGuide.service.TourGuideService       : java.lang.NullPointerException
2021-11-29 23:17:11.235 ERROR 6224 --- [    Test worker] tourGuide.service.TourGuideService       : java.lang.NullPointerException
2021-11-29 23:17:11.235 ERROR 6224 --- [    Test worker] tourGuide.service.TourGuideService       : java.lang.NullPointerException
2021-11-29 23:17:11.235 ERROR 6224 --- [    Test worker] tourGuide.service.TourGuideService       : java.lang.NullPointerException
2021-11-29 23:17:11.239 ERROR 6224 --- [    Test worker] tourGuide.service.TourGuideService       : java.lang.NullPointerException
2021-11-29 23:17:11.240 ERROR 6224 --- [    Test worker] tourGuide.service.TourGuideService       : java.lang.NullPointerException
2021-11-29 23:17:11.240 ERROR 6224 --- [    Test worker] tourGuide.service.TourGuideService       : java.lang.NullPointerException
2021-11-29 23:17:11.240 ERROR 6224 --- [    Test worker] tourGuide.service.TourGuideService       : java.lang.NullPointerException
2021-11-29 23:17:11.240 ERROR 6224 --- [    Test worker] tourGuide.service.TourGuideService       : java.lang.NullPointerException
2021-11-29 23:17:11.240 ERROR 6224 --- [    Test worker] tourGuide.service.TourGuideService       : java.lang.NullPointerException
2021-11-29 23:17:11.240 ERROR 6224 --- [    Test worker] tourGuide.service.TourGuideService       : java.lang.NullPointerException
2021-11-29 23:17:11.240 ERROR 6224 --- [    Test worker] tourGuide.service.TourGuideService       : java.lang.NullPointerException
2021-11-29 23:17:11.240 ERROR 6224 --- [    Test worker] tourGuide.service.TourGuideService       : java.lang.NullPointerException
2021-11-29 23:17:11.240 ERROR 6224 --- [    Test worker] tourGuide.service.TourGuideService       : java.lang.NullPointerException
2021-11-29 23:17:11.241 ERROR 6224 --- [    Test worker] tourGuide.service.TourGuideService       : java.lang.NullPointerException
2021-11-29 23:17:11.241 ERROR 6224 --- [    Test worker] tourGuide.service.TourGuideService       : java.lang.NullPointerException
2021-11-29 23:17:11.241 ERROR 6224 --- [    Test worker] tourGuide.service.TourGuideService       : java.lang.NullPointerException
2021-11-29 23:17:11.241 ERROR 6224 --- [    Test worker] tourGuide.service.TourGuideService       : java.lang.NullPointerException
2021-11-29 23:17:11.241 ERROR 6224 --- [    Test worker] tourGuide.service.TourGuideService       : java.lang.NullPointerException
2021-11-29 23:17:11.241 ERROR 6224 --- [    Test worker] tourGuide.service.TourGuideService       : java.lang.NullPointerException
2021-11-29 23:17:11.241 ERROR 6224 --- [    Test worker] tourGuide.service.TourGuideService       : java.lang.NullPointerException
2021-11-29 23:17:11.241 ERROR 6224 --- [    Test worker] tourGuide.service.TourGuideService       : java.lang.NullPointerException
2021-11-29 23:17:11.242 ERROR 6224 --- [    Test worker] tourGuide.service.TourGuideService       : java.lang.NullPointerException
2021-11-29 23:17:11.242 ERROR 6224 --- [    Test worker] tourGuide.service.TourGuideService       : java.lang.NullPointerException
2021-11-29 23:17:11.242 ERROR 6224 --- [    Test worker] tourGuide.service.TourGuideService       : java.lang.NullPointerException
2021-11-29 23:17:11.242 ERROR 6224 --- [    Test worker] tourGuide.service.TourGuideService       : java.lang.NullPointerException
2021-11-29 23:17:11.242 ERROR 6224 --- [    Test worker] tourGuide.service.TourGuideService       : java.lang.NullPointerException
2021-11-29 23:17:11.242 ERROR 6224 --- [    Test worker] tourGuide.service.TourGuideService       : java.lang.NullPointerException
2021-11-29 23:17:11.242 ERROR 6224 --- [    Test worker] tourGuide.service.TourGuideService       : java.lang.NullPointerException
2021-11-29 23:17:11.242 ERROR 6224 --- [    Test worker] tourGuide.service.TourGuideService       : java.lang.NullPointerException
2021-11-29 23:17:11.242 ERROR 6224 --- [    Test worker] tourGuide.service.TourGuideService       : java.lang.NullPointerException
2021-11-29 23:17:11.242 ERROR 6224 --- [    Test worker] tourGuide.service.TourGuideService       : java.lang.NullPointerException
2021-11-29 23:17:11.242 ERROR 6224 --- [    Test worker] tourGuide.service.TourGuideService       : java.lang.NullPointerException
2021-11-29 23:17:11.242 ERROR 6224 --- [    Test worker] tourGuide.service.TourGuideService       : java.lang.NullPointerException
2021-11-29 23:17:11.242 ERROR 6224 --- [    Test worker] tourGuide.service.TourGuideService       : java.lang.NullPointerException
2021-11-29 23:17:11.243 ERROR 6224 --- [    Test worker] tourGuide.service.TourGuideService       : java.lang.NullPointerException
2021-11-29 23:17:11.243 ERROR 6224 --- [    Test worker] tourGuide.service.TourGuideService       : java.lang.NullPointerException
2021-11-29 23:17:11.243 ERROR 6224 --- [    Test worker] tourGuide.service.TourGuideService       : java.lang.NullPointerException
2021-11-29 23:17:11.243 ERROR 6224 --- [    Test worker] tourGuide.service.TourGuideService       : java.lang.NullPointerException
2021-11-29 23:17:11.243 ERROR 6224 --- [    Test worker] tourGuide.service.TourGuideService       : java.lang.NullPointerException
2021-11-29 23:17:11.243 ERROR 6224 --- [    Test worker] tourGuide.service.TourGuideService       : java.lang.NullPointerException
2021-11-29 23:17:11.243 ERROR 6224 --- [    Test worker] tourGuide.service.TourGuideService       : java.lang.NullPointerException
2021-11-29 23:17:11.243 ERROR 6224 --- [    Test worker] tourGuide.service.TourGuideService       : java.lang.NullPointerException
2021-11-29 23:17:11.243 ERROR 6224 --- [    Test worker] tourGuide.service.TourGuideService       : java.lang.NullPointerException
2021-11-29 23:17:11.243 ERROR 6224 --- [    Test worker] tourGuide.service.TourGuideService       : java.lang.NullPointerException
2021-11-29 23:17:11.243 ERROR 6224 --- [    Test worker] tourGuide.service.TourGuideService       : java.lang.NullPointerException
2021-11-29 23:17:11.243 ERROR 6224 --- [    Test worker] tourGuide.service.TourGuideService       : java.lang.NullPointerException
2021-11-29 23:17:11.243 ERROR 6224 --- [    Test worker] tourGuide.service.TourGuideService       : java.lang.NullPointerException
2021-11-29 23:17:11.243 ERROR 6224 --- [    Test worker] tourGuide.service.TourGuideService       : java.lang.NullPointerException
2021-11-29 23:17:11.244 ERROR 6224 --- [    Test worker] tourGuide.service.TourGuideService       : java.lang.NullPointerException
2021-11-29 23:17:11.244 ERROR 6224 --- [    Test worker] tourGuide.service.TourGuideService       : java.lang.NullPointerException
2021-11-29 23:17:11.244 ERROR 6224 --- [    Test worker] tourGuide.service.TourGuideService       : java.lang.NullPointerException
2021-11-29 23:17:11.244 ERROR 6224 --- [    Test worker] tourGuide.service.TourGuideService       : java.lang.NullPointerException
2021-11-29 23:17:11.244 ERROR 6224 --- [    Test worker] tourGuide.service.TourGuideService       : java.lang.NullPointerException
2021-11-29 23:17:11.244 ERROR 6224 --- [    Test worker] tourGuide.service.TourGuideService       : java.lang.NullPointerException
2021-11-29 23:17:11.244 ERROR 6224 --- [    Test worker] tourGuide.service.TourGuideService       : java.lang.NullPointerException
2021-11-29 23:17:11.244 ERROR 6224 --- [    Test worker] tourGuide.service.TourGuideService       : java.lang.NullPointerException
2021-11-29 23:17:11.244 ERROR 6224 --- [    Test worker] tourGuide.service.TourGuideService       : java.lang.NullPointerException
2021-11-29 23:17:11.244 ERROR 6224 --- [    Test worker] tourGuide.service.TourGuideService       : java.lang.NullPointerException
2021-11-29 23:17:11.244 ERROR 6224 --- [    Test worker] tourGuide.service.TourGuideService       : java.lang.NullPointerException
2021-11-29 23:17:11.244 ERROR 6224 --- [    Test worker] tourGuide.service.TourGuideService       : java.lang.NullPointerException
2021-11-29 23:17:11.244 ERROR 6224 --- [    Test worker] tourGuide.service.TourGuideService       : java.lang.NullPointerException
2021-11-29 23:17:11.244 ERROR 6224 --- [    Test worker] tourGuide.service.TourGuideService       : java.lang.NullPointerException
2021-11-29 23:17:11.244 ERROR 6224 --- [    Test worker] tourGuide.service.TourGuideService       : java.lang.NullPointerException
2021-11-29 23:17:11.244 ERROR 6224 --- [    Test worker] tourGuide.service.TourGuideService       : java.lang.NullPointerException
2021-11-29 23:17:11.245 ERROR 6224 --- [    Test worker] tourGuide.service.TourGuideService       : java.lang.NullPointerException
2021-11-29 23:17:11.245 ERROR 6224 --- [    Test worker] tourGuide.service.TourGuideService       : java.lang.NullPointerException
2021-11-29 23:17:11.245 ERROR 6224 --- [    Test worker] tourGuide.service.TourGuideService       : java.lang.NullPointerException
2021-11-29 23:17:11.245 ERROR 6224 --- [    Test worker] tourGuide.service.TourGuideService       : java.lang.NullPointerException
2021-11-29 23:17:11.245 ERROR 6224 --- [    Test worker] tourGuide.service.TourGuideService       : java.lang.NullPointerException
2021-11-29 23:17:11.245 ERROR 6224 --- [    Test worker] tourGuide.service.TourGuideService       : java.lang.NullPointerException
2021-11-29 23:17:11.245 ERROR 6224 --- [    Test worker] tourGuide.service.TourGuideService       : java.lang.NullPointerException
2021-11-29 23:17:11.245 ERROR 6224 --- [    Test worker] tourGuide.service.TourGuideService       : java.lang.NullPointerException
2021-11-29 23:17:11.245 ERROR 6224 --- [    Test worker] tourGuide.service.TourGuideService       : java.lang.NullPointerException
2021-11-29 23:17:11.245 ERROR 6224 --- [    Test worker] tourGuide.service.TourGuideService       : java.lang.NullPointerException
2021-11-29 23:17:11.245 ERROR 6224 --- [    Test worker] tourGuide.service.TourGuideService       : java.lang.NullPointerException
2021-11-29 23:17:11.245 ERROR 6224 --- [    Test worker] tourGuide.service.TourGuideService       : java.lang.NullPointerException
2021-11-29 23:17:11.245 ERROR 6224 --- [    Test worker] tourGuide.service.TourGuideService       : java.lang.NullPointerException
2021-11-29 23:17:11.245 ERROR 6224 --- [    Test worker] tourGuide.service.TourGuideService       : java.lang.NullPointerException
2021-11-29 23:17:11.245 ERROR 6224 --- [    Test worker] tourGuide.service.TourGuideService       : java.lang.NullPointerException
2021-11-29 23:17:11.245 ERROR 6224 --- [    Test worker] tourGuide.service.TourGuideService       : java.lang.NullPointerException
2021-11-29 23:17:11.245 ERROR 6224 --- [    Test worker] tourGuide.service.TourGuideService       : java.lang.NullPointerException
2021-11-29 23:17:11.245 ERROR 6224 --- [    Test worker] tourGuide.service.TourGuideService       : java.lang.NullPointerException
2021-11-29 23:17:11.245 ERROR 6224 --- [    Test worker] tourGuide.service.TourGuideService       : java.lang.NullPointerException
2021-11-29 23:17:11.245 ERROR 6224 --- [    Test worker] tourGuide.service.TourGuideService       : java.lang.NullPointerException
2021-11-29 23:17:11.245 ERROR 6224 --- [    Test worker] tourGuide.service.TourGuideService       : java.lang.NullPointerException
2021-11-29 23:17:11.245 ERROR 6224 --- [    Test worker] tourGuide.service.TourGuideService       : java.lang.NullPointerException
2021-11-29 23:17:11.245 ERROR 6224 --- [    Test worker] tourGuide.service.TourGuideService       : java.lang.NullPointerException
2021-11-29 23:17:11.246 ERROR 6224 --- [    Test worker] tourGuide.service.TourGuideService       : java.lang.NullPointerException
2021-11-29 23:17:11.246 ERROR 6224 --- [    Test worker] tourGuide.service.TourGuideService       : java.lang.NullPointerException
2021-11-29 23:17:11.246 ERROR 6224 --- [    Test worker] tourGuide.service.TourGuideService       : java.lang.NullPointerException
2021-11-29 23:17:11.246 ERROR 6224 --- [    Test worker] tourGuide.service.TourGuideService       : java.lang.NullPointerException
2021-11-29 23:17:11.246 ERROR 6224 --- [    Test worker] tourGuide.service.TourGuideService       : java.lang.NullPointerException
2021-11-29 23:17:11.246 ERROR 6224 --- [    Test worker] tourGuide.service.TourGuideService       : java.lang.NullPointerException
2021-11-29 23:17:11.246 ERROR 6224 --- [    Test worker] tourGuide.service.TourGuideService       : java.lang.NullPointerException
2021-11-29 23:17:11.246 ERROR 6224 --- [    Test worker] tourGuide.service.TourGuideService       : java.lang.NullPointerException
2021-11-29 23:17:11.246 ERROR 6224 --- [    Test worker] tourGuide.service.TourGuideService       : java.lang.NullPointerException
2021-11-29 23:17:11.246 ERROR 6224 --- [    Test worker] tourGuide.service.TourGuideService       : java.lang.NullPointerException
2021-11-29 23:17:11.246 ERROR 6224 --- [    Test worker] tourGuide.service.TourGuideService       : java.lang.NullPointerException
2021-11-29 23:17:11.246 ERROR 6224 --- [    Test worker] tourGuide.service.TourGuideService       : java.lang.NullPointerException
2021-11-29 23:17:11.246 ERROR 6224 --- [    Test worker] tourGuide.service.TourGuideService       : java.lang.NullPointerException
2021-11-29 23:17:11.246 ERROR 6224 --- [    Test worker] tourGuide.service.TourGuideService       : java.lang.NullPointerException
2021-11-29 23:17:11.246 ERROR 6224 --- [    Test worker] tourGuide.service.TourGuideService       : java.lang.NullPointerException
2021-11-29 23:17:11.246 ERROR 6224 --- [    Test worker] tourGuide.service.TourGuideService       : java.lang.NullPointerException
2021-11-29 23:17:11.246 ERROR 6224 --- [    Test worker] tourGuide.service.TourGuideService       : java.lang.NullPointerException
2021-11-29 23:17:11.246 ERROR 6224 --- [    Test worker] tourGuide.service.TourGuideService       : java.lang.NullPointerException
2021-11-29 23:17:11.246 ERROR 6224 --- [    Test worker] tourGuide.service.TourGuideService       : java.lang.NullPointerException
2021-11-29 23:17:11.246 ERROR 6224 --- [    Test worker] tourGuide.service.TourGuideService       : java.lang.NullPointerException
2021-11-29 23:17:11.246 ERROR 6224 --- [    Test worker] tourGuide.service.TourGuideService       : java.lang.NullPointerException
2021-11-29 23:17:11.246 ERROR 6224 --- [    Test worker] tourGuide.service.TourGuideService       : java.lang.NullPointerException
2021-11-29 23:17:11.246 ERROR 6224 --- [    Test worker] tourGuide.service.TourGuideService       : java.lang.NullPointerException
2021-11-29 23:17:11.247 ERROR 6224 --- [    Test worker] tourGuide.service.TourGuideService       : java.lang.NullPointerException
2021-11-29 23:17:11.247 ERROR 6224 --- [    Test worker] tourGuide.service.TourGuideService       : java.lang.NullPointerException
2021-11-29 23:17:11.247 ERROR 6224 --- [    Test worker] tourGuide.service.TourGuideService       : java.lang.NullPointerException
2021-11-29 23:17:11.247 ERROR 6224 --- [    Test worker] tourGuide.service.TourGuideService       : java.lang.NullPointerException
2021-11-29 23:17:11.247 ERROR 6224 --- [    Test worker] tourGuide.service.TourGuideService       : java.lang.NullPointerException
2021-11-29 23:17:11.247 ERROR 6224 --- [    Test worker] tourGuide.service.TourGuideService       : java.lang.NullPointerException
2021-11-29 23:17:11.247 ERROR 6224 --- [    Test worker] tourGuide.service.TourGuideService       : java.lang.NullPointerException
2021-11-29 23:17:11.247 ERROR 6224 --- [    Test worker] tourGuide.service.TourGuideService       : java.lang.NullPointerException
2021-11-29 23:17:11.247 ERROR 6224 --- [    Test worker] tourGuide.service.TourGuideService       : java.lang.NullPointerException
2021-11-29 23:17:11.247 ERROR 6224 --- [    Test worker] tourGuide.service.TourGuideService       : java.lang.NullPointerException
2021-11-29 23:17:11.247 ERROR 6224 --- [    Test worker] tourGuide.service.TourGuideService       : java.lang.NullPointerException
2021-11-29 23:17:11.247 ERROR 6224 --- [    Test worker] tourGuide.service.TourGuideService       : java.lang.NullPointerException
2021-11-29 23:17:11.247 ERROR 6224 --- [    Test worker] tourGuide.service.TourGuideService       : java.lang.NullPointerException
2021-11-29 23:17:11.247 ERROR 6224 --- [    Test worker] tourGuide.service.TourGuideService       : java.lang.NullPointerException
2021-11-29 23:17:11.247 ERROR 6224 --- [    Test worker] tourGuide.service.TourGuideService       : java.lang.NullPointerException
2021-11-29 23:17:11.247 ERROR 6224 --- [    Test worker] tourGuide.service.TourGuideService       : java.lang.NullPointerException
2021-11-29 23:17:11.247 ERROR 6224 --- [    Test worker] tourGuide.service.TourGuideService       : java.lang.NullPointerException
2021-11-29 23:17:11.247 ERROR 6224 --- [    Test worker] tourGuide.service.TourGuideService       : java.lang.NullPointerException
2021-11-29 23:17:11.247 ERROR 6224 --- [    Test worker] tourGuide.service.TourGuideService       : java.lang.NullPointerException
2021-11-29 23:17:11.247 ERROR 6224 --- [    Test worker] tourGuide.service.TourGuideService       : java.lang.NullPointerException
2021-11-29 23:17:11.247 ERROR 6224 --- [    Test worker] tourGuide.service.TourGuideService       : java.lang.NullPointerException
2021-11-29 23:17:11.247 ERROR 6224 --- [    Test worker] tourGuide.service.TourGuideService       : java.lang.NullPointerException
2021-11-29 23:17:11.248 ERROR 6224 --- [    Test worker] tourGuide.service.TourGuideService       : java.lang.NullPointerException
2021-11-29 23:17:11.248 ERROR 6224 --- [    Test worker] tourGuide.service.TourGuideService       : java.lang.NullPointerException
2021-11-29 23:17:11.248 ERROR 6224 --- [    Test worker] tourGuide.service.TourGuideService       : java.lang.NullPointerException
2021-11-29 23:17:11.248 ERROR 6224 --- [    Test worker] tourGuide.service.TourGuideService       : java.lang.NullPointerException
2021-11-29 23:17:11.248 ERROR 6224 --- [    Test worker] tourGuide.service.TourGuideService       : java.lang.NullPointerException
2021-11-29 23:17:11.248 ERROR 6224 --- [    Test worker] tourGuide.service.TourGuideService       : java.lang.NullPointerException
2021-11-29 23:17:11.248 ERROR 6224 --- [    Test worker] tourGuide.service.TourGuideService       : java.lang.NullPointerException
2021-11-29 23:17:11.248 ERROR 6224 --- [    Test worker] tourGuide.service.TourGuideService       : java.lang.NullPointerException
2021-11-29 23:17:11.248 ERROR 6224 --- [    Test worker] tourGuide.service.TourGuideService       : java.lang.NullPointerException
2021-11-29 23:17:11.248 ERROR 6224 --- [    Test worker] tourGuide.service.TourGuideService       : java.lang.NullPointerException
2021-11-29 23:17:11.248 ERROR 6224 --- [    Test worker] tourGuide.service.TourGuideService       : java.lang.NullPointerException
2021-11-29 23:17:11.248 ERROR 6224 --- [    Test worker] tourGuide.service.TourGuideService       : java.lang.NullPointerException
2021-11-29 23:17:11.248 ERROR 6224 --- [    Test worker] tourGuide.service.TourGuideService       : java.lang.NullPointerException
2021-11-29 23:17:11.249 ERROR 6224 --- [    Test worker] tourGuide.service.TourGuideService       : java.lang.NullPointerException
2021-11-29 23:17:11.249 ERROR 6224 --- [    Test worker] tourGuide.service.TourGuideService       : java.lang.NullPointerException
2021-11-29 23:17:11.249 ERROR 6224 --- [    Test worker] tourGuide.service.TourGuideService       : java.lang.NullPointerException
2021-11-29 23:17:11.249 ERROR 6224 --- [    Test worker] tourGuide.service.TourGuideService       : java.lang.NullPointerException
2021-11-29 23:17:11.249 ERROR 6224 --- [    Test worker] tourGuide.service.TourGuideService       : java.lang.NullPointerException
2021-11-29 23:17:11.249 ERROR 6224 --- [    Test worker] tourGuide.service.TourGuideService       : java.lang.NullPointerException
2021-11-29 23:17:11.249 ERROR 6224 --- [    Test worker] tourGuide.service.TourGuideService       : java.lang.NullPointerException
2021-11-29 23:17:11.249 ERROR 6224 --- [    Test worker] tourGuide.service.TourGuideService       : java.lang.NullPointerException
2021-11-29 23:17:11.249 ERROR 6224 --- [    Test worker] tourGuide.service.TourGuideService       : java.lang.NullPointerException
2021-11-29 23:17:11.249 ERROR 6224 --- [    Test worker] tourGuide.service.TourGuideService       : java.lang.NullPointerException
2021-11-29 23:17:11.249 ERROR 6224 --- [    Test worker] tourGuide.service.TourGuideService       : java.lang.NullPointerException
2021-11-29 23:17:11.249 ERROR 6224 --- [    Test worker] tourGuide.service.TourGuideService       : java.lang.NullPointerException
2021-11-29 23:17:11.249 ERROR 6224 --- [    Test worker] tourGuide.service.TourGuideService       : java.lang.NullPointerException
2021-11-29 23:17:11.249 ERROR 6224 --- [    Test worker] tourGuide.service.TourGuideService       : java.lang.NullPointerException
2021-11-29 23:17:11.249 ERROR 6224 --- [    Test worker] tourGuide.service.TourGuideService       : java.lang.NullPointerException
2021-11-29 23:17:11.250 ERROR 6224 --- [    Test worker] tourGuide.service.TourGuideService       : java.lang.NullPointerException
2021-11-29 23:17:11.250 ERROR 6224 --- [    Test worker] tourGuide.service.TourGuideService       : java.lang.NullPointerException
2021-11-29 23:17:11.250 ERROR 6224 --- [    Test worker] tourGuide.service.TourGuideService       : java.lang.NullPointerException
2021-11-29 23:17:11.250 ERROR 6224 --- [    Test worker] tourGuide.service.TourGuideService       : java.lang.NullPointerException
2021-11-29 23:17:11.250 ERROR 6224 --- [    Test worker] tourGuide.service.TourGuideService       : java.lang.NullPointerException
2021-11-29 23:17:11.250 ERROR 6224 --- [    Test worker] tourGuide.service.TourGuideService       : java.lang.NullPointerException
2021-11-29 23:17:11.250 ERROR 6224 --- [    Test worker] tourGuide.service.TourGuideService       : java.lang.NullPointerException
2021-11-29 23:17:11.250 ERROR 6224 --- [    Test worker] tourGuide.service.TourGuideService       : java.lang.NullPointerException
2021-11-29 23:17:11.250 ERROR 6224 --- [    Test worker] tourGuide.service.TourGuideService       : java.lang.NullPointerException
2021-11-29 23:17:11.250 ERROR 6224 --- [    Test worker] tourGuide.service.TourGuideService       : java.lang.NullPointerException
2021-11-29 23:17:11.250 ERROR 6224 --- [    Test worker] tourGuide.service.TourGuideService       : java.lang.NullPointerException
2021-11-29 23:17:11.250 ERROR 6224 --- [    Test worker] tourGuide.service.TourGuideService       : java.lang.NullPointerException
2021-11-29 23:17:11.250 ERROR 6224 --- [    Test worker] tourGuide.service.TourGuideService       : java.lang.NullPointerException
2021-11-29 23:17:11.250 ERROR 6224 --- [    Test worker] tourGuide.service.TourGuideService       : java.lang.NullPointerException
2021-11-29 23:17:11.250 ERROR 6224 --- [    Test worker] tourGuide.service.TourGuideService       : java.lang.NullPointerException
2021-11-29 23:17:11.250 ERROR 6224 --- [    Test worker] tourGuide.service.TourGuideService       : java.lang.NullPointerException
2021-11-29 23:17:11.250 ERROR 6224 --- [    Test worker] tourGuide.service.TourGuideService       : java.lang.NullPointerException
2021-11-29 23:17:11.250 ERROR 6224 --- [    Test worker] tourGuide.service.TourGuideService       : java.lang.NullPointerException
2021-11-29 23:17:11.250 ERROR 6224 --- [    Test worker] tourGuide.service.TourGuideService       : java.lang.NullPointerException
2021-11-29 23:17:11.250 ERROR 6224 --- [    Test worker] tourGuide.service.TourGuideService       : java.lang.NullPointerException
2021-11-29 23:17:11.250 ERROR 6224 --- [    Test worker] tourGuide.service.TourGuideService       : java.lang.NullPointerException
2021-11-29 23:17:11.251 ERROR 6224 --- [    Test worker] tourGuide.service.TourGuideService       : java.lang.NullPointerException
2021-11-29 23:17:11.251 ERROR 6224 --- [    Test worker] tourGuide.service.TourGuideService       : java.lang.NullPointerException
2021-11-29 23:17:11.251 ERROR 6224 --- [    Test worker] tourGuide.service.TourGuideService       : java.lang.NullPointerException
2021-11-29 23:17:11.251 ERROR 6224 --- [    Test worker] tourGuide.service.TourGuideService       : java.lang.NullPointerException
2021-11-29 23:17:11.251 ERROR 6224 --- [    Test worker] tourGuide.service.TourGuideService       : java.lang.NullPointerException
2021-11-29 23:17:11.251 ERROR 6224 --- [    Test worker] tourGuide.service.TourGuideService       : java.lang.NullPointerException
2021-11-29 23:17:11.251 ERROR 6224 --- [    Test worker] tourGuide.service.TourGuideService       : java.lang.NullPointerException
2021-11-29 23:17:11.251 ERROR 6224 --- [    Test worker] tourGuide.service.TourGuideService       : java.lang.NullPointerException
2021-11-29 23:17:11.251 ERROR 6224 --- [    Test worker] tourGuide.service.TourGuideService       : java.lang.NullPointerException
2021-11-29 23:17:11.251 ERROR 6224 --- [    Test worker] tourGuide.service.TourGuideService       : java.lang.NullPointerException
2021-11-29 23:17:11.251 ERROR 6224 --- [    Test worker] tourGuide.service.TourGuideService       : java.lang.NullPointerException
2021-11-29 23:17:11.251 ERROR 6224 --- [    Test worker] tourGuide.service.TourGuideService       : java.lang.NullPointerException
2021-11-29 23:17:11.251 ERROR 6224 --- [    Test worker] tourGuide.service.TourGuideService       : java.lang.NullPointerException
2021-11-29 23:17:11.251 ERROR 6224 --- [    Test worker] tourGuide.service.TourGuideService       : java.lang.NullPointerException
2021-11-29 23:17:11.251 ERROR 6224 --- [    Test worker] tourGuide.service.TourGuideService       : java.lang.NullPointerException
2021-11-29 23:17:11.251 ERROR 6224 --- [    Test worker] tourGuide.service.TourGuideService       : java.lang.NullPointerException
2021-11-29 23:17:11.251 ERROR 6224 --- [    Test worker] tourGuide.service.TourGuideService       : java.lang.NullPointerException
2021-11-29 23:17:11.251 ERROR 6224 --- [    Test worker] tourGuide.service.TourGuideService       : java.lang.NullPointerException
2021-11-29 23:17:11.251 ERROR 6224 --- [    Test worker] tourGuide.service.TourGuideService       : java.lang.NullPointerException
2021-11-29 23:17:11.251 ERROR 6224 --- [    Test worker] tourGuide.service.TourGuideService       : java.lang.NullPointerException
2021-11-29 23:17:11.251 ERROR 6224 --- [    Test worker] tourGuide.service.TourGuideService       : java.lang.NullPointerException
2021-11-29 23:17:11.251 ERROR 6224 --- [    Test worker] tourGuide.service.TourGuideService       : java.lang.NullPointerException
2021-11-29 23:17:11.251 ERROR 6224 --- [    Test worker] tourGuide.service.TourGuideService       : java.lang.NullPointerException
2021-11-29 23:17:11.251 ERROR 6224 --- [    Test worker] tourGuide.service.TourGuideService       : java.lang.NullPointerException
2021-11-29 23:17:11.252 ERROR 6224 --- [    Test worker] tourGuide.service.TourGuideService       : java.lang.NullPointerException
2021-11-29 23:17:11.252 ERROR 6224 --- [    Test worker] tourGuide.service.TourGuideService       : java.lang.NullPointerException
2021-11-29 23:17:11.252 ERROR 6224 --- [    Test worker] tourGuide.service.TourGuideService       : java.lang.NullPointerException
2021-11-29 23:17:11.252 ERROR 6224 --- [    Test worker] tourGuide.service.TourGuideService       : java.lang.NullPointerException
2021-11-29 23:17:11.252 ERROR 6224 --- [    Test worker] tourGuide.service.TourGuideService       : java.lang.NullPointerException
2021-11-29 23:17:11.252 ERROR 6224 --- [    Test worker] tourGuide.service.TourGuideService       : java.lang.NullPointerException
2021-11-29 23:17:11.252 ERROR 6224 --- [    Test worker] tourGuide.service.TourGuideService       : java.lang.NullPointerException
2021-11-29 23:17:11.252 ERROR 6224 --- [    Test worker] tourGuide.service.TourGuideService       : java.lang.NullPointerException
2021-11-29 23:17:11.252 ERROR 6224 --- [    Test worker] tourGuide.service.TourGuideService       : java.lang.NullPointerException
2021-11-29 23:17:11.252 ERROR 6224 --- [    Test worker] tourGuide.service.TourGuideService       : java.lang.NullPointerException
2021-11-29 23:17:11.252 ERROR 6224 --- [    Test worker] tourGuide.service.TourGuideService       : java.lang.NullPointerException
2021-11-29 23:17:11.252 ERROR 6224 --- [    Test worker] tourGuide.service.TourGuideService       : java.lang.NullPointerException
2021-11-29 23:17:11.252 ERROR 6224 --- [    Test worker] tourGuide.service.TourGuideService       : java.lang.NullPointerException
2021-11-29 23:17:11.252 ERROR 6224 --- [    Test worker] tourGuide.service.TourGuideService       : java.lang.NullPointerException
2021-11-29 23:17:11.252 ERROR 6224 --- [    Test worker] tourGuide.service.TourGuideService       : java.lang.NullPointerException
2021-11-29 23:17:11.252 ERROR 6224 --- [    Test worker] tourGuide.service.TourGuideService       : java.lang.NullPointerException
2021-11-29 23:17:11.252 ERROR 6224 --- [    Test worker] tourGuide.service.TourGuideService       : java.lang.NullPointerException
2021-11-29 23:17:11.252 ERROR 6224 --- [    Test worker] tourGuide.service.TourGuideService       : java.lang.NullPointerException
2021-11-29 23:17:11.252 ERROR 6224 --- [    Test worker] tourGuide.service.TourGuideService       : java.lang.NullPointerException
2021-11-29 23:17:11.252 ERROR 6224 --- [    Test worker] tourGuide.service.TourGuideService       : java.lang.NullPointerException
2021-11-29 23:17:11.252 ERROR 6224 --- [    Test worker] tourGuide.service.TourGuideService       : java.lang.NullPointerException
2021-11-29 23:17:11.252 ERROR 6224 --- [    Test worker] tourGuide.service.TourGuideService       : java.lang.NullPointerException
2021-11-29 23:17:11.253 ERROR 6224 --- [    Test worker] tourGuide.service.TourGuideService       : java.lang.NullPointerException
2021-11-29 23:17:11.253 ERROR 6224 --- [    Test worker] tourGuide.service.TourGuideService       : java.lang.NullPointerException
2021-11-29 23:17:11.253 ERROR 6224 --- [    Test worker] tourGuide.service.TourGuideService       : java.lang.NullPointerException
2021-11-29 23:17:11.253 ERROR 6224 --- [    Test worker] tourGuide.service.TourGuideService       : java.lang.NullPointerException
2021-11-29 23:17:11.253 ERROR 6224 --- [    Test worker] tourGuide.service.TourGuideService       : java.lang.NullPointerException
2021-11-29 23:17:11.253 ERROR 6224 --- [    Test worker] tourGuide.service.TourGuideService       : java.lang.NullPointerException
2021-11-29 23:17:11.253 ERROR 6224 --- [    Test worker] tourGuide.service.TourGuideService       : java.lang.NullPointerException
2021-11-29 23:17:11.253 ERROR 6224 --- [    Test worker] tourGuide.service.TourGuideService       : java.lang.NullPointerException
2021-11-29 23:17:11.253 ERROR 6224 --- [    Test worker] tourGuide.service.TourGuideService       : java.lang.NullPointerException
2021-11-29 23:17:11.253 ERROR 6224 --- [    Test worker] tourGuide.service.TourGuideService       : java.lang.NullPointerException
2021-11-29 23:17:11.253 ERROR 6224 --- [    Test worker] tourGuide.service.TourGuideService       : java.lang.NullPointerException
2021-11-29 23:17:11.253 ERROR 6224 --- [    Test worker] tourGuide.service.TourGuideService       : java.lang.NullPointerException
2021-11-29 23:17:11.253 ERROR 6224 --- [    Test worker] tourGuide.service.TourGuideService       : java.lang.NullPointerException
2021-11-29 23:17:11.253 ERROR 6224 --- [    Test worker] tourGuide.service.TourGuideService       : java.lang.NullPointerException
2021-11-29 23:17:11.253 ERROR 6224 --- [    Test worker] tourGuide.service.TourGuideService       : java.lang.NullPointerException
2021-11-29 23:17:11.253 ERROR 6224 --- [    Test worker] tourGuide.service.TourGuideService       : java.lang.NullPointerException
2021-11-29 23:17:11.253 ERROR 6224 --- [    Test worker] tourGuide.service.TourGuideService       : java.lang.NullPointerException
2021-11-29 23:17:11.253 ERROR 6224 --- [    Test worker] tourGuide.service.TourGuideService       : java.lang.NullPointerException
2021-11-29 23:17:11.253 ERROR 6224 --- [    Test worker] tourGuide.service.TourGuideService       : java.lang.NullPointerException
2021-11-29 23:17:11.253 ERROR 6224 --- [    Test worker] tourGuide.service.TourGuideService       : java.lang.NullPointerException
2021-11-29 23:17:11.253 ERROR 6224 --- [    Test worker] tourGuide.service.TourGuideService       : java.lang.NullPointerException
2021-11-29 23:17:11.253 ERROR 6224 --- [    Test worker] tourGuide.service.TourGuideService       : java.lang.NullPointerException
2021-11-29 23:17:11.254 ERROR 6224 --- [    Test worker] tourGuide.service.TourGuideService       : java.lang.NullPointerException
2021-11-29 23:17:11.254 ERROR 6224 --- [    Test worker] tourGuide.service.TourGuideService       : java.lang.NullPointerException
2021-11-29 23:17:11.254 ERROR 6224 --- [    Test worker] tourGuide.service.TourGuideService       : java.lang.NullPointerException
2021-11-29 23:17:11.254 ERROR 6224 --- [    Test worker] tourGuide.service.TourGuideService       : java.lang.NullPointerException
2021-11-29 23:17:11.254 ERROR 6224 --- [    Test worker] tourGuide.service.TourGuideService       : java.lang.NullPointerException
2021-11-29 23:17:11.254 ERROR 6224 --- [    Test worker] tourGuide.service.TourGuideService       : java.lang.NullPointerException
2021-11-29 23:17:11.254 ERROR 6224 --- [    Test worker] tourGuide.service.TourGuideService       : java.lang.NullPointerException
2021-11-29 23:17:11.254 ERROR 6224 --- [    Test worker] tourGuide.service.TourGuideService       : java.lang.NullPointerException
2021-11-29 23:17:11.254 ERROR 6224 --- [    Test worker] tourGuide.service.TourGuideService       : java.lang.NullPointerException
2021-11-29 23:17:11.254 ERROR 6224 --- [    Test worker] tourGuide.service.TourGuideService       : java.lang.NullPointerException
2021-11-29 23:17:11.254 ERROR 6224 --- [    Test worker] tourGuide.service.TourGuideService       : java.lang.NullPointerException
2021-11-29 23:17:11.254 ERROR 6224 --- [    Test worker] tourGuide.service.TourGuideService       : java.lang.NullPointerException
2021-11-29 23:17:11.254 ERROR 6224 --- [    Test worker] tourGuide.service.TourGuideService       : java.lang.NullPointerException
2021-11-29 23:17:11.254 ERROR 6224 --- [    Test worker] tourGuide.service.TourGuideService       : java.lang.NullPointerException
2021-11-29 23:17:11.254 ERROR 6224 --- [    Test worker] tourGuide.service.TourGuideService       : java.lang.NullPointerException
2021-11-29 23:17:11.254 ERROR 6224 --- [    Test worker] tourGuide.service.TourGuideService       : java.lang.NullPointerException
2021-11-29 23:17:11.254 ERROR 6224 --- [    Test worker] tourGuide.service.TourGuideService       : java.lang.NullPointerException
2021-11-29 23:17:11.254 ERROR 6224 --- [    Test worker] tourGuide.service.TourGuideService       : java.lang.NullPointerException
2021-11-29 23:17:11.254 ERROR 6224 --- [    Test worker] tourGuide.service.TourGuideService       : java.lang.NullPointerException
2021-11-29 23:17:11.254 ERROR 6224 --- [    Test worker] tourGuide.service.TourGuideService       : java.lang.NullPointerException
2021-11-29 23:17:11.254 ERROR 6224 --- [    Test worker] tourGuide.service.TourGuideService       : java.lang.NullPointerException
2021-11-29 23:17:11.255 ERROR 6224 --- [    Test worker] tourGuide.service.TourGuideService       : java.lang.NullPointerException
2021-11-29 23:17:11.255 ERROR 6224 --- [    Test worker] tourGuide.service.TourGuideService       : java.lang.NullPointerException
2021-11-29 23:17:11.255 ERROR 6224 --- [    Test worker] tourGuide.service.TourGuideService       : java.lang.NullPointerException
2021-11-29 23:17:11.255 ERROR 6224 --- [    Test worker] tourGuide.service.TourGuideService       : java.lang.NullPointerException
2021-11-29 23:17:11.255 ERROR 6224 --- [    Test worker] tourGuide.service.TourGuideService       : java.lang.NullPointerException
2021-11-29 23:17:11.255 ERROR 6224 --- [    Test worker] tourGuide.service.TourGuideService       : java.lang.NullPointerException
2021-11-29 23:17:11.255 ERROR 6224 --- [    Test worker] tourGuide.service.TourGuideService       : java.lang.NullPointerException
2021-11-29 23:17:11.255 ERROR 6224 --- [    Test worker] tourGuide.service.TourGuideService       : java.lang.NullPointerException
2021-11-29 23:17:11.255 ERROR 6224 --- [    Test worker] tourGuide.service.TourGuideService       : java.lang.NullPointerException
2021-11-29 23:17:11.255 ERROR 6224 --- [    Test worker] tourGuide.service.TourGuideService       : java.lang.NullPointerException
2021-11-29 23:17:11.255 ERROR 6224 --- [    Test worker] tourGuide.service.TourGuideService       : java.lang.NullPointerException
2021-11-29 23:17:11.255 ERROR 6224 --- [    Test worker] tourGuide.service.TourGuideService       : java.lang.NullPointerException
2021-11-29 23:17:11.255 ERROR 6224 --- [    Test worker] tourGuide.service.TourGuideService       : java.lang.NullPointerException
2021-11-29 23:17:11.256 ERROR 6224 --- [    Test worker] tourGuide.service.TourGuideService       : java.lang.NullPointerException
2021-11-29 23:17:11.256 ERROR 6224 --- [    Test worker] tourGuide.service.TourGuideService       : java.lang.NullPointerException
2021-11-29 23:17:11.256 ERROR 6224 --- [    Test worker] tourGuide.service.TourGuideService       : java.lang.NullPointerException
2021-11-29 23:17:11.256 ERROR 6224 --- [    Test worker] tourGuide.service.TourGuideService       : java.lang.NullPointerException
2021-11-29 23:17:11.256 ERROR 6224 --- [    Test worker] tourGuide.service.TourGuideService       : java.lang.NullPointerException
2021-11-29 23:17:11.256 ERROR 6224 --- [    Test worker] tourGuide.service.TourGuideService       : java.lang.NullPointerException
2021-11-29 23:17:11.256 ERROR 6224 --- [    Test worker] tourGuide.service.TourGuideService       : java.lang.NullPointerException
2021-11-29 23:17:11.256 ERROR 6224 --- [    Test worker] tourGuide.service.TourGuideService       : java.lang.NullPointerException
2021-11-29 23:17:11.256 ERROR 6224 --- [    Test worker] tourGuide.service.TourGuideService       : java.lang.NullPointerException
2021-11-29 23:17:11.256 ERROR 6224 --- [    Test worker] tourGuide.service.TourGuideService       : java.lang.NullPointerException
2021-11-29 23:17:11.256 ERROR 6224 --- [    Test worker] tourGuide.service.TourGuideService       : java.lang.NullPointerException
2021-11-29 23:17:11.256 ERROR 6224 --- [    Test worker] tourGuide.service.TourGuideService       : java.lang.NullPointerException
2021-11-29 23:17:11.256 ERROR 6224 --- [    Test worker] tourGuide.service.TourGuideService       : java.lang.NullPointerException
2021-11-29 23:17:11.256 ERROR 6224 --- [    Test worker] tourGuide.service.TourGuideService       : java.lang.NullPointerException
2021-11-29 23:17:11.256 ERROR 6224 --- [    Test worker] tourGuide.service.TourGuideService       : java.lang.NullPointerException
2021-11-29 23:17:11.257 ERROR 6224 --- [    Test worker] tourGuide.service.TourGuideService       : java.lang.NullPointerException
2021-11-29 23:17:11.257 ERROR 6224 --- [    Test worker] tourGuide.service.TourGuideService       : java.lang.NullPointerException
2021-11-29 23:17:11.257 ERROR 6224 --- [    Test worker] tourGuide.service.TourGuideService       : java.lang.NullPointerException
2021-11-29 23:17:11.257 ERROR 6224 --- [    Test worker] tourGuide.service.TourGuideService       : java.lang.NullPointerException
2021-11-29 23:17:11.257 ERROR 6224 --- [    Test worker] tourGuide.service.TourGuideService       : java.lang.NullPointerException
2021-11-29 23:17:11.257 ERROR 6224 --- [    Test worker] tourGuide.service.TourGuideService       : java.lang.NullPointerException
2021-11-29 23:17:11.257 ERROR 6224 --- [    Test worker] tourGuide.service.TourGuideService       : java.lang.NullPointerException
2021-11-29 23:17:11.257 ERROR 6224 --- [    Test worker] tourGuide.service.TourGuideService       : java.lang.NullPointerException
2021-11-29 23:17:11.257 ERROR 6224 --- [    Test worker] tourGuide.service.TourGuideService       : java.lang.NullPointerException
2021-11-29 23:17:11.257 ERROR 6224 --- [    Test worker] tourGuide.service.TourGuideService       : java.lang.NullPointerException
2021-11-29 23:17:11.257 ERROR 6224 --- [    Test worker] tourGuide.service.TourGuideService       : java.lang.NullPointerException
2021-11-29 23:17:11.257 ERROR 6224 --- [    Test worker] tourGuide.service.TourGuideService       : java.lang.NullPointerException
2021-11-29 23:17:11.257 ERROR 6224 --- [    Test worker] tourGuide.service.TourGuideService       : java.lang.NullPointerException
2021-11-29 23:17:11.257 ERROR 6224 --- [    Test worker] tourGuide.service.TourGuideService       : java.lang.NullPointerException
2021-11-29 23:17:11.257 ERROR 6224 --- [    Test worker] tourGuide.service.TourGuideService       : java.lang.NullPointerException
2021-11-29 23:17:11.257 ERROR 6224 --- [    Test worker] tourGuide.service.TourGuideService       : java.lang.NullPointerException
2021-11-29 23:17:11.257 ERROR 6224 --- [    Test worker] tourGuide.service.TourGuideService       : java.lang.NullPointerException
2021-11-29 23:17:11.257 ERROR 6224 --- [    Test worker] tourGuide.service.TourGuideService       : java.lang.NullPointerException
2021-11-29 23:17:11.257 ERROR 6224 --- [    Test worker] tourGuide.service.TourGuideService       : java.lang.NullPointerException
2021-11-29 23:17:11.258 ERROR 6224 --- [    Test worker] tourGuide.service.TourGuideService       : java.lang.NullPointerException
2021-11-29 23:17:11.258 ERROR 6224 --- [    Test worker] tourGuide.service.TourGuideService       : java.lang.NullPointerException
2021-11-29 23:17:11.258 ERROR 6224 --- [    Test worker] tourGuide.service.TourGuideService       : java.lang.NullPointerException
2021-11-29 23:17:11.258 ERROR 6224 --- [    Test worker] tourGuide.service.TourGuideService       : java.lang.NullPointerException
2021-11-29 23:17:11.258 ERROR 6224 --- [    Test worker] tourGuide.service.TourGuideService       : java.lang.NullPointerException
2021-11-29 23:17:11.258 ERROR 6224 --- [    Test worker] tourGuide.service.TourGuideService       : java.lang.NullPointerException
2021-11-29 23:17:11.258 ERROR 6224 --- [    Test worker] tourGuide.service.TourGuideService       : java.lang.NullPointerException
2021-11-29 23:17:11.258 ERROR 6224 --- [    Test worker] tourGuide.service.TourGuideService       : java.lang.NullPointerException
2021-11-29 23:17:11.258 ERROR 6224 --- [    Test worker] tourGuide.service.TourGuideService       : java.lang.NullPointerException
2021-11-29 23:17:11.258 ERROR 6224 --- [    Test worker] tourGuide.service.TourGuideService       : java.lang.NullPointerException
2021-11-29 23:17:11.258 ERROR 6224 --- [    Test worker] tourGuide.service.TourGuideService       : java.lang.NullPointerException
2021-11-29 23:17:11.258 ERROR 6224 --- [    Test worker] tourGuide.service.TourGuideService       : java.lang.NullPointerException
2021-11-29 23:17:11.258 ERROR 6224 --- [    Test worker] tourGuide.service.TourGuideService       : java.lang.NullPointerException
2021-11-29 23:17:11.258 ERROR 6224 --- [    Test worker] tourGuide.service.TourGuideService       : java.lang.NullPointerException
2021-11-29 23:17:11.258 ERROR 6224 --- [    Test worker] tourGuide.service.TourGuideService       : java.lang.NullPointerException
2021-11-29 23:17:11.258 ERROR 6224 --- [    Test worker] tourGuide.service.TourGuideService       : java.lang.NullPointerException
2021-11-29 23:17:11.258 ERROR 6224 --- [    Test worker] tourGuide.service.TourGuideService       : java.lang.NullPointerException
2021-11-29 23:17:11.259 ERROR 6224 --- [    Test worker] tourGuide.service.TourGuideService       : java.lang.NullPointerException
2021-11-29 23:17:11.259 ERROR 6224 --- [    Test worker] tourGuide.service.TourGuideService       : java.lang.NullPointerException
2021-11-29 23:17:11.259 ERROR 6224 --- [    Test worker] tourGuide.service.TourGuideService       : java.lang.NullPointerException
2021-11-29 23:17:11.259 ERROR 6224 --- [    Test worker] tourGuide.service.TourGuideService       : java.lang.NullPointerException
2021-11-29 23:17:11.259 ERROR 6224 --- [    Test worker] tourGuide.service.TourGuideService       : java.lang.NullPointerException
2021-11-29 23:17:11.259 ERROR 6224 --- [    Test worker] tourGuide.service.TourGuideService       : java.lang.NullPointerException
2021-11-29 23:17:11.259 ERROR 6224 --- [    Test worker] tourGuide.service.TourGuideService       : java.lang.NullPointerException
2021-11-29 23:17:11.259 ERROR 6224 --- [    Test worker] tourGuide.service.TourGuideService       : java.lang.NullPointerException
2021-11-29 23:17:11.259 ERROR 6224 --- [    Test worker] tourGuide.service.TourGuideService       : java.lang.NullPointerException
2021-11-29 23:17:11.259 ERROR 6224 --- [    Test worker] tourGuide.service.TourGuideService       : java.lang.NullPointerException
2021-11-29 23:17:11.259 ERROR 6224 --- [    Test worker] tourGuide.service.TourGuideService       : java.lang.NullPointerException
2021-11-29 23:17:11.259 ERROR 6224 --- [    Test worker] tourGuide.service.TourGuideService       : java.lang.NullPointerException
2021-11-29 23:17:11.259 ERROR 6224 --- [    Test worker] tourGuide.service.TourGuideService       : java.lang.NullPointerException
2021-11-29 23:17:11.259 ERROR 6224 --- [    Test worker] tourGuide.service.TourGuideService       : java.lang.NullPointerException
2021-11-29 23:17:11.259 ERROR 6224 --- [    Test worker] tourGuide.service.TourGuideService       : java.lang.NullPointerException
2021-11-29 23:17:11.259 ERROR 6224 --- [    Test worker] tourGuide.service.TourGuideService       : java.lang.NullPointerException
2021-11-29 23:17:11.259 ERROR 6224 --- [    Test worker] tourGuide.service.TourGuideService       : java.lang.NullPointerException
2021-11-29 23:17:11.260 ERROR 6224 --- [    Test worker] tourGuide.service.TourGuideService       : java.lang.NullPointerException
2021-11-29 23:17:11.260 ERROR 6224 --- [    Test worker] tourGuide.service.TourGuideService       : java.lang.NullPointerException
2021-11-29 23:17:11.260 ERROR 6224 --- [    Test worker] tourGuide.service.TourGuideService       : java.lang.NullPointerException
2021-11-29 23:17:11.260 ERROR 6224 --- [    Test worker] tourGuide.service.TourGuideService       : java.lang.NullPointerException
2021-11-29 23:17:11.260 ERROR 6224 --- [    Test worker] tourGuide.service.TourGuideService       : java.lang.NullPointerException
2021-11-29 23:17:11.261 ERROR 6224 --- [    Test worker] tourGuide.service.TourGuideService       : java.lang.NullPointerException
2021-11-29 23:17:11.261 ERROR 6224 --- [    Test worker] tourGuide.service.TourGuideService       : java.lang.NullPointerException
2021-11-29 23:17:11.261 ERROR 6224 --- [    Test worker] tourGuide.service.TourGuideService       : java.lang.NullPointerException
2021-11-29 23:17:11.261 ERROR 6224 --- [    Test worker] tourGuide.service.TourGuideService       : java.lang.NullPointerException
2021-11-29 23:17:11.261 ERROR 6224 --- [    Test worker] tourGuide.service.TourGuideService       : java.lang.NullPointerException
2021-11-29 23:17:11.261 ERROR 6224 --- [    Test worker] tourGuide.service.TourGuideService       : java.lang.NullPointerException
2021-11-29 23:17:11.261 ERROR 6224 --- [    Test worker] tourGuide.service.TourGuideService       : java.lang.NullPointerException
2021-11-29 23:17:11.261 ERROR 6224 --- [    Test worker] tourGuide.service.TourGuideService       : java.lang.NullPointerException
2021-11-29 23:17:11.261 ERROR 6224 --- [    Test worker] tourGuide.service.TourGuideService       : java.lang.NullPointerException
2021-11-29 23:17:11.261 ERROR 6224 --- [    Test worker] tourGuide.service.TourGuideService       : java.lang.NullPointerException
2021-11-29 23:17:11.261 ERROR 6224 --- [    Test worker] tourGuide.service.TourGuideService       : java.lang.NullPointerException
2021-11-29 23:17:11.261 ERROR 6224 --- [    Test worker] tourGuide.service.TourGuideService       : java.lang.NullPointerException
2021-11-29 23:17:11.261 ERROR 6224 --- [    Test worker] tourGuide.service.TourGuideService       : java.lang.NullPointerException
2021-11-29 23:17:11.262 ERROR 6224 --- [    Test worker] tourGuide.service.TourGuideService       : java.lang.NullPointerException
2021-11-29 23:17:11.262 ERROR 6224 --- [    Test worker] tourGuide.service.TourGuideService       : java.lang.NullPointerException
2021-11-29 23:17:11.262 ERROR 6224 --- [    Test worker] tourGuide.service.TourGuideService       : java.lang.NullPointerException
2021-11-29 23:17:11.262 ERROR 6224 --- [    Test worker] tourGuide.service.TourGuideService       : java.lang.NullPointerException
2021-11-29 23:17:11.262 ERROR 6224 --- [    Test worker] tourGuide.service.TourGuideService       : java.lang.NullPointerException
2021-11-29 23:17:11.262 ERROR 6224 --- [    Test worker] tourGuide.service.TourGuideService       : java.lang.NullPointerException
2021-11-29 23:17:11.262 ERROR 6224 --- [    Test worker] tourGuide.service.TourGuideService       : java.lang.NullPointerException
2021-11-29 23:17:11.262 ERROR 6224 --- [    Test worker] tourGuide.service.TourGuideService       : java.lang.NullPointerException
2021-11-29 23:17:11.262 ERROR 6224 --- [    Test worker] tourGuide.service.TourGuideService       : java.lang.NullPointerException
2021-11-29 23:17:11.262 ERROR 6224 --- [    Test worker] tourGuide.service.TourGuideService       : java.lang.NullPointerException
2021-11-29 23:17:11.262 ERROR 6224 --- [    Test worker] tourGuide.service.TourGuideService       : java.lang.NullPointerException
2021-11-29 23:17:11.262 ERROR 6224 --- [    Test worker] tourGuide.service.TourGuideService       : java.lang.NullPointerException
2021-11-29 23:17:11.262 ERROR 6224 --- [    Test worker] tourGuide.service.TourGuideService       : java.lang.NullPointerException
2021-11-29 23:17:11.262 ERROR 6224 --- [    Test worker] tourGuide.service.TourGuideService       : java.lang.NullPointerException
2021-11-29 23:17:11.262 ERROR 6224 --- [    Test worker] tourGuide.service.TourGuideService       : java.lang.NullPointerException
2021-11-29 23:17:11.263 ERROR 6224 --- [    Test worker] tourGuide.service.TourGuideService       : java.lang.NullPointerException
2021-11-29 23:17:11.263 ERROR 6224 --- [    Test worker] tourGuide.service.TourGuideService       : java.lang.NullPointerException
2021-11-29 23:17:11.263 ERROR 6224 --- [    Test worker] tourGuide.service.TourGuideService       : java.lang.NullPointerException
2021-11-29 23:17:11.263 ERROR 6224 --- [    Test worker] tourGuide.service.TourGuideService       : java.lang.NullPointerException
2021-11-29 23:17:11.263 ERROR 6224 --- [    Test worker] tourGuide.service.TourGuideService       : java.lang.NullPointerException
2021-11-29 23:17:11.263 ERROR 6224 --- [    Test worker] tourGuide.service.TourGuideService       : java.lang.NullPointerException
2021-11-29 23:17:11.263 ERROR 6224 --- [    Test worker] tourGuide.service.TourGuideService       : java.lang.NullPointerException
2021-11-29 23:17:11.263 ERROR 6224 --- [    Test worker] tourGuide.service.TourGuideService       : java.lang.NullPointerException
2021-11-29 23:17:11.263 ERROR 6224 --- [    Test worker] tourGuide.service.TourGuideService       : java.lang.NullPointerException
2021-11-29 23:17:11.263 ERROR 6224 --- [    Test worker] tourGuide.service.TourGuideService       : java.lang.NullPointerException
2021-11-29 23:17:11.263 ERROR 6224 --- [    Test worker] tourGuide.service.TourGuideService       : java.lang.NullPointerException
2021-11-29 23:17:11.263 ERROR 6224 --- [    Test worker] tourGuide.service.TourGuideService       : java.lang.NullPointerException
2021-11-29 23:17:11.263 ERROR 6224 --- [    Test worker] tourGuide.service.TourGuideService       : java.lang.NullPointerException
2021-11-29 23:17:11.263 ERROR 6224 --- [    Test worker] tourGuide.service.TourGuideService       : java.lang.NullPointerException
2021-11-29 23:17:11.264 ERROR 6224 --- [    Test worker] tourGuide.service.TourGuideService       : java.lang.NullPointerException
2021-11-29 23:17:11.264 ERROR 6224 --- [    Test worker] tourGuide.service.TourGuideService       : java.lang.NullPointerException
2021-11-29 23:17:11.264 ERROR 6224 --- [    Test worker] tourGuide.service.TourGuideService       : java.lang.NullPointerException
2021-11-29 23:17:11.264 ERROR 6224 --- [    Test worker] tourGuide.service.TourGuideService       : java.lang.NullPointerException
2021-11-29 23:17:11.264 ERROR 6224 --- [    Test worker] tourGuide.service.TourGuideService       : java.lang.NullPointerException
2021-11-29 23:17:11.264 ERROR 6224 --- [    Test worker] tourGuide.service.TourGuideService       : java.lang.NullPointerException
2021-11-29 23:17:11.264 ERROR 6224 --- [    Test worker] tourGuide.service.TourGuideService       : java.lang.NullPointerException
2021-11-29 23:17:11.264 ERROR 6224 --- [    Test worker] tourGuide.service.TourGuideService       : java.lang.NullPointerException
2021-11-29 23:17:11.264 ERROR 6224 --- [    Test worker] tourGuide.service.TourGuideService       : java.lang.NullPointerException
2021-11-29 23:17:11.264 ERROR 6224 --- [    Test worker] tourGuide.service.TourGuideService       : java.lang.NullPointerException
2021-11-29 23:17:11.264 ERROR 6224 --- [    Test worker] tourGuide.service.TourGuideService       : java.lang.NullPointerException
2021-11-29 23:17:11.264 ERROR 6224 --- [    Test worker] tourGuide.service.TourGuideService       : java.lang.NullPointerException
2021-11-29 23:17:11.264 ERROR 6224 --- [    Test worker] tourGuide.service.TourGuideService       : java.lang.NullPointerException
2021-11-29 23:17:11.265 ERROR 6224 --- [    Test worker] tourGuide.service.TourGuideService       : java.lang.NullPointerException
2021-11-29 23:17:11.265 ERROR 6224 --- [    Test worker] tourGuide.service.TourGuideService       : java.lang.NullPointerException
2021-11-29 23:17:11.265 ERROR 6224 --- [    Test worker] tourGuide.service.TourGuideService       : java.lang.NullPointerException
2021-11-29 23:17:11.265 ERROR 6224 --- [    Test worker] tourGuide.service.TourGuideService       : java.lang.NullPointerException
2021-11-29 23:17:11.265 ERROR 6224 --- [    Test worker] tourGuide.service.TourGuideService       : java.lang.NullPointerException
2021-11-29 23:17:11.265 ERROR 6224 --- [    Test worker] tourGuide.service.TourGuideService       : java.lang.NullPointerException
2021-11-29 23:17:11.265 ERROR 6224 --- [    Test worker] tourGuide.service.TourGuideService       : java.lang.NullPointerException
2021-11-29 23:17:11.265 ERROR 6224 --- [    Test worker] tourGuide.service.TourGuideService       : java.lang.NullPointerException
2021-11-29 23:17:11.265 ERROR 6224 --- [    Test worker] tourGuide.service.TourGuideService       : java.lang.NullPointerException
2021-11-29 23:17:11.265 ERROR 6224 --- [    Test worker] tourGuide.service.TourGuideService       : java.lang.NullPointerException
2021-11-29 23:17:11.265 ERROR 6224 --- [    Test worker] tourGuide.service.TourGuideService       : java.lang.NullPointerException
2021-11-29 23:17:11.265 ERROR 6224 --- [    Test worker] tourGuide.service.TourGuideService       : java.lang.NullPointerException
2021-11-29 23:17:11.265 ERROR 6224 --- [    Test worker] tourGuide.service.TourGuideService       : java.lang.NullPointerException
2021-11-29 23:17:11.265 ERROR 6224 --- [    Test worker] tourGuide.service.TourGuideService       : java.lang.NullPointerException
2021-11-29 23:17:11.265 ERROR 6224 --- [    Test worker] tourGuide.service.TourGuideService       : java.lang.NullPointerException
2021-11-29 23:17:11.265 ERROR 6224 --- [    Test worker] tourGuide.service.TourGuideService       : java.lang.NullPointerException
2021-11-29 23:17:11.265 ERROR 6224 --- [    Test worker] tourGuide.service.TourGuideService       : java.lang.NullPointerException
2021-11-29 23:17:11.266 ERROR 6224 --- [    Test worker] tourGuide.service.TourGuideService       : java.lang.NullPointerException
2021-11-29 23:17:11.266 ERROR 6224 --- [    Test worker] tourGuide.service.TourGuideService       : java.lang.NullPointerException
2021-11-29 23:17:11.266 ERROR 6224 --- [    Test worker] tourGuide.service.TourGuideService       : java.lang.NullPointerException
2021-11-29 23:17:11.266 ERROR 6224 --- [    Test worker] tourGuide.service.TourGuideService       : java.lang.NullPointerException
2021-11-29 23:17:11.266 ERROR 6224 --- [    Test worker] tourGuide.service.TourGuideService       : java.lang.NullPointerException
2021-11-29 23:17:11.266 ERROR 6224 --- [    Test worker] tourGuide.service.TourGuideService       : java.lang.NullPointerException
2021-11-29 23:17:11.267 ERROR 6224 --- [    Test worker] tourGuide.service.TourGuideService       : java.lang.NullPointerException
2021-11-29 23:17:11.267 ERROR 6224 --- [    Test worker] tourGuide.service.TourGuideService       : java.lang.NullPointerException
2021-11-29 23:17:11.267 ERROR 6224 --- [    Test worker] tourGuide.service.TourGuideService       : java.lang.NullPointerException
2021-11-29 23:17:11.267 ERROR 6224 --- [    Test worker] tourGuide.service.TourGuideService       : java.lang.NullPointerException
2021-11-29 23:17:11.267 ERROR 6224 --- [    Test worker] tourGuide.service.TourGuideService       : java.lang.NullPointerException
2021-11-29 23:17:11.267 ERROR 6224 --- [    Test worker] tourGuide.service.TourGuideService       : java.lang.NullPointerException
2021-11-29 23:17:11.267 ERROR 6224 --- [    Test worker] tourGuide.service.TourGuideService       : java.lang.NullPointerException
2021-11-29 23:17:11.267 ERROR 6224 --- [    Test worker] tourGuide.service.TourGuideService       : java.lang.NullPointerException
2021-11-29 23:17:11.267 ERROR 6224 --- [    Test worker] tourGuide.service.TourGuideService       : java.lang.NullPointerException
2021-11-29 23:17:11.267 ERROR 6224 --- [    Test worker] tourGuide.service.TourGuideService       : java.lang.NullPointerException
2021-11-29 23:17:11.267 ERROR 6224 --- [    Test worker] tourGuide.service.TourGuideService       : java.lang.NullPointerException
2021-11-29 23:17:11.267 ERROR 6224 --- [    Test worker] tourGuide.service.TourGuideService       : java.lang.NullPointerException
2021-11-29 23:17:11.267 ERROR 6224 --- [    Test worker] tourGuide.service.TourGuideService       : java.lang.NullPointerException
2021-11-29 23:17:11.267 ERROR 6224 --- [    Test worker] tourGuide.service.TourGuideService       : java.lang.NullPointerException
2021-11-29 23:17:11.267 ERROR 6224 --- [    Test worker] tourGuide.service.TourGuideService       : java.lang.NullPointerException
2021-11-29 23:17:11.267 ERROR 6224 --- [    Test worker] tourGuide.service.TourGuideService       : java.lang.NullPointerException
2021-11-29 23:17:11.268 ERROR 6224 --- [    Test worker] tourGuide.service.TourGuideService       : java.lang.NullPointerException
2021-11-29 23:17:11.268 ERROR 6224 --- [    Test worker] tourGuide.service.TourGuideService       : java.lang.NullPointerException
2021-11-29 23:17:11.268 ERROR 6224 --- [    Test worker] tourGuide.service.TourGuideService       : java.lang.NullPointerException
2021-11-29 23:17:11.268 ERROR 6224 --- [    Test worker] tourGuide.service.TourGuideService       : java.lang.NullPointerException
2021-11-29 23:17:11.268 ERROR 6224 --- [    Test worker] tourGuide.service.TourGuideService       : java.lang.NullPointerException
2021-11-29 23:17:11.268 ERROR 6224 --- [    Test worker] tourGuide.service.TourGuideService       : java.lang.NullPointerException
2021-11-29 23:17:11.268 ERROR 6224 --- [    Test worker] tourGuide.service.TourGuideService       : java.lang.NullPointerException
2021-11-29 23:17:11.268 ERROR 6224 --- [    Test worker] tourGuide.service.TourGuideService       : java.lang.NullPointerException
2021-11-29 23:17:11.268 ERROR 6224 --- [    Test worker] tourGuide.service.TourGuideService       : java.lang.NullPointerException
2021-11-29 23:17:11.268 ERROR 6224 --- [    Test worker] tourGuide.service.TourGuideService       : java.lang.NullPointerException
2021-11-29 23:17:11.268 ERROR 6224 --- [    Test worker] tourGuide.service.TourGuideService       : java.lang.NullPointerException
2021-11-29 23:17:11.268 ERROR 6224 --- [    Test worker] tourGuide.service.TourGuideService       : java.lang.NullPointerException
2021-11-29 23:17:11.269 ERROR 6224 --- [    Test worker] tourGuide.service.TourGuideService       : java.lang.NullPointerException
2021-11-29 23:17:11.269 ERROR 6224 --- [    Test worker] tourGuide.service.TourGuideService       : java.lang.NullPointerException
2021-11-29 23:17:11.269 ERROR 6224 --- [    Test worker] tourGuide.service.TourGuideService       : java.lang.NullPointerException
2021-11-29 23:17:11.269 ERROR 6224 --- [    Test worker] tourGuide.service.TourGuideService       : java.lang.NullPointerException
2021-11-29 23:17:11.269 ERROR 6224 --- [    Test worker] tourGuide.service.TourGuideService       : java.lang.NullPointerException
2021-11-29 23:17:11.269 ERROR 6224 --- [    Test worker] tourGuide.service.TourGuideService       : java.lang.NullPointerException
2021-11-29 23:17:11.269 ERROR 6224 --- [    Test worker] tourGuide.service.TourGuideService       : java.lang.NullPointerException
2021-11-29 23:17:11.269 ERROR 6224 --- [    Test worker] tourGuide.service.TourGuideService       : java.lang.NullPointerException
2021-11-29 23:17:11.269 ERROR 6224 --- [    Test worker] tourGuide.service.TourGuideService       : java.lang.NullPointerException
2021-11-29 23:17:11.269 ERROR 6224 --- [    Test worker] tourGuide.service.TourGuideService       : java.lang.NullPointerException
2021-11-29 23:17:11.269 ERROR 6224 --- [    Test worker] tourGuide.service.TourGuideService       : java.lang.NullPointerException
2021-11-29 23:17:11.269 ERROR 6224 --- [    Test worker] tourGuide.service.TourGuideService       : java.lang.NullPointerException
2021-11-29 23:17:11.269 ERROR 6224 --- [    Test worker] tourGuide.service.TourGuideService       : java.lang.NullPointerException
2021-11-29 23:17:11.269 ERROR 6224 --- [    Test worker] tourGuide.service.TourGuideService       : java.lang.NullPointerException
2021-11-29 23:17:11.269 ERROR 6224 --- [    Test worker] tourGuide.service.TourGuideService       : java.lang.NullPointerException
2021-11-29 23:17:11.269 ERROR 6224 --- [    Test worker] tourGuide.service.TourGuideService       : java.lang.NullPointerException
2021-11-29 23:17:11.269 ERROR 6224 --- [    Test worker] tourGuide.service.TourGuideService       : java.lang.NullPointerException
2021-11-29 23:17:11.269 ERROR 6224 --- [    Test worker] tourGuide.service.TourGuideService       : java.lang.NullPointerException
2021-11-29 23:17:11.270 ERROR 6224 --- [    Test worker] tourGuide.service.TourGuideService       : java.lang.NullPointerException
2021-11-29 23:17:11.270 ERROR 6224 --- [    Test worker] tourGuide.service.TourGuideService       : java.lang.NullPointerException
2021-11-29 23:17:11.270 ERROR 6224 --- [    Test worker] tourGuide.service.TourGuideService       : java.lang.NullPointerException
2021-11-29 23:17:11.270 ERROR 6224 --- [    Test worker] tourGuide.service.TourGuideService       : java.lang.NullPointerException
2021-11-29 23:17:11.270 ERROR 6224 --- [    Test worker] tourGuide.service.TourGuideService       : java.lang.NullPointerException
2021-11-29 23:17:11.270 ERROR 6224 --- [    Test worker] tourGuide.service.TourGuideService       : java.lang.NullPointerException
2021-11-29 23:17:11.270 ERROR 6224 --- [    Test worker] tourGuide.service.TourGuideService       : java.lang.NullPointerException
2021-11-29 23:17:11.270 ERROR 6224 --- [    Test worker] tourGuide.service.TourGuideService       : java.lang.NullPointerException
2021-11-29 23:17:11.270 ERROR 6224 --- [    Test worker] tourGuide.service.TourGuideService       : java.lang.NullPointerException
2021-11-29 23:17:11.271 ERROR 6224 --- [    Test worker] tourGuide.service.TourGuideService       : java.lang.NullPointerException
2021-11-29 23:17:11.271 ERROR 6224 --- [    Test worker] tourGuide.service.TourGuideService       : java.lang.NullPointerException
2021-11-29 23:17:11.271 ERROR 6224 --- [    Test worker] tourGuide.service.TourGuideService       : java.lang.NullPointerException
2021-11-29 23:17:11.271 ERROR 6224 --- [    Test worker] tourGuide.service.TourGuideService       : java.lang.NullPointerException
2021-11-29 23:17:11.271 ERROR 6224 --- [    Test worker] tourGuide.service.TourGuideService       : java.lang.NullPointerException
2021-11-29 23:17:11.271 ERROR 6224 --- [    Test worker] tourGuide.service.TourGuideService       : java.lang.NullPointerException
2021-11-29 23:17:11.271 ERROR 6224 --- [    Test worker] tourGuide.service.TourGuideService       : java.lang.NullPointerException
2021-11-29 23:17:11.271 ERROR 6224 --- [    Test worker] tourGuide.service.TourGuideService       : java.lang.NullPointerException
2021-11-29 23:17:11.271 ERROR 6224 --- [    Test worker] tourGuide.service.TourGuideService       : java.lang.NullPointerException
2021-11-29 23:17:11.271 ERROR 6224 --- [    Test worker] tourGuide.service.TourGuideService       : java.lang.NullPointerException
2021-11-29 23:17:11.271 ERROR 6224 --- [    Test worker] tourGuide.service.TourGuideService       : java.lang.NullPointerException
2021-11-29 23:17:11.271 ERROR 6224 --- [    Test worker] tourGuide.service.TourGuideService       : java.lang.NullPointerException
2021-11-29 23:17:11.271 ERROR 6224 --- [    Test worker] tourGuide.service.TourGuideService       : java.lang.NullPointerException
2021-11-29 23:17:11.271 ERROR 6224 --- [    Test worker] tourGuide.service.TourGuideService       : java.lang.NullPointerException
2021-11-29 23:17:11.271 ERROR 6224 --- [    Test worker] tourGuide.service.TourGuideService       : java.lang.NullPointerException
2021-11-29 23:17:11.271 ERROR 6224 --- [    Test worker] tourGuide.service.TourGuideService       : java.lang.NullPointerException
2021-11-29 23:17:11.271 ERROR 6224 --- [    Test worker] tourGuide.service.TourGuideService       : java.lang.NullPointerException
2021-11-29 23:17:11.271 ERROR 6224 --- [    Test worker] tourGuide.service.TourGuideService       : java.lang.NullPointerException
2021-11-29 23:17:11.272 ERROR 6224 --- [    Test worker] tourGuide.service.TourGuideService       : java.lang.NullPointerException
2021-11-29 23:17:11.272 ERROR 6224 --- [    Test worker] tourGuide.service.TourGuideService       : java.lang.NullPointerException
2021-11-29 23:17:11.272 ERROR 6224 --- [    Test worker] tourGuide.service.TourGuideService       : java.lang.NullPointerException
2021-11-29 23:17:11.272 ERROR 6224 --- [    Test worker] tourGuide.service.TourGuideService       : java.lang.NullPointerException
2021-11-29 23:17:11.272 ERROR 6224 --- [    Test worker] tourGuide.service.TourGuideService       : java.lang.NullPointerException
2021-11-29 23:17:11.272 ERROR 6224 --- [    Test worker] tourGuide.service.TourGuideService       : java.lang.NullPointerException
2021-11-29 23:17:11.272 ERROR 6224 --- [    Test worker] tourGuide.service.TourGuideService       : java.lang.NullPointerException
2021-11-29 23:17:11.272 ERROR 6224 --- [    Test worker] tourGuide.service.TourGuideService       : java.lang.NullPointerException
2021-11-29 23:17:11.272 ERROR 6224 --- [    Test worker] tourGuide.service.TourGuideService       : java.lang.NullPointerException
2021-11-29 23:17:11.272 ERROR 6224 --- [    Test worker] tourGuide.service.TourGuideService       : java.lang.NullPointerException
2021-11-29 23:17:11.272 ERROR 6224 --- [    Test worker] tourGuide.service.TourGuideService       : java.lang.NullPointerException
2021-11-29 23:17:11.272 ERROR 6224 --- [    Test worker] tourGuide.service.TourGuideService       : java.lang.NullPointerException
2021-11-29 23:17:11.272 ERROR 6224 --- [    Test worker] tourGuide.service.TourGuideService       : java.lang.NullPointerException
2021-11-29 23:17:11.272 ERROR 6224 --- [    Test worker] tourGuide.service.TourGuideService       : java.lang.NullPointerException
2021-11-29 23:17:11.273 ERROR 6224 --- [    Test worker] tourGuide.service.TourGuideService       : java.lang.NullPointerException
2021-11-29 23:17:11.273 ERROR 6224 --- [    Test worker] tourGuide.service.TourGuideService       : java.lang.NullPointerException
2021-11-29 23:17:11.273 ERROR 6224 --- [    Test worker] tourGuide.service.TourGuideService       : java.lang.NullPointerException
2021-11-29 23:17:11.273 ERROR 6224 --- [    Test worker] tourGuide.service.TourGuideService       : java.lang.NullPointerException
2021-11-29 23:17:11.273 ERROR 6224 --- [    Test worker] tourGuide.service.TourGuideService       : java.lang.NullPointerException
2021-11-29 23:17:11.273 ERROR 6224 --- [    Test worker] tourGuide.service.TourGuideService       : java.lang.NullPointerException
2021-11-29 23:17:11.273 ERROR 6224 --- [    Test worker] tourGuide.service.TourGuideService       : java.lang.NullPointerException
2021-11-29 23:17:11.273 ERROR 6224 --- [    Test worker] tourGuide.service.TourGuideService       : java.lang.NullPointerException
2021-11-29 23:17:11.273 ERROR 6224 --- [    Test worker] tourGuide.service.TourGuideService       : java.lang.NullPointerException
2021-11-29 23:17:11.273 ERROR 6224 --- [    Test worker] tourGuide.service.TourGuideService       : java.lang.NullPointerException
2021-11-29 23:17:11.273 ERROR 6224 --- [    Test worker] tourGuide.service.TourGuideService       : java.lang.NullPointerException
2021-11-29 23:17:11.273 ERROR 6224 --- [    Test worker] tourGuide.service.TourGuideService       : java.lang.NullPointerException
2021-11-29 23:17:11.273 ERROR 6224 --- [    Test worker] tourGuide.service.TourGuideService       : java.lang.NullPointerException
2021-11-29 23:17:11.273 ERROR 6224 --- [    Test worker] tourGuide.service.TourGuideService       : java.lang.NullPointerException
2021-11-29 23:17:11.273 ERROR 6224 --- [    Test worker] tourGuide.service.TourGuideService       : java.lang.NullPointerException
2021-11-29 23:17:11.273 ERROR 6224 --- [    Test worker] tourGuide.service.TourGuideService       : java.lang.NullPointerException
2021-11-29 23:17:11.273 ERROR 6224 --- [    Test worker] tourGuide.service.TourGuideService       : java.lang.NullPointerException
2021-11-29 23:17:11.273 ERROR 6224 --- [    Test worker] tourGuide.service.TourGuideService       : java.lang.NullPointerException
2021-11-29 23:17:11.273 ERROR 6224 --- [    Test worker] tourGuide.service.TourGuideService       : java.lang.NullPointerException
2021-11-29 23:17:11.274 ERROR 6224 --- [    Test worker] tourGuide.service.TourGuideService       : java.lang.NullPointerException
2021-11-29 23:17:11.274 ERROR 6224 --- [    Test worker] tourGuide.service.TourGuideService       : java.lang.NullPointerException
2021-11-29 23:17:11.274 ERROR 6224 --- [    Test worker] tourGuide.service.TourGuideService       : java.lang.NullPointerException
2021-11-29 23:17:11.274 ERROR 6224 --- [    Test worker] tourGuide.service.TourGuideService       : java.lang.NullPointerException
2021-11-29 23:17:11.274 ERROR 6224 --- [    Test worker] tourGuide.service.TourGuideService       : java.lang.NullPointerException
2021-11-29 23:17:11.274 ERROR 6224 --- [    Test worker] tourGuide.service.TourGuideService       : java.lang.NullPointerException
2021-11-29 23:17:11.274 ERROR 6224 --- [    Test worker] tourGuide.service.TourGuideService       : java.lang.NullPointerException
2021-11-29 23:17:11.274 ERROR 6224 --- [    Test worker] tourGuide.service.TourGuideService       : java.lang.NullPointerException
2021-11-29 23:17:11.274 ERROR 6224 --- [    Test worker] tourGuide.service.TourGuideService       : java.lang.NullPointerException
2021-11-29 23:17:11.274 ERROR 6224 --- [    Test worker] tourGuide.service.TourGuideService       : java.lang.NullPointerException
2021-11-29 23:17:11.274 ERROR 6224 --- [    Test worker] tourGuide.service.TourGuideService       : java.lang.NullPointerException
2021-11-29 23:17:11.274 ERROR 6224 --- [    Test worker] tourGuide.service.TourGuideService       : java.lang.NullPointerException
2021-11-29 23:17:11.274 ERROR 6224 --- [    Test worker] tourGuide.service.TourGuideService       : java.lang.NullPointerException
2021-11-29 23:17:11.274 ERROR 6224 --- [    Test worker] tourGuide.service.TourGuideService       : java.lang.NullPointerException
2021-11-29 23:17:11.274 ERROR 6224 --- [    Test worker] tourGuide.service.TourGuideService       : java.lang.NullPointerException
2021-11-29 23:17:11.274 ERROR 6224 --- [    Test worker] tourGuide.service.TourGuideService       : java.lang.NullPointerException
2021-11-29 23:17:11.275 ERROR 6224 --- [    Test worker] tourGuide.service.TourGuideService       : java.lang.NullPointerException
2021-11-29 23:17:11.275 ERROR 6224 --- [    Test worker] tourGuide.service.TourGuideService       : java.lang.NullPointerException
2021-11-29 23:17:11.275 ERROR 6224 --- [    Test worker] tourGuide.service.TourGuideService       : java.lang.NullPointerException
2021-11-29 23:17:11.275 ERROR 6224 --- [    Test worker] tourGuide.service.TourGuideService       : java.lang.NullPointerException
2021-11-29 23:17:11.275 ERROR 6224 --- [    Test worker] tourGuide.service.TourGuideService       : java.lang.NullPointerException
2021-11-29 23:17:11.275 ERROR 6224 --- [    Test worker] tourGuide.service.TourGuideService       : java.lang.NullPointerException
2021-11-29 23:17:11.275 ERROR 6224 --- [    Test worker] tourGuide.service.TourGuideService       : java.lang.NullPointerException
2021-11-29 23:17:11.275 ERROR 6224 --- [    Test worker] tourGuide.service.TourGuideService       : java.lang.NullPointerException
2021-11-29 23:17:11.275 ERROR 6224 --- [    Test worker] tourGuide.service.TourGuideService       : java.lang.NullPointerException
2021-11-29 23:17:11.275 ERROR 6224 --- [    Test worker] tourGuide.service.TourGuideService       : java.lang.NullPointerException
2021-11-29 23:17:11.275 ERROR 6224 --- [    Test worker] tourGuide.service.TourGuideService       : java.lang.NullPointerException
2021-11-29 23:17:11.275 ERROR 6224 --- [    Test worker] tourGuide.service.TourGuideService       : java.lang.NullPointerException
2021-11-29 23:17:11.275 ERROR 6224 --- [    Test worker] tourGuide.service.TourGuideService       : java.lang.NullPointerException
2021-11-29 23:17:11.275 ERROR 6224 --- [    Test worker] tourGuide.service.TourGuideService       : java.lang.NullPointerException
2021-11-29 23:17:11.275 ERROR 6224 --- [    Test worker] tourGuide.service.TourGuideService       : java.lang.NullPointerException
2021-11-29 23:17:11.275 ERROR 6224 --- [    Test worker] tourGuide.service.TourGuideService       : java.lang.NullPointerException
2021-11-29 23:17:11.275 ERROR 6224 --- [    Test worker] tourGuide.service.TourGuideService       : java.lang.NullPointerException
2021-11-29 23:17:11.275 ERROR 6224 --- [    Test worker] tourGuide.service.TourGuideService       : java.lang.NullPointerException
2021-11-29 23:17:11.275 ERROR 6224 --- [    Test worker] tourGuide.service.TourGuideService       : java.lang.NullPointerException
2021-11-29 23:17:11.275 ERROR 6224 --- [    Test worker] tourGuide.service.TourGuideService       : java.lang.NullPointerException
2021-11-29 23:17:11.275 ERROR 6224 --- [    Test worker] tourGuide.service.TourGuideService       : java.lang.NullPointerException
2021-11-29 23:17:11.276 ERROR 6224 --- [    Test worker] tourGuide.service.TourGuideService       : java.lang.NullPointerException
2021-11-29 23:17:11.276 ERROR 6224 --- [    Test worker] tourGuide.service.TourGuideService       : java.lang.NullPointerException
2021-11-29 23:17:11.276 ERROR 6224 --- [    Test worker] tourGuide.service.TourGuideService       : java.lang.NullPointerException
2021-11-29 23:17:11.276 ERROR 6224 --- [    Test worker] tourGuide.service.TourGuideService       : java.lang.NullPointerException
2021-11-29 23:17:11.276 ERROR 6224 --- [    Test worker] tourGuide.service.TourGuideService       : java.lang.NullPointerException
2021-11-29 23:17:11.276 ERROR 6224 --- [    Test worker] tourGuide.service.TourGuideService       : java.lang.NullPointerException
2021-11-29 23:17:11.276 ERROR 6224 --- [    Test worker] tourGuide.service.TourGuideService       : java.lang.NullPointerException
2021-11-29 23:17:11.276 ERROR 6224 --- [    Test worker] tourGuide.service.TourGuideService       : java.lang.NullPointerException
2021-11-29 23:17:11.276 ERROR 6224 --- [    Test worker] tourGuide.service.TourGuideService       : java.lang.NullPointerException
2021-11-29 23:17:11.276 ERROR 6224 --- [    Test worker] tourGuide.service.TourGuideService       : java.lang.NullPointerException
2021-11-29 23:17:11.276 ERROR 6224 --- [    Test worker] tourGuide.service.TourGuideService       : java.lang.NullPointerException
2021-11-29 23:17:11.276 ERROR 6224 --- [    Test worker] tourGuide.service.TourGuideService       : java.lang.NullPointerException
2021-11-29 23:17:11.277 ERROR 6224 --- [    Test worker] tourGuide.service.TourGuideService       : java.lang.NullPointerException
2021-11-29 23:17:11.277 ERROR 6224 --- [    Test worker] tourGuide.service.TourGuideService       : java.lang.NullPointerException
2021-11-29 23:17:11.277 ERROR 6224 --- [    Test worker] tourGuide.service.TourGuideService       : java.lang.NullPointerException
2021-11-29 23:17:11.277 ERROR 6224 --- [    Test worker] tourGuide.service.TourGuideService       : java.lang.NullPointerException
2021-11-29 23:17:11.277 ERROR 6224 --- [    Test worker] tourGuide.service.TourGuideService       : java.lang.NullPointerException
2021-11-29 23:17:11.277 ERROR 6224 --- [    Test worker] tourGuide.service.TourGuideService       : java.lang.NullPointerException
2021-11-29 23:17:11.277 ERROR 6224 --- [    Test worker] tourGuide.service.TourGuideService       : java.lang.NullPointerException
2021-11-29 23:17:11.277 ERROR 6224 --- [    Test worker] tourGuide.service.TourGuideService       : java.lang.NullPointerException
2021-11-29 23:17:11.277 ERROR 6224 --- [    Test worker] tourGuide.service.TourGuideService       : java.lang.NullPointerException
2021-11-29 23:17:11.277 ERROR 6224 --- [    Test worker] tourGuide.service.TourGuideService       : java.lang.NullPointerException
2021-11-29 23:17:11.277 ERROR 6224 --- [    Test worker] tourGuide.service.TourGuideService       : java.lang.NullPointerException
2021-11-29 23:17:11.278 ERROR 6224 --- [    Test worker] tourGuide.service.TourGuideService       : java.lang.NullPointerException
2021-11-29 23:17:11.278 ERROR 6224 --- [    Test worker] tourGuide.service.TourGuideService       : java.lang.NullPointerException
2021-11-29 23:17:11.279 ERROR 6224 --- [    Test worker] tourGuide.service.TourGuideService       : java.lang.NullPointerException
2021-11-29 23:17:11.279 ERROR 6224 --- [    Test worker] tourGuide.service.TourGuideService       : java.lang.NullPointerException
2021-11-29 23:17:11.279 ERROR 6224 --- [    Test worker] tourGuide.service.TourGuideService       : java.lang.NullPointerException
2021-11-29 23:17:11.279 ERROR 6224 --- [    Test worker] tourGuide.service.TourGuideService       : java.lang.NullPointerException
2021-11-29 23:17:11.279 ERROR 6224 --- [    Test worker] tourGuide.service.TourGuideService       : java.lang.NullPointerException
2021-11-29 23:17:11.279 ERROR 6224 --- [    Test worker] tourGuide.service.TourGuideService       : java.lang.NullPointerException
2021-11-29 23:17:11.279 ERROR 6224 --- [    Test worker] tourGuide.service.TourGuideService       : java.lang.NullPointerException
2021-11-29 23:17:11.279 ERROR 6224 --- [    Test worker] tourGuide.service.TourGuideService       : java.lang.NullPointerException
2021-11-29 23:17:11.279 ERROR 6224 --- [    Test worker] tourGuide.service.TourGuideService       : java.lang.NullPointerException
2021-11-29 23:17:11.279 ERROR 6224 --- [    Test worker] tourGuide.service.TourGuideService       : java.lang.NullPointerException
2021-11-29 23:17:11.280 ERROR 6224 --- [    Test worker] tourGuide.service.TourGuideService       : java.lang.NullPointerException
2021-11-29 23:17:11.280 ERROR 6224 --- [    Test worker] tourGuide.service.TourGuideService       : java.lang.NullPointerException
2021-11-29 23:17:11.280 ERROR 6224 --- [    Test worker] tourGuide.service.TourGuideService       : java.lang.NullPointerException
2021-11-29 23:17:11.280 ERROR 6224 --- [    Test worker] tourGuide.service.TourGuideService       : java.lang.NullPointerException
2021-11-29 23:17:11.280 ERROR 6224 --- [    Test worker] tourGuide.service.TourGuideService       : java.lang.NullPointerException
2021-11-29 23:17:11.280 ERROR 6224 --- [    Test worker] tourGuide.service.TourGuideService       : java.lang.NullPointerException
2021-11-29 23:17:11.280 ERROR 6224 --- [    Test worker] tourGuide.service.TourGuideService       : java.lang.NullPointerException
2021-11-29 23:17:11.280 ERROR 6224 --- [    Test worker] tourGuide.service.TourGuideService       : java.lang.NullPointerException
2021-11-29 23:17:11.280 ERROR 6224 --- [    Test worker] tourGuide.service.TourGuideService       : java.lang.NullPointerException
2021-11-29 23:17:11.280 ERROR 6224 --- [    Test worker] tourGuide.service.TourGuideService       : java.lang.NullPointerException
2021-11-29 23:17:11.280 ERROR 6224 --- [    Test worker] tourGuide.service.TourGuideService       : java.lang.NullPointerException
2021-11-29 23:17:11.286 ERROR 6224 --- [    Test worker] tourGuide.service.TourGuideService       : java.lang.NullPointerException
2021-11-29 23:17:11.286 ERROR 6224 --- [    Test worker] tourGuide.service.TourGuideService       : java.lang.NullPointerException
2021-11-29 23:17:11.286 ERROR 6224 --- [    Test worker] tourGuide.service.TourGuideService       : java.lang.NullPointerException
2021-11-29 23:17:11.286 ERROR 6224 --- [    Test worker] tourGuide.service.TourGuideService       : java.lang.NullPointerException
2021-11-29 23:17:11.286 ERROR 6224 --- [    Test worker] tourGuide.service.TourGuideService       : java.lang.NullPointerException
2021-11-29 23:17:11.286 ERROR 6224 --- [    Test worker] tourGuide.service.TourGuideService       : java.lang.NullPointerException
2021-11-29 23:17:11.286 ERROR 6224 --- [    Test worker] tourGuide.service.TourGuideService       : java.lang.NullPointerException
2021-11-29 23:17:11.286 ERROR 6224 --- [    Test worker] tourGuide.service.TourGuideService       : java.lang.NullPointerException
2021-11-29 23:17:11.287 ERROR 6224 --- [    Test worker] tourGuide.service.TourGuideService       : java.lang.NullPointerException
2021-11-29 23:17:11.287 ERROR 6224 --- [    Test worker] tourGuide.service.TourGuideService       : java.lang.NullPointerException
2021-11-29 23:17:11.287 ERROR 6224 --- [    Test worker] tourGuide.service.TourGuideService       : java.lang.NullPointerException
2021-11-29 23:17:11.287 ERROR 6224 --- [    Test worker] tourGuide.service.TourGuideService       : java.lang.NullPointerException
2021-11-29 23:17:11.287 ERROR 6224 --- [    Test worker] tourGuide.service.TourGuideService       : java.lang.NullPointerException
2021-11-29 23:17:11.287 ERROR 6224 --- [    Test worker] tourGuide.service.TourGuideService       : java.lang.NullPointerException
2021-11-29 23:17:11.287 ERROR 6224 --- [    Test worker] tourGuide.service.TourGuideService       : java.lang.NullPointerException
2021-11-29 23:17:11.287 ERROR 6224 --- [    Test worker] tourGuide.service.TourGuideService       : java.lang.NullPointerException
2021-11-29 23:17:11.287 ERROR 6224 --- [    Test worker] tourGuide.service.TourGuideService       : java.lang.NullPointerException
2021-11-29 23:17:11.287 ERROR 6224 --- [    Test worker] tourGuide.service.TourGuideService       : java.lang.NullPointerException
2021-11-29 23:17:11.287 ERROR 6224 --- [    Test worker] tourGuide.service.TourGuideService       : java.lang.NullPointerException
2021-11-29 23:17:11.287 ERROR 6224 --- [    Test worker] tourGuide.service.TourGuideService       : java.lang.NullPointerException
2021-11-29 23:17:11.287 ERROR 6224 --- [    Test worker] tourGuide.service.TourGuideService       : java.lang.NullPointerException
2021-11-29 23:17:11.287 ERROR 6224 --- [    Test worker] tourGuide.service.TourGuideService       : java.lang.NullPointerException
2021-11-29 23:17:11.287 ERROR 6224 --- [    Test worker] tourGuide.service.TourGuideService       : java.lang.NullPointerException
2021-11-29 23:17:11.287 ERROR 6224 --- [    Test worker] tourGuide.service.TourGuideService       : java.lang.NullPointerException
2021-11-29 23:17:11.287 ERROR 6224 --- [    Test worker] tourGuide.service.TourGuideService       : java.lang.NullPointerException
2021-11-29 23:17:11.287 ERROR 6224 --- [    Test worker] tourGuide.service.TourGuideService       : java.lang.NullPointerException
2021-11-29 23:17:11.287 ERROR 6224 --- [    Test worker] tourGuide.service.TourGuideService       : java.lang.NullPointerException
2021-11-29 23:17:11.287 ERROR 6224 --- [    Test worker] tourGuide.service.TourGuideService       : java.lang.NullPointerException
2021-11-29 23:17:11.288 ERROR 6224 --- [    Test worker] tourGuide.service.TourGuideService       : java.lang.NullPointerException
2021-11-29 23:17:11.288 ERROR 6224 --- [    Test worker] tourGuide.service.TourGuideService       : java.lang.NullPointerException
2021-11-29 23:17:11.288 ERROR 6224 --- [    Test worker] tourGuide.service.TourGuideService       : java.lang.NullPointerException
2021-11-29 23:17:11.288 ERROR 6224 --- [    Test worker] tourGuide.service.TourGuideService       : java.lang.NullPointerException
2021-11-29 23:17:11.288 ERROR 6224 --- [    Test worker] tourGuide.service.TourGuideService       : java.lang.NullPointerException
2021-11-29 23:17:11.288 ERROR 6224 --- [    Test worker] tourGuide.service.TourGuideService       : java.lang.NullPointerException
2021-11-29 23:17:11.288 ERROR 6224 --- [    Test worker] tourGuide.service.TourGuideService       : java.lang.NullPointerException
2021-11-29 23:17:11.288 ERROR 6224 --- [    Test worker] tourGuide.service.TourGuideService       : java.lang.NullPointerException
2021-11-29 23:17:11.288 ERROR 6224 --- [    Test worker] tourGuide.service.TourGuideService       : java.lang.NullPointerException
2021-11-29 23:17:11.288 ERROR 6224 --- [    Test worker] tourGuide.service.TourGuideService       : java.lang.NullPointerException
2021-11-29 23:17:11.288 ERROR 6224 --- [    Test worker] tourGuide.service.TourGuideService       : java.lang.NullPointerException
2021-11-29 23:17:11.288 ERROR 6224 --- [    Test worker] tourGuide.service.TourGuideService       : java.lang.NullPointerException
2021-11-29 23:17:11.288 ERROR 6224 --- [    Test worker] tourGuide.service.TourGuideService       : java.lang.NullPointerException
2021-11-29 23:17:11.288 ERROR 6224 --- [    Test worker] tourGuide.service.TourGuideService       : java.lang.NullPointerException
2021-11-29 23:17:11.288 ERROR 6224 --- [    Test worker] tourGuide.service.TourGuideService       : java.lang.NullPointerException
2021-11-29 23:17:11.289 ERROR 6224 --- [    Test worker] tourGuide.service.TourGuideService       : java.lang.NullPointerException
2021-11-29 23:17:11.289 ERROR 6224 --- [    Test worker] tourGuide.service.TourGuideService       : java.lang.NullPointerException
2021-11-29 23:17:11.289 ERROR 6224 --- [    Test worker] tourGuide.service.TourGuideService       : java.lang.NullPointerException
2021-11-29 23:17:11.289 ERROR 6224 --- [    Test worker] tourGuide.service.TourGuideService       : java.lang.NullPointerException
2021-11-29 23:17:11.289 ERROR 6224 --- [    Test worker] tourGuide.service.TourGuideService       : java.lang.NullPointerException
2021-11-29 23:17:11.289 ERROR 6224 --- [    Test worker] tourGuide.service.TourGuideService       : java.lang.NullPointerException
2021-11-29 23:17:11.289 ERROR 6224 --- [    Test worker] tourGuide.service.TourGuideService       : java.lang.NullPointerException
2021-11-29 23:17:11.289 ERROR 6224 --- [    Test worker] tourGuide.service.TourGuideService       : java.lang.NullPointerException
2021-11-29 23:17:11.289 ERROR 6224 --- [    Test worker] tourGuide.service.TourGuideService       : java.lang.NullPointerException
2021-11-29 23:17:11.289 ERROR 6224 --- [    Test worker] tourGuide.service.TourGuideService       : java.lang.NullPointerException
2021-11-29 23:17:11.289 ERROR 6224 --- [    Test worker] tourGuide.service.TourGuideService       : java.lang.NullPointerException
2021-11-29 23:17:11.289 ERROR 6224 --- [    Test worker] tourGuide.service.TourGuideService       : java.lang.NullPointerException
2021-11-29 23:17:11.289 ERROR 6224 --- [    Test worker] tourGuide.service.TourGuideService       : java.lang.NullPointerException
2021-11-29 23:17:11.289 ERROR 6224 --- [    Test worker] tourGuide.service.TourGuideService       : java.lang.NullPointerException
2021-11-29 23:17:11.289 ERROR 6224 --- [    Test worker] tourGuide.service.TourGuideService       : java.lang.NullPointerException
2021-11-29 23:17:11.289 ERROR 6224 --- [    Test worker] tourGuide.service.TourGuideService       : java.lang.NullPointerException
2021-11-29 23:17:11.289 ERROR 6224 --- [    Test worker] tourGuide.service.TourGuideService       : java.lang.NullPointerException
2021-11-29 23:17:11.290 ERROR 6224 --- [    Test worker] tourGuide.service.TourGuideService       : java.lang.NullPointerException
2021-11-29 23:17:11.290 ERROR 6224 --- [    Test worker] tourGuide.service.TourGuideService       : java.lang.NullPointerException
2021-11-29 23:17:11.290 ERROR 6224 --- [    Test worker] tourGuide.service.TourGuideService       : java.lang.NullPointerException
2021-11-29 23:17:11.290 ERROR 6224 --- [    Test worker] tourGuide.service.TourGuideService       : java.lang.NullPointerException
2021-11-29 23:17:11.290 ERROR 6224 --- [    Test worker] tourGuide.service.TourGuideService       : java.lang.NullPointerException
2021-11-29 23:17:11.290 ERROR 6224 --- [    Test worker] tourGuide.service.TourGuideService       : java.lang.NullPointerException
2021-11-29 23:17:11.290 ERROR 6224 --- [    Test worker] tourGuide.service.TourGuideService       : java.lang.NullPointerException
2021-11-29 23:17:11.290 ERROR 6224 --- [    Test worker] tourGuide.service.TourGuideService       : java.lang.NullPointerException
2021-11-29 23:17:11.290 ERROR 6224 --- [    Test worker] tourGuide.service.TourGuideService       : java.lang.NullPointerException
2021-11-29 23:17:11.290 ERROR 6224 --- [    Test worker] tourGuide.service.TourGuideService       : java.lang.NullPointerException
2021-11-29 23:17:11.290 ERROR 6224 --- [    Test worker] tourGuide.service.TourGuideService       : java.lang.NullPointerException
2021-11-29 23:17:11.290 ERROR 6224 --- [    Test worker] tourGuide.service.TourGuideService       : java.lang.NullPointerException
2021-11-29 23:17:11.290 ERROR 6224 --- [    Test worker] tourGuide.service.TourGuideService       : java.lang.NullPointerException
2021-11-29 23:17:11.290 ERROR 6224 --- [    Test worker] tourGuide.service.TourGuideService       : java.lang.NullPointerException
2021-11-29 23:17:11.290 ERROR 6224 --- [    Test worker] tourGuide.service.TourGuideService       : java.lang.NullPointerException
2021-11-29 23:17:11.290 ERROR 6224 --- [    Test worker] tourGuide.service.TourGuideService       : java.lang.NullPointerException
2021-11-29 23:17:11.290 ERROR 6224 --- [    Test worker] tourGuide.service.TourGuideService       : java.lang.NullPointerException
2021-11-29 23:17:11.290 ERROR 6224 --- [    Test worker] tourGuide.service.TourGuideService       : java.lang.NullPointerException
2021-11-29 23:17:11.290 ERROR 6224 --- [    Test worker] tourGuide.service.TourGuideService       : java.lang.NullPointerException
2021-11-29 23:17:11.290 ERROR 6224 --- [    Test worker] tourGuide.service.TourGuideService       : java.lang.NullPointerException
2021-11-29 23:17:11.291 ERROR 6224 --- [    Test worker] tourGuide.service.TourGuideService       : java.lang.NullPointerException
2021-11-29 23:17:11.291 ERROR 6224 --- [    Test worker] tourGuide.service.TourGuideService       : java.lang.NullPointerException
2021-11-29 23:17:11.291 ERROR 6224 --- [    Test worker] tourGuide.service.TourGuideService       : java.lang.NullPointerException
2021-11-29 23:17:11.291 ERROR 6224 --- [    Test worker] tourGuide.service.TourGuideService       : java.lang.NullPointerException
2021-11-29 23:17:11.291 ERROR 6224 --- [    Test worker] tourGuide.service.TourGuideService       : java.lang.NullPointerException
2021-11-29 23:17:11.291 ERROR 6224 --- [    Test worker] tourGuide.service.TourGuideService       : java.lang.NullPointerException
2021-11-29 23:17:11.291 ERROR 6224 --- [    Test worker] tourGuide.service.TourGuideService       : java.lang.NullPointerException
2021-11-29 23:17:11.291 ERROR 6224 --- [    Test worker] tourGuide.service.TourGuideService       : java.lang.NullPointerException
2021-11-29 23:17:11.291 ERROR 6224 --- [    Test worker] tourGuide.service.TourGuideService       : java.lang.NullPointerException
2021-11-29 23:17:11.291 ERROR 6224 --- [    Test worker] tourGuide.service.TourGuideService       : java.lang.NullPointerException
2021-11-29 23:17:11.291 ERROR 6224 --- [    Test worker] tourGuide.service.TourGuideService       : java.lang.NullPointerException
2021-11-29 23:17:11.291 ERROR 6224 --- [    Test worker] tourGuide.service.TourGuideService       : java.lang.NullPointerException
2021-11-29 23:17:11.291 ERROR 6224 --- [    Test worker] tourGuide.service.TourGuideService       : java.lang.NullPointerException
2021-11-29 23:17:11.291 ERROR 6224 --- [    Test worker] tourGuide.service.TourGuideService       : java.lang.NullPointerException
2021-11-29 23:17:11.291 ERROR 6224 --- [    Test worker] tourGuide.service.TourGuideService       : java.lang.NullPointerException
2021-11-29 23:17:11.291 ERROR 6224 --- [    Test worker] tourGuide.service.TourGuideService       : java.lang.NullPointerException
2021-11-29 23:17:11.291 ERROR 6224 --- [    Test worker] tourGuide.service.TourGuideService       : java.lang.NullPointerException
2021-11-29 23:17:11.291 ERROR 6224 --- [    Test worker] tourGuide.service.TourGuideService       : java.lang.NullPointerException
2021-11-29 23:17:11.291 ERROR 6224 --- [    Test worker] tourGuide.service.TourGuideService       : java.lang.NullPointerException
2021-11-29 23:17:11.291 ERROR 6224 --- [    Test worker] tourGuide.service.TourGuideService       : java.lang.NullPointerException
2021-11-29 23:17:11.291 ERROR 6224 --- [    Test worker] tourGuide.service.TourGuideService       : java.lang.NullPointerException
2021-11-29 23:17:11.291 ERROR 6224 --- [    Test worker] tourGuide.service.TourGuideService       : java.lang.NullPointerException
2021-11-29 23:17:11.291 ERROR 6224 --- [    Test worker] tourGuide.service.TourGuideService       : java.lang.NullPointerException
2021-11-29 23:17:11.292 ERROR 6224 --- [    Test worker] tourGuide.service.TourGuideService       : java.lang.NullPointerException
2021-11-29 23:17:11.292 ERROR 6224 --- [    Test worker] tourGuide.service.TourGuideService       : java.lang.NullPointerException
2021-11-29 23:17:11.292 ERROR 6224 --- [    Test worker] tourGuide.service.TourGuideService       : java.lang.NullPointerException
2021-11-29 23:17:11.292 ERROR 6224 --- [    Test worker] tourGuide.service.TourGuideService       : java.lang.NullPointerException
2021-11-29 23:17:11.292 ERROR 6224 --- [    Test worker] tourGuide.service.TourGuideService       : java.lang.NullPointerException
2021-11-29 23:17:11.292 ERROR 6224 --- [    Test worker] tourGuide.service.TourGuideService       : java.lang.NullPointerException
2021-11-29 23:17:11.292 ERROR 6224 --- [    Test worker] tourGuide.service.TourGuideService       : java.lang.NullPointerException
2021-11-29 23:17:11.292 ERROR 6224 --- [    Test worker] tourGuide.service.TourGuideService       : java.lang.NullPointerException
2021-11-29 23:17:11.292 ERROR 6224 --- [    Test worker] tourGuide.service.TourGuideService       : java.lang.NullPointerException
2021-11-29 23:17:11.292 ERROR 6224 --- [    Test worker] tourGuide.service.TourGuideService       : java.lang.NullPointerException
2021-11-29 23:17:11.292 ERROR 6224 --- [    Test worker] tourGuide.service.TourGuideService       : java.lang.NullPointerException
2021-11-29 23:17:11.293 ERROR 6224 --- [    Test worker] tourGuide.service.TourGuideService       : java.lang.NullPointerException
2021-11-29 23:17:11.293 ERROR 6224 --- [    Test worker] tourGuide.service.TourGuideService       : java.lang.NullPointerException
2021-11-29 23:17:11.294 ERROR 6224 --- [    Test worker] tourGuide.service.TourGuideService       : java.lang.NullPointerException
2021-11-29 23:17:11.295 ERROR 6224 --- [    Test worker] tourGuide.service.TourGuideService       : java.lang.NullPointerException
2021-11-29 23:17:11.295 ERROR 6224 --- [    Test worker] tourGuide.service.TourGuideService       : java.lang.NullPointerException
2021-11-29 23:17:11.295 ERROR 6224 --- [    Test worker] tourGuide.service.TourGuideService       : java.lang.NullPointerException
2021-11-29 23:17:11.295 ERROR 6224 --- [    Test worker] tourGuide.service.TourGuideService       : java.lang.NullPointerException
2021-11-29 23:17:11.295 ERROR 6224 --- [    Test worker] tourGuide.service.TourGuideService       : java.lang.NullPointerException
2021-11-29 23:17:11.295 ERROR 6224 --- [    Test worker] tourGuide.service.TourGuideService       : java.lang.NullPointerException
2021-11-29 23:17:11.295 ERROR 6224 --- [    Test worker] tourGuide.service.TourGuideService       : java.lang.NullPointerException
2021-11-29 23:17:11.296 ERROR 6224 --- [    Test worker] tourGuide.service.TourGuideService       : java.lang.NullPointerException
2021-11-29 23:17:11.296 ERROR 6224 --- [    Test worker] tourGuide.service.TourGuideService       : java.lang.NullPointerException
2021-11-29 23:17:11.296 ERROR 6224 --- [    Test worker] tourGuide.service.TourGuideService       : java.lang.NullPointerException
2021-11-29 23:17:11.296 ERROR 6224 --- [    Test worker] tourGuide.service.TourGuideService       : java.lang.NullPointerException
2021-11-29 23:17:11.296 ERROR 6224 --- [    Test worker] tourGuide.service.TourGuideService       : java.lang.NullPointerException
2021-11-29 23:17:11.296 ERROR 6224 --- [    Test worker] tourGuide.service.TourGuideService       : java.lang.NullPointerException
2021-11-29 23:17:11.296 ERROR 6224 --- [    Test worker] tourGuide.service.TourGuideService       : java.lang.NullPointerException
2021-11-29 23:17:11.296 ERROR 6224 --- [    Test worker] tourGuide.service.TourGuideService       : java.lang.NullPointerException
2021-11-29 23:17:11.297 ERROR 6224 --- [    Test worker] tourGuide.service.TourGuideService       : java.lang.NullPointerException
2021-11-29 23:17:11.297 ERROR 6224 --- [    Test worker] tourGuide.service.TourGuideService       : java.lang.NullPointerException
2021-11-29 23:17:11.297 ERROR 6224 --- [    Test worker] tourGuide.service.TourGuideService       : java.lang.NullPointerException
2021-11-29 23:17:11.297 ERROR 6224 --- [    Test worker] tourGuide.service.TourGuideService       : java.lang.NullPointerException
2021-11-29 23:17:11.297 ERROR 6224 --- [    Test worker] tourGuide.service.TourGuideService       : java.lang.NullPointerException
2021-11-29 23:17:11.297 ERROR 6224 --- [    Test worker] tourGuide.service.TourGuideService       : java.lang.NullPointerException
2021-11-29 23:17:11.297 ERROR 6224 --- [    Test worker] tourGuide.service.TourGuideService       : java.lang.NullPointerException
2021-11-29 23:17:11.297 ERROR 6224 --- [    Test worker] tourGuide.service.TourGuideService       : java.lang.NullPointerException
2021-11-29 23:17:11.299 ERROR 6224 --- [    Test worker] tourGuide.service.TourGuideService       : java.lang.NullPointerException
2021-11-29 23:17:11.299 ERROR 6224 --- [    Test worker] tourGuide.service.TourGuideService       : java.lang.NullPointerException
2021-11-29 23:17:11.299 ERROR 6224 --- [    Test worker] tourGuide.service.TourGuideService       : java.lang.NullPointerException
2021-11-29 23:17:11.299 ERROR 6224 --- [    Test worker] tourGuide.service.TourGuideService       : java.lang.NullPointerException
2021-11-29 23:17:11.299 ERROR 6224 --- [    Test worker] tourGuide.service.TourGuideService       : java.lang.NullPointerException
2021-11-29 23:17:11.299 ERROR 6224 --- [    Test worker] tourGuide.service.TourGuideService       : java.lang.NullPointerException
2021-11-29 23:17:11.300 ERROR 6224 --- [    Test worker] tourGuide.service.TourGuideService       : java.lang.NullPointerException
2021-11-29 23:17:11.300 ERROR 6224 --- [    Test worker] tourGuide.service.TourGuideService       : java.lang.NullPointerException
2021-11-29 23:17:11.300 ERROR 6224 --- [    Test worker] tourGuide.service.TourGuideService       : java.lang.NullPointerException
2021-11-29 23:17:11.300 ERROR 6224 --- [    Test worker] tourGuide.service.TourGuideService       : java.lang.NullPointerException
2021-11-29 23:17:11.300 ERROR 6224 --- [    Test worker] tourGuide.service.TourGuideService       : java.lang.NullPointerException
2021-11-29 23:17:11.300 ERROR 6224 --- [    Test worker] tourGuide.service.TourGuideService       : java.lang.NullPointerException
2021-11-29 23:17:11.300 ERROR 6224 --- [    Test worker] tourGuide.service.TourGuideService       : java.lang.NullPointerException
2021-11-29 23:17:11.300 ERROR 6224 --- [    Test worker] tourGuide.service.TourGuideService       : java.lang.NullPointerException
2021-11-29 23:17:11.300 ERROR 6224 --- [    Test worker] tourGuide.service.TourGuideService       : java.lang.NullPointerException
2021-11-29 23:17:11.300 ERROR 6224 --- [    Test worker] tourGuide.service.TourGuideService       : java.lang.NullPointerException
2021-11-29 23:17:11.300 ERROR 6224 --- [    Test worker] tourGuide.service.TourGuideService       : java.lang.NullPointerException
2021-11-29 23:17:11.300 ERROR 6224 --- [    Test worker] tourGuide.service.TourGuideService       : java.lang.NullPointerException
2021-11-29 23:17:11.300 ERROR 6224 --- [    Test worker] tourGuide.service.TourGuideService       : java.lang.NullPointerException
2021-11-29 23:17:11.301 ERROR 6224 --- [    Test worker] tourGuide.service.TourGuideService       : java.lang.NullPointerException
2021-11-29 23:17:11.301 ERROR 6224 --- [    Test worker] tourGuide.service.TourGuideService       : java.lang.NullPointerException
2021-11-29 23:17:11.301 ERROR 6224 --- [    Test worker] tourGuide.service.TourGuideService       : java.lang.NullPointerException
2021-11-29 23:17:11.301 ERROR 6224 --- [    Test worker] tourGuide.service.TourGuideService       : java.lang.NullPointerException
2021-11-29 23:17:11.301 ERROR 6224 --- [    Test worker] tourGuide.service.TourGuideService       : java.lang.NullPointerException
2021-11-29 23:17:11.301 ERROR 6224 --- [    Test worker] tourGuide.service.TourGuideService       : java.lang.NullPointerException
2021-11-29 23:17:11.301 ERROR 6224 --- [    Test worker] tourGuide.service.TourGuideService       : java.lang.NullPointerException
2021-11-29 23:17:11.301 ERROR 6224 --- [    Test worker] tourGuide.service.TourGuideService       : java.lang.NullPointerException
2021-11-29 23:17:11.301 ERROR 6224 --- [    Test worker] tourGuide.service.TourGuideService       : java.lang.NullPointerException
2021-11-29 23:17:11.301 ERROR 6224 --- [    Test worker] tourGuide.service.TourGuideService       : java.lang.NullPointerException
2021-11-29 23:17:11.301 ERROR 6224 --- [    Test worker] tourGuide.service.TourGuideService       : java.lang.NullPointerException
2021-11-29 23:17:11.301 ERROR 6224 --- [    Test worker] tourGuide.service.TourGuideService       : java.lang.NullPointerException
2021-11-29 23:17:11.301 ERROR 6224 --- [    Test worker] tourGuide.service.TourGuideService       : java.lang.NullPointerException
2021-11-29 23:17:11.301 ERROR 6224 --- [    Test worker] tourGuide.service.TourGuideService       : java.lang.NullPointerException
2021-11-29 23:17:11.301 ERROR 6224 --- [    Test worker] tourGuide.service.TourGuideService       : java.lang.NullPointerException
2021-11-29 23:17:11.301 ERROR 6224 --- [    Test worker] tourGuide.service.TourGuideService       : java.lang.NullPointerException
2021-11-29 23:17:11.301 ERROR 6224 --- [    Test worker] tourGuide.service.TourGuideService       : java.lang.NullPointerException
2021-11-29 23:17:11.301 ERROR 6224 --- [    Test worker] tourGuide.service.TourGuideService       : java.lang.NullPointerException
2021-11-29 23:17:11.301 ERROR 6224 --- [    Test worker] tourGuide.service.TourGuideService       : java.lang.NullPointerException
2021-11-29 23:17:11.302 ERROR 6224 --- [    Test worker] tourGuide.service.TourGuideService       : java.lang.NullPointerException
2021-11-29 23:17:11.302 ERROR 6224 --- [    Test worker] tourGuide.service.TourGuideService       : java.lang.NullPointerException
2021-11-29 23:17:11.302 ERROR 6224 --- [    Test worker] tourGuide.service.TourGuideService       : java.lang.NullPointerException
2021-11-29 23:17:11.302 ERROR 6224 --- [    Test worker] tourGuide.service.TourGuideService       : java.lang.NullPointerException
2021-11-29 23:17:11.302 ERROR 6224 --- [    Test worker] tourGuide.service.TourGuideService       : java.lang.NullPointerException
2021-11-29 23:17:11.302 ERROR 6224 --- [    Test worker] tourGuide.service.TourGuideService       : java.lang.NullPointerException
2021-11-29 23:17:11.302 ERROR 6224 --- [    Test worker] tourGuide.service.TourGuideService       : java.lang.NullPointerException
2021-11-29 23:17:11.302 ERROR 6224 --- [    Test worker] tourGuide.service.TourGuideService       : java.lang.NullPointerException
2021-11-29 23:17:11.302 ERROR 6224 --- [    Test worker] tourGuide.service.TourGuideService       : java.lang.NullPointerException
2021-11-29 23:17:11.302 ERROR 6224 --- [    Test worker] tourGuide.service.TourGuideService       : java.lang.NullPointerException
2021-11-29 23:17:11.302 ERROR 6224 --- [    Test worker] tourGuide.service.TourGuideService       : java.lang.NullPointerException
2021-11-29 23:17:11.302 ERROR 6224 --- [    Test worker] tourGuide.service.TourGuideService       : java.lang.NullPointerException
2021-11-29 23:17:11.302 ERROR 6224 --- [    Test worker] tourGuide.service.TourGuideService       : java.lang.NullPointerException
2021-11-29 23:17:11.302 ERROR 6224 --- [    Test worker] tourGuide.service.TourGuideService       : java.lang.NullPointerException
2021-11-29 23:17:11.302 ERROR 6224 --- [    Test worker] tourGuide.service.TourGuideService       : java.lang.NullPointerException
2021-11-29 23:17:11.302 ERROR 6224 --- [    Test worker] tourGuide.service.TourGuideService       : java.lang.NullPointerException
2021-11-29 23:17:11.303 ERROR 6224 --- [    Test worker] tourGuide.service.TourGuideService       : java.lang.NullPointerException
2021-11-29 23:17:11.303 ERROR 6224 --- [    Test worker] tourGuide.service.TourGuideService       : java.lang.NullPointerException
2021-11-29 23:17:11.303 ERROR 6224 --- [    Test worker] tourGuide.service.TourGuideService       : java.lang.NullPointerException
2021-11-29 23:17:11.303 ERROR 6224 --- [    Test worker] tourGuide.service.TourGuideService       : java.lang.NullPointerException
2021-11-29 23:17:11.303 ERROR 6224 --- [    Test worker] tourGuide.service.TourGuideService       : java.lang.NullPointerException
2021-11-29 23:17:11.303 ERROR 6224 --- [    Test worker] tourGuide.service.TourGuideService       : java.lang.NullPointerException
2021-11-29 23:17:11.303 ERROR 6224 --- [    Test worker] tourGuide.service.TourGuideService       : java.lang.NullPointerException
2021-11-29 23:17:11.303 ERROR 6224 --- [    Test worker] tourGuide.service.TourGuideService       : java.lang.NullPointerException
2021-11-29 23:17:11.303 ERROR 6224 --- [    Test worker] tourGuide.service.TourGuideService       : java.lang.NullPointerException
2021-11-29 23:17:11.303 ERROR 6224 --- [    Test worker] tourGuide.service.TourGuideService       : java.lang.NullPointerException
2021-11-29 23:17:11.303 ERROR 6224 --- [    Test worker] tourGuide.service.TourGuideService       : java.lang.NullPointerException
2021-11-29 23:17:11.303 ERROR 6224 --- [    Test worker] tourGuide.service.TourGuideService       : java.lang.NullPointerException
2021-11-29 23:17:11.303 ERROR 6224 --- [    Test worker] tourGuide.service.TourGuideService       : java.lang.NullPointerException
2021-11-29 23:17:11.303 ERROR 6224 --- [    Test worker] tourGuide.service.TourGuideService       : java.lang.NullPointerException
2021-11-29 23:17:11.303 ERROR 6224 --- [    Test worker] tourGuide.service.TourGuideService       : java.lang.NullPointerException
2021-11-29 23:17:11.303 ERROR 6224 --- [    Test worker] tourGuide.service.TourGuideService       : java.lang.NullPointerException
2021-11-29 23:17:11.303 ERROR 6224 --- [    Test worker] tourGuide.service.TourGuideService       : java.lang.NullPointerException
2021-11-29 23:17:11.304 ERROR 6224 --- [    Test worker] tourGuide.service.TourGuideService       : java.lang.NullPointerException
2021-11-29 23:17:11.304 ERROR 6224 --- [    Test worker] tourGuide.service.TourGuideService       : java.lang.NullPointerException
2021-11-29 23:17:11.304 ERROR 6224 --- [    Test worker] tourGuide.service.TourGuideService       : java.lang.NullPointerException
2021-11-29 23:17:11.304 ERROR 6224 --- [    Test worker] tourGuide.service.TourGuideService       : java.lang.NullPointerException
2021-11-29 23:17:11.304 ERROR 6224 --- [    Test worker] tourGuide.service.TourGuideService       : java.lang.NullPointerException
2021-11-29 23:17:11.304 ERROR 6224 --- [    Test worker] tourGuide.service.TourGuideService       : java.lang.NullPointerException
2021-11-29 23:17:11.304 ERROR 6224 --- [    Test worker] tourGuide.service.TourGuideService       : java.lang.NullPointerException
2021-11-29 23:17:11.304 ERROR 6224 --- [    Test worker] tourGuide.service.TourGuideService       : java.lang.NullPointerException
2021-11-29 23:17:11.304 ERROR 6224 --- [    Test worker] tourGuide.service.TourGuideService       : java.lang.NullPointerException
2021-11-29 23:17:11.304 ERROR 6224 --- [    Test worker] tourGuide.service.TourGuideService       : java.lang.NullPointerException
2021-11-29 23:17:11.304 ERROR 6224 --- [    Test worker] tourGuide.service.TourGuideService       : java.lang.NullPointerException
2021-11-29 23:17:11.304 ERROR 6224 --- [    Test worker] tourGuide.service.TourGuideService       : java.lang.NullPointerException
2021-11-29 23:17:11.305 ERROR 6224 --- [    Test worker] tourGuide.service.TourGuideService       : java.lang.NullPointerException
2021-11-29 23:17:11.305 ERROR 6224 --- [    Test worker] tourGuide.service.TourGuideService       : java.lang.NullPointerException
2021-11-29 23:17:11.305 ERROR 6224 --- [    Test worker] tourGuide.service.TourGuideService       : java.lang.NullPointerException
2021-11-29 23:17:11.305 ERROR 6224 --- [    Test worker] tourGuide.service.TourGuideService       : java.lang.NullPointerException
2021-11-29 23:17:11.305 ERROR 6224 --- [    Test worker] tourGuide.service.TourGuideService       : java.lang.NullPointerException
2021-11-29 23:17:11.305 ERROR 6224 --- [    Test worker] tourGuide.service.TourGuideService       : java.lang.NullPointerException
2021-11-29 23:17:11.305 ERROR 6224 --- [    Test worker] tourGuide.service.TourGuideService       : java.lang.NullPointerException
2021-11-29 23:17:11.305 ERROR 6224 --- [    Test worker] tourGuide.service.TourGuideService       : java.lang.NullPointerException
2021-11-29 23:17:11.305 ERROR 6224 --- [    Test worker] tourGuide.service.TourGuideService       : java.lang.NullPointerException
2021-11-29 23:17:11.305 ERROR 6224 --- [    Test worker] tourGuide.service.TourGuideService       : java.lang.NullPointerException
2021-11-29 23:17:11.305 ERROR 6224 --- [    Test worker] tourGuide.service.TourGuideService       : java.lang.NullPointerException
2021-11-29 23:17:11.305 ERROR 6224 --- [    Test worker] tourGuide.service.TourGuideService       : java.lang.NullPointerException
2021-11-29 23:17:11.305 ERROR 6224 --- [    Test worker] tourGuide.service.TourGuideService       : java.lang.NullPointerException
2021-11-29 23:17:11.305 ERROR 6224 --- [    Test worker] tourGuide.service.TourGuideService       : java.lang.NullPointerException
2021-11-29 23:17:11.305 ERROR 6224 --- [    Test worker] tourGuide.service.TourGuideService       : java.lang.NullPointerException
2021-11-29 23:17:11.305 ERROR 6224 --- [    Test worker] tourGuide.service.TourGuideService       : java.lang.NullPointerException
2021-11-29 23:17:11.305 ERROR 6224 --- [    Test worker] tourGuide.service.TourGuideService       : java.lang.NullPointerException
2021-11-29 23:17:11.305 ERROR 6224 --- [    Test worker] tourGuide.service.TourGuideService       : java.lang.NullPointerException
2021-11-29 23:17:11.305 ERROR 6224 --- [    Test worker] tourGuide.service.TourGuideService       : java.lang.NullPointerException
2021-11-29 23:17:11.305 ERROR 6224 --- [    Test worker] tourGuide.service.TourGuideService       : java.lang.NullPointerException
2021-11-29 23:17:11.305 ERROR 6224 --- [    Test worker] tourGuide.service.TourGuideService       : java.lang.NullPointerException
2021-11-29 23:17:11.306 ERROR 6224 --- [    Test worker] tourGuide.service.TourGuideService       : java.lang.NullPointerException
2021-11-29 23:17:11.306 ERROR 6224 --- [    Test worker] tourGuide.service.TourGuideService       : java.lang.NullPointerException
2021-11-29 23:17:11.306 ERROR 6224 --- [    Test worker] tourGuide.service.TourGuideService       : java.lang.NullPointerException
2021-11-29 23:17:11.306 ERROR 6224 --- [    Test worker] tourGuide.service.TourGuideService       : java.lang.NullPointerException
2021-11-29 23:17:11.306 ERROR 6224 --- [    Test worker] tourGuide.service.TourGuideService       : java.lang.NullPointerException
2021-11-29 23:17:11.306 ERROR 6224 --- [    Test worker] tourGuide.service.TourGuideService       : java.lang.NullPointerException
2021-11-29 23:17:11.306 ERROR 6224 --- [    Test worker] tourGuide.service.TourGuideService       : java.lang.NullPointerException
2021-11-29 23:17:11.306 ERROR 6224 --- [    Test worker] tourGuide.service.TourGuideService       : java.lang.NullPointerException
2021-11-29 23:17:11.306 ERROR 6224 --- [    Test worker] tourGuide.service.TourGuideService       : java.lang.NullPointerException
2021-11-29 23:17:11.306 ERROR 6224 --- [    Test worker] tourGuide.service.TourGuideService       : java.lang.NullPointerException
2021-11-29 23:17:11.306 ERROR 6224 --- [    Test worker] tourGuide.service.TourGuideService       : java.lang.NullPointerException
2021-11-29 23:17:11.306 ERROR 6224 --- [    Test worker] tourGuide.service.TourGuideService       : java.lang.NullPointerException
2021-11-29 23:17:11.306 ERROR 6224 --- [    Test worker] tourGuide.service.TourGuideService       : java.lang.NullPointerException
2021-11-29 23:17:11.306 ERROR 6224 --- [    Test worker] tourGuide.service.TourGuideService       : java.lang.NullPointerException
2021-11-29 23:17:11.306 ERROR 6224 --- [    Test worker] tourGuide.service.TourGuideService       : java.lang.NullPointerException
2021-11-29 23:17:11.306 ERROR 6224 --- [    Test worker] tourGuide.service.TourGuideService       : java.lang.NullPointerException
2021-11-29 23:17:11.306 ERROR 6224 --- [    Test worker] tourGuide.service.TourGuideService       : java.lang.NullPointerException
2021-11-29 23:17:11.306 ERROR 6224 --- [    Test worker] tourGuide.service.TourGuideService       : java.lang.NullPointerException
2021-11-29 23:17:11.306 ERROR 6224 --- [    Test worker] tourGuide.service.TourGuideService       : java.lang.NullPointerException
2021-11-29 23:17:11.306 ERROR 6224 --- [    Test worker] tourGuide.service.TourGuideService       : java.lang.NullPointerException
2021-11-29 23:17:11.306 ERROR 6224 --- [    Test worker] tourGuide.service.TourGuideService       : java.lang.NullPointerException
2021-11-29 23:17:11.306 ERROR 6224 --- [    Test worker] tourGuide.service.TourGuideService       : java.lang.NullPointerException
2021-11-29 23:17:11.306 ERROR 6224 --- [    Test worker] tourGuide.service.TourGuideService       : java.lang.NullPointerException
2021-11-29 23:17:11.306 ERROR 6224 --- [    Test worker] tourGuide.service.TourGuideService       : java.lang.NullPointerException
2021-11-29 23:17:11.306 ERROR 6224 --- [    Test worker] tourGuide.service.TourGuideService       : java.lang.NullPointerException
2021-11-29 23:17:11.306 ERROR 6224 --- [    Test worker] tourGuide.service.TourGuideService       : java.lang.NullPointerException
2021-11-29 23:17:11.306 ERROR 6224 --- [    Test worker] tourGuide.service.TourGuideService       : java.lang.NullPointerException
2021-11-29 23:17:11.307 ERROR 6224 --- [    Test worker] tourGuide.service.TourGuideService       : java.lang.NullPointerException
2021-11-29 23:17:11.307 ERROR 6224 --- [    Test worker] tourGuide.service.TourGuideService       : java.lang.NullPointerException
2021-11-29 23:17:11.307 ERROR 6224 --- [    Test worker] tourGuide.service.TourGuideService       : java.lang.NullPointerException
2021-11-29 23:17:11.307 ERROR 6224 --- [    Test worker] tourGuide.service.TourGuideService       : java.lang.NullPointerException
2021-11-29 23:17:11.307 ERROR 6224 --- [    Test worker] tourGuide.service.TourGuideService       : java.lang.NullPointerException
2021-11-29 23:17:11.307 ERROR 6224 --- [    Test worker] tourGuide.service.TourGuideService       : java.lang.NullPointerException
2021-11-29 23:17:11.307 ERROR 6224 --- [    Test worker] tourGuide.service.TourGuideService       : java.lang.NullPointerException
2021-11-29 23:17:11.307 ERROR 6224 --- [    Test worker] tourGuide.service.TourGuideService       : java.lang.NullPointerException
2021-11-29 23:17:11.307 ERROR 6224 --- [    Test worker] tourGuide.service.TourGuideService       : java.lang.NullPointerException
2021-11-29 23:17:11.307 ERROR 6224 --- [    Test worker] tourGuide.service.TourGuideService       : java.lang.NullPointerException
2021-11-29 23:17:11.307 ERROR 6224 --- [    Test worker] tourGuide.service.TourGuideService       : java.lang.NullPointerException
2021-11-29 23:17:11.307 ERROR 6224 --- [    Test worker] tourGuide.service.TourGuideService       : java.lang.NullPointerException
2021-11-29 23:17:11.307 ERROR 6224 --- [    Test worker] tourGuide.service.TourGuideService       : java.lang.NullPointerException
2021-11-29 23:17:11.307 ERROR 6224 --- [    Test worker] tourGuide.service.TourGuideService       : java.lang.NullPointerException
2021-11-29 23:17:11.307 ERROR 6224 --- [    Test worker] tourGuide.service.TourGuideService       : java.lang.NullPointerException
2021-11-29 23:17:11.307 ERROR 6224 --- [    Test worker] tourGuide.service.TourGuideService       : java.lang.NullPointerException
2021-11-29 23:17:11.307 ERROR 6224 --- [    Test worker] tourGuide.service.TourGuideService       : java.lang.NullPointerException
2021-11-29 23:17:11.307 ERROR 6224 --- [    Test worker] tourGuide.service.TourGuideService       : java.lang.NullPointerException
2021-11-29 23:17:11.307 ERROR 6224 --- [    Test worker] tourGuide.service.TourGuideService       : java.lang.NullPointerException
2021-11-29 23:17:11.307 ERROR 6224 --- [    Test worker] tourGuide.service.TourGuideService       : java.lang.NullPointerException
2021-11-29 23:17:11.307 ERROR 6224 --- [    Test worker] tourGuide.service.TourGuideService       : java.lang.NullPointerException
2021-11-29 23:17:11.307 ERROR 6224 --- [    Test worker] tourGuide.service.TourGuideService       : java.lang.NullPointerException
2021-11-29 23:17:11.307 ERROR 6224 --- [    Test worker] tourGuide.service.TourGuideService       : java.lang.NullPointerException
2021-11-29 23:17:11.307 ERROR 6224 --- [    Test worker] tourGuide.service.TourGuideService       : java.lang.NullPointerException
2021-11-29 23:17:11.308 ERROR 6224 --- [    Test worker] tourGuide.service.TourGuideService       : java.lang.NullPointerException
2021-11-29 23:17:11.308 ERROR 6224 --- [    Test worker] tourGuide.service.TourGuideService       : java.lang.NullPointerException
2021-11-29 23:17:11.308 ERROR 6224 --- [    Test worker] tourGuide.service.TourGuideService       : java.lang.NullPointerException
2021-11-29 23:17:11.308 ERROR 6224 --- [    Test worker] tourGuide.service.TourGuideService       : java.lang.NullPointerException
2021-11-29 23:17:11.308 ERROR 6224 --- [    Test worker] tourGuide.service.TourGuideService       : java.lang.NullPointerException
2021-11-29 23:17:11.308 ERROR 6224 --- [    Test worker] tourGuide.service.TourGuideService       : java.lang.NullPointerException
2021-11-29 23:17:11.308 ERROR 6224 --- [    Test worker] tourGuide.service.TourGuideService       : java.lang.NullPointerException
2021-11-29 23:17:11.308 ERROR 6224 --- [    Test worker] tourGuide.service.TourGuideService       : java.lang.NullPointerException
2021-11-29 23:17:11.308 ERROR 6224 --- [    Test worker] tourGuide.service.TourGuideService       : java.lang.NullPointerException
2021-11-29 23:17:11.308 ERROR 6224 --- [    Test worker] tourGuide.service.TourGuideService       : java.lang.NullPointerException
2021-11-29 23:17:11.308 ERROR 6224 --- [    Test worker] tourGuide.service.TourGuideService       : java.lang.NullPointerException
2021-11-29 23:17:11.308 ERROR 6224 --- [    Test worker] tourGuide.service.TourGuideService       : java.lang.NullPointerException
2021-11-29 23:17:11.308 ERROR 6224 --- [    Test worker] tourGuide.service.TourGuideService       : java.lang.NullPointerException
2021-11-29 23:17:11.308 ERROR 6224 --- [    Test worker] tourGuide.service.TourGuideService       : java.lang.NullPointerException
2021-11-29 23:17:11.308 ERROR 6224 --- [    Test worker] tourGuide.service.TourGuideService       : java.lang.NullPointerException
2021-11-29 23:17:11.308 ERROR 6224 --- [    Test worker] tourGuide.service.TourGuideService       : java.lang.NullPointerException
2021-11-29 23:17:11.308 ERROR 6224 --- [    Test worker] tourGuide.service.TourGuideService       : java.lang.NullPointerException
2021-11-29 23:17:11.308 ERROR 6224 --- [    Test worker] tourGuide.service.TourGuideService       : java.lang.NullPointerException
2021-11-29 23:17:11.308 ERROR 6224 --- [    Test worker] tourGuide.service.TourGuideService       : java.lang.NullPointerException
2021-11-29 23:17:11.308 ERROR 6224 --- [    Test worker] tourGuide.service.TourGuideService       : java.lang.NullPointerException
2021-11-29 23:17:11.309 ERROR 6224 --- [    Test worker] tourGuide.service.TourGuideService       : java.lang.NullPointerException
2021-11-29 23:17:11.309 ERROR 6224 --- [    Test worker] tourGuide.service.TourGuideService       : java.lang.NullPointerException
2021-11-29 23:17:11.309 ERROR 6224 --- [    Test worker] tourGuide.service.TourGuideService       : java.lang.NullPointerException
2021-11-29 23:17:11.309 ERROR 6224 --- [    Test worker] tourGuide.service.TourGuideService       : java.lang.NullPointerException
2021-11-29 23:17:11.309 ERROR 6224 --- [    Test worker] tourGuide.service.TourGuideService       : java.lang.NullPointerException
2021-11-29 23:17:11.309 ERROR 6224 --- [    Test worker] tourGuide.service.TourGuideService       : java.lang.NullPointerException
2021-11-29 23:17:11.309 ERROR 6224 --- [    Test worker] tourGuide.service.TourGuideService       : java.lang.NullPointerException
2021-11-29 23:17:11.309 ERROR 6224 --- [    Test worker] tourGuide.service.TourGuideService       : java.lang.NullPointerException
2021-11-29 23:17:11.309 ERROR 6224 --- [    Test worker] tourGuide.service.TourGuideService       : java.lang.NullPointerException
2021-11-29 23:17:11.309 ERROR 6224 --- [    Test worker] tourGuide.service.TourGuideService       : java.lang.NullPointerException
2021-11-29 23:17:11.309 ERROR 6224 --- [    Test worker] tourGuide.service.TourGuideService       : java.lang.NullPointerException
2021-11-29 23:17:11.309 ERROR 6224 --- [    Test worker] tourGuide.service.TourGuideService       : java.lang.NullPointerException
2021-11-29 23:17:11.309 ERROR 6224 --- [    Test worker] tourGuide.service.TourGuideService       : java.lang.NullPointerException
2021-11-29 23:17:11.309 ERROR 6224 --- [    Test worker] tourGuide.service.TourGuideService       : java.lang.NullPointerException
2021-11-29 23:17:11.309 ERROR 6224 --- [    Test worker] tourGuide.service.TourGuideService       : java.lang.NullPointerException
2021-11-29 23:17:11.310 ERROR 6224 --- [    Test worker] tourGuide.service.TourGuideService       : java.lang.NullPointerException
2021-11-29 23:17:11.310 ERROR 6224 --- [    Test worker] tourGuide.service.TourGuideService       : java.lang.NullPointerException
2021-11-29 23:17:11.310 ERROR 6224 --- [    Test worker] tourGuide.service.TourGuideService       : java.lang.NullPointerException
2021-11-29 23:17:11.310 ERROR 6224 --- [    Test worker] tourGuide.service.TourGuideService       : java.lang.NullPointerException
2021-11-29 23:17:11.310 ERROR 6224 --- [    Test worker] tourGuide.service.TourGuideService       : java.lang.NullPointerException
2021-11-29 23:17:11.310 ERROR 6224 --- [    Test worker] tourGuide.service.TourGuideService       : java.lang.NullPointerException
2021-11-29 23:17:11.310 ERROR 6224 --- [    Test worker] tourGuide.service.TourGuideService       : java.lang.NullPointerException
2021-11-29 23:17:11.310 ERROR 6224 --- [    Test worker] tourGuide.service.TourGuideService       : java.lang.NullPointerException
2021-11-29 23:17:11.310 ERROR 6224 --- [    Test worker] tourGuide.service.TourGuideService       : java.lang.NullPointerException
2021-11-29 23:17:11.310 ERROR 6224 --- [    Test worker] tourGuide.service.TourGuideService       : java.lang.NullPointerException
2021-11-29 23:17:11.310 ERROR 6224 --- [    Test worker] tourGuide.service.TourGuideService       : java.lang.NullPointerException
2021-11-29 23:17:11.310 ERROR 6224 --- [    Test worker] tourGuide.service.TourGuideService       : java.lang.NullPointerException
2021-11-29 23:17:11.310 ERROR 6224 --- [    Test worker] tourGuide.service.TourGuideService       : java.lang.NullPointerException
2021-11-29 23:17:11.310 ERROR 6224 --- [    Test worker] tourGuide.service.TourGuideService       : java.lang.NullPointerException
2021-11-29 23:17:11.310 ERROR 6224 --- [    Test worker] tourGuide.service.TourGuideService       : java.lang.NullPointerException
2021-11-29 23:17:11.310 ERROR 6224 --- [    Test worker] tourGuide.service.TourGuideService       : java.lang.NullPointerException
2021-11-29 23:17:11.310 ERROR 6224 --- [    Test worker] tourGuide.service.TourGuideService       : java.lang.NullPointerException
2021-11-29 23:17:11.310 ERROR 6224 --- [    Test worker] tourGuide.service.TourGuideService       : java.lang.NullPointerException
2021-11-29 23:17:11.310 ERROR 6224 --- [    Test worker] tourGuide.service.TourGuideService       : java.lang.NullPointerException
2021-11-29 23:17:11.310 ERROR 6224 --- [    Test worker] tourGuide.service.TourGuideService       : java.lang.NullPointerException
2021-11-29 23:17:11.310 ERROR 6224 --- [    Test worker] tourGuide.service.TourGuideService       : java.lang.NullPointerException
2021-11-29 23:17:11.310 ERROR 6224 --- [    Test worker] tourGuide.service.TourGuideService       : java.lang.NullPointerException
2021-11-29 23:17:11.310 ERROR 6224 --- [    Test worker] tourGuide.service.TourGuideService       : java.lang.NullPointerException
2021-11-29 23:17:11.311 ERROR 6224 --- [    Test worker] tourGuide.service.TourGuideService       : java.lang.NullPointerException
2021-11-29 23:17:11.311 ERROR 6224 --- [    Test worker] tourGuide.service.TourGuideService       : java.lang.NullPointerException
2021-11-29 23:17:11.311 ERROR 6224 --- [    Test worker] tourGuide.service.TourGuideService       : java.lang.NullPointerException
2021-11-29 23:17:11.311 ERROR 6224 --- [    Test worker] tourGuide.service.TourGuideService       : java.lang.NullPointerException
2021-11-29 23:17:11.311 ERROR 6224 --- [    Test worker] tourGuide.service.TourGuideService       : java.lang.NullPointerException
2021-11-29 23:17:11.311 ERROR 6224 --- [    Test worker] tourGuide.service.TourGuideService       : java.lang.NullPointerException
2021-11-29 23:17:11.311 ERROR 6224 --- [    Test worker] tourGuide.service.TourGuideService       : java.lang.NullPointerException
2021-11-29 23:17:11.311 ERROR 6224 --- [    Test worker] tourGuide.service.TourGuideService       : java.lang.NullPointerException
2021-11-29 23:17:11.311 ERROR 6224 --- [    Test worker] tourGuide.service.TourGuideService       : java.lang.NullPointerException
2021-11-29 23:17:11.311 ERROR 6224 --- [    Test worker] tourGuide.service.TourGuideService       : java.lang.NullPointerException
2021-11-29 23:17:11.311 ERROR 6224 --- [    Test worker] tourGuide.service.TourGuideService       : java.lang.NullPointerException
2021-11-29 23:17:11.311 ERROR 6224 --- [    Test worker] tourGuide.service.TourGuideService       : java.lang.NullPointerException
2021-11-29 23:17:11.311 ERROR 6224 --- [    Test worker] tourGuide.service.TourGuideService       : java.lang.NullPointerException
2021-11-29 23:17:11.311 ERROR 6224 --- [    Test worker] tourGuide.service.TourGuideService       : java.lang.NullPointerException
2021-11-29 23:17:11.311 ERROR 6224 --- [    Test worker] tourGuide.service.TourGuideService       : java.lang.NullPointerException
2021-11-29 23:17:11.311 ERROR 6224 --- [    Test worker] tourGuide.service.TourGuideService       : java.lang.NullPointerException
2021-11-29 23:17:11.311 ERROR 6224 --- [    Test worker] tourGuide.service.TourGuideService       : java.lang.NullPointerException
2021-11-29 23:17:11.311 ERROR 6224 --- [    Test worker] tourGuide.service.TourGuideService       : java.lang.NullPointerException
2021-11-29 23:17:11.311 ERROR 6224 --- [    Test worker] tourGuide.service.TourGuideService       : java.lang.NullPointerException
2021-11-29 23:17:11.311 ERROR 6224 --- [    Test worker] tourGuide.service.TourGuideService       : java.lang.NullPointerException
2021-11-29 23:17:11.312 ERROR 6224 --- [    Test worker] tourGuide.service.TourGuideService       : java.lang.NullPointerException
2021-11-29 23:17:11.312 ERROR 6224 --- [    Test worker] tourGuide.service.TourGuideService       : java.lang.NullPointerException
2021-11-29 23:17:11.312 ERROR 6224 --- [    Test worker] tourGuide.service.TourGuideService       : java.lang.NullPointerException
2021-11-29 23:17:11.312 ERROR 6224 --- [    Test worker] tourGuide.service.TourGuideService       : java.lang.NullPointerException
2021-11-29 23:17:11.312 ERROR 6224 --- [    Test worker] tourGuide.service.TourGuideService       : java.lang.NullPointerException
2021-11-29 23:17:11.312 ERROR 6224 --- [    Test worker] tourGuide.service.TourGuideService       : java.lang.NullPointerException
2021-11-29 23:17:11.312 ERROR 6224 --- [    Test worker] tourGuide.service.TourGuideService       : java.lang.NullPointerException
2021-11-29 23:17:11.312 ERROR 6224 --- [    Test worker] tourGuide.service.TourGuideService       : java.lang.NullPointerException
2021-11-29 23:17:11.312 ERROR 6224 --- [    Test worker] tourGuide.service.TourGuideService       : java.lang.NullPointerException
2021-11-29 23:17:11.312 ERROR 6224 --- [    Test worker] tourGuide.service.TourGuideService       : java.lang.NullPointerException
2021-11-29 23:17:11.312 ERROR 6224 --- [    Test worker] tourGuide.service.TourGuideService       : java.lang.NullPointerException
2021-11-29 23:17:11.312 ERROR 6224 --- [    Test worker] tourGuide.service.TourGuideService       : java.lang.NullPointerException
2021-11-29 23:17:11.312 ERROR 6224 --- [    Test worker] tourGuide.service.TourGuideService       : java.lang.NullPointerException
2021-11-29 23:17:11.312 ERROR 6224 --- [    Test worker] tourGuide.service.TourGuideService       : java.lang.NullPointerException
2021-11-29 23:17:11.312 ERROR 6224 --- [    Test worker] tourGuide.service.TourGuideService       : java.lang.NullPointerException
2021-11-29 23:17:11.312 ERROR 6224 --- [    Test worker] tourGuide.service.TourGuideService       : java.lang.NullPointerException
2021-11-29 23:17:11.312 ERROR 6224 --- [    Test worker] tourGuide.service.TourGuideService       : java.lang.NullPointerException
2021-11-29 23:17:11.312 ERROR 6224 --- [    Test worker] tourGuide.service.TourGuideService       : java.lang.NullPointerException
2021-11-29 23:17:11.312 ERROR 6224 --- [    Test worker] tourGuide.service.TourGuideService       : java.lang.NullPointerException
2021-11-29 23:17:11.312 ERROR 6224 --- [    Test worker] tourGuide.service.TourGuideService       : java.lang.NullPointerException
2021-11-29 23:17:11.312 ERROR 6224 --- [    Test worker] tourGuide.service.TourGuideService       : java.lang.NullPointerException
2021-11-29 23:17:11.313 ERROR 6224 --- [    Test worker] tourGuide.service.TourGuideService       : java.lang.NullPointerException
2021-11-29 23:17:11.313 ERROR 6224 --- [    Test worker] tourGuide.service.TourGuideService       : java.lang.NullPointerException
2021-11-29 23:17:11.313 ERROR 6224 --- [    Test worker] tourGuide.service.TourGuideService       : java.lang.NullPointerException
2021-11-29 23:17:11.313 ERROR 6224 --- [    Test worker] tourGuide.service.TourGuideService       : java.lang.NullPointerException
2021-11-29 23:17:11.313 ERROR 6224 --- [    Test worker] tourGuide.service.TourGuideService       : java.lang.NullPointerException
2021-11-29 23:17:11.313 ERROR 6224 --- [    Test worker] tourGuide.service.TourGuideService       : java.lang.NullPointerException
2021-11-29 23:17:11.313 ERROR 6224 --- [    Test worker] tourGuide.service.TourGuideService       : java.lang.NullPointerException
2021-11-29 23:17:11.313 ERROR 6224 --- [    Test worker] tourGuide.service.TourGuideService       : java.lang.NullPointerException
2021-11-29 23:17:11.313 ERROR 6224 --- [    Test worker] tourGuide.service.TourGuideService       : java.lang.NullPointerException
2021-11-29 23:17:11.313 ERROR 6224 --- [    Test worker] tourGuide.service.TourGuideService       : java.lang.NullPointerException
2021-11-29 23:17:11.315 ERROR 6224 --- [    Test worker] tourGuide.service.TourGuideService       : java.lang.NullPointerException
2021-11-29 23:17:11.315 ERROR 6224 --- [    Test worker] tourGuide.service.TourGuideService       : java.lang.NullPointerException
2021-11-29 23:17:11.315 ERROR 6224 --- [    Test worker] tourGuide.service.TourGuideService       : java.lang.NullPointerException
2021-11-29 23:17:11.315 ERROR 6224 --- [    Test worker] tourGuide.service.TourGuideService       : java.lang.NullPointerException
2021-11-29 23:17:11.315 ERROR 6224 --- [    Test worker] tourGuide.service.TourGuideService       : java.lang.NullPointerException
2021-11-29 23:17:11.315 ERROR 6224 --- [    Test worker] tourGuide.service.TourGuideService       : java.lang.NullPointerException
2021-11-29 23:17:11.315 ERROR 6224 --- [    Test worker] tourGuide.service.TourGuideService       : java.lang.NullPointerException
2021-11-29 23:17:11.315 ERROR 6224 --- [    Test worker] tourGuide.service.TourGuideService       : java.lang.NullPointerException
2021-11-29 23:17:11.315 ERROR 6224 --- [    Test worker] tourGuide.service.TourGuideService       : java.lang.NullPointerException
2021-11-29 23:17:11.315 ERROR 6224 --- [    Test worker] tourGuide.service.TourGuideService       : java.lang.NullPointerException
2021-11-29 23:17:11.315 ERROR 6224 --- [    Test worker] tourGuide.service.TourGuideService       : java.lang.NullPointerException
2021-11-29 23:17:11.315 ERROR 6224 --- [    Test worker] tourGuide.service.TourGuideService       : java.lang.NullPointerException
2021-11-29 23:17:11.315 ERROR 6224 --- [    Test worker] tourGuide.service.TourGuideService       : java.lang.NullPointerException
2021-11-29 23:17:11.315 ERROR 6224 --- [    Test worker] tourGuide.service.TourGuideService       : java.lang.NullPointerException
2021-11-29 23:17:11.316 ERROR 6224 --- [    Test worker] tourGuide.service.TourGuideService       : java.lang.NullPointerException
2021-11-29 23:17:11.316 ERROR 6224 --- [    Test worker] tourGuide.service.TourGuideService       : java.lang.NullPointerException
2021-11-29 23:17:11.316 ERROR 6224 --- [    Test worker] tourGuide.service.TourGuideService       : java.lang.NullPointerException
2021-11-29 23:17:11.316 ERROR 6224 --- [    Test worker] tourGuide.service.TourGuideService       : java.lang.NullPointerException
2021-11-29 23:17:11.316 ERROR 6224 --- [    Test worker] tourGuide.service.TourGuideService       : java.lang.NullPointerException
2021-11-29 23:17:11.316 ERROR 6224 --- [    Test worker] tourGuide.service.TourGuideService       : java.lang.NullPointerException
2021-11-29 23:17:11.316 ERROR 6224 --- [    Test worker] tourGuide.service.TourGuideService       : java.lang.NullPointerException
2021-11-29 23:17:11.316 ERROR 6224 --- [    Test worker] tourGuide.service.TourGuideService       : java.lang.NullPointerException
2021-11-29 23:17:11.316 ERROR 6224 --- [    Test worker] tourGuide.service.TourGuideService       : java.lang.NullPointerException
2021-11-29 23:17:11.316 ERROR 6224 --- [    Test worker] tourGuide.service.TourGuideService       : java.lang.NullPointerException
2021-11-29 23:17:11.316 ERROR 6224 --- [    Test worker] tourGuide.service.TourGuideService       : java.lang.NullPointerException
2021-11-29 23:17:11.316 ERROR 6224 --- [    Test worker] tourGuide.service.TourGuideService       : java.lang.NullPointerException
2021-11-29 23:17:11.316 ERROR 6224 --- [    Test worker] tourGuide.service.TourGuideService       : java.lang.NullPointerException
2021-11-29 23:17:11.316 ERROR 6224 --- [    Test worker] tourGuide.service.TourGuideService       : java.lang.NullPointerException
2021-11-29 23:17:11.316 ERROR 6224 --- [    Test worker] tourGuide.service.TourGuideService       : java.lang.NullPointerException
2021-11-29 23:17:11.316 ERROR 6224 --- [    Test worker] tourGuide.service.TourGuideService       : java.lang.NullPointerException
2021-11-29 23:17:11.316 ERROR 6224 --- [    Test worker] tourGuide.service.TourGuideService       : java.lang.NullPointerException
2021-11-29 23:17:11.316 ERROR 6224 --- [    Test worker] tourGuide.service.TourGuideService       : java.lang.NullPointerException
2021-11-29 23:17:11.316 ERROR 6224 --- [    Test worker] tourGuide.service.TourGuideService       : java.lang.NullPointerException
2021-11-29 23:17:11.316 ERROR 6224 --- [    Test worker] tourGuide.service.TourGuideService       : java.lang.NullPointerException
2021-11-29 23:17:11.316 ERROR 6224 --- [    Test worker] tourGuide.service.TourGuideService       : java.lang.NullPointerException
2021-11-29 23:17:11.316 ERROR 6224 --- [    Test worker] tourGuide.service.TourGuideService       : java.lang.NullPointerException
2021-11-29 23:17:11.316 ERROR 6224 --- [    Test worker] tourGuide.service.TourGuideService       : java.lang.NullPointerException
2021-11-29 23:17:11.316 ERROR 6224 --- [    Test worker] tourGuide.service.TourGuideService       : java.lang.NullPointerException
2021-11-29 23:17:11.316 ERROR 6224 --- [    Test worker] tourGuide.service.TourGuideService       : java.lang.NullPointerException
2021-11-29 23:17:11.316 ERROR 6224 --- [    Test worker] tourGuide.service.TourGuideService       : java.lang.NullPointerException
2021-11-29 23:17:11.316 ERROR 6224 --- [    Test worker] tourGuide.service.TourGuideService       : java.lang.NullPointerException
2021-11-29 23:17:11.317 ERROR 6224 --- [    Test worker] tourGuide.service.TourGuideService       : java.lang.NullPointerException
2021-11-29 23:17:11.317 ERROR 6224 --- [    Test worker] tourGuide.service.TourGuideService       : java.lang.NullPointerException
2021-11-29 23:17:11.317 ERROR 6224 --- [    Test worker] tourGuide.service.TourGuideService       : java.lang.NullPointerException
2021-11-29 23:17:11.317 ERROR 6224 --- [    Test worker] tourGuide.service.TourGuideService       : java.lang.NullPointerException
2021-11-29 23:17:11.317 ERROR 6224 --- [    Test worker] tourGuide.service.TourGuideService       : java.lang.NullPointerException
2021-11-29 23:17:11.317 ERROR 6224 --- [    Test worker] tourGuide.service.TourGuideService       : java.lang.NullPointerException
2021-11-29 23:17:11.317 ERROR 6224 --- [    Test worker] tourGuide.service.TourGuideService       : java.lang.NullPointerException
2021-11-29 23:17:11.317 ERROR 6224 --- [    Test worker] tourGuide.service.TourGuideService       : java.lang.NullPointerException
2021-11-29 23:17:11.317 ERROR 6224 --- [    Test worker] tourGuide.service.TourGuideService       : java.lang.NullPointerException
2021-11-29 23:17:11.317 ERROR 6224 --- [    Test worker] tourGuide.service.TourGuideService       : java.lang.NullPointerException
2021-11-29 23:17:11.317 ERROR 6224 --- [    Test worker] tourGuide.service.TourGuideService       : java.lang.NullPointerException
2021-11-29 23:17:11.317 ERROR 6224 --- [    Test worker] tourGuide.service.TourGuideService       : java.lang.NullPointerException
2021-11-29 23:17:11.317 ERROR 6224 --- [    Test worker] tourGuide.service.TourGuideService       : java.lang.NullPointerException
2021-11-29 23:17:11.317 ERROR 6224 --- [    Test worker] tourGuide.service.TourGuideService       : java.lang.NullPointerException
2021-11-29 23:17:11.317 ERROR 6224 --- [    Test worker] tourGuide.service.TourGuideService       : java.lang.NullPointerException
2021-11-29 23:17:11.317 ERROR 6224 --- [    Test worker] tourGuide.service.TourGuideService       : java.lang.NullPointerException
2021-11-29 23:17:11.317 ERROR 6224 --- [    Test worker] tourGuide.service.TourGuideService       : java.lang.NullPointerException
2021-11-29 23:17:11.317 ERROR 6224 --- [    Test worker] tourGuide.service.TourGuideService       : java.lang.NullPointerException
2021-11-29 23:17:11.317 ERROR 6224 --- [    Test worker] tourGuide.service.TourGuideService       : java.lang.NullPointerException
2021-11-29 23:17:11.317 ERROR 6224 --- [    Test worker] tourGuide.service.TourGuideService       : java.lang.NullPointerException
2021-11-29 23:17:11.317 ERROR 6224 --- [    Test worker] tourGuide.service.TourGuideService       : java.lang.NullPointerException
2021-11-29 23:17:11.317 ERROR 6224 --- [    Test worker] tourGuide.service.TourGuideService       : java.lang.NullPointerException
2021-11-29 23:17:11.317 ERROR 6224 --- [    Test worker] tourGuide.service.TourGuideService       : java.lang.NullPointerException
2021-11-29 23:17:11.317 ERROR 6224 --- [    Test worker] tourGuide.service.TourGuideService       : java.lang.NullPointerException
2021-11-29 23:17:11.317 ERROR 6224 --- [    Test worker] tourGuide.service.TourGuideService       : java.lang.NullPointerException
2021-11-29 23:17:11.317 ERROR 6224 --- [    Test worker] tourGuide.service.TourGuideService       : java.lang.NullPointerException
2021-11-29 23:17:11.318 ERROR 6224 --- [    Test worker] tourGuide.service.TourGuideService       : java.lang.NullPointerException
2021-11-29 23:17:11.318 ERROR 6224 --- [    Test worker] tourGuide.service.TourGuideService       : java.lang.NullPointerException
2021-11-29 23:17:11.318 ERROR 6224 --- [    Test worker] tourGuide.service.TourGuideService       : java.lang.NullPointerException
2021-11-29 23:17:11.318 ERROR 6224 --- [    Test worker] tourGuide.service.TourGuideService       : java.lang.NullPointerException
2021-11-29 23:17:11.318 ERROR 6224 --- [    Test worker] tourGuide.service.TourGuideService       : java.lang.NullPointerException
2021-11-29 23:17:11.318 ERROR 6224 --- [    Test worker] tourGuide.service.TourGuideService       : java.lang.NullPointerException
2021-11-29 23:17:11.318 ERROR 6224 --- [    Test worker] tourGuide.service.TourGuideService       : java.lang.NullPointerException
2021-11-29 23:17:11.318 ERROR 6224 --- [    Test worker] tourGuide.service.TourGuideService       : java.lang.NullPointerException
2021-11-29 23:17:11.318 ERROR 6224 --- [    Test worker] tourGuide.service.TourGuideService       : java.lang.NullPointerException
2021-11-29 23:17:11.318 ERROR 6224 --- [    Test worker] tourGuide.service.TourGuideService       : java.lang.NullPointerException
2021-11-29 23:17:11.318 ERROR 6224 --- [    Test worker] tourGuide.service.TourGuideService       : java.lang.NullPointerException
2021-11-29 23:17:11.318 ERROR 6224 --- [    Test worker] tourGuide.service.TourGuideService       : java.lang.NullPointerException
2021-11-29 23:17:11.318 ERROR 6224 --- [    Test worker] tourGuide.service.TourGuideService       : java.lang.NullPointerException
2021-11-29 23:17:11.318 ERROR 6224 --- [    Test worker] tourGuide.service.TourGuideService       : java.lang.NullPointerException
2021-11-29 23:17:11.318 ERROR 6224 --- [    Test worker] tourGuide.service.TourGuideService       : java.lang.NullPointerException
2021-11-29 23:17:11.318 ERROR 6224 --- [    Test worker] tourGuide.service.TourGuideService       : java.lang.NullPointerException
2021-11-29 23:17:11.318 ERROR 6224 --- [    Test worker] tourGuide.service.TourGuideService       : java.lang.NullPointerException
2021-11-29 23:17:11.318 ERROR 6224 --- [    Test worker] tourGuide.service.TourGuideService       : java.lang.NullPointerException
2021-11-29 23:17:11.318 ERROR 6224 --- [    Test worker] tourGuide.service.TourGuideService       : java.lang.NullPointerException
2021-11-29 23:17:11.318 ERROR 6224 --- [    Test worker] tourGuide.service.TourGuideService       : java.lang.NullPointerException
2021-11-29 23:17:11.318 ERROR 6224 --- [    Test worker] tourGuide.service.TourGuideService       : java.lang.NullPointerException
2021-11-29 23:17:11.318 ERROR 6224 --- [    Test worker] tourGuide.service.TourGuideService       : java.lang.NullPointerException
2021-11-29 23:17:11.318 ERROR 6224 --- [    Test worker] tourGuide.service.TourGuideService       : java.lang.NullPointerException
2021-11-29 23:17:11.318 ERROR 6224 --- [    Test worker] tourGuide.service.TourGuideService       : java.lang.NullPointerException
2021-11-29 23:17:11.318 ERROR 6224 --- [    Test worker] tourGuide.service.TourGuideService       : java.lang.NullPointerException
2021-11-29 23:17:11.318 ERROR 6224 --- [    Test worker] tourGuide.service.TourGuideService       : java.lang.NullPointerException
2021-11-29 23:17:11.318 ERROR 6224 --- [    Test worker] tourGuide.service.TourGuideService       : java.lang.NullPointerException
2021-11-29 23:17:11.319 ERROR 6224 --- [    Test worker] tourGuide.service.TourGuideService       : java.lang.NullPointerException
2021-11-29 23:17:11.319 ERROR 6224 --- [    Test worker] tourGuide.service.TourGuideService       : java.lang.NullPointerException
2021-11-29 23:17:11.319 ERROR 6224 --- [    Test worker] tourGuide.service.TourGuideService       : java.lang.NullPointerException
2021-11-29 23:17:11.319 ERROR 6224 --- [    Test worker] tourGuide.service.TourGuideService       : java.lang.NullPointerException
2021-11-29 23:17:11.319 ERROR 6224 --- [    Test worker] tourGuide.service.TourGuideService       : java.lang.NullPointerException
2021-11-29 23:17:11.319 ERROR 6224 --- [    Test worker] tourGuide.service.TourGuideService       : java.lang.NullPointerException
2021-11-29 23:17:11.319 ERROR 6224 --- [    Test worker] tourGuide.service.TourGuideService       : java.lang.NullPointerException
2021-11-29 23:17:11.319 ERROR 6224 --- [    Test worker] tourGuide.service.TourGuideService       : java.lang.NullPointerException
2021-11-29 23:17:11.319 ERROR 6224 --- [    Test worker] tourGuide.service.TourGuideService       : java.lang.NullPointerException
2021-11-29 23:17:11.319 ERROR 6224 --- [    Test worker] tourGuide.service.TourGuideService       : java.lang.NullPointerException
2021-11-29 23:17:11.319 ERROR 6224 --- [    Test worker] tourGuide.service.TourGuideService       : java.lang.NullPointerException
2021-11-29 23:17:11.319 ERROR 6224 --- [    Test worker] tourGuide.service.TourGuideService       : java.lang.NullPointerException
2021-11-29 23:17:11.319 ERROR 6224 --- [    Test worker] tourGuide.service.TourGuideService       : java.lang.NullPointerException
2021-11-29 23:17:11.319 ERROR 6224 --- [    Test worker] tourGuide.service.TourGuideService       : java.lang.NullPointerException
2021-11-29 23:17:11.319 ERROR 6224 --- [    Test worker] tourGuide.service.TourGuideService       : java.lang.NullPointerException
2021-11-29 23:17:11.319 ERROR 6224 --- [    Test worker] tourGuide.service.TourGuideService       : java.lang.NullPointerException
2021-11-29 23:17:11.319 ERROR 6224 --- [    Test worker] tourGuide.service.TourGuideService       : java.lang.NullPointerException
2021-11-29 23:17:11.319 ERROR 6224 --- [    Test worker] tourGuide.service.TourGuideService       : java.lang.NullPointerException
2021-11-29 23:17:11.319 ERROR 6224 --- [    Test worker] tourGuide.service.TourGuideService       : java.lang.NullPointerException
2021-11-29 23:17:11.319 ERROR 6224 --- [    Test worker] tourGuide.service.TourGuideService       : java.lang.NullPointerException
2021-11-29 23:17:11.320 ERROR 6224 --- [    Test worker] tourGuide.service.TourGuideService       : java.lang.NullPointerException
2021-11-29 23:17:11.320 ERROR 6224 --- [    Test worker] tourGuide.service.TourGuideService       : java.lang.NullPointerException
2021-11-29 23:17:11.320 ERROR 6224 --- [    Test worker] tourGuide.service.TourGuideService       : java.lang.NullPointerException
2021-11-29 23:17:11.320 ERROR 6224 --- [    Test worker] tourGuide.service.TourGuideService       : java.lang.NullPointerException
2021-11-29 23:17:11.320 ERROR 6224 --- [    Test worker] tourGuide.service.TourGuideService       : java.lang.NullPointerException
2021-11-29 23:17:11.320 ERROR 6224 --- [    Test worker] tourGuide.service.TourGuideService       : java.lang.NullPointerException
2021-11-29 23:17:11.320 ERROR 6224 --- [    Test worker] tourGuide.service.TourGuideService       : java.lang.NullPointerException
2021-11-29 23:17:11.320 ERROR 6224 --- [    Test worker] tourGuide.service.TourGuideService       : java.lang.NullPointerException
2021-11-29 23:17:11.320 ERROR 6224 --- [    Test worker] tourGuide.service.TourGuideService       : java.lang.NullPointerException
2021-11-29 23:17:11.320 ERROR 6224 --- [    Test worker] tourGuide.service.TourGuideService       : java.lang.NullPointerException
2021-11-29 23:17:11.320 ERROR 6224 --- [    Test worker] tourGuide.service.TourGuideService       : java.lang.NullPointerException
2021-11-29 23:17:11.320 ERROR 6224 --- [    Test worker] tourGuide.service.TourGuideService       : java.lang.NullPointerException
2021-11-29 23:17:11.321 ERROR 6224 --- [    Test worker] tourGuide.service.TourGuideService       : java.lang.NullPointerException
2021-11-29 23:17:11.321 ERROR 6224 --- [    Test worker] tourGuide.service.TourGuideService       : java.lang.NullPointerException
2021-11-29 23:17:11.321 ERROR 6224 --- [    Test worker] tourGuide.service.TourGuideService       : java.lang.NullPointerException
2021-11-29 23:17:11.321 ERROR 6224 --- [    Test worker] tourGuide.service.TourGuideService       : java.lang.NullPointerException
2021-11-29 23:17:11.321 ERROR 6224 --- [    Test worker] tourGuide.service.TourGuideService       : java.lang.NullPointerException
2021-11-29 23:17:11.321 ERROR 6224 --- [    Test worker] tourGuide.service.TourGuideService       : java.lang.NullPointerException
2021-11-29 23:17:11.321 ERROR 6224 --- [    Test worker] tourGuide.service.TourGuideService       : java.lang.NullPointerException
2021-11-29 23:17:11.321 ERROR 6224 --- [    Test worker] tourGuide.service.TourGuideService       : java.lang.NullPointerException
2021-11-29 23:17:11.321 ERROR 6224 --- [    Test worker] tourGuide.service.TourGuideService       : java.lang.NullPointerException
2021-11-29 23:17:11.321 ERROR 6224 --- [    Test worker] tourGuide.service.TourGuideService       : java.lang.NullPointerException
2021-11-29 23:17:11.321 ERROR 6224 --- [    Test worker] tourGuide.service.TourGuideService       : java.lang.NullPointerException
2021-11-29 23:17:11.321 ERROR 6224 --- [    Test worker] tourGuide.service.TourGuideService       : java.lang.NullPointerException
2021-11-29 23:17:11.324 ERROR 6224 --- [    Test worker] tourGuide.service.TourGuideService       : java.lang.NullPointerException
2021-11-29 23:17:11.324 ERROR 6224 --- [    Test worker] tourGuide.service.TourGuideService       : java.lang.NullPointerException
2021-11-29 23:17:11.324 ERROR 6224 --- [    Test worker] tourGuide.service.TourGuideService       : java.lang.NullPointerException
2021-11-29 23:17:11.324 ERROR 6224 --- [    Test worker] tourGuide.service.TourGuideService       : java.lang.NullPointerException
2021-11-29 23:17:11.324 ERROR 6224 --- [    Test worker] tourGuide.service.TourGuideService       : java.lang.NullPointerException
2021-11-29 23:17:11.324 ERROR 6224 --- [    Test worker] tourGuide.service.TourGuideService       : java.lang.NullPointerException
2021-11-29 23:17:11.324 ERROR 6224 --- [    Test worker] tourGuide.service.TourGuideService       : java.lang.NullPointerException
2021-11-29 23:17:11.324 ERROR 6224 --- [    Test worker] tourGuide.service.TourGuideService       : java.lang.NullPointerException
2021-11-29 23:17:11.325 ERROR 6224 --- [    Test worker] tourGuide.service.TourGuideService       : java.lang.NullPointerException
2021-11-29 23:17:11.325 ERROR 6224 --- [    Test worker] tourGuide.service.TourGuideService       : java.lang.NullPointerException
2021-11-29 23:17:11.325 ERROR 6224 --- [    Test worker] tourGuide.service.TourGuideService       : java.lang.NullPointerException
2021-11-29 23:17:11.325 ERROR 6224 --- [    Test worker] tourGuide.service.TourGuideService       : java.lang.NullPointerException
2021-11-29 23:17:11.325 ERROR 6224 --- [    Test worker] tourGuide.service.TourGuideService       : java.lang.NullPointerException
2021-11-29 23:17:11.330 ERROR 6224 --- [    Test worker] tourGuide.service.TourGuideService       : java.lang.NullPointerException
2021-11-29 23:17:11.335 ERROR 6224 --- [    Test worker] tourGuide.service.TourGuideService       : java.lang.NullPointerException
2021-11-29 23:17:11.335 ERROR 6224 --- [    Test worker] tourGuide.service.TourGuideService       : java.lang.NullPointerException
2021-11-29 23:17:11.335 ERROR 6224 --- [    Test worker] tourGuide.service.TourGuideService       : java.lang.NullPointerException
2021-11-29 23:17:11.335 ERROR 6224 --- [    Test worker] tourGuide.service.TourGuideService       : java.lang.NullPointerException
2021-11-29 23:17:11.336 ERROR 6224 --- [    Test worker] tourGuide.service.TourGuideService       : java.lang.NullPointerException
2021-11-29 23:17:11.336 ERROR 6224 --- [    Test worker] tourGuide.service.TourGuideService       : java.lang.NullPointerException
2021-11-29 23:17:11.336 ERROR 6224 --- [    Test worker] tourGuide.service.TourGuideService       : java.lang.NullPointerException
2021-11-29 23:17:11.336 ERROR 6224 --- [    Test worker] tourGuide.service.TourGuideService       : java.lang.NullPointerException
2021-11-29 23:17:11.336 ERROR 6224 --- [    Test worker] tourGuide.service.TourGuideService       : java.lang.NullPointerException
2021-11-29 23:17:11.336 ERROR 6224 --- [    Test worker] tourGuide.service.TourGuideService       : java.lang.NullPointerException
2021-11-29 23:17:11.336 ERROR 6224 --- [    Test worker] tourGuide.service.TourGuideService       : java.lang.NullPointerException
2021-11-29 23:17:11.336 ERROR 6224 --- [    Test worker] tourGuide.service.TourGuideService       : java.lang.NullPointerException
2021-11-29 23:17:11.336 ERROR 6224 --- [    Test worker] tourGuide.service.TourGuideService       : java.lang.NullPointerException
2021-11-29 23:17:11.336 ERROR 6224 --- [    Test worker] tourGuide.service.TourGuideService       : java.lang.NullPointerException
2021-11-29 23:17:11.336 ERROR 6224 --- [    Test worker] tourGuide.service.TourGuideService       : java.lang.NullPointerException
2021-11-29 23:17:11.336 ERROR 6224 --- [    Test worker] tourGuide.service.TourGuideService       : java.lang.NullPointerException
2021-11-29 23:17:11.336 ERROR 6224 --- [    Test worker] tourGuide.service.TourGuideService       : java.lang.NullPointerException
2021-11-29 23:17:11.336 ERROR 6224 --- [    Test worker] tourGuide.service.TourGuideService       : java.lang.NullPointerException
2021-11-29 23:17:11.337 ERROR 6224 --- [    Test worker] tourGuide.service.TourGuideService       : java.lang.NullPointerException
2021-11-29 23:17:11.337 ERROR 6224 --- [    Test worker] tourGuide.service.TourGuideService       : java.lang.NullPointerException
2021-11-29 23:17:11.337 ERROR 6224 --- [    Test worker] tourGuide.service.TourGuideService       : java.lang.NullPointerException
2021-11-29 23:17:11.337 ERROR 6224 --- [    Test worker] tourGuide.service.TourGuideService       : java.lang.NullPointerException
2021-11-29 23:17:11.337 ERROR 6224 --- [    Test worker] tourGuide.service.TourGuideService       : java.lang.NullPointerException
2021-11-29 23:17:11.337 ERROR 6224 --- [    Test worker] tourGuide.service.TourGuideService       : java.lang.NullPointerException
2021-11-29 23:17:11.337 ERROR 6224 --- [    Test worker] tourGuide.service.TourGuideService       : java.lang.NullPointerException
2021-11-29 23:17:11.337 ERROR 6224 --- [    Test worker] tourGuide.service.TourGuideService       : java.lang.NullPointerException
2021-11-29 23:17:11.337 ERROR 6224 --- [    Test worker] tourGuide.service.TourGuideService       : java.lang.NullPointerException
2021-11-29 23:17:11.337 ERROR 6224 --- [    Test worker] tourGuide.service.TourGuideService       : java.lang.NullPointerException
2021-11-29 23:17:11.337 ERROR 6224 --- [    Test worker] tourGuide.service.TourGuideService       : java.lang.NullPointerException
2021-11-29 23:17:11.337 ERROR 6224 --- [    Test worker] tourGuide.service.TourGuideService       : java.lang.NullPointerException
2021-11-29 23:17:11.337 ERROR 6224 --- [    Test worker] tourGuide.service.TourGuideService       : java.lang.NullPointerException
2021-11-29 23:17:11.337 ERROR 6224 --- [    Test worker] tourGuide.service.TourGuideService       : java.lang.NullPointerException
2021-11-29 23:17:11.337 ERROR 6224 --- [    Test worker] tourGuide.service.TourGuideService       : java.lang.NullPointerException
2021-11-29 23:17:11.337 ERROR 6224 --- [    Test worker] tourGuide.service.TourGuideService       : java.lang.NullPointerException
2021-11-29 23:17:11.337 ERROR 6224 --- [    Test worker] tourGuide.service.TourGuideService       : java.lang.NullPointerException
2021-11-29 23:17:11.337 ERROR 6224 --- [    Test worker] tourGuide.service.TourGuideService       : java.lang.NullPointerException
2021-11-29 23:17:11.337 ERROR 6224 --- [    Test worker] tourGuide.service.TourGuideService       : java.lang.NullPointerException
2021-11-29 23:17:11.337 ERROR 6224 --- [    Test worker] tourGuide.service.TourGuideService       : java.lang.NullPointerException
2021-11-29 23:17:11.338 ERROR 6224 --- [    Test worker] tourGuide.service.TourGuideService       : java.lang.NullPointerException
2021-11-29 23:17:11.338 ERROR 6224 --- [    Test worker] tourGuide.service.TourGuideService       : java.lang.NullPointerException
2021-11-29 23:17:11.338 ERROR 6224 --- [    Test worker] tourGuide.service.TourGuideService       : java.lang.NullPointerException
2021-11-29 23:17:11.338 ERROR 6224 --- [    Test worker] tourGuide.service.TourGuideService       : java.lang.NullPointerException
2021-11-29 23:17:11.338 ERROR 6224 --- [    Test worker] tourGuide.service.TourGuideService       : java.lang.NullPointerException
2021-11-29 23:17:11.338 ERROR 6224 --- [    Test worker] tourGuide.service.TourGuideService       : java.lang.NullPointerException
2021-11-29 23:17:11.338 ERROR 6224 --- [    Test worker] tourGuide.service.TourGuideService       : java.lang.NullPointerException
2021-11-29 23:17:11.338 ERROR 6224 --- [    Test worker] tourGuide.service.TourGuideService       : java.lang.NullPointerException
2021-11-29 23:17:11.338 ERROR 6224 --- [    Test worker] tourGuide.service.TourGuideService       : java.lang.NullPointerException
2021-11-29 23:17:11.338 ERROR 6224 --- [    Test worker] tourGuide.service.TourGuideService       : java.lang.NullPointerException
2021-11-29 23:17:11.338 ERROR 6224 --- [    Test worker] tourGuide.service.TourGuideService       : java.lang.NullPointerException
2021-11-29 23:17:11.338 ERROR 6224 --- [    Test worker] tourGuide.service.TourGuideService       : java.lang.NullPointerException
2021-11-29 23:17:11.338 ERROR 6224 --- [    Test worker] tourGuide.service.TourGuideService       : java.lang.NullPointerException
2021-11-29 23:17:11.338 ERROR 6224 --- [    Test worker] tourGuide.service.TourGuideService       : java.lang.NullPointerException
2021-11-29 23:17:11.339 ERROR 6224 --- [    Test worker] tourGuide.service.TourGuideService       : java.lang.NullPointerException
2021-11-29 23:17:11.339 ERROR 6224 --- [    Test worker] tourGuide.service.TourGuideService       : java.lang.NullPointerException
2021-11-29 23:17:11.339 ERROR 6224 --- [    Test worker] tourGuide.service.TourGuideService       : java.lang.NullPointerException
2021-11-29 23:17:11.339 ERROR 6224 --- [    Test worker] tourGuide.service.TourGuideService       : java.lang.NullPointerException
2021-11-29 23:17:11.339 ERROR 6224 --- [    Test worker] tourGuide.service.TourGuideService       : java.lang.NullPointerException
2021-11-29 23:17:11.339 ERROR 6224 --- [    Test worker] tourGuide.service.TourGuideService       : java.lang.NullPointerException
2021-11-29 23:17:11.339 ERROR 6224 --- [    Test worker] tourGuide.service.TourGuideService       : java.lang.NullPointerException
2021-11-29 23:17:11.339 ERROR 6224 --- [    Test worker] tourGuide.service.TourGuideService       : java.lang.NullPointerException
2021-11-29 23:17:11.339 ERROR 6224 --- [    Test worker] tourGuide.service.TourGuideService       : java.lang.NullPointerException
2021-11-29 23:17:11.339 ERROR 6224 --- [    Test worker] tourGuide.service.TourGuideService       : java.lang.NullPointerException
2021-11-29 23:17:11.339 ERROR 6224 --- [    Test worker] tourGuide.service.TourGuideService       : java.lang.NullPointerException
2021-11-29 23:17:11.339 ERROR 6224 --- [    Test worker] tourGuide.service.TourGuideService       : java.lang.NullPointerException
2021-11-29 23:17:11.339 ERROR 6224 --- [    Test worker] tourGuide.service.TourGuideService       : java.lang.NullPointerException
2021-11-29 23:17:11.339 ERROR 6224 --- [    Test worker] tourGuide.service.TourGuideService       : java.lang.NullPointerException
2021-11-29 23:17:11.339 ERROR 6224 --- [    Test worker] tourGuide.service.TourGuideService       : java.lang.NullPointerException
2021-11-29 23:17:11.339 ERROR 6224 --- [    Test worker] tourGuide.service.TourGuideService       : java.lang.NullPointerException
2021-11-29 23:17:11.340 ERROR 6224 --- [    Test worker] tourGuide.service.TourGuideService       : java.lang.NullPointerException
2021-11-29 23:17:11.340 ERROR 6224 --- [    Test worker] tourGuide.service.TourGuideService       : java.lang.NullPointerException
2021-11-29 23:17:11.340 ERROR 6224 --- [    Test worker] tourGuide.service.TourGuideService       : java.lang.NullPointerException
2021-11-29 23:17:11.340 ERROR 6224 --- [    Test worker] tourGuide.service.TourGuideService       : java.lang.NullPointerException
2021-11-29 23:17:11.340 ERROR 6224 --- [    Test worker] tourGuide.service.TourGuideService       : java.lang.NullPointerException
2021-11-29 23:17:11.340 ERROR 6224 --- [    Test worker] tourGuide.service.TourGuideService       : java.lang.NullPointerException
2021-11-29 23:17:11.340 ERROR 6224 --- [    Test worker] tourGuide.service.TourGuideService       : java.lang.NullPointerException
2021-11-29 23:17:11.340 ERROR 6224 --- [    Test worker] tourGuide.service.TourGuideService       : java.lang.NullPointerException
2021-11-29 23:17:11.340 ERROR 6224 --- [    Test worker] tourGuide.service.TourGuideService       : java.lang.NullPointerException
2021-11-29 23:17:11.340 ERROR 6224 --- [    Test worker] tourGuide.service.TourGuideService       : java.lang.NullPointerException
2021-11-29 23:17:11.340 ERROR 6224 --- [    Test worker] tourGuide.service.TourGuideService       : java.lang.NullPointerException
2021-11-29 23:17:11.340 ERROR 6224 --- [    Test worker] tourGuide.service.TourGuideService       : java.lang.NullPointerException
2021-11-29 23:17:11.340 ERROR 6224 --- [    Test worker] tourGuide.service.TourGuideService       : java.lang.NullPointerException
2021-11-29 23:17:11.340 ERROR 6224 --- [    Test worker] tourGuide.service.TourGuideService       : java.lang.NullPointerException
2021-11-29 23:17:11.340 ERROR 6224 --- [    Test worker] tourGuide.service.TourGuideService       : java.lang.NullPointerException
2021-11-29 23:17:11.340 ERROR 6224 --- [    Test worker] tourGuide.service.TourGuideService       : java.lang.NullPointerException
2021-11-29 23:17:11.340 ERROR 6224 --- [    Test worker] tourGuide.service.TourGuideService       : java.lang.NullPointerException
2021-11-29 23:17:11.340 ERROR 6224 --- [    Test worker] tourGuide.service.TourGuideService       : java.lang.NullPointerException
2021-11-29 23:17:11.340 ERROR 6224 --- [    Test worker] tourGuide.service.TourGuideService       : java.lang.NullPointerException
2021-11-29 23:17:11.340 ERROR 6224 --- [    Test worker] tourGuide.service.TourGuideService       : java.lang.NullPointerException
2021-11-29 23:17:11.340 ERROR 6224 --- [    Test worker] tourGuide.service.TourGuideService       : java.lang.NullPointerException
2021-11-29 23:17:11.341 ERROR 6224 --- [    Test worker] tourGuide.service.TourGuideService       : java.lang.NullPointerException
2021-11-29 23:17:11.341 ERROR 6224 --- [    Test worker] tourGuide.service.TourGuideService       : java.lang.NullPointerException
2021-11-29 23:17:11.341 ERROR 6224 --- [    Test worker] tourGuide.service.TourGuideService       : java.lang.NullPointerException
2021-11-29 23:17:11.341 ERROR 6224 --- [    Test worker] tourGuide.service.TourGuideService       : java.lang.NullPointerException
2021-11-29 23:17:11.341 ERROR 6224 --- [    Test worker] tourGuide.service.TourGuideService       : java.lang.NullPointerException
2021-11-29 23:17:11.341 ERROR 6224 --- [    Test worker] tourGuide.service.TourGuideService       : java.lang.NullPointerException
2021-11-29 23:17:11.341 ERROR 6224 --- [    Test worker] tourGuide.service.TourGuideService       : java.lang.NullPointerException
2021-11-29 23:17:11.341 ERROR 6224 --- [    Test worker] tourGuide.service.TourGuideService       : java.lang.NullPointerException
2021-11-29 23:17:11.341 ERROR 6224 --- [    Test worker] tourGuide.service.TourGuideService       : java.lang.NullPointerException
2021-11-29 23:17:11.341 ERROR 6224 --- [    Test worker] tourGuide.service.TourGuideService       : java.lang.NullPointerException
2021-11-29 23:17:11.341 ERROR 6224 --- [    Test worker] tourGuide.service.TourGuideService       : java.lang.NullPointerException
2021-11-29 23:17:11.341 ERROR 6224 --- [    Test worker] tourGuide.service.TourGuideService       : java.lang.NullPointerException
2021-11-29 23:17:11.341 ERROR 6224 --- [    Test worker] tourGuide.service.TourGuideService       : java.lang.NullPointerException
2021-11-29 23:17:11.341 ERROR 6224 --- [    Test worker] tourGuide.service.TourGuideService       : java.lang.NullPointerException
2021-11-29 23:17:11.341 ERROR 6224 --- [    Test worker] tourGuide.service.TourGuideService       : java.lang.NullPointerException
2021-11-29 23:17:11.344 ERROR 6224 --- [    Test worker] tourGuide.service.TourGuideService       : java.lang.NullPointerException
2021-11-29 23:17:11.345 ERROR 6224 --- [    Test worker] tourGuide.service.TourGuideService       : java.lang.NullPointerException
2021-11-29 23:17:11.345 ERROR 6224 --- [    Test worker] tourGuide.service.TourGuideService       : java.lang.NullPointerException
2021-11-29 23:17:11.345 ERROR 6224 --- [    Test worker] tourGuide.service.TourGuideService       : java.lang.NullPointerException
2021-11-29 23:17:11.345 ERROR 6224 --- [    Test worker] tourGuide.service.TourGuideService       : java.lang.NullPointerException
2021-11-29 23:17:11.345 ERROR 6224 --- [    Test worker] tourGuide.service.TourGuideService       : java.lang.NullPointerException
2021-11-29 23:17:11.345 ERROR 6224 --- [    Test worker] tourGuide.service.TourGuideService       : java.lang.NullPointerException
2021-11-29 23:17:11.345 ERROR 6224 --- [    Test worker] tourGuide.service.TourGuideService       : java.lang.NullPointerException
2021-11-29 23:17:11.345 ERROR 6224 --- [    Test worker] tourGuide.service.TourGuideService       : java.lang.NullPointerException
2021-11-29 23:17:11.346 ERROR 6224 --- [    Test worker] tourGuide.service.TourGuideService       : java.lang.NullPointerException
2021-11-29 23:17:11.346 ERROR 6224 --- [    Test worker] tourGuide.service.TourGuideService       : java.lang.NullPointerException
2021-11-29 23:17:11.346 ERROR 6224 --- [    Test worker] tourGuide.service.TourGuideService       : java.lang.NullPointerException
2021-11-29 23:17:11.346 ERROR 6224 --- [    Test worker] tourGuide.service.TourGuideService       : java.lang.NullPointerException
2021-11-29 23:17:11.346 ERROR 6224 --- [    Test worker] tourGuide.service.TourGuideService       : java.lang.NullPointerException
2021-11-29 23:17:11.346 ERROR 6224 --- [    Test worker] tourGuide.service.TourGuideService       : java.lang.NullPointerException
2021-11-29 23:17:11.346 ERROR 6224 --- [    Test worker] tourGuide.service.TourGuideService       : java.lang.NullPointerException
2021-11-29 23:17:11.346 ERROR 6224 --- [    Test worker] tourGuide.service.TourGuideService       : java.lang.NullPointerException
2021-11-29 23:17:11.346 ERROR 6224 --- [    Test worker] tourGuide.service.TourGuideService       : java.lang.NullPointerException
2021-11-29 23:17:11.346 ERROR 6224 --- [    Test worker] tourGuide.service.TourGuideService       : java.lang.NullPointerException
2021-11-29 23:17:11.346 ERROR 6224 --- [    Test worker] tourGuide.service.TourGuideService       : java.lang.NullPointerException
2021-11-29 23:17:11.346 ERROR 6224 --- [    Test worker] tourGuide.service.TourGuideService       : java.lang.NullPointerException
2021-11-29 23:17:11.346 ERROR 6224 --- [    Test worker] tourGuide.service.TourGuideService       : java.lang.NullPointerException
2021-11-29 23:17:11.346 ERROR 6224 --- [    Test worker] tourGuide.service.TourGuideService       : java.lang.NullPointerException
2021-11-29 23:17:11.346 ERROR 6224 --- [    Test worker] tourGuide.service.TourGuideService       : java.lang.NullPointerException
2021-11-29 23:17:11.346 ERROR 6224 --- [    Test worker] tourGuide.service.TourGuideService       : java.lang.NullPointerException
2021-11-29 23:17:11.355 ERROR 6224 --- [    Test worker] tourGuide.service.TourGuideService       : java.lang.NullPointerException
2021-11-29 23:17:11.355 ERROR 6224 --- [    Test worker] tourGuide.service.TourGuideService       : java.lang.NullPointerException
2021-11-29 23:17:11.355 ERROR 6224 --- [    Test worker] tourGuide.service.TourGuideService       : java.lang.NullPointerException
2021-11-29 23:17:11.355 ERROR 6224 --- [    Test worker] tourGuide.service.TourGuideService       : java.lang.NullPointerException
2021-11-29 23:17:11.355 ERROR 6224 --- [    Test worker] tourGuide.service.TourGuideService       : java.lang.NullPointerException
2021-11-29 23:17:11.355 ERROR 6224 --- [    Test worker] tourGuide.service.TourGuideService       : java.lang.NullPointerException
2021-11-29 23:17:11.355 ERROR 6224 --- [    Test worker] tourGuide.service.TourGuideService       : java.lang.NullPointerException
2021-11-29 23:17:11.355 ERROR 6224 --- [    Test worker] tourGuide.service.TourGuideService       : java.lang.NullPointerException
2021-11-29 23:17:11.355 ERROR 6224 --- [    Test worker] tourGuide.service.TourGuideService       : java.lang.NullPointerException
2021-11-29 23:17:11.355 ERROR 6224 --- [    Test worker] tourGuide.service.TourGuideService       : java.lang.NullPointerException
2021-11-29 23:17:11.355 ERROR 6224 --- [    Test worker] tourGuide.service.TourGuideService       : java.lang.NullPointerException
2021-11-29 23:17:11.355 ERROR 6224 --- [    Test worker] tourGuide.service.TourGuideService       : java.lang.NullPointerException
2021-11-29 23:17:11.355 ERROR 6224 --- [    Test worker] tourGuide.service.TourGuideService       : java.lang.NullPointerException
2021-11-29 23:17:11.355 ERROR 6224 --- [    Test worker] tourGuide.service.TourGuideService       : java.lang.NullPointerException
2021-11-29 23:17:11.355 ERROR 6224 --- [    Test worker] tourGuide.service.TourGuideService       : java.lang.NullPointerException
2021-11-29 23:17:11.355 ERROR 6224 --- [    Test worker] tourGuide.service.TourGuideService       : java.lang.NullPointerException
2021-11-29 23:17:11.355 ERROR 6224 --- [    Test worker] tourGuide.service.TourGuideService       : java.lang.NullPointerException
2021-11-29 23:17:11.355 ERROR 6224 --- [    Test worker] tourGuide.service.TourGuideService       : java.lang.NullPointerException
2021-11-29 23:17:11.356 ERROR 6224 --- [    Test worker] tourGuide.service.TourGuideService       : java.lang.NullPointerException
2021-11-29 23:17:11.356 ERROR 6224 --- [    Test worker] tourGuide.service.TourGuideService       : java.lang.NullPointerException
2021-11-29 23:17:11.356 ERROR 6224 --- [    Test worker] tourGuide.service.TourGuideService       : java.lang.NullPointerException
2021-11-29 23:17:11.356 ERROR 6224 --- [    Test worker] tourGuide.service.TourGuideService       : java.lang.NullPointerException
2021-11-29 23:17:11.356 ERROR 6224 --- [    Test worker] tourGuide.service.TourGuideService       : java.lang.NullPointerException
2021-11-29 23:17:11.356 ERROR 6224 --- [    Test worker] tourGuide.service.TourGuideService       : java.lang.NullPointerException
2021-11-29 23:17:11.356 ERROR 6224 --- [    Test worker] tourGuide.service.TourGuideService       : java.lang.NullPointerException
2021-11-29 23:17:11.356 ERROR 6224 --- [    Test worker] tourGuide.service.TourGuideService       : java.lang.NullPointerException
2021-11-29 23:17:11.356 ERROR 6224 --- [    Test worker] tourGuide.service.TourGuideService       : java.lang.NullPointerException
2021-11-29 23:17:11.356 ERROR 6224 --- [    Test worker] tourGuide.service.TourGuideService       : java.lang.NullPointerException
2021-11-29 23:17:11.356 ERROR 6224 --- [    Test worker] tourGuide.service.TourGuideService       : java.lang.NullPointerException
2021-11-29 23:17:11.357 ERROR 6224 --- [    Test worker] tourGuide.service.TourGuideService       : java.lang.NullPointerException
2021-11-29 23:17:11.357 ERROR 6224 --- [    Test worker] tourGuide.service.TourGuideService       : java.lang.NullPointerException
2021-11-29 23:17:11.357 ERROR 6224 --- [    Test worker] tourGuide.service.TourGuideService       : java.lang.NullPointerException
2021-11-29 23:17:11.357 ERROR 6224 --- [    Test worker] tourGuide.service.TourGuideService       : java.lang.NullPointerException
2021-11-29 23:17:11.357 ERROR 6224 --- [    Test worker] tourGuide.service.TourGuideService       : java.lang.NullPointerException
2021-11-29 23:17:11.357 ERROR 6224 --- [    Test worker] tourGuide.service.TourGuideService       : java.lang.NullPointerException
2021-11-29 23:17:11.357 ERROR 6224 --- [    Test worker] tourGuide.service.TourGuideService       : java.lang.NullPointerException
2021-11-29 23:17:11.357 ERROR 6224 --- [    Test worker] tourGuide.service.TourGuideService       : java.lang.NullPointerException
2021-11-29 23:17:11.357 ERROR 6224 --- [    Test worker] tourGuide.service.TourGuideService       : java.lang.NullPointerException
2021-11-29 23:17:11.358 ERROR 6224 --- [    Test worker] tourGuide.service.TourGuideService       : java.lang.NullPointerException
2021-11-29 23:17:11.358 ERROR 6224 --- [    Test worker] tourGuide.service.TourGuideService       : java.lang.NullPointerException
2021-11-29 23:17:11.358 ERROR 6224 --- [    Test worker] tourGuide.service.TourGuideService       : java.lang.NullPointerException
2021-11-29 23:17:11.358 ERROR 6224 --- [    Test worker] tourGuide.service.TourGuideService       : java.lang.NullPointerException
2021-11-29 23:17:11.358 ERROR 6224 --- [    Test worker] tourGuide.service.TourGuideService       : java.lang.NullPointerException
2021-11-29 23:17:11.358 ERROR 6224 --- [    Test worker] tourGuide.service.TourGuideService       : java.lang.NullPointerException
2021-11-29 23:17:11.358 ERROR 6224 --- [    Test worker] tourGuide.service.TourGuideService       : java.lang.NullPointerException
2021-11-29 23:17:11.358 ERROR 6224 --- [    Test worker] tourGuide.service.TourGuideService       : java.lang.NullPointerException
2021-11-29 23:17:11.358 ERROR 6224 --- [    Test worker] tourGuide.service.TourGuideService       : java.lang.NullPointerException
2021-11-29 23:17:11.358 ERROR 6224 --- [    Test worker] tourGuide.service.TourGuideService       : java.lang.NullPointerException
2021-11-29 23:17:11.358 ERROR 6224 --- [    Test worker] tourGuide.service.TourGuideService       : java.lang.NullPointerException
2021-11-29 23:17:11.358 ERROR 6224 --- [    Test worker] tourGuide.service.TourGuideService       : java.lang.NullPointerException
2021-11-29 23:17:11.358 ERROR 6224 --- [    Test worker] tourGuide.service.TourGuideService       : java.lang.NullPointerException
2021-11-29 23:17:11.358 ERROR 6224 --- [    Test worker] tourGuide.service.TourGuideService       : java.lang.NullPointerException
2021-11-29 23:17:11.359 ERROR 6224 --- [    Test worker] tourGuide.service.TourGuideService       : java.lang.NullPointerException
2021-11-29 23:17:11.359 ERROR 6224 --- [    Test worker] tourGuide.service.TourGuideService       : java.lang.NullPointerException
2021-11-29 23:17:11.359 ERROR 6224 --- [    Test worker] tourGuide.service.TourGuideService       : java.lang.NullPointerException
2021-11-29 23:17:11.359 ERROR 6224 --- [    Test worker] tourGuide.service.TourGuideService       : java.lang.NullPointerException
2021-11-29 23:17:11.359 ERROR 6224 --- [    Test worker] tourGuide.service.TourGuideService       : java.lang.NullPointerException
2021-11-29 23:17:11.359 ERROR 6224 --- [    Test worker] tourGuide.service.TourGuideService       : java.lang.NullPointerException
2021-11-29 23:17:11.359 ERROR 6224 --- [    Test worker] tourGuide.service.TourGuideService       : java.lang.NullPointerException
2021-11-29 23:17:11.359 ERROR 6224 --- [    Test worker] tourGuide.service.TourGuideService       : java.lang.NullPointerException
2021-11-29 23:17:11.359 ERROR 6224 --- [    Test worker] tourGuide.service.TourGuideService       : java.lang.NullPointerException
2021-11-29 23:17:11.359 ERROR 6224 --- [    Test worker] tourGuide.service.TourGuideService       : java.lang.NullPointerException
2021-11-29 23:17:11.359 ERROR 6224 --- [    Test worker] tourGuide.service.TourGuideService       : java.lang.NullPointerException
2021-11-29 23:17:11.359 ERROR 6224 --- [    Test worker] tourGuide.service.TourGuideService       : java.lang.NullPointerException
2021-11-29 23:17:11.359 ERROR 6224 --- [    Test worker] tourGuide.service.TourGuideService       : java.lang.NullPointerException
2021-11-29 23:17:11.359 ERROR 6224 --- [    Test worker] tourGuide.service.TourGuideService       : java.lang.NullPointerException
2021-11-29 23:17:11.359 ERROR 6224 --- [    Test worker] tourGuide.service.TourGuideService       : java.lang.NullPointerException
2021-11-29 23:17:11.359 ERROR 6224 --- [    Test worker] tourGuide.service.TourGuideService       : java.lang.NullPointerException
2021-11-29 23:17:11.360 ERROR 6224 --- [    Test worker] tourGuide.service.TourGuideService       : java.lang.NullPointerException
2021-11-29 23:17:11.361 ERROR 6224 --- [    Test worker] tourGuide.service.TourGuideService       : java.lang.NullPointerException
2021-11-29 23:17:11.361 ERROR 6224 --- [    Test worker] tourGuide.service.TourGuideService       : java.lang.NullPointerException
2021-11-29 23:17:11.361 ERROR 6224 --- [    Test worker] tourGuide.service.TourGuideService       : java.lang.NullPointerException
2021-11-29 23:17:11.361 ERROR 6224 --- [    Test worker] tourGuide.service.TourGuideService       : java.lang.NullPointerException
2021-11-29 23:17:11.361 ERROR 6224 --- [    Test worker] tourGuide.service.TourGuideService       : java.lang.NullPointerException
2021-11-29 23:17:11.361 ERROR 6224 --- [    Test worker] tourGuide.service.TourGuideService       : java.lang.NullPointerException
2021-11-29 23:17:11.361 ERROR 6224 --- [    Test worker] tourGuide.service.TourGuideService       : java.lang.NullPointerException
2021-11-29 23:17:11.361 ERROR 6224 --- [    Test worker] tourGuide.service.TourGuideService       : java.lang.NullPointerException
2021-11-29 23:17:11.361 ERROR 6224 --- [    Test worker] tourGuide.service.TourGuideService       : java.lang.NullPointerException
2021-11-29 23:17:11.362 ERROR 6224 --- [    Test worker] tourGuide.service.TourGuideService       : java.lang.NullPointerException
2021-11-29 23:17:11.362 ERROR 6224 --- [    Test worker] tourGuide.service.TourGuideService       : java.lang.NullPointerException
2021-11-29 23:17:11.362 ERROR 6224 --- [    Test worker] tourGuide.service.TourGuideService       : java.lang.NullPointerException
2021-11-29 23:17:11.362 ERROR 6224 --- [    Test worker] tourGuide.service.TourGuideService       : java.lang.NullPointerException
2021-11-29 23:17:11.362 ERROR 6224 --- [    Test worker] tourGuide.service.TourGuideService       : java.lang.NullPointerException
2021-11-29 23:17:11.362 ERROR 6224 --- [    Test worker] tourGuide.service.TourGuideService       : java.lang.NullPointerException
2021-11-29 23:17:11.362 ERROR 6224 --- [    Test worker] tourGuide.service.TourGuideService       : java.lang.NullPointerException
2021-11-29 23:17:11.362 ERROR 6224 --- [    Test worker] tourGuide.service.TourGuideService       : java.lang.NullPointerException
2021-11-29 23:17:11.362 ERROR 6224 --- [    Test worker] tourGuide.service.TourGuideService       : java.lang.NullPointerException
2021-11-29 23:17:11.362 ERROR 6224 --- [    Test worker] tourGuide.service.TourGuideService       : java.lang.NullPointerException
2021-11-29 23:17:11.362 ERROR 6224 --- [    Test worker] tourGuide.service.TourGuideService       : java.lang.NullPointerException
2021-11-29 23:17:11.362 ERROR 6224 --- [    Test worker] tourGuide.service.TourGuideService       : java.lang.NullPointerException
2021-11-29 23:17:11.362 ERROR 6224 --- [    Test worker] tourGuide.service.TourGuideService       : java.lang.NullPointerException
2021-11-29 23:17:11.362 ERROR 6224 --- [    Test worker] tourGuide.service.TourGuideService       : java.lang.NullPointerException
2021-11-29 23:17:11.362 ERROR 6224 --- [    Test worker] tourGuide.service.TourGuideService       : java.lang.NullPointerException
2021-11-29 23:17:11.362 ERROR 6224 --- [    Test worker] tourGuide.service.TourGuideService       : java.lang.NullPointerException
2021-11-29 23:17:11.362 ERROR 6224 --- [    Test worker] tourGuide.service.TourGuideService       : java.lang.NullPointerException
2021-11-29 23:17:11.362 ERROR 6224 --- [    Test worker] tourGuide.service.TourGuideService       : java.lang.NullPointerException
2021-11-29 23:17:11.362 ERROR 6224 --- [    Test worker] tourGuide.service.TourGuideService       : java.lang.NullPointerException
2021-11-29 23:17:11.362 ERROR 6224 --- [    Test worker] tourGuide.service.TourGuideService       : java.lang.NullPointerException
2021-11-29 23:17:11.362 ERROR 6224 --- [    Test worker] tourGuide.service.TourGuideService       : java.lang.NullPointerException
2021-11-29 23:17:11.362 ERROR 6224 --- [    Test worker] tourGuide.service.TourGuideService       : java.lang.NullPointerException
2021-11-29 23:17:11.362 ERROR 6224 --- [    Test worker] tourGuide.service.TourGuideService       : java.lang.NullPointerException
2021-11-29 23:17:11.363 ERROR 6224 --- [    Test worker] tourGuide.service.TourGuideService       : java.lang.NullPointerException
2021-11-29 23:17:11.363 ERROR 6224 --- [    Test worker] tourGuide.service.TourGuideService       : java.lang.NullPointerException
2021-11-29 23:17:11.363 ERROR 6224 --- [    Test worker] tourGuide.service.TourGuideService       : java.lang.NullPointerException
2021-11-29 23:17:11.363 ERROR 6224 --- [    Test worker] tourGuide.service.TourGuideService       : java.lang.NullPointerException
2021-11-29 23:17:11.363 ERROR 6224 --- [    Test worker] tourGuide.service.TourGuideService       : java.lang.NullPointerException
2021-11-29 23:17:11.363 ERROR 6224 --- [    Test worker] tourGuide.service.TourGuideService       : java.lang.NullPointerException
2021-11-29 23:17:11.363 ERROR 6224 --- [    Test worker] tourGuide.service.TourGuideService       : java.lang.NullPointerException
2021-11-29 23:17:11.363 ERROR 6224 --- [    Test worker] tourGuide.service.TourGuideService       : java.lang.NullPointerException
2021-11-29 23:17:11.363 ERROR 6224 --- [    Test worker] tourGuide.service.TourGuideService       : java.lang.NullPointerException
2021-11-29 23:17:11.363 ERROR 6224 --- [    Test worker] tourGuide.service.TourGuideService       : java.lang.NullPointerException
2021-11-29 23:17:11.363 ERROR 6224 --- [    Test worker] tourGuide.service.TourGuideService       : java.lang.NullPointerException
2021-11-29 23:17:11.363 ERROR 6224 --- [    Test worker] tourGuide.service.TourGuideService       : java.lang.NullPointerException
2021-11-29 23:17:11.363 ERROR 6224 --- [    Test worker] tourGuide.service.TourGuideService       : java.lang.NullPointerException
2021-11-29 23:17:11.363 ERROR 6224 --- [    Test worker] tourGuide.service.TourGuideService       : java.lang.NullPointerException
2021-11-29 23:17:11.363 ERROR 6224 --- [    Test worker] tourGuide.service.TourGuideService       : java.lang.NullPointerException
2021-11-29 23:17:11.363 ERROR 6224 --- [    Test worker] tourGuide.service.TourGuideService       : java.lang.NullPointerException
2021-11-29 23:17:11.363 ERROR 6224 --- [    Test worker] tourGuide.service.TourGuideService       : java.lang.NullPointerException
2021-11-29 23:17:11.363 ERROR 6224 --- [    Test worker] tourGuide.service.TourGuideService       : java.lang.NullPointerException
2021-11-29 23:17:11.363 ERROR 6224 --- [    Test worker] tourGuide.service.TourGuideService       : java.lang.NullPointerException
2021-11-29 23:17:11.367 ERROR 6224 --- [    Test worker] tourGuide.service.TourGuideService       : java.lang.NullPointerException
2021-11-29 23:17:11.367 ERROR 6224 --- [    Test worker] tourGuide.service.TourGuideService       : java.lang.NullPointerException
2021-11-29 23:17:11.367 ERROR 6224 --- [    Test worker] tourGuide.service.TourGuideService       : java.lang.NullPointerException
2021-11-29 23:17:11.367 ERROR 6224 --- [    Test worker] tourGuide.service.TourGuideService       : java.lang.NullPointerException
2021-11-29 23:17:11.367 ERROR 6224 --- [    Test worker] tourGuide.service.TourGuideService       : java.lang.NullPointerException
2021-11-29 23:17:11.367 ERROR 6224 --- [    Test worker] tourGuide.service.TourGuideService       : java.lang.NullPointerException
2021-11-29 23:17:11.367 ERROR 6224 --- [    Test worker] tourGuide.service.TourGuideService       : java.lang.NullPointerException
2021-11-29 23:17:11.367 ERROR 6224 --- [    Test worker] tourGuide.service.TourGuideService       : java.lang.NullPointerException
2021-11-29 23:17:11.367 ERROR 6224 --- [    Test worker] tourGuide.service.TourGuideService       : java.lang.NullPointerException
2021-11-29 23:17:11.367 ERROR 6224 --- [    Test worker] tourGuide.service.TourGuideService       : java.lang.NullPointerException
2021-11-29 23:17:11.367 ERROR 6224 --- [    Test worker] tourGuide.service.TourGuideService       : java.lang.NullPointerException
2021-11-29 23:17:11.367 ERROR 6224 --- [    Test worker] tourGuide.service.TourGuideService       : java.lang.NullPointerException
2021-11-29 23:17:11.367 ERROR 6224 --- [    Test worker] tourGuide.service.TourGuideService       : java.lang.NullPointerException
2021-11-29 23:17:11.367 ERROR 6224 --- [    Test worker] tourGuide.service.TourGuideService       : java.lang.NullPointerException
2021-11-29 23:17:11.368 ERROR 6224 --- [    Test worker] tourGuide.service.TourGuideService       : java.lang.NullPointerException
2021-11-29 23:17:11.368 ERROR 6224 --- [    Test worker] tourGuide.service.TourGuideService       : java.lang.NullPointerException
2021-11-29 23:17:11.368 ERROR 6224 --- [    Test worker] tourGuide.service.TourGuideService       : java.lang.NullPointerException
2021-11-29 23:17:11.368 ERROR 6224 --- [    Test worker] tourGuide.service.TourGuideService       : java.lang.NullPointerException
2021-11-29 23:17:11.368 ERROR 6224 --- [    Test worker] tourGuide.service.TourGuideService       : java.lang.NullPointerException
2021-11-29 23:17:11.368 ERROR 6224 --- [    Test worker] tourGuide.service.TourGuideService       : java.lang.NullPointerException
2021-11-29 23:17:11.368 ERROR 6224 --- [    Test worker] tourGuide.service.TourGuideService       : java.lang.NullPointerException
2021-11-29 23:17:11.368 ERROR 6224 --- [    Test worker] tourGuide.service.TourGuideService       : java.lang.NullPointerException
2021-11-29 23:17:11.368 ERROR 6224 --- [    Test worker] tourGuide.service.TourGuideService       : java.lang.NullPointerException
2021-11-29 23:17:11.368 ERROR 6224 --- [    Test worker] tourGuide.service.TourGuideService       : java.lang.NullPointerException
2021-11-29 23:17:11.368 ERROR 6224 --- [    Test worker] tourGuide.service.TourGuideService       : java.lang.NullPointerException
2021-11-29 23:17:11.368 ERROR 6224 --- [    Test worker] tourGuide.service.TourGuideService       : java.lang.NullPointerException
2021-11-29 23:17:11.368 ERROR 6224 --- [    Test worker] tourGuide.service.TourGuideService       : java.lang.NullPointerException
2021-11-29 23:17:11.368 ERROR 6224 --- [    Test worker] tourGuide.service.TourGuideService       : java.lang.NullPointerException
2021-11-29 23:17:11.368 ERROR 6224 --- [    Test worker] tourGuide.service.TourGuideService       : java.lang.NullPointerException
2021-11-29 23:17:11.368 ERROR 6224 --- [    Test worker] tourGuide.service.TourGuideService       : java.lang.NullPointerException
2021-11-29 23:17:11.368 ERROR 6224 --- [    Test worker] tourGuide.service.TourGuideService       : java.lang.NullPointerException
2021-11-29 23:17:11.368 ERROR 6224 --- [    Test worker] tourGuide.service.TourGuideService       : java.lang.NullPointerException
2021-11-29 23:17:11.369 ERROR 6224 --- [    Test worker] tourGuide.service.TourGuideService       : java.lang.NullPointerException
2021-11-29 23:17:11.369 ERROR 6224 --- [    Test worker] tourGuide.service.TourGuideService       : java.lang.NullPointerException
2021-11-29 23:17:11.369 ERROR 6224 --- [    Test worker] tourGuide.service.TourGuideService       : java.lang.NullPointerException
2021-11-29 23:17:11.369 ERROR 6224 --- [    Test worker] tourGuide.service.TourGuideService       : java.lang.NullPointerException
2021-11-29 23:17:11.369 ERROR 6224 --- [    Test worker] tourGuide.service.TourGuideService       : java.lang.NullPointerException
2021-11-29 23:17:11.369 ERROR 6224 --- [    Test worker] tourGuide.service.TourGuideService       : java.lang.NullPointerException
2021-11-29 23:17:11.369 ERROR 6224 --- [    Test worker] tourGuide.service.TourGuideService       : java.lang.NullPointerException
2021-11-29 23:17:11.369 ERROR 6224 --- [    Test worker] tourGuide.service.TourGuideService       : java.lang.NullPointerException
2021-11-29 23:17:11.369 ERROR 6224 --- [    Test worker] tourGuide.service.TourGuideService       : java.lang.NullPointerException
2021-11-29 23:17:11.369 ERROR 6224 --- [    Test worker] tourGuide.service.TourGuideService       : java.lang.NullPointerException
2021-11-29 23:17:11.369 ERROR 6224 --- [    Test worker] tourGuide.service.TourGuideService       : java.lang.NullPointerException
2021-11-29 23:17:11.369 ERROR 6224 --- [    Test worker] tourGuide.service.TourGuideService       : java.lang.NullPointerException
2021-11-29 23:17:11.370 ERROR 6224 --- [    Test worker] tourGuide.service.TourGuideService       : java.lang.NullPointerException
2021-11-29 23:17:11.370 ERROR 6224 --- [    Test worker] tourGuide.service.TourGuideService       : java.lang.NullPointerException
2021-11-29 23:17:11.370 ERROR 6224 --- [    Test worker] tourGuide.service.TourGuideService       : java.lang.NullPointerException
2021-11-29 23:17:11.370 ERROR 6224 --- [    Test worker] tourGuide.service.TourGuideService       : java.lang.NullPointerException
2021-11-29 23:17:11.370 ERROR 6224 --- [    Test worker] tourGuide.service.TourGuideService       : java.lang.NullPointerException
2021-11-29 23:17:11.370 ERROR 6224 --- [    Test worker] tourGuide.service.TourGuideService       : java.lang.NullPointerException
2021-11-29 23:17:11.370 ERROR 6224 --- [    Test worker] tourGuide.service.TourGuideService       : java.lang.NullPointerException
2021-11-29 23:17:11.370 ERROR 6224 --- [    Test worker] tourGuide.service.TourGuideService       : java.lang.NullPointerException
2021-11-29 23:17:11.370 ERROR 6224 --- [    Test worker] tourGuide.service.TourGuideService       : java.lang.NullPointerException
2021-11-29 23:17:11.370 ERROR 6224 --- [    Test worker] tourGuide.service.TourGuideService       : java.lang.NullPointerException
2021-11-29 23:17:11.370 ERROR 6224 --- [    Test worker] tourGuide.service.TourGuideService       : java.lang.NullPointerException
2021-11-29 23:17:11.370 ERROR 6224 --- [    Test worker] tourGuide.service.TourGuideService       : java.lang.NullPointerException
2021-11-29 23:17:11.370 ERROR 6224 --- [    Test worker] tourGuide.service.TourGuideService       : java.lang.NullPointerException
2021-11-29 23:17:11.370 ERROR 6224 --- [    Test worker] tourGuide.service.TourGuideService       : java.lang.NullPointerException
2021-11-29 23:17:11.370 ERROR 6224 --- [    Test worker] tourGuide.service.TourGuideService       : java.lang.NullPointerException
2021-11-29 23:17:11.370 ERROR 6224 --- [    Test worker] tourGuide.service.TourGuideService       : java.lang.NullPointerException
2021-11-29 23:17:11.370 ERROR 6224 --- [    Test worker] tourGuide.service.TourGuideService       : java.lang.NullPointerException
2021-11-29 23:17:11.370 ERROR 6224 --- [    Test worker] tourGuide.service.TourGuideService       : java.lang.NullPointerException
2021-11-29 23:17:11.370 ERROR 6224 --- [    Test worker] tourGuide.service.TourGuideService       : java.lang.NullPointerException
2021-11-29 23:17:11.370 ERROR 6224 --- [    Test worker] tourGuide.service.TourGuideService       : java.lang.NullPointerException
2021-11-29 23:17:11.370 ERROR 6224 --- [    Test worker] tourGuide.service.TourGuideService       : java.lang.NullPointerException
2021-11-29 23:17:11.370 ERROR 6224 --- [    Test worker] tourGuide.service.TourGuideService       : java.lang.NullPointerException
2021-11-29 23:17:11.370 ERROR 6224 --- [    Test worker] tourGuide.service.TourGuideService       : java.lang.NullPointerException
2021-11-29 23:17:11.371 ERROR 6224 --- [    Test worker] tourGuide.service.TourGuideService       : java.lang.NullPointerException
2021-11-29 23:17:11.371 ERROR 6224 --- [    Test worker] tourGuide.service.TourGuideService       : java.lang.NullPointerException
2021-11-29 23:17:11.371 ERROR 6224 --- [    Test worker] tourGuide.service.TourGuideService       : java.lang.NullPointerException
2021-11-29 23:17:11.371 ERROR 6224 --- [    Test worker] tourGuide.service.TourGuideService       : java.lang.NullPointerException
2021-11-29 23:17:11.371 ERROR 6224 --- [    Test worker] tourGuide.service.TourGuideService       : java.lang.NullPointerException
2021-11-29 23:17:11.371 ERROR 6224 --- [    Test worker] tourGuide.service.TourGuideService       : java.lang.NullPointerException
2021-11-29 23:17:11.371 ERROR 6224 --- [    Test worker] tourGuide.service.TourGuideService       : java.lang.NullPointerException
2021-11-29 23:17:11.371 ERROR 6224 --- [    Test worker] tourGuide.service.TourGuideService       : java.lang.NullPointerException
2021-11-29 23:17:11.371 ERROR 6224 --- [    Test worker] tourGuide.service.TourGuideService       : java.lang.NullPointerException
2021-11-29 23:17:11.371 ERROR 6224 --- [    Test worker] tourGuide.service.TourGuideService       : java.lang.NullPointerException
2021-11-29 23:17:11.371 ERROR 6224 --- [    Test worker] tourGuide.service.TourGuideService       : java.lang.NullPointerException
2021-11-29 23:17:11.371 ERROR 6224 --- [    Test worker] tourGuide.service.TourGuideService       : java.lang.NullPointerException
2021-11-29 23:17:11.371 ERROR 6224 --- [    Test worker] tourGuide.service.TourGuideService       : java.lang.NullPointerException
2021-11-29 23:17:11.371 ERROR 6224 --- [    Test worker] tourGuide.service.TourGuideService       : java.lang.NullPointerException
2021-11-29 23:17:11.371 ERROR 6224 --- [    Test worker] tourGuide.service.TourGuideService       : java.lang.NullPointerException
2021-11-29 23:17:11.371 ERROR 6224 --- [    Test worker] tourGuide.service.TourGuideService       : java.lang.NullPointerException
2021-11-29 23:17:11.371 ERROR 6224 --- [    Test worker] tourGuide.service.TourGuideService       : java.lang.NullPointerException
2021-11-29 23:17:11.371 ERROR 6224 --- [    Test worker] tourGuide.service.TourGuideService       : java.lang.NullPointerException
2021-11-29 23:17:11.371 ERROR 6224 --- [    Test worker] tourGuide.service.TourGuideService       : java.lang.NullPointerException
2021-11-29 23:17:11.371 ERROR 6224 --- [    Test worker] tourGuide.service.TourGuideService       : java.lang.NullPointerException
2021-11-29 23:17:11.372 ERROR 6224 --- [    Test worker] tourGuide.service.TourGuideService       : java.lang.NullPointerException
2021-11-29 23:17:11.372 ERROR 6224 --- [    Test worker] tourGuide.service.TourGuideService       : java.lang.NullPointerException
2021-11-29 23:17:11.372 ERROR 6224 --- [    Test worker] tourGuide.service.TourGuideService       : java.lang.NullPointerException
2021-11-29 23:17:11.372 ERROR 6224 --- [    Test worker] tourGuide.service.TourGuideService       : java.lang.NullPointerException
2021-11-29 23:17:11.373 ERROR 6224 --- [    Test worker] tourGuide.service.TourGuideService       : java.lang.NullPointerException
2021-11-29 23:17:11.373 ERROR 6224 --- [    Test worker] tourGuide.service.TourGuideService       : java.lang.NullPointerException
2021-11-29 23:17:11.373 ERROR 6224 --- [    Test worker] tourGuide.service.TourGuideService       : java.lang.NullPointerException
2021-11-29 23:17:11.373 ERROR 6224 --- [    Test worker] tourGuide.service.TourGuideService       : java.lang.NullPointerException
2021-11-29 23:17:11.373 ERROR 6224 --- [    Test worker] tourGuide.service.TourGuideService       : java.lang.NullPointerException
2021-11-29 23:17:11.373 ERROR 6224 --- [    Test worker] tourGuide.service.TourGuideService       : java.lang.NullPointerException
2021-11-29 23:17:11.373 ERROR 6224 --- [    Test worker] tourGuide.service.TourGuideService       : java.lang.NullPointerException
2021-11-29 23:17:11.373 ERROR 6224 --- [    Test worker] tourGuide.service.TourGuideService       : java.lang.NullPointerException
2021-11-29 23:17:11.373 ERROR 6224 --- [    Test worker] tourGuide.service.TourGuideService       : java.lang.NullPointerException
2021-11-29 23:17:11.373 ERROR 6224 --- [    Test worker] tourGuide.service.TourGuideService       : java.lang.NullPointerException
2021-11-29 23:17:11.373 ERROR 6224 --- [    Test worker] tourGuide.service.TourGuideService       : java.lang.NullPointerException
2021-11-29 23:17:11.373 ERROR 6224 --- [    Test worker] tourGuide.service.TourGuideService       : java.lang.NullPointerException
2021-11-29 23:17:11.373 ERROR 6224 --- [    Test worker] tourGuide.service.TourGuideService       : java.lang.NullPointerException
2021-11-29 23:17:11.373 ERROR 6224 --- [    Test worker] tourGuide.service.TourGuideService       : java.lang.NullPointerException
2021-11-29 23:17:11.373 ERROR 6224 --- [    Test worker] tourGuide.service.TourGuideService       : java.lang.NullPointerException
2021-11-29 23:17:11.373 ERROR 6224 --- [    Test worker] tourGuide.service.TourGuideService       : java.lang.NullPointerException
2021-11-29 23:17:11.373 ERROR 6224 --- [    Test worker] tourGuide.service.TourGuideService       : java.lang.NullPointerException
2021-11-29 23:17:11.373 ERROR 6224 --- [    Test worker] tourGuide.service.TourGuideService       : java.lang.NullPointerException
2021-11-29 23:17:11.373 ERROR 6224 --- [    Test worker] tourGuide.service.TourGuideService       : java.lang.NullPointerException
2021-11-29 23:17:11.373 ERROR 6224 --- [    Test worker] tourGuide.service.TourGuideService       : java.lang.NullPointerException
2021-11-29 23:17:11.373 ERROR 6224 --- [    Test worker] tourGuide.service.TourGuideService       : java.lang.NullPointerException
2021-11-29 23:17:11.373 ERROR 6224 --- [    Test worker] tourGuide.service.TourGuideService       : java.lang.NullPointerException
2021-11-29 23:17:11.373 ERROR 6224 --- [    Test worker] tourGuide.service.TourGuideService       : java.lang.NullPointerException
2021-11-29 23:17:11.373 ERROR 6224 --- [    Test worker] tourGuide.service.TourGuideService       : java.lang.NullPointerException
2021-11-29 23:17:11.374 ERROR 6224 --- [    Test worker] tourGuide.service.TourGuideService       : java.lang.NullPointerException
2021-11-29 23:17:11.374 ERROR 6224 --- [    Test worker] tourGuide.service.TourGuideService       : java.lang.NullPointerException
2021-11-29 23:17:11.374 ERROR 6224 --- [    Test worker] tourGuide.service.TourGuideService       : java.lang.NullPointerException
2021-11-29 23:17:11.374 ERROR 6224 --- [    Test worker] tourGuide.service.TourGuideService       : java.lang.NullPointerException
2021-11-29 23:17:11.374 ERROR 6224 --- [    Test worker] tourGuide.service.TourGuideService       : java.lang.NullPointerException
2021-11-29 23:17:11.374 ERROR 6224 --- [    Test worker] tourGuide.service.TourGuideService       : java.lang.NullPointerException
2021-11-29 23:17:11.374 ERROR 6224 --- [    Test worker] tourGuide.service.TourGuideService       : java.lang.NullPointerException
2021-11-29 23:17:11.374 ERROR 6224 --- [    Test worker] tourGuide.service.TourGuideService       : java.lang.NullPointerException
2021-11-29 23:17:11.374 ERROR 6224 --- [    Test worker] tourGuide.service.TourGuideService       : java.lang.NullPointerException
2021-11-29 23:17:11.374 ERROR 6224 --- [    Test worker] tourGuide.service.TourGuideService       : java.lang.NullPointerException
2021-11-29 23:17:11.374 ERROR 6224 --- [    Test worker] tourGuide.service.TourGuideService       : java.lang.NullPointerException
2021-11-29 23:17:11.374 ERROR 6224 --- [    Test worker] tourGuide.service.TourGuideService       : java.lang.NullPointerException
2021-11-29 23:17:11.374 ERROR 6224 --- [    Test worker] tourGuide.service.TourGuideService       : java.lang.NullPointerException
2021-11-29 23:17:11.374 ERROR 6224 --- [    Test worker] tourGuide.service.TourGuideService       : java.lang.NullPointerException
2021-11-29 23:17:11.374 ERROR 6224 --- [    Test worker] tourGuide.service.TourGuideService       : java.lang.NullPointerException
2021-11-29 23:17:11.374 ERROR 6224 --- [    Test worker] tourGuide.service.TourGuideService       : java.lang.NullPointerException
2021-11-29 23:17:11.374 ERROR 6224 --- [    Test worker] tourGuide.service.TourGuideService       : java.lang.NullPointerException
2021-11-29 23:17:11.374 ERROR 6224 --- [    Test worker] tourGuide.service.TourGuideService       : java.lang.NullPointerException
2021-11-29 23:17:11.375 ERROR 6224 --- [    Test worker] tourGuide.service.TourGuideService       : java.lang.NullPointerException
2021-11-29 23:17:11.375 ERROR 6224 --- [    Test worker] tourGuide.service.TourGuideService       : java.lang.NullPointerException
2021-11-29 23:17:11.375 ERROR 6224 --- [    Test worker] tourGuide.service.TourGuideService       : java.lang.NullPointerException
2021-11-29 23:17:11.375 ERROR 6224 --- [    Test worker] tourGuide.service.TourGuideService       : java.lang.NullPointerException
2021-11-29 23:17:11.375 ERROR 6224 --- [    Test worker] tourGuide.service.TourGuideService       : java.lang.NullPointerException
2021-11-29 23:17:11.375 ERROR 6224 --- [    Test worker] tourGuide.service.TourGuideService       : java.lang.NullPointerException
2021-11-29 23:17:11.375 ERROR 6224 --- [    Test worker] tourGuide.service.TourGuideService       : java.lang.NullPointerException
2021-11-29 23:17:11.375 ERROR 6224 --- [    Test worker] tourGuide.service.TourGuideService       : java.lang.NullPointerException
2021-11-29 23:17:11.375 ERROR 6224 --- [    Test worker] tourGuide.service.TourGuideService       : java.lang.NullPointerException
2021-11-29 23:17:11.375 ERROR 6224 --- [    Test worker] tourGuide.service.TourGuideService       : java.lang.NullPointerException
2021-11-29 23:17:11.375 ERROR 6224 --- [    Test worker] tourGuide.service.TourGuideService       : java.lang.NullPointerException
2021-11-29 23:17:11.375 ERROR 6224 --- [    Test worker] tourGuide.service.TourGuideService       : java.lang.NullPointerException
2021-11-29 23:17:11.375 ERROR 6224 --- [    Test worker] tourGuide.service.TourGuideService       : java.lang.NullPointerException
2021-11-29 23:17:11.375 ERROR 6224 --- [    Test worker] tourGuide.service.TourGuideService       : java.lang.NullPointerException
2021-11-29 23:17:11.375 ERROR 6224 --- [    Test worker] tourGuide.service.TourGuideService       : java.lang.NullPointerException
2021-11-29 23:17:11.375 ERROR 6224 --- [    Test worker] tourGuide.service.TourGuideService       : java.lang.NullPointerException
2021-11-29 23:17:11.375 ERROR 6224 --- [    Test worker] tourGuide.service.TourGuideService       : java.lang.NullPointerException
2021-11-29 23:17:11.375 ERROR 6224 --- [    Test worker] tourGuide.service.TourGuideService       : java.lang.NullPointerException
2021-11-29 23:17:11.375 ERROR 6224 --- [    Test worker] tourGuide.service.TourGuideService       : java.lang.NullPointerException
2021-11-29 23:17:11.376 ERROR 6224 --- [    Test worker] tourGuide.service.TourGuideService       : java.lang.NullPointerException
2021-11-29 23:17:11.376 ERROR 6224 --- [    Test worker] tourGuide.service.TourGuideService       : java.lang.NullPointerException
2021-11-29 23:17:11.376 ERROR 6224 --- [    Test worker] tourGuide.service.TourGuideService       : java.lang.NullPointerException
2021-11-29 23:17:11.376 ERROR 6224 --- [    Test worker] tourGuide.service.TourGuideService       : java.lang.NullPointerException
2021-11-29 23:17:11.376 ERROR 6224 --- [    Test worker] tourGuide.service.TourGuideService       : java.lang.NullPointerException
2021-11-29 23:17:11.376 ERROR 6224 --- [    Test worker] tourGuide.service.TourGuideService       : java.lang.NullPointerException
2021-11-29 23:17:11.376 ERROR 6224 --- [    Test worker] tourGuide.service.TourGuideService       : java.lang.NullPointerException
2021-11-29 23:17:11.376 ERROR 6224 --- [    Test worker] tourGuide.service.TourGuideService       : java.lang.NullPointerException
2021-11-29 23:17:11.376 ERROR 6224 --- [    Test worker] tourGuide.service.TourGuideService       : java.lang.NullPointerException
2021-11-29 23:17:11.376 ERROR 6224 --- [    Test worker] tourGuide.service.TourGuideService       : java.lang.NullPointerException
2021-11-29 23:17:11.376 ERROR 6224 --- [    Test worker] tourGuide.service.TourGuideService       : java.lang.NullPointerException
2021-11-29 23:17:11.376 ERROR 6224 --- [    Test worker] tourGuide.service.TourGuideService       : java.lang.NullPointerException
2021-11-29 23:17:11.376 ERROR 6224 --- [    Test worker] tourGuide.service.TourGuideService       : java.lang.NullPointerException
2021-11-29 23:17:11.376 ERROR 6224 --- [    Test worker] tourGuide.service.TourGuideService       : java.lang.NullPointerException
2021-11-29 23:17:11.377 ERROR 6224 --- [    Test worker] tourGuide.service.TourGuideService       : java.lang.NullPointerException
2021-11-29 23:17:11.377 ERROR 6224 --- [    Test worker] tourGuide.service.TourGuideService       : java.lang.NullPointerException
2021-11-29 23:17:11.377 ERROR 6224 --- [    Test worker] tourGuide.service.TourGuideService       : java.lang.NullPointerException
2021-11-29 23:17:11.377 ERROR 6224 --- [    Test worker] tourGuide.service.TourGuideService       : java.lang.NullPointerException
2021-11-29 23:17:11.377 ERROR 6224 --- [    Test worker] tourGuide.service.TourGuideService       : java.lang.NullPointerException
2021-11-29 23:17:11.377 ERROR 6224 --- [    Test worker] tourGuide.service.TourGuideService       : java.lang.NullPointerException
2021-11-29 23:17:11.377 ERROR 6224 --- [    Test worker] tourGuide.service.TourGuideService       : java.lang.NullPointerException
2021-11-29 23:17:11.377 ERROR 6224 --- [    Test worker] tourGuide.service.TourGuideService       : java.lang.NullPointerException
2021-11-29 23:17:11.377 ERROR 6224 --- [    Test worker] tourGuide.service.TourGuideService       : java.lang.NullPointerException
2021-11-29 23:17:11.377 ERROR 6224 --- [    Test worker] tourGuide.service.TourGuideService       : java.lang.NullPointerException
2021-11-29 23:17:11.377 ERROR 6224 --- [    Test worker] tourGuide.service.TourGuideService       : java.lang.NullPointerException
2021-11-29 23:17:11.377 ERROR 6224 --- [    Test worker] tourGuide.service.TourGuideService       : java.lang.NullPointerException
2021-11-29 23:17:11.377 ERROR 6224 --- [    Test worker] tourGuide.service.TourGuideService       : java.lang.NullPointerException
2021-11-29 23:17:11.377 ERROR 6224 --- [    Test worker] tourGuide.service.TourGuideService       : java.lang.NullPointerException
2021-11-29 23:17:11.377 ERROR 6224 --- [    Test worker] tourGuide.service.TourGuideService       : java.lang.NullPointerException
2021-11-29 23:17:11.377 ERROR 6224 --- [    Test worker] tourGuide.service.TourGuideService       : java.lang.NullPointerException
2021-11-29 23:17:11.377 ERROR 6224 --- [    Test worker] tourGuide.service.TourGuideService       : java.lang.NullPointerException
2021-11-29 23:17:11.377 ERROR 6224 --- [    Test worker] tourGuide.service.TourGuideService       : java.lang.NullPointerException
2021-11-29 23:17:11.378 ERROR 6224 --- [    Test worker] tourGuide.service.TourGuideService       : java.lang.NullPointerException
2021-11-29 23:17:11.378 ERROR 6224 --- [    Test worker] tourGuide.service.TourGuideService       : java.lang.NullPointerException
2021-11-29 23:17:11.378 ERROR 6224 --- [    Test worker] tourGuide.service.TourGuideService       : java.lang.NullPointerException
2021-11-29 23:17:11.378 ERROR 6224 --- [    Test worker] tourGuide.service.TourGuideService       : java.lang.NullPointerException
2021-11-29 23:17:11.378 ERROR 6224 --- [    Test worker] tourGuide.service.TourGuideService       : java.lang.NullPointerException
2021-11-29 23:17:11.378 ERROR 6224 --- [    Test worker] tourGuide.service.TourGuideService       : java.lang.NullPointerException
2021-11-29 23:17:11.378 ERROR 6224 --- [    Test worker] tourGuide.service.TourGuideService       : java.lang.NullPointerException
2021-11-29 23:17:11.378 ERROR 6224 --- [    Test worker] tourGuide.service.TourGuideService       : java.lang.NullPointerException
2021-11-29 23:17:11.378 ERROR 6224 --- [    Test worker] tourGuide.service.TourGuideService       : java.lang.NullPointerException
2021-11-29 23:17:11.378 ERROR 6224 --- [    Test worker] tourGuide.service.TourGuideService       : java.lang.NullPointerException
2021-11-29 23:17:11.378 ERROR 6224 --- [    Test worker] tourGuide.service.TourGuideService       : java.lang.NullPointerException
2021-11-29 23:17:11.378 ERROR 6224 --- [    Test worker] tourGuide.service.TourGuideService       : java.lang.NullPointerException
2021-11-29 23:17:11.378 ERROR 6224 --- [    Test worker] tourGuide.service.TourGuideService       : java.lang.NullPointerException
2021-11-29 23:17:11.378 ERROR 6224 --- [    Test worker] tourGuide.service.TourGuideService       : java.lang.NullPointerException
2021-11-29 23:17:11.378 ERROR 6224 --- [    Test worker] tourGuide.service.TourGuideService       : java.lang.NullPointerException
2021-11-29 23:17:11.378 ERROR 6224 --- [    Test worker] tourGuide.service.TourGuideService       : java.lang.NullPointerException
2021-11-29 23:17:11.378 ERROR 6224 --- [    Test worker] tourGuide.service.TourGuideService       : java.lang.NullPointerException
2021-11-29 23:17:11.378 ERROR 6224 --- [    Test worker] tourGuide.service.TourGuideService       : java.lang.NullPointerException
2021-11-29 23:17:11.379 ERROR 6224 --- [    Test worker] tourGuide.service.TourGuideService       : java.lang.NullPointerException
2021-11-29 23:17:11.379 ERROR 6224 --- [    Test worker] tourGuide.service.TourGuideService       : java.lang.NullPointerException
2021-11-29 23:17:11.379 ERROR 6224 --- [    Test worker] tourGuide.service.TourGuideService       : java.lang.NullPointerException
2021-11-29 23:17:11.379 ERROR 6224 --- [    Test worker] tourGuide.service.TourGuideService       : java.lang.NullPointerException
2021-11-29 23:17:11.379 ERROR 6224 --- [    Test worker] tourGuide.service.TourGuideService       : java.lang.NullPointerException
2021-11-29 23:17:11.379 ERROR 6224 --- [    Test worker] tourGuide.service.TourGuideService       : java.lang.NullPointerException
2021-11-29 23:17:11.379 ERROR 6224 --- [    Test worker] tourGuide.service.TourGuideService       : java.lang.NullPointerException
2021-11-29 23:17:11.379 ERROR 6224 --- [    Test worker] tourGuide.service.TourGuideService       : java.lang.NullPointerException
2021-11-29 23:17:11.379 ERROR 6224 --- [    Test worker] tourGuide.service.TourGuideService       : java.lang.NullPointerException
2021-11-29 23:17:11.379 ERROR 6224 --- [    Test worker] tourGuide.service.TourGuideService       : java.lang.NullPointerException
2021-11-29 23:17:11.379 ERROR 6224 --- [    Test worker] tourGuide.service.TourGuideService       : java.lang.NullPointerException
2021-11-29 23:17:11.379 ERROR 6224 --- [    Test worker] tourGuide.service.TourGuideService       : java.lang.NullPointerException
2021-11-29 23:17:11.379 ERROR 6224 --- [    Test worker] tourGuide.service.TourGuideService       : java.lang.NullPointerException
2021-11-29 23:17:11.379 ERROR 6224 --- [    Test worker] tourGuide.service.TourGuideService       : java.lang.NullPointerException
2021-11-29 23:17:11.379 ERROR 6224 --- [    Test worker] tourGuide.service.TourGuideService       : java.lang.NullPointerException
2021-11-29 23:17:11.379 ERROR 6224 --- [    Test worker] tourGuide.service.TourGuideService       : java.lang.NullPointerException
2021-11-29 23:17:11.380 ERROR 6224 --- [    Test worker] tourGuide.service.TourGuideService       : java.lang.NullPointerException
2021-11-29 23:17:11.380 ERROR 6224 --- [    Test worker] tourGuide.service.TourGuideService       : java.lang.NullPointerException
2021-11-29 23:17:11.380 ERROR 6224 --- [    Test worker] tourGuide.service.TourGuideService       : java.lang.NullPointerException
2021-11-29 23:17:11.380 ERROR 6224 --- [    Test worker] tourGuide.service.TourGuideService       : java.lang.NullPointerException
2021-11-29 23:17:11.380 ERROR 6224 --- [    Test worker] tourGuide.service.TourGuideService       : java.lang.NullPointerException
2021-11-29 23:17:11.380 ERROR 6224 --- [    Test worker] tourGuide.service.TourGuideService       : java.lang.NullPointerException
2021-11-29 23:17:11.380 ERROR 6224 --- [    Test worker] tourGuide.service.TourGuideService       : java.lang.NullPointerException
2021-11-29 23:17:11.380 ERROR 6224 --- [    Test worker] tourGuide.service.TourGuideService       : java.lang.NullPointerException
2021-11-29 23:17:11.381 ERROR 6224 --- [    Test worker] tourGuide.service.TourGuideService       : java.lang.NullPointerException
2021-11-29 23:17:11.381 ERROR 6224 --- [    Test worker] tourGuide.service.TourGuideService       : java.lang.NullPointerException
2021-11-29 23:17:11.381 ERROR 6224 --- [    Test worker] tourGuide.service.TourGuideService       : java.lang.NullPointerException
2021-11-29 23:17:11.381 ERROR 6224 --- [    Test worker] tourGuide.service.TourGuideService       : java.lang.NullPointerException
2021-11-29 23:17:11.381 ERROR 6224 --- [    Test worker] tourGuide.service.TourGuideService       : java.lang.NullPointerException
2021-11-29 23:17:11.381 ERROR 6224 --- [    Test worker] tourGuide.service.TourGuideService       : java.lang.NullPointerException
2021-11-29 23:17:11.381 ERROR 6224 --- [    Test worker] tourGuide.service.TourGuideService       : java.lang.NullPointerException
2021-11-29 23:17:11.381 ERROR 6224 --- [    Test worker] tourGuide.service.TourGuideService       : java.lang.NullPointerException
2021-11-29 23:17:11.381 ERROR 6224 --- [    Test worker] tourGuide.service.TourGuideService       : java.lang.NullPointerException
2021-11-29 23:17:11.381 ERROR 6224 --- [    Test worker] tourGuide.service.TourGuideService       : java.lang.NullPointerException
2021-11-29 23:17:11.382 ERROR 6224 --- [    Test worker] tourGuide.service.TourGuideService       : java.lang.NullPointerException
2021-11-29 23:17:11.382 ERROR 6224 --- [    Test worker] tourGuide.service.TourGuideService       : java.lang.NullPointerException
2021-11-29 23:17:11.383 ERROR 6224 --- [    Test worker] tourGuide.service.TourGuideService       : java.lang.NullPointerException
2021-11-29 23:17:11.383 ERROR 6224 --- [    Test worker] tourGuide.service.TourGuideService       : java.lang.NullPointerException
2021-11-29 23:17:11.383 ERROR 6224 --- [    Test worker] tourGuide.service.TourGuideService       : java.lang.NullPointerException
2021-11-29 23:17:11.383 ERROR 6224 --- [    Test worker] tourGuide.service.TourGuideService       : java.lang.NullPointerException
2021-11-29 23:17:11.383 ERROR 6224 --- [    Test worker] tourGuide.service.TourGuideService       : java.lang.NullPointerException
2021-11-29 23:17:11.383 ERROR 6224 --- [    Test worker] tourGuide.service.TourGuideService       : java.lang.NullPointerException
2021-11-29 23:17:11.385 ERROR 6224 --- [    Test worker] tourGuide.service.TourGuideService       : java.lang.NullPointerException
2021-11-29 23:17:11.386 ERROR 6224 --- [    Test worker] tourGuide.service.TourGuideService       : java.lang.NullPointerException
2021-11-29 23:17:11.386 ERROR 6224 --- [    Test worker] tourGuide.service.TourGuideService       : java.lang.NullPointerException
2021-11-29 23:17:11.412 ERROR 6224 --- [    Test worker] tourGuide.service.TourGuideService       : java.lang.NullPointerException
2021-11-29 23:17:11.413 ERROR 6224 --- [    Test worker] tourGuide.service.TourGuideService       : java.lang.NullPointerException
2021-11-29 23:17:11.413 ERROR 6224 --- [    Test worker] tourGuide.service.TourGuideService       : java.lang.NullPointerException
2021-11-29 23:17:11.413 ERROR 6224 --- [    Test worker] tourGuide.service.TourGuideService       : java.lang.NullPointerException
2021-11-29 23:17:11.413 ERROR 6224 --- [    Test worker] tourGuide.service.TourGuideService       : java.lang.NullPointerException
2021-11-29 23:17:11.413 ERROR 6224 --- [    Test worker] tourGuide.service.TourGuideService       : java.lang.NullPointerException
2021-11-29 23:17:11.413 ERROR 6224 --- [    Test worker] tourGuide.service.TourGuideService       : java.lang.NullPointerException
2021-11-29 23:17:11.413 ERROR 6224 --- [    Test worker] tourGuide.service.TourGuideService       : java.lang.NullPointerException
2021-11-29 23:17:11.413 ERROR 6224 --- [    Test worker] tourGuide.service.TourGuideService       : java.lang.NullPointerException
2021-11-29 23:17:11.413 ERROR 6224 --- [    Test worker] tourGuide.service.TourGuideService       : java.lang.NullPointerException
2021-11-29 23:17:11.413 ERROR 6224 --- [    Test worker] tourGuide.service.TourGuideService       : java.lang.NullPointerException
2021-11-29 23:17:11.413 ERROR 6224 --- [    Test worker] tourGuide.service.TourGuideService       : java.lang.NullPointerException
2021-11-29 23:17:11.413 ERROR 6224 --- [    Test worker] tourGuide.service.TourGuideService       : java.lang.NullPointerException
2021-11-29 23:17:11.413 ERROR 6224 --- [    Test worker] tourGuide.service.TourGuideService       : java.lang.NullPointerException
2021-11-29 23:17:11.413 ERROR 6224 --- [    Test worker] tourGuide.service.TourGuideService       : java.lang.NullPointerException
2021-11-29 23:17:11.413 ERROR 6224 --- [    Test worker] tourGuide.service.TourGuideService       : java.lang.NullPointerException
2021-11-29 23:17:11.413 ERROR 6224 --- [    Test worker] tourGuide.service.TourGuideService       : java.lang.NullPointerException
2021-11-29 23:17:11.413 ERROR 6224 --- [    Test worker] tourGuide.service.TourGuideService       : java.lang.NullPointerException
2021-11-29 23:17:11.413 ERROR 6224 --- [    Test worker] tourGuide.service.TourGuideService       : java.lang.NullPointerException
2021-11-29 23:17:11.414 ERROR 6224 --- [    Test worker] tourGuide.service.TourGuideService       : java.lang.NullPointerException
2021-11-29 23:17:11.414 ERROR 6224 --- [    Test worker] tourGuide.service.TourGuideService       : java.lang.NullPointerException
2021-11-29 23:17:11.414 ERROR 6224 --- [    Test worker] tourGuide.service.TourGuideService       : java.lang.NullPointerException
2021-11-29 23:17:11.414 ERROR 6224 --- [    Test worker] tourGuide.service.TourGuideService       : java.lang.NullPointerException
2021-11-29 23:17:11.414 ERROR 6224 --- [    Test worker] tourGuide.service.TourGuideService       : java.lang.NullPointerException
2021-11-29 23:17:11.414 ERROR 6224 --- [    Test worker] tourGuide.service.TourGuideService       : java.lang.NullPointerException
2021-11-29 23:17:11.414 ERROR 6224 --- [    Test worker] tourGuide.service.TourGuideService       : java.lang.NullPointerException
2021-11-29 23:17:11.414 ERROR 6224 --- [    Test worker] tourGuide.service.TourGuideService       : java.lang.NullPointerException
2021-11-29 23:17:11.414 ERROR 6224 --- [    Test worker] tourGuide.service.TourGuideService       : java.lang.NullPointerException
2021-11-29 23:17:11.414 ERROR 6224 --- [    Test worker] tourGuide.service.TourGuideService       : java.lang.NullPointerException
2021-11-29 23:17:11.414 ERROR 6224 --- [    Test worker] tourGuide.service.TourGuideService       : java.lang.NullPointerException
2021-11-29 23:17:11.414 ERROR 6224 --- [    Test worker] tourGuide.service.TourGuideService       : java.lang.NullPointerException
2021-11-29 23:17:11.414 ERROR 6224 --- [    Test worker] tourGuide.service.TourGuideService       : java.lang.NullPointerException
2021-11-29 23:17:11.414 ERROR 6224 --- [    Test worker] tourGuide.service.TourGuideService       : java.lang.NullPointerException
2021-11-29 23:17:11.414 ERROR 6224 --- [    Test worker] tourGuide.service.TourGuideService       : java.lang.NullPointerException
2021-11-29 23:17:11.414 ERROR 6224 --- [    Test worker] tourGuide.service.TourGuideService       : java.lang.NullPointerException
2021-11-29 23:17:11.414 ERROR 6224 --- [    Test worker] tourGuide.service.TourGuideService       : java.lang.NullPointerException
2021-11-29 23:17:11.414 ERROR 6224 --- [    Test worker] tourGuide.service.TourGuideService       : java.lang.NullPointerException
2021-11-29 23:17:11.414 ERROR 6224 --- [    Test worker] tourGuide.service.TourGuideService       : java.lang.NullPointerException
2021-11-29 23:17:11.415 ERROR 6224 --- [    Test worker] tourGuide.service.TourGuideService       : java.lang.NullPointerException
2021-11-29 23:17:11.415 ERROR 6224 --- [    Test worker] tourGuide.service.TourGuideService       : java.lang.NullPointerException
2021-11-29 23:17:11.415 ERROR 6224 --- [    Test worker] tourGuide.service.TourGuideService       : java.lang.NullPointerException
2021-11-29 23:17:11.415 ERROR 6224 --- [    Test worker] tourGuide.service.TourGuideService       : java.lang.NullPointerException
2021-11-29 23:17:11.415 ERROR 6224 --- [    Test worker] tourGuide.service.TourGuideService       : java.lang.NullPointerException
2021-11-29 23:17:11.415 ERROR 6224 --- [    Test worker] tourGuide.service.TourGuideService       : java.lang.NullPointerException
2021-11-29 23:17:11.415 ERROR 6224 --- [    Test worker] tourGuide.service.TourGuideService       : java.lang.NullPointerException
2021-11-29 23:17:11.415 ERROR 6224 --- [    Test worker] tourGuide.service.TourGuideService       : java.lang.NullPointerException
2021-11-29 23:17:11.415 ERROR 6224 --- [    Test worker] tourGuide.service.TourGuideService       : java.lang.NullPointerException
2021-11-29 23:17:11.415 ERROR 6224 --- [    Test worker] tourGuide.service.TourGuideService       : java.lang.NullPointerException
2021-11-29 23:17:11.415 ERROR 6224 --- [    Test worker] tourGuide.service.TourGuideService       : java.lang.NullPointerException
2021-11-29 23:17:11.415 ERROR 6224 --- [    Test worker] tourGuide.service.TourGuideService       : java.lang.NullPointerException
2021-11-29 23:17:11.415 ERROR 6224 --- [    Test worker] tourGuide.service.TourGuideService       : java.lang.NullPointerException
2021-11-29 23:17:11.415 ERROR 6224 --- [    Test worker] tourGuide.service.TourGuideService       : java.lang.NullPointerException
2021-11-29 23:17:11.415 ERROR 6224 --- [    Test worker] tourGuide.service.TourGuideService       : java.lang.NullPointerException
2021-11-29 23:17:11.415 ERROR 6224 --- [    Test worker] tourGuide.service.TourGuideService       : java.lang.NullPointerException
2021-11-29 23:17:11.415 ERROR 6224 --- [    Test worker] tourGuide.service.TourGuideService       : java.lang.NullPointerException
2021-11-29 23:17:11.416 ERROR 6224 --- [    Test worker] tourGuide.service.TourGuideService       : java.lang.NullPointerException
2021-11-29 23:17:11.416 ERROR 6224 --- [    Test worker] tourGuide.service.TourGuideService       : java.lang.NullPointerException
2021-11-29 23:17:11.416 ERROR 6224 --- [    Test worker] tourGuide.service.TourGuideService       : java.lang.NullPointerException
2021-11-29 23:17:11.416 ERROR 6224 --- [    Test worker] tourGuide.service.TourGuideService       : java.lang.NullPointerException
2021-11-29 23:17:11.416 ERROR 6224 --- [    Test worker] tourGuide.service.TourGuideService       : java.lang.NullPointerException
2021-11-29 23:17:11.416 ERROR 6224 --- [    Test worker] tourGuide.service.TourGuideService       : java.lang.NullPointerException
2021-11-29 23:17:11.416 ERROR 6224 --- [    Test worker] tourGuide.service.TourGuideService       : java.lang.NullPointerException
2021-11-29 23:17:11.416 ERROR 6224 --- [    Test worker] tourGuide.service.TourGuideService       : java.lang.NullPointerException
2021-11-29 23:17:11.416 ERROR 6224 --- [    Test worker] tourGuide.service.TourGuideService       : java.lang.NullPointerException
2021-11-29 23:17:11.416 ERROR 6224 --- [    Test worker] tourGuide.service.TourGuideService       : java.lang.NullPointerException
2021-11-29 23:17:11.416 ERROR 6224 --- [    Test worker] tourGuide.service.TourGuideService       : java.lang.NullPointerException
2021-11-29 23:17:11.416 ERROR 6224 --- [    Test worker] tourGuide.service.TourGuideService       : java.lang.NullPointerException
2021-11-29 23:17:11.416 ERROR 6224 --- [    Test worker] tourGuide.service.TourGuideService       : java.lang.NullPointerException
2021-11-29 23:17:11.416 ERROR 6224 --- [    Test worker] tourGuide.service.TourGuideService       : java.lang.NullPointerException
2021-11-29 23:17:11.416 ERROR 6224 --- [    Test worker] tourGuide.service.TourGuideService       : java.lang.NullPointerException
2021-11-29 23:17:11.416 ERROR 6224 --- [    Test worker] tourGuide.service.TourGuideService       : java.lang.NullPointerException
2021-11-29 23:17:11.416 ERROR 6224 --- [    Test worker] tourGuide.service.TourGuideService       : java.lang.NullPointerException
2021-11-29 23:17:11.416 ERROR 6224 --- [    Test worker] tourGuide.service.TourGuideService       : java.lang.NullPointerException
2021-11-29 23:17:11.416 ERROR 6224 --- [    Test worker] tourGuide.service.TourGuideService       : java.lang.NullPointerException
2021-11-29 23:17:11.417 ERROR 6224 --- [    Test worker] tourGuide.service.TourGuideService       : java.lang.NullPointerException
2021-11-29 23:17:11.417 ERROR 6224 --- [    Test worker] tourGuide.service.TourGuideService       : java.lang.NullPointerException
2021-11-29 23:17:11.417 ERROR 6224 --- [    Test worker] tourGuide.service.TourGuideService       : java.lang.NullPointerException
2021-11-29 23:17:11.417 ERROR 6224 --- [    Test worker] tourGuide.service.TourGuideService       : java.lang.NullPointerException
2021-11-29 23:17:11.417 ERROR 6224 --- [    Test worker] tourGuide.service.TourGuideService       : java.lang.NullPointerException
2021-11-29 23:17:11.417 ERROR 6224 --- [    Test worker] tourGuide.service.TourGuideService       : java.lang.NullPointerException
2021-11-29 23:17:11.417 ERROR 6224 --- [    Test worker] tourGuide.service.TourGuideService       : java.lang.NullPointerException
2021-11-29 23:17:11.417 ERROR 6224 --- [    Test worker] tourGuide.service.TourGuideService       : java.lang.NullPointerException
2021-11-29 23:17:11.417 ERROR 6224 --- [    Test worker] tourGuide.service.TourGuideService       : java.lang.NullPointerException
2021-11-29 23:17:11.417 ERROR 6224 --- [    Test worker] tourGuide.service.TourGuideService       : java.lang.NullPointerException
2021-11-29 23:17:11.417 ERROR 6224 --- [    Test worker] tourGuide.service.TourGuideService       : java.lang.NullPointerException
2021-11-29 23:17:11.417 ERROR 6224 --- [    Test worker] tourGuide.service.TourGuideService       : java.lang.NullPointerException
2021-11-29 23:17:11.417 ERROR 6224 --- [    Test worker] tourGuide.service.TourGuideService       : java.lang.NullPointerException
2021-11-29 23:17:11.417 ERROR 6224 --- [    Test worker] tourGuide.service.TourGuideService       : java.lang.NullPointerException
2021-11-29 23:17:11.417 ERROR 6224 --- [    Test worker] tourGuide.service.TourGuideService       : java.lang.NullPointerException
2021-11-29 23:17:11.417 ERROR 6224 --- [    Test worker] tourGuide.service.TourGuideService       : java.lang.NullPointerException
2021-11-29 23:17:11.417 ERROR 6224 --- [    Test worker] tourGuide.service.TourGuideService       : java.lang.NullPointerException
2021-11-29 23:17:11.417 ERROR 6224 --- [    Test worker] tourGuide.service.TourGuideService       : java.lang.NullPointerException
2021-11-29 23:17:11.417 ERROR 6224 --- [    Test worker] tourGuide.service.TourGuideService       : java.lang.NullPointerException
2021-11-29 23:17:11.418 ERROR 6224 --- [    Test worker] tourGuide.service.TourGuideService       : java.lang.NullPointerException
2021-11-29 23:17:11.418 ERROR 6224 --- [    Test worker] tourGuide.service.TourGuideService       : java.lang.NullPointerException
2021-11-29 23:17:11.418 ERROR 6224 --- [    Test worker] tourGuide.service.TourGuideService       : java.lang.NullPointerException
2021-11-29 23:17:11.418 ERROR 6224 --- [    Test worker] tourGuide.service.TourGuideService       : java.lang.NullPointerException
2021-11-29 23:17:11.418 ERROR 6224 --- [    Test worker] tourGuide.service.TourGuideService       : java.lang.NullPointerException
2021-11-29 23:17:11.418 ERROR 6224 --- [    Test worker] tourGuide.service.TourGuideService       : java.lang.NullPointerException
2021-11-29 23:17:11.418 ERROR 6224 --- [    Test worker] tourGuide.service.TourGuideService       : java.lang.NullPointerException
2021-11-29 23:17:11.418 ERROR 6224 --- [    Test worker] tourGuide.service.TourGuideService       : java.lang.NullPointerException
2021-11-29 23:17:11.418 ERROR 6224 --- [    Test worker] tourGuide.service.TourGuideService       : java.lang.NullPointerException
2021-11-29 23:17:11.418 ERROR 6224 --- [    Test worker] tourGuide.service.TourGuideService       : java.lang.NullPointerException
2021-11-29 23:17:11.418 ERROR 6224 --- [    Test worker] tourGuide.service.TourGuideService       : java.lang.NullPointerException
2021-11-29 23:17:11.418 ERROR 6224 --- [    Test worker] tourGuide.service.TourGuideService       : java.lang.NullPointerException
2021-11-29 23:17:11.418 ERROR 6224 --- [    Test worker] tourGuide.service.TourGuideService       : java.lang.NullPointerException
2021-11-29 23:17:11.418 ERROR 6224 --- [    Test worker] tourGuide.service.TourGuideService       : java.lang.NullPointerException
2021-11-29 23:17:11.418 ERROR 6224 --- [    Test worker] tourGuide.service.TourGuideService       : java.lang.NullPointerException
2021-11-29 23:17:11.418 ERROR 6224 --- [    Test worker] tourGuide.service.TourGuideService       : java.lang.NullPointerException
2021-11-29 23:17:11.418 ERROR 6224 --- [    Test worker] tourGuide.service.TourGuideService       : java.lang.NullPointerException
2021-11-29 23:17:11.418 ERROR 6224 --- [    Test worker] tourGuide.service.TourGuideService       : java.lang.NullPointerException
2021-11-29 23:17:11.418 ERROR 6224 --- [    Test worker] tourGuide.service.TourGuideService       : java.lang.NullPointerException
2021-11-29 23:17:11.419 ERROR 6224 --- [    Test worker] tourGuide.service.TourGuideService       : java.lang.NullPointerException
2021-11-29 23:17:11.419 ERROR 6224 --- [    Test worker] tourGuide.service.TourGuideService       : java.lang.NullPointerException
2021-11-29 23:17:11.419 ERROR 6224 --- [    Test worker] tourGuide.service.TourGuideService       : java.lang.NullPointerException
2021-11-29 23:17:11.419 ERROR 6224 --- [    Test worker] tourGuide.service.TourGuideService       : java.lang.NullPointerException
2021-11-29 23:17:11.419 ERROR 6224 --- [    Test worker] tourGuide.service.TourGuideService       : java.lang.NullPointerException
2021-11-29 23:17:11.419 ERROR 6224 --- [    Test worker] tourGuide.service.TourGuideService       : java.lang.NullPointerException
2021-11-29 23:17:11.419 ERROR 6224 --- [    Test worker] tourGuide.service.TourGuideService       : java.lang.NullPointerException
2021-11-29 23:17:11.419 ERROR 6224 --- [    Test worker] tourGuide.service.TourGuideService       : java.lang.NullPointerException
2021-11-29 23:17:11.419 ERROR 6224 --- [    Test worker] tourGuide.service.TourGuideService       : java.lang.NullPointerException
2021-11-29 23:17:11.419 ERROR 6224 --- [    Test worker] tourGuide.service.TourGuideService       : java.lang.NullPointerException
2021-11-29 23:17:11.419 ERROR 6224 --- [    Test worker] tourGuide.service.TourGuideService       : java.lang.NullPointerException
2021-11-29 23:17:11.419 ERROR 6224 --- [    Test worker] tourGuide.service.TourGuideService       : java.lang.NullPointerException
2021-11-29 23:17:11.419 ERROR 6224 --- [    Test worker] tourGuide.service.TourGuideService       : java.lang.NullPointerException
2021-11-29 23:17:11.419 ERROR 6224 --- [    Test worker] tourGuide.service.TourGuideService       : java.lang.NullPointerException
2021-11-29 23:17:11.419 ERROR 6224 --- [    Test worker] tourGuide.service.TourGuideService       : java.lang.NullPointerException
2021-11-29 23:17:11.419 ERROR 6224 --- [    Test worker] tourGuide.service.TourGuideService       : java.lang.NullPointerException
2021-11-29 23:17:11.419 ERROR 6224 --- [    Test worker] tourGuide.service.TourGuideService       : java.lang.NullPointerException
2021-11-29 23:17:11.419 ERROR 6224 --- [    Test worker] tourGuide.service.TourGuideService       : java.lang.NullPointerException
2021-11-29 23:17:11.419 ERROR 6224 --- [    Test worker] tourGuide.service.TourGuideService       : java.lang.NullPointerException
2021-11-29 23:17:11.419 ERROR 6224 --- [    Test worker] tourGuide.service.TourGuideService       : java.lang.NullPointerException
2021-11-29 23:17:11.420 ERROR 6224 --- [    Test worker] tourGuide.service.TourGuideService       : java.lang.NullPointerException
2021-11-29 23:17:11.420 ERROR 6224 --- [    Test worker] tourGuide.service.TourGuideService       : java.lang.NullPointerException
2021-11-29 23:17:11.420 ERROR 6224 --- [    Test worker] tourGuide.service.TourGuideService       : java.lang.NullPointerException
2021-11-29 23:17:11.420 ERROR 6224 --- [    Test worker] tourGuide.service.TourGuideService       : java.lang.NullPointerException
2021-11-29 23:17:11.420 ERROR 6224 --- [    Test worker] tourGuide.service.TourGuideService       : java.lang.NullPointerException
2021-11-29 23:17:11.420 ERROR 6224 --- [    Test worker] tourGuide.service.TourGuideService       : java.lang.NullPointerException
2021-11-29 23:17:11.420 ERROR 6224 --- [    Test worker] tourGuide.service.TourGuideService       : java.lang.NullPointerException
2021-11-29 23:17:11.420 ERROR 6224 --- [    Test worker] tourGuide.service.TourGuideService       : java.lang.NullPointerException
2021-11-29 23:17:11.420 ERROR 6224 --- [    Test worker] tourGuide.service.TourGuideService       : java.lang.NullPointerException
2021-11-29 23:17:11.420 ERROR 6224 --- [    Test worker] tourGuide.service.TourGuideService       : java.lang.NullPointerException
2021-11-29 23:17:11.420 ERROR 6224 --- [    Test worker] tourGuide.service.TourGuideService       : java.lang.NullPointerException
2021-11-29 23:17:11.420 ERROR 6224 --- [    Test worker] tourGuide.service.TourGuideService       : java.lang.NullPointerException
2021-11-29 23:17:11.420 ERROR 6224 --- [    Test worker] tourGuide.service.TourGuideService       : java.lang.NullPointerException
2021-11-29 23:17:11.420 ERROR 6224 --- [    Test worker] tourGuide.service.TourGuideService       : java.lang.NullPointerException
2021-11-29 23:17:11.420 ERROR 6224 --- [    Test worker] tourGuide.service.TourGuideService       : java.lang.NullPointerException
2021-11-29 23:17:11.420 ERROR 6224 --- [    Test worker] tourGuide.service.TourGuideService       : java.lang.NullPointerException
2021-11-29 23:17:11.420 ERROR 6224 --- [    Test worker] tourGuide.service.TourGuideService       : java.lang.NullPointerException
2021-11-29 23:17:11.420 ERROR 6224 --- [    Test worker] tourGuide.service.TourGuideService       : java.lang.NullPointerException
2021-11-29 23:17:11.420 ERROR 6224 --- [    Test worker] tourGuide.service.TourGuideService       : java.lang.NullPointerException
2021-11-29 23:17:11.420 ERROR 6224 --- [    Test worker] tourGuide.service.TourGuideService       : java.lang.NullPointerException
2021-11-29 23:17:11.420 ERROR 6224 --- [    Test worker] tourGuide.service.TourGuideService       : java.lang.NullPointerException
2021-11-29 23:17:11.420 ERROR 6224 --- [    Test worker] tourGuide.service.TourGuideService       : java.lang.NullPointerException
2021-11-29 23:17:11.420 ERROR 6224 --- [    Test worker] tourGuide.service.TourGuideService       : java.lang.NullPointerException
2021-11-29 23:17:11.420 ERROR 6224 --- [    Test worker] tourGuide.service.TourGuideService       : java.lang.NullPointerException
2021-11-29 23:17:11.421 ERROR 6224 --- [    Test worker] tourGuide.service.TourGuideService       : java.lang.NullPointerException
2021-11-29 23:17:11.421 ERROR 6224 --- [    Test worker] tourGuide.service.TourGuideService       : java.lang.NullPointerException
2021-11-29 23:17:11.421 ERROR 6224 --- [    Test worker] tourGuide.service.TourGuideService       : java.lang.NullPointerException
2021-11-29 23:17:11.421 ERROR 6224 --- [    Test worker] tourGuide.service.TourGuideService       : java.lang.NullPointerException
2021-11-29 23:17:11.421 ERROR 6224 --- [    Test worker] tourGuide.service.TourGuideService       : java.lang.NullPointerException
2021-11-29 23:17:11.421 ERROR 6224 --- [    Test worker] tourGuide.service.TourGuideService       : java.lang.NullPointerException
2021-11-29 23:17:11.421 ERROR 6224 --- [    Test worker] tourGuide.service.TourGuideService       : java.lang.NullPointerException
2021-11-29 23:17:11.421 ERROR 6224 --- [    Test worker] tourGuide.service.TourGuideService       : java.lang.NullPointerException
2021-11-29 23:17:11.421 ERROR 6224 --- [    Test worker] tourGuide.service.TourGuideService       : java.lang.NullPointerException
2021-11-29 23:17:11.421 ERROR 6224 --- [    Test worker] tourGuide.service.TourGuideService       : java.lang.NullPointerException
2021-11-29 23:17:11.421 ERROR 6224 --- [    Test worker] tourGuide.service.TourGuideService       : java.lang.NullPointerException
2021-11-29 23:17:11.421 ERROR 6224 --- [    Test worker] tourGuide.service.TourGuideService       : java.lang.NullPointerException
2021-11-29 23:17:11.421 ERROR 6224 --- [    Test worker] tourGuide.service.TourGuideService       : java.lang.NullPointerException
2021-11-29 23:17:11.421 ERROR 6224 --- [    Test worker] tourGuide.service.TourGuideService       : java.lang.NullPointerException
2021-11-29 23:17:11.421 ERROR 6224 --- [    Test worker] tourGuide.service.TourGuideService       : java.lang.NullPointerException
2021-11-29 23:17:11.422 ERROR 6224 --- [    Test worker] tourGuide.service.TourGuideService       : java.lang.NullPointerException
2021-11-29 23:17:11.422 ERROR 6224 --- [    Test worker] tourGuide.service.TourGuideService       : java.lang.NullPointerException
2021-11-29 23:17:11.422 ERROR 6224 --- [    Test worker] tourGuide.service.TourGuideService       : java.lang.NullPointerException
2021-11-29 23:17:11.422 ERROR 6224 --- [    Test worker] tourGuide.service.TourGuideService       : java.lang.NullPointerException
2021-11-29 23:17:11.422 ERROR 6224 --- [    Test worker] tourGuide.service.TourGuideService       : java.lang.NullPointerException
2021-11-29 23:17:11.422 ERROR 6224 --- [    Test worker] tourGuide.service.TourGuideService       : java.lang.NullPointerException
2021-11-29 23:17:11.422 ERROR 6224 --- [    Test worker] tourGuide.service.TourGuideService       : java.lang.NullPointerException
2021-11-29 23:17:11.422 ERROR 6224 --- [    Test worker] tourGuide.service.TourGuideService       : java.lang.NullPointerException
2021-11-29 23:17:11.423 ERROR 6224 --- [    Test worker] tourGuide.service.TourGuideService       : java.lang.NullPointerException
2021-11-29 23:17:11.423 ERROR 6224 --- [    Test worker] tourGuide.service.TourGuideService       : java.lang.NullPointerException
2021-11-29 23:17:11.423 ERROR 6224 --- [    Test worker] tourGuide.service.TourGuideService       : java.lang.NullPointerException
2021-11-29 23:17:11.423 ERROR 6224 --- [    Test worker] tourGuide.service.TourGuideService       : java.lang.NullPointerException
2021-11-29 23:17:11.423 ERROR 6224 --- [    Test worker] tourGuide.service.TourGuideService       : java.lang.NullPointerException
2021-11-29 23:17:11.423 ERROR 6224 --- [    Test worker] tourGuide.service.TourGuideService       : java.lang.NullPointerException
2021-11-29 23:17:11.423 ERROR 6224 --- [    Test worker] tourGuide.service.TourGuideService       : java.lang.NullPointerException
2021-11-29 23:17:11.423 ERROR 6224 --- [    Test worker] tourGuide.service.TourGuideService       : java.lang.NullPointerException
2021-11-29 23:17:11.423 ERROR 6224 --- [    Test worker] tourGuide.service.TourGuideService       : java.lang.NullPointerException
2021-11-29 23:17:11.423 ERROR 6224 --- [    Test worker] tourGuide.service.TourGuideService       : java.lang.NullPointerException
2021-11-29 23:17:11.423 ERROR 6224 --- [    Test worker] tourGuide.service.TourGuideService       : java.lang.NullPointerException
2021-11-29 23:17:11.423 ERROR 6224 --- [    Test worker] tourGuide.service.TourGuideService       : java.lang.NullPointerException
2021-11-29 23:17:11.423 ERROR 6224 --- [    Test worker] tourGuide.service.TourGuideService       : java.lang.NullPointerException
2021-11-29 23:17:11.423 ERROR 6224 --- [    Test worker] tourGuide.service.TourGuideService       : java.lang.NullPointerException
2021-11-29 23:17:11.423 ERROR 6224 --- [    Test worker] tourGuide.service.TourGuideService       : java.lang.NullPointerException
2021-11-29 23:17:11.423 ERROR 6224 --- [    Test worker] tourGuide.service.TourGuideService       : java.lang.NullPointerException
2021-11-29 23:17:11.423 ERROR 6224 --- [    Test worker] tourGuide.service.TourGuideService       : java.lang.NullPointerException
2021-11-29 23:17:11.423 ERROR 6224 --- [    Test worker] tourGuide.service.TourGuideService       : java.lang.NullPointerException
2021-11-29 23:17:11.423 ERROR 6224 --- [    Test worker] tourGuide.service.TourGuideService       : java.lang.NullPointerException
2021-11-29 23:17:11.423 ERROR 6224 --- [    Test worker] tourGuide.service.TourGuideService       : java.lang.NullPointerException
2021-11-29 23:17:11.423 ERROR 6224 --- [    Test worker] tourGuide.service.TourGuideService       : java.lang.NullPointerException
2021-11-29 23:17:11.423 ERROR 6224 --- [    Test worker] tourGuide.service.TourGuideService       : java.lang.NullPointerException
2021-11-29 23:17:11.423 ERROR 6224 --- [    Test worker] tourGuide.service.TourGuideService       : java.lang.NullPointerException
2021-11-29 23:17:11.423 ERROR 6224 --- [    Test worker] tourGuide.service.TourGuideService       : java.lang.NullPointerException
2021-11-29 23:17:11.423 ERROR 6224 --- [    Test worker] tourGuide.service.TourGuideService       : java.lang.NullPointerException
2021-11-29 23:17:11.423 ERROR 6224 --- [    Test worker] tourGuide.service.TourGuideService       : java.lang.NullPointerException
2021-11-29 23:17:11.424 ERROR 6224 --- [    Test worker] tourGuide.service.TourGuideService       : java.lang.NullPointerException
2021-11-29 23:17:11.424 ERROR 6224 --- [    Test worker] tourGuide.service.TourGuideService       : java.lang.NullPointerException
2021-11-29 23:17:11.424 ERROR 6224 --- [    Test worker] tourGuide.service.TourGuideService       : java.lang.NullPointerException
2021-11-29 23:17:11.424 ERROR 6224 --- [    Test worker] tourGuide.service.TourGuideService       : java.lang.NullPointerException
2021-11-29 23:17:11.424 ERROR 6224 --- [    Test worker] tourGuide.service.TourGuideService       : java.lang.NullPointerException
2021-11-29 23:17:11.424 ERROR 6224 --- [    Test worker] tourGuide.service.TourGuideService       : java.lang.NullPointerException
2021-11-29 23:17:11.424 ERROR 6224 --- [    Test worker] tourGuide.service.TourGuideService       : java.lang.NullPointerException
2021-11-29 23:17:11.424 ERROR 6224 --- [    Test worker] tourGuide.service.TourGuideService       : java.lang.NullPointerException
2021-11-29 23:17:11.424 ERROR 6224 --- [    Test worker] tourGuide.service.TourGuideService       : java.lang.NullPointerException
2021-11-29 23:17:11.424 ERROR 6224 --- [    Test worker] tourGuide.service.TourGuideService       : java.lang.NullPointerException
2021-11-29 23:17:11.424 ERROR 6224 --- [    Test worker] tourGuide.service.TourGuideService       : java.lang.NullPointerException
2021-11-29 23:17:11.424 ERROR 6224 --- [    Test worker] tourGuide.service.TourGuideService       : java.lang.NullPointerException
2021-11-29 23:17:11.424 ERROR 6224 --- [    Test worker] tourGuide.service.TourGuideService       : java.lang.NullPointerException
2021-11-29 23:17:11.424 ERROR 6224 --- [    Test worker] tourGuide.service.TourGuideService       : java.lang.NullPointerException
2021-11-29 23:17:11.424 ERROR 6224 --- [    Test worker] tourGuide.service.TourGuideService       : java.lang.NullPointerException
2021-11-29 23:17:11.424 ERROR 6224 --- [    Test worker] tourGuide.service.TourGuideService       : java.lang.NullPointerException
2021-11-29 23:17:11.425 ERROR 6224 --- [    Test worker] tourGuide.service.TourGuideService       : java.lang.NullPointerException
2021-11-29 23:17:11.425 ERROR 6224 --- [    Test worker] tourGuide.service.TourGuideService       : java.lang.NullPointerException
2021-11-29 23:17:11.425 ERROR 6224 --- [    Test worker] tourGuide.service.TourGuideService       : java.lang.NullPointerException
2021-11-29 23:17:11.425 ERROR 6224 --- [    Test worker] tourGuide.service.TourGuideService       : java.lang.NullPointerException
2021-11-29 23:17:11.425 ERROR 6224 --- [    Test worker] tourGuide.service.TourGuideService       : java.lang.NullPointerException
2021-11-29 23:17:11.425 ERROR 6224 --- [    Test worker] tourGuide.service.TourGuideService       : java.lang.NullPointerException
2021-11-29 23:17:11.425 ERROR 6224 --- [    Test worker] tourGuide.service.TourGuideService       : java.lang.NullPointerException
2021-11-29 23:17:11.425 ERROR 6224 --- [    Test worker] tourGuide.service.TourGuideService       : java.lang.NullPointerException
2021-11-29 23:17:11.425 ERROR 6224 --- [    Test worker] tourGuide.service.TourGuideService       : java.lang.NullPointerException
2021-11-29 23:17:11.425 ERROR 6224 --- [    Test worker] tourGuide.service.TourGuideService       : java.lang.NullPointerException
2021-11-29 23:17:11.425 ERROR 6224 --- [    Test worker] tourGuide.service.TourGuideService       : java.lang.NullPointerException
2021-11-29 23:17:11.425 ERROR 6224 --- [    Test worker] tourGuide.service.TourGuideService       : java.lang.NullPointerException
2021-11-29 23:17:11.425 ERROR 6224 --- [    Test worker] tourGuide.service.TourGuideService       : java.lang.NullPointerException
2021-11-29 23:17:11.425 ERROR 6224 --- [    Test worker] tourGuide.service.TourGuideService       : java.lang.NullPointerException
2021-11-29 23:17:11.425 ERROR 6224 --- [    Test worker] tourGuide.service.TourGuideService       : java.lang.NullPointerException
2021-11-29 23:17:11.425 ERROR 6224 --- [    Test worker] tourGuide.service.TourGuideService       : java.lang.NullPointerException
2021-11-29 23:17:11.425 ERROR 6224 --- [    Test worker] tourGuide.service.TourGuideService       : java.lang.NullPointerException
2021-11-29 23:17:11.425 ERROR 6224 --- [    Test worker] tourGuide.service.TourGuideService       : java.lang.NullPointerException
2021-11-29 23:17:11.425 ERROR 6224 --- [    Test worker] tourGuide.service.TourGuideService       : java.lang.NullPointerException
2021-11-29 23:17:11.425 ERROR 6224 --- [    Test worker] tourGuide.service.TourGuideService       : java.lang.NullPointerException
2021-11-29 23:17:11.426 ERROR 6224 --- [    Test worker] tourGuide.service.TourGuideService       : java.lang.NullPointerException
2021-11-29 23:17:11.426 ERROR 6224 --- [    Test worker] tourGuide.service.TourGuideService       : java.lang.NullPointerException
2021-11-29 23:17:11.426 ERROR 6224 --- [    Test worker] tourGuide.service.TourGuideService       : java.lang.NullPointerException
2021-11-29 23:17:11.426 ERROR 6224 --- [    Test worker] tourGuide.service.TourGuideService       : java.lang.NullPointerException
2021-11-29 23:17:11.426 ERROR 6224 --- [    Test worker] tourGuide.service.TourGuideService       : java.lang.NullPointerException
2021-11-29 23:17:11.426 ERROR 6224 --- [    Test worker] tourGuide.service.TourGuideService       : java.lang.NullPointerException
2021-11-29 23:17:11.426 ERROR 6224 --- [    Test worker] tourGuide.service.TourGuideService       : java.lang.NullPointerException
2021-11-29 23:17:11.426 ERROR 6224 --- [    Test worker] tourGuide.service.TourGuideService       : java.lang.NullPointerException
2021-11-29 23:17:11.426 ERROR 6224 --- [    Test worker] tourGuide.service.TourGuideService       : java.lang.NullPointerException
2021-11-29 23:17:11.426 ERROR 6224 --- [    Test worker] tourGuide.service.TourGuideService       : java.lang.NullPointerException
2021-11-29 23:17:11.426 ERROR 6224 --- [    Test worker] tourGuide.service.TourGuideService       : java.lang.NullPointerException
2021-11-29 23:17:11.426 ERROR 6224 --- [    Test worker] tourGuide.service.TourGuideService       : java.lang.NullPointerException
2021-11-29 23:17:11.426 ERROR 6224 --- [    Test worker] tourGuide.service.TourGuideService       : java.lang.NullPointerException
2021-11-29 23:17:11.426 ERROR 6224 --- [    Test worker] tourGuide.service.TourGuideService       : java.lang.NullPointerException
2021-11-29 23:17:11.426 ERROR 6224 --- [    Test worker] tourGuide.service.TourGuideService       : java.lang.NullPointerException
2021-11-29 23:17:11.427 ERROR 6224 --- [    Test worker] tourGuide.service.TourGuideService       : java.lang.NullPointerException
2021-11-29 23:17:11.427 ERROR 6224 --- [    Test worker] tourGuide.service.TourGuideService       : java.lang.NullPointerException
2021-11-29 23:17:11.427 ERROR 6224 --- [    Test worker] tourGuide.service.TourGuideService       : java.lang.NullPointerException
2021-11-29 23:17:11.427 ERROR 6224 --- [    Test worker] tourGuide.service.TourGuideService       : java.lang.NullPointerException
2021-11-29 23:17:11.427 ERROR 6224 --- [    Test worker] tourGuide.service.TourGuideService       : java.lang.NullPointerException
2021-11-29 23:17:11.427 ERROR 6224 --- [    Test worker] tourGuide.service.TourGuideService       : java.lang.NullPointerException
2021-11-29 23:17:11.427 ERROR 6224 --- [    Test worker] tourGuide.service.TourGuideService       : java.lang.NullPointerException
2021-11-29 23:17:11.427 ERROR 6224 --- [    Test worker] tourGuide.service.TourGuideService       : java.lang.NullPointerException
2021-11-29 23:17:11.427 ERROR 6224 --- [    Test worker] tourGuide.service.TourGuideService       : java.lang.NullPointerException
2021-11-29 23:17:11.427 ERROR 6224 --- [    Test worker] tourGuide.service.TourGuideService       : java.lang.NullPointerException
2021-11-29 23:17:11.427 ERROR 6224 --- [    Test worker] tourGuide.service.TourGuideService       : java.lang.NullPointerException
2021-11-29 23:17:11.427 ERROR 6224 --- [    Test worker] tourGuide.service.TourGuideService       : java.lang.NullPointerException
2021-11-29 23:17:11.427 ERROR 6224 --- [    Test worker] tourGuide.service.TourGuideService       : java.lang.NullPointerException
2021-11-29 23:17:11.427 ERROR 6224 --- [    Test worker] tourGuide.service.TourGuideService       : java.lang.NullPointerException
2021-11-29 23:17:11.427 ERROR 6224 --- [    Test worker] tourGuide.service.TourGuideService       : java.lang.NullPointerException
2021-11-29 23:17:11.427 ERROR 6224 --- [    Test worker] tourGuide.service.TourGuideService       : java.lang.NullPointerException
2021-11-29 23:17:11.427 ERROR 6224 --- [    Test worker] tourGuide.service.TourGuideService       : java.lang.NullPointerException
2021-11-29 23:17:11.427 ERROR 6224 --- [    Test worker] tourGuide.service.TourGuideService       : java.lang.NullPointerException
2021-11-29 23:17:11.427 ERROR 6224 --- [    Test worker] tourGuide.service.TourGuideService       : java.lang.NullPointerException
2021-11-29 23:17:11.427 ERROR 6224 --- [    Test worker] tourGuide.service.TourGuideService       : java.lang.NullPointerException
2021-11-29 23:17:11.427 ERROR 6224 --- [    Test worker] tourGuide.service.TourGuideService       : java.lang.NullPointerException
2021-11-29 23:17:11.428 ERROR 6224 --- [    Test worker] tourGuide.service.TourGuideService       : java.lang.NullPointerException
2021-11-29 23:17:11.428 ERROR 6224 --- [    Test worker] tourGuide.service.TourGuideService       : java.lang.NullPointerException
2021-11-29 23:17:11.428 ERROR 6224 --- [    Test worker] tourGuide.service.TourGuideService       : java.lang.NullPointerException
2021-11-29 23:17:11.428 ERROR 6224 --- [    Test worker] tourGuide.service.TourGuideService       : java.lang.NullPointerException
2021-11-29 23:17:11.428 ERROR 6224 --- [    Test worker] tourGuide.service.TourGuideService       : java.lang.NullPointerException
2021-11-29 23:17:11.428 ERROR 6224 --- [    Test worker] tourGuide.service.TourGuideService       : java.lang.NullPointerException
2021-11-29 23:17:11.428 ERROR 6224 --- [    Test worker] tourGuide.service.TourGuideService       : java.lang.NullPointerException
2021-11-29 23:17:11.428 ERROR 6224 --- [    Test worker] tourGuide.service.TourGuideService       : java.lang.NullPointerException
2021-11-29 23:17:11.428 ERROR 6224 --- [    Test worker] tourGuide.service.TourGuideService       : java.lang.NullPointerException
2021-11-29 23:17:11.428 ERROR 6224 --- [    Test worker] tourGuide.service.TourGuideService       : java.lang.NullPointerException
2021-11-29 23:17:11.428 ERROR 6224 --- [    Test worker] tourGuide.service.TourGuideService       : java.lang.NullPointerException
2021-11-29 23:17:11.428 ERROR 6224 --- [    Test worker] tourGuide.service.TourGuideService       : java.lang.NullPointerException
2021-11-29 23:17:11.428 ERROR 6224 --- [    Test worker] tourGuide.service.TourGuideService       : java.lang.NullPointerException
2021-11-29 23:17:11.428 ERROR 6224 --- [    Test worker] tourGuide.service.TourGuideService       : java.lang.NullPointerException
2021-11-29 23:17:11.428 ERROR 6224 --- [    Test worker] tourGuide.service.TourGuideService       : java.lang.NullPointerException
2021-11-29 23:17:11.428 ERROR 6224 --- [    Test worker] tourGuide.service.TourGuideService       : java.lang.NullPointerException
2021-11-29 23:17:11.428 ERROR 6224 --- [    Test worker] tourGuide.service.TourGuideService       : java.lang.NullPointerException
2021-11-29 23:17:11.428 ERROR 6224 --- [    Test worker] tourGuide.service.TourGuideService       : java.lang.NullPointerException
2021-11-29 23:17:11.428 ERROR 6224 --- [    Test worker] tourGuide.service.TourGuideService       : java.lang.NullPointerException
2021-11-29 23:17:11.428 ERROR 6224 --- [    Test worker] tourGuide.service.TourGuideService       : java.lang.NullPointerException
2021-11-29 23:17:11.428 ERROR 6224 --- [    Test worker] tourGuide.service.TourGuideService       : java.lang.NullPointerException
2021-11-29 23:17:11.429 ERROR 6224 --- [    Test worker] tourGuide.service.TourGuideService       : java.lang.NullPointerException
2021-11-29 23:17:11.429 ERROR 6224 --- [    Test worker] tourGuide.service.TourGuideService       : java.lang.NullPointerException
2021-11-29 23:17:11.429 ERROR 6224 --- [    Test worker] tourGuide.service.TourGuideService       : java.lang.NullPointerException
2021-11-29 23:17:11.429 ERROR 6224 --- [    Test worker] tourGuide.service.TourGuideService       : java.lang.NullPointerException
2021-11-29 23:17:11.429 ERROR 6224 --- [    Test worker] tourGuide.service.TourGuideService       : java.lang.NullPointerException
2021-11-29 23:17:11.429 ERROR 6224 --- [    Test worker] tourGuide.service.TourGuideService       : java.lang.NullPointerException
2021-11-29 23:17:11.429 ERROR 6224 --- [    Test worker] tourGuide.service.TourGuideService       : java.lang.NullPointerException
2021-11-29 23:17:11.429 ERROR 6224 --- [    Test worker] tourGuide.service.TourGuideService       : java.lang.NullPointerException
2021-11-29 23:17:11.429 ERROR 6224 --- [    Test worker] tourGuide.service.TourGuideService       : java.lang.NullPointerException
2021-11-29 23:17:11.429 ERROR 6224 --- [    Test worker] tourGuide.service.TourGuideService       : java.lang.NullPointerException
2021-11-29 23:17:11.429 ERROR 6224 --- [    Test worker] tourGuide.service.TourGuideService       : java.lang.NullPointerException
2021-11-29 23:17:11.429 ERROR 6224 --- [    Test worker] tourGuide.service.TourGuideService       : java.lang.NullPointerException
2021-11-29 23:17:11.429 ERROR 6224 --- [    Test worker] tourGuide.service.TourGuideService       : java.lang.NullPointerException
2021-11-29 23:17:11.429 ERROR 6224 --- [    Test worker] tourGuide.service.TourGuideService       : java.lang.NullPointerException
2021-11-29 23:17:11.429 ERROR 6224 --- [    Test worker] tourGuide.service.TourGuideService       : java.lang.NullPointerException
2021-11-29 23:17:11.429 ERROR 6224 --- [    Test worker] tourGuide.service.TourGuideService       : java.lang.NullPointerException
2021-11-29 23:17:11.429 ERROR 6224 --- [    Test worker] tourGuide.service.TourGuideService       : java.lang.NullPointerException
2021-11-29 23:17:11.429 ERROR 6224 --- [    Test worker] tourGuide.service.TourGuideService       : java.lang.NullPointerException
2021-11-29 23:17:11.429 ERROR 6224 --- [    Test worker] tourGuide.service.TourGuideService       : java.lang.NullPointerException
2021-11-29 23:17:11.430 ERROR 6224 --- [    Test worker] tourGuide.service.TourGuideService       : java.lang.NullPointerException
2021-11-29 23:17:11.430 ERROR 6224 --- [    Test worker] tourGuide.service.TourGuideService       : java.lang.NullPointerException
2021-11-29 23:17:11.430 ERROR 6224 --- [    Test worker] tourGuide.service.TourGuideService       : java.lang.NullPointerException
2021-11-29 23:17:11.430 ERROR 6224 --- [    Test worker] tourGuide.service.TourGuideService       : java.lang.NullPointerException
2021-11-29 23:17:11.430 ERROR 6224 --- [    Test worker] tourGuide.service.TourGuideService       : java.lang.NullPointerException
2021-11-29 23:17:11.430 ERROR 6224 --- [    Test worker] tourGuide.service.TourGuideService       : java.lang.NullPointerException
2021-11-29 23:17:11.430 ERROR 6224 --- [    Test worker] tourGuide.service.TourGuideService       : java.lang.NullPointerException
2021-11-29 23:17:11.430 ERROR 6224 --- [    Test worker] tourGuide.service.TourGuideService       : java.lang.NullPointerException
2021-11-29 23:17:11.430 ERROR 6224 --- [    Test worker] tourGuide.service.TourGuideService       : java.lang.NullPointerException
2021-11-29 23:17:11.430 ERROR 6224 --- [    Test worker] tourGuide.service.TourGuideService       : java.lang.NullPointerException
2021-11-29 23:17:11.430 ERROR 6224 --- [    Test worker] tourGuide.service.TourGuideService       : java.lang.NullPointerException
2021-11-29 23:17:11.430 ERROR 6224 --- [    Test worker] tourGuide.service.TourGuideService       : java.lang.NullPointerException
2021-11-29 23:17:11.430 ERROR 6224 --- [    Test worker] tourGuide.service.TourGuideService       : java.lang.NullPointerException
2021-11-29 23:17:11.430 ERROR 6224 --- [    Test worker] tourGuide.service.TourGuideService       : java.lang.NullPointerException
2021-11-29 23:17:11.430 ERROR 6224 --- [    Test worker] tourGuide.service.TourGuideService       : java.lang.NullPointerException
2021-11-29 23:17:11.430 ERROR 6224 --- [    Test worker] tourGuide.service.TourGuideService       : java.lang.NullPointerException
2021-11-29 23:17:11.430 ERROR 6224 --- [    Test worker] tourGuide.service.TourGuideService       : java.lang.NullPointerException
2021-11-29 23:17:11.430 ERROR 6224 --- [    Test worker] tourGuide.service.TourGuideService       : java.lang.NullPointerException
2021-11-29 23:17:11.431 ERROR 6224 --- [    Test worker] tourGuide.service.TourGuideService       : java.lang.NullPointerException
2021-11-29 23:17:11.431 ERROR 6224 --- [    Test worker] tourGuide.service.TourGuideService       : java.lang.NullPointerException
2021-11-29 23:17:11.431 ERROR 6224 --- [    Test worker] tourGuide.service.TourGuideService       : java.lang.NullPointerException
2021-11-29 23:17:11.431 ERROR 6224 --- [    Test worker] tourGuide.service.TourGuideService       : java.lang.NullPointerException
2021-11-29 23:17:11.431 ERROR 6224 --- [    Test worker] tourGuide.service.TourGuideService       : java.lang.NullPointerException
2021-11-29 23:17:11.431 ERROR 6224 --- [    Test worker] tourGuide.service.TourGuideService       : java.lang.NullPointerException
2021-11-29 23:17:11.431 ERROR 6224 --- [    Test worker] tourGuide.service.TourGuideService       : java.lang.NullPointerException
2021-11-29 23:17:11.431 ERROR 6224 --- [    Test worker] tourGuide.service.TourGuideService       : java.lang.NullPointerException
2021-11-29 23:17:11.431 ERROR 6224 --- [    Test worker] tourGuide.service.TourGuideService       : java.lang.NullPointerException
2021-11-29 23:17:11.431 ERROR 6224 --- [    Test worker] tourGuide.service.TourGuideService       : java.lang.NullPointerException
2021-11-29 23:17:11.432 ERROR 6224 --- [    Test worker] tourGuide.service.TourGuideService       : java.lang.NullPointerException
2021-11-29 23:17:11.432 ERROR 6224 --- [    Test worker] tourGuide.service.TourGuideService       : java.lang.NullPointerException
2021-11-29 23:17:11.432 ERROR 6224 --- [    Test worker] tourGuide.service.TourGuideService       : java.lang.NullPointerException
2021-11-29 23:17:11.432 ERROR 6224 --- [    Test worker] tourGuide.service.TourGuideService       : java.lang.NullPointerException
2021-11-29 23:17:11.432 ERROR 6224 --- [    Test worker] tourGuide.service.TourGuideService       : java.lang.NullPointerException
2021-11-29 23:17:11.432 ERROR 6224 --- [    Test worker] tourGuide.service.TourGuideService       : java.lang.NullPointerException
2021-11-29 23:17:11.432 ERROR 6224 --- [    Test worker] tourGuide.service.TourGuideService       : java.lang.NullPointerException
2021-11-29 23:17:11.432 ERROR 6224 --- [    Test worker] tourGuide.service.TourGuideService       : java.lang.NullPointerException
2021-11-29 23:17:11.432 ERROR 6224 --- [    Test worker] tourGuide.service.TourGuideService       : java.lang.NullPointerException
2021-11-29 23:17:11.432 ERROR 6224 --- [    Test worker] tourGuide.service.TourGuideService       : java.lang.NullPointerException
2021-11-29 23:17:11.432 ERROR 6224 --- [    Test worker] tourGuide.service.TourGuideService       : java.lang.NullPointerException
2021-11-29 23:17:11.432 ERROR 6224 --- [    Test worker] tourGuide.service.TourGuideService       : java.lang.NullPointerException
2021-11-29 23:17:11.432 ERROR 6224 --- [    Test worker] tourGuide.service.TourGuideService       : java.lang.NullPointerException
2021-11-29 23:17:11.432 ERROR 6224 --- [    Test worker] tourGuide.service.TourGuideService       : java.lang.NullPointerException
2021-11-29 23:17:11.432 ERROR 6224 --- [    Test worker] tourGuide.service.TourGuideService       : java.lang.NullPointerException
2021-11-29 23:17:11.432 ERROR 6224 --- [    Test worker] tourGuide.service.TourGuideService       : java.lang.NullPointerException
2021-11-29 23:17:11.433 ERROR 6224 --- [    Test worker] tourGuide.service.TourGuideService       : java.lang.NullPointerException
2021-11-29 23:17:11.433 ERROR 6224 --- [    Test worker] tourGuide.service.TourGuideService       : java.lang.NullPointerException
2021-11-29 23:17:11.433 ERROR 6224 --- [    Test worker] tourGuide.service.TourGuideService       : java.lang.NullPointerException
2021-11-29 23:17:11.433 ERROR 6224 --- [    Test worker] tourGuide.service.TourGuideService       : java.lang.NullPointerException
2021-11-29 23:17:11.433 ERROR 6224 --- [    Test worker] tourGuide.service.TourGuideService       : java.lang.NullPointerException
2021-11-29 23:17:11.433 ERROR 6224 --- [    Test worker] tourGuide.service.TourGuideService       : java.lang.NullPointerException
2021-11-29 23:17:11.433 ERROR 6224 --- [    Test worker] tourGuide.service.TourGuideService       : java.lang.NullPointerException
2021-11-29 23:17:11.433 ERROR 6224 --- [    Test worker] tourGuide.service.TourGuideService       : java.lang.NullPointerException
2021-11-29 23:17:11.433 ERROR 6224 --- [    Test worker] tourGuide.service.TourGuideService       : java.lang.NullPointerException
2021-11-29 23:17:11.433 ERROR 6224 --- [    Test worker] tourGuide.service.TourGuideService       : java.lang.NullPointerException
2021-11-29 23:17:11.433 ERROR 6224 --- [    Test worker] tourGuide.service.TourGuideService       : java.lang.NullPointerException
2021-11-29 23:17:11.433 ERROR 6224 --- [    Test worker] tourGuide.service.TourGuideService       : java.lang.NullPointerException
2021-11-29 23:17:11.433 ERROR 6224 --- [    Test worker] tourGuide.service.TourGuideService       : java.lang.NullPointerException
2021-11-29 23:17:11.433 ERROR 6224 --- [    Test worker] tourGuide.service.TourGuideService       : java.lang.NullPointerException
2021-11-29 23:17:11.434 ERROR 6224 --- [    Test worker] tourGuide.service.TourGuideService       : java.lang.NullPointerException
2021-11-29 23:17:11.434 ERROR 6224 --- [    Test worker] tourGuide.service.TourGuideService       : java.lang.NullPointerException
2021-11-29 23:17:11.434 ERROR 6224 --- [    Test worker] tourGuide.service.TourGuideService       : java.lang.NullPointerException
2021-11-29 23:17:11.434 ERROR 6224 --- [    Test worker] tourGuide.service.TourGuideService       : java.lang.NullPointerException
2021-11-29 23:17:11.434 ERROR 6224 --- [    Test worker] tourGuide.service.TourGuideService       : java.lang.NullPointerException
2021-11-29 23:17:11.434 ERROR 6224 --- [    Test worker] tourGuide.service.TourGuideService       : java.lang.NullPointerException
2021-11-29 23:17:11.434 ERROR 6224 --- [    Test worker] tourGuide.service.TourGuideService       : java.lang.NullPointerException
2021-11-29 23:17:11.434 ERROR 6224 --- [    Test worker] tourGuide.service.TourGuideService       : java.lang.NullPointerException
2021-11-29 23:17:11.434 ERROR 6224 --- [    Test worker] tourGuide.service.TourGuideService       : java.lang.NullPointerException
2021-11-29 23:17:11.434 ERROR 6224 --- [    Test worker] tourGuide.service.TourGuideService       : java.lang.NullPointerException
2021-11-29 23:17:11.434 ERROR 6224 --- [    Test worker] tourGuide.service.TourGuideService       : java.lang.NullPointerException
2021-11-29 23:17:11.434 ERROR 6224 --- [    Test worker] tourGuide.service.TourGuideService       : java.lang.NullPointerException
2021-11-29 23:17:11.434 ERROR 6224 --- [    Test worker] tourGuide.service.TourGuideService       : java.lang.NullPointerException
2021-11-29 23:17:11.434 ERROR 6224 --- [    Test worker] tourGuide.service.TourGuideService       : java.lang.NullPointerException
2021-11-29 23:17:11.434 ERROR 6224 --- [    Test worker] tourGuide.service.TourGuideService       : java.lang.NullPointerException
2021-11-29 23:17:11.434 ERROR 6224 --- [    Test worker] tourGuide.service.TourGuideService       : java.lang.NullPointerException
2021-11-29 23:17:11.434 ERROR 6224 --- [    Test worker] tourGuide.service.TourGuideService       : java.lang.NullPointerException
2021-11-29 23:17:11.434 ERROR 6224 --- [    Test worker] tourGuide.service.TourGuideService       : java.lang.NullPointerException
2021-11-29 23:17:11.434 ERROR 6224 --- [    Test worker] tourGuide.service.TourGuideService       : java.lang.NullPointerException
2021-11-29 23:17:11.434 ERROR 6224 --- [    Test worker] tourGuide.service.TourGuideService       : java.lang.NullPointerException
2021-11-29 23:17:11.434 ERROR 6224 --- [    Test worker] tourGuide.service.TourGuideService       : java.lang.NullPointerException
2021-11-29 23:17:11.435 ERROR 6224 --- [    Test worker] tourGuide.service.TourGuideService       : java.lang.NullPointerException
2021-11-29 23:17:11.435 ERROR 6224 --- [    Test worker] tourGuide.service.TourGuideService       : java.lang.NullPointerException
2021-11-29 23:17:11.435 ERROR 6224 --- [    Test worker] tourGuide.service.TourGuideService       : java.lang.NullPointerException
2021-11-29 23:17:11.435 ERROR 6224 --- [    Test worker] tourGuide.service.TourGuideService       : java.lang.NullPointerException
2021-11-29 23:17:11.435 ERROR 6224 --- [    Test worker] tourGuide.service.TourGuideService       : java.lang.NullPointerException
2021-11-29 23:17:11.435 ERROR 6224 --- [    Test worker] tourGuide.service.TourGuideService       : java.lang.NullPointerException
2021-11-29 23:17:11.435 ERROR 6224 --- [    Test worker] tourGuide.service.TourGuideService       : java.lang.NullPointerException
2021-11-29 23:17:11.435 ERROR 6224 --- [    Test worker] tourGuide.service.TourGuideService       : java.lang.NullPointerException
2021-11-29 23:17:11.435 ERROR 6224 --- [    Test worker] tourGuide.service.TourGuideService       : java.lang.NullPointerException
2021-11-29 23:17:11.435 ERROR 6224 --- [    Test worker] tourGuide.service.TourGuideService       : java.lang.NullPointerException
2021-11-29 23:17:11.435 ERROR 6224 --- [    Test worker] tourGuide.service.TourGuideService       : java.lang.NullPointerException
2021-11-29 23:17:11.435 ERROR 6224 --- [    Test worker] tourGuide.service.TourGuideService       : java.lang.NullPointerException
2021-11-29 23:17:11.435 ERROR 6224 --- [    Test worker] tourGuide.service.TourGuideService       : java.lang.NullPointerException
2021-11-29 23:17:11.435 ERROR 6224 --- [    Test worker] tourGuide.service.TourGuideService       : java.lang.NullPointerException
2021-11-29 23:17:11.435 ERROR 6224 --- [    Test worker] tourGuide.service.TourGuideService       : java.lang.NullPointerException
2021-11-29 23:17:11.435 ERROR 6224 --- [    Test worker] tourGuide.service.TourGuideService       : java.lang.NullPointerException
2021-11-29 23:17:11.435 ERROR 6224 --- [    Test worker] tourGuide.service.TourGuideService       : java.lang.NullPointerException
2021-11-29 23:17:11.436 ERROR 6224 --- [    Test worker] tourGuide.service.TourGuideService       : java.lang.NullPointerException
2021-11-29 23:17:11.436 ERROR 6224 --- [    Test worker] tourGuide.service.TourGuideService       : java.lang.NullPointerException
2021-11-29 23:17:11.436 ERROR 6224 --- [    Test worker] tourGuide.service.TourGuideService       : java.lang.NullPointerException
2021-11-29 23:17:11.436 ERROR 6224 --- [    Test worker] tourGuide.service.TourGuideService       : java.lang.NullPointerException
2021-11-29 23:17:11.436 ERROR 6224 --- [    Test worker] tourGuide.service.TourGuideService       : java.lang.NullPointerException
2021-11-29 23:17:11.436 ERROR 6224 --- [    Test worker] tourGuide.service.TourGuideService       : java.lang.NullPointerException
2021-11-29 23:17:11.436 ERROR 6224 --- [    Test worker] tourGuide.service.TourGuideService       : java.lang.NullPointerException
2021-11-29 23:17:11.436 ERROR 6224 --- [    Test worker] tourGuide.service.TourGuideService       : java.lang.NullPointerException
2021-11-29 23:17:11.436 ERROR 6224 --- [    Test worker] tourGuide.service.TourGuideService       : java.lang.NullPointerException
2021-11-29 23:17:11.436 ERROR 6224 --- [    Test worker] tourGuide.service.TourGuideService       : java.lang.NullPointerException
2021-11-29 23:17:11.436 ERROR 6224 --- [    Test worker] tourGuide.service.TourGuideService       : java.lang.NullPointerException
2021-11-29 23:17:11.436 ERROR 6224 --- [    Test worker] tourGuide.service.TourGuideService       : java.lang.NullPointerException
2021-11-29 23:17:11.436 ERROR 6224 --- [    Test worker] tourGuide.service.TourGuideService       : java.lang.NullPointerException
2021-11-29 23:17:11.436 ERROR 6224 --- [    Test worker] tourGuide.service.TourGuideService       : java.lang.NullPointerException
2021-11-29 23:17:11.436 ERROR 6224 --- [    Test worker] tourGuide.service.TourGuideService       : java.lang.NullPointerException
2021-11-29 23:17:11.436 ERROR 6224 --- [    Test worker] tourGuide.service.TourGuideService       : java.lang.NullPointerException
2021-11-29 23:17:11.436 ERROR 6224 --- [    Test worker] tourGuide.service.TourGuideService       : java.lang.NullPointerException
2021-11-29 23:17:11.436 ERROR 6224 --- [    Test worker] tourGuide.service.TourGuideService       : java.lang.NullPointerException
2021-11-29 23:17:11.436 ERROR 6224 --- [    Test worker] tourGuide.service.TourGuideService       : java.lang.NullPointerException
2021-11-29 23:17:11.437 ERROR 6224 --- [    Test worker] tourGuide.service.TourGuideService       : java.lang.NullPointerException
2021-11-29 23:17:11.437 ERROR 6224 --- [    Test worker] tourGuide.service.TourGuideService       : java.lang.NullPointerException
2021-11-29 23:17:11.437 ERROR 6224 --- [    Test worker] tourGuide.service.TourGuideService       : java.lang.NullPointerException
2021-11-29 23:17:11.437 ERROR 6224 --- [    Test worker] tourGuide.service.TourGuideService       : java.lang.NullPointerException
2021-11-29 23:17:11.437 ERROR 6224 --- [    Test worker] tourGuide.service.TourGuideService       : java.lang.NullPointerException
2021-11-29 23:17:11.437 ERROR 6224 --- [    Test worker] tourGuide.service.TourGuideService       : java.lang.NullPointerException
2021-11-29 23:17:11.437 ERROR 6224 --- [    Test worker] tourGuide.service.TourGuideService       : java.lang.NullPointerException
2021-11-29 23:17:11.437 ERROR 6224 --- [    Test worker] tourGuide.service.TourGuideService       : java.lang.NullPointerException
2021-11-29 23:17:11.437 ERROR 6224 --- [    Test worker] tourGuide.service.TourGuideService       : java.lang.NullPointerException
2021-11-29 23:17:11.437 ERROR 6224 --- [    Test worker] tourGuide.service.TourGuideService       : java.lang.NullPointerException
2021-11-29 23:17:11.437 ERROR 6224 --- [    Test worker] tourGuide.service.TourGuideService       : java.lang.NullPointerException
2021-11-29 23:17:11.437 ERROR 6224 --- [    Test worker] tourGuide.service.TourGuideService       : java.lang.NullPointerException
2021-11-29 23:17:11.437 ERROR 6224 --- [    Test worker] tourGuide.service.TourGuideService       : java.lang.NullPointerException
2021-11-29 23:17:11.437 ERROR 6224 --- [    Test worker] tourGuide.service.TourGuideService       : java.lang.NullPointerException
2021-11-29 23:17:11.437 ERROR 6224 --- [    Test worker] tourGuide.service.TourGuideService       : java.lang.NullPointerException
2021-11-29 23:17:11.437 ERROR 6224 --- [    Test worker] tourGuide.service.TourGuideService       : java.lang.NullPointerException
2021-11-29 23:17:11.437 ERROR 6224 --- [    Test worker] tourGuide.service.TourGuideService       : java.lang.NullPointerException
2021-11-29 23:17:11.437 ERROR 6224 --- [    Test worker] tourGuide.service.TourGuideService       : java.lang.NullPointerException
2021-11-29 23:17:11.438 ERROR 6224 --- [    Test worker] tourGuide.service.TourGuideService       : java.lang.NullPointerException
2021-11-29 23:17:11.438 ERROR 6224 --- [    Test worker] tourGuide.service.TourGuideService       : java.lang.NullPointerException
2021-11-29 23:17:11.438 ERROR 6224 --- [    Test worker] tourGuide.service.TourGuideService       : java.lang.NullPointerException
2021-11-29 23:17:11.438 ERROR 6224 --- [    Test worker] tourGuide.service.TourGuideService       : java.lang.NullPointerException
2021-11-29 23:17:11.438 ERROR 6224 --- [    Test worker] tourGuide.service.TourGuideService       : java.lang.NullPointerException
2021-11-29 23:17:11.438 ERROR 6224 --- [    Test worker] tourGuide.service.TourGuideService       : java.lang.NullPointerException
2021-11-29 23:17:11.438 ERROR 6224 --- [    Test worker] tourGuide.service.TourGuideService       : java.lang.NullPointerException
2021-11-29 23:17:11.438 ERROR 6224 --- [    Test worker] tourGuide.service.TourGuideService       : java.lang.NullPointerException
2021-11-29 23:17:11.438 ERROR 6224 --- [    Test worker] tourGuide.service.TourGuideService       : java.lang.NullPointerException
2021-11-29 23:17:11.438 ERROR 6224 --- [    Test worker] tourGuide.service.TourGuideService       : java.lang.NullPointerException
2021-11-29 23:17:11.438 ERROR 6224 --- [    Test worker] tourGuide.service.TourGuideService       : java.lang.NullPointerException
2021-11-29 23:17:11.438 ERROR 6224 --- [    Test worker] tourGuide.service.TourGuideService       : java.lang.NullPointerException
2021-11-29 23:17:11.438 ERROR 6224 --- [    Test worker] tourGuide.service.TourGuideService       : java.lang.NullPointerException
2021-11-29 23:17:11.438 ERROR 6224 --- [    Test worker] tourGuide.service.TourGuideService       : java.lang.NullPointerException
2021-11-29 23:17:11.438 ERROR 6224 --- [    Test worker] tourGuide.service.TourGuideService       : java.lang.NullPointerException
2021-11-29 23:17:11.438 ERROR 6224 --- [    Test worker] tourGuide.service.TourGuideService       : java.lang.NullPointerException
2021-11-29 23:17:11.438 ERROR 6224 --- [    Test worker] tourGuide.service.TourGuideService       : java.lang.NullPointerException
2021-11-29 23:17:11.438 ERROR 6224 --- [    Test worker] tourGuide.service.TourGuideService       : java.lang.NullPointerException
2021-11-29 23:17:11.438 ERROR 6224 --- [    Test worker] tourGuide.service.TourGuideService       : java.lang.NullPointerException
2021-11-29 23:17:11.438 ERROR 6224 --- [    Test worker] tourGuide.service.TourGuideService       : java.lang.NullPointerException
2021-11-29 23:17:11.439 ERROR 6224 --- [    Test worker] tourGuide.service.TourGuideService       : java.lang.NullPointerException
2021-11-29 23:17:11.439 ERROR 6224 --- [    Test worker] tourGuide.service.TourGuideService       : java.lang.NullPointerException
2021-11-29 23:17:11.439 ERROR 6224 --- [    Test worker] tourGuide.service.TourGuideService       : java.lang.NullPointerException
2021-11-29 23:17:11.439 ERROR 6224 --- [    Test worker] tourGuide.service.TourGuideService       : java.lang.NullPointerException
2021-11-29 23:17:11.439 ERROR 6224 --- [    Test worker] tourGuide.service.TourGuideService       : java.lang.NullPointerException
2021-11-29 23:17:11.439 ERROR 6224 --- [    Test worker] tourGuide.service.TourGuideService       : java.lang.NullPointerException
2021-11-29 23:17:11.439 ERROR 6224 --- [    Test worker] tourGuide.service.TourGuideService       : java.lang.NullPointerException
2021-11-29 23:17:11.439 ERROR 6224 --- [    Test worker] tourGuide.service.TourGuideService       : java.lang.NullPointerException
2021-11-29 23:17:11.439 ERROR 6224 --- [    Test worker] tourGuide.service.TourGuideService       : java.lang.NullPointerException
2021-11-29 23:17:11.439 ERROR 6224 --- [    Test worker] tourGuide.service.TourGuideService       : java.lang.NullPointerException
2021-11-29 23:17:11.439 ERROR 6224 --- [    Test worker] tourGuide.service.TourGuideService       : java.lang.NullPointerException
2021-11-29 23:17:11.439 ERROR 6224 --- [    Test worker] tourGuide.service.TourGuideService       : java.lang.NullPointerException
2021-11-29 23:17:11.439 ERROR 6224 --- [    Test worker] tourGuide.service.TourGuideService       : java.lang.NullPointerException
2021-11-29 23:17:11.439 ERROR 6224 --- [    Test worker] tourGuide.service.TourGuideService       : java.lang.NullPointerException
2021-11-29 23:17:11.439 ERROR 6224 --- [    Test worker] tourGuide.service.TourGuideService       : java.lang.NullPointerException
2021-11-29 23:17:11.439 ERROR 6224 --- [    Test worker] tourGuide.service.TourGuideService       : java.lang.NullPointerException
2021-11-29 23:17:11.439 ERROR 6224 --- [    Test worker] tourGuide.service.TourGuideService       : java.lang.NullPointerException
2021-11-29 23:17:11.439 ERROR 6224 --- [    Test worker] tourGuide.service.TourGuideService       : java.lang.NullPointerException
2021-11-29 23:17:11.439 ERROR 6224 --- [    Test worker] tourGuide.service.TourGuideService       : java.lang.NullPointerException
2021-11-29 23:17:11.439 ERROR 6224 --- [    Test worker] tourGuide.service.TourGuideService       : java.lang.NullPointerException
2021-11-29 23:17:11.440 ERROR 6224 --- [    Test worker] tourGuide.service.TourGuideService       : java.lang.NullPointerException
2021-11-29 23:17:11.440 ERROR 6224 --- [    Test worker] tourGuide.service.TourGuideService       : java.lang.NullPointerException
2021-11-29 23:17:11.440 ERROR 6224 --- [    Test worker] tourGuide.service.TourGuideService       : java.lang.NullPointerException
2021-11-29 23:17:11.440 ERROR 6224 --- [    Test worker] tourGuide.service.TourGuideService       : java.lang.NullPointerException
2021-11-29 23:17:11.440 ERROR 6224 --- [    Test worker] tourGuide.service.TourGuideService       : java.lang.NullPointerException
2021-11-29 23:17:11.440 ERROR 6224 --- [    Test worker] tourGuide.service.TourGuideService       : java.lang.NullPointerException
2021-11-29 23:17:11.440 ERROR 6224 --- [    Test worker] tourGuide.service.TourGuideService       : java.lang.NullPointerException
2021-11-29 23:17:11.440 ERROR 6224 --- [    Test worker] tourGuide.service.TourGuideService       : java.lang.NullPointerException
2021-11-29 23:17:11.440 ERROR 6224 --- [    Test worker] tourGuide.service.TourGuideService       : java.lang.NullPointerException
2021-11-29 23:17:11.440 ERROR 6224 --- [    Test worker] tourGuide.service.TourGuideService       : java.lang.NullPointerException
2021-11-29 23:17:11.440 ERROR 6224 --- [    Test worker] tourGuide.service.TourGuideService       : java.lang.NullPointerException
2021-11-29 23:17:11.440 ERROR 6224 --- [    Test worker] tourGuide.service.TourGuideService       : java.lang.NullPointerException
2021-11-29 23:17:11.440 ERROR 6224 --- [    Test worker] tourGuide.service.TourGuideService       : java.lang.NullPointerException
2021-11-29 23:17:11.440 ERROR 6224 --- [    Test worker] tourGuide.service.TourGuideService       : java.lang.NullPointerException
2021-11-29 23:17:11.440 ERROR 6224 --- [    Test worker] tourGuide.service.TourGuideService       : java.lang.NullPointerException
2021-11-29 23:17:11.440 ERROR 6224 --- [    Test worker] tourGuide.service.TourGuideService       : java.lang.NullPointerException
2021-11-29 23:17:11.440 ERROR 6224 --- [    Test worker] tourGuide.service.TourGuideService       : java.lang.NullPointerException
2021-11-29 23:17:11.440 ERROR 6224 --- [    Test worker] tourGuide.service.TourGuideService       : java.lang.NullPointerException
2021-11-29 23:17:11.440 ERROR 6224 --- [    Test worker] tourGuide.service.TourGuideService       : java.lang.NullPointerException
2021-11-29 23:17:11.440 ERROR 6224 --- [    Test worker] tourGuide.service.TourGuideService       : java.lang.NullPointerException
2021-11-29 23:17:11.440 ERROR 6224 --- [    Test worker] tourGuide.service.TourGuideService       : java.lang.NullPointerException
2021-11-29 23:17:11.440 ERROR 6224 --- [    Test worker] tourGuide.service.TourGuideService       : java.lang.NullPointerException
2021-11-29 23:17:11.441 ERROR 6224 --- [    Test worker] tourGuide.service.TourGuideService       : java.lang.NullPointerException
2021-11-29 23:17:11.441 ERROR 6224 --- [    Test worker] tourGuide.service.TourGuideService       : java.lang.NullPointerException
2021-11-29 23:17:11.441 ERROR 6224 --- [    Test worker] tourGuide.service.TourGuideService       : java.lang.NullPointerException
2021-11-29 23:17:11.441 ERROR 6224 --- [    Test worker] tourGuide.service.TourGuideService       : java.lang.NullPointerException
2021-11-29 23:17:11.441 ERROR 6224 --- [    Test worker] tourGuide.service.TourGuideService       : java.lang.NullPointerException
2021-11-29 23:17:11.441 ERROR 6224 --- [    Test worker] tourGuide.service.TourGuideService       : java.lang.NullPointerException
2021-11-29 23:17:11.441 ERROR 6224 --- [    Test worker] tourGuide.service.TourGuideService       : java.lang.NullPointerException
2021-11-29 23:17:11.441 ERROR 6224 --- [    Test worker] tourGuide.service.TourGuideService       : java.lang.NullPointerException
2021-11-29 23:17:11.441 ERROR 6224 --- [    Test worker] tourGuide.service.TourGuideService       : java.lang.NullPointerException
2021-11-29 23:17:11.441 ERROR 6224 --- [    Test worker] tourGuide.service.TourGuideService       : java.lang.NullPointerException
2021-11-29 23:17:11.441 ERROR 6224 --- [    Test worker] tourGuide.service.TourGuideService       : java.lang.NullPointerException
2021-11-29 23:17:11.441 ERROR 6224 --- [    Test worker] tourGuide.service.TourGuideService       : java.lang.NullPointerException
2021-11-29 23:17:11.441 ERROR 6224 --- [    Test worker] tourGuide.service.TourGuideService       : java.lang.NullPointerException
2021-11-29 23:17:11.441 ERROR 6224 --- [    Test worker] tourGuide.service.TourGuideService       : java.lang.NullPointerException
2021-11-29 23:17:11.441 ERROR 6224 --- [    Test worker] tourGuide.service.TourGuideService       : java.lang.NullPointerException
2021-11-29 23:17:11.441 ERROR 6224 --- [    Test worker] tourGuide.service.TourGuideService       : java.lang.NullPointerException
2021-11-29 23:17:11.441 ERROR 6224 --- [    Test worker] tourGuide.service.TourGuideService       : java.lang.NullPointerException
2021-11-29 23:17:11.441 ERROR 6224 --- [    Test worker] tourGuide.service.TourGuideService       : java.lang.NullPointerException
2021-11-29 23:17:11.441 ERROR 6224 --- [    Test worker] tourGuide.service.TourGuideService       : java.lang.NullPointerException
2021-11-29 23:17:11.441 ERROR 6224 --- [    Test worker] tourGuide.service.TourGuideService       : java.lang.NullPointerException
2021-11-29 23:17:11.442 ERROR 6224 --- [    Test worker] tourGuide.service.TourGuideService       : java.lang.NullPointerException
2021-11-29 23:17:11.442 ERROR 6224 --- [    Test worker] tourGuide.service.TourGuideService       : java.lang.NullPointerException
2021-11-29 23:17:11.442 ERROR 6224 --- [    Test worker] tourGuide.service.TourGuideService       : java.lang.NullPointerException
2021-11-29 23:17:11.442 ERROR 6224 --- [    Test worker] tourGuide.service.TourGuideService       : java.lang.NullPointerException
2021-11-29 23:17:11.442 ERROR 6224 --- [    Test worker] tourGuide.service.TourGuideService       : java.lang.NullPointerException
2021-11-29 23:17:11.442 ERROR 6224 --- [    Test worker] tourGuide.service.TourGuideService       : java.lang.NullPointerException
2021-11-29 23:17:11.442 ERROR 6224 --- [    Test worker] tourGuide.service.TourGuideService       : java.lang.NullPointerException
2021-11-29 23:17:11.442 ERROR 6224 --- [    Test worker] tourGuide.service.TourGuideService       : java.lang.NullPointerException
2021-11-29 23:17:11.442 ERROR 6224 --- [    Test worker] tourGuide.service.TourGuideService       : java.lang.NullPointerException
2021-11-29 23:17:11.442 ERROR 6224 --- [    Test worker] tourGuide.service.TourGuideService       : java.lang.NullPointerException
2021-11-29 23:17:11.442 ERROR 6224 --- [    Test worker] tourGuide.service.TourGuideService       : java.lang.NullPointerException
2021-11-29 23:17:11.442 ERROR 6224 --- [    Test worker] tourGuide.service.TourGuideService       : java.lang.NullPointerException
2021-11-29 23:17:11.442 ERROR 6224 --- [    Test worker] tourGuide.service.TourGuideService       : java.lang.NullPointerException
2021-11-29 23:17:11.442 ERROR 6224 --- [    Test worker] tourGuide.service.TourGuideService       : java.lang.NullPointerException
2021-11-29 23:17:11.442 ERROR 6224 --- [    Test worker] tourGuide.service.TourGuideService       : java.lang.NullPointerException
2021-11-29 23:17:11.442 ERROR 6224 --- [    Test worker] tourGuide.service.TourGuideService       : java.lang.NullPointerException
2021-11-29 23:17:11.442 ERROR 6224 --- [    Test worker] tourGuide.service.TourGuideService       : java.lang.NullPointerException
2021-11-29 23:17:11.442 ERROR 6224 --- [    Test worker] tourGuide.service.TourGuideService       : java.lang.NullPointerException
2021-11-29 23:17:11.442 ERROR 6224 --- [    Test worker] tourGuide.service.TourGuideService       : java.lang.NullPointerException
2021-11-29 23:17:11.442 ERROR 6224 --- [    Test worker] tourGuide.service.TourGuideService       : java.lang.NullPointerException
2021-11-29 23:17:11.443 ERROR 6224 --- [    Test worker] tourGuide.service.TourGuideService       : java.lang.NullPointerException
2021-11-29 23:17:11.443 ERROR 6224 --- [    Test worker] tourGuide.service.TourGuideService       : java.lang.NullPointerException
2021-11-29 23:17:11.443 ERROR 6224 --- [    Test worker] tourGuide.service.TourGuideService       : java.lang.NullPointerException
2021-11-29 23:17:11.443 ERROR 6224 --- [    Test worker] tourGuide.service.TourGuideService       : java.lang.NullPointerException
2021-11-29 23:17:11.443 ERROR 6224 --- [    Test worker] tourGuide.service.TourGuideService       : java.lang.NullPointerException
2021-11-29 23:17:11.443 ERROR 6224 --- [    Test worker] tourGuide.service.TourGuideService       : java.lang.NullPointerException
2021-11-29 23:17:11.443 ERROR 6224 --- [    Test worker] tourGuide.service.TourGuideService       : java.lang.NullPointerException
2021-11-29 23:17:11.443 ERROR 6224 --- [    Test worker] tourGuide.service.TourGuideService       : java.lang.NullPointerException
2021-11-29 23:17:11.443 ERROR 6224 --- [    Test worker] tourGuide.service.TourGuideService       : java.lang.NullPointerException
2021-11-29 23:17:11.443 ERROR 6224 --- [    Test worker] tourGuide.service.TourGuideService       : java.lang.NullPointerException
2021-11-29 23:17:11.443 ERROR 6224 --- [    Test worker] tourGuide.service.TourGuideService       : java.lang.NullPointerException
2021-11-29 23:17:11.443 ERROR 6224 --- [    Test worker] tourGuide.service.TourGuideService       : java.lang.NullPointerException
2021-11-29 23:17:11.443 ERROR 6224 --- [    Test worker] tourGuide.service.TourGuideService       : java.lang.NullPointerException
2021-11-29 23:17:11.443 ERROR 6224 --- [    Test worker] tourGuide.service.TourGuideService       : java.lang.NullPointerException
2021-11-29 23:17:11.443 ERROR 6224 --- [    Test worker] tourGuide.service.TourGuideService       : java.lang.NullPointerException
2021-11-29 23:17:11.443 ERROR 6224 --- [    Test worker] tourGuide.service.TourGuideService       : java.lang.NullPointerException
2021-11-29 23:17:11.443 ERROR 6224 --- [    Test worker] tourGuide.service.TourGuideService       : java.lang.NullPointerException
2021-11-29 23:17:11.443 ERROR 6224 --- [    Test worker] tourGuide.service.TourGuideService       : java.lang.NullPointerException
2021-11-29 23:17:11.443 ERROR 6224 --- [    Test worker] tourGuide.service.TourGuideService       : java.lang.NullPointerException
2021-11-29 23:17:11.443 ERROR 6224 --- [    Test worker] tourGuide.service.TourGuideService       : java.lang.NullPointerException
2021-11-29 23:17:11.444 ERROR 6224 --- [    Test worker] tourGuide.service.TourGuideService       : java.lang.NullPointerException
2021-11-29 23:17:11.444 ERROR 6224 --- [    Test worker] tourGuide.service.TourGuideService       : java.lang.NullPointerException
2021-11-29 23:17:11.444 ERROR 6224 --- [    Test worker] tourGuide.service.TourGuideService       : java.lang.NullPointerException
2021-11-29 23:17:11.444 ERROR 6224 --- [    Test worker] tourGuide.service.TourGuideService       : java.lang.NullPointerException
2021-11-29 23:17:11.444 ERROR 6224 --- [    Test worker] tourGuide.service.TourGuideService       : java.lang.NullPointerException
2021-11-29 23:17:11.444 ERROR 6224 --- [    Test worker] tourGuide.service.TourGuideService       : java.lang.NullPointerException
2021-11-29 23:17:11.444 ERROR 6224 --- [    Test worker] tourGuide.service.TourGuideService       : java.lang.NullPointerException
2021-11-29 23:17:11.444 ERROR 6224 --- [    Test worker] tourGuide.service.TourGuideService       : java.lang.NullPointerException
2021-11-29 23:17:11.444 ERROR 6224 --- [    Test worker] tourGuide.service.TourGuideService       : java.lang.NullPointerException
2021-11-29 23:17:11.444 ERROR 6224 --- [    Test worker] tourGuide.service.TourGuideService       : java.lang.NullPointerException
2021-11-29 23:17:11.444 ERROR 6224 --- [    Test worker] tourGuide.service.TourGuideService       : java.lang.NullPointerException
2021-11-29 23:17:11.444 ERROR 6224 --- [    Test worker] tourGuide.service.TourGuideService       : java.lang.NullPointerException
2021-11-29 23:17:11.444 ERROR 6224 --- [    Test worker] tourGuide.service.TourGuideService       : java.lang.NullPointerException
2021-11-29 23:17:11.444 ERROR 6224 --- [    Test worker] tourGuide.service.TourGuideService       : java.lang.NullPointerException
2021-11-29 23:17:11.444 ERROR 6224 --- [    Test worker] tourGuide.service.TourGuideService       : java.lang.NullPointerException
2021-11-29 23:17:11.444 ERROR 6224 --- [    Test worker] tourGuide.service.TourGuideService       : java.lang.NullPointerException
2021-11-29 23:17:11.444 ERROR 6224 --- [    Test worker] tourGuide.service.TourGuideService       : java.lang.NullPointerException
2021-11-29 23:17:11.444 ERROR 6224 --- [    Test worker] tourGuide.service.TourGuideService       : java.lang.NullPointerException
2021-11-29 23:17:11.444 ERROR 6224 --- [    Test worker] tourGuide.service.TourGuideService       : java.lang.NullPointerException
2021-11-29 23:17:11.444 ERROR 6224 --- [    Test worker] tourGuide.service.TourGuideService       : java.lang.NullPointerException
2021-11-29 23:17:11.445 ERROR 6224 --- [    Test worker] tourGuide.service.TourGuideService       : java.lang.NullPointerException
2021-11-29 23:17:11.445 ERROR 6224 --- [    Test worker] tourGuide.service.TourGuideService       : java.lang.NullPointerException
2021-11-29 23:17:11.445 ERROR 6224 --- [    Test worker] tourGuide.service.TourGuideService       : java.lang.NullPointerException
2021-11-29 23:17:11.445 ERROR 6224 --- [    Test worker] tourGuide.service.TourGuideService       : java.lang.NullPointerException
2021-11-29 23:17:11.456 ERROR 6224 --- [    Test worker] tourGuide.service.TourGuideService       : java.lang.NullPointerException
2021-11-29 23:17:11.457 ERROR 6224 --- [    Test worker] tourGuide.service.TourGuideService       : java.lang.NullPointerException
2021-11-29 23:17:11.457 ERROR 6224 --- [    Test worker] tourGuide.service.TourGuideService       : java.lang.NullPointerException
2021-11-29 23:17:11.457 ERROR 6224 --- [    Test worker] tourGuide.service.TourGuideService       : java.lang.NullPointerException
2021-11-29 23:17:11.458 ERROR 6224 --- [    Test worker] tourGuide.service.TourGuideService       : java.lang.NullPointerException
2021-11-29 23:17:11.458 ERROR 6224 --- [    Test worker] tourGuide.service.TourGuideService       : java.lang.NullPointerException
2021-11-29 23:17:11.458 ERROR 6224 --- [    Test worker] tourGuide.service.TourGuideService       : java.lang.NullPointerException
2021-11-29 23:17:11.458 ERROR 6224 --- [    Test worker] tourGuide.service.TourGuideService       : java.lang.NullPointerException
2021-11-29 23:17:11.458 ERROR 6224 --- [    Test worker] tourGuide.service.TourGuideService       : java.lang.NullPointerException
2021-11-29 23:17:11.458 ERROR 6224 --- [    Test worker] tourGuide.service.TourGuideService       : java.lang.NullPointerException
2021-11-29 23:17:11.458 ERROR 6224 --- [    Test worker] tourGuide.service.TourGuideService       : java.lang.NullPointerException
2021-11-29 23:17:11.458 ERROR 6224 --- [    Test worker] tourGuide.service.TourGuideService       : java.lang.NullPointerException
2021-11-29 23:17:11.458 ERROR 6224 --- [    Test worker] tourGuide.service.TourGuideService       : java.lang.NullPointerException
2021-11-29 23:17:11.458 ERROR 6224 --- [    Test worker] tourGuide.service.TourGuideService       : java.lang.NullPointerException
2021-11-29 23:17:11.458 ERROR 6224 --- [    Test worker] tourGuide.service.TourGuideService       : java.lang.NullPointerException
2021-11-29 23:17:11.458 ERROR 6224 --- [    Test worker] tourGuide.service.TourGuideService       : java.lang.NullPointerException
2021-11-29 23:17:11.458 ERROR 6224 --- [    Test worker] tourGuide.service.TourGuideService       : java.lang.NullPointerException
2021-11-29 23:17:11.458 ERROR 6224 --- [    Test worker] tourGuide.service.TourGuideService       : java.lang.NullPointerException
2021-11-29 23:17:11.458 ERROR 6224 --- [    Test worker] tourGuide.service.TourGuideService       : java.lang.NullPointerException
2021-11-29 23:17:11.458 ERROR 6224 --- [    Test worker] tourGuide.service.TourGuideService       : java.lang.NullPointerException
2021-11-29 23:17:11.458 ERROR 6224 --- [    Test worker] tourGuide.service.TourGuideService       : java.lang.NullPointerException
2021-11-29 23:17:11.458 ERROR 6224 --- [    Test worker] tourGuide.service.TourGuideService       : java.lang.NullPointerException
2021-11-29 23:17:11.458 ERROR 6224 --- [    Test worker] tourGuide.service.TourGuideService       : java.lang.NullPointerException
2021-11-29 23:17:11.458 ERROR 6224 --- [    Test worker] tourGuide.service.TourGuideService       : java.lang.NullPointerException
2021-11-29 23:17:11.458 ERROR 6224 --- [    Test worker] tourGuide.service.TourGuideService       : java.lang.NullPointerException
2021-11-29 23:17:11.458 ERROR 6224 --- [    Test worker] tourGuide.service.TourGuideService       : java.lang.NullPointerException
2021-11-29 23:17:11.458 ERROR 6224 --- [    Test worker] tourGuide.service.TourGuideService       : java.lang.NullPointerException
2021-11-29 23:17:11.461 ERROR 6224 --- [    Test worker] tourGuide.service.TourGuideService       : java.lang.NullPointerException
2021-11-29 23:17:11.461 ERROR 6224 --- [    Test worker] tourGuide.service.TourGuideService       : java.lang.NullPointerException
2021-11-29 23:17:11.461 ERROR 6224 --- [    Test worker] tourGuide.service.TourGuideService       : java.lang.NullPointerException
2021-11-29 23:17:11.461 ERROR 6224 --- [    Test worker] tourGuide.service.TourGuideService       : java.lang.NullPointerException
2021-11-29 23:17:11.461 ERROR 6224 --- [    Test worker] tourGuide.service.TourGuideService       : java.lang.NullPointerException
2021-11-29 23:17:11.461 ERROR 6224 --- [    Test worker] tourGuide.service.TourGuideService       : java.lang.NullPointerException
2021-11-29 23:17:11.461 ERROR 6224 --- [    Test worker] tourGuide.service.TourGuideService       : java.lang.NullPointerException
2021-11-29 23:17:11.461 ERROR 6224 --- [    Test worker] tourGuide.service.TourGuideService       : java.lang.NullPointerException
2021-11-29 23:17:11.461 ERROR 6224 --- [    Test worker] tourGuide.service.TourGuideService       : java.lang.NullPointerException
2021-11-29 23:17:11.461 ERROR 6224 --- [    Test worker] tourGuide.service.TourGuideService       : java.lang.NullPointerException
2021-11-29 23:17:11.462 ERROR 6224 --- [    Test worker] tourGuide.service.TourGuideService       : java.lang.NullPointerException
2021-11-29 23:17:11.462 ERROR 6224 --- [    Test worker] tourGuide.service.TourGuideService       : java.lang.NullPointerException
2021-11-29 23:17:11.462 ERROR 6224 --- [    Test worker] tourGuide.service.TourGuideService       : java.lang.NullPointerException
2021-11-29 23:17:11.462 ERROR 6224 --- [    Test worker] tourGuide.service.TourGuideService       : java.lang.NullPointerException
2021-11-29 23:17:11.462 ERROR 6224 --- [    Test worker] tourGuide.service.TourGuideService       : java.lang.NullPointerException
2021-11-29 23:17:11.462 ERROR 6224 --- [    Test worker] tourGuide.service.TourGuideService       : java.lang.NullPointerException
2021-11-29 23:17:11.462 ERROR 6224 --- [    Test worker] tourGuide.service.TourGuideService       : java.lang.NullPointerException
2021-11-29 23:17:11.462 ERROR 6224 --- [    Test worker] tourGuide.service.TourGuideService       : java.lang.NullPointerException
2021-11-29 23:17:11.462 ERROR 6224 --- [    Test worker] tourGuide.service.TourGuideService       : java.lang.NullPointerException
2021-11-29 23:17:11.462 ERROR 6224 --- [    Test worker] tourGuide.service.TourGuideService       : java.lang.NullPointerException
2021-11-29 23:17:11.462 ERROR 6224 --- [    Test worker] tourGuide.service.TourGuideService       : java.lang.NullPointerException
2021-11-29 23:17:11.462 ERROR 6224 --- [    Test worker] tourGuide.service.TourGuideService       : java.lang.NullPointerException
2021-11-29 23:17:11.462 ERROR 6224 --- [    Test worker] tourGuide.service.TourGuideService       : java.lang.NullPointerException
2021-11-29 23:17:11.462 ERROR 6224 --- [    Test worker] tourGuide.service.TourGuideService       : java.lang.NullPointerException
2021-11-29 23:17:11.462 ERROR 6224 --- [    Test worker] tourGuide.service.TourGuideService       : java.lang.NullPointerException
2021-11-29 23:17:11.462 ERROR 6224 --- [    Test worker] tourGuide.service.TourGuideService       : java.lang.NullPointerException
2021-11-29 23:17:11.462 ERROR 6224 --- [    Test worker] tourGuide.service.TourGuideService       : java.lang.NullPointerException
2021-11-29 23:17:11.462 ERROR 6224 --- [    Test worker] tourGuide.service.TourGuideService       : java.lang.NullPointerException
2021-11-29 23:17:11.462 ERROR 6224 --- [    Test worker] tourGuide.service.TourGuideService       : java.lang.NullPointerException
2021-11-29 23:17:11.462 ERROR 6224 --- [    Test worker] tourGuide.service.TourGuideService       : java.lang.NullPointerException
2021-11-29 23:17:11.463 ERROR 6224 --- [    Test worker] tourGuide.service.TourGuideService       : java.lang.NullPointerException
2021-11-29 23:17:11.463 ERROR 6224 --- [    Test worker] tourGuide.service.TourGuideService       : java.lang.NullPointerException
2021-11-29 23:17:11.463 ERROR 6224 --- [    Test worker] tourGuide.service.TourGuideService       : java.lang.NullPointerException
2021-11-29 23:17:11.463 ERROR 6224 --- [    Test worker] tourGuide.service.TourGuideService       : java.lang.NullPointerException
2021-11-29 23:17:11.463 ERROR 6224 --- [    Test worker] tourGuide.service.TourGuideService       : java.lang.NullPointerException
2021-11-29 23:17:11.463 ERROR 6224 --- [    Test worker] tourGuide.service.TourGuideService       : java.lang.NullPointerException
2021-11-29 23:17:11.463 ERROR 6224 --- [    Test worker] tourGuide.service.TourGuideService       : java.lang.NullPointerException
2021-11-29 23:17:11.463 ERROR 6224 --- [    Test worker] tourGuide.service.TourGuideService       : java.lang.NullPointerException
2021-11-29 23:17:11.463 ERROR 6224 --- [    Test worker] tourGuide.service.TourGuideService       : java.lang.NullPointerException
2021-11-29 23:17:11.463 ERROR 6224 --- [    Test worker] tourGuide.service.TourGuideService       : java.lang.NullPointerException
2021-11-29 23:17:11.463 ERROR 6224 --- [    Test worker] tourGuide.service.TourGuideService       : java.lang.NullPointerException
2021-11-29 23:17:11.463 ERROR 6224 --- [    Test worker] tourGuide.service.TourGuideService       : java.lang.NullPointerException
2021-11-29 23:17:11.463 ERROR 6224 --- [    Test worker] tourGuide.service.TourGuideService       : java.lang.NullPointerException
2021-11-29 23:17:11.463 ERROR 6224 --- [    Test worker] tourGuide.service.TourGuideService       : java.lang.NullPointerException
2021-11-29 23:17:11.463 ERROR 6224 --- [    Test worker] tourGuide.service.TourGuideService       : java.lang.NullPointerException
2021-11-29 23:17:11.463 ERROR 6224 --- [    Test worker] tourGuide.service.TourGuideService       : java.lang.NullPointerException
2021-11-29 23:17:11.463 ERROR 6224 --- [    Test worker] tourGuide.service.TourGuideService       : java.lang.NullPointerException
2021-11-29 23:17:11.463 ERROR 6224 --- [    Test worker] tourGuide.service.TourGuideService       : java.lang.NullPointerException
2021-11-29 23:17:11.463 ERROR 6224 --- [    Test worker] tourGuide.service.TourGuideService       : java.lang.NullPointerException
2021-11-29 23:17:11.463 ERROR 6224 --- [    Test worker] tourGuide.service.TourGuideService       : java.lang.NullPointerException
2021-11-29 23:17:11.464 ERROR 6224 --- [    Test worker] tourGuide.service.TourGuideService       : java.lang.NullPointerException
2021-11-29 23:17:11.464 ERROR 6224 --- [    Test worker] tourGuide.service.TourGuideService       : java.lang.NullPointerException
2021-11-29 23:17:11.464 ERROR 6224 --- [    Test worker] tourGuide.service.TourGuideService       : java.lang.NullPointerException
2021-11-29 23:17:11.464 ERROR 6224 --- [    Test worker] tourGuide.service.TourGuideService       : java.lang.NullPointerException
2021-11-29 23:17:11.464 ERROR 6224 --- [    Test worker] tourGuide.service.TourGuideService       : java.lang.NullPointerException
2021-11-29 23:17:11.464 ERROR 6224 --- [    Test worker] tourGuide.service.TourGuideService       : java.lang.NullPointerException
2021-11-29 23:17:11.464 ERROR 6224 --- [    Test worker] tourGuide.service.TourGuideService       : java.lang.NullPointerException
2021-11-29 23:17:11.464 ERROR 6224 --- [    Test worker] tourGuide.service.TourGuideService       : java.lang.NullPointerException
2021-11-29 23:17:11.464 ERROR 6224 --- [    Test worker] tourGuide.service.TourGuideService       : java.lang.NullPointerException
2021-11-29 23:17:11.464 ERROR 6224 --- [    Test worker] tourGuide.service.TourGuideService       : java.lang.NullPointerException
2021-11-29 23:17:11.464 ERROR 6224 --- [    Test worker] tourGuide.service.TourGuideService       : java.lang.NullPointerException
2021-11-29 23:17:11.464 ERROR 6224 --- [    Test worker] tourGuide.service.TourGuideService       : java.lang.NullPointerException
2021-11-29 23:17:11.464 ERROR 6224 --- [    Test worker] tourGuide.service.TourGuideService       : java.lang.NullPointerException
2021-11-29 23:17:11.464 ERROR 6224 --- [    Test worker] tourGuide.service.TourGuideService       : java.lang.NullPointerException
2021-11-29 23:17:11.464 ERROR 6224 --- [    Test worker] tourGuide.service.TourGuideService       : java.lang.NullPointerException
2021-11-29 23:17:11.465 ERROR 6224 --- [    Test worker] tourGuide.service.TourGuideService       : java.lang.NullPointerException
2021-11-29 23:17:11.465 ERROR 6224 --- [    Test worker] tourGuide.service.TourGuideService       : java.lang.NullPointerException
2021-11-29 23:17:11.465 ERROR 6224 --- [    Test worker] tourGuide.service.TourGuideService       : java.lang.NullPointerException
2021-11-29 23:17:11.465 ERROR 6224 --- [    Test worker] tourGuide.service.TourGuideService       : java.lang.NullPointerException
2021-11-29 23:17:11.465 ERROR 6224 --- [    Test worker] tourGuide.service.TourGuideService       : java.lang.NullPointerException
2021-11-29 23:17:11.465 ERROR 6224 --- [    Test worker] tourGuide.service.TourGuideService       : java.lang.NullPointerException
2021-11-29 23:17:11.465 ERROR 6224 --- [    Test worker] tourGuide.service.TourGuideService       : java.lang.NullPointerException
2021-11-29 23:17:11.465 ERROR 6224 --- [    Test worker] tourGuide.service.TourGuideService       : java.lang.NullPointerException
2021-11-29 23:17:11.465 ERROR 6224 --- [    Test worker] tourGuide.service.TourGuideService       : java.lang.NullPointerException
2021-11-29 23:17:11.466 ERROR 6224 --- [    Test worker] tourGuide.service.TourGuideService       : java.lang.NullPointerException
2021-11-29 23:17:11.466 ERROR 6224 --- [    Test worker] tourGuide.service.TourGuideService       : java.lang.NullPointerException
2021-11-29 23:17:11.466 ERROR 6224 --- [    Test worker] tourGuide.service.TourGuideService       : java.lang.NullPointerException
2021-11-29 23:17:11.466 ERROR 6224 --- [    Test worker] tourGuide.service.TourGuideService       : java.lang.NullPointerException
2021-11-29 23:17:11.466 ERROR 6224 --- [    Test worker] tourGuide.service.TourGuideService       : java.lang.NullPointerException
2021-11-29 23:17:11.466 ERROR 6224 --- [    Test worker] tourGuide.service.TourGuideService       : java.lang.NullPointerException
2021-11-29 23:17:11.466 ERROR 6224 --- [    Test worker] tourGuide.service.TourGuideService       : java.lang.NullPointerException
2021-11-29 23:17:11.466 ERROR 6224 --- [    Test worker] tourGuide.service.TourGuideService       : java.lang.NullPointerException
2021-11-29 23:17:11.466 ERROR 6224 --- [    Test worker] tourGuide.service.TourGuideService       : java.lang.NullPointerException
2021-11-29 23:17:11.466 ERROR 6224 --- [    Test worker] tourGuide.service.TourGuideService       : java.lang.NullPointerException
2021-11-29 23:17:11.466 ERROR 6224 --- [    Test worker] tourGuide.service.TourGuideService       : java.lang.NullPointerException
2021-11-29 23:17:11.466 ERROR 6224 --- [    Test worker] tourGuide.service.TourGuideService       : java.lang.NullPointerException
2021-11-29 23:17:11.466 ERROR 6224 --- [    Test worker] tourGuide.service.TourGuideService       : java.lang.NullPointerException
2021-11-29 23:17:11.466 ERROR 6224 --- [    Test worker] tourGuide.service.TourGuideService       : java.lang.NullPointerException
2021-11-29 23:17:11.466 ERROR 6224 --- [    Test worker] tourGuide.service.TourGuideService       : java.lang.NullPointerException
2021-11-29 23:17:11.466 ERROR 6224 --- [    Test worker] tourGuide.service.TourGuideService       : java.lang.NullPointerException
2021-11-29 23:17:11.467 ERROR 6224 --- [    Test worker] tourGuide.service.TourGuideService       : java.lang.NullPointerException
2021-11-29 23:17:11.467 ERROR 6224 --- [    Test worker] tourGuide.service.TourGuideService       : java.lang.NullPointerException
2021-11-29 23:17:11.467 ERROR 6224 --- [    Test worker] tourGuide.service.TourGuideService       : java.lang.NullPointerException
2021-11-29 23:17:11.467 ERROR 6224 --- [    Test worker] tourGuide.service.TourGuideService       : java.lang.NullPointerException
2021-11-29 23:17:11.467 ERROR 6224 --- [    Test worker] tourGuide.service.TourGuideService       : java.lang.NullPointerException
2021-11-29 23:17:11.467 ERROR 6224 --- [    Test worker] tourGuide.service.TourGuideService       : java.lang.NullPointerException
2021-11-29 23:17:11.467 ERROR 6224 --- [    Test worker] tourGuide.service.TourGuideService       : java.lang.NullPointerException
2021-11-29 23:17:11.467 ERROR 6224 --- [    Test worker] tourGuide.service.TourGuideService       : java.lang.NullPointerException
2021-11-29 23:17:11.467 ERROR 6224 --- [    Test worker] tourGuide.service.TourGuideService       : java.lang.NullPointerException
2021-11-29 23:17:11.467 ERROR 6224 --- [    Test worker] tourGuide.service.TourGuideService       : java.lang.NullPointerException
2021-11-29 23:17:11.467 ERROR 6224 --- [    Test worker] tourGuide.service.TourGuideService       : java.lang.NullPointerException
2021-11-29 23:17:11.467 ERROR 6224 --- [    Test worker] tourGuide.service.TourGuideService       : java.lang.NullPointerException
2021-11-29 23:17:11.467 ERROR 6224 --- [    Test worker] tourGuide.service.TourGuideService       : java.lang.NullPointerException
2021-11-29 23:17:11.467 ERROR 6224 --- [    Test worker] tourGuide.service.TourGuideService       : java.lang.NullPointerException
2021-11-29 23:17:11.467 ERROR 6224 --- [    Test worker] tourGuide.service.TourGuideService       : java.lang.NullPointerException
2021-11-29 23:17:11.467 ERROR 6224 --- [    Test worker] tourGuide.service.TourGuideService       : java.lang.NullPointerException
2021-11-29 23:17:11.467 ERROR 6224 --- [    Test worker] tourGuide.service.TourGuideService       : java.lang.NullPointerException
2021-11-29 23:17:11.468 ERROR 6224 --- [    Test worker] tourGuide.service.TourGuideService       : java.lang.NullPointerException
2021-11-29 23:17:11.468 ERROR 6224 --- [    Test worker] tourGuide.service.TourGuideService       : java.lang.NullPointerException
2021-11-29 23:17:11.468 ERROR 6224 --- [    Test worker] tourGuide.service.TourGuideService       : java.lang.NullPointerException
2021-11-29 23:17:11.468 ERROR 6224 --- [    Test worker] tourGuide.service.TourGuideService       : java.lang.NullPointerException
2021-11-29 23:17:11.468 ERROR 6224 --- [    Test worker] tourGuide.service.TourGuideService       : java.lang.NullPointerException
2021-11-29 23:17:11.468 ERROR 6224 --- [    Test worker] tourGuide.service.TourGuideService       : java.lang.NullPointerException
2021-11-29 23:17:11.468 ERROR 6224 --- [    Test worker] tourGuide.service.TourGuideService       : java.lang.NullPointerException
2021-11-29 23:17:11.468 ERROR 6224 --- [    Test worker] tourGuide.service.TourGuideService       : java.lang.NullPointerException
2021-11-29 23:17:11.468 ERROR 6224 --- [    Test worker] tourGuide.service.TourGuideService       : java.lang.NullPointerException
2021-11-29 23:17:11.468 ERROR 6224 --- [    Test worker] tourGuide.service.TourGuideService       : java.lang.NullPointerException
2021-11-29 23:17:11.468 ERROR 6224 --- [    Test worker] tourGuide.service.TourGuideService       : java.lang.NullPointerException
2021-11-29 23:17:11.468 ERROR 6224 --- [    Test worker] tourGuide.service.TourGuideService       : java.lang.NullPointerException
2021-11-29 23:17:11.468 ERROR 6224 --- [    Test worker] tourGuide.service.TourGuideService       : java.lang.NullPointerException
2021-11-29 23:17:11.468 ERROR 6224 --- [    Test worker] tourGuide.service.TourGuideService       : java.lang.NullPointerException
2021-11-29 23:17:11.468 ERROR 6224 --- [    Test worker] tourGuide.service.TourGuideService       : java.lang.NullPointerException
2021-11-29 23:17:11.468 ERROR 6224 --- [    Test worker] tourGuide.service.TourGuideService       : java.lang.NullPointerException
2021-11-29 23:17:11.468 ERROR 6224 --- [    Test worker] tourGuide.service.TourGuideService       : java.lang.NullPointerException
2021-11-29 23:17:11.468 ERROR 6224 --- [    Test worker] tourGuide.service.TourGuideService       : java.lang.NullPointerException
2021-11-29 23:17:11.468 ERROR 6224 --- [    Test worker] tourGuide.service.TourGuideService       : java.lang.NullPointerException
2021-11-29 23:17:11.468 ERROR 6224 --- [    Test worker] tourGuide.service.TourGuideService       : java.lang.NullPointerException
2021-11-29 23:17:11.468 ERROR 6224 --- [    Test worker] tourGuide.service.TourGuideService       : java.lang.NullPointerException
2021-11-29 23:17:11.469 ERROR 6224 --- [    Test worker] tourGuide.service.TourGuideService       : java.lang.NullPointerException
2021-11-29 23:17:11.469 ERROR 6224 --- [    Test worker] tourGuide.service.TourGuideService       : java.lang.NullPointerException
2021-11-29 23:17:11.469 ERROR 6224 --- [    Test worker] tourGuide.service.TourGuideService       : java.lang.NullPointerException
2021-11-29 23:17:11.469 ERROR 6224 --- [    Test worker] tourGuide.service.TourGuideService       : java.lang.NullPointerException
2021-11-29 23:17:11.469 ERROR 6224 --- [    Test worker] tourGuide.service.TourGuideService       : java.lang.NullPointerException
2021-11-29 23:17:11.469 ERROR 6224 --- [    Test worker] tourGuide.service.TourGuideService       : java.lang.NullPointerException
2021-11-29 23:17:11.469 ERROR 6224 --- [    Test worker] tourGuide.service.TourGuideService       : java.lang.NullPointerException
2021-11-29 23:17:11.469 ERROR 6224 --- [    Test worker] tourGuide.service.TourGuideService       : java.lang.NullPointerException
2021-11-29 23:17:11.469 ERROR 6224 --- [    Test worker] tourGuide.service.TourGuideService       : java.lang.NullPointerException
2021-11-29 23:17:11.469 ERROR 6224 --- [    Test worker] tourGuide.service.TourGuideService       : java.lang.NullPointerException
2021-11-29 23:17:11.469 ERROR 6224 --- [    Test worker] tourGuide.service.TourGuideService       : java.lang.NullPointerException
2021-11-29 23:17:11.469 ERROR 6224 --- [    Test worker] tourGuide.service.TourGuideService       : java.lang.NullPointerException
2021-11-29 23:17:11.469 ERROR 6224 --- [    Test worker] tourGuide.service.TourGuideService       : java.lang.NullPointerException
2021-11-29 23:17:11.469 ERROR 6224 --- [    Test worker] tourGuide.service.TourGuideService       : java.lang.NullPointerException
2021-11-29 23:17:11.469 ERROR 6224 --- [    Test worker] tourGuide.service.TourGuideService       : java.lang.NullPointerException
2021-11-29 23:17:11.469 ERROR 6224 --- [    Test worker] tourGuide.service.TourGuideService       : java.lang.NullPointerException
2021-11-29 23:17:11.469 ERROR 6224 --- [    Test worker] tourGuide.service.TourGuideService       : java.lang.NullPointerException
2021-11-29 23:17:11.469 ERROR 6224 --- [    Test worker] tourGuide.service.TourGuideService       : java.lang.NullPointerException
2021-11-29 23:17:11.469 ERROR 6224 --- [    Test worker] tourGuide.service.TourGuideService       : java.lang.NullPointerException
2021-11-29 23:17:11.469 ERROR 6224 --- [    Test worker] tourGuide.service.TourGuideService       : java.lang.NullPointerException
2021-11-29 23:17:11.469 ERROR 6224 --- [    Test worker] tourGuide.service.TourGuideService       : java.lang.NullPointerException
2021-11-29 23:17:11.470 ERROR 6224 --- [    Test worker] tourGuide.service.TourGuideService       : java.lang.NullPointerException
2021-11-29 23:17:11.470 ERROR 6224 --- [    Test worker] tourGuide.service.TourGuideService       : java.lang.NullPointerException
2021-11-29 23:17:11.470 ERROR 6224 --- [    Test worker] tourGuide.service.TourGuideService       : java.lang.NullPointerException
2021-11-29 23:17:11.470 ERROR 6224 --- [    Test worker] tourGuide.service.TourGuideService       : java.lang.NullPointerException
2021-11-29 23:17:11.470 ERROR 6224 --- [    Test worker] tourGuide.service.TourGuideService       : java.lang.NullPointerException
2021-11-29 23:17:11.470 ERROR 6224 --- [    Test worker] tourGuide.service.TourGuideService       : java.lang.NullPointerException
2021-11-29 23:17:11.470 ERROR 6224 --- [    Test worker] tourGuide.service.TourGuideService       : java.lang.NullPointerException
2021-11-29 23:17:11.470 ERROR 6224 --- [    Test worker] tourGuide.service.TourGuideService       : java.lang.NullPointerException
2021-11-29 23:17:11.470 ERROR 6224 --- [    Test worker] tourGuide.service.TourGuideService       : java.lang.NullPointerException
2021-11-29 23:17:11.470 ERROR 6224 --- [    Test worker] tourGuide.service.TourGuideService       : java.lang.NullPointerException
2021-11-29 23:17:11.470 ERROR 6224 --- [    Test worker] tourGuide.service.TourGuideService       : java.lang.NullPointerException
2021-11-29 23:17:11.470 ERROR 6224 --- [    Test worker] tourGuide.service.TourGuideService       : java.lang.NullPointerException
2021-11-29 23:17:11.470 ERROR 6224 --- [    Test worker] tourGuide.service.TourGuideService       : java.lang.NullPointerException
2021-11-29 23:17:11.470 ERROR 6224 --- [    Test worker] tourGuide.service.TourGuideService       : java.lang.NullPointerException
2021-11-29 23:17:11.470 ERROR 6224 --- [    Test worker] tourGuide.service.TourGuideService       : java.lang.NullPointerException
2021-11-29 23:17:11.470 ERROR 6224 --- [    Test worker] tourGuide.service.TourGuideService       : java.lang.NullPointerException
2021-11-29 23:17:11.470 ERROR 6224 --- [    Test worker] tourGuide.service.TourGuideService       : java.lang.NullPointerException
2021-11-29 23:17:11.470 ERROR 6224 --- [    Test worker] tourGuide.service.TourGuideService       : java.lang.NullPointerException
2021-11-29 23:17:11.470 ERROR 6224 --- [    Test worker] tourGuide.service.TourGuideService       : java.lang.NullPointerException
2021-11-29 23:17:11.470 ERROR 6224 --- [    Test worker] tourGuide.service.TourGuideService       : java.lang.NullPointerException
2021-11-29 23:17:11.471 ERROR 6224 --- [    Test worker] tourGuide.service.TourGuideService       : java.lang.NullPointerException
2021-11-29 23:17:11.471 ERROR 6224 --- [    Test worker] tourGuide.service.TourGuideService       : java.lang.NullPointerException
2021-11-29 23:17:11.471 ERROR 6224 --- [    Test worker] tourGuide.service.TourGuideService       : java.lang.NullPointerException
2021-11-29 23:17:11.471 ERROR 6224 --- [    Test worker] tourGuide.service.TourGuideService       : java.lang.NullPointerException
2021-11-29 23:17:11.471 ERROR 6224 --- [    Test worker] tourGuide.service.TourGuideService       : java.lang.NullPointerException
2021-11-29 23:17:11.471 ERROR 6224 --- [    Test worker] tourGuide.service.TourGuideService       : java.lang.NullPointerException
2021-11-29 23:17:11.471 ERROR 6224 --- [    Test worker] tourGuide.service.TourGuideService       : java.lang.NullPointerException
2021-11-29 23:17:11.471 ERROR 6224 --- [    Test worker] tourGuide.service.TourGuideService       : java.lang.NullPointerException
2021-11-29 23:17:11.471 ERROR 6224 --- [    Test worker] tourGuide.service.TourGuideService       : java.lang.NullPointerException
2021-11-29 23:17:11.471 ERROR 6224 --- [    Test worker] tourGuide.service.TourGuideService       : java.lang.NullPointerException
2021-11-29 23:17:11.471 ERROR 6224 --- [    Test worker] tourGuide.service.TourGuideService       : java.lang.NullPointerException
2021-11-29 23:17:11.471 ERROR 6224 --- [    Test worker] tourGuide.service.TourGuideService       : java.lang.NullPointerException
2021-11-29 23:17:11.471 ERROR 6224 --- [    Test worker] tourGuide.service.TourGuideService       : java.lang.NullPointerException
2021-11-29 23:17:11.471 ERROR 6224 --- [    Test worker] tourGuide.service.TourGuideService       : java.lang.NullPointerException
2021-11-29 23:17:11.471 ERROR 6224 --- [    Test worker] tourGuide.service.TourGuideService       : java.lang.NullPointerException
2021-11-29 23:17:11.471 ERROR 6224 --- [    Test worker] tourGuide.service.TourGuideService       : java.lang.NullPointerException
2021-11-29 23:17:11.471 ERROR 6224 --- [    Test worker] tourGuide.service.TourGuideService       : java.lang.NullPointerException
2021-11-29 23:17:11.471 ERROR 6224 --- [    Test worker] tourGuide.service.TourGuideService       : java.lang.NullPointerException
2021-11-29 23:17:11.471 ERROR 6224 --- [    Test worker] tourGuide.service.TourGuideService       : java.lang.NullPointerException
2021-11-29 23:17:11.471 ERROR 6224 --- [    Test worker] tourGuide.service.TourGuideService       : java.lang.NullPointerException
2021-11-29 23:17:11.471 ERROR 6224 --- [    Test worker] tourGuide.service.TourGuideService       : java.lang.NullPointerException
2021-11-29 23:17:11.472 ERROR 6224 --- [    Test worker] tourGuide.service.TourGuideService       : java.lang.NullPointerException
2021-11-29 23:17:11.472 ERROR 6224 --- [    Test worker] tourGuide.service.TourGuideService       : java.lang.NullPointerException
2021-11-29 23:17:11.472 ERROR 6224 --- [    Test worker] tourGuide.service.TourGuideService       : java.lang.NullPointerException
2021-11-29 23:17:11.472 ERROR 6224 --- [    Test worker] tourGuide.service.TourGuideService       : java.lang.NullPointerException
2021-11-29 23:17:11.472 ERROR 6224 --- [    Test worker] tourGuide.service.TourGuideService       : java.lang.NullPointerException
2021-11-29 23:17:11.472 ERROR 6224 --- [    Test worker] tourGuide.service.TourGuideService       : java.lang.NullPointerException
2021-11-29 23:17:11.472 ERROR 6224 --- [    Test worker] tourGuide.service.TourGuideService       : java.lang.NullPointerException
2021-11-29 23:17:11.472 ERROR 6224 --- [    Test worker] tourGuide.service.TourGuideService       : java.lang.NullPointerException
2021-11-29 23:17:11.472 ERROR 6224 --- [    Test worker] tourGuide.service.TourGuideService       : java.lang.NullPointerException
2021-11-29 23:17:11.472 ERROR 6224 --- [    Test worker] tourGuide.service.TourGuideService       : java.lang.NullPointerException
2021-11-29 23:17:11.472 ERROR 6224 --- [    Test worker] tourGuide.service.TourGuideService       : java.lang.NullPointerException
2021-11-29 23:17:11.472 ERROR 6224 --- [    Test worker] tourGuide.service.TourGuideService       : java.lang.NullPointerException
2021-11-29 23:17:11.472 ERROR 6224 --- [    Test worker] tourGuide.service.TourGuideService       : java.lang.NullPointerException
2021-11-29 23:17:11.472 ERROR 6224 --- [    Test worker] tourGuide.service.TourGuideService       : java.lang.NullPointerException
2021-11-29 23:17:11.472 ERROR 6224 --- [    Test worker] tourGuide.service.TourGuideService       : java.lang.NullPointerException
2021-11-29 23:17:11.472 ERROR 6224 --- [    Test worker] tourGuide.service.TourGuideService       : java.lang.NullPointerException
2021-11-29 23:17:11.472 ERROR 6224 --- [    Test worker] tourGuide.service.TourGuideService       : java.lang.NullPointerException
2021-11-29 23:17:11.472 ERROR 6224 --- [    Test worker] tourGuide.service.TourGuideService       : java.lang.NullPointerException
2021-11-29 23:17:11.472 ERROR 6224 --- [    Test worker] tourGuide.service.TourGuideService       : java.lang.NullPointerException
2021-11-29 23:17:11.472 ERROR 6224 --- [    Test worker] tourGuide.service.TourGuideService       : java.lang.NullPointerException
2021-11-29 23:17:11.472 ERROR 6224 --- [    Test worker] tourGuide.service.TourGuideService       : java.lang.NullPointerException
2021-11-29 23:17:11.472 ERROR 6224 --- [    Test worker] tourGuide.service.TourGuideService       : java.lang.NullPointerException
2021-11-29 23:17:11.472 ERROR 6224 --- [    Test worker] tourGuide.service.TourGuideService       : java.lang.NullPointerException
2021-11-29 23:17:11.472 ERROR 6224 --- [    Test worker] tourGuide.service.TourGuideService       : java.lang.NullPointerException
2021-11-29 23:17:11.472 ERROR 6224 --- [    Test worker] tourGuide.service.TourGuideService       : java.lang.NullPointerException
2021-11-29 23:17:11.473 ERROR 6224 --- [    Test worker] tourGuide.service.TourGuideService       : java.lang.NullPointerException
2021-11-29 23:17:11.473 ERROR 6224 --- [    Test worker] tourGuide.service.TourGuideService       : java.lang.NullPointerException
2021-11-29 23:17:11.473 ERROR 6224 --- [    Test worker] tourGuide.service.TourGuideService       : java.lang.NullPointerException
2021-11-29 23:17:11.473 ERROR 6224 --- [    Test worker] tourGuide.service.TourGuideService       : java.lang.NullPointerException
2021-11-29 23:17:11.473 ERROR 6224 --- [    Test worker] tourGuide.service.TourGuideService       : java.lang.NullPointerException
2021-11-29 23:17:11.473 ERROR 6224 --- [    Test worker] tourGuide.service.TourGuideService       : java.lang.NullPointerException
2021-11-29 23:17:11.473 ERROR 6224 --- [    Test worker] tourGuide.service.TourGuideService       : java.lang.NullPointerException
2021-11-29 23:17:11.473 ERROR 6224 --- [    Test worker] tourGuide.service.TourGuideService       : java.lang.NullPointerException
2021-11-29 23:17:11.473 ERROR 6224 --- [    Test worker] tourGuide.service.TourGuideService       : java.lang.NullPointerException
2021-11-29 23:17:11.473 ERROR 6224 --- [    Test worker] tourGuide.service.TourGuideService       : java.lang.NullPointerException
2021-11-29 23:17:11.473 ERROR 6224 --- [    Test worker] tourGuide.service.TourGuideService       : java.lang.NullPointerException
2021-11-29 23:17:11.473 ERROR 6224 --- [    Test worker] tourGuide.service.TourGuideService       : java.lang.NullPointerException
2021-11-29 23:17:11.473 ERROR 6224 --- [    Test worker] tourGuide.service.TourGuideService       : java.lang.NullPointerException
2021-11-29 23:17:11.473 ERROR 6224 --- [    Test worker] tourGuide.service.TourGuideService       : java.lang.NullPointerException
2021-11-29 23:17:11.473 ERROR 6224 --- [    Test worker] tourGuide.service.TourGuideService       : java.lang.NullPointerException
2021-11-29 23:17:11.473 ERROR 6224 --- [    Test worker] tourGuide.service.TourGuideService       : java.lang.NullPointerException
2021-11-29 23:17:11.473 ERROR 6224 --- [    Test worker] tourGuide.service.TourGuideService       : java.lang.NullPointerException
2021-11-29 23:17:11.473 ERROR 6224 --- [    Test worker] tourGuide.service.TourGuideService       : java.lang.NullPointerException
2021-11-29 23:17:11.473 ERROR 6224 --- [    Test worker] tourGuide.service.TourGuideService       : java.lang.NullPointerException
2021-11-29 23:17:11.473 ERROR 6224 --- [    Test worker] tourGuide.service.TourGuideService       : java.lang.NullPointerException
2021-11-29 23:17:11.473 ERROR 6224 --- [    Test worker] tourGuide.service.TourGuideService       : java.lang.NullPointerException
2021-11-29 23:17:11.473 ERROR 6224 --- [    Test worker] tourGuide.service.TourGuideService       : java.lang.NullPointerException
2021-11-29 23:17:11.474 ERROR 6224 --- [    Test worker] tourGuide.service.TourGuideService       : java.lang.NullPointerException
2021-11-29 23:17:11.474 ERROR 6224 --- [    Test worker] tourGuide.service.TourGuideService       : java.lang.NullPointerException
2021-11-29 23:17:11.474 ERROR 6224 --- [    Test worker] tourGuide.service.TourGuideService       : java.lang.NullPointerException
2021-11-29 23:17:11.474 ERROR 6224 --- [    Test worker] tourGuide.service.TourGuideService       : java.lang.NullPointerException
2021-11-29 23:17:11.474 ERROR 6224 --- [    Test worker] tourGuide.service.TourGuideService       : java.lang.NullPointerException
2021-11-29 23:17:11.474 ERROR 6224 --- [    Test worker] tourGuide.service.TourGuideService       : java.lang.NullPointerException
2021-11-29 23:17:11.474 ERROR 6224 --- [    Test worker] tourGuide.service.TourGuideService       : java.lang.NullPointerException
2021-11-29 23:17:11.474 ERROR 6224 --- [    Test worker] tourGuide.service.TourGuideService       : java.lang.NullPointerException
2021-11-29 23:17:11.474 ERROR 6224 --- [    Test worker] tourGuide.service.TourGuideService       : java.lang.NullPointerException
2021-11-29 23:17:11.474 ERROR 6224 --- [    Test worker] tourGuide.service.TourGuideService       : java.lang.NullPointerException
2021-11-29 23:17:11.474 ERROR 6224 --- [    Test worker] tourGuide.service.TourGuideService       : java.lang.NullPointerException
2021-11-29 23:17:11.474 ERROR 6224 --- [    Test worker] tourGuide.service.TourGuideService       : java.lang.NullPointerException
2021-11-29 23:17:11.474 ERROR 6224 --- [    Test worker] tourGuide.service.TourGuideService       : java.lang.NullPointerException
2021-11-29 23:17:11.474 ERROR 6224 --- [    Test worker] tourGuide.service.TourGuideService       : java.lang.NullPointerException
2021-11-29 23:17:11.474 ERROR 6224 --- [    Test worker] tourGuide.service.TourGuideService       : java.lang.NullPointerException
2021-11-29 23:17:11.474 ERROR 6224 --- [    Test worker] tourGuide.service.TourGuideService       : java.lang.NullPointerException
2021-11-29 23:17:11.474 ERROR 6224 --- [    Test worker] tourGuide.service.TourGuideService       : java.lang.NullPointerException
2021-11-29 23:17:11.474 ERROR 6224 --- [    Test worker] tourGuide.service.TourGuideService       : java.lang.NullPointerException
2021-11-29 23:17:11.474 ERROR 6224 --- [    Test worker] tourGuide.service.TourGuideService       : java.lang.NullPointerException
2021-11-29 23:17:11.474 ERROR 6224 --- [    Test worker] tourGuide.service.TourGuideService       : java.lang.NullPointerException
2021-11-29 23:17:11.474 ERROR 6224 --- [    Test worker] tourGuide.service.TourGuideService       : java.lang.NullPointerException
2021-11-29 23:17:11.475 ERROR 6224 --- [    Test worker] tourGuide.service.TourGuideService       : java.lang.NullPointerException
2021-11-29 23:17:11.475 ERROR 6224 --- [    Test worker] tourGuide.service.TourGuideService       : java.lang.NullPointerException
2021-11-29 23:17:11.475 ERROR 6224 --- [    Test worker] tourGuide.service.TourGuideService       : java.lang.NullPointerException
2021-11-29 23:17:11.475 ERROR 6224 --- [    Test worker] tourGuide.service.TourGuideService       : java.lang.NullPointerException
2021-11-29 23:17:11.475 ERROR 6224 --- [    Test worker] tourGuide.service.TourGuideService       : java.lang.NullPointerException
2021-11-29 23:17:11.475 ERROR 6224 --- [    Test worker] tourGuide.service.TourGuideService       : java.lang.NullPointerException
2021-11-29 23:17:11.475 ERROR 6224 --- [    Test worker] tourGuide.service.TourGuideService       : java.lang.NullPointerException
2021-11-29 23:17:11.475 ERROR 6224 --- [    Test worker] tourGuide.service.TourGuideService       : java.lang.NullPointerException
2021-11-29 23:17:11.475 ERROR 6224 --- [    Test worker] tourGuide.service.TourGuideService       : java.lang.NullPointerException
2021-11-29 23:17:11.475 ERROR 6224 --- [    Test worker] tourGuide.service.TourGuideService       : java.lang.NullPointerException
2021-11-29 23:17:11.475 ERROR 6224 --- [    Test worker] tourGuide.service.TourGuideService       : java.lang.NullPointerException
2021-11-29 23:17:11.475 ERROR 6224 --- [    Test worker] tourGuide.service.TourGuideService       : java.lang.NullPointerException
2021-11-29 23:17:11.475 ERROR 6224 --- [    Test worker] tourGuide.service.TourGuideService       : java.lang.NullPointerException
2021-11-29 23:17:11.475 ERROR 6224 --- [    Test worker] tourGuide.service.TourGuideService       : java.lang.NullPointerException
2021-11-29 23:17:11.475 ERROR 6224 --- [    Test worker] tourGuide.service.TourGuideService       : java.lang.NullPointerException
2021-11-29 23:17:11.475 ERROR 6224 --- [    Test worker] tourGuide.service.TourGuideService       : java.lang.NullPointerException
2021-11-29 23:17:11.475 ERROR 6224 --- [    Test worker] tourGuide.service.TourGuideService       : java.lang.NullPointerException
2021-11-29 23:17:11.475 ERROR 6224 --- [    Test worker] tourGuide.service.TourGuideService       : java.lang.NullPointerException
2021-11-29 23:17:11.475 ERROR 6224 --- [    Test worker] tourGuide.service.TourGuideService       : java.lang.NullPointerException
2021-11-29 23:17:11.475 ERROR 6224 --- [    Test worker] tourGuide.service.TourGuideService       : java.lang.NullPointerException
2021-11-29 23:17:11.475 ERROR 6224 --- [    Test worker] tourGuide.service.TourGuideService       : java.lang.NullPointerException
2021-11-29 23:17:11.476 ERROR 6224 --- [    Test worker] tourGuide.service.TourGuideService       : java.lang.NullPointerException
2021-11-29 23:17:11.476 ERROR 6224 --- [    Test worker] tourGuide.service.TourGuideService       : java.lang.NullPointerException
2021-11-29 23:17:11.476 ERROR 6224 --- [    Test worker] tourGuide.service.TourGuideService       : java.lang.NullPointerException
2021-11-29 23:17:11.476 ERROR 6224 --- [    Test worker] tourGuide.service.TourGuideService       : java.lang.NullPointerException
2021-11-29 23:17:11.476 ERROR 6224 --- [    Test worker] tourGuide.service.TourGuideService       : java.lang.NullPointerException
2021-11-29 23:17:11.476 ERROR 6224 --- [    Test worker] tourGuide.service.TourGuideService       : java.lang.NullPointerException
2021-11-29 23:17:11.476 ERROR 6224 --- [    Test worker] tourGuide.service.TourGuideService       : java.lang.NullPointerException
2021-11-29 23:17:11.476 ERROR 6224 --- [    Test worker] tourGuide.service.TourGuideService       : java.lang.NullPointerException
2021-11-29 23:17:11.476 ERROR 6224 --- [    Test worker] tourGuide.service.TourGuideService       : java.lang.NullPointerException
2021-11-29 23:17:11.476 ERROR 6224 --- [    Test worker] tourGuide.service.TourGuideService       : java.lang.NullPointerException
2021-11-29 23:17:11.476 ERROR 6224 --- [    Test worker] tourGuide.service.TourGuideService       : java.lang.NullPointerException
2021-11-29 23:17:11.476 ERROR 6224 --- [    Test worker] tourGuide.service.TourGuideService       : java.lang.NullPointerException
2021-11-29 23:17:11.476 ERROR 6224 --- [    Test worker] tourGuide.service.TourGuideService       : java.lang.NullPointerException
2021-11-29 23:17:11.476 ERROR 6224 --- [    Test worker] tourGuide.service.TourGuideService       : java.lang.NullPointerException
2021-11-29 23:17:11.476 ERROR 6224 --- [    Test worker] tourGuide.service.TourGuideService       : java.lang.NullPointerException
2021-11-29 23:17:11.476 ERROR 6224 --- [    Test worker] tourGuide.service.TourGuideService       : java.lang.NullPointerException
2021-11-29 23:17:11.476 ERROR 6224 --- [    Test worker] tourGuide.service.TourGuideService       : java.lang.NullPointerException
2021-11-29 23:17:11.477 ERROR 6224 --- [    Test worker] tourGuide.service.TourGuideService       : java.lang.NullPointerException
2021-11-29 23:17:11.477 ERROR 6224 --- [    Test worker] tourGuide.service.TourGuideService       : java.lang.NullPointerException
2021-11-29 23:17:11.477 ERROR 6224 --- [    Test worker] tourGuide.service.TourGuideService       : java.lang.NullPointerException
2021-11-29 23:17:11.477 ERROR 6224 --- [    Test worker] tourGuide.service.TourGuideService       : java.lang.NullPointerException
2021-11-29 23:17:11.477 ERROR 6224 --- [    Test worker] tourGuide.service.TourGuideService       : java.lang.NullPointerException
2021-11-29 23:17:11.477 ERROR 6224 --- [    Test worker] tourGuide.service.TourGuideService       : java.lang.NullPointerException
2021-11-29 23:17:11.477 ERROR 6224 --- [    Test worker] tourGuide.service.TourGuideService       : java.lang.NullPointerException
2021-11-29 23:17:11.477 ERROR 6224 --- [    Test worker] tourGuide.service.TourGuideService       : java.lang.NullPointerException
2021-11-29 23:17:11.477 ERROR 6224 --- [    Test worker] tourGuide.service.TourGuideService       : java.lang.NullPointerException
2021-11-29 23:17:11.477 ERROR 6224 --- [    Test worker] tourGuide.service.TourGuideService       : java.lang.NullPointerException
2021-11-29 23:17:11.477 ERROR 6224 --- [    Test worker] tourGuide.service.TourGuideService       : java.lang.NullPointerException
2021-11-29 23:17:11.477 ERROR 6224 --- [    Test worker] tourGuide.service.TourGuideService       : java.lang.NullPointerException
2021-11-29 23:17:11.477 ERROR 6224 --- [    Test worker] tourGuide.service.TourGuideService       : java.lang.NullPointerException
2021-11-29 23:17:11.478 ERROR 6224 --- [    Test worker] tourGuide.service.TourGuideService       : java.lang.NullPointerException
2021-11-29 23:17:11.478 ERROR 6224 --- [    Test worker] tourGuide.service.TourGuideService       : java.lang.NullPointerException
2021-11-29 23:17:11.478 ERROR 6224 --- [    Test worker] tourGuide.service.TourGuideService       : java.lang.NullPointerException
2021-11-29 23:17:11.478 ERROR 6224 --- [    Test worker] tourGuide.service.TourGuideService       : java.lang.NullPointerException
2021-11-29 23:17:11.478 ERROR 6224 --- [    Test worker] tourGuide.service.TourGuideService       : java.lang.NullPointerException
2021-11-29 23:17:11.478 ERROR 6224 --- [    Test worker] tourGuide.service.TourGuideService       : java.lang.NullPointerException
2021-11-29 23:17:11.478 ERROR 6224 --- [    Test worker] tourGuide.service.TourGuideService       : java.lang.NullPointerException
2021-11-29 23:17:11.478 ERROR 6224 --- [    Test worker] tourGuide.service.TourGuideService       : java.lang.NullPointerException
2021-11-29 23:17:11.478 ERROR 6224 --- [    Test worker] tourGuide.service.TourGuideService       : java.lang.NullPointerException
2021-11-29 23:17:11.478 ERROR 6224 --- [    Test worker] tourGuide.service.TourGuideService       : java.lang.NullPointerException
2021-11-29 23:17:11.478 ERROR 6224 --- [    Test worker] tourGuide.service.TourGuideService       : java.lang.NullPointerException
2021-11-29 23:17:11.478 ERROR 6224 --- [    Test worker] tourGuide.service.TourGuideService       : java.lang.NullPointerException
2021-11-29 23:17:11.478 ERROR 6224 --- [    Test worker] tourGuide.service.TourGuideService       : java.lang.NullPointerException
2021-11-29 23:17:11.478 ERROR 6224 --- [    Test worker] tourGuide.service.TourGuideService       : java.lang.NullPointerException
2021-11-29 23:17:11.478 ERROR 6224 --- [    Test worker] tourGuide.service.TourGuideService       : java.lang.NullPointerException
2021-11-29 23:17:11.478 ERROR 6224 --- [    Test worker] tourGuide.service.TourGuideService       : java.lang.NullPointerException
2021-11-29 23:17:11.478 ERROR 6224 --- [    Test worker] tourGuide.service.TourGuideService       : java.lang.NullPointerException
2021-11-29 23:17:11.478 ERROR 6224 --- [    Test worker] tourGuide.service.TourGuideService       : java.lang.NullPointerException
2021-11-29 23:17:11.478 ERROR 6224 --- [    Test worker] tourGuide.service.TourGuideService       : java.lang.NullPointerException
2021-11-29 23:17:11.478 ERROR 6224 --- [    Test worker] tourGuide.service.TourGuideService       : java.lang.NullPointerException
2021-11-29 23:17:11.478 ERROR 6224 --- [    Test worker] tourGuide.service.TourGuideService       : java.lang.NullPointerException
2021-11-29 23:17:11.478 ERROR 6224 --- [    Test worker] tourGuide.service.TourGuideService       : java.lang.NullPointerException
2021-11-29 23:17:11.478 ERROR 6224 --- [    Test worker] tourGuide.service.TourGuideService       : java.lang.NullPointerException
2021-11-29 23:17:11.478 ERROR 6224 --- [    Test worker] tourGuide.service.TourGuideService       : java.lang.NullPointerException
2021-11-29 23:17:11.479 ERROR 6224 --- [    Test worker] tourGuide.service.TourGuideService       : java.lang.NullPointerException
2021-11-29 23:17:11.479 ERROR 6224 --- [    Test worker] tourGuide.service.TourGuideService       : java.lang.NullPointerException
2021-11-29 23:17:11.479 ERROR 6224 --- [    Test worker] tourGuide.service.TourGuideService       : java.lang.NullPointerException
2021-11-29 23:17:11.479 ERROR 6224 --- [    Test worker] tourGuide.service.TourGuideService       : java.lang.NullPointerException
2021-11-29 23:17:11.479 ERROR 6224 --- [    Test worker] tourGuide.service.TourGuideService       : java.lang.NullPointerException
2021-11-29 23:17:11.479 ERROR 6224 --- [    Test worker] tourGuide.service.TourGuideService       : java.lang.NullPointerException
2021-11-29 23:17:11.479 ERROR 6224 --- [    Test worker] tourGuide.service.TourGuideService       : java.lang.NullPointerException
2021-11-29 23:17:11.479 ERROR 6224 --- [    Test worker] tourGuide.service.TourGuideService       : java.lang.NullPointerException
2021-11-29 23:17:11.479 ERROR 6224 --- [    Test worker] tourGuide.service.TourGuideService       : java.lang.NullPointerException
2021-11-29 23:17:11.479 ERROR 6224 --- [    Test worker] tourGuide.service.TourGuideService       : java.lang.NullPointerException
2021-11-29 23:17:11.479 ERROR 6224 --- [    Test worker] tourGuide.service.TourGuideService       : java.lang.NullPointerException
2021-11-29 23:17:11.479 ERROR 6224 --- [    Test worker] tourGuide.service.TourGuideService       : java.lang.NullPointerException
2021-11-29 23:17:11.480 ERROR 6224 --- [    Test worker] tourGuide.service.TourGuideService       : java.lang.NullPointerException
2021-11-29 23:17:11.480 ERROR 6224 --- [    Test worker] tourGuide.service.TourGuideService       : java.lang.NullPointerException
2021-11-29 23:17:11.480 ERROR 6224 --- [    Test worker] tourGuide.service.TourGuideService       : java.lang.NullPointerException
2021-11-29 23:17:11.480 ERROR 6224 --- [    Test worker] tourGuide.service.TourGuideService       : java.lang.NullPointerException
2021-11-29 23:17:11.480 ERROR 6224 --- [    Test worker] tourGuide.service.TourGuideService       : java.lang.NullPointerException
2021-11-29 23:17:11.480 ERROR 6224 --- [    Test worker] tourGuide.service.TourGuideService       : java.lang.NullPointerException
2021-11-29 23:17:11.480 ERROR 6224 --- [    Test worker] tourGuide.service.TourGuideService       : java.lang.NullPointerException
2021-11-29 23:17:11.480 ERROR 6224 --- [    Test worker] tourGuide.service.TourGuideService       : java.lang.NullPointerException
2021-11-29 23:17:11.480 ERROR 6224 --- [    Test worker] tourGuide.service.TourGuideService       : java.lang.NullPointerException
2021-11-29 23:17:11.480 ERROR 6224 --- [    Test worker] tourGuide.service.TourGuideService       : java.lang.NullPointerException
2021-11-29 23:17:11.480 ERROR 6224 --- [    Test worker] tourGuide.service.TourGuideService       : java.lang.NullPointerException
2021-11-29 23:17:11.480 ERROR 6224 --- [    Test worker] tourGuide.service.TourGuideService       : java.lang.NullPointerException
2021-11-29 23:17:11.480 ERROR 6224 --- [    Test worker] tourGuide.service.TourGuideService       : java.lang.NullPointerException
2021-11-29 23:17:11.480 ERROR 6224 --- [    Test worker] tourGuide.service.TourGuideService       : java.lang.NullPointerException
2021-11-29 23:17:11.480 ERROR 6224 --- [    Test worker] tourGuide.service.TourGuideService       : java.lang.NullPointerException
2021-11-29 23:17:11.480 ERROR 6224 --- [    Test worker] tourGuide.service.TourGuideService       : java.lang.NullPointerException
2021-11-29 23:17:11.480 ERROR 6224 --- [    Test worker] tourGuide.service.TourGuideService       : java.lang.NullPointerException
2021-11-29 23:17:11.480 ERROR 6224 --- [    Test worker] tourGuide.service.TourGuideService       : java.lang.NullPointerException
2021-11-29 23:17:11.480 ERROR 6224 --- [    Test worker] tourGuide.service.TourGuideService       : java.lang.NullPointerException
2021-11-29 23:17:11.480 ERROR 6224 --- [    Test worker] tourGuide.service.TourGuideService       : java.lang.NullPointerException
2021-11-29 23:17:11.480 ERROR 6224 --- [    Test worker] tourGuide.service.TourGuideService       : java.lang.NullPointerException
2021-11-29 23:17:11.480 ERROR 6224 --- [    Test worker] tourGuide.service.TourGuideService       : java.lang.NullPointerException
2021-11-29 23:17:11.481 ERROR 6224 --- [    Test worker] tourGuide.service.TourGuideService       : java.lang.NullPointerException
2021-11-29 23:17:11.481 ERROR 6224 --- [    Test worker] tourGuide.service.TourGuideService       : java.lang.NullPointerException
2021-11-29 23:17:11.481 ERROR 6224 --- [    Test worker] tourGuide.service.TourGuideService       : java.lang.NullPointerException
2021-11-29 23:17:11.481 ERROR 6224 --- [    Test worker] tourGuide.service.TourGuideService       : java.lang.NullPointerException
2021-11-29 23:17:11.481 ERROR 6224 --- [    Test worker] tourGuide.service.TourGuideService       : java.lang.NullPointerException
2021-11-29 23:17:11.481 ERROR 6224 --- [    Test worker] tourGuide.service.TourGuideService       : java.lang.NullPointerException
2021-11-29 23:17:11.481 ERROR 6224 --- [    Test worker] tourGuide.service.TourGuideService       : java.lang.NullPointerException
2021-11-29 23:17:11.481 ERROR 6224 --- [    Test worker] tourGuide.service.TourGuideService       : java.lang.NullPointerException
2021-11-29 23:17:11.481 ERROR 6224 --- [    Test worker] tourGuide.service.TourGuideService       : java.lang.NullPointerException
2021-11-29 23:17:11.481 ERROR 6224 --- [    Test worker] tourGuide.service.TourGuideService       : java.lang.NullPointerException
2021-11-29 23:17:11.481 ERROR 6224 --- [    Test worker] tourGuide.service.TourGuideService       : java.lang.NullPointerException
2021-11-29 23:17:11.481 ERROR 6224 --- [    Test worker] tourGuide.service.TourGuideService       : java.lang.NullPointerException
2021-11-29 23:17:11.481 ERROR 6224 --- [    Test worker] tourGuide.service.TourGuideService       : java.lang.NullPointerException
2021-11-29 23:17:11.481 ERROR 6224 --- [    Test worker] tourGuide.service.TourGuideService       : java.lang.NullPointerException
2021-11-29 23:17:11.481 ERROR 6224 --- [    Test worker] tourGuide.service.TourGuideService       : java.lang.NullPointerException
2021-11-29 23:17:11.481 ERROR 6224 --- [    Test worker] tourGuide.service.TourGuideService       : java.lang.NullPointerException
2021-11-29 23:17:11.481 ERROR 6224 --- [    Test worker] tourGuide.service.TourGuideService       : java.lang.NullPointerException
2021-11-29 23:17:11.481 ERROR 6224 --- [    Test worker] tourGuide.service.TourGuideService       : java.lang.NullPointerException
2021-11-29 23:17:11.481 ERROR 6224 --- [    Test worker] tourGuide.service.TourGuideService       : java.lang.NullPointerException
2021-11-29 23:17:11.481 ERROR 6224 --- [    Test worker] tourGuide.service.TourGuideService       : java.lang.NullPointerException
2021-11-29 23:17:11.482 ERROR 6224 --- [    Test worker] tourGuide.service.TourGuideService       : java.lang.NullPointerException
2021-11-29 23:17:11.482 ERROR 6224 --- [    Test worker] tourGuide.service.TourGuideService       : java.lang.NullPointerException
2021-11-29 23:17:11.482 ERROR 6224 --- [    Test worker] tourGuide.service.TourGuideService       : java.lang.NullPointerException
2021-11-29 23:17:11.482 ERROR 6224 --- [    Test worker] tourGuide.service.TourGuideService       : java.lang.NullPointerException
2021-11-29 23:17:11.482 ERROR 6224 --- [    Test worker] tourGuide.service.TourGuideService       : java.lang.NullPointerException
2021-11-29 23:17:11.482 ERROR 6224 --- [    Test worker] tourGuide.service.TourGuideService       : java.lang.NullPointerException
2021-11-29 23:17:11.482 ERROR 6224 --- [    Test worker] tourGuide.service.TourGuideService       : java.lang.NullPointerException
2021-11-29 23:17:11.482 ERROR 6224 --- [    Test worker] tourGuide.service.TourGuideService       : java.lang.NullPointerException
2021-11-29 23:17:11.482 ERROR 6224 --- [    Test worker] tourGuide.service.TourGuideService       : java.lang.NullPointerException
2021-11-29 23:17:11.482 ERROR 6224 --- [    Test worker] tourGuide.service.TourGuideService       : java.lang.NullPointerException
2021-11-29 23:17:11.482 ERROR 6224 --- [    Test worker] tourGuide.service.TourGuideService       : java.lang.NullPointerException
2021-11-29 23:17:11.482 ERROR 6224 --- [    Test worker] tourGuide.service.TourGuideService       : java.lang.NullPointerException
2021-11-29 23:17:11.482 ERROR 6224 --- [    Test worker] tourGuide.service.TourGuideService       : java.lang.NullPointerException
2021-11-29 23:17:11.482 ERROR 6224 --- [    Test worker] tourGuide.service.TourGuideService       : java.lang.NullPointerException
2021-11-29 23:17:11.483 ERROR 6224 --- [    Test worker] tourGuide.service.TourGuideService       : java.lang.NullPointerException
2021-11-29 23:17:11.483 ERROR 6224 --- [    Test worker] tourGuide.service.TourGuideService       : java.lang.NullPointerException
2021-11-29 23:17:11.483 ERROR 6224 --- [    Test worker] tourGuide.service.TourGuideService       : java.lang.NullPointerException
2021-11-29 23:17:11.483 ERROR 6224 --- [    Test worker] tourGuide.service.TourGuideService       : java.lang.NullPointerException
2021-11-29 23:17:11.483 ERROR 6224 --- [    Test worker] tourGuide.service.TourGuideService       : java.lang.NullPointerException
2021-11-29 23:17:11.483 ERROR 6224 --- [    Test worker] tourGuide.service.TourGuideService       : java.lang.NullPointerException
2021-11-29 23:17:11.483 ERROR 6224 --- [    Test worker] tourGuide.service.TourGuideService       : java.lang.NullPointerException
2021-11-29 23:17:11.483 ERROR 6224 --- [    Test worker] tourGuide.service.TourGuideService       : java.lang.NullPointerException
2021-11-29 23:17:11.483 ERROR 6224 --- [    Test worker] tourGuide.service.TourGuideService       : java.lang.NullPointerException
2021-11-29 23:17:11.483 ERROR 6224 --- [    Test worker] tourGuide.service.TourGuideService       : java.lang.NullPointerException
2021-11-29 23:17:11.483 ERROR 6224 --- [    Test worker] tourGuide.service.TourGuideService       : java.lang.NullPointerException
2021-11-29 23:17:11.483 ERROR 6224 --- [    Test worker] tourGuide.service.TourGuideService       : java.lang.NullPointerException
2021-11-29 23:17:11.484 ERROR 6224 --- [    Test worker] tourGuide.service.TourGuideService       : java.lang.NullPointerException
2021-11-29 23:17:11.484 ERROR 6224 --- [    Test worker] tourGuide.service.TourGuideService       : java.lang.NullPointerException
2021-11-29 23:17:11.484 ERROR 6224 --- [    Test worker] tourGuide.service.TourGuideService       : java.lang.NullPointerException
2021-11-29 23:17:11.484 ERROR 6224 --- [    Test worker] tourGuide.service.TourGuideService       : java.lang.NullPointerException
2021-11-29 23:17:11.484 ERROR 6224 --- [    Test worker] tourGuide.service.TourGuideService       : java.lang.NullPointerException
2021-11-29 23:17:11.484 ERROR 6224 --- [    Test worker] tourGuide.service.TourGuideService       : java.lang.NullPointerException
2021-11-29 23:17:11.484 ERROR 6224 --- [    Test worker] tourGuide.service.TourGuideService       : java.lang.NullPointerException
2021-11-29 23:17:11.484 ERROR 6224 --- [    Test worker] tourGuide.service.TourGuideService       : java.lang.NullPointerException
2021-11-29 23:17:11.484 ERROR 6224 --- [    Test worker] tourGuide.service.TourGuideService       : java.lang.NullPointerException
2021-11-29 23:17:11.484 ERROR 6224 --- [    Test worker] tourGuide.service.TourGuideService       : java.lang.NullPointerException
2021-11-29 23:17:11.484 ERROR 6224 --- [    Test worker] tourGuide.service.TourGuideService       : java.lang.NullPointerException
2021-11-29 23:17:11.484 ERROR 6224 --- [    Test worker] tourGuide.service.TourGuideService       : java.lang.NullPointerException
2021-11-29 23:17:11.484 ERROR 6224 --- [    Test worker] tourGuide.service.TourGuideService       : java.lang.NullPointerException
2021-11-29 23:17:11.484 ERROR 6224 --- [    Test worker] tourGuide.service.TourGuideService       : java.lang.NullPointerException
2021-11-29 23:17:11.484 ERROR 6224 --- [    Test worker] tourGuide.service.TourGuideService       : java.lang.NullPointerException
2021-11-29 23:17:11.484 ERROR 6224 --- [    Test worker] tourGuide.service.TourGuideService       : java.lang.NullPointerException
2021-11-29 23:17:11.484 ERROR 6224 --- [    Test worker] tourGuide.service.TourGuideService       : java.lang.NullPointerException
2021-11-29 23:17:11.485 ERROR 6224 --- [    Test worker] tourGuide.service.TourGuideService       : java.lang.NullPointerException
2021-11-29 23:17:11.485 ERROR 6224 --- [    Test worker] tourGuide.service.TourGuideService       : java.lang.NullPointerException
2021-11-29 23:17:11.485 ERROR 6224 --- [    Test worker] tourGuide.service.TourGuideService       : java.lang.NullPointerException
2021-11-29 23:17:11.485 ERROR 6224 --- [    Test worker] tourGuide.service.TourGuideService       : java.lang.NullPointerException
2021-11-29 23:17:11.485 ERROR 6224 --- [    Test worker] tourGuide.service.TourGuideService       : java.lang.NullPointerException
2021-11-29 23:17:11.485 ERROR 6224 --- [    Test worker] tourGuide.service.TourGuideService       : java.lang.NullPointerException
2021-11-29 23:17:11.485 ERROR 6224 --- [    Test worker] tourGuide.service.TourGuideService       : java.lang.NullPointerException
2021-11-29 23:17:11.485 ERROR 6224 --- [    Test worker] tourGuide.service.TourGuideService       : java.lang.NullPointerException
2021-11-29 23:17:11.485 ERROR 6224 --- [    Test worker] tourGuide.service.TourGuideService       : java.lang.NullPointerException
2021-11-29 23:17:11.485 ERROR 6224 --- [    Test worker] tourGuide.service.TourGuideService       : java.lang.NullPointerException
2021-11-29 23:17:11.485 ERROR 6224 --- [    Test worker] tourGuide.service.TourGuideService       : java.lang.NullPointerException
2021-11-29 23:17:11.485 ERROR 6224 --- [    Test worker] tourGuide.service.TourGuideService       : java.lang.NullPointerException
2021-11-29 23:17:11.485 ERROR 6224 --- [    Test worker] tourGuide.service.TourGuideService       : java.lang.NullPointerException
2021-11-29 23:17:11.485 ERROR 6224 --- [    Test worker] tourGuide.service.TourGuideService       : java.lang.NullPointerException
2021-11-29 23:17:11.485 ERROR 6224 --- [    Test worker] tourGuide.service.TourGuideService       : java.lang.NullPointerException
2021-11-29 23:17:11.485 ERROR 6224 --- [    Test worker] tourGuide.service.TourGuideService       : java.lang.NullPointerException
2021-11-29 23:17:11.485 ERROR 6224 --- [    Test worker] tourGuide.service.TourGuideService       : java.lang.NullPointerException
2021-11-29 23:17:11.485 ERROR 6224 --- [    Test worker] tourGuide.service.TourGuideService       : java.lang.NullPointerException
2021-11-29 23:17:11.485 ERROR 6224 --- [    Test worker] tourGuide.service.TourGuideService       : java.lang.NullPointerException
2021-11-29 23:17:11.485 ERROR 6224 --- [    Test worker] tourGuide.service.TourGuideService       : java.lang.NullPointerException
2021-11-29 23:17:11.485 ERROR 6224 --- [    Test worker] tourGuide.service.TourGuideService       : java.lang.NullPointerException
2021-11-29 23:17:11.485 ERROR 6224 --- [    Test worker] tourGuide.service.TourGuideService       : java.lang.NullPointerException
2021-11-29 23:17:11.485 ERROR 6224 --- [    Test worker] tourGuide.service.TourGuideService       : java.lang.NullPointerException
2021-11-29 23:17:11.486 ERROR 6224 --- [    Test worker] tourGuide.service.TourGuideService       : java.lang.NullPointerException
2021-11-29 23:17:11.486 ERROR 6224 --- [    Test worker] tourGuide.service.TourGuideService       : java.lang.NullPointerException
2021-11-29 23:17:11.486 ERROR 6224 --- [    Test worker] tourGuide.service.TourGuideService       : java.lang.NullPointerException
2021-11-29 23:17:11.486 ERROR 6224 --- [    Test worker] tourGuide.service.TourGuideService       : java.lang.NullPointerException
2021-11-29 23:17:11.486 ERROR 6224 --- [    Test worker] tourGuide.service.TourGuideService       : java.lang.NullPointerException
2021-11-29 23:17:11.486 ERROR 6224 --- [    Test worker] tourGuide.service.TourGuideService       : java.lang.NullPointerException
2021-11-29 23:17:11.486 ERROR 6224 --- [    Test worker] tourGuide.service.TourGuideService       : java.lang.NullPointerException
2021-11-29 23:17:11.486 ERROR 6224 --- [    Test worker] tourGuide.service.TourGuideService       : java.lang.NullPointerException
2021-11-29 23:17:11.486 ERROR 6224 --- [    Test worker] tourGuide.service.TourGuideService       : java.lang.NullPointerException
2021-11-29 23:17:11.486 ERROR 6224 --- [    Test worker] tourGuide.service.TourGuideService       : java.lang.NullPointerException
2021-11-29 23:17:11.486 ERROR 6224 --- [    Test worker] tourGuide.service.TourGuideService       : java.lang.NullPointerException
2021-11-29 23:17:11.486 ERROR 6224 --- [    Test worker] tourGuide.service.TourGuideService       : java.lang.NullPointerException
2021-11-29 23:17:11.486 ERROR 6224 --- [    Test worker] tourGuide.service.TourGuideService       : java.lang.NullPointerException
2021-11-29 23:17:11.486 ERROR 6224 --- [    Test worker] tourGuide.service.TourGuideService       : java.lang.NullPointerException
2021-11-29 23:17:11.486 ERROR 6224 --- [    Test worker] tourGuide.service.TourGuideService       : java.lang.NullPointerException
2021-11-29 23:17:11.486 ERROR 6224 --- [    Test worker] tourGuide.service.TourGuideService       : java.lang.NullPointerException
2021-11-29 23:17:11.486 ERROR 6224 --- [    Test worker] tourGuide.service.TourGuideService       : java.lang.NullPointerException
2021-11-29 23:17:11.486 ERROR 6224 --- [    Test worker] tourGuide.service.TourGuideService       : java.lang.NullPointerException
2021-11-29 23:17:11.486 ERROR 6224 --- [    Test worker] tourGuide.service.TourGuideService       : java.lang.NullPointerException
2021-11-29 23:17:11.486 ERROR 6224 --- [    Test worker] tourGuide.service.TourGuideService       : java.lang.NullPointerException
2021-11-29 23:17:11.487 ERROR 6224 --- [    Test worker] tourGuide.service.TourGuideService       : java.lang.NullPointerException
2021-11-29 23:17:11.487 ERROR 6224 --- [    Test worker] tourGuide.service.TourGuideService       : java.lang.NullPointerException
2021-11-29 23:17:11.487 ERROR 6224 --- [    Test worker] tourGuide.service.TourGuideService       : java.lang.NullPointerException
2021-11-29 23:17:11.487 ERROR 6224 --- [    Test worker] tourGuide.service.TourGuideService       : java.lang.NullPointerException
2021-11-29 23:17:11.487 ERROR 6224 --- [    Test worker] tourGuide.service.TourGuideService       : java.lang.NullPointerException
2021-11-29 23:17:11.487 ERROR 6224 --- [    Test worker] tourGuide.service.TourGuideService       : java.lang.NullPointerException
2021-11-29 23:17:11.487 ERROR 6224 --- [    Test worker] tourGuide.service.TourGuideService       : java.lang.NullPointerException
2021-11-29 23:17:11.487 ERROR 6224 --- [    Test worker] tourGuide.service.TourGuideService       : java.lang.NullPointerException
2021-11-29 23:17:11.487 ERROR 6224 --- [    Test worker] tourGuide.service.TourGuideService       : java.lang.NullPointerException
2021-11-29 23:17:11.487 ERROR 6224 --- [    Test worker] tourGuide.service.TourGuideService       : java.lang.NullPointerException
2021-11-29 23:17:11.487 ERROR 6224 --- [    Test worker] tourGuide.service.TourGuideService       : java.lang.NullPointerException
2021-11-29 23:17:11.487 ERROR 6224 --- [    Test worker] tourGuide.service.TourGuideService       : java.lang.NullPointerException
2021-11-29 23:17:11.487 ERROR 6224 --- [    Test worker] tourGuide.service.TourGuideService       : java.lang.NullPointerException
2021-11-29 23:17:11.487 ERROR 6224 --- [    Test worker] tourGuide.service.TourGuideService       : java.lang.NullPointerException
2021-11-29 23:17:11.487 ERROR 6224 --- [    Test worker] tourGuide.service.TourGuideService       : java.lang.NullPointerException
2021-11-29 23:17:11.487 ERROR 6224 --- [    Test worker] tourGuide.service.TourGuideService       : java.lang.NullPointerException
2021-11-29 23:17:11.487 ERROR 6224 --- [    Test worker] tourGuide.service.TourGuideService       : java.lang.NullPointerException
2021-11-29 23:17:11.487 ERROR 6224 --- [    Test worker] tourGuide.service.TourGuideService       : java.lang.NullPointerException
2021-11-29 23:17:11.487 ERROR 6224 --- [    Test worker] tourGuide.service.TourGuideService       : java.lang.NullPointerException
2021-11-29 23:17:11.488 ERROR 6224 --- [    Test worker] tourGuide.service.TourGuideService       : java.lang.NullPointerException
2021-11-29 23:17:11.488 ERROR 6224 --- [    Test worker] tourGuide.service.TourGuideService       : java.lang.NullPointerException
2021-11-29 23:17:11.488 ERROR 6224 --- [    Test worker] tourGuide.service.TourGuideService       : java.lang.NullPointerException
2021-11-29 23:17:11.488 ERROR 6224 --- [    Test worker] tourGuide.service.TourGuideService       : java.lang.NullPointerException
2021-11-29 23:17:11.488 ERROR 6224 --- [    Test worker] tourGuide.service.TourGuideService       : java.lang.NullPointerException
2021-11-29 23:17:11.488 ERROR 6224 --- [    Test worker] tourGuide.service.TourGuideService       : java.lang.NullPointerException
2021-11-29 23:17:11.488 ERROR 6224 --- [    Test worker] tourGuide.service.TourGuideService       : java.lang.NullPointerException
2021-11-29 23:17:11.488 ERROR 6224 --- [    Test worker] tourGuide.service.TourGuideService       : java.lang.NullPointerException
2021-11-29 23:17:11.488 ERROR 6224 --- [    Test worker] tourGuide.service.TourGuideService       : java.lang.NullPointerException
2021-11-29 23:17:11.488 ERROR 6224 --- [    Test worker] tourGuide.service.TourGuideService       : java.lang.NullPointerException
2021-11-29 23:17:11.488 ERROR 6224 --- [    Test worker] tourGuide.service.TourGuideService       : java.lang.NullPointerException
2021-11-29 23:17:11.488 ERROR 6224 --- [    Test worker] tourGuide.service.TourGuideService       : java.lang.NullPointerException
2021-11-29 23:17:11.488 ERROR 6224 --- [    Test worker] tourGuide.service.TourGuideService       : java.lang.NullPointerException
2021-11-29 23:17:11.488 ERROR 6224 --- [    Test worker] tourGuide.service.TourGuideService       : java.lang.NullPointerException
2021-11-29 23:17:11.488 ERROR 6224 --- [    Test worker] tourGuide.service.TourGuideService       : java.lang.NullPointerException
2021-11-29 23:17:11.488 ERROR 6224 --- [    Test worker] tourGuide.service.TourGuideService       : java.lang.NullPointerException
2021-11-29 23:17:11.488 ERROR 6224 --- [    Test worker] tourGuide.service.TourGuideService       : java.lang.NullPointerException
2021-11-29 23:17:11.488 ERROR 6224 --- [    Test worker] tourGuide.service.TourGuideService       : java.lang.NullPointerException
2021-11-29 23:17:11.488 ERROR 6224 --- [    Test worker] tourGuide.service.TourGuideService       : java.lang.NullPointerException
2021-11-29 23:17:11.488 ERROR 6224 --- [    Test worker] tourGuide.service.TourGuideService       : java.lang.NullPointerException
2021-11-29 23:17:11.488 ERROR 6224 --- [    Test worker] tourGuide.service.TourGuideService       : java.lang.NullPointerException
2021-11-29 23:17:11.488 ERROR 6224 --- [    Test worker] tourGuide.service.TourGuideService       : java.lang.NullPointerException
2021-11-29 23:17:11.488 ERROR 6224 --- [    Test worker] tourGuide.service.TourGuideService       : java.lang.NullPointerException
2021-11-29 23:17:11.488 ERROR 6224 --- [    Test worker] tourGuide.service.TourGuideService       : java.lang.NullPointerException
2021-11-29 23:17:11.489 ERROR 6224 --- [    Test worker] tourGuide.service.TourGuideService       : java.lang.NullPointerException
2021-11-29 23:17:11.489 ERROR 6224 --- [    Test worker] tourGuide.service.TourGuideService       : java.lang.NullPointerException
2021-11-29 23:17:11.489 ERROR 6224 --- [    Test worker] tourGuide.service.TourGuideService       : java.lang.NullPointerException
2021-11-29 23:17:11.489 ERROR 6224 --- [    Test worker] tourGuide.service.TourGuideService       : java.lang.NullPointerException
2021-11-29 23:17:11.489 ERROR 6224 --- [    Test worker] tourGuide.service.TourGuideService       : java.lang.NullPointerException
2021-11-29 23:17:11.489 ERROR 6224 --- [    Test worker] tourGuide.service.TourGuideService       : java.lang.NullPointerException
2021-11-29 23:17:11.489 ERROR 6224 --- [    Test worker] tourGuide.service.TourGuideService       : java.lang.NullPointerException
2021-11-29 23:17:11.489 ERROR 6224 --- [    Test worker] tourGuide.service.TourGuideService       : java.lang.NullPointerException
2021-11-29 23:17:11.489 ERROR 6224 --- [    Test worker] tourGuide.service.TourGuideService       : java.lang.NullPointerException
2021-11-29 23:17:11.489 ERROR 6224 --- [    Test worker] tourGuide.service.TourGuideService       : java.lang.NullPointerException
2021-11-29 23:17:11.489 ERROR 6224 --- [    Test worker] tourGuide.service.TourGuideService       : java.lang.NullPointerException
2021-11-29 23:17:11.489 ERROR 6224 --- [    Test worker] tourGuide.service.TourGuideService       : java.lang.NullPointerException
2021-11-29 23:17:11.489 ERROR 6224 --- [    Test worker] tourGuide.service.TourGuideService       : java.lang.NullPointerException
2021-11-29 23:17:11.489 ERROR 6224 --- [    Test worker] tourGuide.service.TourGuideService       : java.lang.NullPointerException
2021-11-29 23:17:11.489 ERROR 6224 --- [    Test worker] tourGuide.service.TourGuideService       : java.lang.NullPointerException
2021-11-29 23:17:11.489 ERROR 6224 --- [    Test worker] tourGuide.service.TourGuideService       : java.lang.NullPointerException
2021-11-29 23:17:11.489 ERROR 6224 --- [    Test worker] tourGuide.service.TourGuideService       : java.lang.NullPointerException
2021-11-29 23:17:11.489 ERROR 6224 --- [    Test worker] tourGuide.service.TourGuideService       : java.lang.NullPointerException
2021-11-29 23:17:11.489 ERROR 6224 --- [    Test worker] tourGuide.service.TourGuideService       : java.lang.NullPointerException
2021-11-29 23:17:11.490 ERROR 6224 --- [    Test worker] tourGuide.service.TourGuideService       : java.lang.NullPointerException
2021-11-29 23:17:11.490 ERROR 6224 --- [    Test worker] tourGuide.service.TourGuideService       : java.lang.NullPointerException
2021-11-29 23:17:11.490 ERROR 6224 --- [    Test worker] tourGuide.service.TourGuideService       : java.lang.NullPointerException
2021-11-29 23:17:11.490 ERROR 6224 --- [    Test worker] tourGuide.service.TourGuideService       : java.lang.NullPointerException
2021-11-29 23:17:11.490 ERROR 6224 --- [    Test worker] tourGuide.service.TourGuideService       : java.lang.NullPointerException
2021-11-29 23:17:11.490 ERROR 6224 --- [    Test worker] tourGuide.service.TourGuideService       : java.lang.NullPointerException
2021-11-29 23:17:11.490 ERROR 6224 --- [    Test worker] tourGuide.service.TourGuideService       : java.lang.NullPointerException
2021-11-29 23:17:11.490 ERROR 6224 --- [    Test worker] tourGuide.service.TourGuideService       : java.lang.NullPointerException
2021-11-29 23:17:11.490 ERROR 6224 --- [    Test worker] tourGuide.service.TourGuideService       : java.lang.NullPointerException
2021-11-29 23:17:11.490 ERROR 6224 --- [    Test worker] tourGuide.service.TourGuideService       : java.lang.NullPointerException
2021-11-29 23:17:11.490 ERROR 6224 --- [    Test worker] tourGuide.service.TourGuideService       : java.lang.NullPointerException
2021-11-29 23:17:11.490 ERROR 6224 --- [    Test worker] tourGuide.service.TourGuideService       : java.lang.NullPointerException
2021-11-29 23:17:11.490 ERROR 6224 --- [    Test worker] tourGuide.service.TourGuideService       : java.lang.NullPointerException
2021-11-29 23:17:11.490 ERROR 6224 --- [    Test worker] tourGuide.service.TourGuideService       : java.lang.NullPointerException
2021-11-29 23:17:11.490 ERROR 6224 --- [    Test worker] tourGuide.service.TourGuideService       : java.lang.NullPointerException
2021-11-29 23:17:11.490 ERROR 6224 --- [    Test worker] tourGuide.service.TourGuideService       : java.lang.NullPointerException
2021-11-29 23:17:11.490 ERROR 6224 --- [    Test worker] tourGuide.service.TourGuideService       : java.lang.NullPointerException
2021-11-29 23:17:11.490 ERROR 6224 --- [    Test worker] tourGuide.service.TourGuideService       : java.lang.NullPointerException
2021-11-29 23:17:11.491 ERROR 6224 --- [    Test worker] tourGuide.service.TourGuideService       : java.lang.NullPointerException
2021-11-29 23:17:11.491 ERROR 6224 --- [    Test worker] tourGuide.service.TourGuideService       : java.lang.NullPointerException
2021-11-29 23:17:11.491 ERROR 6224 --- [    Test worker] tourGuide.service.TourGuideService       : java.lang.NullPointerException
2021-11-29 23:17:11.491 ERROR 6224 --- [    Test worker] tourGuide.service.TourGuideService       : java.lang.NullPointerException
2021-11-29 23:17:11.491 ERROR 6224 --- [    Test worker] tourGuide.service.TourGuideService       : java.lang.NullPointerException
2021-11-29 23:17:11.491 ERROR 6224 --- [    Test worker] tourGuide.service.TourGuideService       : java.lang.NullPointerException
2021-11-29 23:17:11.491 ERROR 6224 --- [    Test worker] tourGuide.service.TourGuideService       : java.lang.NullPointerException
2021-11-29 23:17:11.491 ERROR 6224 --- [    Test worker] tourGuide.service.TourGuideService       : java.lang.NullPointerException
2021-11-29 23:17:11.491 ERROR 6224 --- [    Test worker] tourGuide.service.TourGuideService       : java.lang.NullPointerException
2021-11-29 23:17:11.491 ERROR 6224 --- [    Test worker] tourGuide.service.TourGuideService       : java.lang.NullPointerException
2021-11-29 23:17:11.491 ERROR 6224 --- [    Test worker] tourGuide.service.TourGuideService       : java.lang.NullPointerException
2021-11-29 23:17:11.491 ERROR 6224 --- [    Test worker] tourGuide.service.TourGuideService       : java.lang.NullPointerException
2021-11-29 23:17:11.491 ERROR 6224 --- [    Test worker] tourGuide.service.TourGuideService       : java.lang.NullPointerException
2021-11-29 23:17:11.491 ERROR 6224 --- [    Test worker] tourGuide.service.TourGuideService       : java.lang.NullPointerException
2021-11-29 23:17:11.491 ERROR 6224 --- [    Test worker] tourGuide.service.TourGuideService       : java.lang.NullPointerException
2021-11-29 23:17:11.491 ERROR 6224 --- [    Test worker] tourGuide.service.TourGuideService       : java.lang.NullPointerException
2021-11-29 23:17:11.491 ERROR 6224 --- [    Test worker] tourGuide.service.TourGuideService       : java.lang.NullPointerException
2021-11-29 23:17:11.491 ERROR 6224 --- [    Test worker] tourGuide.service.TourGuideService       : java.lang.NullPointerException
2021-11-29 23:17:11.491 ERROR 6224 --- [    Test worker] tourGuide.service.TourGuideService       : java.lang.NullPointerException
2021-11-29 23:17:11.491 ERROR 6224 --- [    Test worker] tourGuide.service.TourGuideService       : java.lang.NullPointerException
2021-11-29 23:17:11.491 ERROR 6224 --- [    Test worker] tourGuide.service.TourGuideService       : java.lang.NullPointerException
2021-11-29 23:17:11.491 ERROR 6224 --- [    Test worker] tourGuide.service.TourGuideService       : java.lang.NullPointerException
2021-11-29 23:17:11.491 ERROR 6224 --- [    Test worker] tourGuide.service.TourGuideService       : java.lang.NullPointerException
2021-11-29 23:17:11.494 ERROR 6224 --- [    Test worker] tourGuide.service.TourGuideService       : java.lang.NullPointerException
2021-11-29 23:17:11.494 ERROR 6224 --- [    Test worker] tourGuide.service.TourGuideService       : java.lang.NullPointerException
2021-11-29 23:17:11.494 ERROR 6224 --- [    Test worker] tourGuide.service.TourGuideService       : java.lang.NullPointerException
2021-11-29 23:17:11.495 ERROR 6224 --- [    Test worker] tourGuide.service.TourGuideService       : java.lang.NullPointerException
2021-11-29 23:17:11.495 ERROR 6224 --- [    Test worker] tourGuide.service.TourGuideService       : java.lang.NullPointerException
2021-11-29 23:17:11.496 ERROR 6224 --- [    Test worker] tourGuide.service.TourGuideService       : java.lang.NullPointerException
2021-11-29 23:17:11.496 ERROR 6224 --- [    Test worker] tourGuide.service.TourGuideService       : java.lang.NullPointerException
2021-11-29 23:17:11.496 ERROR 6224 --- [    Test worker] tourGuide.service.TourGuideService       : java.lang.NullPointerException
2021-11-29 23:17:11.496 ERROR 6224 --- [    Test worker] tourGuide.service.TourGuideService       : java.lang.NullPointerException
2021-11-29 23:17:11.497 ERROR 6224 --- [    Test worker] tourGuide.service.TourGuideService       : java.lang.NullPointerException
2021-11-29 23:17:11.497 ERROR 6224 --- [    Test worker] tourGuide.service.TourGuideService       : java.lang.NullPointerException
2021-11-29 23:17:11.497 ERROR 6224 --- [    Test worker] tourGuide.service.TourGuideService       : java.lang.NullPointerException
2021-11-29 23:17:11.497 ERROR 6224 --- [    Test worker] tourGuide.service.TourGuideService       : java.lang.NullPointerException
2021-11-29 23:17:11.497 ERROR 6224 --- [    Test worker] tourGuide.service.TourGuideService       : java.lang.NullPointerException
2021-11-29 23:17:11.497 ERROR 6224 --- [    Test worker] tourGuide.service.TourGuideService       : java.lang.NullPointerException
2021-11-29 23:17:11.497 ERROR 6224 --- [    Test worker] tourGuide.service.TourGuideService       : java.lang.NullPointerException
2021-11-29 23:17:11.497 ERROR 6224 --- [    Test worker] tourGuide.service.TourGuideService       : java.lang.NullPointerException
2021-11-29 23:17:11.498 ERROR 6224 --- [    Test worker] tourGuide.service.TourGuideService       : java.lang.NullPointerException
2021-11-29 23:17:11.498 ERROR 6224 --- [    Test worker] tourGuide.service.TourGuideService       : java.lang.NullPointerException
2021-11-29 23:17:11.505 ERROR 6224 --- [    Test worker] tourGuide.service.TourGuideService       : java.lang.NullPointerException
2021-11-29 23:17:11.505 ERROR 6224 --- [    Test worker] tourGuide.service.TourGuideService       : java.lang.NullPointerException
2021-11-29 23:17:11.505 ERROR 6224 --- [    Test worker] tourGuide.service.TourGuideService       : java.lang.NullPointerException
2021-11-29 23:17:11.505 ERROR 6224 --- [    Test worker] tourGuide.service.TourGuideService       : java.lang.NullPointerException
2021-11-29 23:17:11.505 ERROR 6224 --- [    Test worker] tourGuide.service.TourGuideService       : java.lang.NullPointerException
2021-11-29 23:17:11.505 ERROR 6224 --- [    Test worker] tourGuide.service.TourGuideService       : java.lang.NullPointerException
2021-11-29 23:17:11.505 ERROR 6224 --- [    Test worker] tourGuide.service.TourGuideService       : java.lang.NullPointerException
2021-11-29 23:17:11.505 ERROR 6224 --- [    Test worker] tourGuide.service.TourGuideService       : java.lang.NullPointerException
2021-11-29 23:17:11.505 ERROR 6224 --- [    Test worker] tourGuide.service.TourGuideService       : java.lang.NullPointerException
2021-11-29 23:17:11.505 ERROR 6224 --- [    Test worker] tourGuide.service.TourGuideService       : java.lang.NullPointerException
2021-11-29 23:17:11.506 ERROR 6224 --- [    Test worker] tourGuide.service.TourGuideService       : java.lang.NullPointerException
2021-11-29 23:17:11.506 ERROR 6224 --- [    Test worker] tourGuide.service.TourGuideService       : java.lang.NullPointerException
2021-11-29 23:17:11.506 ERROR 6224 --- [    Test worker] tourGuide.service.TourGuideService       : java.lang.NullPointerException
2021-11-29 23:17:11.506 ERROR 6224 --- [    Test worker] tourGuide.service.TourGuideService       : java.lang.NullPointerException
2021-11-29 23:17:11.506 ERROR 6224 --- [    Test worker] tourGuide.service.TourGuideService       : java.lang.NullPointerException
2021-11-29 23:17:11.506 ERROR 6224 --- [    Test worker] tourGuide.service.TourGuideService       : java.lang.NullPointerException
2021-11-29 23:17:11.506 ERROR 6224 --- [    Test worker] tourGuide.service.TourGuideService       : java.lang.NullPointerException
2021-11-29 23:17:11.506 ERROR 6224 --- [    Test worker] tourGuide.service.TourGuideService       : java.lang.NullPointerException
2021-11-29 23:17:11.506 ERROR 6224 --- [    Test worker] tourGuide.service.TourGuideService       : java.lang.NullPointerException
2021-11-29 23:17:11.506 ERROR 6224 --- [    Test worker] tourGuide.service.TourGuideService       : java.lang.NullPointerException
2021-11-29 23:17:11.506 ERROR 6224 --- [    Test worker] tourGuide.service.TourGuideService       : java.lang.NullPointerException
2021-11-29 23:17:11.506 ERROR 6224 --- [    Test worker] tourGuide.service.TourGuideService       : java.lang.NullPointerException
2021-11-29 23:17:11.506 ERROR 6224 --- [    Test worker] tourGuide.service.TourGuideService       : java.lang.NullPointerException
2021-11-29 23:17:11.506 ERROR 6224 --- [    Test worker] tourGuide.service.TourGuideService       : java.lang.NullPointerException
2021-11-29 23:17:11.506 ERROR 6224 --- [    Test worker] tourGuide.service.TourGuideService       : java.lang.NullPointerException
2021-11-29 23:17:11.506 ERROR 6224 --- [    Test worker] tourGuide.service.TourGuideService       : java.lang.NullPointerException
2021-11-29 23:17:11.506 ERROR 6224 --- [    Test worker] tourGuide.service.TourGuideService       : java.lang.NullPointerException
2021-11-29 23:17:11.506 ERROR 6224 --- [    Test worker] tourGuide.service.TourGuideService       : java.lang.NullPointerException
2021-11-29 23:17:11.506 ERROR 6224 --- [    Test worker] tourGuide.service.TourGuideService       : java.lang.NullPointerException
2021-11-29 23:17:11.506 ERROR 6224 --- [    Test worker] tourGuide.service.TourGuideService       : java.lang.NullPointerException
2021-11-29 23:17:11.506 ERROR 6224 --- [    Test worker] tourGuide.service.TourGuideService       : java.lang.NullPointerException
2021-11-29 23:17:11.506 ERROR 6224 --- [    Test worker] tourGuide.service.TourGuideService       : java.lang.NullPointerException
2021-11-29 23:17:11.506 ERROR 6224 --- [    Test worker] tourGuide.service.TourGuideService       : java.lang.NullPointerException
2021-11-29 23:17:11.506 ERROR 6224 --- [    Test worker] tourGuide.service.TourGuideService       : java.lang.NullPointerException
2021-11-29 23:17:11.506 ERROR 6224 --- [    Test worker] tourGuide.service.TourGuideService       : java.lang.NullPointerException
2021-11-29 23:17:11.506 ERROR 6224 --- [    Test worker] tourGuide.service.TourGuideService       : java.lang.NullPointerException
2021-11-29 23:17:11.507 ERROR 6224 --- [    Test worker] tourGuide.service.TourGuideService       : java.lang.NullPointerException
2021-11-29 23:17:11.507 ERROR 6224 --- [    Test worker] tourGuide.service.TourGuideService       : java.lang.NullPointerException
2021-11-29 23:17:11.507 ERROR 6224 --- [    Test worker] tourGuide.service.TourGuideService       : java.lang.NullPointerException
2021-11-29 23:17:11.507 ERROR 6224 --- [    Test worker] tourGuide.service.TourGuideService       : java.lang.NullPointerException
2021-11-29 23:17:11.507 ERROR 6224 --- [    Test worker] tourGuide.service.TourGuideService       : java.lang.NullPointerException
2021-11-29 23:17:11.507 ERROR 6224 --- [    Test worker] tourGuide.service.TourGuideService       : java.lang.NullPointerException
2021-11-29 23:17:11.507 ERROR 6224 --- [    Test worker] tourGuide.service.TourGuideService       : java.lang.NullPointerException
2021-11-29 23:17:11.507 ERROR 6224 --- [    Test worker] tourGuide.service.TourGuideService       : java.lang.NullPointerException
2021-11-29 23:17:11.507 ERROR 6224 --- [    Test worker] tourGuide.service.TourGuideService       : java.lang.NullPointerException
2021-11-29 23:17:11.507 ERROR 6224 --- [    Test worker] tourGuide.service.TourGuideService       : java.lang.NullPointerException
2021-11-29 23:17:11.507 ERROR 6224 --- [    Test worker] tourGuide.service.TourGuideService       : java.lang.NullPointerException
2021-11-29 23:17:11.507 ERROR 6224 --- [    Test worker] tourGuide.service.TourGuideService       : java.lang.NullPointerException
2021-11-29 23:17:11.507 ERROR 6224 --- [    Test worker] tourGuide.service.TourGuideService       : java.lang.NullPointerException
2021-11-29 23:17:11.507 ERROR 6224 --- [    Test worker] tourGuide.service.TourGuideService       : java.lang.NullPointerException
2021-11-29 23:17:11.507 ERROR 6224 --- [    Test worker] tourGuide.service.TourGuideService       : java.lang.NullPointerException
2021-11-29 23:17:11.507 ERROR 6224 --- [    Test worker] tourGuide.service.TourGuideService       : java.lang.NullPointerException
2021-11-29 23:17:11.507 ERROR 6224 --- [    Test worker] tourGuide.service.TourGuideService       : java.lang.NullPointerException
2021-11-29 23:17:11.507 ERROR 6224 --- [    Test worker] tourGuide.service.TourGuideService       : java.lang.NullPointerException
2021-11-29 23:17:11.507 ERROR 6224 --- [    Test worker] tourGuide.service.TourGuideService       : java.lang.NullPointerException
2021-11-29 23:17:11.507 ERROR 6224 --- [    Test worker] tourGuide.service.TourGuideService       : java.lang.NullPointerException
2021-11-29 23:17:11.507 ERROR 6224 --- [    Test worker] tourGuide.service.TourGuideService       : java.lang.NullPointerException
2021-11-29 23:17:11.507 ERROR 6224 --- [    Test worker] tourGuide.service.TourGuideService       : java.lang.NullPointerException
2021-11-29 23:17:11.507 ERROR 6224 --- [    Test worker] tourGuide.service.TourGuideService       : java.lang.NullPointerException
2021-11-29 23:17:11.507 ERROR 6224 --- [    Test worker] tourGuide.service.TourGuideService       : java.lang.NullPointerException
2021-11-29 23:17:11.507 ERROR 6224 --- [    Test worker] tourGuide.service.TourGuideService       : java.lang.NullPointerException
2021-11-29 23:17:11.507 ERROR 6224 --- [    Test worker] tourGuide.service.TourGuideService       : java.lang.NullPointerException
2021-11-29 23:17:11.508 ERROR 6224 --- [    Test worker] tourGuide.service.TourGuideService       : java.lang.NullPointerException
2021-11-29 23:17:11.508 ERROR 6224 --- [    Test worker] tourGuide.service.TourGuideService       : java.lang.NullPointerException
2021-11-29 23:17:11.508 ERROR 6224 --- [    Test worker] tourGuide.service.TourGuideService       : java.lang.NullPointerException
2021-11-29 23:17:11.508 ERROR 6224 --- [    Test worker] tourGuide.service.TourGuideService       : java.lang.NullPointerException
2021-11-29 23:17:11.508 ERROR 6224 --- [    Test worker] tourGuide.service.TourGuideService       : java.lang.NullPointerException
2021-11-29 23:17:11.508 ERROR 6224 --- [    Test worker] tourGuide.service.TourGuideService       : java.lang.NullPointerException
2021-11-29 23:17:11.508 ERROR 6224 --- [    Test worker] tourGuide.service.TourGuideService       : java.lang.NullPointerException
2021-11-29 23:17:11.508 ERROR 6224 --- [    Test worker] tourGuide.service.TourGuideService       : java.lang.NullPointerException
2021-11-29 23:17:11.508 ERROR 6224 --- [    Test worker] tourGuide.service.TourGuideService       : java.lang.NullPointerException
2021-11-29 23:17:11.508 ERROR 6224 --- [    Test worker] tourGuide.service.TourGuideService       : java.lang.NullPointerException
2021-11-29 23:17:11.508 ERROR 6224 --- [    Test worker] tourGuide.service.TourGuideService       : java.lang.NullPointerException
2021-11-29 23:17:11.508 ERROR 6224 --- [    Test worker] tourGuide.service.TourGuideService       : java.lang.NullPointerException
2021-11-29 23:17:11.508 ERROR 6224 --- [    Test worker] tourGuide.service.TourGuideService       : java.lang.NullPointerException
2021-11-29 23:17:11.508 ERROR 6224 --- [    Test worker] tourGuide.service.TourGuideService       : java.lang.NullPointerException
2021-11-29 23:17:11.508 ERROR 6224 --- [    Test worker] tourGuide.service.TourGuideService       : java.lang.NullPointerException
2021-11-29 23:17:11.508 ERROR 6224 --- [    Test worker] tourGuide.service.TourGuideService       : java.lang.NullPointerException
2021-11-29 23:17:11.508 ERROR 6224 --- [    Test worker] tourGuide.service.TourGuideService       : java.lang.NullPointerException
2021-11-29 23:17:11.508 ERROR 6224 --- [    Test worker] tourGuide.service.TourGuideService       : java.lang.NullPointerException
2021-11-29 23:17:11.508 ERROR 6224 --- [    Test worker] tourGuide.service.TourGuideService       : java.lang.NullPointerException
2021-11-29 23:17:11.508 ERROR 6224 --- [    Test worker] tourGuide.service.TourGuideService       : java.lang.NullPointerException
2021-11-29 23:17:11.508 ERROR 6224 --- [    Test worker] tourGuide.service.TourGuideService       : java.lang.NullPointerException
2021-11-29 23:17:11.508 ERROR 6224 --- [    Test worker] tourGuide.service.TourGuideService       : java.lang.NullPointerException
2021-11-29 23:17:11.509 ERROR 6224 --- [    Test worker] tourGuide.service.TourGuideService       : java.lang.NullPointerException
2021-11-29 23:17:11.509 ERROR 6224 --- [    Test worker] tourGuide.service.TourGuideService       : java.lang.NullPointerException
2021-11-29 23:17:11.509 ERROR 6224 --- [    Test worker] tourGuide.service.TourGuideService       : java.lang.NullPointerException
2021-11-29 23:17:11.509 ERROR 6224 --- [    Test worker] tourGuide.service.TourGuideService       : java.lang.NullPointerException
2021-11-29 23:17:11.509 ERROR 6224 --- [    Test worker] tourGuide.service.TourGuideService       : java.lang.NullPointerException
2021-11-29 23:17:11.509 ERROR 6224 --- [    Test worker] tourGuide.service.TourGuideService       : java.lang.NullPointerException
2021-11-29 23:17:11.509 ERROR 6224 --- [    Test worker] tourGuide.service.TourGuideService       : java.lang.NullPointerException
2021-11-29 23:17:11.509 ERROR 6224 --- [    Test worker] tourGuide.service.TourGuideService       : java.lang.NullPointerException
2021-11-29 23:17:11.509 ERROR 6224 --- [    Test worker] tourGuide.service.TourGuideService       : java.lang.NullPointerException
2021-11-29 23:17:11.509 ERROR 6224 --- [    Test worker] tourGuide.service.TourGuideService       : java.lang.NullPointerException
2021-11-29 23:17:11.509 ERROR 6224 --- [    Test worker] tourGuide.service.TourGuideService       : java.lang.NullPointerException
2021-11-29 23:17:11.509 ERROR 6224 --- [    Test worker] tourGuide.service.TourGuideService       : java.lang.NullPointerException
2021-11-29 23:17:11.509 ERROR 6224 --- [    Test worker] tourGuide.service.TourGuideService       : java.lang.NullPointerException
2021-11-29 23:17:11.509 ERROR 6224 --- [    Test worker] tourGuide.service.TourGuideService       : java.lang.NullPointerException
2021-11-29 23:17:11.509 ERROR 6224 --- [    Test worker] tourGuide.service.TourGuideService       : java.lang.NullPointerException
2021-11-29 23:17:11.509 ERROR 6224 --- [    Test worker] tourGuide.service.TourGuideService       : java.lang.NullPointerException
2021-11-29 23:17:11.509 ERROR 6224 --- [    Test worker] tourGuide.service.TourGuideService       : java.lang.NullPointerException
2021-11-29 23:17:11.509 ERROR 6224 --- [    Test worker] tourGuide.service.TourGuideService       : java.lang.NullPointerException
2021-11-29 23:17:11.509 ERROR 6224 --- [    Test worker] tourGuide.service.TourGuideService       : java.lang.NullPointerException
2021-11-29 23:17:11.509 ERROR 6224 --- [    Test worker] tourGuide.service.TourGuideService       : java.lang.NullPointerException
2021-11-29 23:17:11.509 ERROR 6224 --- [    Test worker] tourGuide.service.TourGuideService       : java.lang.NullPointerException
2021-11-29 23:17:11.509 ERROR 6224 --- [    Test worker] tourGuide.service.TourGuideService       : java.lang.NullPointerException
2021-11-29 23:17:11.509 ERROR 6224 --- [    Test worker] tourGuide.service.TourGuideService       : java.lang.NullPointerException
2021-11-29 23:17:11.509 ERROR 6224 --- [    Test worker] tourGuide.service.TourGuideService       : java.lang.NullPointerException
2021-11-29 23:17:11.509 ERROR 6224 --- [    Test worker] tourGuide.service.TourGuideService       : java.lang.NullPointerException
2021-11-29 23:17:11.509 ERROR 6224 --- [    Test worker] tourGuide.service.TourGuideService       : java.lang.NullPointerException
2021-11-29 23:17:11.510 ERROR 6224 --- [    Test worker] tourGuide.service.TourGuideService       : java.lang.NullPointerException
2021-11-29 23:17:11.510 ERROR 6224 --- [    Test worker] tourGuide.service.TourGuideService       : java.lang.NullPointerException
2021-11-29 23:17:11.510 ERROR 6224 --- [    Test worker] tourGuide.service.TourGuideService       : java.lang.NullPointerException
2021-11-29 23:17:11.510 ERROR 6224 --- [    Test worker] tourGuide.service.TourGuideService       : java.lang.NullPointerException
2021-11-29 23:17:11.510 ERROR 6224 --- [    Test worker] tourGuide.service.TourGuideService       : java.lang.NullPointerException
2021-11-29 23:17:11.510 ERROR 6224 --- [    Test worker] tourGuide.service.TourGuideService       : java.lang.NullPointerException
2021-11-29 23:17:11.510 ERROR 6224 --- [    Test worker] tourGuide.service.TourGuideService       : java.lang.NullPointerException
2021-11-29 23:17:11.510 ERROR 6224 --- [    Test worker] tourGuide.service.TourGuideService       : java.lang.NullPointerException
2021-11-29 23:17:11.510 ERROR 6224 --- [    Test worker] tourGuide.service.TourGuideService       : java.lang.NullPointerException
2021-11-29 23:17:11.510 ERROR 6224 --- [    Test worker] tourGuide.service.TourGuideService       : java.lang.NullPointerException
2021-11-29 23:17:11.510 ERROR 6224 --- [    Test worker] tourGuide.service.TourGuideService       : java.lang.NullPointerException
2021-11-29 23:17:11.510 ERROR 6224 --- [    Test worker] tourGuide.service.TourGuideService       : java.lang.NullPointerException
2021-11-29 23:17:11.510 ERROR 6224 --- [    Test worker] tourGuide.service.TourGuideService       : java.lang.NullPointerException
2021-11-29 23:17:11.510 ERROR 6224 --- [    Test worker] tourGuide.service.TourGuideService       : java.lang.NullPointerException
2021-11-29 23:17:11.510 ERROR 6224 --- [    Test worker] tourGuide.service.TourGuideService       : java.lang.NullPointerException
2021-11-29 23:17:11.510 ERROR 6224 --- [    Test worker] tourGuide.service.TourGuideService       : java.lang.NullPointerException
2021-11-29 23:17:11.510 ERROR 6224 --- [    Test worker] tourGuide.service.TourGuideService       : java.lang.NullPointerException
2021-11-29 23:17:11.510 ERROR 6224 --- [    Test worker] tourGuide.service.TourGuideService       : java.lang.NullPointerException
2021-11-29 23:17:11.510 ERROR 6224 --- [    Test worker] tourGuide.service.TourGuideService       : java.lang.NullPointerException
2021-11-29 23:17:11.510 ERROR 6224 --- [    Test worker] tourGuide.service.TourGuideService       : java.lang.NullPointerException
2021-11-29 23:17:11.510 ERROR 6224 --- [    Test worker] tourGuide.service.TourGuideService       : java.lang.NullPointerException
2021-11-29 23:17:11.510 ERROR 6224 --- [    Test worker] tourGuide.service.TourGuideService       : java.lang.NullPointerException
2021-11-29 23:17:11.510 ERROR 6224 --- [    Test worker] tourGuide.service.TourGuideService       : java.lang.NullPointerException
2021-11-29 23:17:11.510 ERROR 6224 --- [    Test worker] tourGuide.service.TourGuideService       : java.lang.NullPointerException
2021-11-29 23:17:11.511 ERROR 6224 --- [    Test worker] tourGuide.service.TourGuideService       : java.lang.NullPointerException
2021-11-29 23:17:11.511 ERROR 6224 --- [    Test worker] tourGuide.service.TourGuideService       : java.lang.NullPointerException
2021-11-29 23:17:11.511 ERROR 6224 --- [    Test worker] tourGuide.service.TourGuideService       : java.lang.NullPointerException
2021-11-29 23:17:11.511 ERROR 6224 --- [    Test worker] tourGuide.service.TourGuideService       : java.lang.NullPointerException
2021-11-29 23:17:11.511 ERROR 6224 --- [    Test worker] tourGuide.service.TourGuideService       : java.lang.NullPointerException
2021-11-29 23:17:11.511 ERROR 6224 --- [    Test worker] tourGuide.service.TourGuideService       : java.lang.NullPointerException
2021-11-29 23:17:11.511 ERROR 6224 --- [    Test worker] tourGuide.service.TourGuideService       : java.lang.NullPointerException
2021-11-29 23:17:11.511 ERROR 6224 --- [    Test worker] tourGuide.service.TourGuideService       : java.lang.NullPointerException
2021-11-29 23:17:11.511 ERROR 6224 --- [    Test worker] tourGuide.service.TourGuideService       : java.lang.NullPointerException
2021-11-29 23:17:11.511 ERROR 6224 --- [    Test worker] tourGuide.service.TourGuideService       : java.lang.NullPointerException
2021-11-29 23:17:11.511 ERROR 6224 --- [    Test worker] tourGuide.service.TourGuideService       : java.lang.NullPointerException
2021-11-29 23:17:11.511 ERROR 6224 --- [    Test worker] tourGuide.service.TourGuideService       : java.lang.NullPointerException
2021-11-29 23:17:11.511 ERROR 6224 --- [    Test worker] tourGuide.service.TourGuideService       : java.lang.NullPointerException
2021-11-29 23:17:11.511 ERROR 6224 --- [    Test worker] tourGuide.service.TourGuideService       : java.lang.NullPointerException
2021-11-29 23:17:11.511 ERROR 6224 --- [    Test worker] tourGuide.service.TourGuideService       : java.lang.NullPointerException
2021-11-29 23:17:11.512 ERROR 6224 --- [    Test worker] tourGuide.service.TourGuideService       : java.lang.NullPointerException
2021-11-29 23:17:11.512 ERROR 6224 --- [    Test worker] tourGuide.service.TourGuideService       : java.lang.NullPointerException
2021-11-29 23:17:11.512 ERROR 6224 --- [    Test worker] tourGuide.service.TourGuideService       : java.lang.NullPointerException
2021-11-29 23:17:11.512 ERROR 6224 --- [    Test worker] tourGuide.service.TourGuideService       : java.lang.NullPointerException
2021-11-29 23:17:11.512 ERROR 6224 --- [    Test worker] tourGuide.service.TourGuideService       : java.lang.NullPointerException
2021-11-29 23:17:11.512 ERROR 6224 --- [    Test worker] tourGuide.service.TourGuideService       : java.lang.NullPointerException
2021-11-29 23:17:11.512 ERROR 6224 --- [    Test worker] tourGuide.service.TourGuideService       : java.lang.NullPointerException
2021-11-29 23:17:11.512 ERROR 6224 --- [    Test worker] tourGuide.service.TourGuideService       : java.lang.NullPointerException
2021-11-29 23:17:11.512 ERROR 6224 --- [    Test worker] tourGuide.service.TourGuideService       : java.lang.NullPointerException
2021-11-29 23:17:11.512 ERROR 6224 --- [    Test worker] tourGuide.service.TourGuideService       : java.lang.NullPointerException
2021-11-29 23:17:11.512 ERROR 6224 --- [    Test worker] tourGuide.service.TourGuideService       : java.lang.NullPointerException
2021-11-29 23:17:11.512 ERROR 6224 --- [    Test worker] tourGuide.service.TourGuideService       : java.lang.NullPointerException
2021-11-29 23:17:11.512 ERROR 6224 --- [    Test worker] tourGuide.service.TourGuideService       : java.lang.NullPointerException
2021-11-29 23:17:11.512 ERROR 6224 --- [    Test worker] tourGuide.service.TourGuideService       : java.lang.NullPointerException
2021-11-29 23:17:11.512 ERROR 6224 --- [    Test worker] tourGuide.service.TourGuideService       : java.lang.NullPointerException
2021-11-29 23:17:11.512 ERROR 6224 --- [    Test worker] tourGuide.service.TourGuideService       : java.lang.NullPointerException
2021-11-29 23:17:11.512 ERROR 6224 --- [    Test worker] tourGuide.service.TourGuideService       : java.lang.NullPointerException
2021-11-29 23:17:11.512 ERROR 6224 --- [    Test worker] tourGuide.service.TourGuideService       : java.lang.NullPointerException
2021-11-29 23:17:11.513 ERROR 6224 --- [    Test worker] tourGuide.service.TourGuideService       : java.lang.NullPointerException
2021-11-29 23:17:11.513 ERROR 6224 --- [    Test worker] tourGuide.service.TourGuideService       : java.lang.NullPointerException
2021-11-29 23:17:11.518 ERROR 6224 --- [    Test worker] tourGuide.service.TourGuideService       : java.lang.NullPointerException
2021-11-29 23:17:11.519 ERROR 6224 --- [    Test worker] tourGuide.service.TourGuideService       : java.lang.NullPointerException
2021-11-29 23:17:11.519 ERROR 6224 --- [    Test worker] tourGuide.service.TourGuideService       : java.lang.NullPointerException
2021-11-29 23:17:11.519 ERROR 6224 --- [    Test worker] tourGuide.service.TourGuideService       : java.lang.NullPointerException
2021-11-29 23:17:11.519 ERROR 6224 --- [    Test worker] tourGuide.service.TourGuideService       : java.lang.NullPointerException
2021-11-29 23:17:11.519 ERROR 6224 --- [    Test worker] tourGuide.service.TourGuideService       : java.lang.NullPointerException
2021-11-29 23:17:11.519 ERROR 6224 --- [    Test worker] tourGuide.service.TourGuideService       : java.lang.NullPointerException
2021-11-29 23:17:11.519 ERROR 6224 --- [    Test worker] tourGuide.service.TourGuideService       : java.lang.NullPointerException
2021-11-29 23:17:11.519 ERROR 6224 --- [    Test worker] tourGuide.service.TourGuideService       : java.lang.NullPointerException
2021-11-29 23:17:11.519 ERROR 6224 --- [    Test worker] tourGuide.service.TourGuideService       : java.lang.NullPointerException
2021-11-29 23:17:11.520 ERROR 6224 --- [    Test worker] tourGuide.service.TourGuideService       : java.lang.NullPointerException
2021-11-29 23:17:11.520 ERROR 6224 --- [    Test worker] tourGuide.service.TourGuideService       : java.lang.NullPointerException
2021-11-29 23:17:11.520 ERROR 6224 --- [    Test worker] tourGuide.service.TourGuideService       : java.lang.NullPointerException
2021-11-29 23:17:11.520 ERROR 6224 --- [    Test worker] tourGuide.service.TourGuideService       : java.lang.NullPointerException
2021-11-29 23:17:11.520 ERROR 6224 --- [    Test worker] tourGuide.service.TourGuideService       : java.lang.NullPointerException
2021-11-29 23:17:11.520 ERROR 6224 --- [    Test worker] tourGuide.service.TourGuideService       : java.lang.NullPointerException
2021-11-29 23:17:11.520 ERROR 6224 --- [    Test worker] tourGuide.service.TourGuideService       : java.lang.NullPointerException
2021-11-29 23:17:11.520 ERROR 6224 --- [    Test worker] tourGuide.service.TourGuideService       : java.lang.NullPointerException
2021-11-29 23:17:11.520 ERROR 6224 --- [    Test worker] tourGuide.service.TourGuideService       : java.lang.NullPointerException
2021-11-29 23:17:11.520 ERROR 6224 --- [    Test worker] tourGuide.service.TourGuideService       : java.lang.NullPointerException
2021-11-29 23:17:11.520 ERROR 6224 --- [    Test worker] tourGuide.service.TourGuideService       : java.lang.NullPointerException
2021-11-29 23:17:11.520 ERROR 6224 --- [    Test worker] tourGuide.service.TourGuideService       : java.lang.NullPointerException
2021-11-29 23:17:11.520 ERROR 6224 --- [    Test worker] tourGuide.service.TourGuideService       : java.lang.NullPointerException
2021-11-29 23:17:11.520 ERROR 6224 --- [    Test worker] tourGuide.service.TourGuideService       : java.lang.NullPointerException
2021-11-29 23:17:11.520 ERROR 6224 --- [    Test worker] tourGuide.service.TourGuideService       : java.lang.NullPointerException
2021-11-29 23:17:11.520 ERROR 6224 --- [    Test worker] tourGuide.service.TourGuideService       : java.lang.NullPointerException
2021-11-29 23:17:11.520 ERROR 6224 --- [    Test worker] tourGuide.service.TourGuideService       : java.lang.NullPointerException
2021-11-29 23:17:11.520 ERROR 6224 --- [    Test worker] tourGuide.service.TourGuideService       : java.lang.NullPointerException
2021-11-29 23:17:11.520 ERROR 6224 --- [    Test worker] tourGuide.service.TourGuideService       : java.lang.NullPointerException
2021-11-29 23:17:11.520 ERROR 6224 --- [    Test worker] tourGuide.service.TourGuideService       : java.lang.NullPointerException
2021-11-29 23:17:11.520 ERROR 6224 --- [    Test worker] tourGuide.service.TourGuideService       : java.lang.NullPointerException
2021-11-29 23:17:11.520 ERROR 6224 --- [    Test worker] tourGuide.service.TourGuideService       : java.lang.NullPointerException
2021-11-29 23:17:11.520 ERROR 6224 --- [    Test worker] tourGuide.service.TourGuideService       : java.lang.NullPointerException
2021-11-29 23:17:11.520 ERROR 6224 --- [    Test worker] tourGuide.service.TourGuideService       : java.lang.NullPointerException
2021-11-29 23:17:11.521 ERROR 6224 --- [    Test worker] tourGuide.service.TourGuideService       : java.lang.NullPointerException
2021-11-29 23:17:11.521 ERROR 6224 --- [    Test worker] tourGuide.service.TourGuideService       : java.lang.NullPointerException
2021-11-29 23:17:11.521 ERROR 6224 --- [    Test worker] tourGuide.service.TourGuideService       : java.lang.NullPointerException
2021-11-29 23:17:11.521 ERROR 6224 --- [    Test worker] tourGuide.service.TourGuideService       : java.lang.NullPointerException
2021-11-29 23:17:11.521 ERROR 6224 --- [    Test worker] tourGuide.service.TourGuideService       : java.lang.NullPointerException
2021-11-29 23:17:11.521 ERROR 6224 --- [    Test worker] tourGuide.service.TourGuideService       : java.lang.NullPointerException
2021-11-29 23:17:11.521 ERROR 6224 --- [    Test worker] tourGuide.service.TourGuideService       : java.lang.NullPointerException
2021-11-29 23:17:11.521 ERROR 6224 --- [    Test worker] tourGuide.service.TourGuideService       : java.lang.NullPointerException
2021-11-29 23:17:11.523 ERROR 6224 --- [    Test worker] tourGuide.service.TourGuideService       : java.lang.NullPointerException
2021-11-29 23:17:11.524 ERROR 6224 --- [    Test worker] tourGuide.service.TourGuideService       : java.lang.NullPointerException
2021-11-29 23:17:11.524 ERROR 6224 --- [    Test worker] tourGuide.service.TourGuideService       : java.lang.NullPointerException
2021-11-29 23:17:11.524 ERROR 6224 --- [    Test worker] tourGuide.service.TourGuideService       : java.lang.NullPointerException
2021-11-29 23:17:11.524 ERROR 6224 --- [    Test worker] tourGuide.service.TourGuideService       : java.lang.NullPointerException
2021-11-29 23:17:11.524 ERROR 6224 --- [    Test worker] tourGuide.service.TourGuideService       : java.lang.NullPointerException
2021-11-29 23:17:11.524 ERROR 6224 --- [    Test worker] tourGuide.service.TourGuideService       : java.lang.NullPointerException
2021-11-29 23:17:11.524 ERROR 6224 --- [    Test worker] tourGuide.service.TourGuideService       : java.lang.NullPointerException
2021-11-29 23:17:11.524 ERROR 6224 --- [    Test worker] tourGuide.service.TourGuideService       : java.lang.NullPointerException
2021-11-29 23:17:11.524 ERROR 6224 --- [    Test worker] tourGuide.service.TourGuideService       : java.lang.NullPointerException
2021-11-29 23:17:11.524 ERROR 6224 --- [    Test worker] tourGuide.service.TourGuideService       : java.lang.NullPointerException
2021-11-29 23:17:11.524 ERROR 6224 --- [    Test worker] tourGuide.service.TourGuideService       : java.lang.NullPointerException
2021-11-29 23:17:11.524 ERROR 6224 --- [    Test worker] tourGuide.service.TourGuideService       : java.lang.NullPointerException
2021-11-29 23:17:11.524 ERROR 6224 --- [    Test worker] tourGuide.service.TourGuideService       : java.lang.NullPointerException
2021-11-29 23:17:11.524 ERROR 6224 --- [    Test worker] tourGuide.service.TourGuideService       : java.lang.NullPointerException
2021-11-29 23:17:11.524 ERROR 6224 --- [    Test worker] tourGuide.service.TourGuideService       : java.lang.NullPointerException
2021-11-29 23:17:11.524 ERROR 6224 --- [    Test worker] tourGuide.service.TourGuideService       : java.lang.NullPointerException
2021-11-29 23:17:11.524 ERROR 6224 --- [    Test worker] tourGuide.service.TourGuideService       : java.lang.NullPointerException
2021-11-29 23:17:11.524 ERROR 6224 --- [    Test worker] tourGuide.service.TourGuideService       : java.lang.NullPointerException
2021-11-29 23:17:11.524 ERROR 6224 --- [    Test worker] tourGuide.service.TourGuideService       : java.lang.NullPointerException
2021-11-29 23:17:11.524 ERROR 6224 --- [    Test worker] tourGuide.service.TourGuideService       : java.lang.NullPointerException
2021-11-29 23:17:11.524 ERROR 6224 --- [    Test worker] tourGuide.service.TourGuideService       : java.lang.NullPointerException
2021-11-29 23:17:11.524 ERROR 6224 --- [    Test worker] tourGuide.service.TourGuideService       : java.lang.NullPointerException
2021-11-29 23:17:11.524 ERROR 6224 --- [    Test worker] tourGuide.service.TourGuideService       : java.lang.NullPointerException
2021-11-29 23:17:11.524 ERROR 6224 --- [    Test worker] tourGuide.service.TourGuideService       : java.lang.NullPointerException
2021-11-29 23:17:11.525 ERROR 6224 --- [    Test worker] tourGuide.service.TourGuideService       : java.lang.NullPointerException
2021-11-29 23:17:11.525 ERROR 6224 --- [    Test worker] tourGuide.service.TourGuideService       : java.lang.NullPointerException
2021-11-29 23:17:11.525 ERROR 6224 --- [    Test worker] tourGuide.service.TourGuideService       : java.lang.NullPointerException
2021-11-29 23:17:11.525 ERROR 6224 --- [    Test worker] tourGuide.service.TourGuideService       : java.lang.NullPointerException
2021-11-29 23:17:11.525 ERROR 6224 --- [    Test worker] tourGuide.service.TourGuideService       : java.lang.NullPointerException
2021-11-29 23:17:11.525 ERROR 6224 --- [    Test worker] tourGuide.service.TourGuideService       : java.lang.NullPointerException
2021-11-29 23:17:11.525 ERROR 6224 --- [    Test worker] tourGuide.service.TourGuideService       : java.lang.NullPointerException
2021-11-29 23:17:11.525 ERROR 6224 --- [    Test worker] tourGuide.service.TourGuideService       : java.lang.NullPointerException
2021-11-29 23:17:11.525 ERROR 6224 --- [    Test worker] tourGuide.service.TourGuideService       : java.lang.NullPointerException
2021-11-29 23:17:11.525 ERROR 6224 --- [    Test worker] tourGuide.service.TourGuideService       : java.lang.NullPointerException
2021-11-29 23:17:11.525 ERROR 6224 --- [    Test worker] tourGuide.service.TourGuideService       : java.lang.NullPointerException
2021-11-29 23:17:11.525 ERROR 6224 --- [    Test worker] tourGuide.service.TourGuideService       : java.lang.NullPointerException
2021-11-29 23:17:11.525 ERROR 6224 --- [    Test worker] tourGuide.service.TourGuideService       : java.lang.NullPointerException
2021-11-29 23:17:11.525 ERROR 6224 --- [    Test worker] tourGuide.service.TourGuideService       : java.lang.NullPointerException
2021-11-29 23:17:11.525 ERROR 6224 --- [    Test worker] tourGuide.service.TourGuideService       : java.lang.NullPointerException
2021-11-29 23:17:11.525 ERROR 6224 --- [    Test worker] tourGuide.service.TourGuideService       : java.lang.NullPointerException
2021-11-29 23:17:11.525 ERROR 6224 --- [    Test worker] tourGuide.service.TourGuideService       : java.lang.NullPointerException
2021-11-29 23:17:11.525 ERROR 6224 --- [    Test worker] tourGuide.service.TourGuideService       : java.lang.NullPointerException
2021-11-29 23:17:11.525 ERROR 6224 --- [    Test worker] tourGuide.service.TourGuideService       : java.lang.NullPointerException
2021-11-29 23:17:11.526 ERROR 6224 --- [    Test worker] tourGuide.service.TourGuideService       : java.lang.NullPointerException
2021-11-29 23:17:11.526 ERROR 6224 --- [    Test worker] tourGuide.service.TourGuideService       : java.lang.NullPointerException
2021-11-29 23:17:11.526 ERROR 6224 --- [    Test worker] tourGuide.service.TourGuideService       : java.lang.NullPointerException
2021-11-29 23:17:11.526 ERROR 6224 --- [    Test worker] tourGuide.service.TourGuideService       : java.lang.NullPointerException
2021-11-29 23:17:11.526 ERROR 6224 --- [    Test worker] tourGuide.service.TourGuideService       : java.lang.NullPointerException
2021-11-29 23:17:11.526 ERROR 6224 --- [    Test worker] tourGuide.service.TourGuideService       : java.lang.NullPointerException
2021-11-29 23:17:11.526 ERROR 6224 --- [    Test worker] tourGuide.service.TourGuideService       : java.lang.NullPointerException
2021-11-29 23:17:11.526 ERROR 6224 --- [    Test worker] tourGuide.service.TourGuideService       : java.lang.NullPointerException
2021-11-29 23:17:11.526 ERROR 6224 --- [    Test worker] tourGuide.service.TourGuideService       : java.lang.NullPointerException
2021-11-29 23:17:11.526 ERROR 6224 --- [    Test worker] tourGuide.service.TourGuideService       : java.lang.NullPointerException
2021-11-29 23:17:11.526 ERROR 6224 --- [    Test worker] tourGuide.service.TourGuideService       : java.lang.NullPointerException
2021-11-29 23:17:11.526 ERROR 6224 --- [    Test worker] tourGuide.service.TourGuideService       : java.lang.NullPointerException
2021-11-29 23:17:11.526 ERROR 6224 --- [    Test worker] tourGuide.service.TourGuideService       : java.lang.NullPointerException
2021-11-29 23:17:11.526 ERROR 6224 --- [    Test worker] tourGuide.service.TourGuideService       : java.lang.NullPointerException
2021-11-29 23:17:11.526 ERROR 6224 --- [    Test worker] tourGuide.service.TourGuideService       : java.lang.NullPointerException
2021-11-29 23:17:11.526 ERROR 6224 --- [    Test worker] tourGuide.service.TourGuideService       : java.lang.NullPointerException
2021-11-29 23:17:11.526 ERROR 6224 --- [    Test worker] tourGuide.service.TourGuideService       : java.lang.NullPointerException
2021-11-29 23:17:11.526 ERROR 6224 --- [    Test worker] tourGuide.service.TourGuideService       : java.lang.NullPointerException
2021-11-29 23:17:11.526 ERROR 6224 --- [    Test worker] tourGuide.service.TourGuideService       : java.lang.NullPointerException
2021-11-29 23:17:11.526 ERROR 6224 --- [    Test worker] tourGuide.service.TourGuideService       : java.lang.NullPointerException
2021-11-29 23:17:11.526 ERROR 6224 --- [    Test worker] tourGuide.service.TourGuideService       : java.lang.NullPointerException
2021-11-29 23:17:11.526 ERROR 6224 --- [    Test worker] tourGuide.service.TourGuideService       : java.lang.NullPointerException
2021-11-29 23:17:11.526 ERROR 6224 --- [    Test worker] tourGuide.service.TourGuideService       : java.lang.NullPointerException
2021-11-29 23:17:11.526 ERROR 6224 --- [    Test worker] tourGuide.service.TourGuideService       : java.lang.NullPointerException
2021-11-29 23:17:11.527 ERROR 6224 --- [    Test worker] tourGuide.service.TourGuideService       : java.lang.NullPointerException
2021-11-29 23:17:11.527 ERROR 6224 --- [    Test worker] tourGuide.service.TourGuideService       : java.lang.NullPointerException
2021-11-29 23:17:11.527 ERROR 6224 --- [    Test worker] tourGuide.service.TourGuideService       : java.lang.NullPointerException
2021-11-29 23:17:11.527 ERROR 6224 --- [    Test worker] tourGuide.service.TourGuideService       : java.lang.NullPointerException
2021-11-29 23:17:11.527 ERROR 6224 --- [    Test worker] tourGuide.service.TourGuideService       : java.lang.NullPointerException
2021-11-29 23:17:11.527 ERROR 6224 --- [    Test worker] tourGuide.service.TourGuideService       : java.lang.NullPointerException
2021-11-29 23:17:11.527 ERROR 6224 --- [    Test worker] tourGuide.service.TourGuideService       : java.lang.NullPointerException
2021-11-29 23:17:11.527 ERROR 6224 --- [    Test worker] tourGuide.service.TourGuideService       : java.lang.NullPointerException
2021-11-29 23:17:11.527 ERROR 6224 --- [    Test worker] tourGuide.service.TourGuideService       : java.lang.NullPointerException
2021-11-29 23:17:11.527 ERROR 6224 --- [    Test worker] tourGuide.service.TourGuideService       : java.lang.NullPointerException
2021-11-29 23:17:11.527 ERROR 6224 --- [    Test worker] tourGuide.service.TourGuideService       : java.lang.NullPointerException
2021-11-29 23:17:11.527 ERROR 6224 --- [    Test worker] tourGuide.service.TourGuideService       : java.lang.NullPointerException
2021-11-29 23:17:11.527 ERROR 6224 --- [    Test worker] tourGuide.service.TourGuideService       : java.lang.NullPointerException
2021-11-29 23:17:11.527 ERROR 6224 --- [    Test worker] tourGuide.service.TourGuideService       : java.lang.NullPointerException
2021-11-29 23:17:11.527 ERROR 6224 --- [    Test worker] tourGuide.service.TourGuideService       : java.lang.NullPointerException
2021-11-29 23:17:11.527 ERROR 6224 --- [    Test worker] tourGuide.service.TourGuideService       : java.lang.NullPointerException
2021-11-29 23:17:11.527 ERROR 6224 --- [    Test worker] tourGuide.service.TourGuideService       : java.lang.NullPointerException
2021-11-29 23:17:11.527 ERROR 6224 --- [    Test worker] tourGuide.service.TourGuideService       : java.lang.NullPointerException
2021-11-29 23:17:11.527 ERROR 6224 --- [    Test worker] tourGuide.service.TourGuideService       : java.lang.NullPointerException
2021-11-29 23:17:11.527 ERROR 6224 --- [    Test worker] tourGuide.service.TourGuideService       : java.lang.NullPointerException
2021-11-29 23:17:11.527 ERROR 6224 --- [    Test worker] tourGuide.service.TourGuideService       : java.lang.NullPointerException
2021-11-29 23:17:11.527 ERROR 6224 --- [    Test worker] tourGuide.service.TourGuideService       : java.lang.NullPointerException
2021-11-29 23:17:11.527 ERROR 6224 --- [    Test worker] tourGuide.service.TourGuideService       : java.lang.NullPointerException
2021-11-29 23:17:11.527 ERROR 6224 --- [    Test worker] tourGuide.service.TourGuideService       : java.lang.NullPointerException
2021-11-29 23:17:11.527 ERROR 6224 --- [    Test worker] tourGuide.service.TourGuideService       : java.lang.NullPointerException
2021-11-29 23:17:11.528 ERROR 6224 --- [    Test worker] tourGuide.service.TourGuideService       : java.lang.NullPointerException
2021-11-29 23:17:11.528 ERROR 6224 --- [    Test worker] tourGuide.service.TourGuideService       : java.lang.NullPointerException
2021-11-29 23:17:11.528 ERROR 6224 --- [    Test worker] tourGuide.service.TourGuideService       : java.lang.NullPointerException
2021-11-29 23:17:11.528 ERROR 6224 --- [    Test worker] tourGuide.service.TourGuideService       : java.lang.NullPointerException
2021-11-29 23:17:11.528 ERROR 6224 --- [    Test worker] tourGuide.service.TourGuideService       : java.lang.NullPointerException
2021-11-29 23:17:11.528 ERROR 6224 --- [    Test worker] tourGuide.service.TourGuideService       : java.lang.NullPointerException
2021-11-29 23:17:11.528 ERROR 6224 --- [    Test worker] tourGuide.service.TourGuideService       : java.lang.NullPointerException
2021-11-29 23:17:11.528 ERROR 6224 --- [    Test worker] tourGuide.service.TourGuideService       : java.lang.NullPointerException
2021-11-29 23:17:11.528 ERROR 6224 --- [    Test worker] tourGuide.service.TourGuideService       : java.lang.NullPointerException
2021-11-29 23:17:11.528 ERROR 6224 --- [    Test worker] tourGuide.service.TourGuideService       : java.lang.NullPointerException
2021-11-29 23:17:11.528 ERROR 6224 --- [    Test worker] tourGuide.service.TourGuideService       : java.lang.NullPointerException
2021-11-29 23:17:11.528 ERROR 6224 --- [    Test worker] tourGuide.service.TourGuideService       : java.lang.NullPointerException
2021-11-29 23:17:11.528 ERROR 6224 --- [    Test worker] tourGuide.service.TourGuideService       : java.lang.NullPointerException
2021-11-29 23:17:11.528 ERROR 6224 --- [    Test worker] tourGuide.service.TourGuideService       : java.lang.NullPointerException
2021-11-29 23:17:11.528 ERROR 6224 --- [    Test worker] tourGuide.service.TourGuideService       : java.lang.NullPointerException
2021-11-29 23:17:11.528 ERROR 6224 --- [    Test worker] tourGuide.service.TourGuideService       : java.lang.NullPointerException
2021-11-29 23:17:11.528 ERROR 6224 --- [    Test worker] tourGuide.service.TourGuideService       : java.lang.NullPointerException
2021-11-29 23:17:11.528 ERROR 6224 --- [    Test worker] tourGuide.service.TourGuideService       : java.lang.NullPointerException
2021-11-29 23:17:11.528 ERROR 6224 --- [    Test worker] tourGuide.service.TourGuideService       : java.lang.NullPointerException
2021-11-29 23:17:11.528 ERROR 6224 --- [    Test worker] tourGuide.service.TourGuideService       : java.lang.NullPointerException
2021-11-29 23:17:11.528 ERROR 6224 --- [    Test worker] tourGuide.service.TourGuideService       : java.lang.NullPointerException
2021-11-29 23:17:11.528 ERROR 6224 --- [    Test worker] tourGuide.service.TourGuideService       : java.lang.NullPointerException
2021-11-29 23:17:11.528 ERROR 6224 --- [    Test worker] tourGuide.service.TourGuideService       : java.lang.NullPointerException
2021-11-29 23:17:11.528 ERROR 6224 --- [    Test worker] tourGuide.service.TourGuideService       : java.lang.NullPointerException
2021-11-29 23:17:11.529 ERROR 6224 --- [    Test worker] tourGuide.service.TourGuideService       : java.lang.NullPointerException
2021-11-29 23:17:11.529 ERROR 6224 --- [    Test worker] tourGuide.service.TourGuideService       : java.lang.NullPointerException
2021-11-29 23:17:11.529 ERROR 6224 --- [    Test worker] tourGuide.service.TourGuideService       : java.lang.NullPointerException
2021-11-29 23:17:11.529 ERROR 6224 --- [    Test worker] tourGuide.service.TourGuideService       : java.lang.NullPointerException
2021-11-29 23:17:11.529 ERROR 6224 --- [    Test worker] tourGuide.service.TourGuideService       : java.lang.NullPointerException
2021-11-29 23:17:11.529 ERROR 6224 --- [    Test worker] tourGuide.service.TourGuideService       : java.lang.NullPointerException
2021-11-29 23:17:11.529 ERROR 6224 --- [    Test worker] tourGuide.service.TourGuideService       : java.lang.NullPointerException
2021-11-29 23:17:11.529 ERROR 6224 --- [    Test worker] tourGuide.service.TourGuideService       : java.lang.NullPointerException
2021-11-29 23:17:11.529 ERROR 6224 --- [    Test worker] tourGuide.service.TourGuideService       : java.lang.NullPointerException
2021-11-29 23:17:11.529 ERROR 6224 --- [    Test worker] tourGuide.service.TourGuideService       : java.lang.NullPointerException
2021-11-29 23:17:11.529 ERROR 6224 --- [    Test worker] tourGuide.service.TourGuideService       : java.lang.NullPointerException
2021-11-29 23:17:11.529 ERROR 6224 --- [    Test worker] tourGuide.service.TourGuideService       : java.lang.NullPointerException
2021-11-29 23:17:11.529 ERROR 6224 --- [    Test worker] tourGuide.service.TourGuideService       : java.lang.NullPointerException
2021-11-29 23:17:11.529 ERROR 6224 --- [    Test worker] tourGuide.service.TourGuideService       : java.lang.NullPointerException
2021-11-29 23:17:11.529 ERROR 6224 --- [    Test worker] tourGuide.service.TourGuideService       : java.lang.NullPointerException
2021-11-29 23:17:11.529 ERROR 6224 --- [    Test worker] tourGuide.service.TourGuideService       : java.lang.NullPointerException
2021-11-29 23:17:11.529 ERROR 6224 --- [    Test worker] tourGuide.service.TourGuideService       : java.lang.NullPointerException
2021-11-29 23:17:11.529 ERROR 6224 --- [    Test worker] tourGuide.service.TourGuideService       : java.lang.NullPointerException
2021-11-29 23:17:11.529 ERROR 6224 --- [    Test worker] tourGuide.service.TourGuideService       : java.lang.NullPointerException
2021-11-29 23:17:11.529 ERROR 6224 --- [    Test worker] tourGuide.service.TourGuideService       : java.lang.NullPointerException
2021-11-29 23:17:11.529 ERROR 6224 --- [    Test worker] tourGuide.service.TourGuideService       : java.lang.NullPointerException
2021-11-29 23:17:11.529 ERROR 6224 --- [    Test worker] tourGuide.service.TourGuideService       : java.lang.NullPointerException
2021-11-29 23:17:11.529 ERROR 6224 --- [    Test worker] tourGuide.service.TourGuideService       : java.lang.NullPointerException
2021-11-29 23:17:11.529 ERROR 6224 --- [    Test worker] tourGuide.service.TourGuideService       : java.lang.NullPointerException
2021-11-29 23:17:11.530 ERROR 6224 --- [    Test worker] tourGuide.service.TourGuideService       : java.lang.NullPointerException
2021-11-29 23:17:11.530 ERROR 6224 --- [    Test worker] tourGuide.service.TourGuideService       : java.lang.NullPointerException
2021-11-29 23:17:11.530 ERROR 6224 --- [    Test worker] tourGuide.service.TourGuideService       : java.lang.NullPointerException
2021-11-29 23:17:11.530 ERROR 6224 --- [    Test worker] tourGuide.service.TourGuideService       : java.lang.NullPointerException
2021-11-29 23:17:11.530 ERROR 6224 --- [    Test worker] tourGuide.service.TourGuideService       : java.lang.NullPointerException
2021-11-29 23:17:11.530 ERROR 6224 --- [    Test worker] tourGuide.service.TourGuideService       : java.lang.NullPointerException
2021-11-29 23:17:11.530 ERROR 6224 --- [    Test worker] tourGuide.service.TourGuideService       : java.lang.NullPointerException
2021-11-29 23:17:11.530 ERROR 6224 --- [    Test worker] tourGuide.service.TourGuideService       : java.lang.NullPointerException
2021-11-29 23:17:11.530 ERROR 6224 --- [    Test worker] tourGuide.service.TourGuideService       : java.lang.NullPointerException
2021-11-29 23:17:11.530 ERROR 6224 --- [    Test worker] tourGuide.service.TourGuideService       : java.lang.NullPointerException
2021-11-29 23:17:11.530 ERROR 6224 --- [    Test worker] tourGuide.service.TourGuideService       : java.lang.NullPointerException
2021-11-29 23:17:11.530 ERROR 6224 --- [    Test worker] tourGuide.service.TourGuideService       : java.lang.NullPointerException
2021-11-29 23:17:11.530 ERROR 6224 --- [    Test worker] tourGuide.service.TourGuideService       : java.lang.NullPointerException
2021-11-29 23:17:11.530 ERROR 6224 --- [    Test worker] tourGuide.service.TourGuideService       : java.lang.NullPointerException
2021-11-29 23:17:11.530 ERROR 6224 --- [    Test worker] tourGuide.service.TourGuideService       : java.lang.NullPointerException
2021-11-29 23:17:11.530 ERROR 6224 --- [    Test worker] tourGuide.service.TourGuideService       : java.lang.NullPointerException
2021-11-29 23:17:11.530 ERROR 6224 --- [    Test worker] tourGuide.service.TourGuideService       : java.lang.NullPointerException
2021-11-29 23:17:11.530 ERROR 6224 --- [    Test worker] tourGuide.service.TourGuideService       : java.lang.NullPointerException
2021-11-29 23:17:11.530 ERROR 6224 --- [    Test worker] tourGuide.service.TourGuideService       : java.lang.NullPointerException
2021-11-29 23:17:11.530 ERROR 6224 --- [    Test worker] tourGuide.service.TourGuideService       : java.lang.NullPointerException
2021-11-29 23:17:11.531 ERROR 6224 --- [    Test worker] tourGuide.service.TourGuideService       : java.lang.NullPointerException
2021-11-29 23:17:11.531 ERROR 6224 --- [    Test worker] tourGuide.service.TourGuideService       : java.lang.NullPointerException
2021-11-29 23:17:11.531 ERROR 6224 --- [    Test worker] tourGuide.service.TourGuideService       : java.lang.NullPointerException
2021-11-29 23:17:11.531 ERROR 6224 --- [    Test worker] tourGuide.service.TourGuideService       : java.lang.NullPointerException
2021-11-29 23:17:11.531 ERROR 6224 --- [    Test worker] tourGuide.service.TourGuideService       : java.lang.NullPointerException
2021-11-29 23:17:11.531 ERROR 6224 --- [    Test worker] tourGuide.service.TourGuideService       : java.lang.NullPointerException
2021-11-29 23:17:11.531 ERROR 6224 --- [    Test worker] tourGuide.service.TourGuideService       : java.lang.NullPointerException
2021-11-29 23:17:11.531 ERROR 6224 --- [    Test worker] tourGuide.service.TourGuideService       : java.lang.NullPointerException
2021-11-29 23:17:11.531 ERROR 6224 --- [    Test worker] tourGuide.service.TourGuideService       : java.lang.NullPointerException
2021-11-29 23:17:11.531 ERROR 6224 --- [    Test worker] tourGuide.service.TourGuideService       : java.lang.NullPointerException
2021-11-29 23:17:11.531 ERROR 6224 --- [    Test worker] tourGuide.service.TourGuideService       : java.lang.NullPointerException
2021-11-29 23:17:11.531 ERROR 6224 --- [    Test worker] tourGuide.service.TourGuideService       : java.lang.NullPointerException
2021-11-29 23:17:11.531 ERROR 6224 --- [    Test worker] tourGuide.service.TourGuideService       : java.lang.NullPointerException
2021-11-29 23:17:11.532 ERROR 6224 --- [    Test worker] tourGuide.service.TourGuideService       : java.lang.NullPointerException
2021-11-29 23:17:11.532 ERROR 6224 --- [    Test worker] tourGuide.service.TourGuideService       : java.lang.NullPointerException
2021-11-29 23:17:11.532 ERROR 6224 --- [    Test worker] tourGuide.service.TourGuideService       : java.lang.NullPointerException
2021-11-29 23:17:11.532 ERROR 6224 --- [    Test worker] tourGuide.service.TourGuideService       : java.lang.NullPointerException
2021-11-29 23:17:11.532 ERROR 6224 --- [    Test worker] tourGuide.service.TourGuideService       : java.lang.NullPointerException
2021-11-29 23:17:11.532 ERROR 6224 --- [    Test worker] tourGuide.service.TourGuideService       : java.lang.NullPointerException
2021-11-29 23:17:11.532 ERROR 6224 --- [    Test worker] tourGuide.service.TourGuideService       : java.lang.NullPointerException
2021-11-29 23:17:11.532 ERROR 6224 --- [    Test worker] tourGuide.service.TourGuideService       : java.lang.NullPointerException
2021-11-29 23:17:11.532 ERROR 6224 --- [    Test worker] tourGuide.service.TourGuideService       : java.lang.NullPointerException
2021-11-29 23:17:11.532 ERROR 6224 --- [    Test worker] tourGuide.service.TourGuideService       : java.lang.NullPointerException
2021-11-29 23:17:11.532 ERROR 6224 --- [    Test worker] tourGuide.service.TourGuideService       : java.lang.NullPointerException
2021-11-29 23:17:11.532 ERROR 6224 --- [    Test worker] tourGuide.service.TourGuideService       : java.lang.NullPointerException
2021-11-29 23:17:11.532 ERROR 6224 --- [    Test worker] tourGuide.service.TourGuideService       : java.lang.NullPointerException
2021-11-29 23:17:11.533 ERROR 6224 --- [    Test worker] tourGuide.service.TourGuideService       : java.lang.NullPointerException
2021-11-29 23:17:11.533 ERROR 6224 --- [    Test worker] tourGuide.service.TourGuideService       : java.lang.NullPointerException
2021-11-29 23:17:11.534 ERROR 6224 --- [    Test worker] tourGuide.service.TourGuideService       : java.lang.NullPointerException
2021-11-29 23:17:11.534 ERROR 6224 --- [    Test worker] tourGuide.service.TourGuideService       : java.lang.NullPointerException
2021-11-29 23:17:11.534 ERROR 6224 --- [    Test worker] tourGuide.service.TourGuideService       : java.lang.NullPointerException
2021-11-29 23:17:11.534 ERROR 6224 --- [    Test worker] tourGuide.service.TourGuideService       : java.lang.NullPointerException
2021-11-29 23:17:11.534 ERROR 6224 --- [    Test worker] tourGuide.service.TourGuideService       : java.lang.NullPointerException
2021-11-29 23:17:11.534 ERROR 6224 --- [    Test worker] tourGuide.service.TourGuideService       : java.lang.NullPointerException
2021-11-29 23:17:11.534 ERROR 6224 --- [    Test worker] tourGuide.service.TourGuideService       : java.lang.NullPointerException
2021-11-29 23:17:11.534 ERROR 6224 --- [    Test worker] tourGuide.service.TourGuideService       : java.lang.NullPointerException
2021-11-29 23:17:11.534 ERROR 6224 --- [    Test worker] tourGuide.service.TourGuideService       : java.lang.NullPointerException
2021-11-29 23:17:11.534 ERROR 6224 --- [    Test worker] tourGuide.service.TourGuideService       : java.lang.NullPointerException
2021-11-29 23:17:11.534 ERROR 6224 --- [    Test worker] tourGuide.service.TourGuideService       : java.lang.NullPointerException
2021-11-29 23:17:11.534 ERROR 6224 --- [    Test worker] tourGuide.service.TourGuideService       : java.lang.NullPointerException
2021-11-29 23:17:11.534 ERROR 6224 --- [    Test worker] tourGuide.service.TourGuideService       : java.lang.NullPointerException
2021-11-29 23:17:11.534 ERROR 6224 --- [    Test worker] tourGuide.service.TourGuideService       : java.lang.NullPointerException
2021-11-29 23:17:11.534 ERROR 6224 --- [    Test worker] tourGuide.service.TourGuideService       : java.lang.NullPointerException
2021-11-29 23:17:11.534 ERROR 6224 --- [    Test worker] tourGuide.service.TourGuideService       : java.lang.NullPointerException
2021-11-29 23:17:11.534 ERROR 6224 --- [    Test worker] tourGuide.service.TourGuideService       : java.lang.NullPointerException
2021-11-29 23:17:11.534 ERROR 6224 --- [    Test worker] tourGuide.service.TourGuideService       : java.lang.NullPointerException
2021-11-29 23:17:11.534 ERROR 6224 --- [    Test worker] tourGuide.service.TourGuideService       : java.lang.NullPointerException
2021-11-29 23:17:11.534 ERROR 6224 --- [    Test worker] tourGuide.service.TourGuideService       : java.lang.NullPointerException
2021-11-29 23:17:11.534 ERROR 6224 --- [    Test worker] tourGuide.service.TourGuideService       : java.lang.NullPointerException
2021-11-29 23:17:11.534 ERROR 6224 --- [    Test worker] tourGuide.service.TourGuideService       : java.lang.NullPointerException
2021-11-29 23:17:11.534 ERROR 6224 --- [    Test worker] tourGuide.service.TourGuideService       : java.lang.NullPointerException
2021-11-29 23:17:11.534 ERROR 6224 --- [    Test worker] tourGuide.service.TourGuideService       : java.lang.NullPointerException
2021-11-29 23:17:11.534 ERROR 6224 --- [    Test worker] tourGuide.service.TourGuideService       : java.lang.NullPointerException
2021-11-29 23:17:11.534 ERROR 6224 --- [    Test worker] tourGuide.service.TourGuideService       : java.lang.NullPointerException
2021-11-29 23:17:11.534 ERROR 6224 --- [    Test worker] tourGuide.service.TourGuideService       : java.lang.NullPointerException
2021-11-29 23:17:11.535 ERROR 6224 --- [    Test worker] tourGuide.service.TourGuideService       : java.lang.NullPointerException
2021-11-29 23:17:11.535 ERROR 6224 --- [    Test worker] tourGuide.service.TourGuideService       : java.lang.NullPointerException
2021-11-29 23:17:11.535 ERROR 6224 --- [    Test worker] tourGuide.service.TourGuideService       : java.lang.NullPointerException
2021-11-29 23:17:11.535 ERROR 6224 --- [    Test worker] tourGuide.service.TourGuideService       : java.lang.NullPointerException
2021-11-29 23:17:11.535 ERROR 6224 --- [    Test worker] tourGuide.service.TourGuideService       : java.lang.NullPointerException
2021-11-29 23:17:11.535 ERROR 6224 --- [    Test worker] tourGuide.service.TourGuideService       : java.lang.NullPointerException
2021-11-29 23:17:11.535 ERROR 6224 --- [    Test worker] tourGuide.service.TourGuideService       : java.lang.NullPointerException
2021-11-29 23:17:11.535 ERROR 6224 --- [    Test worker] tourGuide.service.TourGuideService       : java.lang.NullPointerException
2021-11-29 23:17:11.535 ERROR 6224 --- [    Test worker] tourGuide.service.TourGuideService       : java.lang.NullPointerException
2021-11-29 23:17:11.535 ERROR 6224 --- [    Test worker] tourGuide.service.TourGuideService       : java.lang.NullPointerException
2021-11-29 23:17:11.535 ERROR 6224 --- [    Test worker] tourGuide.service.TourGuideService       : java.lang.NullPointerException
2021-11-29 23:17:11.535 ERROR 6224 --- [    Test worker] tourGuide.service.TourGuideService       : java.lang.NullPointerException
2021-11-29 23:17:11.535 ERROR 6224 --- [    Test worker] tourGuide.service.TourGuideService       : java.lang.NullPointerException
2021-11-29 23:17:11.535 ERROR 6224 --- [    Test worker] tourGuide.service.TourGuideService       : java.lang.NullPointerException
2021-11-29 23:17:11.535 ERROR 6224 --- [    Test worker] tourGuide.service.TourGuideService       : java.lang.NullPointerException
2021-11-29 23:17:11.535 ERROR 6224 --- [    Test worker] tourGuide.service.TourGuideService       : java.lang.NullPointerException
2021-11-29 23:17:11.535 ERROR 6224 --- [    Test worker] tourGuide.service.TourGuideService       : java.lang.NullPointerException
2021-11-29 23:17:11.535 ERROR 6224 --- [    Test worker] tourGuide.service.TourGuideService       : java.lang.NullPointerException
2021-11-29 23:17:11.535 ERROR 6224 --- [    Test worker] tourGuide.service.TourGuideService       : java.lang.NullPointerException
2021-11-29 23:17:11.535 ERROR 6224 --- [    Test worker] tourGuide.service.TourGuideService       : java.lang.NullPointerException
2021-11-29 23:17:11.535 ERROR 6224 --- [    Test worker] tourGuide.service.TourGuideService       : java.lang.NullPointerException
2021-11-29 23:17:11.535 ERROR 6224 --- [    Test worker] tourGuide.service.TourGuideService       : java.lang.NullPointerException
2021-11-29 23:17:11.535 ERROR 6224 --- [    Test worker] tourGuide.service.TourGuideService       : java.lang.NullPointerException
2021-11-29 23:17:11.535 ERROR 6224 --- [    Test worker] tourGuide.service.TourGuideService       : java.lang.NullPointerException
2021-11-29 23:17:11.536 ERROR 6224 --- [    Test worker] tourGuide.service.TourGuideService       : java.lang.NullPointerException
2021-11-29 23:17:11.536 ERROR 6224 --- [    Test worker] tourGuide.service.TourGuideService       : java.lang.NullPointerException
2021-11-29 23:17:11.536 ERROR 6224 --- [    Test worker] tourGuide.service.TourGuideService       : java.lang.NullPointerException
2021-11-29 23:17:11.536 ERROR 6224 --- [    Test worker] tourGuide.service.TourGuideService       : java.lang.NullPointerException
2021-11-29 23:17:11.536 ERROR 6224 --- [    Test worker] tourGuide.service.TourGuideService       : java.lang.NullPointerException
2021-11-29 23:17:11.536 ERROR 6224 --- [    Test worker] tourGuide.service.TourGuideService       : java.lang.NullPointerException
2021-11-29 23:17:11.536 ERROR 6224 --- [    Test worker] tourGuide.service.TourGuideService       : java.lang.NullPointerException
2021-11-29 23:17:11.536 ERROR 6224 --- [    Test worker] tourGuide.service.TourGuideService       : java.lang.NullPointerException
2021-11-29 23:17:11.536 ERROR 6224 --- [    Test worker] tourGuide.service.TourGuideService       : java.lang.NullPointerException
2021-11-29 23:17:11.536 ERROR 6224 --- [    Test worker] tourGuide.service.TourGuideService       : java.lang.NullPointerException
2021-11-29 23:17:11.536 ERROR 6224 --- [    Test worker] tourGuide.service.TourGuideService       : java.lang.NullPointerException
2021-11-29 23:17:11.536 ERROR 6224 --- [    Test worker] tourGuide.service.TourGuideService       : java.lang.NullPointerException
2021-11-29 23:17:11.536 ERROR 6224 --- [    Test worker] tourGuide.service.TourGuideService       : java.lang.NullPointerException
2021-11-29 23:17:11.536 ERROR 6224 --- [    Test worker] tourGuide.service.TourGuideService       : java.lang.NullPointerException
2021-11-29 23:17:11.536 ERROR 6224 --- [    Test worker] tourGuide.service.TourGuideService       : java.lang.NullPointerException
2021-11-29 23:17:11.536 ERROR 6224 --- [    Test worker] tourGuide.service.TourGuideService       : java.lang.NullPointerException
2021-11-29 23:17:11.536 ERROR 6224 --- [    Test worker] tourGuide.service.TourGuideService       : java.lang.NullPointerException
2021-11-29 23:17:11.536 ERROR 6224 --- [    Test worker] tourGuide.service.TourGuideService       : java.lang.NullPointerException
2021-11-29 23:17:11.536 ERROR 6224 --- [    Test worker] tourGuide.service.TourGuideService       : java.lang.NullPointerException
2021-11-29 23:17:11.536 ERROR 6224 --- [    Test worker] tourGuide.service.TourGuideService       : java.lang.NullPointerException
2021-11-29 23:17:11.536 ERROR 6224 --- [    Test worker] tourGuide.service.TourGuideService       : java.lang.NullPointerException
2021-11-29 23:17:11.536 ERROR 6224 --- [    Test worker] tourGuide.service.TourGuideService       : java.lang.NullPointerException
2021-11-29 23:17:11.536 ERROR 6224 --- [    Test worker] tourGuide.service.TourGuideService       : java.lang.NullPointerException
2021-11-29 23:17:11.536 ERROR 6224 --- [    Test worker] tourGuide.service.TourGuideService       : java.lang.NullPointerException
2021-11-29 23:17:11.537 ERROR 6224 --- [    Test worker] tourGuide.service.TourGuideService       : java.lang.NullPointerException
2021-11-29 23:17:11.537 ERROR 6224 --- [    Test worker] tourGuide.service.TourGuideService       : java.lang.NullPointerException
2021-11-29 23:17:11.537 ERROR 6224 --- [    Test worker] tourGuide.service.TourGuideService       : java.lang.NullPointerException
2021-11-29 23:17:11.537 ERROR 6224 --- [    Test worker] tourGuide.service.TourGuideService       : java.lang.NullPointerException
2021-11-29 23:17:11.537 ERROR 6224 --- [    Test worker] tourGuide.service.TourGuideService       : java.lang.NullPointerException
2021-11-29 23:17:11.537 ERROR 6224 --- [    Test worker] tourGuide.service.TourGuideService       : java.lang.NullPointerException
2021-11-29 23:17:11.537 ERROR 6224 --- [    Test worker] tourGuide.service.TourGuideService       : java.lang.NullPointerException
2021-11-29 23:17:11.537 ERROR 6224 --- [    Test worker] tourGuide.service.TourGuideService       : java.lang.NullPointerException
2021-11-29 23:17:11.537 ERROR 6224 --- [    Test worker] tourGuide.service.TourGuideService       : java.lang.NullPointerException
2021-11-29 23:17:11.537 ERROR 6224 --- [    Test worker] tourGuide.service.TourGuideService       : java.lang.NullPointerException
2021-11-29 23:17:11.537 ERROR 6224 --- [    Test worker] tourGuide.service.TourGuideService       : java.lang.NullPointerException
2021-11-29 23:17:11.537 ERROR 6224 --- [    Test worker] tourGuide.service.TourGuideService       : java.lang.NullPointerException
2021-11-29 23:17:11.537 ERROR 6224 --- [    Test worker] tourGuide.service.TourGuideService       : java.lang.NullPointerException
2021-11-29 23:17:11.537 ERROR 6224 --- [    Test worker] tourGuide.service.TourGuideService       : java.lang.NullPointerException
2021-11-29 23:17:11.537 ERROR 6224 --- [    Test worker] tourGuide.service.TourGuideService       : java.lang.NullPointerException
2021-11-29 23:17:11.537 ERROR 6224 --- [    Test worker] tourGuide.service.TourGuideService       : java.lang.NullPointerException
2021-11-29 23:17:11.537 ERROR 6224 --- [    Test worker] tourGuide.service.TourGuideService       : java.lang.NullPointerException
2021-11-29 23:17:11.537 ERROR 6224 --- [    Test worker] tourGuide.service.TourGuideService       : java.lang.NullPointerException
2021-11-29 23:17:11.537 ERROR 6224 --- [    Test worker] tourGuide.service.TourGuideService       : java.lang.NullPointerException
2021-11-29 23:17:11.537 ERROR 6224 --- [    Test worker] tourGuide.service.TourGuideService       : java.lang.NullPointerException
2021-11-29 23:17:11.537 ERROR 6224 --- [    Test worker] tourGuide.service.TourGuideService       : java.lang.NullPointerException
2021-11-29 23:17:11.537 ERROR 6224 --- [    Test worker] tourGuide.service.TourGuideService       : java.lang.NullPointerException
2021-11-29 23:17:11.537 ERROR 6224 --- [    Test worker] tourGuide.service.TourGuideService       : java.lang.NullPointerException
2021-11-29 23:17:11.538 ERROR 6224 --- [    Test worker] tourGuide.service.TourGuideService       : java.lang.NullPointerException
2021-11-29 23:17:11.538 ERROR 6224 --- [    Test worker] tourGuide.service.TourGuideService       : java.lang.NullPointerException
2021-11-29 23:17:11.538 ERROR 6224 --- [    Test worker] tourGuide.service.TourGuideService       : java.lang.NullPointerException
2021-11-29 23:17:11.538 ERROR 6224 --- [    Test worker] tourGuide.service.TourGuideService       : java.lang.NullPointerException
2021-11-29 23:17:11.538 ERROR 6224 --- [    Test worker] tourGuide.service.TourGuideService       : java.lang.NullPointerException
2021-11-29 23:17:11.538 ERROR 6224 --- [    Test worker] tourGuide.service.TourGuideService       : java.lang.NullPointerException
2021-11-29 23:17:11.538 ERROR 6224 --- [    Test worker] tourGuide.service.TourGuideService       : java.lang.NullPointerException
2021-11-29 23:17:11.538 ERROR 6224 --- [    Test worker] tourGuide.service.TourGuideService       : java.lang.NullPointerException
2021-11-29 23:17:11.538 ERROR 6224 --- [    Test worker] tourGuide.service.TourGuideService       : java.lang.NullPointerException
2021-11-29 23:17:11.538 ERROR 6224 --- [    Test worker] tourGuide.service.TourGuideService       : java.lang.NullPointerException
2021-11-29 23:17:11.538 ERROR 6224 --- [    Test worker] tourGuide.service.TourGuideService       : java.lang.NullPointerException
2021-11-29 23:17:11.538 ERROR 6224 --- [    Test worker] tourGuide.service.TourGuideService       : java.lang.NullPointerException
2021-11-29 23:17:11.538 ERROR 6224 --- [    Test worker] tourGuide.service.TourGuideService       : java.lang.NullPointerException
2021-11-29 23:17:11.538 ERROR 6224 --- [    Test worker] tourGuide.service.TourGuideService       : java.lang.NullPointerException
2021-11-29 23:17:11.538 ERROR 6224 --- [    Test worker] tourGuide.service.TourGuideService       : java.lang.NullPointerException
2021-11-29 23:17:11.538 ERROR 6224 --- [    Test worker] tourGuide.service.TourGuideService       : java.lang.NullPointerException
2021-11-29 23:17:11.538 ERROR 6224 --- [    Test worker] tourGuide.service.TourGuideService       : java.lang.NullPointerException
2021-11-29 23:17:11.538 ERROR 6224 --- [    Test worker] tourGuide.service.TourGuideService       : java.lang.NullPointerException
2021-11-29 23:17:11.538 ERROR 6224 --- [    Test worker] tourGuide.service.TourGuideService       : java.lang.NullPointerException
2021-11-29 23:17:11.539 ERROR 6224 --- [    Test worker] tourGuide.service.TourGuideService       : java.lang.NullPointerException
2021-11-29 23:17:11.539 ERROR 6224 --- [    Test worker] tourGuide.service.TourGuideService       : java.lang.NullPointerException
2021-11-29 23:17:11.539 ERROR 6224 --- [    Test worker] tourGuide.service.TourGuideService       : java.lang.NullPointerException
2021-11-29 23:17:11.539 ERROR 6224 --- [    Test worker] tourGuide.service.TourGuideService       : java.lang.NullPointerException
2021-11-29 23:17:11.539 ERROR 6224 --- [    Test worker] tourGuide.service.TourGuideService       : java.lang.NullPointerException
2021-11-29 23:17:11.539 ERROR 6224 --- [    Test worker] tourGuide.service.TourGuideService       : java.lang.NullPointerException
2021-11-29 23:17:11.539 ERROR 6224 --- [    Test worker] tourGuide.service.TourGuideService       : java.lang.NullPointerException
2021-11-29 23:17:11.539 ERROR 6224 --- [    Test worker] tourGuide.service.TourGuideService       : java.lang.NullPointerException
2021-11-29 23:17:11.539 ERROR 6224 --- [    Test worker] tourGuide.service.TourGuideService       : java.lang.NullPointerException
2021-11-29 23:17:11.539 ERROR 6224 --- [    Test worker] tourGuide.service.TourGuideService       : java.lang.NullPointerException
2021-11-29 23:17:11.539 ERROR 6224 --- [    Test worker] tourGuide.service.TourGuideService       : java.lang.NullPointerException
2021-11-29 23:17:11.539 ERROR 6224 --- [    Test worker] tourGuide.service.TourGuideService       : java.lang.NullPointerException
2021-11-29 23:17:11.539 ERROR 6224 --- [    Test worker] tourGuide.service.TourGuideService       : java.lang.NullPointerException
2021-11-29 23:17:11.539 ERROR 6224 --- [    Test worker] tourGuide.service.TourGuideService       : java.lang.NullPointerException
2021-11-29 23:17:11.539 ERROR 6224 --- [    Test worker] tourGuide.service.TourGuideService       : java.lang.NullPointerException
2021-11-29 23:17:11.539 ERROR 6224 --- [    Test worker] tourGuide.service.TourGuideService       : java.lang.NullPointerException
2021-11-29 23:17:11.539 ERROR 6224 --- [    Test worker] tourGuide.service.TourGuideService       : java.lang.NullPointerException
2021-11-29 23:17:11.539 ERROR 6224 --- [    Test worker] tourGuide.service.TourGuideService       : java.lang.NullPointerException
2021-11-29 23:17:11.539 ERROR 6224 --- [    Test worker] tourGuide.service.TourGuideService       : java.lang.NullPointerException
2021-11-29 23:17:11.539 ERROR 6224 --- [    Test worker] tourGuide.service.TourGuideService       : java.lang.NullPointerException
2021-11-29 23:17:11.539 ERROR 6224 --- [    Test worker] tourGuide.service.TourGuideService       : java.lang.NullPointerException
2021-11-29 23:17:11.539 ERROR 6224 --- [    Test worker] tourGuide.service.TourGuideService       : java.lang.NullPointerException
2021-11-29 23:17:11.539 ERROR 6224 --- [    Test worker] tourGuide.service.TourGuideService       : java.lang.NullPointerException
2021-11-29 23:17:11.540 ERROR 6224 --- [    Test worker] tourGuide.service.TourGuideService       : java.lang.NullPointerException
2021-11-29 23:17:11.540 ERROR 6224 --- [    Test worker] tourGuide.service.TourGuideService       : java.lang.NullPointerException
2021-11-29 23:17:11.540 ERROR 6224 --- [    Test worker] tourGuide.service.TourGuideService       : java.lang.NullPointerException
2021-11-29 23:17:11.540 ERROR 6224 --- [    Test worker] tourGuide.service.TourGuideService       : java.lang.NullPointerException
2021-11-29 23:17:11.540 ERROR 6224 --- [    Test worker] tourGuide.service.TourGuideService       : java.lang.NullPointerException
2021-11-29 23:17:11.540 ERROR 6224 --- [    Test worker] tourGuide.service.TourGuideService       : java.lang.NullPointerException
2021-11-29 23:17:11.540 ERROR 6224 --- [    Test worker] tourGuide.service.TourGuideService       : java.lang.NullPointerException
2021-11-29 23:17:11.540 ERROR 6224 --- [    Test worker] tourGuide.service.TourGuideService       : java.lang.NullPointerException
2021-11-29 23:17:11.540 ERROR 6224 --- [    Test worker] tourGuide.service.TourGuideService       : java.lang.NullPointerException
2021-11-29 23:17:11.540 ERROR 6224 --- [    Test worker] tourGuide.service.TourGuideService       : java.lang.NullPointerException
2021-11-29 23:17:11.540 ERROR 6224 --- [    Test worker] tourGuide.service.TourGuideService       : java.lang.NullPointerException
2021-11-29 23:17:11.540 ERROR 6224 --- [    Test worker] tourGuide.service.TourGuideService       : java.lang.NullPointerException
2021-11-29 23:17:11.540 ERROR 6224 --- [    Test worker] tourGuide.service.TourGuideService       : java.lang.NullPointerException
2021-11-29 23:17:11.540 ERROR 6224 --- [    Test worker] tourGuide.service.TourGuideService       : java.lang.NullPointerException
2021-11-29 23:17:11.540 ERROR 6224 --- [    Test worker] tourGuide.service.TourGuideService       : java.lang.NullPointerException
2021-11-29 23:17:11.540 ERROR 6224 --- [    Test worker] tourGuide.service.TourGuideService       : java.lang.NullPointerException
2021-11-29 23:17:11.540 ERROR 6224 --- [    Test worker] tourGuide.service.TourGuideService       : java.lang.NullPointerException
2021-11-29 23:17:11.540 ERROR 6224 --- [    Test worker] tourGuide.service.TourGuideService       : java.lang.NullPointerException
2021-11-29 23:17:11.540 ERROR 6224 --- [    Test worker] tourGuide.service.TourGuideService       : java.lang.NullPointerException
2021-11-29 23:17:11.540 ERROR 6224 --- [    Test worker] tourGuide.service.TourGuideService       : java.lang.NullPointerException
2021-11-29 23:17:11.540 ERROR 6224 --- [    Test worker] tourGuide.service.TourGuideService       : java.lang.NullPointerException
2021-11-29 23:17:11.540 ERROR 6224 --- [    Test worker] tourGuide.service.TourGuideService       : java.lang.NullPointerException
2021-11-29 23:17:11.541 ERROR 6224 --- [    Test worker] tourGuide.service.TourGuideService       : java.lang.NullPointerException
2021-11-29 23:17:11.541 ERROR 6224 --- [    Test worker] tourGuide.service.TourGuideService       : java.lang.NullPointerException
2021-11-29 23:17:11.541 ERROR 6224 --- [    Test worker] tourGuide.service.TourGuideService       : java.lang.NullPointerException
2021-11-29 23:17:11.541 ERROR 6224 --- [    Test worker] tourGuide.service.TourGuideService       : java.lang.NullPointerException
2021-11-29 23:17:11.541 ERROR 6224 --- [    Test worker] tourGuide.service.TourGuideService       : java.lang.NullPointerException
2021-11-29 23:17:11.541 ERROR 6224 --- [    Test worker] tourGuide.service.TourGuideService       : java.lang.NullPointerException
2021-11-29 23:17:11.541 ERROR 6224 --- [    Test worker] tourGuide.service.TourGuideService       : java.lang.NullPointerException
2021-11-29 23:17:11.541 ERROR 6224 --- [    Test worker] tourGuide.service.TourGuideService       : java.lang.NullPointerException
2021-11-29 23:17:11.541 ERROR 6224 --- [    Test worker] tourGuide.service.TourGuideService       : java.lang.NullPointerException
2021-11-29 23:17:11.541 ERROR 6224 --- [    Test worker] tourGuide.service.TourGuideService       : java.lang.NullPointerException
2021-11-29 23:17:11.541 ERROR 6224 --- [    Test worker] tourGuide.service.TourGuideService       : java.lang.NullPointerException
2021-11-29 23:17:11.541 ERROR 6224 --- [    Test worker] tourGuide.service.TourGuideService       : java.lang.NullPointerException
2021-11-29 23:17:11.541 ERROR 6224 --- [    Test worker] tourGuide.service.TourGuideService       : java.lang.NullPointerException
2021-11-29 23:17:11.541 ERROR 6224 --- [    Test worker] tourGuide.service.TourGuideService       : java.lang.NullPointerException
2021-11-29 23:17:11.541 ERROR 6224 --- [    Test worker] tourGuide.service.TourGuideService       : java.lang.NullPointerException
2021-11-29 23:17:11.541 ERROR 6224 --- [    Test worker] tourGuide.service.TourGuideService       : java.lang.NullPointerException
2021-11-29 23:17:11.541 ERROR 6224 --- [    Test worker] tourGuide.service.TourGuideService       : java.lang.NullPointerException
2021-11-29 23:17:11.541 ERROR 6224 --- [    Test worker] tourGuide.service.TourGuideService       : java.lang.NullPointerException
2021-11-29 23:17:11.541 ERROR 6224 --- [    Test worker] tourGuide.service.TourGuideService       : java.lang.NullPointerException
2021-11-29 23:17:11.541 ERROR 6224 --- [    Test worker] tourGuide.service.TourGuideService       : java.lang.NullPointerException
2021-11-29 23:17:11.541 ERROR 6224 --- [    Test worker] tourGuide.service.TourGuideService       : java.lang.NullPointerException
2021-11-29 23:17:11.541 ERROR 6224 --- [    Test worker] tourGuide.service.TourGuideService       : java.lang.NullPointerException
2021-11-29 23:17:11.541 ERROR 6224 --- [    Test worker] tourGuide.service.TourGuideService       : java.lang.NullPointerException
2021-11-29 23:17:11.541 ERROR 6224 --- [    Test worker] tourGuide.service.TourGuideService       : java.lang.NullPointerException
2021-11-29 23:17:11.542 ERROR 6224 --- [    Test worker] tourGuide.service.TourGuideService       : java.lang.NullPointerException
2021-11-29 23:17:11.542 ERROR 6224 --- [    Test worker] tourGuide.service.TourGuideService       : java.lang.NullPointerException
2021-11-29 23:17:11.542 ERROR 6224 --- [    Test worker] tourGuide.service.TourGuideService       : java.lang.NullPointerException
2021-11-29 23:17:11.542 ERROR 6224 --- [    Test worker] tourGuide.service.TourGuideService       : java.lang.NullPointerException
2021-11-29 23:17:11.542 ERROR 6224 --- [    Test worker] tourGuide.service.TourGuideService       : java.lang.NullPointerException
2021-11-29 23:17:11.542 ERROR 6224 --- [    Test worker] tourGuide.service.TourGuideService       : java.lang.NullPointerException
2021-11-29 23:17:11.542 ERROR 6224 --- [    Test worker] tourGuide.service.TourGuideService       : java.lang.NullPointerException
2021-11-29 23:17:11.542 ERROR 6224 --- [    Test worker] tourGuide.service.TourGuideService       : java.lang.NullPointerException
2021-11-29 23:17:11.542 ERROR 6224 --- [    Test worker] tourGuide.service.TourGuideService       : java.lang.NullPointerException
2021-11-29 23:17:11.542 ERROR 6224 --- [    Test worker] tourGuide.service.TourGuideService       : java.lang.NullPointerException
2021-11-29 23:17:11.542 ERROR 6224 --- [    Test worker] tourGuide.service.TourGuideService       : java.lang.NullPointerException
2021-11-29 23:17:11.542 ERROR 6224 --- [    Test worker] tourGuide.service.TourGuideService       : java.lang.NullPointerException
2021-11-29 23:17:11.542 ERROR 6224 --- [    Test worker] tourGuide.service.TourGuideService       : java.lang.NullPointerException
2021-11-29 23:17:11.542 ERROR 6224 --- [    Test worker] tourGuide.service.TourGuideService       : java.lang.NullPointerException
2021-11-29 23:17:11.542 ERROR 6224 --- [    Test worker] tourGuide.service.TourGuideService       : java.lang.NullPointerException
2021-11-29 23:17:11.542 ERROR 6224 --- [    Test worker] tourGuide.service.TourGuideService       : java.lang.NullPointerException
2021-11-29 23:17:11.554 ERROR 6224 --- [    Test worker] tourGuide.service.TourGuideService       : java.lang.NullPointerException
2021-11-29 23:17:11.556 ERROR 6224 --- [    Test worker] tourGuide.service.TourGuideService       : java.lang.NullPointerException
2021-11-29 23:17:11.557 ERROR 6224 --- [    Test worker] tourGuide.service.TourGuideService       : java.lang.NullPointerException
2021-11-29 23:17:11.557 ERROR 6224 --- [    Test worker] tourGuide.service.TourGuideService       : java.lang.NullPointerException
2021-11-29 23:17:11.557 ERROR 6224 --- [    Test worker] tourGuide.service.TourGuideService       : java.lang.NullPointerException
2021-11-29 23:17:11.557 ERROR 6224 --- [    Test worker] tourGuide.service.TourGuideService       : java.lang.NullPointerException
2021-11-29 23:17:11.557 ERROR 6224 --- [    Test worker] tourGuide.service.TourGuideService       : java.lang.NullPointerException
2021-11-29 23:17:11.557 ERROR 6224 --- [    Test worker] tourGuide.service.TourGuideService       : java.lang.NullPointerException
2021-11-29 23:17:11.557 ERROR 6224 --- [    Test worker] tourGuide.service.TourGuideService       : java.lang.NullPointerException
2021-11-29 23:17:11.557 ERROR 6224 --- [    Test worker] tourGuide.service.TourGuideService       : java.lang.NullPointerException
2021-11-29 23:17:11.557 ERROR 6224 --- [    Test worker] tourGuide.service.TourGuideService       : java.lang.NullPointerException
2021-11-29 23:17:11.557 ERROR 6224 --- [    Test worker] tourGuide.service.TourGuideService       : java.lang.NullPointerException
2021-11-29 23:17:11.557 ERROR 6224 --- [    Test worker] tourGuide.service.TourGuideService       : java.lang.NullPointerException
2021-11-29 23:17:11.557 ERROR 6224 --- [    Test worker] tourGuide.service.TourGuideService       : java.lang.NullPointerException
2021-11-29 23:17:11.557 ERROR 6224 --- [    Test worker] tourGuide.service.TourGuideService       : java.lang.NullPointerException
2021-11-29 23:17:11.557 ERROR 6224 --- [    Test worker] tourGuide.service.TourGuideService       : java.lang.NullPointerException
2021-11-29 23:17:11.557 ERROR 6224 --- [    Test worker] tourGuide.service.TourGuideService       : java.lang.NullPointerException
2021-11-29 23:17:11.558 ERROR 6224 --- [    Test worker] tourGuide.service.TourGuideService       : java.lang.NullPointerException
2021-11-29 23:17:11.558 ERROR 6224 --- [    Test worker] tourGuide.service.TourGuideService       : java.lang.NullPointerException
2021-11-29 23:17:11.558 ERROR 6224 --- [    Test worker] tourGuide.service.TourGuideService       : java.lang.NullPointerException
2021-11-29 23:17:11.558 ERROR 6224 --- [    Test worker] tourGuide.service.TourGuideService       : java.lang.NullPointerException
2021-11-29 23:17:11.558 ERROR 6224 --- [    Test worker] tourGuide.service.TourGuideService       : java.lang.NullPointerException
2021-11-29 23:17:11.558 ERROR 6224 --- [    Test worker] tourGuide.service.TourGuideService       : java.lang.NullPointerException
2021-11-29 23:17:11.558 ERROR 6224 --- [    Test worker] tourGuide.service.TourGuideService       : java.lang.NullPointerException
2021-11-29 23:17:11.558 ERROR 6224 --- [    Test worker] tourGuide.service.TourGuideService       : java.lang.NullPointerException
2021-11-29 23:17:11.558 ERROR 6224 --- [    Test worker] tourGuide.service.TourGuideService       : java.lang.NullPointerException
2021-11-29 23:17:11.558 ERROR 6224 --- [    Test worker] tourGuide.service.TourGuideService       : java.lang.NullPointerException
2021-11-29 23:17:11.558 ERROR 6224 --- [    Test worker] tourGuide.service.TourGuideService       : java.lang.NullPointerException
2021-11-29 23:17:11.558 ERROR 6224 --- [    Test worker] tourGuide.service.TourGuideService       : java.lang.NullPointerException
2021-11-29 23:17:11.558 ERROR 6224 --- [    Test worker] tourGuide.service.TourGuideService       : java.lang.NullPointerException
2021-11-29 23:17:11.558 ERROR 6224 --- [    Test worker] tourGuide.service.TourGuideService       : java.lang.NullPointerException
2021-11-29 23:17:11.558 ERROR 6224 --- [    Test worker] tourGuide.service.TourGuideService       : java.lang.NullPointerException
2021-11-29 23:17:11.558 ERROR 6224 --- [    Test worker] tourGuide.service.TourGuideService       : java.lang.NullPointerException
2021-11-29 23:17:11.558 ERROR 6224 --- [    Test worker] tourGuide.service.TourGuideService       : java.lang.NullPointerException
2021-11-29 23:17:11.558 ERROR 6224 --- [    Test worker] tourGuide.service.TourGuideService       : java.lang.NullPointerException
2021-11-29 23:17:11.558 ERROR 6224 --- [    Test worker] tourGuide.service.TourGuideService       : java.lang.NullPointerException
2021-11-29 23:17:11.558 ERROR 6224 --- [    Test worker] tourGuide.service.TourGuideService       : java.lang.NullPointerException
2021-11-29 23:17:11.558 ERROR 6224 --- [    Test worker] tourGuide.service.TourGuideService       : java.lang.NullPointerException
2021-11-29 23:17:11.558 ERROR 6224 --- [    Test worker] tourGuide.service.TourGuideService       : java.lang.NullPointerException
2021-11-29 23:17:11.558 ERROR 6224 --- [    Test worker] tourGuide.service.TourGuideService       : java.lang.NullPointerException
2021-11-29 23:17:11.559 ERROR 6224 --- [    Test worker] tourGuide.service.TourGuideService       : java.lang.NullPointerException
2021-11-29 23:17:11.559 ERROR 6224 --- [    Test worker] tourGuide.service.TourGuideService       : java.lang.NullPointerException
2021-11-29 23:17:11.559 ERROR 6224 --- [    Test worker] tourGuide.service.TourGuideService       : java.lang.NullPointerException
2021-11-29 23:17:11.559 ERROR 6224 --- [    Test worker] tourGuide.service.TourGuideService       : java.lang.NullPointerException
2021-11-29 23:17:11.559 ERROR 6224 --- [    Test worker] tourGuide.service.TourGuideService       : java.lang.NullPointerException
2021-11-29 23:17:11.559 ERROR 6224 --- [    Test worker] tourGuide.service.TourGuideService       : java.lang.NullPointerException
2021-11-29 23:17:11.559 ERROR 6224 --- [    Test worker] tourGuide.service.TourGuideService       : java.lang.NullPointerException
2021-11-29 23:17:11.559 ERROR 6224 --- [    Test worker] tourGuide.service.TourGuideService       : java.lang.NullPointerException
2021-11-29 23:17:11.559 ERROR 6224 --- [    Test worker] tourGuide.service.TourGuideService       : java.lang.NullPointerException
2021-11-29 23:17:11.559 ERROR 6224 --- [    Test worker] tourGuide.service.TourGuideService       : java.lang.NullPointerException
2021-11-29 23:17:11.559 ERROR 6224 --- [    Test worker] tourGuide.service.TourGuideService       : java.lang.NullPointerException
2021-11-29 23:17:11.559 ERROR 6224 --- [    Test worker] tourGuide.service.TourGuideService       : java.lang.NullPointerException
2021-11-29 23:17:11.559 ERROR 6224 --- [    Test worker] tourGuide.service.TourGuideService       : java.lang.NullPointerException
2021-11-29 23:17:11.559 ERROR 6224 --- [    Test worker] tourGuide.service.TourGuideService       : java.lang.NullPointerException
2021-11-29 23:17:11.559 ERROR 6224 --- [    Test worker] tourGuide.service.TourGuideService       : java.lang.NullPointerException
2021-11-29 23:17:11.559 ERROR 6224 --- [    Test worker] tourGuide.service.TourGuideService       : java.lang.NullPointerException
2021-11-29 23:17:11.559 ERROR 6224 --- [    Test worker] tourGuide.service.TourGuideService       : java.lang.NullPointerException
2021-11-29 23:17:11.559 ERROR 6224 --- [    Test worker] tourGuide.service.TourGuideService       : java.lang.NullPointerException
2021-11-29 23:17:11.559 ERROR 6224 --- [    Test worker] tourGuide.service.TourGuideService       : java.lang.NullPointerException
2021-11-29 23:17:11.559 ERROR 6224 --- [    Test worker] tourGuide.service.TourGuideService       : java.lang.NullPointerException
2021-11-29 23:17:11.559 ERROR 6224 --- [    Test worker] tourGuide.service.TourGuideService       : java.lang.NullPointerException
2021-11-29 23:17:11.560 ERROR 6224 --- [    Test worker] tourGuide.service.TourGuideService       : java.lang.NullPointerException
2021-11-29 23:17:11.560 ERROR 6224 --- [    Test worker] tourGuide.service.TourGuideService       : java.lang.NullPointerException
2021-11-29 23:17:11.560 ERROR 6224 --- [    Test worker] tourGuide.service.TourGuideService       : java.lang.NullPointerException
2021-11-29 23:17:11.560 ERROR 6224 --- [    Test worker] tourGuide.service.TourGuideService       : java.lang.NullPointerException
2021-11-29 23:17:11.560 ERROR 6224 --- [    Test worker] tourGuide.service.TourGuideService       : java.lang.NullPointerException
2021-11-29 23:17:11.560 ERROR 6224 --- [    Test worker] tourGuide.service.TourGuideService       : java.lang.NullPointerException
2021-11-29 23:17:11.560 ERROR 6224 --- [    Test worker] tourGuide.service.TourGuideService       : java.lang.NullPointerException
2021-11-29 23:17:11.560 ERROR 6224 --- [    Test worker] tourGuide.service.TourGuideService       : java.lang.NullPointerException
2021-11-29 23:17:11.560 ERROR 6224 --- [    Test worker] tourGuide.service.TourGuideService       : java.lang.NullPointerException
2021-11-29 23:17:11.560 ERROR 6224 --- [    Test worker] tourGuide.service.TourGuideService       : java.lang.NullPointerException
2021-11-29 23:17:11.560 ERROR 6224 --- [    Test worker] tourGuide.service.TourGuideService       : java.lang.NullPointerException
2021-11-29 23:17:11.560 ERROR 6224 --- [    Test worker] tourGuide.service.TourGuideService       : java.lang.NullPointerException
2021-11-29 23:17:11.560 ERROR 6224 --- [    Test worker] tourGuide.service.TourGuideService       : java.lang.NullPointerException
2021-11-29 23:17:11.560 ERROR 6224 --- [    Test worker] tourGuide.service.TourGuideService       : java.lang.NullPointerException
2021-11-29 23:17:11.560 ERROR 6224 --- [    Test worker] tourGuide.service.TourGuideService       : java.lang.NullPointerException
2021-11-29 23:17:11.561 ERROR 6224 --- [    Test worker] tourGuide.service.TourGuideService       : java.lang.NullPointerException
2021-11-29 23:17:11.561 ERROR 6224 --- [    Test worker] tourGuide.service.TourGuideService       : java.lang.NullPointerException
2021-11-29 23:17:11.561 ERROR 6224 --- [    Test worker] tourGuide.service.TourGuideService       : java.lang.NullPointerException
2021-11-29 23:17:11.561 ERROR 6224 --- [    Test worker] tourGuide.service.TourGuideService       : java.lang.NullPointerException
2021-11-29 23:17:11.561 ERROR 6224 --- [    Test worker] tourGuide.service.TourGuideService       : java.lang.NullPointerException
2021-11-29 23:17:11.561 ERROR 6224 --- [    Test worker] tourGuide.service.TourGuideService       : java.lang.NullPointerException
2021-11-29 23:17:11.561 ERROR 6224 --- [    Test worker] tourGuide.service.TourGuideService       : java.lang.NullPointerException
2021-11-29 23:17:11.561 ERROR 6224 --- [    Test worker] tourGuide.service.TourGuideService       : java.lang.NullPointerException
2021-11-29 23:17:11.561 ERROR 6224 --- [    Test worker] tourGuide.service.TourGuideService       : java.lang.NullPointerException
2021-11-29 23:17:11.561 ERROR 6224 --- [    Test worker] tourGuide.service.TourGuideService       : java.lang.NullPointerException
2021-11-29 23:17:11.561 ERROR 6224 --- [    Test worker] tourGuide.service.TourGuideService       : java.lang.NullPointerException
2021-11-29 23:17:11.561 ERROR 6224 --- [    Test worker] tourGuide.service.TourGuideService       : java.lang.NullPointerException
2021-11-29 23:17:11.561 ERROR 6224 --- [    Test worker] tourGuide.service.TourGuideService       : java.lang.NullPointerException
2021-11-29 23:17:11.561 ERROR 6224 --- [    Test worker] tourGuide.service.TourGuideService       : java.lang.NullPointerException
2021-11-29 23:17:11.561 ERROR 6224 --- [    Test worker] tourGuide.service.TourGuideService       : java.lang.NullPointerException
2021-11-29 23:17:11.561 ERROR 6224 --- [    Test worker] tourGuide.service.TourGuideService       : java.lang.NullPointerException
2021-11-29 23:17:11.561 ERROR 6224 --- [    Test worker] tourGuide.service.TourGuideService       : java.lang.NullPointerException
2021-11-29 23:17:11.561 ERROR 6224 --- [    Test worker] tourGuide.service.TourGuideService       : java.lang.NullPointerException
2021-11-29 23:17:11.561 ERROR 6224 --- [    Test worker] tourGuide.service.TourGuideService       : java.lang.NullPointerException
2021-11-29 23:17:11.562 ERROR 6224 --- [    Test worker] tourGuide.service.TourGuideService       : java.lang.NullPointerException
2021-11-29 23:17:11.562 ERROR 6224 --- [    Test worker] tourGuide.service.TourGuideService       : java.lang.NullPointerException
2021-11-29 23:17:11.562 ERROR 6224 --- [    Test worker] tourGuide.service.TourGuideService       : java.lang.NullPointerException
2021-11-29 23:17:11.562 ERROR 6224 --- [    Test worker] tourGuide.service.TourGuideService       : java.lang.NullPointerException
2021-11-29 23:17:11.562 ERROR 6224 --- [    Test worker] tourGuide.service.TourGuideService       : java.lang.NullPointerException
2021-11-29 23:17:11.562 ERROR 6224 --- [    Test worker] tourGuide.service.TourGuideService       : java.lang.NullPointerException
2021-11-29 23:17:11.562 ERROR 6224 --- [    Test worker] tourGuide.service.TourGuideService       : java.lang.NullPointerException
2021-11-29 23:17:11.562 ERROR 6224 --- [    Test worker] tourGuide.service.TourGuideService       : java.lang.NullPointerException
2021-11-29 23:17:11.562 ERROR 6224 --- [    Test worker] tourGuide.service.TourGuideService       : java.lang.NullPointerException
2021-11-29 23:17:11.562 ERROR 6224 --- [    Test worker] tourGuide.service.TourGuideService       : java.lang.NullPointerException
2021-11-29 23:17:11.562 ERROR 6224 --- [    Test worker] tourGuide.service.TourGuideService       : java.lang.NullPointerException
2021-11-29 23:17:11.562 ERROR 6224 --- [    Test worker] tourGuide.service.TourGuideService       : java.lang.NullPointerException
2021-11-29 23:17:11.562 ERROR 6224 --- [    Test worker] tourGuide.service.TourGuideService       : java.lang.NullPointerException
2021-11-29 23:17:11.562 ERROR 6224 --- [    Test worker] tourGuide.service.TourGuideService       : java.lang.NullPointerException
2021-11-29 23:17:11.562 ERROR 6224 --- [    Test worker] tourGuide.service.TourGuideService       : java.lang.NullPointerException
2021-11-29 23:17:11.562 ERROR 6224 --- [    Test worker] tourGuide.service.TourGuideService       : java.lang.NullPointerException
2021-11-29 23:17:11.562 ERROR 6224 --- [    Test worker] tourGuide.service.TourGuideService       : java.lang.NullPointerException
2021-11-29 23:17:11.562 ERROR 6224 --- [    Test worker] tourGuide.service.TourGuideService       : java.lang.NullPointerException
2021-11-29 23:17:11.562 ERROR 6224 --- [    Test worker] tourGuide.service.TourGuideService       : java.lang.NullPointerException
2021-11-29 23:17:11.562 ERROR 6224 --- [    Test worker] tourGuide.service.TourGuideService       : java.lang.NullPointerException
2021-11-29 23:17:11.562 ERROR 6224 --- [    Test worker] tourGuide.service.TourGuideService       : java.lang.NullPointerException
2021-11-29 23:17:11.562 ERROR 6224 --- [    Test worker] tourGuide.service.TourGuideService       : java.lang.NullPointerException
2021-11-29 23:17:11.563 ERROR 6224 --- [    Test worker] tourGuide.service.TourGuideService       : java.lang.NullPointerException
2021-11-29 23:17:11.563 ERROR 6224 --- [    Test worker] tourGuide.service.TourGuideService       : java.lang.NullPointerException
2021-11-29 23:17:11.563 ERROR 6224 --- [    Test worker] tourGuide.service.TourGuideService       : java.lang.NullPointerException
2021-11-29 23:17:11.564 ERROR 6224 --- [    Test worker] tourGuide.service.TourGuideService       : java.lang.NullPointerException
2021-11-29 23:17:11.565 ERROR 6224 --- [    Test worker] tourGuide.service.TourGuideService       : java.lang.NullPointerException
2021-11-29 23:17:11.565 ERROR 6224 --- [    Test worker] tourGuide.service.TourGuideService       : java.lang.NullPointerException
2021-11-29 23:17:11.565 ERROR 6224 --- [    Test worker] tourGuide.service.TourGuideService       : java.lang.NullPointerException
2021-11-29 23:17:11.566 ERROR 6224 --- [    Test worker] tourGuide.service.TourGuideService       : java.lang.NullPointerException
2021-11-29 23:17:11.566 ERROR 6224 --- [    Test worker] tourGuide.service.TourGuideService       : java.lang.NullPointerException
2021-11-29 23:17:11.566 ERROR 6224 --- [    Test worker] tourGuide.service.TourGuideService       : java.lang.NullPointerException
2021-11-29 23:17:11.566 ERROR 6224 --- [    Test worker] tourGuide.service.TourGuideService       : java.lang.NullPointerException
2021-11-29 23:17:11.566 ERROR 6224 --- [    Test worker] tourGuide.service.TourGuideService       : java.lang.NullPointerException
2021-11-29 23:17:11.566 ERROR 6224 --- [    Test worker] tourGuide.service.TourGuideService       : java.lang.NullPointerException
2021-11-29 23:17:11.566 ERROR 6224 --- [    Test worker] tourGuide.service.TourGuideService       : java.lang.NullPointerException
2021-11-29 23:17:11.566 ERROR 6224 --- [    Test worker] tourGuide.service.TourGuideService       : java.lang.NullPointerException
2021-11-29 23:17:11.566 ERROR 6224 --- [    Test worker] tourGuide.service.TourGuideService       : java.lang.NullPointerException
2021-11-29 23:17:11.566 ERROR 6224 --- [    Test worker] tourGuide.service.TourGuideService       : java.lang.NullPointerException
2021-11-29 23:17:11.566 ERROR 6224 --- [    Test worker] tourGuide.service.TourGuideService       : java.lang.NullPointerException
2021-11-29 23:17:11.566 ERROR 6224 --- [    Test worker] tourGuide.service.TourGuideService       : java.lang.NullPointerException
2021-11-29 23:17:11.566 ERROR 6224 --- [    Test worker] tourGuide.service.TourGuideService       : java.lang.NullPointerException
2021-11-29 23:17:11.567 ERROR 6224 --- [    Test worker] tourGuide.service.TourGuideService       : java.lang.NullPointerException
2021-11-29 23:17:11.567 ERROR 6224 --- [    Test worker] tourGuide.service.TourGuideService       : java.lang.NullPointerException
2021-11-29 23:17:11.567 ERROR 6224 --- [    Test worker] tourGuide.service.TourGuideService       : java.lang.NullPointerException
2021-11-29 23:17:11.567 ERROR 6224 --- [    Test worker] tourGuide.service.TourGuideService       : java.lang.NullPointerException
2021-11-29 23:17:11.567 ERROR 6224 --- [    Test worker] tourGuide.service.TourGuideService       : java.lang.NullPointerException
2021-11-29 23:17:11.567 ERROR 6224 --- [    Test worker] tourGuide.service.TourGuideService       : java.lang.NullPointerException
2021-11-29 23:17:11.567 ERROR 6224 --- [    Test worker] tourGuide.service.TourGuideService       : java.lang.NullPointerException
2021-11-29 23:17:11.567 ERROR 6224 --- [    Test worker] tourGuide.service.TourGuideService       : java.lang.NullPointerException
2021-11-29 23:17:11.567 ERROR 6224 --- [    Test worker] tourGuide.service.TourGuideService       : java.lang.NullPointerException
2021-11-29 23:17:11.567 ERROR 6224 --- [    Test worker] tourGuide.service.TourGuideService       : java.lang.NullPointerException
2021-11-29 23:17:11.567 ERROR 6224 --- [    Test worker] tourGuide.service.TourGuideService       : java.lang.NullPointerException
2021-11-29 23:17:11.567 ERROR 6224 --- [    Test worker] tourGuide.service.TourGuideService       : java.lang.NullPointerException
2021-11-29 23:17:11.567 ERROR 6224 --- [    Test worker] tourGuide.service.TourGuideService       : java.lang.NullPointerException
2021-11-29 23:17:11.567 ERROR 6224 --- [    Test worker] tourGuide.service.TourGuideService       : java.lang.NullPointerException
2021-11-29 23:17:11.567 ERROR 6224 --- [    Test worker] tourGuide.service.TourGuideService       : java.lang.NullPointerException
2021-11-29 23:17:11.567 ERROR 6224 --- [    Test worker] tourGuide.service.TourGuideService       : java.lang.NullPointerException
2021-11-29 23:17:11.567 ERROR 6224 --- [    Test worker] tourGuide.service.TourGuideService       : java.lang.NullPointerException
2021-11-29 23:17:11.567 ERROR 6224 --- [    Test worker] tourGuide.service.TourGuideService       : java.lang.NullPointerException
2021-11-29 23:17:11.567 ERROR 6224 --- [    Test worker] tourGuide.service.TourGuideService       : java.lang.NullPointerException
2021-11-29 23:17:11.567 ERROR 6224 --- [    Test worker] tourGuide.service.TourGuideService       : java.lang.NullPointerException
2021-11-29 23:17:11.571 ERROR 6224 --- [    Test worker] tourGuide.service.TourGuideService       : java.lang.NullPointerException
2021-11-29 23:17:11.571 ERROR 6224 --- [    Test worker] tourGuide.service.TourGuideService       : java.lang.NullPointerException
2021-11-29 23:17:11.571 ERROR 6224 --- [    Test worker] tourGuide.service.TourGuideService       : java.lang.NullPointerException
2021-11-29 23:17:11.571 ERROR 6224 --- [    Test worker] tourGuide.service.TourGuideService       : java.lang.NullPointerException
2021-11-29 23:17:11.571 ERROR 6224 --- [    Test worker] tourGuide.service.TourGuideService       : java.lang.NullPointerException
2021-11-29 23:17:11.571 ERROR 6224 --- [    Test worker] tourGuide.service.TourGuideService       : java.lang.NullPointerException
2021-11-29 23:17:11.571 ERROR 6224 --- [    Test worker] tourGuide.service.TourGuideService       : java.lang.NullPointerException
2021-11-29 23:17:11.571 ERROR 6224 --- [    Test worker] tourGuide.service.TourGuideService       : java.lang.NullPointerException
2021-11-29 23:17:11.571 ERROR 6224 --- [    Test worker] tourGuide.service.TourGuideService       : java.lang.NullPointerException
2021-11-29 23:17:11.571 ERROR 6224 --- [    Test worker] tourGuide.service.TourGuideService       : java.lang.NullPointerException
2021-11-29 23:17:11.571 ERROR 6224 --- [    Test worker] tourGuide.service.TourGuideService       : java.lang.NullPointerException
2021-11-29 23:17:11.571 ERROR 6224 --- [    Test worker] tourGuide.service.TourGuideService       : java.lang.NullPointerException
2021-11-29 23:17:11.571 ERROR 6224 --- [    Test worker] tourGuide.service.TourGuideService       : java.lang.NullPointerException
2021-11-29 23:17:11.571 ERROR 6224 --- [    Test worker] tourGuide.service.TourGuideService       : java.lang.NullPointerException
2021-11-29 23:17:11.571 ERROR 6224 --- [    Test worker] tourGuide.service.TourGuideService       : java.lang.NullPointerException
2021-11-29 23:17:11.571 ERROR 6224 --- [    Test worker] tourGuide.service.TourGuideService       : java.lang.NullPointerException
2021-11-29 23:17:11.571 ERROR 6224 --- [    Test worker] tourGuide.service.TourGuideService       : java.lang.NullPointerException
2021-11-29 23:17:11.571 ERROR 6224 --- [    Test worker] tourGuide.service.TourGuideService       : java.lang.NullPointerException
2021-11-29 23:17:11.571 ERROR 6224 --- [    Test worker] tourGuide.service.TourGuideService       : java.lang.NullPointerException
2021-11-29 23:17:11.571 ERROR 6224 --- [    Test worker] tourGuide.service.TourGuideService       : java.lang.NullPointerException
2021-11-29 23:17:11.571 ERROR 6224 --- [    Test worker] tourGuide.service.TourGuideService       : java.lang.NullPointerException
2021-11-29 23:17:11.572 ERROR 6224 --- [    Test worker] tourGuide.service.TourGuideService       : java.lang.NullPointerException
2021-11-29 23:17:11.572 ERROR 6224 --- [    Test worker] tourGuide.service.TourGuideService       : java.lang.NullPointerException
2021-11-29 23:17:11.572 ERROR 6224 --- [    Test worker] tourGuide.service.TourGuideService       : java.lang.NullPointerException
2021-11-29 23:17:11.572 ERROR 6224 --- [    Test worker] tourGuide.service.TourGuideService       : java.lang.NullPointerException
2021-11-29 23:17:11.572 ERROR 6224 --- [    Test worker] tourGuide.service.TourGuideService       : java.lang.NullPointerException
2021-11-29 23:17:11.572 ERROR 6224 --- [    Test worker] tourGuide.service.TourGuideService       : java.lang.NullPointerException
2021-11-29 23:17:11.572 ERROR 6224 --- [    Test worker] tourGuide.service.TourGuideService       : java.lang.NullPointerException
2021-11-29 23:17:11.572 ERROR 6224 --- [    Test worker] tourGuide.service.TourGuideService       : java.lang.NullPointerException
2021-11-29 23:17:11.572 ERROR 6224 --- [    Test worker] tourGuide.service.TourGuideService       : java.lang.NullPointerException
2021-11-29 23:17:11.572 ERROR 6224 --- [    Test worker] tourGuide.service.TourGuideService       : java.lang.NullPointerException
2021-11-29 23:17:11.572 ERROR 6224 --- [    Test worker] tourGuide.service.TourGuideService       : java.lang.NullPointerException
2021-11-29 23:17:11.572 ERROR 6224 --- [    Test worker] tourGuide.service.TourGuideService       : java.lang.NullPointerException
2021-11-29 23:17:11.572 ERROR 6224 --- [    Test worker] tourGuide.service.TourGuideService       : java.lang.NullPointerException
2021-11-29 23:17:11.572 ERROR 6224 --- [    Test worker] tourGuide.service.TourGuideService       : java.lang.NullPointerException
2021-11-29 23:17:11.572 ERROR 6224 --- [    Test worker] tourGuide.service.TourGuideService       : java.lang.NullPointerException
2021-11-29 23:17:11.572 ERROR 6224 --- [    Test worker] tourGuide.service.TourGuideService       : java.lang.NullPointerException
2021-11-29 23:17:11.572 ERROR 6224 --- [    Test worker] tourGuide.service.TourGuideService       : java.lang.NullPointerException
2021-11-29 23:17:11.572 ERROR 6224 --- [    Test worker] tourGuide.service.TourGuideService       : java.lang.NullPointerException
2021-11-29 23:17:11.572 ERROR 6224 --- [    Test worker] tourGuide.service.TourGuideService       : java.lang.NullPointerException
2021-11-29 23:17:11.573 ERROR 6224 --- [    Test worker] tourGuide.service.TourGuideService       : java.lang.NullPointerException
2021-11-29 23:17:11.573 ERROR 6224 --- [    Test worker] tourGuide.service.TourGuideService       : java.lang.NullPointerException
2021-11-29 23:17:11.573 ERROR 6224 --- [    Test worker] tourGuide.service.TourGuideService       : java.lang.NullPointerException
2021-11-29 23:17:11.573 ERROR 6224 --- [    Test worker] tourGuide.service.TourGuideService       : java.lang.NullPointerException
2021-11-29 23:17:11.573 ERROR 6224 --- [    Test worker] tourGuide.service.TourGuideService       : java.lang.NullPointerException
2021-11-29 23:17:11.573 ERROR 6224 --- [    Test worker] tourGuide.service.TourGuideService       : java.lang.NullPointerException
2021-11-29 23:17:11.573 ERROR 6224 --- [    Test worker] tourGuide.service.TourGuideService       : java.lang.NullPointerException
2021-11-29 23:17:11.573 ERROR 6224 --- [    Test worker] tourGuide.service.TourGuideService       : java.lang.NullPointerException
2021-11-29 23:17:11.573 ERROR 6224 --- [    Test worker] tourGuide.service.TourGuideService       : java.lang.NullPointerException
2021-11-29 23:17:11.573 ERROR 6224 --- [    Test worker] tourGuide.service.TourGuideService       : java.lang.NullPointerException
2021-11-29 23:17:11.573 ERROR 6224 --- [    Test worker] tourGuide.service.TourGuideService       : java.lang.NullPointerException
2021-11-29 23:17:11.573 ERROR 6224 --- [    Test worker] tourGuide.service.TourGuideService       : java.lang.NullPointerException
2021-11-29 23:17:11.573 ERROR 6224 --- [    Test worker] tourGuide.service.TourGuideService       : java.lang.NullPointerException
2021-11-29 23:17:11.574 ERROR 6224 --- [    Test worker] tourGuide.service.TourGuideService       : java.lang.NullPointerException
2021-11-29 23:17:11.574 ERROR 6224 --- [    Test worker] tourGuide.service.TourGuideService       : java.lang.NullPointerException
2021-11-29 23:17:11.574 ERROR 6224 --- [    Test worker] tourGuide.service.TourGuideService       : java.lang.NullPointerException
2021-11-29 23:17:11.574 ERROR 6224 --- [    Test worker] tourGuide.service.TourGuideService       : java.lang.NullPointerException
2021-11-29 23:17:11.574 ERROR 6224 --- [    Test worker] tourGuide.service.TourGuideService       : java.lang.NullPointerException
2021-11-29 23:17:11.574 ERROR 6224 --- [    Test worker] tourGuide.service.TourGuideService       : java.lang.NullPointerException
2021-11-29 23:17:11.574 ERROR 6224 --- [    Test worker] tourGuide.service.TourGuideService       : java.lang.NullPointerException
2021-11-29 23:17:11.574 ERROR 6224 --- [    Test worker] tourGuide.service.TourGuideService       : java.lang.NullPointerException
2021-11-29 23:17:11.574 ERROR 6224 --- [    Test worker] tourGuide.service.TourGuideService       : java.lang.NullPointerException
2021-11-29 23:17:11.574 ERROR 6224 --- [    Test worker] tourGuide.service.TourGuideService       : java.lang.NullPointerException
2021-11-29 23:17:11.574 ERROR 6224 --- [    Test worker] tourGuide.service.TourGuideService       : java.lang.NullPointerException
2021-11-29 23:17:11.574 ERROR 6224 --- [    Test worker] tourGuide.service.TourGuideService       : java.lang.NullPointerException
2021-11-29 23:17:11.574 ERROR 6224 --- [    Test worker] tourGuide.service.TourGuideService       : java.lang.NullPointerException
2021-11-29 23:17:11.574 ERROR 6224 --- [    Test worker] tourGuide.service.TourGuideService       : java.lang.NullPointerException
2021-11-29 23:17:11.574 ERROR 6224 --- [    Test worker] tourGuide.service.TourGuideService       : java.lang.NullPointerException
2021-11-29 23:17:11.574 ERROR 6224 --- [    Test worker] tourGuide.service.TourGuideService       : java.lang.NullPointerException
2021-11-29 23:17:11.574 ERROR 6224 --- [    Test worker] tourGuide.service.TourGuideService       : java.lang.NullPointerException
2021-11-29 23:17:11.574 ERROR 6224 --- [    Test worker] tourGuide.service.TourGuideService       : java.lang.NullPointerException
2021-11-29 23:17:11.574 ERROR 6224 --- [    Test worker] tourGuide.service.TourGuideService       : java.lang.NullPointerException
2021-11-29 23:17:11.574 ERROR 6224 --- [    Test worker] tourGuide.service.TourGuideService       : java.lang.NullPointerException
2021-11-29 23:17:11.574 ERROR 6224 --- [    Test worker] tourGuide.service.TourGuideService       : java.lang.NullPointerException
2021-11-29 23:17:11.574 ERROR 6224 --- [    Test worker] tourGuide.service.TourGuideService       : java.lang.NullPointerException
2021-11-29 23:17:11.575 ERROR 6224 --- [    Test worker] tourGuide.service.TourGuideService       : java.lang.NullPointerException
2021-11-29 23:17:11.575 ERROR 6224 --- [    Test worker] tourGuide.service.TourGuideService       : java.lang.NullPointerException
2021-11-29 23:17:11.575 ERROR 6224 --- [    Test worker] tourGuide.service.TourGuideService       : java.lang.NullPointerException
2021-11-29 23:17:11.575 ERROR 6224 --- [    Test worker] tourGuide.service.TourGuideService       : java.lang.NullPointerException
2021-11-29 23:17:11.575 ERROR 6224 --- [    Test worker] tourGuide.service.TourGuideService       : java.lang.NullPointerException
2021-11-29 23:17:11.577 ERROR 6224 --- [    Test worker] tourGuide.service.TourGuideService       : java.lang.NullPointerException
2021-11-29 23:17:11.577 ERROR 6224 --- [    Test worker] tourGuide.service.TourGuideService       : java.lang.NullPointerException
2021-11-29 23:17:11.577 ERROR 6224 --- [    Test worker] tourGuide.service.TourGuideService       : java.lang.NullPointerException
2021-11-29 23:17:11.578 ERROR 6224 --- [    Test worker] tourGuide.service.TourGuideService       : java.lang.NullPointerException
2021-11-29 23:17:11.578 ERROR 6224 --- [    Test worker] tourGuide.service.TourGuideService       : java.lang.NullPointerException
2021-11-29 23:17:11.578 ERROR 6224 --- [    Test worker] tourGuide.service.TourGuideService       : java.lang.NullPointerException
2021-11-29 23:17:11.578 ERROR 6224 --- [    Test worker] tourGuide.service.TourGuideService       : java.lang.NullPointerException
2021-11-29 23:17:11.578 ERROR 6224 --- [    Test worker] tourGuide.service.TourGuideService       : java.lang.NullPointerException
2021-11-29 23:17:11.578 ERROR 6224 --- [    Test worker] tourGuide.service.TourGuideService       : java.lang.NullPointerException
2021-11-29 23:17:11.578 ERROR 6224 --- [    Test worker] tourGuide.service.TourGuideService       : java.lang.NullPointerException
2021-11-29 23:17:11.578 ERROR 6224 --- [    Test worker] tourGuide.service.TourGuideService       : java.lang.NullPointerException
2021-11-29 23:17:11.578 ERROR 6224 --- [    Test worker] tourGuide.service.TourGuideService       : java.lang.NullPointerException
2021-11-29 23:17:11.578 ERROR 6224 --- [    Test worker] tourGuide.service.TourGuideService       : java.lang.NullPointerException
2021-11-29 23:17:11.578 ERROR 6224 --- [    Test worker] tourGuide.service.TourGuideService       : java.lang.NullPointerException
2021-11-29 23:17:11.578 ERROR 6224 --- [    Test worker] tourGuide.service.TourGuideService       : java.lang.NullPointerException
2021-11-29 23:17:11.579 ERROR 6224 --- [    Test worker] tourGuide.service.TourGuideService       : java.lang.NullPointerException
2021-11-29 23:17:11.579 ERROR 6224 --- [    Test worker] tourGuide.service.TourGuideService       : java.lang.NullPointerException
2021-11-29 23:17:11.579 ERROR 6224 --- [    Test worker] tourGuide.service.TourGuideService       : java.lang.NullPointerException
2021-11-29 23:17:11.579 ERROR 6224 --- [    Test worker] tourGuide.service.TourGuideService       : java.lang.NullPointerException
2021-11-29 23:17:11.579 ERROR 6224 --- [    Test worker] tourGuide.service.TourGuideService       : java.lang.NullPointerException
2021-11-29 23:17:11.579 ERROR 6224 --- [    Test worker] tourGuide.service.TourGuideService       : java.lang.NullPointerException
2021-11-29 23:17:11.579 ERROR 6224 --- [    Test worker] tourGuide.service.TourGuideService       : java.lang.NullPointerException
2021-11-29 23:17:11.579 ERROR 6224 --- [    Test worker] tourGuide.service.TourGuideService       : java.lang.NullPointerException
2021-11-29 23:17:11.579 ERROR 6224 --- [    Test worker] tourGuide.service.TourGuideService       : java.lang.NullPointerException
2021-11-29 23:17:11.579 ERROR 6224 --- [    Test worker] tourGuide.service.TourGuideService       : java.lang.NullPointerException
2021-11-29 23:17:11.579 ERROR 6224 --- [    Test worker] tourGuide.service.TourGuideService       : java.lang.NullPointerException
2021-11-29 23:17:11.579 ERROR 6224 --- [    Test worker] tourGuide.service.TourGuideService       : java.lang.NullPointerException
2021-11-29 23:17:11.579 ERROR 6224 --- [    Test worker] tourGuide.service.TourGuideService       : java.lang.NullPointerException
2021-11-29 23:17:11.579 ERROR 6224 --- [    Test worker] tourGuide.service.TourGuideService       : java.lang.NullPointerException
2021-11-29 23:17:11.579 ERROR 6224 --- [    Test worker] tourGuide.service.TourGuideService       : java.lang.NullPointerException
2021-11-29 23:17:11.579 ERROR 6224 --- [    Test worker] tourGuide.service.TourGuideService       : java.lang.NullPointerException
2021-11-29 23:17:11.580 ERROR 6224 --- [    Test worker] tourGuide.service.TourGuideService       : java.lang.NullPointerException
2021-11-29 23:17:11.580 ERROR 6224 --- [    Test worker] tourGuide.service.TourGuideService       : java.lang.NullPointerException
2021-11-29 23:17:11.580 ERROR 6224 --- [    Test worker] tourGuide.service.TourGuideService       : java.lang.NullPointerException
2021-11-29 23:17:11.580 ERROR 6224 --- [    Test worker] tourGuide.service.TourGuideService       : java.lang.NullPointerException
2021-11-29 23:17:11.580 ERROR 6224 --- [    Test worker] tourGuide.service.TourGuideService       : java.lang.NullPointerException
2021-11-29 23:17:11.580 ERROR 6224 --- [    Test worker] tourGuide.service.TourGuideService       : java.lang.NullPointerException
2021-11-29 23:17:11.580 ERROR 6224 --- [    Test worker] tourGuide.service.TourGuideService       : java.lang.NullPointerException
2021-11-29 23:17:11.580 ERROR 6224 --- [    Test worker] tourGuide.service.TourGuideService       : java.lang.NullPointerException
2021-11-29 23:17:11.583 ERROR 6224 --- [    Test worker] tourGuide.service.TourGuideService       : java.lang.NullPointerException
2021-11-29 23:17:11.584 ERROR 6224 --- [    Test worker] tourGuide.service.TourGuideService       : java.lang.NullPointerException
2021-11-29 23:17:11.584 ERROR 6224 --- [    Test worker] tourGuide.service.TourGuideService       : java.lang.NullPointerException
2021-11-29 23:17:11.584 ERROR 6224 --- [    Test worker] tourGuide.service.TourGuideService       : java.lang.NullPointerException
2021-11-29 23:17:11.584 ERROR 6224 --- [    Test worker] tourGuide.service.TourGuideService       : java.lang.NullPointerException
2021-11-29 23:17:11.584 ERROR 6224 --- [    Test worker] tourGuide.service.TourGuideService       : java.lang.NullPointerException
2021-11-29 23:17:11.584 ERROR 6224 --- [    Test worker] tourGuide.service.TourGuideService       : java.lang.NullPointerException
2021-11-29 23:17:11.584 ERROR 6224 --- [    Test worker] tourGuide.service.TourGuideService       : java.lang.NullPointerException
2021-11-29 23:17:11.584 ERROR 6224 --- [    Test worker] tourGuide.service.TourGuideService       : java.lang.NullPointerException
2021-11-29 23:17:11.584 ERROR 6224 --- [    Test worker] tourGuide.service.TourGuideService       : java.lang.NullPointerException
2021-11-29 23:17:11.585 ERROR 6224 --- [    Test worker] tourGuide.service.TourGuideService       : java.lang.NullPointerException
2021-11-29 23:17:11.586 ERROR 6224 --- [    Test worker] tourGuide.service.TourGuideService       : java.lang.NullPointerException
2021-11-29 23:17:11.586 ERROR 6224 --- [    Test worker] tourGuide.service.TourGuideService       : java.lang.NullPointerException
2021-11-29 23:17:11.587 ERROR 6224 --- [    Test worker] tourGuide.service.TourGuideService       : java.lang.NullPointerException
2021-11-29 23:17:11.587 ERROR 6224 --- [    Test worker] tourGuide.service.TourGuideService       : java.lang.NullPointerException
2021-11-29 23:17:11.587 ERROR 6224 --- [    Test worker] tourGuide.service.TourGuideService       : java.lang.NullPointerException
2021-11-29 23:17:11.587 ERROR 6224 --- [    Test worker] tourGuide.service.TourGuideService       : java.lang.NullPointerException
2021-11-29 23:17:11.587 ERROR 6224 --- [    Test worker] tourGuide.service.TourGuideService       : java.lang.NullPointerException
2021-11-29 23:17:11.587 ERROR 6224 --- [    Test worker] tourGuide.service.TourGuideService       : java.lang.NullPointerException
2021-11-29 23:17:11.587 ERROR 6224 --- [    Test worker] tourGuide.service.TourGuideService       : java.lang.NullPointerException
2021-11-29 23:17:11.587 ERROR 6224 --- [    Test worker] tourGuide.service.TourGuideService       : java.lang.NullPointerException
2021-11-29 23:17:11.587 ERROR 6224 --- [    Test worker] tourGuide.service.TourGuideService       : java.lang.NullPointerException
2021-11-29 23:17:11.587 ERROR 6224 --- [    Test worker] tourGuide.service.TourGuideService       : java.lang.NullPointerException
2021-11-29 23:17:11.587 ERROR 6224 --- [    Test worker] tourGuide.service.TourGuideService       : java.lang.NullPointerException
2021-11-29 23:17:11.587 ERROR 6224 --- [    Test worker] tourGuide.service.TourGuideService       : java.lang.NullPointerException
2021-11-29 23:17:11.587 ERROR 6224 --- [    Test worker] tourGuide.service.TourGuideService       : java.lang.NullPointerException
2021-11-29 23:17:11.587 ERROR 6224 --- [    Test worker] tourGuide.service.TourGuideService       : java.lang.NullPointerException
2021-11-29 23:17:11.587 ERROR 6224 --- [    Test worker] tourGuide.service.TourGuideService       : java.lang.NullPointerException
2021-11-29 23:17:11.587 ERROR 6224 --- [    Test worker] tourGuide.service.TourGuideService       : java.lang.NullPointerException
2021-11-29 23:17:11.587 ERROR 6224 --- [    Test worker] tourGuide.service.TourGuideService       : java.lang.NullPointerException
2021-11-29 23:17:11.587 ERROR 6224 --- [    Test worker] tourGuide.service.TourGuideService       : java.lang.NullPointerException
2021-11-29 23:17:11.587 ERROR 6224 --- [    Test worker] tourGuide.service.TourGuideService       : java.lang.NullPointerException
2021-11-29 23:17:11.587 ERROR 6224 --- [    Test worker] tourGuide.service.TourGuideService       : java.lang.NullPointerException
2021-11-29 23:17:11.587 ERROR 6224 --- [    Test worker] tourGuide.service.TourGuideService       : java.lang.NullPointerException
2021-11-29 23:17:11.587 ERROR 6224 --- [    Test worker] tourGuide.service.TourGuideService       : java.lang.NullPointerException
2021-11-29 23:17:11.587 ERROR 6224 --- [    Test worker] tourGuide.service.TourGuideService       : java.lang.NullPointerException
2021-11-29 23:17:11.587 ERROR 6224 --- [    Test worker] tourGuide.service.TourGuideService       : java.lang.NullPointerException
2021-11-29 23:17:11.588 ERROR 6224 --- [    Test worker] tourGuide.service.TourGuideService       : java.lang.NullPointerException
2021-11-29 23:17:11.588 ERROR 6224 --- [    Test worker] tourGuide.service.TourGuideService       : java.lang.NullPointerException
2021-11-29 23:17:11.588 ERROR 6224 --- [    Test worker] tourGuide.service.TourGuideService       : java.lang.NullPointerException
2021-11-29 23:17:11.588 ERROR 6224 --- [    Test worker] tourGuide.service.TourGuideService       : java.lang.NullPointerException
2021-11-29 23:17:11.588 ERROR 6224 --- [    Test worker] tourGuide.service.TourGuideService       : java.lang.NullPointerException
2021-11-29 23:17:11.588 ERROR 6224 --- [    Test worker] tourGuide.service.TourGuideService       : java.lang.NullPointerException
2021-11-29 23:17:11.588 ERROR 6224 --- [    Test worker] tourGuide.service.TourGuideService       : java.lang.NullPointerException
2021-11-29 23:17:11.588 ERROR 6224 --- [    Test worker] tourGuide.service.TourGuideService       : java.lang.NullPointerException
2021-11-29 23:17:11.588 ERROR 6224 --- [    Test worker] tourGuide.service.TourGuideService       : java.lang.NullPointerException
2021-11-29 23:17:11.588 ERROR 6224 --- [    Test worker] tourGuide.service.TourGuideService       : java.lang.NullPointerException
2021-11-29 23:17:11.588 ERROR 6224 --- [    Test worker] tourGuide.service.TourGuideService       : java.lang.NullPointerException
2021-11-29 23:17:11.588 ERROR 6224 --- [    Test worker] tourGuide.service.TourGuideService       : java.lang.NullPointerException
2021-11-29 23:17:11.588 ERROR 6224 --- [    Test worker] tourGuide.service.TourGuideService       : java.lang.NullPointerException
2021-11-29 23:17:11.588 ERROR 6224 --- [    Test worker] tourGuide.service.TourGuideService       : java.lang.NullPointerException
2021-11-29 23:17:11.588 ERROR 6224 --- [    Test worker] tourGuide.service.TourGuideService       : java.lang.NullPointerException
2021-11-29 23:17:11.588 ERROR 6224 --- [    Test worker] tourGuide.service.TourGuideService       : java.lang.NullPointerException
2021-11-29 23:17:11.588 ERROR 6224 --- [    Test worker] tourGuide.service.TourGuideService       : java.lang.NullPointerException
2021-11-29 23:17:11.588 ERROR 6224 --- [    Test worker] tourGuide.service.TourGuideService       : java.lang.NullPointerException
2021-11-29 23:17:11.588 ERROR 6224 --- [    Test worker] tourGuide.service.TourGuideService       : java.lang.NullPointerException
2021-11-29 23:17:11.588 ERROR 6224 --- [    Test worker] tourGuide.service.TourGuideService       : java.lang.NullPointerException
2021-11-29 23:17:11.588 ERROR 6224 --- [    Test worker] tourGuide.service.TourGuideService       : java.lang.NullPointerException
2021-11-29 23:17:11.588 ERROR 6224 --- [    Test worker] tourGuide.service.TourGuideService       : java.lang.NullPointerException
2021-11-29 23:17:11.588 ERROR 6224 --- [    Test worker] tourGuide.service.TourGuideService       : java.lang.NullPointerException
2021-11-29 23:17:11.588 ERROR 6224 --- [    Test worker] tourGuide.service.TourGuideService       : java.lang.NullPointerException
2021-11-29 23:17:11.588 ERROR 6224 --- [    Test worker] tourGuide.service.TourGuideService       : java.lang.NullPointerException
2021-11-29 23:17:11.588 ERROR 6224 --- [    Test worker] tourGuide.service.TourGuideService       : java.lang.NullPointerException
2021-11-29 23:17:11.588 ERROR 6224 --- [    Test worker] tourGuide.service.TourGuideService       : java.lang.NullPointerException
2021-11-29 23:17:11.588 ERROR 6224 --- [    Test worker] tourGuide.service.TourGuideService       : java.lang.NullPointerException
2021-11-29 23:17:11.589 ERROR 6224 --- [    Test worker] tourGuide.service.TourGuideService       : java.lang.NullPointerException
2021-11-29 23:17:11.589 ERROR 6224 --- [    Test worker] tourGuide.service.TourGuideService       : java.lang.NullPointerException
2021-11-29 23:17:11.589 ERROR 6224 --- [    Test worker] tourGuide.service.TourGuideService       : java.lang.NullPointerException
2021-11-29 23:17:11.589 ERROR 6224 --- [    Test worker] tourGuide.service.TourGuideService       : java.lang.NullPointerException
2021-11-29 23:17:11.589 ERROR 6224 --- [    Test worker] tourGuide.service.TourGuideService       : java.lang.NullPointerException
2021-11-29 23:17:11.589 ERROR 6224 --- [    Test worker] tourGuide.service.TourGuideService       : java.lang.NullPointerException
2021-11-29 23:17:11.589 ERROR 6224 --- [    Test worker] tourGuide.service.TourGuideService       : java.lang.NullPointerException
2021-11-29 23:17:11.589 ERROR 6224 --- [    Test worker] tourGuide.service.TourGuideService       : java.lang.NullPointerException
2021-11-29 23:17:11.589 ERROR 6224 --- [    Test worker] tourGuide.service.TourGuideService       : java.lang.NullPointerException
2021-11-29 23:17:11.589 ERROR 6224 --- [    Test worker] tourGuide.service.TourGuideService       : java.lang.NullPointerException
2021-11-29 23:17:11.589 ERROR 6224 --- [    Test worker] tourGuide.service.TourGuideService       : java.lang.NullPointerException
2021-11-29 23:17:11.589 ERROR 6224 --- [    Test worker] tourGuide.service.TourGuideService       : java.lang.NullPointerException
2021-11-29 23:17:11.589 ERROR 6224 --- [    Test worker] tourGuide.service.TourGuideService       : java.lang.NullPointerException
2021-11-29 23:17:11.589 ERROR 6224 --- [    Test worker] tourGuide.service.TourGuideService       : java.lang.NullPointerException
2021-11-29 23:17:11.589 ERROR 6224 --- [    Test worker] tourGuide.service.TourGuideService       : java.lang.NullPointerException
2021-11-29 23:17:11.589 ERROR 6224 --- [    Test worker] tourGuide.service.TourGuideService       : java.lang.NullPointerException
2021-11-29 23:17:11.589 ERROR 6224 --- [    Test worker] tourGuide.service.TourGuideService       : java.lang.NullPointerException
2021-11-29 23:17:11.589 ERROR 6224 --- [    Test worker] tourGuide.service.TourGuideService       : java.lang.NullPointerException
2021-11-29 23:17:11.589 ERROR 6224 --- [    Test worker] tourGuide.service.TourGuideService       : java.lang.NullPointerException
2021-11-29 23:17:11.589 ERROR 6224 --- [    Test worker] tourGuide.service.TourGuideService       : java.lang.NullPointerException
2021-11-29 23:17:11.589 ERROR 6224 --- [    Test worker] tourGuide.service.TourGuideService       : java.lang.NullPointerException
2021-11-29 23:17:11.589 ERROR 6224 --- [    Test worker] tourGuide.service.TourGuideService       : java.lang.NullPointerException
2021-11-29 23:17:11.589 ERROR 6224 --- [    Test worker] tourGuide.service.TourGuideService       : java.lang.NullPointerException
2021-11-29 23:17:11.590 ERROR 6224 --- [    Test worker] tourGuide.service.TourGuideService       : java.lang.NullPointerException
2021-11-29 23:17:11.590 ERROR 6224 --- [    Test worker] tourGuide.service.TourGuideService       : java.lang.NullPointerException
2021-11-29 23:17:11.590 ERROR 6224 --- [    Test worker] tourGuide.service.TourGuideService       : java.lang.NullPointerException
2021-11-29 23:17:11.590 ERROR 6224 --- [    Test worker] tourGuide.service.TourGuideService       : java.lang.NullPointerException
2021-11-29 23:17:11.590 ERROR 6224 --- [    Test worker] tourGuide.service.TourGuideService       : java.lang.NullPointerException
2021-11-29 23:17:11.590 ERROR 6224 --- [    Test worker] tourGuide.service.TourGuideService       : java.lang.NullPointerException
2021-11-29 23:17:11.590 ERROR 6224 --- [    Test worker] tourGuide.service.TourGuideService       : java.lang.NullPointerException
2021-11-29 23:17:11.590 ERROR 6224 --- [    Test worker] tourGuide.service.TourGuideService       : java.lang.NullPointerException
2021-11-29 23:17:11.590 ERROR 6224 --- [    Test worker] tourGuide.service.TourGuideService       : java.lang.NullPointerException
2021-11-29 23:17:11.590 ERROR 6224 --- [    Test worker] tourGuide.service.TourGuideService       : java.lang.NullPointerException
2021-11-29 23:17:11.590 ERROR 6224 --- [    Test worker] tourGuide.service.TourGuideService       : java.lang.NullPointerException
2021-11-29 23:17:11.590 ERROR 6224 --- [    Test worker] tourGuide.service.TourGuideService       : java.lang.NullPointerException
2021-11-29 23:17:11.590 ERROR 6224 --- [    Test worker] tourGuide.service.TourGuideService       : java.lang.NullPointerException
2021-11-29 23:17:11.590 ERROR 6224 --- [    Test worker] tourGuide.service.TourGuideService       : java.lang.NullPointerException
2021-11-29 23:17:11.590 ERROR 6224 --- [    Test worker] tourGuide.service.TourGuideService       : java.lang.NullPointerException
2021-11-29 23:17:11.590 ERROR 6224 --- [    Test worker] tourGuide.service.TourGuideService       : java.lang.NullPointerException
2021-11-29 23:17:11.590 ERROR 6224 --- [    Test worker] tourGuide.service.TourGuideService       : java.lang.NullPointerException
2021-11-29 23:17:11.590 ERROR 6224 --- [    Test worker] tourGuide.service.TourGuideService       : java.lang.NullPointerException
2021-11-29 23:17:11.590 ERROR 6224 --- [    Test worker] tourGuide.service.TourGuideService       : java.lang.NullPointerException
2021-11-29 23:17:11.590 ERROR 6224 --- [    Test worker] tourGuide.service.TourGuideService       : java.lang.NullPointerException
2021-11-29 23:17:11.590 ERROR 6224 --- [    Test worker] tourGuide.service.TourGuideService       : java.lang.NullPointerException
2021-11-29 23:17:11.590 ERROR 6224 --- [    Test worker] tourGuide.service.TourGuideService       : java.lang.NullPointerException
2021-11-29 23:17:11.591 ERROR 6224 --- [    Test worker] tourGuide.service.TourGuideService       : java.lang.NullPointerException
2021-11-29 23:17:11.591 ERROR 6224 --- [    Test worker] tourGuide.service.TourGuideService       : java.lang.NullPointerException
2021-11-29 23:17:11.591 ERROR 6224 --- [    Test worker] tourGuide.service.TourGuideService       : java.lang.NullPointerException
2021-11-29 23:17:11.591 ERROR 6224 --- [    Test worker] tourGuide.service.TourGuideService       : java.lang.NullPointerException
2021-11-29 23:17:11.591 ERROR 6224 --- [    Test worker] tourGuide.service.TourGuideService       : java.lang.NullPointerException
2021-11-29 23:17:11.591 ERROR 6224 --- [    Test worker] tourGuide.service.TourGuideService       : java.lang.NullPointerException
2021-11-29 23:17:11.593 ERROR 6224 --- [    Test worker] tourGuide.service.TourGuideService       : java.lang.NullPointerException
2021-11-29 23:17:11.594 ERROR 6224 --- [    Test worker] tourGuide.service.TourGuideService       : java.lang.NullPointerException
2021-11-29 23:17:11.594 ERROR 6224 --- [    Test worker] tourGuide.service.TourGuideService       : java.lang.NullPointerException
2021-11-29 23:17:11.594 ERROR 6224 --- [    Test worker] tourGuide.service.TourGuideService       : java.lang.NullPointerException
2021-11-29 23:17:11.594 ERROR 6224 --- [    Test worker] tourGuide.service.TourGuideService       : java.lang.NullPointerException
2021-11-29 23:17:11.594 ERROR 6224 --- [    Test worker] tourGuide.service.TourGuideService       : java.lang.NullPointerException
2021-11-29 23:17:11.594 ERROR 6224 --- [    Test worker] tourGuide.service.TourGuideService       : java.lang.NullPointerException
2021-11-29 23:17:11.594 ERROR 6224 --- [    Test worker] tourGuide.service.TourGuideService       : java.lang.NullPointerException
2021-11-29 23:17:11.594 ERROR 6224 --- [    Test worker] tourGuide.service.TourGuideService       : java.lang.NullPointerException
2021-11-29 23:17:11.594 ERROR 6224 --- [    Test worker] tourGuide.service.TourGuideService       : java.lang.NullPointerException
2021-11-29 23:17:11.595 ERROR 6224 --- [    Test worker] tourGuide.service.TourGuideService       : java.lang.NullPointerException
2021-11-29 23:17:11.595 ERROR 6224 --- [    Test worker] tourGuide.service.TourGuideService       : java.lang.NullPointerException
2021-11-29 23:17:11.595 ERROR 6224 --- [    Test worker] tourGuide.service.TourGuideService       : java.lang.NullPointerException
2021-11-29 23:17:11.595 ERROR 6224 --- [    Test worker] tourGuide.service.TourGuideService       : java.lang.NullPointerException
2021-11-29 23:17:11.595 ERROR 6224 --- [    Test worker] tourGuide.service.TourGuideService       : java.lang.NullPointerException
2021-11-29 23:17:11.595 ERROR 6224 --- [    Test worker] tourGuide.service.TourGuideService       : java.lang.NullPointerException
2021-11-29 23:17:11.595 ERROR 6224 --- [    Test worker] tourGuide.service.TourGuideService       : java.lang.NullPointerException
2021-11-29 23:17:11.595 ERROR 6224 --- [    Test worker] tourGuide.service.TourGuideService       : java.lang.NullPointerException
2021-11-29 23:17:11.595 ERROR 6224 --- [    Test worker] tourGuide.service.TourGuideService       : java.lang.NullPointerException
2021-11-29 23:17:11.595 ERROR 6224 --- [    Test worker] tourGuide.service.TourGuideService       : java.lang.NullPointerException
2021-11-29 23:17:11.595 ERROR 6224 --- [    Test worker] tourGuide.service.TourGuideService       : java.lang.NullPointerException
2021-11-29 23:17:11.595 ERROR 6224 --- [    Test worker] tourGuide.service.TourGuideService       : java.lang.NullPointerException
2021-11-29 23:17:11.595 ERROR 6224 --- [    Test worker] tourGuide.service.TourGuideService       : java.lang.NullPointerException
2021-11-29 23:17:11.595 ERROR 6224 --- [    Test worker] tourGuide.service.TourGuideService       : java.lang.NullPointerException
2021-11-29 23:17:11.595 ERROR 6224 --- [    Test worker] tourGuide.service.TourGuideService       : java.lang.NullPointerException
2021-11-29 23:17:11.595 ERROR 6224 --- [    Test worker] tourGuide.service.TourGuideService       : java.lang.NullPointerException
2021-11-29 23:17:11.595 ERROR 6224 --- [    Test worker] tourGuide.service.TourGuideService       : java.lang.NullPointerException
2021-11-29 23:17:11.596 ERROR 6224 --- [    Test worker] tourGuide.service.TourGuideService       : java.lang.NullPointerException
2021-11-29 23:17:11.596 ERROR 6224 --- [    Test worker] tourGuide.service.TourGuideService       : java.lang.NullPointerException
2021-11-29 23:17:11.596 ERROR 6224 --- [    Test worker] tourGuide.service.TourGuideService       : java.lang.NullPointerException
2021-11-29 23:17:11.596 ERROR 6224 --- [    Test worker] tourGuide.service.TourGuideService       : java.lang.NullPointerException
2021-11-29 23:17:11.596 ERROR 6224 --- [    Test worker] tourGuide.service.TourGuideService       : java.lang.NullPointerException
2021-11-29 23:17:11.596 ERROR 6224 --- [    Test worker] tourGuide.service.TourGuideService       : java.lang.NullPointerException
2021-11-29 23:17:11.596 ERROR 6224 --- [    Test worker] tourGuide.service.TourGuideService       : java.lang.NullPointerException
2021-11-29 23:17:11.596 ERROR 6224 --- [    Test worker] tourGuide.service.TourGuideService       : java.lang.NullPointerException
2021-11-29 23:17:11.596 ERROR 6224 --- [    Test worker] tourGuide.service.TourGuideService       : java.lang.NullPointerException
2021-11-29 23:17:11.596 ERROR 6224 --- [    Test worker] tourGuide.service.TourGuideService       : java.lang.NullPointerException
2021-11-29 23:17:11.596 ERROR 6224 --- [    Test worker] tourGuide.service.TourGuideService       : java.lang.NullPointerException
2021-11-29 23:17:11.596 ERROR 6224 --- [    Test worker] tourGuide.service.TourGuideService       : java.lang.NullPointerException
2021-11-29 23:17:11.596 ERROR 6224 --- [    Test worker] tourGuide.service.TourGuideService       : java.lang.NullPointerException
2021-11-29 23:17:11.596 ERROR 6224 --- [    Test worker] tourGuide.service.TourGuideService       : java.lang.NullPointerException
2021-11-29 23:17:11.596 ERROR 6224 --- [    Test worker] tourGuide.service.TourGuideService       : java.lang.NullPointerException
2021-11-29 23:17:11.596 ERROR 6224 --- [    Test worker] tourGuide.service.TourGuideService       : java.lang.NullPointerException
2021-11-29 23:17:11.596 ERROR 6224 --- [    Test worker] tourGuide.service.TourGuideService       : java.lang.NullPointerException
2021-11-29 23:17:11.596 ERROR 6224 --- [    Test worker] tourGuide.service.TourGuideService       : java.lang.NullPointerException
2021-11-29 23:17:11.596 ERROR 6224 --- [    Test worker] tourGuide.service.TourGuideService       : java.lang.NullPointerException
2021-11-29 23:17:11.596 ERROR 6224 --- [    Test worker] tourGuide.service.TourGuideService       : java.lang.NullPointerException
2021-11-29 23:17:11.596 ERROR 6224 --- [    Test worker] tourGuide.service.TourGuideService       : java.lang.NullPointerException
2021-11-29 23:17:11.596 ERROR 6224 --- [    Test worker] tourGuide.service.TourGuideService       : java.lang.NullPointerException
2021-11-29 23:17:11.596 ERROR 6224 --- [    Test worker] tourGuide.service.TourGuideService       : java.lang.NullPointerException
2021-11-29 23:17:11.596 ERROR 6224 --- [    Test worker] tourGuide.service.TourGuideService       : java.lang.NullPointerException
2021-11-29 23:17:11.597 ERROR 6224 --- [    Test worker] tourGuide.service.TourGuideService       : java.lang.NullPointerException
2021-11-29 23:17:11.597 ERROR 6224 --- [    Test worker] tourGuide.service.TourGuideService       : java.lang.NullPointerException
2021-11-29 23:17:11.597 ERROR 6224 --- [    Test worker] tourGuide.service.TourGuideService       : java.lang.NullPointerException
2021-11-29 23:17:11.597 ERROR 6224 --- [    Test worker] tourGuide.service.TourGuideService       : java.lang.NullPointerException
2021-11-29 23:17:11.597 ERROR 6224 --- [    Test worker] tourGuide.service.TourGuideService       : java.lang.NullPointerException
2021-11-29 23:17:11.597 ERROR 6224 --- [    Test worker] tourGuide.service.TourGuideService       : java.lang.NullPointerException
2021-11-29 23:17:11.597 ERROR 6224 --- [    Test worker] tourGuide.service.TourGuideService       : java.lang.NullPointerException
2021-11-29 23:17:11.597 ERROR 6224 --- [    Test worker] tourGuide.service.TourGuideService       : java.lang.NullPointerException
2021-11-29 23:17:11.597 ERROR 6224 --- [    Test worker] tourGuide.service.TourGuideService       : java.lang.NullPointerException
2021-11-29 23:17:11.597 ERROR 6224 --- [    Test worker] tourGuide.service.TourGuideService       : java.lang.NullPointerException
2021-11-29 23:17:11.601 ERROR 6224 --- [    Test worker] tourGuide.service.TourGuideService       : java.lang.NullPointerException
2021-11-29 23:17:11.601 ERROR 6224 --- [    Test worker] tourGuide.service.TourGuideService       : java.lang.NullPointerException
2021-11-29 23:17:11.601 ERROR 6224 --- [    Test worker] tourGuide.service.TourGuideService       : java.lang.NullPointerException
2021-11-29 23:17:11.601 ERROR 6224 --- [    Test worker] tourGuide.service.TourGuideService       : java.lang.NullPointerException
2021-11-29 23:17:11.602 ERROR 6224 --- [    Test worker] tourGuide.service.TourGuideService       : java.lang.NullPointerException
2021-11-29 23:17:11.602 ERROR 6224 --- [    Test worker] tourGuide.service.TourGuideService       : java.lang.NullPointerException
2021-11-29 23:17:11.602 ERROR 6224 --- [    Test worker] tourGuide.service.TourGuideService       : java.lang.NullPointerException
2021-11-29 23:17:11.602 ERROR 6224 --- [    Test worker] tourGuide.service.TourGuideService       : java.lang.NullPointerException
2021-11-29 23:17:11.602 ERROR 6224 --- [    Test worker] tourGuide.service.TourGuideService       : java.lang.NullPointerException
2021-11-29 23:17:11.602 ERROR 6224 --- [    Test worker] tourGuide.service.TourGuideService       : java.lang.NullPointerException
2021-11-29 23:17:11.602 ERROR 6224 --- [    Test worker] tourGuide.service.TourGuideService       : java.lang.NullPointerException
2021-11-29 23:17:11.602 ERROR 6224 --- [    Test worker] tourGuide.service.TourGuideService       : java.lang.NullPointerException
2021-11-29 23:17:11.602 ERROR 6224 --- [    Test worker] tourGuide.service.TourGuideService       : java.lang.NullPointerException
2021-11-29 23:17:11.602 ERROR 6224 --- [    Test worker] tourGuide.service.TourGuideService       : java.lang.NullPointerException
2021-11-29 23:17:11.602 ERROR 6224 --- [    Test worker] tourGuide.service.TourGuideService       : java.lang.NullPointerException
2021-11-29 23:17:11.602 ERROR 6224 --- [    Test worker] tourGuide.service.TourGuideService       : java.lang.NullPointerException
2021-11-29 23:17:11.602 ERROR 6224 --- [    Test worker] tourGuide.service.TourGuideService       : java.lang.NullPointerException
2021-11-29 23:17:11.602 ERROR 6224 --- [    Test worker] tourGuide.service.TourGuideService       : java.lang.NullPointerException
2021-11-29 23:17:11.602 ERROR 6224 --- [    Test worker] tourGuide.service.TourGuideService       : java.lang.NullPointerException
2021-11-29 23:17:11.602 ERROR 6224 --- [    Test worker] tourGuide.service.TourGuideService       : java.lang.NullPointerException
2021-11-29 23:17:11.602 ERROR 6224 --- [    Test worker] tourGuide.service.TourGuideService       : java.lang.NullPointerException
2021-11-29 23:17:11.602 ERROR 6224 --- [    Test worker] tourGuide.service.TourGuideService       : java.lang.NullPointerException
2021-11-29 23:17:11.602 ERROR 6224 --- [    Test worker] tourGuide.service.TourGuideService       : java.lang.NullPointerException
2021-11-29 23:17:11.602 ERROR 6224 --- [    Test worker] tourGuide.service.TourGuideService       : java.lang.NullPointerException
2021-11-29 23:17:11.602 ERROR 6224 --- [    Test worker] tourGuide.service.TourGuideService       : java.lang.NullPointerException
2021-11-29 23:17:11.602 ERROR 6224 --- [    Test worker] tourGuide.service.TourGuideService       : java.lang.NullPointerException
2021-11-29 23:17:11.602 ERROR 6224 --- [    Test worker] tourGuide.service.TourGuideService       : java.lang.NullPointerException
2021-11-29 23:17:11.602 ERROR 6224 --- [    Test worker] tourGuide.service.TourGuideService       : java.lang.NullPointerException
2021-11-29 23:17:11.602 ERROR 6224 --- [    Test worker] tourGuide.service.TourGuideService       : java.lang.NullPointerException
2021-11-29 23:17:11.603 ERROR 6224 --- [    Test worker] tourGuide.service.TourGuideService       : java.lang.NullPointerException
2021-11-29 23:17:11.603 ERROR 6224 --- [    Test worker] tourGuide.service.TourGuideService       : java.lang.NullPointerException
2021-11-29 23:17:11.603 ERROR 6224 --- [    Test worker] tourGuide.service.TourGuideService       : java.lang.NullPointerException
2021-11-29 23:17:11.603 ERROR 6224 --- [    Test worker] tourGuide.service.TourGuideService       : java.lang.NullPointerException
2021-11-29 23:17:11.603 ERROR 6224 --- [    Test worker] tourGuide.service.TourGuideService       : java.lang.NullPointerException
2021-11-29 23:17:11.603 ERROR 6224 --- [    Test worker] tourGuide.service.TourGuideService       : java.lang.NullPointerException
2021-11-29 23:17:11.603 ERROR 6224 --- [    Test worker] tourGuide.service.TourGuideService       : java.lang.NullPointerException
2021-11-29 23:17:11.603 ERROR 6224 --- [    Test worker] tourGuide.service.TourGuideService       : java.lang.NullPointerException
2021-11-29 23:17:11.603 ERROR 6224 --- [    Test worker] tourGuide.service.TourGuideService       : java.lang.NullPointerException
2021-11-29 23:17:11.603 ERROR 6224 --- [    Test worker] tourGuide.service.TourGuideService       : java.lang.NullPointerException
2021-11-29 23:17:11.603 ERROR 6224 --- [    Test worker] tourGuide.service.TourGuideService       : java.lang.NullPointerException
2021-11-29 23:17:11.603 ERROR 6224 --- [    Test worker] tourGuide.service.TourGuideService       : java.lang.NullPointerException
2021-11-29 23:17:11.603 ERROR 6224 --- [    Test worker] tourGuide.service.TourGuideService       : java.lang.NullPointerException
2021-11-29 23:17:11.603 ERROR 6224 --- [    Test worker] tourGuide.service.TourGuideService       : java.lang.NullPointerException
2021-11-29 23:17:11.603 ERROR 6224 --- [    Test worker] tourGuide.service.TourGuideService       : java.lang.NullPointerException
2021-11-29 23:17:11.603 ERROR 6224 --- [    Test worker] tourGuide.service.TourGuideService       : java.lang.NullPointerException
2021-11-29 23:17:11.603 ERROR 6224 --- [    Test worker] tourGuide.service.TourGuideService       : java.lang.NullPointerException
2021-11-29 23:17:11.603 ERROR 6224 --- [    Test worker] tourGuide.service.TourGuideService       : java.lang.NullPointerException
2021-11-29 23:17:11.603 ERROR 6224 --- [    Test worker] tourGuide.service.TourGuideService       : java.lang.NullPointerException
2021-11-29 23:17:11.603 ERROR 6224 --- [    Test worker] tourGuide.service.TourGuideService       : java.lang.NullPointerException
2021-11-29 23:17:11.603 ERROR 6224 --- [    Test worker] tourGuide.service.TourGuideService       : java.lang.NullPointerException
2021-11-29 23:17:11.603 ERROR 6224 --- [    Test worker] tourGuide.service.TourGuideService       : java.lang.NullPointerException
2021-11-29 23:17:11.603 ERROR 6224 --- [    Test worker] tourGuide.service.TourGuideService       : java.lang.NullPointerException
2021-11-29 23:17:11.603 ERROR 6224 --- [    Test worker] tourGuide.service.TourGuideService       : java.lang.NullPointerException
2021-11-29 23:17:11.604 ERROR 6224 --- [    Test worker] tourGuide.service.TourGuideService       : java.lang.NullPointerException
2021-11-29 23:17:11.604 ERROR 6224 --- [    Test worker] tourGuide.service.TourGuideService       : java.lang.NullPointerException
2021-11-29 23:17:11.604 ERROR 6224 --- [    Test worker] tourGuide.service.TourGuideService       : java.lang.NullPointerException
2021-11-29 23:17:11.604 ERROR 6224 --- [    Test worker] tourGuide.service.TourGuideService       : java.lang.NullPointerException
2021-11-29 23:17:11.604 ERROR 6224 --- [    Test worker] tourGuide.service.TourGuideService       : java.lang.NullPointerException
2021-11-29 23:17:11.604 ERROR 6224 --- [    Test worker] tourGuide.service.TourGuideService       : java.lang.NullPointerException
2021-11-29 23:17:11.604 ERROR 6224 --- [    Test worker] tourGuide.service.TourGuideService       : java.lang.NullPointerException
2021-11-29 23:17:11.605 ERROR 6224 --- [    Test worker] tourGuide.service.TourGuideService       : java.lang.NullPointerException
2021-11-29 23:17:11.605 ERROR 6224 --- [    Test worker] tourGuide.service.TourGuideService       : java.lang.NullPointerException
2021-11-29 23:17:11.605 ERROR 6224 --- [    Test worker] tourGuide.service.TourGuideService       : java.lang.NullPointerException
2021-11-29 23:17:11.605 ERROR 6224 --- [    Test worker] tourGuide.service.TourGuideService       : java.lang.NullPointerException
2021-11-29 23:17:11.605 ERROR 6224 --- [    Test worker] tourGuide.service.TourGuideService       : java.lang.NullPointerException
2021-11-29 23:17:11.605 ERROR 6224 --- [    Test worker] tourGuide.service.TourGuideService       : java.lang.NullPointerException
2021-11-29 23:17:11.605 ERROR 6224 --- [    Test worker] tourGuide.service.TourGuideService       : java.lang.NullPointerException
2021-11-29 23:17:11.605 ERROR 6224 --- [    Test worker] tourGuide.service.TourGuideService       : java.lang.NullPointerException
2021-11-29 23:17:11.605 ERROR 6224 --- [    Test worker] tourGuide.service.TourGuideService       : java.lang.NullPointerException
2021-11-29 23:17:11.605 ERROR 6224 --- [    Test worker] tourGuide.service.TourGuideService       : java.lang.NullPointerException
2021-11-29 23:17:11.605 ERROR 6224 --- [    Test worker] tourGuide.service.TourGuideService       : java.lang.NullPointerException
2021-11-29 23:17:11.605 ERROR 6224 --- [    Test worker] tourGuide.service.TourGuideService       : java.lang.NullPointerException
2021-11-29 23:17:11.605 ERROR 6224 --- [    Test worker] tourGuide.service.TourGuideService       : java.lang.NullPointerException
2021-11-29 23:17:11.605 ERROR 6224 --- [    Test worker] tourGuide.service.TourGuideService       : java.lang.NullPointerException
2021-11-29 23:17:11.605 ERROR 6224 --- [    Test worker] tourGuide.service.TourGuideService       : java.lang.NullPointerException
2021-11-29 23:17:11.606 ERROR 6224 --- [    Test worker] tourGuide.service.TourGuideService       : java.lang.NullPointerException
2021-11-29 23:17:11.606 ERROR 6224 --- [    Test worker] tourGuide.service.TourGuideService       : java.lang.NullPointerException
2021-11-29 23:17:11.606 ERROR 6224 --- [    Test worker] tourGuide.service.TourGuideService       : java.lang.NullPointerException
2021-11-29 23:17:11.606 ERROR 6224 --- [    Test worker] tourGuide.service.TourGuideService       : java.lang.NullPointerException
2021-11-29 23:17:11.606 ERROR 6224 --- [    Test worker] tourGuide.service.TourGuideService       : java.lang.NullPointerException
2021-11-29 23:17:11.606 ERROR 6224 --- [    Test worker] tourGuide.service.TourGuideService       : java.lang.NullPointerException
2021-11-29 23:17:11.606 ERROR 6224 --- [    Test worker] tourGuide.service.TourGuideService       : java.lang.NullPointerException
2021-11-29 23:17:11.606 ERROR 6224 --- [    Test worker] tourGuide.service.TourGuideService       : java.lang.NullPointerException
2021-11-29 23:17:11.606 ERROR 6224 --- [    Test worker] tourGuide.service.TourGuideService       : java.lang.NullPointerException
2021-11-29 23:17:11.606 ERROR 6224 --- [    Test worker] tourGuide.service.TourGuideService       : java.lang.NullPointerException
2021-11-29 23:17:11.606 ERROR 6224 --- [    Test worker] tourGuide.service.TourGuideService       : java.lang.NullPointerException
2021-11-29 23:17:11.606 ERROR 6224 --- [    Test worker] tourGuide.service.TourGuideService       : java.lang.NullPointerException
2021-11-29 23:17:11.606 ERROR 6224 --- [    Test worker] tourGuide.service.TourGuideService       : java.lang.NullPointerException
2021-11-29 23:17:11.606 ERROR 6224 --- [    Test worker] tourGuide.service.TourGuideService       : java.lang.NullPointerException
2021-11-29 23:17:11.606 ERROR 6224 --- [    Test worker] tourGuide.service.TourGuideService       : java.lang.NullPointerException
2021-11-29 23:17:11.606 ERROR 6224 --- [    Test worker] tourGuide.service.TourGuideService       : java.lang.NullPointerException
2021-11-29 23:17:11.606 ERROR 6224 --- [    Test worker] tourGuide.service.TourGuideService       : java.lang.NullPointerException
2021-11-29 23:17:11.606 ERROR 6224 --- [    Test worker] tourGuide.service.TourGuideService       : java.lang.NullPointerException
2021-11-29 23:17:11.606 ERROR 6224 --- [    Test worker] tourGuide.service.TourGuideService       : java.lang.NullPointerException
2021-11-29 23:17:11.606 ERROR 6224 --- [    Test worker] tourGuide.service.TourGuideService       : java.lang.NullPointerException
2021-11-29 23:17:11.606 ERROR 6224 --- [    Test worker] tourGuide.service.TourGuideService       : java.lang.NullPointerException
2021-11-29 23:17:11.606 ERROR 6224 --- [    Test worker] tourGuide.service.TourGuideService       : java.lang.NullPointerException
2021-11-29 23:17:11.607 ERROR 6224 --- [    Test worker] tourGuide.service.TourGuideService       : java.lang.NullPointerException
2021-11-29 23:17:11.607 ERROR 6224 --- [    Test worker] tourGuide.service.TourGuideService       : java.lang.NullPointerException
2021-11-29 23:17:11.607 ERROR 6224 --- [    Test worker] tourGuide.service.TourGuideService       : java.lang.NullPointerException
2021-11-29 23:17:11.607 ERROR 6224 --- [    Test worker] tourGuide.service.TourGuideService       : java.lang.NullPointerException
2021-11-29 23:17:11.607 ERROR 6224 --- [    Test worker] tourGuide.service.TourGuideService       : java.lang.NullPointerException
2021-11-29 23:17:11.607 ERROR 6224 --- [    Test worker] tourGuide.service.TourGuideService       : java.lang.NullPointerException
2021-11-29 23:17:11.607 ERROR 6224 --- [    Test worker] tourGuide.service.TourGuideService       : java.lang.NullPointerException
2021-11-29 23:17:11.607 ERROR 6224 --- [    Test worker] tourGuide.service.TourGuideService       : java.lang.NullPointerException
2021-11-29 23:17:11.607 ERROR 6224 --- [    Test worker] tourGuide.service.TourGuideService       : java.lang.NullPointerException
2021-11-29 23:17:11.607 ERROR 6224 --- [    Test worker] tourGuide.service.TourGuideService       : java.lang.NullPointerException
2021-11-29 23:17:11.607 ERROR 6224 --- [    Test worker] tourGuide.service.TourGuideService       : java.lang.NullPointerException
2021-11-29 23:17:11.613 ERROR 6224 --- [    Test worker] tourGuide.service.TourGuideService       : java.lang.NullPointerException
2021-11-29 23:17:11.617 ERROR 6224 --- [    Test worker] tourGuide.service.TourGuideService       : java.lang.NullPointerException
2021-11-29 23:17:11.620 ERROR 6224 --- [    Test worker] tourGuide.service.TourGuideService       : java.lang.NullPointerException
2021-11-29 23:17:11.620 ERROR 6224 --- [    Test worker] tourGuide.service.TourGuideService       : java.lang.NullPointerException
2021-11-29 23:17:11.620 ERROR 6224 --- [    Test worker] tourGuide.service.TourGuideService       : java.lang.NullPointerException
2021-11-29 23:17:11.620 ERROR 6224 --- [    Test worker] tourGuide.service.TourGuideService       : java.lang.NullPointerException
2021-11-29 23:17:11.623 ERROR 6224 --- [    Test worker] tourGuide.service.TourGuideService       : java.lang.NullPointerException
2021-11-29 23:17:11.623 ERROR 6224 --- [    Test worker] tourGuide.service.TourGuideService       : java.lang.NullPointerException
2021-11-29 23:17:11.624 ERROR 6224 --- [    Test worker] tourGuide.service.TourGuideService       : java.lang.NullPointerException
2021-11-29 23:17:11.624 ERROR 6224 --- [    Test worker] tourGuide.service.TourGuideService       : java.lang.NullPointerException
2021-11-29 23:17:11.624 ERROR 6224 --- [    Test worker] tourGuide.service.TourGuideService       : java.lang.NullPointerException
2021-11-29 23:17:11.624 ERROR 6224 --- [    Test worker] tourGuide.service.TourGuideService       : java.lang.NullPointerException
2021-11-29 23:17:11.624 ERROR 6224 --- [    Test worker] tourGuide.service.TourGuideService       : java.lang.NullPointerException
2021-11-29 23:17:11.624 ERROR 6224 --- [    Test worker] tourGuide.service.TourGuideService       : java.lang.NullPointerException
2021-11-29 23:17:11.624 ERROR 6224 --- [    Test worker] tourGuide.service.TourGuideService       : java.lang.NullPointerException
2021-11-29 23:17:11.624 ERROR 6224 --- [    Test worker] tourGuide.service.TourGuideService       : java.lang.NullPointerException
2021-11-29 23:17:11.624 ERROR 6224 --- [    Test worker] tourGuide.service.TourGuideService       : java.lang.NullPointerException
2021-11-29 23:17:11.624 ERROR 6224 --- [    Test worker] tourGuide.service.TourGuideService       : java.lang.NullPointerException
2021-11-29 23:17:11.624 ERROR 6224 --- [    Test worker] tourGuide.service.TourGuideService       : java.lang.NullPointerException
2021-11-29 23:17:11.624 ERROR 6224 --- [    Test worker] tourGuide.service.TourGuideService       : java.lang.NullPointerException
2021-11-29 23:17:11.624 ERROR 6224 --- [    Test worker] tourGuide.service.TourGuideService       : java.lang.NullPointerException
2021-11-29 23:17:11.624 ERROR 6224 --- [    Test worker] tourGuide.service.TourGuideService       : java.lang.NullPointerException
2021-11-29 23:17:11.624 ERROR 6224 --- [    Test worker] tourGuide.service.TourGuideService       : java.lang.NullPointerException
2021-11-29 23:17:11.624 ERROR 6224 --- [    Test worker] tourGuide.service.TourGuideService       : java.lang.NullPointerException
2021-11-29 23:17:11.624 ERROR 6224 --- [    Test worker] tourGuide.service.TourGuideService       : java.lang.NullPointerException
2021-11-29 23:17:11.624 ERROR 6224 --- [    Test worker] tourGuide.service.TourGuideService       : java.lang.NullPointerException
2021-11-29 23:17:11.624 ERROR 6224 --- [    Test worker] tourGuide.service.TourGuideService       : java.lang.NullPointerException
2021-11-29 23:17:11.624 ERROR 6224 --- [    Test worker] tourGuide.service.TourGuideService       : java.lang.NullPointerException
2021-11-29 23:17:11.624 ERROR 6224 --- [    Test worker] tourGuide.service.TourGuideService       : java.lang.NullPointerException
2021-11-29 23:17:11.624 ERROR 6224 --- [    Test worker] tourGuide.service.TourGuideService       : java.lang.NullPointerException
2021-11-29 23:17:11.624 ERROR 6224 --- [    Test worker] tourGuide.service.TourGuideService       : java.lang.NullPointerException
2021-11-29 23:17:11.624 ERROR 6224 --- [    Test worker] tourGuide.service.TourGuideService       : java.lang.NullPointerException
2021-11-29 23:17:11.624 ERROR 6224 --- [    Test worker] tourGuide.service.TourGuideService       : java.lang.NullPointerException
2021-11-29 23:17:11.624 ERROR 6224 --- [    Test worker] tourGuide.service.TourGuideService       : java.lang.NullPointerException
2021-11-29 23:17:11.625 ERROR 6224 --- [    Test worker] tourGuide.service.TourGuideService       : java.lang.NullPointerException
2021-11-29 23:17:11.625 ERROR 6224 --- [    Test worker] tourGuide.service.TourGuideService       : java.lang.NullPointerException
2021-11-29 23:17:11.625 ERROR 6224 --- [    Test worker] tourGuide.service.TourGuideService       : java.lang.NullPointerException
2021-11-29 23:17:11.625 ERROR 6224 --- [    Test worker] tourGuide.service.TourGuideService       : java.lang.NullPointerException
2021-11-29 23:17:11.625 ERROR 6224 --- [    Test worker] tourGuide.service.TourGuideService       : java.lang.NullPointerException
2021-11-29 23:17:11.625 ERROR 6224 --- [    Test worker] tourGuide.service.TourGuideService       : java.lang.NullPointerException
2021-11-29 23:17:11.625 ERROR 6224 --- [    Test worker] tourGuide.service.TourGuideService       : java.lang.NullPointerException
2021-11-29 23:17:11.625 ERROR 6224 --- [    Test worker] tourGuide.service.TourGuideService       : java.lang.NullPointerException
2021-11-29 23:17:11.625 ERROR 6224 --- [    Test worker] tourGuide.service.TourGuideService       : java.lang.NullPointerException
2021-11-29 23:17:11.625 ERROR 6224 --- [    Test worker] tourGuide.service.TourGuideService       : java.lang.NullPointerException
2021-11-29 23:17:11.625 ERROR 6224 --- [    Test worker] tourGuide.service.TourGuideService       : java.lang.NullPointerException
2021-11-29 23:17:11.625 ERROR 6224 --- [    Test worker] tourGuide.service.TourGuideService       : java.lang.NullPointerException
2021-11-29 23:17:11.625 ERROR 6224 --- [    Test worker] tourGuide.service.TourGuideService       : java.lang.NullPointerException
2021-11-29 23:17:11.625 ERROR 6224 --- [    Test worker] tourGuide.service.TourGuideService       : java.lang.NullPointerException
2021-11-29 23:17:11.625 ERROR 6224 --- [    Test worker] tourGuide.service.TourGuideService       : java.lang.NullPointerException
2021-11-29 23:17:11.625 ERROR 6224 --- [    Test worker] tourGuide.service.TourGuideService       : java.lang.NullPointerException
2021-11-29 23:17:11.626 ERROR 6224 --- [    Test worker] tourGuide.service.TourGuideService       : java.lang.NullPointerException
2021-11-29 23:17:11.626 ERROR 6224 --- [    Test worker] tourGuide.service.TourGuideService       : java.lang.NullPointerException
2021-11-29 23:17:11.626 ERROR 6224 --- [    Test worker] tourGuide.service.TourGuideService       : java.lang.NullPointerException
2021-11-29 23:17:11.626 ERROR 6224 --- [    Test worker] tourGuide.service.TourGuideService       : java.lang.NullPointerException
2021-11-29 23:17:11.626 ERROR 6224 --- [    Test worker] tourGuide.service.TourGuideService       : java.lang.NullPointerException
2021-11-29 23:17:11.626 ERROR 6224 --- [    Test worker] tourGuide.service.TourGuideService       : java.lang.NullPointerException
2021-11-29 23:17:11.626 ERROR 6224 --- [    Test worker] tourGuide.service.TourGuideService       : java.lang.NullPointerException
2021-11-29 23:17:11.626 ERROR 6224 --- [    Test worker] tourGuide.service.TourGuideService       : java.lang.NullPointerException
2021-11-29 23:17:11.626 ERROR 6224 --- [    Test worker] tourGuide.service.TourGuideService       : java.lang.NullPointerException
2021-11-29 23:17:11.626 ERROR 6224 --- [    Test worker] tourGuide.service.TourGuideService       : java.lang.NullPointerException
2021-11-29 23:17:11.627 ERROR 6224 --- [    Test worker] tourGuide.service.TourGuideService       : java.lang.NullPointerException
2021-11-29 23:17:11.627 ERROR 6224 --- [    Test worker] tourGuide.service.TourGuideService       : java.lang.NullPointerException
2021-11-29 23:17:11.627 ERROR 6224 --- [    Test worker] tourGuide.service.TourGuideService       : java.lang.NullPointerException
2021-11-29 23:17:11.627 ERROR 6224 --- [    Test worker] tourGuide.service.TourGuideService       : java.lang.NullPointerException
2021-11-29 23:17:11.627 ERROR 6224 --- [    Test worker] tourGuide.service.TourGuideService       : java.lang.NullPointerException
2021-11-29 23:17:11.627 ERROR 6224 --- [    Test worker] tourGuide.service.TourGuideService       : java.lang.NullPointerException
2021-11-29 23:17:11.627 ERROR 6224 --- [    Test worker] tourGuide.service.TourGuideService       : java.lang.NullPointerException
2021-11-29 23:17:11.627 ERROR 6224 --- [    Test worker] tourGuide.service.TourGuideService       : java.lang.NullPointerException
2021-11-29 23:17:11.627 ERROR 6224 --- [    Test worker] tourGuide.service.TourGuideService       : java.lang.NullPointerException
2021-11-29 23:17:11.627 ERROR 6224 --- [    Test worker] tourGuide.service.TourGuideService       : java.lang.NullPointerException
2021-11-29 23:17:11.627 ERROR 6224 --- [    Test worker] tourGuide.service.TourGuideService       : java.lang.NullPointerException
2021-11-29 23:17:11.628 ERROR 6224 --- [    Test worker] tourGuide.service.TourGuideService       : java.lang.NullPointerException
2021-11-29 23:17:11.628 ERROR 6224 --- [    Test worker] tourGuide.service.TourGuideService       : java.lang.NullPointerException
2021-11-29 23:17:11.628 ERROR 6224 --- [    Test worker] tourGuide.service.TourGuideService       : java.lang.NullPointerException
2021-11-29 23:17:11.628 ERROR 6224 --- [    Test worker] tourGuide.service.TourGuideService       : java.lang.NullPointerException
2021-11-29 23:17:11.628 ERROR 6224 --- [    Test worker] tourGuide.service.TourGuideService       : java.lang.NullPointerException
2021-11-29 23:17:11.629 ERROR 6224 --- [    Test worker] tourGuide.service.TourGuideService       : java.lang.NullPointerException
2021-11-29 23:17:11.629 ERROR 6224 --- [    Test worker] tourGuide.service.TourGuideService       : java.lang.NullPointerException
2021-11-29 23:17:11.629 ERROR 6224 --- [    Test worker] tourGuide.service.TourGuideService       : java.lang.NullPointerException
2021-11-29 23:17:11.629 ERROR 6224 --- [    Test worker] tourGuide.service.TourGuideService       : java.lang.NullPointerException
2021-11-29 23:17:11.629 ERROR 6224 --- [    Test worker] tourGuide.service.TourGuideService       : java.lang.NullPointerException
2021-11-29 23:17:11.629 ERROR 6224 --- [    Test worker] tourGuide.service.TourGuideService       : java.lang.NullPointerException
2021-11-29 23:17:11.629 ERROR 6224 --- [    Test worker] tourGuide.service.TourGuideService       : java.lang.NullPointerException
2021-11-29 23:17:11.629 ERROR 6224 --- [    Test worker] tourGuide.service.TourGuideService       : java.lang.NullPointerException
2021-11-29 23:17:11.629 ERROR 6224 --- [    Test worker] tourGuide.service.TourGuideService       : java.lang.NullPointerException
2021-11-29 23:17:11.630 ERROR 6224 --- [    Test worker] tourGuide.service.TourGuideService       : java.lang.NullPointerException
2021-11-29 23:17:11.630 ERROR 6224 --- [    Test worker] tourGuide.service.TourGuideService       : java.lang.NullPointerException
2021-11-29 23:17:11.630 ERROR 6224 --- [    Test worker] tourGuide.service.TourGuideService       : java.lang.NullPointerException
2021-11-29 23:17:11.630 ERROR 6224 --- [    Test worker] tourGuide.service.TourGuideService       : java.lang.NullPointerException
2021-11-29 23:17:11.630 ERROR 6224 --- [    Test worker] tourGuide.service.TourGuideService       : java.lang.NullPointerException
2021-11-29 23:17:11.630 ERROR 6224 --- [    Test worker] tourGuide.service.TourGuideService       : java.lang.NullPointerException
2021-11-29 23:17:11.630 ERROR 6224 --- [    Test worker] tourGuide.service.TourGuideService       : java.lang.NullPointerException
2021-11-29 23:17:11.630 ERROR 6224 --- [    Test worker] tourGuide.service.TourGuideService       : java.lang.NullPointerException
2021-11-29 23:17:11.630 ERROR 6224 --- [    Test worker] tourGuide.service.TourGuideService       : java.lang.NullPointerException
2021-11-29 23:17:11.630 ERROR 6224 --- [    Test worker] tourGuide.service.TourGuideService       : java.lang.NullPointerException
2021-11-29 23:17:11.630 ERROR 6224 --- [    Test worker] tourGuide.service.TourGuideService       : java.lang.NullPointerException
2021-11-29 23:17:11.630 ERROR 6224 --- [    Test worker] tourGuide.service.TourGuideService       : java.lang.NullPointerException
2021-11-29 23:17:11.630 ERROR 6224 --- [    Test worker] tourGuide.service.TourGuideService       : java.lang.NullPointerException
2021-11-29 23:17:11.630 ERROR 6224 --- [    Test worker] tourGuide.service.TourGuideService       : java.lang.NullPointerException
2021-11-29 23:17:11.630 ERROR 6224 --- [    Test worker] tourGuide.service.TourGuideService       : java.lang.NullPointerException
2021-11-29 23:17:11.630 ERROR 6224 --- [    Test worker] tourGuide.service.TourGuideService       : java.lang.NullPointerException
2021-11-29 23:17:11.631 ERROR 6224 --- [    Test worker] tourGuide.service.TourGuideService       : java.lang.NullPointerException
2021-11-29 23:17:11.631 ERROR 6224 --- [    Test worker] tourGuide.service.TourGuideService       : java.lang.NullPointerException
2021-11-29 23:17:11.631 ERROR 6224 --- [    Test worker] tourGuide.service.TourGuideService       : java.lang.NullPointerException
2021-11-29 23:17:11.631 ERROR 6224 --- [    Test worker] tourGuide.service.TourGuideService       : java.lang.NullPointerException
2021-11-29 23:17:11.631 ERROR 6224 --- [    Test worker] tourGuide.service.TourGuideService       : java.lang.NullPointerException
2021-11-29 23:17:11.631 ERROR 6224 --- [    Test worker] tourGuide.service.TourGuideService       : java.lang.NullPointerException
2021-11-29 23:17:11.631 ERROR 6224 --- [    Test worker] tourGuide.service.TourGuideService       : java.lang.NullPointerException
2021-11-29 23:17:11.631 ERROR 6224 --- [    Test worker] tourGuide.service.TourGuideService       : java.lang.NullPointerException
2021-11-29 23:17:11.631 ERROR 6224 --- [    Test worker] tourGuide.service.TourGuideService       : java.lang.NullPointerException
2021-11-29 23:17:11.631 ERROR 6224 --- [    Test worker] tourGuide.service.TourGuideService       : java.lang.NullPointerException
2021-11-29 23:17:11.631 ERROR 6224 --- [    Test worker] tourGuide.service.TourGuideService       : java.lang.NullPointerException
2021-11-29 23:17:11.631 ERROR 6224 --- [    Test worker] tourGuide.service.TourGuideService       : java.lang.NullPointerException
2021-11-29 23:17:11.631 ERROR 6224 --- [    Test worker] tourGuide.service.TourGuideService       : java.lang.NullPointerException
2021-11-29 23:17:11.632 ERROR 6224 --- [    Test worker] tourGuide.service.TourGuideService       : java.lang.NullPointerException
2021-11-29 23:17:11.632 ERROR 6224 --- [    Test worker] tourGuide.service.TourGuideService       : java.lang.NullPointerException
2021-11-29 23:17:11.632 ERROR 6224 --- [    Test worker] tourGuide.service.TourGuideService       : java.lang.NullPointerException
2021-11-29 23:17:11.632 ERROR 6224 --- [    Test worker] tourGuide.service.TourGuideService       : java.lang.NullPointerException
2021-11-29 23:17:11.632 ERROR 6224 --- [    Test worker] tourGuide.service.TourGuideService       : java.lang.NullPointerException
2021-11-29 23:17:11.632 ERROR 6224 --- [    Test worker] tourGuide.service.TourGuideService       : java.lang.NullPointerException
2021-11-29 23:17:11.632 ERROR 6224 --- [    Test worker] tourGuide.service.TourGuideService       : java.lang.NullPointerException
2021-11-29 23:17:11.632 ERROR 6224 --- [    Test worker] tourGuide.service.TourGuideService       : java.lang.NullPointerException
2021-11-29 23:17:11.632 ERROR 6224 --- [    Test worker] tourGuide.service.TourGuideService       : java.lang.NullPointerException
2021-11-29 23:17:11.632 ERROR 6224 --- [    Test worker] tourGuide.service.TourGuideService       : java.lang.NullPointerException
2021-11-29 23:17:11.632 ERROR 6224 --- [    Test worker] tourGuide.service.TourGuideService       : java.lang.NullPointerException
2021-11-29 23:17:11.632 ERROR 6224 --- [    Test worker] tourGuide.service.TourGuideService       : java.lang.NullPointerException
2021-11-29 23:17:11.632 ERROR 6224 --- [    Test worker] tourGuide.service.TourGuideService       : java.lang.NullPointerException
2021-11-29 23:17:11.632 ERROR 6224 --- [    Test worker] tourGuide.service.TourGuideService       : java.lang.NullPointerException
2021-11-29 23:17:11.632 ERROR 6224 --- [    Test worker] tourGuide.service.TourGuideService       : java.lang.NullPointerException
2021-11-29 23:17:11.632 ERROR 6224 --- [    Test worker] tourGuide.service.TourGuideService       : java.lang.NullPointerException
2021-11-29 23:17:11.632 ERROR 6224 --- [    Test worker] tourGuide.service.TourGuideService       : java.lang.NullPointerException
2021-11-29 23:17:11.632 ERROR 6224 --- [    Test worker] tourGuide.service.TourGuideService       : java.lang.NullPointerException
2021-11-29 23:17:11.632 ERROR 6224 --- [    Test worker] tourGuide.service.TourGuideService       : java.lang.NullPointerException
2021-11-29 23:17:11.632 ERROR 6224 --- [    Test worker] tourGuide.service.TourGuideService       : java.lang.NullPointerException
2021-11-29 23:17:11.632 ERROR 6224 --- [    Test worker] tourGuide.service.TourGuideService       : java.lang.NullPointerException
2021-11-29 23:17:11.633 ERROR 6224 --- [    Test worker] tourGuide.service.TourGuideService       : java.lang.NullPointerException
2021-11-29 23:17:11.633 ERROR 6224 --- [    Test worker] tourGuide.service.TourGuideService       : java.lang.NullPointerException
2021-11-29 23:17:11.633 ERROR 6224 --- [    Test worker] tourGuide.service.TourGuideService       : java.lang.NullPointerException
2021-11-29 23:17:11.633 ERROR 6224 --- [    Test worker] tourGuide.service.TourGuideService       : java.lang.NullPointerException
2021-11-29 23:17:11.633 ERROR 6224 --- [    Test worker] tourGuide.service.TourGuideService       : java.lang.NullPointerException
2021-11-29 23:17:11.633 ERROR 6224 --- [    Test worker] tourGuide.service.TourGuideService       : java.lang.NullPointerException
2021-11-29 23:17:11.633 ERROR 6224 --- [    Test worker] tourGuide.service.TourGuideService       : java.lang.NullPointerException
2021-11-29 23:17:11.633 ERROR 6224 --- [    Test worker] tourGuide.service.TourGuideService       : java.lang.NullPointerException
2021-11-29 23:17:11.633 ERROR 6224 --- [    Test worker] tourGuide.service.TourGuideService       : java.lang.NullPointerException
2021-11-29 23:17:11.633 ERROR 6224 --- [    Test worker] tourGuide.service.TourGuideService       : java.lang.NullPointerException
2021-11-29 23:17:11.633 ERROR 6224 --- [    Test worker] tourGuide.service.TourGuideService       : java.lang.NullPointerException
2021-11-29 23:17:11.633 ERROR 6224 --- [    Test worker] tourGuide.service.TourGuideService       : java.lang.NullPointerException
2021-11-29 23:17:11.633 ERROR 6224 --- [    Test worker] tourGuide.service.TourGuideService       : java.lang.NullPointerException
2021-11-29 23:17:11.634 ERROR 6224 --- [    Test worker] tourGuide.service.TourGuideService       : java.lang.NullPointerException
2021-11-29 23:17:11.634 ERROR 6224 --- [    Test worker] tourGuide.service.TourGuideService       : java.lang.NullPointerException
2021-11-29 23:17:11.634 ERROR 6224 --- [    Test worker] tourGuide.service.TourGuideService       : java.lang.NullPointerException
2021-11-29 23:17:11.634 ERROR 6224 --- [    Test worker] tourGuide.service.TourGuideService       : java.lang.NullPointerException
2021-11-29 23:17:11.634 ERROR 6224 --- [    Test worker] tourGuide.service.TourGuideService       : java.lang.NullPointerException
2021-11-29 23:17:11.634 ERROR 6224 --- [    Test worker] tourGuide.service.TourGuideService       : java.lang.NullPointerException
2021-11-29 23:17:11.634 ERROR 6224 --- [    Test worker] tourGuide.service.TourGuideService       : java.lang.NullPointerException
2021-11-29 23:17:11.634 ERROR 6224 --- [    Test worker] tourGuide.service.TourGuideService       : java.lang.NullPointerException
2021-11-29 23:17:11.634 ERROR 6224 --- [    Test worker] tourGuide.service.TourGuideService       : java.lang.NullPointerException
2021-11-29 23:17:11.634 ERROR 6224 --- [    Test worker] tourGuide.service.TourGuideService       : java.lang.NullPointerException
2021-11-29 23:17:11.635 ERROR 6224 --- [    Test worker] tourGuide.service.TourGuideService       : java.lang.NullPointerException
2021-11-29 23:17:11.635 ERROR 6224 --- [    Test worker] tourGuide.service.TourGuideService       : java.lang.NullPointerException
2021-11-29 23:17:11.635 ERROR 6224 --- [    Test worker] tourGuide.service.TourGuideService       : java.lang.NullPointerException
2021-11-29 23:17:11.635 ERROR 6224 --- [    Test worker] tourGuide.service.TourGuideService       : java.lang.NullPointerException
2021-11-29 23:17:11.635 ERROR 6224 --- [    Test worker] tourGuide.service.TourGuideService       : java.lang.NullPointerException
2021-11-29 23:17:11.635 ERROR 6224 --- [    Test worker] tourGuide.service.TourGuideService       : java.lang.NullPointerException
2021-11-29 23:17:11.635 ERROR 6224 --- [    Test worker] tourGuide.service.TourGuideService       : java.lang.NullPointerException
2021-11-29 23:17:11.635 ERROR 6224 --- [    Test worker] tourGuide.service.TourGuideService       : java.lang.NullPointerException
2021-11-29 23:17:11.635 ERROR 6224 --- [    Test worker] tourGuide.service.TourGuideService       : java.lang.NullPointerException
2021-11-29 23:17:11.635 ERROR 6224 --- [    Test worker] tourGuide.service.TourGuideService       : java.lang.NullPointerException
2021-11-29 23:17:11.635 ERROR 6224 --- [    Test worker] tourGuide.service.TourGuideService       : java.lang.NullPointerException
2021-11-29 23:17:11.635 ERROR 6224 --- [    Test worker] tourGuide.service.TourGuideService       : java.lang.NullPointerException
2021-11-29 23:17:11.635 ERROR 6224 --- [    Test worker] tourGuide.service.TourGuideService       : java.lang.NullPointerException
2021-11-29 23:17:11.635 ERROR 6224 --- [    Test worker] tourGuide.service.TourGuideService       : java.lang.NullPointerException
2021-11-29 23:17:11.635 ERROR 6224 --- [    Test worker] tourGuide.service.TourGuideService       : java.lang.NullPointerException
2021-11-29 23:17:11.635 ERROR 6224 --- [    Test worker] tourGuide.service.TourGuideService       : java.lang.NullPointerException
2021-11-29 23:17:11.635 ERROR 6224 --- [    Test worker] tourGuide.service.TourGuideService       : java.lang.NullPointerException
2021-11-29 23:17:11.635 ERROR 6224 --- [    Test worker] tourGuide.service.TourGuideService       : java.lang.NullPointerException
2021-11-29 23:17:11.635 ERROR 6224 --- [    Test worker] tourGuide.service.TourGuideService       : java.lang.NullPointerException
2021-11-29 23:17:11.635 ERROR 6224 --- [    Test worker] tourGuide.service.TourGuideService       : java.lang.NullPointerException
2021-11-29 23:17:11.635 ERROR 6224 --- [    Test worker] tourGuide.service.TourGuideService       : java.lang.NullPointerException
2021-11-29 23:17:11.635 ERROR 6224 --- [    Test worker] tourGuide.service.TourGuideService       : java.lang.NullPointerException
2021-11-29 23:17:11.635 ERROR 6224 --- [    Test worker] tourGuide.service.TourGuideService       : java.lang.NullPointerException
2021-11-29 23:17:11.635 ERROR 6224 --- [    Test worker] tourGuide.service.TourGuideService       : java.lang.NullPointerException
2021-11-29 23:17:11.635 ERROR 6224 --- [    Test worker] tourGuide.service.TourGuideService       : java.lang.NullPointerException
2021-11-29 23:17:11.635 ERROR 6224 --- [    Test worker] tourGuide.service.TourGuideService       : java.lang.NullPointerException
2021-11-29 23:17:11.636 ERROR 6224 --- [    Test worker] tourGuide.service.TourGuideService       : java.lang.NullPointerException
2021-11-29 23:17:11.636 ERROR 6224 --- [    Test worker] tourGuide.service.TourGuideService       : java.lang.NullPointerException
2021-11-29 23:17:11.636 ERROR 6224 --- [    Test worker] tourGuide.service.TourGuideService       : java.lang.NullPointerException
2021-11-29 23:17:11.636 ERROR 6224 --- [    Test worker] tourGuide.service.TourGuideService       : java.lang.NullPointerException
2021-11-29 23:17:11.636 ERROR 6224 --- [    Test worker] tourGuide.service.TourGuideService       : java.lang.NullPointerException
2021-11-29 23:17:11.636 ERROR 6224 --- [    Test worker] tourGuide.service.TourGuideService       : java.lang.NullPointerException
2021-11-29 23:17:11.636 ERROR 6224 --- [    Test worker] tourGuide.service.TourGuideService       : java.lang.NullPointerException
2021-11-29 23:17:11.636 ERROR 6224 --- [    Test worker] tourGuide.service.TourGuideService       : java.lang.NullPointerException
2021-11-29 23:17:11.636 ERROR 6224 --- [    Test worker] tourGuide.service.TourGuideService       : java.lang.NullPointerException
2021-11-29 23:17:11.636 ERROR 6224 --- [    Test worker] tourGuide.service.TourGuideService       : java.lang.NullPointerException
2021-11-29 23:17:11.636 ERROR 6224 --- [    Test worker] tourGuide.service.TourGuideService       : java.lang.NullPointerException
2021-11-29 23:17:11.636 ERROR 6224 --- [    Test worker] tourGuide.service.TourGuideService       : java.lang.NullPointerException
2021-11-29 23:17:11.636 ERROR 6224 --- [    Test worker] tourGuide.service.TourGuideService       : java.lang.NullPointerException
2021-11-29 23:17:11.636 ERROR 6224 --- [    Test worker] tourGuide.service.TourGuideService       : java.lang.NullPointerException
2021-11-29 23:17:11.636 ERROR 6224 --- [    Test worker] tourGuide.service.TourGuideService       : java.lang.NullPointerException
2021-11-29 23:17:11.636 ERROR 6224 --- [    Test worker] tourGuide.service.TourGuideService       : java.lang.NullPointerException
2021-11-29 23:17:11.637 ERROR 6224 --- [    Test worker] tourGuide.service.TourGuideService       : java.lang.NullPointerException
2021-11-29 23:17:11.637 ERROR 6224 --- [    Test worker] tourGuide.service.TourGuideService       : java.lang.NullPointerException
2021-11-29 23:17:11.637 ERROR 6224 --- [    Test worker] tourGuide.service.TourGuideService       : java.lang.NullPointerException
2021-11-29 23:17:11.637 ERROR 6224 --- [    Test worker] tourGuide.service.TourGuideService       : java.lang.NullPointerException
2021-11-29 23:17:11.637 ERROR 6224 --- [    Test worker] tourGuide.service.TourGuideService       : java.lang.NullPointerException
2021-11-29 23:17:11.637 ERROR 6224 --- [    Test worker] tourGuide.service.TourGuideService       : java.lang.NullPointerException
2021-11-29 23:17:11.637 ERROR 6224 --- [    Test worker] tourGuide.service.TourGuideService       : java.lang.NullPointerException
2021-11-29 23:17:11.637 ERROR 6224 --- [    Test worker] tourGuide.service.TourGuideService       : java.lang.NullPointerException
2021-11-29 23:17:11.637 ERROR 6224 --- [    Test worker] tourGuide.service.TourGuideService       : java.lang.NullPointerException
2021-11-29 23:17:11.637 ERROR 6224 --- [    Test worker] tourGuide.service.TourGuideService       : java.lang.NullPointerException
2021-11-29 23:17:11.638 ERROR 6224 --- [    Test worker] tourGuide.service.TourGuideService       : java.lang.NullPointerException
2021-11-29 23:17:11.638 ERROR 6224 --- [    Test worker] tourGuide.service.TourGuideService       : java.lang.NullPointerException
2021-11-29 23:17:11.638 ERROR 6224 --- [    Test worker] tourGuide.service.TourGuideService       : java.lang.NullPointerException
2021-11-29 23:17:11.638 ERROR 6224 --- [    Test worker] tourGuide.service.TourGuideService       : java.lang.NullPointerException
2021-11-29 23:17:11.638 ERROR 6224 --- [    Test worker] tourGuide.service.TourGuideService       : java.lang.NullPointerException
2021-11-29 23:17:11.638 ERROR 6224 --- [    Test worker] tourGuide.service.TourGuideService       : java.lang.NullPointerException
2021-11-29 23:17:11.638 ERROR 6224 --- [    Test worker] tourGuide.service.TourGuideService       : java.lang.NullPointerException
2021-11-29 23:17:11.638 ERROR 6224 --- [    Test worker] tourGuide.service.TourGuideService       : java.lang.NullPointerException
2021-11-29 23:17:11.638 ERROR 6224 --- [    Test worker] tourGuide.service.TourGuideService       : java.lang.NullPointerException
2021-11-29 23:17:11.638 ERROR 6224 --- [    Test worker] tourGuide.service.TourGuideService       : java.lang.NullPointerException
2021-11-29 23:17:11.638 ERROR 6224 --- [    Test worker] tourGuide.service.TourGuideService       : java.lang.NullPointerException
2021-11-29 23:17:11.638 ERROR 6224 --- [    Test worker] tourGuide.service.TourGuideService       : java.lang.NullPointerException
2021-11-29 23:17:11.638 ERROR 6224 --- [    Test worker] tourGuide.service.TourGuideService       : java.lang.NullPointerException
2021-11-29 23:17:11.638 ERROR 6224 --- [    Test worker] tourGuide.service.TourGuideService       : java.lang.NullPointerException
2021-11-29 23:17:11.638 ERROR 6224 --- [    Test worker] tourGuide.service.TourGuideService       : java.lang.NullPointerException
2021-11-29 23:17:11.638 ERROR 6224 --- [    Test worker] tourGuide.service.TourGuideService       : java.lang.NullPointerException
2021-11-29 23:17:11.638 ERROR 6224 --- [    Test worker] tourGuide.service.TourGuideService       : java.lang.NullPointerException
2021-11-29 23:17:11.638 ERROR 6224 --- [    Test worker] tourGuide.service.TourGuideService       : java.lang.NullPointerException
2021-11-29 23:17:11.638 ERROR 6224 --- [    Test worker] tourGuide.service.TourGuideService       : java.lang.NullPointerException
2021-11-29 23:17:11.638 ERROR 6224 --- [    Test worker] tourGuide.service.TourGuideService       : java.lang.NullPointerException
2021-11-29 23:17:11.638 ERROR 6224 --- [    Test worker] tourGuide.service.TourGuideService       : java.lang.NullPointerException
2021-11-29 23:17:11.638 ERROR 6224 --- [    Test worker] tourGuide.service.TourGuideService       : java.lang.NullPointerException
2021-11-29 23:17:11.638 ERROR 6224 --- [    Test worker] tourGuide.service.TourGuideService       : java.lang.NullPointerException
2021-11-29 23:17:11.638 ERROR 6224 --- [    Test worker] tourGuide.service.TourGuideService       : java.lang.NullPointerException
2021-11-29 23:17:11.638 ERROR 6224 --- [    Test worker] tourGuide.service.TourGuideService       : java.lang.NullPointerException
2021-11-29 23:17:11.638 ERROR 6224 --- [    Test worker] tourGuide.service.TourGuideService       : java.lang.NullPointerException
2021-11-29 23:17:11.638 ERROR 6224 --- [    Test worker] tourGuide.service.TourGuideService       : java.lang.NullPointerException
2021-11-29 23:17:11.638 ERROR 6224 --- [    Test worker] tourGuide.service.TourGuideService       : java.lang.NullPointerException
2021-11-29 23:17:11.638 ERROR 6224 --- [    Test worker] tourGuide.service.TourGuideService       : java.lang.NullPointerException
2021-11-29 23:17:11.638 ERROR 6224 --- [    Test worker] tourGuide.service.TourGuideService       : java.lang.NullPointerException
2021-11-29 23:17:11.638 ERROR 6224 --- [    Test worker] tourGuide.service.TourGuideService       : java.lang.NullPointerException
2021-11-29 23:17:11.639 ERROR 6224 --- [    Test worker] tourGuide.service.TourGuideService       : java.lang.NullPointerException
2021-11-29 23:17:11.639 ERROR 6224 --- [    Test worker] tourGuide.service.TourGuideService       : java.lang.NullPointerException
2021-11-29 23:17:11.639 ERROR 6224 --- [    Test worker] tourGuide.service.TourGuideService       : java.lang.NullPointerException
2021-11-29 23:17:11.639 ERROR 6224 --- [    Test worker] tourGuide.service.TourGuideService       : java.lang.NullPointerException
2021-11-29 23:17:11.639 ERROR 6224 --- [    Test worker] tourGuide.service.TourGuideService       : java.lang.NullPointerException
2021-11-29 23:17:11.639 ERROR 6224 --- [    Test worker] tourGuide.service.TourGuideService       : java.lang.NullPointerException
2021-11-29 23:17:11.639 ERROR 6224 --- [    Test worker] tourGuide.service.TourGuideService       : java.lang.NullPointerException
2021-11-29 23:17:11.639 ERROR 6224 --- [    Test worker] tourGuide.service.TourGuideService       : java.lang.NullPointerException
2021-11-29 23:17:11.639 ERROR 6224 --- [    Test worker] tourGuide.service.TourGuideService       : java.lang.NullPointerException
2021-11-29 23:17:11.639 ERROR 6224 --- [    Test worker] tourGuide.service.TourGuideService       : java.lang.NullPointerException
2021-11-29 23:17:11.639 ERROR 6224 --- [    Test worker] tourGuide.service.TourGuideService       : java.lang.NullPointerException
2021-11-29 23:17:11.639 ERROR 6224 --- [    Test worker] tourGuide.service.TourGuideService       : java.lang.NullPointerException
2021-11-29 23:17:11.639 ERROR 6224 --- [    Test worker] tourGuide.service.TourGuideService       : java.lang.NullPointerException
2021-11-29 23:17:11.639 ERROR 6224 --- [    Test worker] tourGuide.service.TourGuideService       : java.lang.NullPointerException
2021-11-29 23:17:11.639 ERROR 6224 --- [    Test worker] tourGuide.service.TourGuideService       : java.lang.NullPointerException
2021-11-29 23:17:11.639 ERROR 6224 --- [    Test worker] tourGuide.service.TourGuideService       : java.lang.NullPointerException
2021-11-29 23:17:11.640 ERROR 6224 --- [    Test worker] tourGuide.service.TourGuideService       : java.lang.NullPointerException
2021-11-29 23:17:11.640 ERROR 6224 --- [    Test worker] tourGuide.service.TourGuideService       : java.lang.NullPointerException
2021-11-29 23:17:11.640 ERROR 6224 --- [    Test worker] tourGuide.service.TourGuideService       : java.lang.NullPointerException
2021-11-29 23:17:11.640 ERROR 6224 --- [    Test worker] tourGuide.service.TourGuideService       : java.lang.NullPointerException
2021-11-29 23:17:11.640 ERROR 6224 --- [    Test worker] tourGuide.service.TourGuideService       : java.lang.NullPointerException
2021-11-29 23:17:11.640 ERROR 6224 --- [    Test worker] tourGuide.service.TourGuideService       : java.lang.NullPointerException
2021-11-29 23:17:11.640 ERROR 6224 --- [    Test worker] tourGuide.service.TourGuideService       : java.lang.NullPointerException
2021-11-29 23:17:11.640 ERROR 6224 --- [    Test worker] tourGuide.service.TourGuideService       : java.lang.NullPointerException
2021-11-29 23:17:11.640 ERROR 6224 --- [    Test worker] tourGuide.service.TourGuideService       : java.lang.NullPointerException
2021-11-29 23:17:11.640 ERROR 6224 --- [    Test worker] tourGuide.service.TourGuideService       : java.lang.NullPointerException
2021-11-29 23:17:11.640 ERROR 6224 --- [    Test worker] tourGuide.service.TourGuideService       : java.lang.NullPointerException
2021-11-29 23:17:11.640 ERROR 6224 --- [    Test worker] tourGuide.service.TourGuideService       : java.lang.NullPointerException
2021-11-29 23:17:11.640 ERROR 6224 --- [    Test worker] tourGuide.service.TourGuideService       : java.lang.NullPointerException
2021-11-29 23:17:11.640 ERROR 6224 --- [    Test worker] tourGuide.service.TourGuideService       : java.lang.NullPointerException
2021-11-29 23:17:11.640 ERROR 6224 --- [    Test worker] tourGuide.service.TourGuideService       : java.lang.NullPointerException
2021-11-29 23:17:11.640 ERROR 6224 --- [    Test worker] tourGuide.service.TourGuideService       : java.lang.NullPointerException
2021-11-29 23:17:11.640 ERROR 6224 --- [    Test worker] tourGuide.service.TourGuideService       : java.lang.NullPointerException
2021-11-29 23:17:11.640 ERROR 6224 --- [    Test worker] tourGuide.service.TourGuideService       : java.lang.NullPointerException
2021-11-29 23:17:11.640 ERROR 6224 --- [    Test worker] tourGuide.service.TourGuideService       : java.lang.NullPointerException
2021-11-29 23:17:11.640 ERROR 6224 --- [    Test worker] tourGuide.service.TourGuideService       : java.lang.NullPointerException
2021-11-29 23:17:11.640 ERROR 6224 --- [    Test worker] tourGuide.service.TourGuideService       : java.lang.NullPointerException
2021-11-29 23:17:11.640 ERROR 6224 --- [    Test worker] tourGuide.service.TourGuideService       : java.lang.NullPointerException
2021-11-29 23:17:11.640 ERROR 6224 --- [    Test worker] tourGuide.service.TourGuideService       : java.lang.NullPointerException
2021-11-29 23:17:11.640 ERROR 6224 --- [    Test worker] tourGuide.service.TourGuideService       : java.lang.NullPointerException
2021-11-29 23:17:11.641 ERROR 6224 --- [    Test worker] tourGuide.service.TourGuideService       : java.lang.NullPointerException
2021-11-29 23:17:11.641 ERROR 6224 --- [    Test worker] tourGuide.service.TourGuideService       : java.lang.NullPointerException
2021-11-29 23:17:11.641 ERROR 6224 --- [    Test worker] tourGuide.service.TourGuideService       : java.lang.NullPointerException
2021-11-29 23:17:11.641 ERROR 6224 --- [    Test worker] tourGuide.service.TourGuideService       : java.lang.NullPointerException
2021-11-29 23:17:11.641 ERROR 6224 --- [    Test worker] tourGuide.service.TourGuideService       : java.lang.NullPointerException
2021-11-29 23:17:11.641 ERROR 6224 --- [    Test worker] tourGuide.service.TourGuideService       : java.lang.NullPointerException
2021-11-29 23:17:11.641 ERROR 6224 --- [    Test worker] tourGuide.service.TourGuideService       : java.lang.NullPointerException
2021-11-29 23:17:11.641 ERROR 6224 --- [    Test worker] tourGuide.service.TourGuideService       : java.lang.NullPointerException
2021-11-29 23:17:11.641 ERROR 6224 --- [    Test worker] tourGuide.service.TourGuideService       : java.lang.NullPointerException
2021-11-29 23:17:11.641 ERROR 6224 --- [    Test worker] tourGuide.service.TourGuideService       : java.lang.NullPointerException
2021-11-29 23:17:11.641 ERROR 6224 --- [    Test worker] tourGuide.service.TourGuideService       : java.lang.NullPointerException
2021-11-29 23:17:11.641 ERROR 6224 --- [    Test worker] tourGuide.service.TourGuideService       : java.lang.NullPointerException
2021-11-29 23:17:11.641 ERROR 6224 --- [    Test worker] tourGuide.service.TourGuideService       : java.lang.NullPointerException
2021-11-29 23:17:11.641 ERROR 6224 --- [    Test worker] tourGuide.service.TourGuideService       : java.lang.NullPointerException
2021-11-29 23:17:11.641 ERROR 6224 --- [    Test worker] tourGuide.service.TourGuideService       : java.lang.NullPointerException
2021-11-29 23:17:11.641 ERROR 6224 --- [    Test worker] tourGuide.service.TourGuideService       : java.lang.NullPointerException
2021-11-29 23:17:11.641 ERROR 6224 --- [    Test worker] tourGuide.service.TourGuideService       : java.lang.NullPointerException
2021-11-29 23:17:11.641 ERROR 6224 --- [    Test worker] tourGuide.service.TourGuideService       : java.lang.NullPointerException
2021-11-29 23:17:11.641 ERROR 6224 --- [    Test worker] tourGuide.service.TourGuideService       : java.lang.NullPointerException
2021-11-29 23:17:11.641 ERROR 6224 --- [    Test worker] tourGuide.service.TourGuideService       : java.lang.NullPointerException
2021-11-29 23:17:11.641 ERROR 6224 --- [    Test worker] tourGuide.service.TourGuideService       : java.lang.NullPointerException
2021-11-29 23:17:11.641 ERROR 6224 --- [    Test worker] tourGuide.service.TourGuideService       : java.lang.NullPointerException
2021-11-29 23:17:11.642 ERROR 6224 --- [    Test worker] tourGuide.service.TourGuideService       : java.lang.NullPointerException
2021-11-29 23:17:11.642 ERROR 6224 --- [    Test worker] tourGuide.service.TourGuideService       : java.lang.NullPointerException
2021-11-29 23:17:11.642 ERROR 6224 --- [    Test worker] tourGuide.service.TourGuideService       : java.lang.NullPointerException
2021-11-29 23:17:11.642 ERROR 6224 --- [    Test worker] tourGuide.service.TourGuideService       : java.lang.NullPointerException
2021-11-29 23:17:11.642 ERROR 6224 --- [    Test worker] tourGuide.service.TourGuideService       : java.lang.NullPointerException
2021-11-29 23:17:11.642 ERROR 6224 --- [    Test worker] tourGuide.service.TourGuideService       : java.lang.NullPointerException
2021-11-29 23:17:11.642 ERROR 6224 --- [    Test worker] tourGuide.service.TourGuideService       : java.lang.NullPointerException
2021-11-29 23:17:11.642 ERROR 6224 --- [    Test worker] tourGuide.service.TourGuideService       : java.lang.NullPointerException
2021-11-29 23:17:11.642 ERROR 6224 --- [    Test worker] tourGuide.service.TourGuideService       : java.lang.NullPointerException
2021-11-29 23:17:11.642 ERROR 6224 --- [    Test worker] tourGuide.service.TourGuideService       : java.lang.NullPointerException
2021-11-29 23:17:11.642 ERROR 6224 --- [    Test worker] tourGuide.service.TourGuideService       : java.lang.NullPointerException
2021-11-29 23:17:11.642 ERROR 6224 --- [    Test worker] tourGuide.service.TourGuideService       : java.lang.NullPointerException
2021-11-29 23:17:11.642 ERROR 6224 --- [    Test worker] tourGuide.service.TourGuideService       : java.lang.NullPointerException
2021-11-29 23:17:11.642 ERROR 6224 --- [    Test worker] tourGuide.service.TourGuideService       : java.lang.NullPointerException
2021-11-29 23:17:11.642 ERROR 6224 --- [    Test worker] tourGuide.service.TourGuideService       : java.lang.NullPointerException
2021-11-29 23:17:11.642 ERROR 6224 --- [    Test worker] tourGuide.service.TourGuideService       : java.lang.NullPointerException
2021-11-29 23:17:11.642 ERROR 6224 --- [    Test worker] tourGuide.service.TourGuideService       : java.lang.NullPointerException
2021-11-29 23:17:11.642 ERROR 6224 --- [    Test worker] tourGuide.service.TourGuideService       : java.lang.NullPointerException
2021-11-29 23:17:11.642 ERROR 6224 --- [    Test worker] tourGuide.service.TourGuideService       : java.lang.NullPointerException
2021-11-29 23:17:11.642 ERROR 6224 --- [    Test worker] tourGuide.service.TourGuideService       : java.lang.NullPointerException
2021-11-29 23:17:11.642 ERROR 6224 --- [    Test worker] tourGuide.service.TourGuideService       : java.lang.NullPointerException
2021-11-29 23:17:11.642 ERROR 6224 --- [    Test worker] tourGuide.service.TourGuideService       : java.lang.NullPointerException
2021-11-29 23:17:11.643 ERROR 6224 --- [    Test worker] tourGuide.service.TourGuideService       : java.lang.NullPointerException
2021-11-29 23:17:11.643 ERROR 6224 --- [    Test worker] tourGuide.service.TourGuideService       : java.lang.NullPointerException
2021-11-29 23:17:11.643 ERROR 6224 --- [    Test worker] tourGuide.service.TourGuideService       : java.lang.NullPointerException
2021-11-29 23:17:11.643 ERROR 6224 --- [    Test worker] tourGuide.service.TourGuideService       : java.lang.NullPointerException
2021-11-29 23:17:11.643 ERROR 6224 --- [    Test worker] tourGuide.service.TourGuideService       : java.lang.NullPointerException
2021-11-29 23:17:11.643 ERROR 6224 --- [    Test worker] tourGuide.service.TourGuideService       : java.lang.NullPointerException
2021-11-29 23:17:11.643 ERROR 6224 --- [    Test worker] tourGuide.service.TourGuideService       : java.lang.NullPointerException
2021-11-29 23:17:11.643 ERROR 6224 --- [    Test worker] tourGuide.service.TourGuideService       : java.lang.NullPointerException
2021-11-29 23:17:11.644 ERROR 6224 --- [    Test worker] tourGuide.service.TourGuideService       : java.lang.NullPointerException
2021-11-29 23:17:11.644 ERROR 6224 --- [    Test worker] tourGuide.service.TourGuideService       : java.lang.NullPointerException
2021-11-29 23:17:11.644 ERROR 6224 --- [    Test worker] tourGuide.service.TourGuideService       : java.lang.NullPointerException
2021-11-29 23:17:11.644 ERROR 6224 --- [    Test worker] tourGuide.service.TourGuideService       : java.lang.NullPointerException
2021-11-29 23:17:11.644 ERROR 6224 --- [    Test worker] tourGuide.service.TourGuideService       : java.lang.NullPointerException
2021-11-29 23:17:11.644 ERROR 6224 --- [    Test worker] tourGuide.service.TourGuideService       : java.lang.NullPointerException
2021-11-29 23:17:11.644 ERROR 6224 --- [    Test worker] tourGuide.service.TourGuideService       : java.lang.NullPointerException
2021-11-29 23:17:11.644 ERROR 6224 --- [    Test worker] tourGuide.service.TourGuideService       : java.lang.NullPointerException
2021-11-29 23:17:11.644 ERROR 6224 --- [    Test worker] tourGuide.service.TourGuideService       : java.lang.NullPointerException
2021-11-29 23:17:11.644 ERROR 6224 --- [    Test worker] tourGuide.service.TourGuideService       : java.lang.NullPointerException
2021-11-29 23:17:11.644 ERROR 6224 --- [    Test worker] tourGuide.service.TourGuideService       : java.lang.NullPointerException
2021-11-29 23:17:11.644 ERROR 6224 --- [    Test worker] tourGuide.service.TourGuideService       : java.lang.NullPointerException
2021-11-29 23:17:11.644 ERROR 6224 --- [    Test worker] tourGuide.service.TourGuideService       : java.lang.NullPointerException
2021-11-29 23:17:11.644 ERROR 6224 --- [    Test worker] tourGuide.service.TourGuideService       : java.lang.NullPointerException
2021-11-29 23:17:11.644 ERROR 6224 --- [    Test worker] tourGuide.service.TourGuideService       : java.lang.NullPointerException
2021-11-29 23:17:11.644 ERROR 6224 --- [    Test worker] tourGuide.service.TourGuideService       : java.lang.NullPointerException
2021-11-29 23:17:11.644 ERROR 6224 --- [    Test worker] tourGuide.service.TourGuideService       : java.lang.NullPointerException
2021-11-29 23:17:11.645 ERROR 6224 --- [    Test worker] tourGuide.service.TourGuideService       : java.lang.NullPointerException
2021-11-29 23:17:11.645 ERROR 6224 --- [    Test worker] tourGuide.service.TourGuideService       : java.lang.NullPointerException
2021-11-29 23:17:11.645 ERROR 6224 --- [    Test worker] tourGuide.service.TourGuideService       : java.lang.NullPointerException
2021-11-29 23:17:11.645 ERROR 6224 --- [    Test worker] tourGuide.service.TourGuideService       : java.lang.NullPointerException
2021-11-29 23:17:11.645 ERROR 6224 --- [    Test worker] tourGuide.service.TourGuideService       : java.lang.NullPointerException
2021-11-29 23:17:11.645 ERROR 6224 --- [    Test worker] tourGuide.service.TourGuideService       : java.lang.NullPointerException
2021-11-29 23:17:11.645 ERROR 6224 --- [    Test worker] tourGuide.service.TourGuideService       : java.lang.NullPointerException
2021-11-29 23:17:11.645 ERROR 6224 --- [    Test worker] tourGuide.service.TourGuideService       : java.lang.NullPointerException
2021-11-29 23:17:11.645 ERROR 6224 --- [    Test worker] tourGuide.service.TourGuideService       : java.lang.NullPointerException
2021-11-29 23:17:11.645 ERROR 6224 --- [    Test worker] tourGuide.service.TourGuideService       : java.lang.NullPointerException
2021-11-29 23:17:11.645 ERROR 6224 --- [    Test worker] tourGuide.service.TourGuideService       : java.lang.NullPointerException
2021-11-29 23:17:11.645 ERROR 6224 --- [    Test worker] tourGuide.service.TourGuideService       : java.lang.NullPointerException
2021-11-29 23:17:11.645 ERROR 6224 --- [    Test worker] tourGuide.service.TourGuideService       : java.lang.NullPointerException
2021-11-29 23:17:11.645 ERROR 6224 --- [    Test worker] tourGuide.service.TourGuideService       : java.lang.NullPointerException
2021-11-29 23:17:11.645 ERROR 6224 --- [    Test worker] tourGuide.service.TourGuideService       : java.lang.NullPointerException
2021-11-29 23:17:11.645 ERROR 6224 --- [    Test worker] tourGuide.service.TourGuideService       : java.lang.NullPointerException
2021-11-29 23:17:11.645 ERROR 6224 --- [    Test worker] tourGuide.service.TourGuideService       : java.lang.NullPointerException
2021-11-29 23:17:11.645 ERROR 6224 --- [    Test worker] tourGuide.service.TourGuideService       : java.lang.NullPointerException
2021-11-29 23:17:11.645 ERROR 6224 --- [    Test worker] tourGuide.service.TourGuideService       : java.lang.NullPointerException
2021-11-29 23:17:11.646 ERROR 6224 --- [    Test worker] tourGuide.service.TourGuideService       : java.lang.NullPointerException
2021-11-29 23:17:11.646 ERROR 6224 --- [    Test worker] tourGuide.service.TourGuideService       : java.lang.NullPointerException
2021-11-29 23:17:11.646 ERROR 6224 --- [    Test worker] tourGuide.service.TourGuideService       : java.lang.NullPointerException
2021-11-29 23:17:11.646 ERROR 6224 --- [    Test worker] tourGuide.service.TourGuideService       : java.lang.NullPointerException
2021-11-29 23:17:11.646 ERROR 6224 --- [    Test worker] tourGuide.service.TourGuideService       : java.lang.NullPointerException
2021-11-29 23:17:11.646 ERROR 6224 --- [    Test worker] tourGuide.service.TourGuideService       : java.lang.NullPointerException
2021-11-29 23:17:11.646 ERROR 6224 --- [    Test worker] tourGuide.service.TourGuideService       : java.lang.NullPointerException
2021-11-29 23:17:11.646 ERROR 6224 --- [    Test worker] tourGuide.service.TourGuideService       : java.lang.NullPointerException
2021-11-29 23:17:11.646 ERROR 6224 --- [    Test worker] tourGuide.service.TourGuideService       : java.lang.NullPointerException
2021-11-29 23:17:11.646 ERROR 6224 --- [    Test worker] tourGuide.service.TourGuideService       : java.lang.NullPointerException
2021-11-29 23:17:11.646 ERROR 6224 --- [    Test worker] tourGuide.service.TourGuideService       : java.lang.NullPointerException
2021-11-29 23:17:11.646 ERROR 6224 --- [    Test worker] tourGuide.service.TourGuideService       : java.lang.NullPointerException
2021-11-29 23:17:11.646 ERROR 6224 --- [    Test worker] tourGuide.service.TourGuideService       : java.lang.NullPointerException
2021-11-29 23:17:11.646 ERROR 6224 --- [    Test worker] tourGuide.service.TourGuideService       : java.lang.NullPointerException
2021-11-29 23:17:11.646 ERROR 6224 --- [    Test worker] tourGuide.service.TourGuideService       : java.lang.NullPointerException
2021-11-29 23:17:11.646 ERROR 6224 --- [    Test worker] tourGuide.service.TourGuideService       : java.lang.NullPointerException
2021-11-29 23:17:11.646 ERROR 6224 --- [    Test worker] tourGuide.service.TourGuideService       : java.lang.NullPointerException
2021-11-29 23:17:11.646 ERROR 6224 --- [    Test worker] tourGuide.service.TourGuideService       : java.lang.NullPointerException
2021-11-29 23:17:11.646 ERROR 6224 --- [    Test worker] tourGuide.service.TourGuideService       : java.lang.NullPointerException
2021-11-29 23:17:11.646 ERROR 6224 --- [    Test worker] tourGuide.service.TourGuideService       : java.lang.NullPointerException
2021-11-29 23:17:11.646 ERROR 6224 --- [    Test worker] tourGuide.service.TourGuideService       : java.lang.NullPointerException
2021-11-29 23:17:11.647 ERROR 6224 --- [    Test worker] tourGuide.service.TourGuideService       : java.lang.NullPointerException
2021-11-29 23:17:11.647 ERROR 6224 --- [    Test worker] tourGuide.service.TourGuideService       : java.lang.NullPointerException
2021-11-29 23:17:11.647 ERROR 6224 --- [    Test worker] tourGuide.service.TourGuideService       : java.lang.NullPointerException
2021-11-29 23:17:11.647 ERROR 6224 --- [    Test worker] tourGuide.service.TourGuideService       : java.lang.NullPointerException
2021-11-29 23:17:11.647 ERROR 6224 --- [    Test worker] tourGuide.service.TourGuideService       : java.lang.NullPointerException
2021-11-29 23:17:11.647 ERROR 6224 --- [    Test worker] tourGuide.service.TourGuideService       : java.lang.NullPointerException
2021-11-29 23:17:11.647 ERROR 6224 --- [    Test worker] tourGuide.service.TourGuideService       : java.lang.NullPointerException
2021-11-29 23:17:11.647 ERROR 6224 --- [    Test worker] tourGuide.service.TourGuideService       : java.lang.NullPointerException
2021-11-29 23:17:11.647 ERROR 6224 --- [    Test worker] tourGuide.service.TourGuideService       : java.lang.NullPointerException
2021-11-29 23:17:11.647 ERROR 6224 --- [    Test worker] tourGuide.service.TourGuideService       : java.lang.NullPointerException
2021-11-29 23:17:11.647 ERROR 6224 --- [    Test worker] tourGuide.service.TourGuideService       : java.lang.NullPointerException
2021-11-29 23:17:11.647 ERROR 6224 --- [    Test worker] tourGuide.service.TourGuideService       : java.lang.NullPointerException
2021-11-29 23:17:11.647 ERROR 6224 --- [    Test worker] tourGuide.service.TourGuideService       : java.lang.NullPointerException
2021-11-29 23:17:11.648 ERROR 6224 --- [    Test worker] tourGuide.service.TourGuideService       : java.lang.NullPointerException
2021-11-29 23:17:11.648 ERROR 6224 --- [    Test worker] tourGuide.service.TourGuideService       : java.lang.NullPointerException
2021-11-29 23:17:11.648 ERROR 6224 --- [    Test worker] tourGuide.service.TourGuideService       : java.lang.NullPointerException
2021-11-29 23:17:11.648 ERROR 6224 --- [    Test worker] tourGuide.service.TourGuideService       : java.lang.NullPointerException
2021-11-29 23:17:11.648 ERROR 6224 --- [    Test worker] tourGuide.service.TourGuideService       : java.lang.NullPointerException
2021-11-29 23:17:11.648 ERROR 6224 --- [    Test worker] tourGuide.service.TourGuideService       : java.lang.NullPointerException
2021-11-29 23:17:11.649 ERROR 6224 --- [    Test worker] tourGuide.service.TourGuideService       : java.lang.NullPointerException
2021-11-29 23:17:11.649 ERROR 6224 --- [    Test worker] tourGuide.service.TourGuideService       : java.lang.NullPointerException
2021-11-29 23:17:11.649 ERROR 6224 --- [    Test worker] tourGuide.service.TourGuideService       : java.lang.NullPointerException
2021-11-29 23:17:11.649 ERROR 6224 --- [    Test worker] tourGuide.service.TourGuideService       : java.lang.NullPointerException
2021-11-29 23:17:11.649 ERROR 6224 --- [    Test worker] tourGuide.service.TourGuideService       : java.lang.NullPointerException
2021-11-29 23:17:11.649 ERROR 6224 --- [    Test worker] tourGuide.service.TourGuideService       : java.lang.NullPointerException
2021-11-29 23:17:11.649 ERROR 6224 --- [    Test worker] tourGuide.service.TourGuideService       : java.lang.NullPointerException
2021-11-29 23:17:11.649 ERROR 6224 --- [    Test worker] tourGuide.service.TourGuideService       : java.lang.NullPointerException
2021-11-29 23:17:11.649 ERROR 6224 --- [    Test worker] tourGuide.service.TourGuideService       : java.lang.NullPointerException
2021-11-29 23:17:11.649 ERROR 6224 --- [    Test worker] tourGuide.service.TourGuideService       : java.lang.NullPointerException
2021-11-29 23:17:11.649 ERROR 6224 --- [    Test worker] tourGuide.service.TourGuideService       : java.lang.NullPointerException
2021-11-29 23:17:11.649 ERROR 6224 --- [    Test worker] tourGuide.service.TourGuideService       : java.lang.NullPointerException
2021-11-29 23:17:11.649 ERROR 6224 --- [    Test worker] tourGuide.service.TourGuideService       : java.lang.NullPointerException
2021-11-29 23:17:11.649 ERROR 6224 --- [    Test worker] tourGuide.service.TourGuideService       : java.lang.NullPointerException
2021-11-29 23:17:11.649 ERROR 6224 --- [    Test worker] tourGuide.service.TourGuideService       : java.lang.NullPointerException
2021-11-29 23:17:11.649 ERROR 6224 --- [    Test worker] tourGuide.service.TourGuideService       : java.lang.NullPointerException
2021-11-29 23:17:11.649 ERROR 6224 --- [    Test worker] tourGuide.service.TourGuideService       : java.lang.NullPointerException
2021-11-29 23:17:11.649 ERROR 6224 --- [    Test worker] tourGuide.service.TourGuideService       : java.lang.NullPointerException
2021-11-29 23:17:11.649 ERROR 6224 --- [    Test worker] tourGuide.service.TourGuideService       : java.lang.NullPointerException
2021-11-29 23:17:11.649 ERROR 6224 --- [    Test worker] tourGuide.service.TourGuideService       : java.lang.NullPointerException
2021-11-29 23:17:11.649 ERROR 6224 --- [    Test worker] tourGuide.service.TourGuideService       : java.lang.NullPointerException
2021-11-29 23:17:11.649 ERROR 6224 --- [    Test worker] tourGuide.service.TourGuideService       : java.lang.NullPointerException
2021-11-29 23:17:11.649 ERROR 6224 --- [    Test worker] tourGuide.service.TourGuideService       : java.lang.NullPointerException
2021-11-29 23:17:11.649 ERROR 6224 --- [    Test worker] tourGuide.service.TourGuideService       : java.lang.NullPointerException
2021-11-29 23:17:11.649 ERROR 6224 --- [    Test worker] tourGuide.service.TourGuideService       : java.lang.NullPointerException
2021-11-29 23:17:11.650 ERROR 6224 --- [    Test worker] tourGuide.service.TourGuideService       : java.lang.NullPointerException
2021-11-29 23:17:11.650 ERROR 6224 --- [    Test worker] tourGuide.service.TourGuideService       : java.lang.NullPointerException
2021-11-29 23:17:11.650 ERROR 6224 --- [    Test worker] tourGuide.service.TourGuideService       : java.lang.NullPointerException
2021-11-29 23:17:11.650 ERROR 6224 --- [    Test worker] tourGuide.service.TourGuideService       : java.lang.NullPointerException
2021-11-29 23:17:11.650 ERROR 6224 --- [    Test worker] tourGuide.service.TourGuideService       : java.lang.NullPointerException
2021-11-29 23:17:11.650 ERROR 6224 --- [    Test worker] tourGuide.service.TourGuideService       : java.lang.NullPointerException
2021-11-29 23:17:11.650 ERROR 6224 --- [    Test worker] tourGuide.service.TourGuideService       : java.lang.NullPointerException
2021-11-29 23:17:11.650 ERROR 6224 --- [    Test worker] tourGuide.service.TourGuideService       : java.lang.NullPointerException
2021-11-29 23:17:11.650 ERROR 6224 --- [    Test worker] tourGuide.service.TourGuideService       : java.lang.NullPointerException
2021-11-29 23:17:11.650 ERROR 6224 --- [    Test worker] tourGuide.service.TourGuideService       : java.lang.NullPointerException
2021-11-29 23:17:11.650 ERROR 6224 --- [    Test worker] tourGuide.service.TourGuideService       : java.lang.NullPointerException
2021-11-29 23:17:11.650 ERROR 6224 --- [    Test worker] tourGuide.service.TourGuideService       : java.lang.NullPointerException
2021-11-29 23:17:11.650 ERROR 6224 --- [    Test worker] tourGuide.service.TourGuideService       : java.lang.NullPointerException
2021-11-29 23:17:11.650 ERROR 6224 --- [    Test worker] tourGuide.service.TourGuideService       : java.lang.NullPointerException
2021-11-29 23:17:11.650 ERROR 6224 --- [    Test worker] tourGuide.service.TourGuideService       : java.lang.NullPointerException
2021-11-29 23:17:11.650 ERROR 6224 --- [    Test worker] tourGuide.service.TourGuideService       : java.lang.NullPointerException
2021-11-29 23:17:11.650 ERROR 6224 --- [    Test worker] tourGuide.service.TourGuideService       : java.lang.NullPointerException
2021-11-29 23:17:11.650 ERROR 6224 --- [    Test worker] tourGuide.service.TourGuideService       : java.lang.NullPointerException
2021-11-29 23:17:11.650 ERROR 6224 --- [    Test worker] tourGuide.service.TourGuideService       : java.lang.NullPointerException
2021-11-29 23:17:11.650 ERROR 6224 --- [    Test worker] tourGuide.service.TourGuideService       : java.lang.NullPointerException
2021-11-29 23:17:11.650 ERROR 6224 --- [    Test worker] tourGuide.service.TourGuideService       : java.lang.NullPointerException
2021-11-29 23:17:11.650 ERROR 6224 --- [    Test worker] tourGuide.service.TourGuideService       : java.lang.NullPointerException
2021-11-29 23:17:11.650 ERROR 6224 --- [    Test worker] tourGuide.service.TourGuideService       : java.lang.NullPointerException
2021-11-29 23:17:11.651 ERROR 6224 --- [    Test worker] tourGuide.service.TourGuideService       : java.lang.NullPointerException
2021-11-29 23:17:11.651 ERROR 6224 --- [    Test worker] tourGuide.service.TourGuideService       : java.lang.NullPointerException
2021-11-29 23:17:11.651 ERROR 6224 --- [    Test worker] tourGuide.service.TourGuideService       : java.lang.NullPointerException
2021-11-29 23:17:11.651 ERROR 6224 --- [    Test worker] tourGuide.service.TourGuideService       : java.lang.NullPointerException
2021-11-29 23:17:11.651 ERROR 6224 --- [    Test worker] tourGuide.service.TourGuideService       : java.lang.NullPointerException
2021-11-29 23:17:11.651 ERROR 6224 --- [    Test worker] tourGuide.service.TourGuideService       : java.lang.NullPointerException
2021-11-29 23:17:11.651 ERROR 6224 --- [    Test worker] tourGuide.service.TourGuideService       : java.lang.NullPointerException
2021-11-29 23:17:11.651 ERROR 6224 --- [    Test worker] tourGuide.service.TourGuideService       : java.lang.NullPointerException
2021-11-29 23:17:11.651 ERROR 6224 --- [    Test worker] tourGuide.service.TourGuideService       : java.lang.NullPointerException
2021-11-29 23:17:11.651 ERROR 6224 --- [    Test worker] tourGuide.service.TourGuideService       : java.lang.NullPointerException
2021-11-29 23:17:11.651 ERROR 6224 --- [    Test worker] tourGuide.service.TourGuideService       : java.lang.NullPointerException
2021-11-29 23:17:11.651 ERROR 6224 --- [    Test worker] tourGuide.service.TourGuideService       : java.lang.NullPointerException
2021-11-29 23:17:11.651 ERROR 6224 --- [    Test worker] tourGuide.service.TourGuideService       : java.lang.NullPointerException
2021-11-29 23:17:11.651 ERROR 6224 --- [    Test worker] tourGuide.service.TourGuideService       : java.lang.NullPointerException
2021-11-29 23:17:11.651 ERROR 6224 --- [    Test worker] tourGuide.service.TourGuideService       : java.lang.NullPointerException
2021-11-29 23:17:11.651 ERROR 6224 --- [    Test worker] tourGuide.service.TourGuideService       : java.lang.NullPointerException
2021-11-29 23:17:11.651 ERROR 6224 --- [    Test worker] tourGuide.service.TourGuideService       : java.lang.NullPointerException
2021-11-29 23:17:11.651 ERROR 6224 --- [    Test worker] tourGuide.service.TourGuideService       : java.lang.NullPointerException
2021-11-29 23:17:11.651 ERROR 6224 --- [    Test worker] tourGuide.service.TourGuideService       : java.lang.NullPointerException
2021-11-29 23:17:11.651 ERROR 6224 --- [    Test worker] tourGuide.service.TourGuideService       : java.lang.NullPointerException
2021-11-29 23:17:11.651 ERROR 6224 --- [    Test worker] tourGuide.service.TourGuideService       : java.lang.NullPointerException
2021-11-29 23:17:11.651 ERROR 6224 --- [    Test worker] tourGuide.service.TourGuideService       : java.lang.NullPointerException
2021-11-29 23:17:11.651 ERROR 6224 --- [    Test worker] tourGuide.service.TourGuideService       : java.lang.NullPointerException
2021-11-29 23:17:11.651 ERROR 6224 --- [    Test worker] tourGuide.service.TourGuideService       : java.lang.NullPointerException
2021-11-29 23:17:11.651 ERROR 6224 --- [    Test worker] tourGuide.service.TourGuideService       : java.lang.NullPointerException
2021-11-29 23:17:11.652 ERROR 6224 --- [    Test worker] tourGuide.service.TourGuideService       : java.lang.NullPointerException
2021-11-29 23:17:11.652 ERROR 6224 --- [    Test worker] tourGuide.service.TourGuideService       : java.lang.NullPointerException
2021-11-29 23:17:11.652 ERROR 6224 --- [    Test worker] tourGuide.service.TourGuideService       : java.lang.NullPointerException
2021-11-29 23:17:11.652 ERROR 6224 --- [    Test worker] tourGuide.service.TourGuideService       : java.lang.NullPointerException
2021-11-29 23:17:11.652 ERROR 6224 --- [    Test worker] tourGuide.service.TourGuideService       : java.lang.NullPointerException
2021-11-29 23:17:11.652 ERROR 6224 --- [    Test worker] tourGuide.service.TourGuideService       : java.lang.NullPointerException
2021-11-29 23:17:11.652 ERROR 6224 --- [    Test worker] tourGuide.service.TourGuideService       : java.lang.NullPointerException
2021-11-29 23:17:11.652 ERROR 6224 --- [    Test worker] tourGuide.service.TourGuideService       : java.lang.NullPointerException
2021-11-29 23:17:11.652 ERROR 6224 --- [    Test worker] tourGuide.service.TourGuideService       : java.lang.NullPointerException
2021-11-29 23:17:11.652 ERROR 6224 --- [    Test worker] tourGuide.service.TourGuideService       : java.lang.NullPointerException
2021-11-29 23:17:11.652 ERROR 6224 --- [    Test worker] tourGuide.service.TourGuideService       : java.lang.NullPointerException
2021-11-29 23:17:11.652 ERROR 6224 --- [    Test worker] tourGuide.service.TourGuideService       : java.lang.NullPointerException
2021-11-29 23:17:11.652 ERROR 6224 --- [    Test worker] tourGuide.service.TourGuideService       : java.lang.NullPointerException
2021-11-29 23:17:11.652 ERROR 6224 --- [    Test worker] tourGuide.service.TourGuideService       : java.lang.NullPointerException
2021-11-29 23:17:11.652 ERROR 6224 --- [    Test worker] tourGuide.service.TourGuideService       : java.lang.NullPointerException
2021-11-29 23:17:11.652 ERROR 6224 --- [    Test worker] tourGuide.service.TourGuideService       : java.lang.NullPointerException
2021-11-29 23:17:11.652 ERROR 6224 --- [    Test worker] tourGuide.service.TourGuideService       : java.lang.NullPointerException
2021-11-29 23:17:11.652 ERROR 6224 --- [    Test worker] tourGuide.service.TourGuideService       : java.lang.NullPointerException
2021-11-29 23:17:11.652 ERROR 6224 --- [    Test worker] tourGuide.service.TourGuideService       : java.lang.NullPointerException
2021-11-29 23:17:11.653 ERROR 6224 --- [    Test worker] tourGuide.service.TourGuideService       : java.lang.NullPointerException
2021-11-29 23:17:11.653 ERROR 6224 --- [    Test worker] tourGuide.service.TourGuideService       : java.lang.NullPointerException
2021-11-29 23:17:11.653 ERROR 6224 --- [    Test worker] tourGuide.service.TourGuideService       : java.lang.NullPointerException
2021-11-29 23:17:11.653 ERROR 6224 --- [    Test worker] tourGuide.service.TourGuideService       : java.lang.NullPointerException
2021-11-29 23:17:11.653 ERROR 6224 --- [    Test worker] tourGuide.service.TourGuideService       : java.lang.NullPointerException
2021-11-29 23:17:11.653 ERROR 6224 --- [    Test worker] tourGuide.service.TourGuideService       : java.lang.NullPointerException
2021-11-29 23:17:11.653 ERROR 6224 --- [    Test worker] tourGuide.service.TourGuideService       : java.lang.NullPointerException
2021-11-29 23:17:11.653 ERROR 6224 --- [    Test worker] tourGuide.service.TourGuideService       : java.lang.NullPointerException
2021-11-29 23:17:11.653 ERROR 6224 --- [    Test worker] tourGuide.service.TourGuideService       : java.lang.NullPointerException
2021-11-29 23:17:11.653 ERROR 6224 --- [    Test worker] tourGuide.service.TourGuideService       : java.lang.NullPointerException
2021-11-29 23:17:11.653 ERROR 6224 --- [    Test worker] tourGuide.service.TourGuideService       : java.lang.NullPointerException
2021-11-29 23:17:11.653 ERROR 6224 --- [    Test worker] tourGuide.service.TourGuideService       : java.lang.NullPointerException
2021-11-29 23:17:11.653 ERROR 6224 --- [    Test worker] tourGuide.service.TourGuideService       : java.lang.NullPointerException
2021-11-29 23:17:11.653 ERROR 6224 --- [    Test worker] tourGuide.service.TourGuideService       : java.lang.NullPointerException
2021-11-29 23:17:11.653 ERROR 6224 --- [    Test worker] tourGuide.service.TourGuideService       : java.lang.NullPointerException
2021-11-29 23:17:11.653 ERROR 6224 --- [    Test worker] tourGuide.service.TourGuideService       : java.lang.NullPointerException
2021-11-29 23:17:11.653 ERROR 6224 --- [    Test worker] tourGuide.service.TourGuideService       : java.lang.NullPointerException
2021-11-29 23:17:11.653 ERROR 6224 --- [    Test worker] tourGuide.service.TourGuideService       : java.lang.NullPointerException
2021-11-29 23:17:11.653 ERROR 6224 --- [    Test worker] tourGuide.service.TourGuideService       : java.lang.NullPointerException
2021-11-29 23:17:11.653 ERROR 6224 --- [    Test worker] tourGuide.service.TourGuideService       : java.lang.NullPointerException
2021-11-29 23:17:11.653 ERROR 6224 --- [    Test worker] tourGuide.service.TourGuideService       : java.lang.NullPointerException
2021-11-29 23:17:11.653 ERROR 6224 --- [    Test worker] tourGuide.service.TourGuideService       : java.lang.NullPointerException
2021-11-29 23:17:11.653 ERROR 6224 --- [    Test worker] tourGuide.service.TourGuideService       : java.lang.NullPointerException
2021-11-29 23:17:11.653 ERROR 6224 --- [    Test worker] tourGuide.service.TourGuideService       : java.lang.NullPointerException
2021-11-29 23:17:11.653 ERROR 6224 --- [    Test worker] tourGuide.service.TourGuideService       : java.lang.NullPointerException
2021-11-29 23:17:11.654 ERROR 6224 --- [    Test worker] tourGuide.service.TourGuideService       : java.lang.NullPointerException
2021-11-29 23:17:11.654 ERROR 6224 --- [    Test worker] tourGuide.service.TourGuideService       : java.lang.NullPointerException
2021-11-29 23:17:11.654 ERROR 6224 --- [    Test worker] tourGuide.service.TourGuideService       : java.lang.NullPointerException
2021-11-29 23:17:11.654 ERROR 6224 --- [    Test worker] tourGuide.service.TourGuideService       : java.lang.NullPointerException
2021-11-29 23:17:11.654 ERROR 6224 --- [    Test worker] tourGuide.service.TourGuideService       : java.lang.NullPointerException
2021-11-29 23:17:11.654 ERROR 6224 --- [    Test worker] tourGuide.service.TourGuideService       : java.lang.NullPointerException
2021-11-29 23:17:11.654 ERROR 6224 --- [    Test worker] tourGuide.service.TourGuideService       : java.lang.NullPointerException
2021-11-29 23:17:11.654 ERROR 6224 --- [    Test worker] tourGuide.service.TourGuideService       : java.lang.NullPointerException
2021-11-29 23:17:11.654 ERROR 6224 --- [    Test worker] tourGuide.service.TourGuideService       : java.lang.NullPointerException
2021-11-29 23:17:11.654 ERROR 6224 --- [    Test worker] tourGuide.service.TourGuideService       : java.lang.NullPointerException
2021-11-29 23:17:11.654 ERROR 6224 --- [    Test worker] tourGuide.service.TourGuideService       : java.lang.NullPointerException
2021-11-29 23:17:11.654 ERROR 6224 --- [    Test worker] tourGuide.service.TourGuideService       : java.lang.NullPointerException
2021-11-29 23:17:11.654 ERROR 6224 --- [    Test worker] tourGuide.service.TourGuideService       : java.lang.NullPointerException
2021-11-29 23:17:11.654 ERROR 6224 --- [    Test worker] tourGuide.service.TourGuideService       : java.lang.NullPointerException
2021-11-29 23:17:11.654 ERROR 6224 --- [    Test worker] tourGuide.service.TourGuideService       : java.lang.NullPointerException
2021-11-29 23:17:11.654 ERROR 6224 --- [    Test worker] tourGuide.service.TourGuideService       : java.lang.NullPointerException
2021-11-29 23:17:11.654 ERROR 6224 --- [    Test worker] tourGuide.service.TourGuideService       : java.lang.NullPointerException
2021-11-29 23:17:11.654 ERROR 6224 --- [    Test worker] tourGuide.service.TourGuideService       : java.lang.NullPointerException
2021-11-29 23:17:11.654 ERROR 6224 --- [    Test worker] tourGuide.service.TourGuideService       : java.lang.NullPointerException
2021-11-29 23:17:11.654 ERROR 6224 --- [    Test worker] tourGuide.service.TourGuideService       : java.lang.NullPointerException
2021-11-29 23:17:11.654 ERROR 6224 --- [    Test worker] tourGuide.service.TourGuideService       : java.lang.NullPointerException
2021-11-29 23:17:11.655 ERROR 6224 --- [    Test worker] tourGuide.service.TourGuideService       : java.lang.NullPointerException
2021-11-29 23:17:11.655 ERROR 6224 --- [    Test worker] tourGuide.service.TourGuideService       : java.lang.NullPointerException
2021-11-29 23:17:11.655 ERROR 6224 --- [    Test worker] tourGuide.service.TourGuideService       : java.lang.NullPointerException
2021-11-29 23:17:11.655 ERROR 6224 --- [    Test worker] tourGuide.service.TourGuideService       : java.lang.NullPointerException
2021-11-29 23:17:11.655 ERROR 6224 --- [    Test worker] tourGuide.service.TourGuideService       : java.lang.NullPointerException
2021-11-29 23:17:11.655 ERROR 6224 --- [    Test worker] tourGuide.service.TourGuideService       : java.lang.NullPointerException
2021-11-29 23:17:11.655 ERROR 6224 --- [    Test worker] tourGuide.service.TourGuideService       : java.lang.NullPointerException
2021-11-29 23:17:11.655 ERROR 6224 --- [    Test worker] tourGuide.service.TourGuideService       : java.lang.NullPointerException
2021-11-29 23:17:11.655 ERROR 6224 --- [    Test worker] tourGuide.service.TourGuideService       : java.lang.NullPointerException
2021-11-29 23:17:11.655 ERROR 6224 --- [    Test worker] tourGuide.service.TourGuideService       : java.lang.NullPointerException
2021-11-29 23:17:11.655 ERROR 6224 --- [    Test worker] tourGuide.service.TourGuideService       : java.lang.NullPointerException
2021-11-29 23:17:11.655 ERROR 6224 --- [    Test worker] tourGuide.service.TourGuideService       : java.lang.NullPointerException
2021-11-29 23:17:11.655 ERROR 6224 --- [    Test worker] tourGuide.service.TourGuideService       : java.lang.NullPointerException
2021-11-29 23:17:11.655 ERROR 6224 --- [    Test worker] tourGuide.service.TourGuideService       : java.lang.NullPointerException
2021-11-29 23:17:11.655 ERROR 6224 --- [    Test worker] tourGuide.service.TourGuideService       : java.lang.NullPointerException
2021-11-29 23:17:11.655 ERROR 6224 --- [    Test worker] tourGuide.service.TourGuideService       : java.lang.NullPointerException
2021-11-29 23:17:11.655 ERROR 6224 --- [    Test worker] tourGuide.service.TourGuideService       : java.lang.NullPointerException
2021-11-29 23:17:11.655 ERROR 6224 --- [    Test worker] tourGuide.service.TourGuideService       : java.lang.NullPointerException
2021-11-29 23:17:11.655 ERROR 6224 --- [    Test worker] tourGuide.service.TourGuideService       : java.lang.NullPointerException
2021-11-29 23:17:11.655 ERROR 6224 --- [    Test worker] tourGuide.service.TourGuideService       : java.lang.NullPointerException
2021-11-29 23:17:11.655 ERROR 6224 --- [    Test worker] tourGuide.service.TourGuideService       : java.lang.NullPointerException
2021-11-29 23:17:11.655 ERROR 6224 --- [    Test worker] tourGuide.service.TourGuideService       : java.lang.NullPointerException
2021-11-29 23:17:11.655 ERROR 6224 --- [    Test worker] tourGuide.service.TourGuideService       : java.lang.NullPointerException
2021-11-29 23:17:11.656 ERROR 6224 --- [    Test worker] tourGuide.service.TourGuideService       : java.lang.NullPointerException
2021-11-29 23:17:11.656 ERROR 6224 --- [    Test worker] tourGuide.service.TourGuideService       : java.lang.NullPointerException
2021-11-29 23:17:11.656 ERROR 6224 --- [    Test worker] tourGuide.service.TourGuideService       : java.lang.NullPointerException
2021-11-29 23:17:11.656 ERROR 6224 --- [    Test worker] tourGuide.service.TourGuideService       : java.lang.NullPointerException
2021-11-29 23:17:11.656 ERROR 6224 --- [    Test worker] tourGuide.service.TourGuideService       : java.lang.NullPointerException
2021-11-29 23:17:11.656 ERROR 6224 --- [    Test worker] tourGuide.service.TourGuideService       : java.lang.NullPointerException
2021-11-29 23:17:11.656 ERROR 6224 --- [    Test worker] tourGuide.service.TourGuideService       : java.lang.NullPointerException
2021-11-29 23:17:11.656 ERROR 6224 --- [    Test worker] tourGuide.service.TourGuideService       : java.lang.NullPointerException
2021-11-29 23:17:11.656 ERROR 6224 --- [    Test worker] tourGuide.service.TourGuideService       : java.lang.NullPointerException
2021-11-29 23:17:11.656 ERROR 6224 --- [    Test worker] tourGuide.service.TourGuideService       : java.lang.NullPointerException
2021-11-29 23:17:11.656 ERROR 6224 --- [    Test worker] tourGuide.service.TourGuideService       : java.lang.NullPointerException
2021-11-29 23:17:11.656 ERROR 6224 --- [    Test worker] tourGuide.service.TourGuideService       : java.lang.NullPointerException
2021-11-29 23:17:11.656 ERROR 6224 --- [    Test worker] tourGuide.service.TourGuideService       : java.lang.NullPointerException
2021-11-29 23:17:11.656 ERROR 6224 --- [    Test worker] tourGuide.service.TourGuideService       : java.lang.NullPointerException
2021-11-29 23:17:11.656 ERROR 6224 --- [    Test worker] tourGuide.service.TourGuideService       : java.lang.NullPointerException
2021-11-29 23:17:11.656 ERROR 6224 --- [    Test worker] tourGuide.service.TourGuideService       : java.lang.NullPointerException
2021-11-29 23:17:11.656 ERROR 6224 --- [    Test worker] tourGuide.service.TourGuideService       : java.lang.NullPointerException
2021-11-29 23:17:11.656 ERROR 6224 --- [    Test worker] tourGuide.service.TourGuideService       : java.lang.NullPointerException
2021-11-29 23:17:11.656 ERROR 6224 --- [    Test worker] tourGuide.service.TourGuideService       : java.lang.NullPointerException
2021-11-29 23:17:11.656 ERROR 6224 --- [    Test worker] tourGuide.service.TourGuideService       : java.lang.NullPointerException
2021-11-29 23:17:11.657 ERROR 6224 --- [    Test worker] tourGuide.service.TourGuideService       : java.lang.NullPointerException
2021-11-29 23:17:11.657 ERROR 6224 --- [    Test worker] tourGuide.service.TourGuideService       : java.lang.NullPointerException
2021-11-29 23:17:11.657 ERROR 6224 --- [    Test worker] tourGuide.service.TourGuideService       : java.lang.NullPointerException
2021-11-29 23:17:11.657 ERROR 6224 --- [    Test worker] tourGuide.service.TourGuideService       : java.lang.NullPointerException
2021-11-29 23:17:11.657 ERROR 6224 --- [    Test worker] tourGuide.service.TourGuideService       : java.lang.NullPointerException
2021-11-29 23:17:11.657 ERROR 6224 --- [    Test worker] tourGuide.service.TourGuideService       : java.lang.NullPointerException
2021-11-29 23:17:11.657 ERROR 6224 --- [    Test worker] tourGuide.service.TourGuideService       : java.lang.NullPointerException
2021-11-29 23:17:11.657 ERROR 6224 --- [    Test worker] tourGuide.service.TourGuideService       : java.lang.NullPointerException
2021-11-29 23:17:11.657 ERROR 6224 --- [    Test worker] tourGuide.service.TourGuideService       : java.lang.NullPointerException
2021-11-29 23:17:11.657 ERROR 6224 --- [    Test worker] tourGuide.service.TourGuideService       : java.lang.NullPointerException
2021-11-29 23:17:11.657 ERROR 6224 --- [    Test worker] tourGuide.service.TourGuideService       : java.lang.NullPointerException
2021-11-29 23:17:11.657 ERROR 6224 --- [    Test worker] tourGuide.service.TourGuideService       : java.lang.NullPointerException
2021-11-29 23:17:11.657 ERROR 6224 --- [    Test worker] tourGuide.service.TourGuideService       : java.lang.NullPointerException
2021-11-29 23:17:11.657 ERROR 6224 --- [    Test worker] tourGuide.service.TourGuideService       : java.lang.NullPointerException
2021-11-29 23:17:11.657 ERROR 6224 --- [    Test worker] tourGuide.service.TourGuideService       : java.lang.NullPointerException
2021-11-29 23:17:11.657 ERROR 6224 --- [    Test worker] tourGuide.service.TourGuideService       : java.lang.NullPointerException
2021-11-29 23:17:11.657 ERROR 6224 --- [    Test worker] tourGuide.service.TourGuideService       : java.lang.NullPointerException
2021-11-29 23:17:11.657 ERROR 6224 --- [    Test worker] tourGuide.service.TourGuideService       : java.lang.NullPointerException
2021-11-29 23:17:11.657 ERROR 6224 --- [    Test worker] tourGuide.service.TourGuideService       : java.lang.NullPointerException
2021-11-29 23:17:11.657 ERROR 6224 --- [    Test worker] tourGuide.service.TourGuideService       : java.lang.NullPointerException
2021-11-29 23:17:11.694 ERROR 6224 --- [    Test worker] tourGuide.service.TourGuideService       : java.lang.NullPointerException
2021-11-29 23:17:11.694 ERROR 6224 --- [    Test worker] tourGuide.service.TourGuideService       : java.lang.NullPointerException
2021-11-29 23:17:11.694 ERROR 6224 --- [    Test worker] tourGuide.service.TourGuideService       : java.lang.NullPointerException
2021-11-29 23:17:11.694 ERROR 6224 --- [    Test worker] tourGuide.service.TourGuideService       : java.lang.NullPointerException
2021-11-29 23:17:11.694 ERROR 6224 --- [    Test worker] tourGuide.service.TourGuideService       : java.lang.NullPointerException
2021-11-29 23:17:11.694 ERROR 6224 --- [    Test worker] tourGuide.service.TourGuideService       : java.lang.NullPointerException
2021-11-29 23:17:11.695 ERROR 6224 --- [    Test worker] tourGuide.service.TourGuideService       : java.lang.NullPointerException
2021-11-29 23:17:11.695 ERROR 6224 --- [    Test worker] tourGuide.service.TourGuideService       : java.lang.NullPointerException
2021-11-29 23:17:11.695 ERROR 6224 --- [    Test worker] tourGuide.service.TourGuideService       : java.lang.NullPointerException
2021-11-29 23:17:11.695 ERROR 6224 --- [    Test worker] tourGuide.service.TourGuideService       : java.lang.NullPointerException
2021-11-29 23:17:11.695 ERROR 6224 --- [    Test worker] tourGuide.service.TourGuideService       : java.lang.NullPointerException
2021-11-29 23:17:11.695 ERROR 6224 --- [    Test worker] tourGuide.service.TourGuideService       : java.lang.NullPointerException
2021-11-29 23:17:11.695 ERROR 6224 --- [    Test worker] tourGuide.service.TourGuideService       : java.lang.NullPointerException
2021-11-29 23:17:11.695 ERROR 6224 --- [    Test worker] tourGuide.service.TourGuideService       : java.lang.NullPointerException
2021-11-29 23:17:11.695 ERROR 6224 --- [    Test worker] tourGuide.service.TourGuideService       : java.lang.NullPointerException
2021-11-29 23:17:11.695 ERROR 6224 --- [    Test worker] tourGuide.service.TourGuideService       : java.lang.NullPointerException
2021-11-29 23:17:11.695 ERROR 6224 --- [    Test worker] tourGuide.service.TourGuideService       : java.lang.NullPointerException
2021-11-29 23:17:11.695 ERROR 6224 --- [    Test worker] tourGuide.service.TourGuideService       : java.lang.NullPointerException
2021-11-29 23:17:11.695 ERROR 6224 --- [    Test worker] tourGuide.service.TourGuideService       : java.lang.NullPointerException
2021-11-29 23:17:11.695 ERROR 6224 --- [    Test worker] tourGuide.service.TourGuideService       : java.lang.NullPointerException
2021-11-29 23:17:11.695 ERROR 6224 --- [    Test worker] tourGuide.service.TourGuideService       : java.lang.NullPointerException
2021-11-29 23:17:11.695 ERROR 6224 --- [    Test worker] tourGuide.service.TourGuideService       : java.lang.NullPointerException
2021-11-29 23:17:11.695 ERROR 6224 --- [    Test worker] tourGuide.service.TourGuideService       : java.lang.NullPointerException
2021-11-29 23:17:11.695 ERROR 6224 --- [    Test worker] tourGuide.service.TourGuideService       : java.lang.NullPointerException
2021-11-29 23:17:11.695 ERROR 6224 --- [    Test worker] tourGuide.service.TourGuideService       : java.lang.NullPointerException
2021-11-29 23:17:11.695 ERROR 6224 --- [    Test worker] tourGuide.service.TourGuideService       : java.lang.NullPointerException
2021-11-29 23:17:11.695 ERROR 6224 --- [    Test worker] tourGuide.service.TourGuideService       : java.lang.NullPointerException
2021-11-29 23:17:11.696 ERROR 6224 --- [    Test worker] tourGuide.service.TourGuideService       : java.lang.NullPointerException
2021-11-29 23:17:11.696 ERROR 6224 --- [    Test worker] tourGuide.service.TourGuideService       : java.lang.NullPointerException
2021-11-29 23:17:11.696 ERROR 6224 --- [    Test worker] tourGuide.service.TourGuideService       : java.lang.NullPointerException
2021-11-29 23:17:11.696 ERROR 6224 --- [    Test worker] tourGuide.service.TourGuideService       : java.lang.NullPointerException
2021-11-29 23:17:11.696 ERROR 6224 --- [    Test worker] tourGuide.service.TourGuideService       : java.lang.NullPointerException
2021-11-29 23:17:11.696 ERROR 6224 --- [    Test worker] tourGuide.service.TourGuideService       : java.lang.NullPointerException
2021-11-29 23:17:11.696 ERROR 6224 --- [    Test worker] tourGuide.service.TourGuideService       : java.lang.NullPointerException
2021-11-29 23:17:11.696 ERROR 6224 --- [    Test worker] tourGuide.service.TourGuideService       : java.lang.NullPointerException
2021-11-29 23:17:11.696 ERROR 6224 --- [    Test worker] tourGuide.service.TourGuideService       : java.lang.NullPointerException
2021-11-29 23:17:11.696 ERROR 6224 --- [    Test worker] tourGuide.service.TourGuideService       : java.lang.NullPointerException
2021-11-29 23:17:11.696 ERROR 6224 --- [    Test worker] tourGuide.service.TourGuideService       : java.lang.NullPointerException
2021-11-29 23:17:11.696 ERROR 6224 --- [    Test worker] tourGuide.service.TourGuideService       : java.lang.NullPointerException
2021-11-29 23:17:11.696 ERROR 6224 --- [    Test worker] tourGuide.service.TourGuideService       : java.lang.NullPointerException
2021-11-29 23:17:11.696 ERROR 6224 --- [    Test worker] tourGuide.service.TourGuideService       : java.lang.NullPointerException
2021-11-29 23:17:11.696 ERROR 6224 --- [    Test worker] tourGuide.service.TourGuideService       : java.lang.NullPointerException
2021-11-29 23:17:11.696 ERROR 6224 --- [    Test worker] tourGuide.service.TourGuideService       : java.lang.NullPointerException
2021-11-29 23:17:11.696 ERROR 6224 --- [    Test worker] tourGuide.service.TourGuideService       : java.lang.NullPointerException
2021-11-29 23:17:11.696 ERROR 6224 --- [    Test worker] tourGuide.service.TourGuideService       : java.lang.NullPointerException
2021-11-29 23:17:11.696 ERROR 6224 --- [    Test worker] tourGuide.service.TourGuideService       : java.lang.NullPointerException
2021-11-29 23:17:11.696 ERROR 6224 --- [    Test worker] tourGuide.service.TourGuideService       : java.lang.NullPointerException
2021-11-29 23:17:11.697 ERROR 6224 --- [    Test worker] tourGuide.service.TourGuideService       : java.lang.NullPointerException
2021-11-29 23:17:11.697 ERROR 6224 --- [    Test worker] tourGuide.service.TourGuideService       : java.lang.NullPointerException
2021-11-29 23:17:11.697 ERROR 6224 --- [    Test worker] tourGuide.service.TourGuideService       : java.lang.NullPointerException
2021-11-29 23:17:11.697 ERROR 6224 --- [    Test worker] tourGuide.service.TourGuideService       : java.lang.NullPointerException
2021-11-29 23:17:11.697 ERROR 6224 --- [    Test worker] tourGuide.service.TourGuideService       : java.lang.NullPointerException
2021-11-29 23:17:11.697 ERROR 6224 --- [    Test worker] tourGuide.service.TourGuideService       : java.lang.NullPointerException
2021-11-29 23:17:11.697 ERROR 6224 --- [    Test worker] tourGuide.service.TourGuideService       : java.lang.NullPointerException
2021-11-29 23:17:11.697 ERROR 6224 --- [    Test worker] tourGuide.service.TourGuideService       : java.lang.NullPointerException
2021-11-29 23:17:11.697 ERROR 6224 --- [    Test worker] tourGuide.service.TourGuideService       : java.lang.NullPointerException
2021-11-29 23:17:11.697 ERROR 6224 --- [    Test worker] tourGuide.service.TourGuideService       : java.lang.NullPointerException
2021-11-29 23:17:11.697 ERROR 6224 --- [    Test worker] tourGuide.service.TourGuideService       : java.lang.NullPointerException
2021-11-29 23:17:11.697 ERROR 6224 --- [    Test worker] tourGuide.service.TourGuideService       : java.lang.NullPointerException
2021-11-29 23:17:11.697 ERROR 6224 --- [    Test worker] tourGuide.service.TourGuideService       : java.lang.NullPointerException
2021-11-29 23:17:11.697 ERROR 6224 --- [    Test worker] tourGuide.service.TourGuideService       : java.lang.NullPointerException
2021-11-29 23:17:11.697 ERROR 6224 --- [    Test worker] tourGuide.service.TourGuideService       : java.lang.NullPointerException
2021-11-29 23:17:11.697 ERROR 6224 --- [    Test worker] tourGuide.service.TourGuideService       : java.lang.NullPointerException
2021-11-29 23:17:11.697 ERROR 6224 --- [    Test worker] tourGuide.service.TourGuideService       : java.lang.NullPointerException
2021-11-29 23:17:11.697 ERROR 6224 --- [    Test worker] tourGuide.service.TourGuideService       : java.lang.NullPointerException
2021-11-29 23:17:11.697 ERROR 6224 --- [    Test worker] tourGuide.service.TourGuideService       : java.lang.NullPointerException
2021-11-29 23:17:11.698 ERROR 6224 --- [    Test worker] tourGuide.service.TourGuideService       : java.lang.NullPointerException
2021-11-29 23:17:11.698 ERROR 6224 --- [    Test worker] tourGuide.service.TourGuideService       : java.lang.NullPointerException
2021-11-29 23:17:11.698 ERROR 6224 --- [    Test worker] tourGuide.service.TourGuideService       : java.lang.NullPointerException
2021-11-29 23:17:11.698 ERROR 6224 --- [    Test worker] tourGuide.service.TourGuideService       : java.lang.NullPointerException
2021-11-29 23:17:11.698 ERROR 6224 --- [    Test worker] tourGuide.service.TourGuideService       : java.lang.NullPointerException
2021-11-29 23:17:11.698 ERROR 6224 --- [    Test worker] tourGuide.service.TourGuideService       : java.lang.NullPointerException
2021-11-29 23:17:11.698 ERROR 6224 --- [    Test worker] tourGuide.service.TourGuideService       : java.lang.NullPointerException
2021-11-29 23:17:11.698 ERROR 6224 --- [    Test worker] tourGuide.service.TourGuideService       : java.lang.NullPointerException
2021-11-29 23:17:11.698 ERROR 6224 --- [    Test worker] tourGuide.service.TourGuideService       : java.lang.NullPointerException
2021-11-29 23:17:11.698 ERROR 6224 --- [    Test worker] tourGuide.service.TourGuideService       : java.lang.NullPointerException
2021-11-29 23:17:11.698 ERROR 6224 --- [    Test worker] tourGuide.service.TourGuideService       : java.lang.NullPointerException
2021-11-29 23:17:11.698 ERROR 6224 --- [    Test worker] tourGuide.service.TourGuideService       : java.lang.NullPointerException
2021-11-29 23:17:11.698 ERROR 6224 --- [    Test worker] tourGuide.service.TourGuideService       : java.lang.NullPointerException
2021-11-29 23:17:11.698 ERROR 6224 --- [    Test worker] tourGuide.service.TourGuideService       : java.lang.NullPointerException
2021-11-29 23:17:11.698 ERROR 6224 --- [    Test worker] tourGuide.service.TourGuideService       : java.lang.NullPointerException
2021-11-29 23:17:11.698 ERROR 6224 --- [    Test worker] tourGuide.service.TourGuideService       : java.lang.NullPointerException
2021-11-29 23:17:11.699 ERROR 6224 --- [    Test worker] tourGuide.service.TourGuideService       : java.lang.NullPointerException
2021-11-29 23:17:11.699 ERROR 6224 --- [    Test worker] tourGuide.service.TourGuideService       : java.lang.NullPointerException
2021-11-29 23:17:11.699 ERROR 6224 --- [    Test worker] tourGuide.service.TourGuideService       : java.lang.NullPointerException
2021-11-29 23:17:11.699 ERROR 6224 --- [    Test worker] tourGuide.service.TourGuideService       : java.lang.NullPointerException
2021-11-29 23:17:11.699 ERROR 6224 --- [    Test worker] tourGuide.service.TourGuideService       : java.lang.NullPointerException
2021-11-29 23:17:11.699 ERROR 6224 --- [    Test worker] tourGuide.service.TourGuideService       : java.lang.NullPointerException
2021-11-29 23:17:11.699 ERROR 6224 --- [    Test worker] tourGuide.service.TourGuideService       : java.lang.NullPointerException
2021-11-29 23:17:11.699 ERROR 6224 --- [    Test worker] tourGuide.service.TourGuideService       : java.lang.NullPointerException
2021-11-29 23:17:11.700 ERROR 6224 --- [    Test worker] tourGuide.service.TourGuideService       : java.lang.NullPointerException
2021-11-29 23:17:11.700 ERROR 6224 --- [    Test worker] tourGuide.service.TourGuideService       : java.lang.NullPointerException
2021-11-29 23:17:11.700 ERROR 6224 --- [    Test worker] tourGuide.service.TourGuideService       : java.lang.NullPointerException
2021-11-29 23:17:11.700 ERROR 6224 --- [    Test worker] tourGuide.service.TourGuideService       : java.lang.NullPointerException
2021-11-29 23:17:11.700 ERROR 6224 --- [    Test worker] tourGuide.service.TourGuideService       : java.lang.NullPointerException
2021-11-29 23:17:11.700 ERROR 6224 --- [    Test worker] tourGuide.service.TourGuideService       : java.lang.NullPointerException
2021-11-29 23:17:11.700 ERROR 6224 --- [    Test worker] tourGuide.service.TourGuideService       : java.lang.NullPointerException
2021-11-29 23:17:11.700 ERROR 6224 --- [    Test worker] tourGuide.service.TourGuideService       : java.lang.NullPointerException
2021-11-29 23:17:11.700 ERROR 6224 --- [    Test worker] tourGuide.service.TourGuideService       : java.lang.NullPointerException
2021-11-29 23:17:11.700 ERROR 6224 --- [    Test worker] tourGuide.service.TourGuideService       : java.lang.NullPointerException
2021-11-29 23:17:11.701 ERROR 6224 --- [    Test worker] tourGuide.service.TourGuideService       : java.lang.NullPointerException
2021-11-29 23:17:11.701 ERROR 6224 --- [    Test worker] tourGuide.service.TourGuideService       : java.lang.NullPointerException
2021-11-29 23:17:11.701 ERROR 6224 --- [    Test worker] tourGuide.service.TourGuideService       : java.lang.NullPointerException
2021-11-29 23:17:11.701 ERROR 6224 --- [    Test worker] tourGuide.service.TourGuideService       : java.lang.NullPointerException
2021-11-29 23:17:11.701 ERROR 6224 --- [    Test worker] tourGuide.service.TourGuideService       : java.lang.NullPointerException
2021-11-29 23:17:11.701 ERROR 6224 --- [    Test worker] tourGuide.service.TourGuideService       : java.lang.NullPointerException
2021-11-29 23:17:11.701 ERROR 6224 --- [    Test worker] tourGuide.service.TourGuideService       : java.lang.NullPointerException
2021-11-29 23:17:11.702 ERROR 6224 --- [    Test worker] tourGuide.service.TourGuideService       : java.lang.NullPointerException
2021-11-29 23:17:11.702 ERROR 6224 --- [    Test worker] tourGuide.service.TourGuideService       : java.lang.NullPointerException
2021-11-29 23:17:11.702 ERROR 6224 --- [    Test worker] tourGuide.service.TourGuideService       : java.lang.NullPointerException
2021-11-29 23:17:11.702 ERROR 6224 --- [    Test worker] tourGuide.service.TourGuideService       : java.lang.NullPointerException
2021-11-29 23:17:11.702 ERROR 6224 --- [    Test worker] tourGuide.service.TourGuideService       : java.lang.NullPointerException
2021-11-29 23:17:11.702 ERROR 6224 --- [    Test worker] tourGuide.service.TourGuideService       : java.lang.NullPointerException
2021-11-29 23:17:11.702 ERROR 6224 --- [    Test worker] tourGuide.service.TourGuideService       : java.lang.NullPointerException
2021-11-29 23:17:11.702 ERROR 6224 --- [    Test worker] tourGuide.service.TourGuideService       : java.lang.NullPointerException
2021-11-29 23:17:11.703 ERROR 6224 --- [    Test worker] tourGuide.service.TourGuideService       : java.lang.NullPointerException
2021-11-29 23:17:11.703 ERROR 6224 --- [    Test worker] tourGuide.service.TourGuideService       : java.lang.NullPointerException
2021-11-29 23:17:11.703 ERROR 6224 --- [    Test worker] tourGuide.service.TourGuideService       : java.lang.NullPointerException
2021-11-29 23:17:11.703 ERROR 6224 --- [    Test worker] tourGuide.service.TourGuideService       : java.lang.NullPointerException
2021-11-29 23:17:11.703 ERROR 6224 --- [    Test worker] tourGuide.service.TourGuideService       : java.lang.NullPointerException
2021-11-29 23:17:11.703 ERROR 6224 --- [    Test worker] tourGuide.service.TourGuideService       : java.lang.NullPointerException
2021-11-29 23:17:11.703 ERROR 6224 --- [    Test worker] tourGuide.service.TourGuideService       : java.lang.NullPointerException
2021-11-29 23:17:11.703 ERROR 6224 --- [    Test worker] tourGuide.service.TourGuideService       : java.lang.NullPointerException
2021-11-29 23:17:11.703 ERROR 6224 --- [    Test worker] tourGuide.service.TourGuideService       : java.lang.NullPointerException
2021-11-29 23:17:11.703 ERROR 6224 --- [    Test worker] tourGuide.service.TourGuideService       : java.lang.NullPointerException
2021-11-29 23:17:11.703 ERROR 6224 --- [    Test worker] tourGuide.service.TourGuideService       : java.lang.NullPointerException
2021-11-29 23:17:11.703 ERROR 6224 --- [    Test worker] tourGuide.service.TourGuideService       : java.lang.NullPointerException
2021-11-29 23:17:11.703 ERROR 6224 --- [    Test worker] tourGuide.service.TourGuideService       : java.lang.NullPointerException
2021-11-29 23:17:11.703 ERROR 6224 --- [    Test worker] tourGuide.service.TourGuideService       : java.lang.NullPointerException
2021-11-29 23:17:11.703 ERROR 6224 --- [    Test worker] tourGuide.service.TourGuideService       : java.lang.NullPointerException
2021-11-29 23:17:11.703 ERROR 6224 --- [    Test worker] tourGuide.service.TourGuideService       : java.lang.NullPointerException
2021-11-29 23:17:11.703 ERROR 6224 --- [    Test worker] tourGuide.service.TourGuideService       : java.lang.NullPointerException
2021-11-29 23:17:11.703 ERROR 6224 --- [    Test worker] tourGuide.service.TourGuideService       : java.lang.NullPointerException
2021-11-29 23:17:11.704 ERROR 6224 --- [    Test worker] tourGuide.service.TourGuideService       : java.lang.NullPointerException
2021-11-29 23:17:11.704 ERROR 6224 --- [    Test worker] tourGuide.service.TourGuideService       : java.lang.NullPointerException
2021-11-29 23:17:11.704 ERROR 6224 --- [    Test worker] tourGuide.service.TourGuideService       : java.lang.NullPointerException
2021-11-29 23:17:11.704 ERROR 6224 --- [    Test worker] tourGuide.service.TourGuideService       : java.lang.NullPointerException
2021-11-29 23:17:11.704 ERROR 6224 --- [    Test worker] tourGuide.service.TourGuideService       : java.lang.NullPointerException
2021-11-29 23:17:11.704 ERROR 6224 --- [    Test worker] tourGuide.service.TourGuideService       : java.lang.NullPointerException
2021-11-29 23:17:11.704 ERROR 6224 --- [    Test worker] tourGuide.service.TourGuideService       : java.lang.NullPointerException
2021-11-29 23:17:11.704 ERROR 6224 --- [    Test worker] tourGuide.service.TourGuideService       : java.lang.NullPointerException
2021-11-29 23:17:11.704 ERROR 6224 --- [    Test worker] tourGuide.service.TourGuideService       : java.lang.NullPointerException
2021-11-29 23:17:11.704 ERROR 6224 --- [    Test worker] tourGuide.service.TourGuideService       : java.lang.NullPointerException
2021-11-29 23:17:11.704 ERROR 6224 --- [    Test worker] tourGuide.service.TourGuideService       : java.lang.NullPointerException
2021-11-29 23:17:11.704 ERROR 6224 --- [    Test worker] tourGuide.service.TourGuideService       : java.lang.NullPointerException
2021-11-29 23:17:11.704 ERROR 6224 --- [    Test worker] tourGuide.service.TourGuideService       : java.lang.NullPointerException
2021-11-29 23:17:11.704 ERROR 6224 --- [    Test worker] tourGuide.service.TourGuideService       : java.lang.NullPointerException
2021-11-29 23:17:11.704 ERROR 6224 --- [    Test worker] tourGuide.service.TourGuideService       : java.lang.NullPointerException
2021-11-29 23:17:11.704 ERROR 6224 --- [    Test worker] tourGuide.service.TourGuideService       : java.lang.NullPointerException
2021-11-29 23:17:11.704 ERROR 6224 --- [    Test worker] tourGuide.service.TourGuideService       : java.lang.NullPointerException
2021-11-29 23:17:11.704 ERROR 6224 --- [    Test worker] tourGuide.service.TourGuideService       : java.lang.NullPointerException
2021-11-29 23:17:11.704 ERROR 6224 --- [    Test worker] tourGuide.service.TourGuideService       : java.lang.NullPointerException
2021-11-29 23:17:11.704 ERROR 6224 --- [    Test worker] tourGuide.service.TourGuideService       : java.lang.NullPointerException
2021-11-29 23:17:11.704 ERROR 6224 --- [    Test worker] tourGuide.service.TourGuideService       : java.lang.NullPointerException
2021-11-29 23:17:11.705 ERROR 6224 --- [    Test worker] tourGuide.service.TourGuideService       : java.lang.NullPointerException
2021-11-29 23:17:11.705 ERROR 6224 --- [    Test worker] tourGuide.service.TourGuideService       : java.lang.NullPointerException
2021-11-29 23:17:11.705 ERROR 6224 --- [    Test worker] tourGuide.service.TourGuideService       : java.lang.NullPointerException
2021-11-29 23:17:11.705 ERROR 6224 --- [    Test worker] tourGuide.service.TourGuideService       : java.lang.NullPointerException
2021-11-29 23:17:11.705 ERROR 6224 --- [    Test worker] tourGuide.service.TourGuideService       : java.lang.NullPointerException
2021-11-29 23:17:11.705 ERROR 6224 --- [    Test worker] tourGuide.service.TourGuideService       : java.lang.NullPointerException
2021-11-29 23:17:11.705 ERROR 6224 --- [    Test worker] tourGuide.service.TourGuideService       : java.lang.NullPointerException
2021-11-29 23:17:11.705 ERROR 6224 --- [    Test worker] tourGuide.service.TourGuideService       : java.lang.NullPointerException
2021-11-29 23:17:11.705 ERROR 6224 --- [    Test worker] tourGuide.service.TourGuideService       : java.lang.NullPointerException
2021-11-29 23:17:11.705 ERROR 6224 --- [    Test worker] tourGuide.service.TourGuideService       : java.lang.NullPointerException
2021-11-29 23:17:11.705 ERROR 6224 --- [    Test worker] tourGuide.service.TourGuideService       : java.lang.NullPointerException
2021-11-29 23:17:11.705 ERROR 6224 --- [    Test worker] tourGuide.service.TourGuideService       : java.lang.NullPointerException
2021-11-29 23:17:11.705 ERROR 6224 --- [    Test worker] tourGuide.service.TourGuideService       : java.lang.NullPointerException
2021-11-29 23:17:11.705 ERROR 6224 --- [    Test worker] tourGuide.service.TourGuideService       : java.lang.NullPointerException
2021-11-29 23:17:11.705 ERROR 6224 --- [    Test worker] tourGuide.service.TourGuideService       : java.lang.NullPointerException
2021-11-29 23:17:11.705 ERROR 6224 --- [    Test worker] tourGuide.service.TourGuideService       : java.lang.NullPointerException
2021-11-29 23:17:11.705 ERROR 6224 --- [    Test worker] tourGuide.service.TourGuideService       : java.lang.NullPointerException
2021-11-29 23:17:11.705 ERROR 6224 --- [    Test worker] tourGuide.service.TourGuideService       : java.lang.NullPointerException
2021-11-29 23:17:11.705 ERROR 6224 --- [    Test worker] tourGuide.service.TourGuideService       : java.lang.NullPointerException
2021-11-29 23:17:11.705 ERROR 6224 --- [    Test worker] tourGuide.service.TourGuideService       : java.lang.NullPointerException
2021-11-29 23:17:11.706 ERROR 6224 --- [    Test worker] tourGuide.service.TourGuideService       : java.lang.NullPointerException
2021-11-29 23:17:11.706 ERROR 6224 --- [    Test worker] tourGuide.service.TourGuideService       : java.lang.NullPointerException
2021-11-29 23:17:11.706 ERROR 6224 --- [    Test worker] tourGuide.service.TourGuideService       : java.lang.NullPointerException
2021-11-29 23:17:11.706 ERROR 6224 --- [    Test worker] tourGuide.service.TourGuideService       : java.lang.NullPointerException
2021-11-29 23:17:11.706 ERROR 6224 --- [    Test worker] tourGuide.service.TourGuideService       : java.lang.NullPointerException
2021-11-29 23:17:11.706 ERROR 6224 --- [    Test worker] tourGuide.service.TourGuideService       : java.lang.NullPointerException
2021-11-29 23:17:11.706 ERROR 6224 --- [    Test worker] tourGuide.service.TourGuideService       : java.lang.NullPointerException
2021-11-29 23:17:11.706 ERROR 6224 --- [    Test worker] tourGuide.service.TourGuideService       : java.lang.NullPointerException
2021-11-29 23:17:11.707 ERROR 6224 --- [    Test worker] tourGuide.service.TourGuideService       : java.lang.NullPointerException
2021-11-29 23:17:11.707 ERROR 6224 --- [    Test worker] tourGuide.service.TourGuideService       : java.lang.NullPointerException
2021-11-29 23:17:11.708 ERROR 6224 --- [    Test worker] tourGuide.service.TourGuideService       : java.lang.NullPointerException
2021-11-29 23:17:11.708 ERROR 6224 --- [    Test worker] tourGuide.service.TourGuideService       : java.lang.NullPointerException
2021-11-29 23:17:11.708 ERROR 6224 --- [    Test worker] tourGuide.service.TourGuideService       : java.lang.NullPointerException
2021-11-29 23:17:11.708 ERROR 6224 --- [    Test worker] tourGuide.service.TourGuideService       : java.lang.NullPointerException
2021-11-29 23:17:11.708 ERROR 6224 --- [    Test worker] tourGuide.service.TourGuideService       : java.lang.NullPointerException
2021-11-29 23:17:11.708 ERROR 6224 --- [    Test worker] tourGuide.service.TourGuideService       : java.lang.NullPointerException
2021-11-29 23:17:11.708 ERROR 6224 --- [    Test worker] tourGuide.service.TourGuideService       : java.lang.NullPointerException
2021-11-29 23:17:11.708 ERROR 6224 --- [    Test worker] tourGuide.service.TourGuideService       : java.lang.NullPointerException
2021-11-29 23:17:11.708 ERROR 6224 --- [    Test worker] tourGuide.service.TourGuideService       : java.lang.NullPointerException
2021-11-29 23:17:11.708 ERROR 6224 --- [    Test worker] tourGuide.service.TourGuideService       : java.lang.NullPointerException
2021-11-29 23:17:11.708 ERROR 6224 --- [    Test worker] tourGuide.service.TourGuideService       : java.lang.NullPointerException
2021-11-29 23:17:11.709 ERROR 6224 --- [    Test worker] tourGuide.service.TourGuideService       : java.lang.NullPointerException
2021-11-29 23:17:11.709 ERROR 6224 --- [    Test worker] tourGuide.service.TourGuideService       : java.lang.NullPointerException
2021-11-29 23:17:11.709 ERROR 6224 --- [    Test worker] tourGuide.service.TourGuideService       : java.lang.NullPointerException
2021-11-29 23:17:11.709 ERROR 6224 --- [    Test worker] tourGuide.service.TourGuideService       : java.lang.NullPointerException
2021-11-29 23:17:11.709 ERROR 6224 --- [    Test worker] tourGuide.service.TourGuideService       : java.lang.NullPointerException
2021-11-29 23:17:11.709 ERROR 6224 --- [    Test worker] tourGuide.service.TourGuideService       : java.lang.NullPointerException
2021-11-29 23:17:11.709 ERROR 6224 --- [    Test worker] tourGuide.service.TourGuideService       : java.lang.NullPointerException
2021-11-29 23:17:11.709 ERROR 6224 --- [    Test worker] tourGuide.service.TourGuideService       : java.lang.NullPointerException
2021-11-29 23:17:11.709 ERROR 6224 --- [    Test worker] tourGuide.service.TourGuideService       : java.lang.NullPointerException
2021-11-29 23:17:11.710 ERROR 6224 --- [    Test worker] tourGuide.service.TourGuideService       : java.lang.NullPointerException
2021-11-29 23:17:11.710 ERROR 6224 --- [    Test worker] tourGuide.service.TourGuideService       : java.lang.NullPointerException
2021-11-29 23:17:11.710 ERROR 6224 --- [    Test worker] tourGuide.service.TourGuideService       : java.lang.NullPointerException
2021-11-29 23:17:11.710 ERROR 6224 --- [    Test worker] tourGuide.service.TourGuideService       : java.lang.NullPointerException
2021-11-29 23:17:11.710 ERROR 6224 --- [    Test worker] tourGuide.service.TourGuideService       : java.lang.NullPointerException
2021-11-29 23:17:11.710 ERROR 6224 --- [    Test worker] tourGuide.service.TourGuideService       : java.lang.NullPointerException
2021-11-29 23:17:11.710 ERROR 6224 --- [    Test worker] tourGuide.service.TourGuideService       : java.lang.NullPointerException
2021-11-29 23:17:11.710 ERROR 6224 --- [    Test worker] tourGuide.service.TourGuideService       : java.lang.NullPointerException
2021-11-29 23:17:11.710 ERROR 6224 --- [    Test worker] tourGuide.service.TourGuideService       : java.lang.NullPointerException
2021-11-29 23:17:11.710 ERROR 6224 --- [    Test worker] tourGuide.service.TourGuideService       : java.lang.NullPointerException
2021-11-29 23:17:11.710 ERROR 6224 --- [    Test worker] tourGuide.service.TourGuideService       : java.lang.NullPointerException
2021-11-29 23:17:11.710 ERROR 6224 --- [    Test worker] tourGuide.service.TourGuideService       : java.lang.NullPointerException
2021-11-29 23:17:11.710 ERROR 6224 --- [    Test worker] tourGuide.service.TourGuideService       : java.lang.NullPointerException
2021-11-29 23:17:11.710 ERROR 6224 --- [    Test worker] tourGuide.service.TourGuideService       : java.lang.NullPointerException
2021-11-29 23:17:11.710 ERROR 6224 --- [    Test worker] tourGuide.service.TourGuideService       : java.lang.NullPointerException
2021-11-29 23:17:11.710 ERROR 6224 --- [    Test worker] tourGuide.service.TourGuideService       : java.lang.NullPointerException
2021-11-29 23:17:11.711 ERROR 6224 --- [    Test worker] tourGuide.service.TourGuideService       : java.lang.NullPointerException
2021-11-29 23:17:11.711 ERROR 6224 --- [    Test worker] tourGuide.service.TourGuideService       : java.lang.NullPointerException
2021-11-29 23:17:11.711 ERROR 6224 --- [    Test worker] tourGuide.service.TourGuideService       : java.lang.NullPointerException
2021-11-29 23:17:11.711 ERROR 6224 --- [    Test worker] tourGuide.service.TourGuideService       : java.lang.NullPointerException
2021-11-29 23:17:11.711 ERROR 6224 --- [    Test worker] tourGuide.service.TourGuideService       : java.lang.NullPointerException
2021-11-29 23:17:11.711 ERROR 6224 --- [    Test worker] tourGuide.service.TourGuideService       : java.lang.NullPointerException
2021-11-29 23:17:11.711 ERROR 6224 --- [    Test worker] tourGuide.service.TourGuideService       : java.lang.NullPointerException
2021-11-29 23:17:11.711 ERROR 6224 --- [    Test worker] tourGuide.service.TourGuideService       : java.lang.NullPointerException
2021-11-29 23:17:11.711 ERROR 6224 --- [    Test worker] tourGuide.service.TourGuideService       : java.lang.NullPointerException
2021-11-29 23:17:11.711 ERROR 6224 --- [    Test worker] tourGuide.service.TourGuideService       : java.lang.NullPointerException
2021-11-29 23:17:11.711 ERROR 6224 --- [    Test worker] tourGuide.service.TourGuideService       : java.lang.NullPointerException
2021-11-29 23:17:11.711 ERROR 6224 --- [    Test worker] tourGuide.service.TourGuideService       : java.lang.NullPointerException
2021-11-29 23:17:11.711 ERROR 6224 --- [    Test worker] tourGuide.service.TourGuideService       : java.lang.NullPointerException
2021-11-29 23:17:11.711 ERROR 6224 --- [    Test worker] tourGuide.service.TourGuideService       : java.lang.NullPointerException
2021-11-29 23:17:11.711 ERROR 6224 --- [    Test worker] tourGuide.service.TourGuideService       : java.lang.NullPointerException
2021-11-29 23:17:11.711 ERROR 6224 --- [    Test worker] tourGuide.service.TourGuideService       : java.lang.NullPointerException
2021-11-29 23:17:11.711 ERROR 6224 --- [    Test worker] tourGuide.service.TourGuideService       : java.lang.NullPointerException
2021-11-29 23:17:11.711 ERROR 6224 --- [    Test worker] tourGuide.service.TourGuideService       : java.lang.NullPointerException
2021-11-29 23:17:11.711 ERROR 6224 --- [    Test worker] tourGuide.service.TourGuideService       : java.lang.NullPointerException
2021-11-29 23:17:11.711 ERROR 6224 --- [    Test worker] tourGuide.service.TourGuideService       : java.lang.NullPointerException
2021-11-29 23:17:11.711 ERROR 6224 --- [    Test worker] tourGuide.service.TourGuideService       : java.lang.NullPointerException
2021-11-29 23:17:11.711 ERROR 6224 --- [    Test worker] tourGuide.service.TourGuideService       : java.lang.NullPointerException
2021-11-29 23:17:11.712 ERROR 6224 --- [    Test worker] tourGuide.service.TourGuideService       : java.lang.NullPointerException
2021-11-29 23:17:11.713 ERROR 6224 --- [    Test worker] tourGuide.service.TourGuideService       : java.lang.NullPointerException
2021-11-29 23:17:11.716 ERROR 6224 --- [    Test worker] tourGuide.service.TourGuideService       : java.lang.NullPointerException
2021-11-29 23:17:11.716 ERROR 6224 --- [    Test worker] tourGuide.service.TourGuideService       : java.lang.NullPointerException
2021-11-29 23:17:11.716 ERROR 6224 --- [    Test worker] tourGuide.service.TourGuideService       : java.lang.NullPointerException
2021-11-29 23:17:11.716 ERROR 6224 --- [    Test worker] tourGuide.service.TourGuideService       : java.lang.NullPointerException
2021-11-29 23:17:11.717 ERROR 6224 --- [    Test worker] tourGuide.service.TourGuideService       : java.lang.NullPointerException
2021-11-29 23:17:11.717 ERROR 6224 --- [    Test worker] tourGuide.service.TourGuideService       : java.lang.NullPointerException
2021-11-29 23:17:11.717 ERROR 6224 --- [    Test worker] tourGuide.service.TourGuideService       : java.lang.NullPointerException
2021-11-29 23:17:11.717 ERROR 6224 --- [    Test worker] tourGuide.service.TourGuideService       : java.lang.NullPointerException
2021-11-29 23:17:11.717 ERROR 6224 --- [    Test worker] tourGuide.service.TourGuideService       : java.lang.NullPointerException
2021-11-29 23:17:11.717 ERROR 6224 --- [    Test worker] tourGuide.service.TourGuideService       : java.lang.NullPointerException
2021-11-29 23:17:11.717 ERROR 6224 --- [    Test worker] tourGuide.service.TourGuideService       : java.lang.NullPointerException
2021-11-29 23:17:11.717 ERROR 6224 --- [    Test worker] tourGuide.service.TourGuideService       : java.lang.NullPointerException
2021-11-29 23:17:11.717 ERROR 6224 --- [    Test worker] tourGuide.service.TourGuideService       : java.lang.NullPointerException
2021-11-29 23:17:11.717 ERROR 6224 --- [    Test worker] tourGuide.service.TourGuideService       : java.lang.NullPointerException
2021-11-29 23:17:11.717 ERROR 6224 --- [    Test worker] tourGuide.service.TourGuideService       : java.lang.NullPointerException
2021-11-29 23:17:11.717 ERROR 6224 --- [    Test worker] tourGuide.service.TourGuideService       : java.lang.NullPointerException
2021-11-29 23:17:11.717 ERROR 6224 --- [    Test worker] tourGuide.service.TourGuideService       : java.lang.NullPointerException
2021-11-29 23:17:11.717 ERROR 6224 --- [    Test worker] tourGuide.service.TourGuideService       : java.lang.NullPointerException
2021-11-29 23:17:11.717 ERROR 6224 --- [    Test worker] tourGuide.service.TourGuideService       : java.lang.NullPointerException
2021-11-29 23:17:11.717 ERROR 6224 --- [    Test worker] tourGuide.service.TourGuideService       : java.lang.NullPointerException
2021-11-29 23:17:11.717 ERROR 6224 --- [    Test worker] tourGuide.service.TourGuideService       : java.lang.NullPointerException
2021-11-29 23:17:11.717 ERROR 6224 --- [    Test worker] tourGuide.service.TourGuideService       : java.lang.NullPointerException
2021-11-29 23:17:11.717 ERROR 6224 --- [    Test worker] tourGuide.service.TourGuideService       : java.lang.NullPointerException
2021-11-29 23:17:11.717 ERROR 6224 --- [    Test worker] tourGuide.service.TourGuideService       : java.lang.NullPointerException
2021-11-29 23:17:11.718 ERROR 6224 --- [    Test worker] tourGuide.service.TourGuideService       : java.lang.NullPointerException
2021-11-29 23:17:11.718 ERROR 6224 --- [    Test worker] tourGuide.service.TourGuideService       : java.lang.NullPointerException
2021-11-29 23:17:11.718 ERROR 6224 --- [    Test worker] tourGuide.service.TourGuideService       : java.lang.NullPointerException
2021-11-29 23:17:11.718 ERROR 6224 --- [    Test worker] tourGuide.service.TourGuideService       : java.lang.NullPointerException
2021-11-29 23:17:11.718 ERROR 6224 --- [    Test worker] tourGuide.service.TourGuideService       : java.lang.NullPointerException
2021-11-29 23:17:11.718 ERROR 6224 --- [    Test worker] tourGuide.service.TourGuideService       : java.lang.NullPointerException
2021-11-29 23:17:11.718 ERROR 6224 --- [    Test worker] tourGuide.service.TourGuideService       : java.lang.NullPointerException
2021-11-29 23:17:11.718 ERROR 6224 --- [    Test worker] tourGuide.service.TourGuideService       : java.lang.NullPointerException
2021-11-29 23:17:11.718 ERROR 6224 --- [    Test worker] tourGuide.service.TourGuideService       : java.lang.NullPointerException
2021-11-29 23:17:11.718 ERROR 6224 --- [    Test worker] tourGuide.service.TourGuideService       : java.lang.NullPointerException
2021-11-29 23:17:11.718 ERROR 6224 --- [    Test worker] tourGuide.service.TourGuideService       : java.lang.NullPointerException
2021-11-29 23:17:11.718 ERROR 6224 --- [    Test worker] tourGuide.service.TourGuideService       : java.lang.NullPointerException
2021-11-29 23:17:11.718 ERROR 6224 --- [    Test worker] tourGuide.service.TourGuideService       : java.lang.NullPointerException
2021-11-29 23:17:11.719 ERROR 6224 --- [    Test worker] tourGuide.service.TourGuideService       : java.lang.NullPointerException
2021-11-29 23:17:11.719 ERROR 6224 --- [    Test worker] tourGuide.service.TourGuideService       : java.lang.NullPointerException
2021-11-29 23:17:11.719 ERROR 6224 --- [    Test worker] tourGuide.service.TourGuideService       : java.lang.NullPointerException
2021-11-29 23:17:11.719 ERROR 6224 --- [    Test worker] tourGuide.service.TourGuideService       : java.lang.NullPointerException
2021-11-29 23:17:11.719 ERROR 6224 --- [    Test worker] tourGuide.service.TourGuideService       : java.lang.NullPointerException
2021-11-29 23:17:11.719 ERROR 6224 --- [    Test worker] tourGuide.service.TourGuideService       : java.lang.NullPointerException
2021-11-29 23:17:11.719 ERROR 6224 --- [    Test worker] tourGuide.service.TourGuideService       : java.lang.NullPointerException
2021-11-29 23:17:11.719 ERROR 6224 --- [    Test worker] tourGuide.service.TourGuideService       : java.lang.NullPointerException
2021-11-29 23:17:11.719 ERROR 6224 --- [    Test worker] tourGuide.service.TourGuideService       : java.lang.NullPointerException
2021-11-29 23:17:11.720 ERROR 6224 --- [    Test worker] tourGuide.service.TourGuideService       : java.lang.NullPointerException
2021-11-29 23:17:11.720 ERROR 6224 --- [    Test worker] tourGuide.service.TourGuideService       : java.lang.NullPointerException
2021-11-29 23:17:11.720 ERROR 6224 --- [    Test worker] tourGuide.service.TourGuideService       : java.lang.NullPointerException
2021-11-29 23:17:11.720 ERROR 6224 --- [    Test worker] tourGuide.service.TourGuideService       : java.lang.NullPointerException
2021-11-29 23:17:11.720 ERROR 6224 --- [    Test worker] tourGuide.service.TourGuideService       : java.lang.NullPointerException
2021-11-29 23:17:11.720 ERROR 6224 --- [    Test worker] tourGuide.service.TourGuideService       : java.lang.NullPointerException
2021-11-29 23:17:11.720 ERROR 6224 --- [    Test worker] tourGuide.service.TourGuideService       : java.lang.NullPointerException
2021-11-29 23:17:11.720 ERROR 6224 --- [    Test worker] tourGuide.service.TourGuideService       : java.lang.NullPointerException
2021-11-29 23:17:11.720 ERROR 6224 --- [    Test worker] tourGuide.service.TourGuideService       : java.lang.NullPointerException
2021-11-29 23:17:11.720 ERROR 6224 --- [    Test worker] tourGuide.service.TourGuideService       : java.lang.NullPointerException
2021-11-29 23:17:11.720 ERROR 6224 --- [    Test worker] tourGuide.service.TourGuideService       : java.lang.NullPointerException
2021-11-29 23:17:11.720 ERROR 6224 --- [    Test worker] tourGuide.service.TourGuideService       : java.lang.NullPointerException
2021-11-29 23:17:11.720 ERROR 6224 --- [    Test worker] tourGuide.service.TourGuideService       : java.lang.NullPointerException
2021-11-29 23:17:11.720 ERROR 6224 --- [    Test worker] tourGuide.service.TourGuideService       : java.lang.NullPointerException
2021-11-29 23:17:11.720 ERROR 6224 --- [    Test worker] tourGuide.service.TourGuideService       : java.lang.NullPointerException
2021-11-29 23:17:11.720 ERROR 6224 --- [    Test worker] tourGuide.service.TourGuideService       : java.lang.NullPointerException
2021-11-29 23:17:11.720 ERROR 6224 --- [    Test worker] tourGuide.service.TourGuideService       : java.lang.NullPointerException
2021-11-29 23:17:11.720 ERROR 6224 --- [    Test worker] tourGuide.service.TourGuideService       : java.lang.NullPointerException
2021-11-29 23:17:11.720 ERROR 6224 --- [    Test worker] tourGuide.service.TourGuideService       : java.lang.NullPointerException
2021-11-29 23:17:11.720 ERROR 6224 --- [    Test worker] tourGuide.service.TourGuideService       : java.lang.NullPointerException
2021-11-29 23:17:11.720 ERROR 6224 --- [    Test worker] tourGuide.service.TourGuideService       : java.lang.NullPointerException
2021-11-29 23:17:11.720 ERROR 6224 --- [    Test worker] tourGuide.service.TourGuideService       : java.lang.NullPointerException
2021-11-29 23:17:11.720 ERROR 6224 --- [    Test worker] tourGuide.service.TourGuideService       : java.lang.NullPointerException
2021-11-29 23:17:11.720 ERROR 6224 --- [    Test worker] tourGuide.service.TourGuideService       : java.lang.NullPointerException
2021-11-29 23:17:11.720 ERROR 6224 --- [    Test worker] tourGuide.service.TourGuideService       : java.lang.NullPointerException
2021-11-29 23:17:11.720 ERROR 6224 --- [    Test worker] tourGuide.service.TourGuideService       : java.lang.NullPointerException
2021-11-29 23:17:11.720 ERROR 6224 --- [    Test worker] tourGuide.service.TourGuideService       : java.lang.NullPointerException
2021-11-29 23:17:11.720 ERROR 6224 --- [    Test worker] tourGuide.service.TourGuideService       : java.lang.NullPointerException
2021-11-29 23:17:11.721 ERROR 6224 --- [    Test worker] tourGuide.service.TourGuideService       : java.lang.NullPointerException
2021-11-29 23:17:11.721 ERROR 6224 --- [    Test worker] tourGuide.service.TourGuideService       : java.lang.NullPointerException
2021-11-29 23:17:11.721 ERROR 6224 --- [    Test worker] tourGuide.service.TourGuideService       : java.lang.NullPointerException
2021-11-29 23:17:11.721 ERROR 6224 --- [    Test worker] tourGuide.service.TourGuideService       : java.lang.NullPointerException
2021-11-29 23:17:11.721 ERROR 6224 --- [    Test worker] tourGuide.service.TourGuideService       : java.lang.NullPointerException
2021-11-29 23:17:11.721 ERROR 6224 --- [    Test worker] tourGuide.service.TourGuideService       : java.lang.NullPointerException
2021-11-29 23:17:11.721 ERROR 6224 --- [    Test worker] tourGuide.service.TourGuideService       : java.lang.NullPointerException
2021-11-29 23:17:11.721 ERROR 6224 --- [    Test worker] tourGuide.service.TourGuideService       : java.lang.NullPointerException
2021-11-29 23:17:11.721 ERROR 6224 --- [    Test worker] tourGuide.service.TourGuideService       : java.lang.NullPointerException
2021-11-29 23:17:11.721 ERROR 6224 --- [    Test worker] tourGuide.service.TourGuideService       : java.lang.NullPointerException
2021-11-29 23:17:11.721 ERROR 6224 --- [    Test worker] tourGuide.service.TourGuideService       : java.lang.NullPointerException
2021-11-29 23:17:11.721 ERROR 6224 --- [    Test worker] tourGuide.service.TourGuideService       : java.lang.NullPointerException
2021-11-29 23:17:11.721 ERROR 6224 --- [    Test worker] tourGuide.service.TourGuideService       : java.lang.NullPointerException
2021-11-29 23:17:11.721 ERROR 6224 --- [    Test worker] tourGuide.service.TourGuideService       : java.lang.NullPointerException
2021-11-29 23:17:11.721 ERROR 6224 --- [    Test worker] tourGuide.service.TourGuideService       : java.lang.NullPointerException
2021-11-29 23:17:11.721 ERROR 6224 --- [    Test worker] tourGuide.service.TourGuideService       : java.lang.NullPointerException
2021-11-29 23:17:11.721 ERROR 6224 --- [    Test worker] tourGuide.service.TourGuideService       : java.lang.NullPointerException
2021-11-29 23:17:11.721 ERROR 6224 --- [    Test worker] tourGuide.service.TourGuideService       : java.lang.NullPointerException
2021-11-29 23:17:11.721 ERROR 6224 --- [    Test worker] tourGuide.service.TourGuideService       : java.lang.NullPointerException
2021-11-29 23:17:11.721 ERROR 6224 --- [    Test worker] tourGuide.service.TourGuideService       : java.lang.NullPointerException
2021-11-29 23:17:11.722 ERROR 6224 --- [    Test worker] tourGuide.service.TourGuideService       : java.lang.NullPointerException
2021-11-29 23:17:11.722 ERROR 6224 --- [    Test worker] tourGuide.service.TourGuideService       : java.lang.NullPointerException
2021-11-29 23:17:11.722 ERROR 6224 --- [    Test worker] tourGuide.service.TourGuideService       : java.lang.NullPointerException
2021-11-29 23:17:11.722 ERROR 6224 --- [    Test worker] tourGuide.service.TourGuideService       : java.lang.NullPointerException
2021-11-29 23:17:11.722 ERROR 6224 --- [    Test worker] tourGuide.service.TourGuideService       : java.lang.NullPointerException
2021-11-29 23:17:11.722 ERROR 6224 --- [    Test worker] tourGuide.service.TourGuideService       : java.lang.NullPointerException
2021-11-29 23:17:11.722 ERROR 6224 --- [    Test worker] tourGuide.service.TourGuideService       : java.lang.NullPointerException
2021-11-29 23:17:11.722 ERROR 6224 --- [    Test worker] tourGuide.service.TourGuideService       : java.lang.NullPointerException
2021-11-29 23:17:11.722 ERROR 6224 --- [    Test worker] tourGuide.service.TourGuideService       : java.lang.NullPointerException
2021-11-29 23:17:11.722 ERROR 6224 --- [    Test worker] tourGuide.service.TourGuideService       : java.lang.NullPointerException
2021-11-29 23:17:11.722 ERROR 6224 --- [    Test worker] tourGuide.service.TourGuideService       : java.lang.NullPointerException
2021-11-29 23:17:11.722 ERROR 6224 --- [    Test worker] tourGuide.service.TourGuideService       : java.lang.NullPointerException
2021-11-29 23:17:11.722 ERROR 6224 --- [    Test worker] tourGuide.service.TourGuideService       : java.lang.NullPointerException
2021-11-29 23:17:11.722 ERROR 6224 --- [    Test worker] tourGuide.service.TourGuideService       : java.lang.NullPointerException
2021-11-29 23:17:11.722 ERROR 6224 --- [    Test worker] tourGuide.service.TourGuideService       : java.lang.NullPointerException
2021-11-29 23:17:11.722 ERROR 6224 --- [    Test worker] tourGuide.service.TourGuideService       : java.lang.NullPointerException
2021-11-29 23:17:11.722 ERROR 6224 --- [    Test worker] tourGuide.service.TourGuideService       : java.lang.NullPointerException
2021-11-29 23:17:11.722 ERROR 6224 --- [    Test worker] tourGuide.service.TourGuideService       : java.lang.NullPointerException
2021-11-29 23:17:11.722 ERROR 6224 --- [    Test worker] tourGuide.service.TourGuideService       : java.lang.NullPointerException
2021-11-29 23:17:11.722 ERROR 6224 --- [    Test worker] tourGuide.service.TourGuideService       : java.lang.NullPointerException
2021-11-29 23:17:11.723 ERROR 6224 --- [    Test worker] tourGuide.service.TourGuideService       : java.lang.NullPointerException
2021-11-29 23:17:11.723 ERROR 6224 --- [    Test worker] tourGuide.service.TourGuideService       : java.lang.NullPointerException
2021-11-29 23:17:11.723 ERROR 6224 --- [    Test worker] tourGuide.service.TourGuideService       : java.lang.NullPointerException
2021-11-29 23:17:11.723 ERROR 6224 --- [    Test worker] tourGuide.service.TourGuideService       : java.lang.NullPointerException
2021-11-29 23:17:11.723 ERROR 6224 --- [    Test worker] tourGuide.service.TourGuideService       : java.lang.NullPointerException
2021-11-29 23:17:11.723 ERROR 6224 --- [    Test worker] tourGuide.service.TourGuideService       : java.lang.NullPointerException
2021-11-29 23:17:11.723 ERROR 6224 --- [    Test worker] tourGuide.service.TourGuideService       : java.lang.NullPointerException
2021-11-29 23:17:11.723 ERROR 6224 --- [    Test worker] tourGuide.service.TourGuideService       : java.lang.NullPointerException
2021-11-29 23:17:11.723 ERROR 6224 --- [    Test worker] tourGuide.service.TourGuideService       : java.lang.NullPointerException
2021-11-29 23:17:11.723 ERROR 6224 --- [    Test worker] tourGuide.service.TourGuideService       : java.lang.NullPointerException
2021-11-29 23:17:11.723 ERROR 6224 --- [    Test worker] tourGuide.service.TourGuideService       : java.lang.NullPointerException
2021-11-29 23:17:11.723 ERROR 6224 --- [    Test worker] tourGuide.service.TourGuideService       : java.lang.NullPointerException
2021-11-29 23:17:11.723 ERROR 6224 --- [    Test worker] tourGuide.service.TourGuideService       : java.lang.NullPointerException
2021-11-29 23:17:11.723 ERROR 6224 --- [    Test worker] tourGuide.service.TourGuideService       : java.lang.NullPointerException
2021-11-29 23:17:11.723 ERROR 6224 --- [    Test worker] tourGuide.service.TourGuideService       : java.lang.NullPointerException
2021-11-29 23:17:11.723 ERROR 6224 --- [    Test worker] tourGuide.service.TourGuideService       : java.lang.NullPointerException
2021-11-29 23:17:11.723 ERROR 6224 --- [    Test worker] tourGuide.service.TourGuideService       : java.lang.NullPointerException
2021-11-29 23:17:11.723 ERROR 6224 --- [    Test worker] tourGuide.service.TourGuideService       : java.lang.NullPointerException
2021-11-29 23:17:11.723 ERROR 6224 --- [    Test worker] tourGuide.service.TourGuideService       : java.lang.NullPointerException
2021-11-29 23:17:11.723 ERROR 6224 --- [    Test worker] tourGuide.service.TourGuideService       : java.lang.NullPointerException
2021-11-29 23:17:11.723 ERROR 6224 --- [    Test worker] tourGuide.service.TourGuideService       : java.lang.NullPointerException
2021-11-29 23:17:11.723 ERROR 6224 --- [    Test worker] tourGuide.service.TourGuideService       : java.lang.NullPointerException
2021-11-29 23:17:11.723 ERROR 6224 --- [    Test worker] tourGuide.service.TourGuideService       : java.lang.NullPointerException
2021-11-29 23:17:11.723 ERROR 6224 --- [    Test worker] tourGuide.service.TourGuideService       : java.lang.NullPointerException
2021-11-29 23:17:11.724 ERROR 6224 --- [    Test worker] tourGuide.service.TourGuideService       : java.lang.NullPointerException
2021-11-29 23:17:11.724 ERROR 6224 --- [    Test worker] tourGuide.service.TourGuideService       : java.lang.NullPointerException
2021-11-29 23:17:11.724 ERROR 6224 --- [    Test worker] tourGuide.service.TourGuideService       : java.lang.NullPointerException
2021-11-29 23:17:11.724 ERROR 6224 --- [    Test worker] tourGuide.service.TourGuideService       : java.lang.NullPointerException
2021-11-29 23:17:11.724 ERROR 6224 --- [    Test worker] tourGuide.service.TourGuideService       : java.lang.NullPointerException
2021-11-29 23:17:11.724 ERROR 6224 --- [    Test worker] tourGuide.service.TourGuideService       : java.lang.NullPointerException
2021-11-29 23:17:11.724 ERROR 6224 --- [    Test worker] tourGuide.service.TourGuideService       : java.lang.NullPointerException
2021-11-29 23:17:11.724 ERROR 6224 --- [    Test worker] tourGuide.service.TourGuideService       : java.lang.NullPointerException
2021-11-29 23:17:11.724 ERROR 6224 --- [    Test worker] tourGuide.service.TourGuideService       : java.lang.NullPointerException
2021-11-29 23:17:11.724 ERROR 6224 --- [    Test worker] tourGuide.service.TourGuideService       : java.lang.NullPointerException
2021-11-29 23:17:11.724 ERROR 6224 --- [    Test worker] tourGuide.service.TourGuideService       : java.lang.NullPointerException
2021-11-29 23:17:11.724 ERROR 6224 --- [    Test worker] tourGuide.service.TourGuideService       : java.lang.NullPointerException
2021-11-29 23:17:11.724 ERROR 6224 --- [    Test worker] tourGuide.service.TourGuideService       : java.lang.NullPointerException
2021-11-29 23:17:11.724 ERROR 6224 --- [    Test worker] tourGuide.service.TourGuideService       : java.lang.NullPointerException
2021-11-29 23:17:11.724 ERROR 6224 --- [    Test worker] tourGuide.service.TourGuideService       : java.lang.NullPointerException
2021-11-29 23:17:11.724 ERROR 6224 --- [    Test worker] tourGuide.service.TourGuideService       : java.lang.NullPointerException
2021-11-29 23:17:11.724 ERROR 6224 --- [    Test worker] tourGuide.service.TourGuideService       : java.lang.NullPointerException
2021-11-29 23:17:11.724 ERROR 6224 --- [    Test worker] tourGuide.service.TourGuideService       : java.lang.NullPointerException
2021-11-29 23:17:11.725 ERROR 6224 --- [    Test worker] tourGuide.service.TourGuideService       : java.lang.NullPointerException
2021-11-29 23:17:11.725 ERROR 6224 --- [    Test worker] tourGuide.service.TourGuideService       : java.lang.NullPointerException
2021-11-29 23:17:11.725 ERROR 6224 --- [    Test worker] tourGuide.service.TourGuideService       : java.lang.NullPointerException
2021-11-29 23:17:11.725 ERROR 6224 --- [    Test worker] tourGuide.service.TourGuideService       : java.lang.NullPointerException
2021-11-29 23:17:11.725 ERROR 6224 --- [    Test worker] tourGuide.service.TourGuideService       : java.lang.NullPointerException
2021-11-29 23:17:11.725 ERROR 6224 --- [    Test worker] tourGuide.service.TourGuideService       : java.lang.NullPointerException
2021-11-29 23:17:11.725 ERROR 6224 --- [    Test worker] tourGuide.service.TourGuideService       : java.lang.NullPointerException
2021-11-29 23:17:11.725 ERROR 6224 --- [    Test worker] tourGuide.service.TourGuideService       : java.lang.NullPointerException
2021-11-29 23:17:11.725 ERROR 6224 --- [    Test worker] tourGuide.service.TourGuideService       : java.lang.NullPointerException
2021-11-29 23:17:11.725 ERROR 6224 --- [    Test worker] tourGuide.service.TourGuideService       : java.lang.NullPointerException
2021-11-29 23:17:11.725 ERROR 6224 --- [    Test worker] tourGuide.service.TourGuideService       : java.lang.NullPointerException
2021-11-29 23:17:11.725 ERROR 6224 --- [    Test worker] tourGuide.service.TourGuideService       : java.lang.NullPointerException
2021-11-29 23:17:11.725 ERROR 6224 --- [    Test worker] tourGuide.service.TourGuideService       : java.lang.NullPointerException
2021-11-29 23:17:11.725 ERROR 6224 --- [    Test worker] tourGuide.service.TourGuideService       : java.lang.NullPointerException
2021-11-29 23:17:11.725 ERROR 6224 --- [    Test worker] tourGuide.service.TourGuideService       : java.lang.NullPointerException
2021-11-29 23:17:11.725 ERROR 6224 --- [    Test worker] tourGuide.service.TourGuideService       : java.lang.NullPointerException
2021-11-29 23:17:11.726 ERROR 6224 --- [    Test worker] tourGuide.service.TourGuideService       : java.lang.NullPointerException
2021-11-29 23:17:11.726 ERROR 6224 --- [    Test worker] tourGuide.service.TourGuideService       : java.lang.NullPointerException
2021-11-29 23:17:11.726 ERROR 6224 --- [    Test worker] tourGuide.service.TourGuideService       : java.lang.NullPointerException
2021-11-29 23:17:11.727 ERROR 6224 --- [    Test worker] tourGuide.service.TourGuideService       : java.lang.NullPointerException
2021-11-29 23:17:11.727 ERROR 6224 --- [    Test worker] tourGuide.service.TourGuideService       : java.lang.NullPointerException
2021-11-29 23:17:11.727 ERROR 6224 --- [    Test worker] tourGuide.service.TourGuideService       : java.lang.NullPointerException
2021-11-29 23:17:11.727 ERROR 6224 --- [    Test worker] tourGuide.service.TourGuideService       : java.lang.NullPointerException
2021-11-29 23:17:11.727 ERROR 6224 --- [    Test worker] tourGuide.service.TourGuideService       : java.lang.NullPointerException
2021-11-29 23:17:11.727 ERROR 6224 --- [    Test worker] tourGuide.service.TourGuideService       : java.lang.NullPointerException
2021-11-29 23:17:11.727 ERROR 6224 --- [    Test worker] tourGuide.service.TourGuideService       : java.lang.NullPointerException
2021-11-29 23:17:11.727 ERROR 6224 --- [    Test worker] tourGuide.service.TourGuideService       : java.lang.NullPointerException
2021-11-29 23:17:11.727 ERROR 6224 --- [    Test worker] tourGuide.service.TourGuideService       : java.lang.NullPointerException
2021-11-29 23:17:11.727 ERROR 6224 --- [    Test worker] tourGuide.service.TourGuideService       : java.lang.NullPointerException
2021-11-29 23:17:11.727 ERROR 6224 --- [    Test worker] tourGuide.service.TourGuideService       : java.lang.NullPointerException
2021-11-29 23:17:11.728 ERROR 6224 --- [    Test worker] tourGuide.service.TourGuideService       : java.lang.NullPointerException
2021-11-29 23:17:11.728 ERROR 6224 --- [    Test worker] tourGuide.service.TourGuideService       : java.lang.NullPointerException
2021-11-29 23:17:11.728 ERROR 6224 --- [    Test worker] tourGuide.service.TourGuideService       : java.lang.NullPointerException
2021-11-29 23:17:11.728 ERROR 6224 --- [    Test worker] tourGuide.service.TourGuideService       : java.lang.NullPointerException
2021-11-29 23:17:11.728 ERROR 6224 --- [    Test worker] tourGuide.service.TourGuideService       : java.lang.NullPointerException
2021-11-29 23:17:11.728 ERROR 6224 --- [    Test worker] tourGuide.service.TourGuideService       : java.lang.NullPointerException
2021-11-29 23:17:11.728 ERROR 6224 --- [    Test worker] tourGuide.service.TourGuideService       : java.lang.NullPointerException
2021-11-29 23:17:11.728 ERROR 6224 --- [    Test worker] tourGuide.service.TourGuideService       : java.lang.NullPointerException
2021-11-29 23:17:11.728 ERROR 6224 --- [    Test worker] tourGuide.service.TourGuideService       : java.lang.NullPointerException
2021-11-29 23:17:11.728 ERROR 6224 --- [    Test worker] tourGuide.service.TourGuideService       : java.lang.NullPointerException
2021-11-29 23:17:11.728 ERROR 6224 --- [    Test worker] tourGuide.service.TourGuideService       : java.lang.NullPointerException
2021-11-29 23:17:11.728 ERROR 6224 --- [    Test worker] tourGuide.service.TourGuideService       : java.lang.NullPointerException
2021-11-29 23:17:11.728 ERROR 6224 --- [    Test worker] tourGuide.service.TourGuideService       : java.lang.NullPointerException
2021-11-29 23:17:11.728 ERROR 6224 --- [    Test worker] tourGuide.service.TourGuideService       : java.lang.NullPointerException
2021-11-29 23:17:11.728 ERROR 6224 --- [    Test worker] tourGuide.service.TourGuideService       : java.lang.NullPointerException
2021-11-29 23:17:11.728 ERROR 6224 --- [    Test worker] tourGuide.service.TourGuideService       : java.lang.NullPointerException
2021-11-29 23:17:11.728 ERROR 6224 --- [    Test worker] tourGuide.service.TourGuideService       : java.lang.NullPointerException
2021-11-29 23:17:11.728 ERROR 6224 --- [    Test worker] tourGuide.service.TourGuideService       : java.lang.NullPointerException
2021-11-29 23:17:11.729 ERROR 6224 --- [    Test worker] tourGuide.service.TourGuideService       : java.lang.NullPointerException
2021-11-29 23:17:11.729 ERROR 6224 --- [    Test worker] tourGuide.service.TourGuideService       : java.lang.NullPointerException
2021-11-29 23:17:11.729 ERROR 6224 --- [    Test worker] tourGuide.service.TourGuideService       : java.lang.NullPointerException
2021-11-29 23:17:11.729 ERROR 6224 --- [    Test worker] tourGuide.service.TourGuideService       : java.lang.NullPointerException
2021-11-29 23:17:11.729 ERROR 6224 --- [    Test worker] tourGuide.service.TourGuideService       : java.lang.NullPointerException
2021-11-29 23:17:11.729 ERROR 6224 --- [    Test worker] tourGuide.service.TourGuideService       : java.lang.NullPointerException
2021-11-29 23:17:11.729 ERROR 6224 --- [    Test worker] tourGuide.service.TourGuideService       : java.lang.NullPointerException
2021-11-29 23:17:11.729 ERROR 6224 --- [    Test worker] tourGuide.service.TourGuideService       : java.lang.NullPointerException
2021-11-29 23:17:11.729 ERROR 6224 --- [    Test worker] tourGuide.service.TourGuideService       : java.lang.NullPointerException
2021-11-29 23:17:11.729 ERROR 6224 --- [    Test worker] tourGuide.service.TourGuideService       : java.lang.NullPointerException
2021-11-29 23:17:11.729 ERROR 6224 --- [    Test worker] tourGuide.service.TourGuideService       : java.lang.NullPointerException
2021-11-29 23:17:11.729 ERROR 6224 --- [    Test worker] tourGuide.service.TourGuideService       : java.lang.NullPointerException
2021-11-29 23:17:11.729 ERROR 6224 --- [    Test worker] tourGuide.service.TourGuideService       : java.lang.NullPointerException
2021-11-29 23:17:11.729 ERROR 6224 --- [    Test worker] tourGuide.service.TourGuideService       : java.lang.NullPointerException
2021-11-29 23:17:11.729 ERROR 6224 --- [    Test worker] tourGuide.service.TourGuideService       : java.lang.NullPointerException
2021-11-29 23:17:11.729 ERROR 6224 --- [    Test worker] tourGuide.service.TourGuideService       : java.lang.NullPointerException
2021-11-29 23:17:11.729 ERROR 6224 --- [    Test worker] tourGuide.service.TourGuideService       : java.lang.NullPointerException
2021-11-29 23:17:11.729 ERROR 6224 --- [    Test worker] tourGuide.service.TourGuideService       : java.lang.NullPointerException
2021-11-29 23:17:11.729 ERROR 6224 --- [    Test worker] tourGuide.service.TourGuideService       : java.lang.NullPointerException
2021-11-29 23:17:11.729 ERROR 6224 --- [    Test worker] tourGuide.service.TourGuideService       : java.lang.NullPointerException
2021-11-29 23:17:11.729 ERROR 6224 --- [    Test worker] tourGuide.service.TourGuideService       : java.lang.NullPointerException
2021-11-29 23:17:11.729 ERROR 6224 --- [    Test worker] tourGuide.service.TourGuideService       : java.lang.NullPointerException
2021-11-29 23:17:11.730 ERROR 6224 --- [    Test worker] tourGuide.service.TourGuideService       : java.lang.NullPointerException
2021-11-29 23:17:11.730 ERROR 6224 --- [    Test worker] tourGuide.service.TourGuideService       : java.lang.NullPointerException
2021-11-29 23:17:11.730 ERROR 6224 --- [    Test worker] tourGuide.service.TourGuideService       : java.lang.NullPointerException
2021-11-29 23:17:11.730 ERROR 6224 --- [    Test worker] tourGuide.service.TourGuideService       : java.lang.NullPointerException
2021-11-29 23:17:11.730 ERROR 6224 --- [    Test worker] tourGuide.service.TourGuideService       : java.lang.NullPointerException
2021-11-29 23:17:11.730 ERROR 6224 --- [    Test worker] tourGuide.service.TourGuideService       : java.lang.NullPointerException
2021-11-29 23:17:11.730 ERROR 6224 --- [    Test worker] tourGuide.service.TourGuideService       : java.lang.NullPointerException
2021-11-29 23:17:11.730 ERROR 6224 --- [    Test worker] tourGuide.service.TourGuideService       : java.lang.NullPointerException
2021-11-29 23:17:11.730 ERROR 6224 --- [    Test worker] tourGuide.service.TourGuideService       : java.lang.NullPointerException
2021-11-29 23:17:11.730 ERROR 6224 --- [    Test worker] tourGuide.service.TourGuideService       : java.lang.NullPointerException
2021-11-29 23:17:11.730 ERROR 6224 --- [    Test worker] tourGuide.service.TourGuideService       : java.lang.NullPointerException
2021-11-29 23:17:11.731 ERROR 6224 --- [    Test worker] tourGuide.service.TourGuideService       : java.lang.NullPointerException
2021-11-29 23:17:11.731 ERROR 6224 --- [    Test worker] tourGuide.service.TourGuideService       : java.lang.NullPointerException
2021-11-29 23:17:11.731 ERROR 6224 --- [    Test worker] tourGuide.service.TourGuideService       : java.lang.NullPointerException
2021-11-29 23:17:11.731 ERROR 6224 --- [    Test worker] tourGuide.service.TourGuideService       : java.lang.NullPointerException
2021-11-29 23:17:11.731 ERROR 6224 --- [    Test worker] tourGuide.service.TourGuideService       : java.lang.NullPointerException
2021-11-29 23:17:11.731 ERROR 6224 --- [    Test worker] tourGuide.service.TourGuideService       : java.lang.NullPointerException
2021-11-29 23:17:11.731 ERROR 6224 --- [    Test worker] tourGuide.service.TourGuideService       : java.lang.NullPointerException
2021-11-29 23:17:11.731 ERROR 6224 --- [    Test worker] tourGuide.service.TourGuideService       : java.lang.NullPointerException
2021-11-29 23:17:11.732 ERROR 6224 --- [    Test worker] tourGuide.service.TourGuideService       : java.lang.NullPointerException
2021-11-29 23:17:11.732 ERROR 6224 --- [    Test worker] tourGuide.service.TourGuideService       : java.lang.NullPointerException
2021-11-29 23:17:11.732 ERROR 6224 --- [    Test worker] tourGuide.service.TourGuideService       : java.lang.NullPointerException
2021-11-29 23:17:11.732 ERROR 6224 --- [    Test worker] tourGuide.service.TourGuideService       : java.lang.NullPointerException
2021-11-29 23:17:11.732 ERROR 6224 --- [    Test worker] tourGuide.service.TourGuideService       : java.lang.NullPointerException
2021-11-29 23:17:11.732 ERROR 6224 --- [    Test worker] tourGuide.service.TourGuideService       : java.lang.NullPointerException
2021-11-29 23:17:11.732 ERROR 6224 --- [    Test worker] tourGuide.service.TourGuideService       : java.lang.NullPointerException
2021-11-29 23:17:11.732 ERROR 6224 --- [    Test worker] tourGuide.service.TourGuideService       : java.lang.NullPointerException
2021-11-29 23:17:11.732 ERROR 6224 --- [    Test worker] tourGuide.service.TourGuideService       : java.lang.NullPointerException
2021-11-29 23:17:11.732 ERROR 6224 --- [    Test worker] tourGuide.service.TourGuideService       : java.lang.NullPointerException
2021-11-29 23:17:11.732 ERROR 6224 --- [    Test worker] tourGuide.service.TourGuideService       : java.lang.NullPointerException
2021-11-29 23:17:11.732 ERROR 6224 --- [    Test worker] tourGuide.service.TourGuideService       : java.lang.NullPointerException
2021-11-29 23:17:11.732 ERROR 6224 --- [    Test worker] tourGuide.service.TourGuideService       : java.lang.NullPointerException
2021-11-29 23:17:11.732 ERROR 6224 --- [    Test worker] tourGuide.service.TourGuideService       : java.lang.NullPointerException
2021-11-29 23:17:11.732 ERROR 6224 --- [    Test worker] tourGuide.service.TourGuideService       : java.lang.NullPointerException
2021-11-29 23:17:11.732 ERROR 6224 --- [    Test worker] tourGuide.service.TourGuideService       : java.lang.NullPointerException
2021-11-29 23:17:11.732 ERROR 6224 --- [    Test worker] tourGuide.service.TourGuideService       : java.lang.NullPointerException
2021-11-29 23:17:11.732 ERROR 6224 --- [    Test worker] tourGuide.service.TourGuideService       : java.lang.NullPointerException
2021-11-29 23:17:11.732 ERROR 6224 --- [    Test worker] tourGuide.service.TourGuideService       : java.lang.NullPointerException
2021-11-29 23:17:11.732 ERROR 6224 --- [    Test worker] tourGuide.service.TourGuideService       : java.lang.NullPointerException
2021-11-29 23:17:11.733 ERROR 6224 --- [    Test worker] tourGuide.service.TourGuideService       : java.lang.NullPointerException
2021-11-29 23:17:11.733 ERROR 6224 --- [    Test worker] tourGuide.service.TourGuideService       : java.lang.NullPointerException
2021-11-29 23:17:11.733 ERROR 6224 --- [    Test worker] tourGuide.service.TourGuideService       : java.lang.NullPointerException
2021-11-29 23:17:11.734 ERROR 6224 --- [    Test worker] tourGuide.service.TourGuideService       : java.lang.NullPointerException
2021-11-29 23:17:11.734 ERROR 6224 --- [    Test worker] tourGuide.service.TourGuideService       : java.lang.NullPointerException
2021-11-29 23:17:11.734 ERROR 6224 --- [    Test worker] tourGuide.service.TourGuideService       : java.lang.NullPointerException
2021-11-29 23:17:11.734 ERROR 6224 --- [    Test worker] tourGuide.service.TourGuideService       : java.lang.NullPointerException
2021-11-29 23:17:11.734 ERROR 6224 --- [    Test worker] tourGuide.service.TourGuideService       : java.lang.NullPointerException
2021-11-29 23:17:11.734 ERROR 6224 --- [    Test worker] tourGuide.service.TourGuideService       : java.lang.NullPointerException
2021-11-29 23:17:11.734 ERROR 6224 --- [    Test worker] tourGuide.service.TourGuideService       : java.lang.NullPointerException
2021-11-29 23:17:11.734 ERROR 6224 --- [    Test worker] tourGuide.service.TourGuideService       : java.lang.NullPointerException
2021-11-29 23:17:11.734 ERROR 6224 --- [    Test worker] tourGuide.service.TourGuideService       : java.lang.NullPointerException
2021-11-29 23:17:11.734 ERROR 6224 --- [    Test worker] tourGuide.service.TourGuideService       : java.lang.NullPointerException
2021-11-29 23:17:11.735 ERROR 6224 --- [    Test worker] tourGuide.service.TourGuideService       : java.lang.NullPointerException
2021-11-29 23:17:11.735 ERROR 6224 --- [    Test worker] tourGuide.service.TourGuideService       : java.lang.NullPointerException
2021-11-29 23:17:11.735 ERROR 6224 --- [    Test worker] tourGuide.service.TourGuideService       : java.lang.NullPointerException
2021-11-29 23:17:11.735 ERROR 6224 --- [    Test worker] tourGuide.service.TourGuideService       : java.lang.NullPointerException
2021-11-29 23:17:11.735 ERROR 6224 --- [    Test worker] tourGuide.service.TourGuideService       : java.lang.NullPointerException
2021-11-29 23:17:11.735 ERROR 6224 --- [    Test worker] tourGuide.service.TourGuideService       : java.lang.NullPointerException
2021-11-29 23:17:11.735 ERROR 6224 --- [    Test worker] tourGuide.service.TourGuideService       : java.lang.NullPointerException
2021-11-29 23:17:11.735 ERROR 6224 --- [    Test worker] tourGuide.service.TourGuideService       : java.lang.NullPointerException
2021-11-29 23:17:11.735 ERROR 6224 --- [    Test worker] tourGuide.service.TourGuideService       : java.lang.NullPointerException
2021-11-29 23:17:11.735 ERROR 6224 --- [    Test worker] tourGuide.service.TourGuideService       : java.lang.NullPointerException
2021-11-29 23:17:11.740 ERROR 6224 --- [    Test worker] tourGuide.service.TourGuideService       : java.lang.NullPointerException
2021-11-29 23:17:11.740 ERROR 6224 --- [    Test worker] tourGuide.service.TourGuideService       : java.lang.NullPointerException
2021-11-29 23:17:11.740 ERROR 6224 --- [    Test worker] tourGuide.service.TourGuideService       : java.lang.NullPointerException
2021-11-29 23:17:11.741 ERROR 6224 --- [    Test worker] tourGuide.service.TourGuideService       : java.lang.NullPointerException
2021-11-29 23:17:11.741 ERROR 6224 --- [    Test worker] tourGuide.service.TourGuideService       : java.lang.NullPointerException
2021-11-29 23:17:11.741 ERROR 6224 --- [    Test worker] tourGuide.service.TourGuideService       : java.lang.NullPointerException
2021-11-29 23:17:11.741 ERROR 6224 --- [    Test worker] tourGuide.service.TourGuideService       : java.lang.NullPointerException
2021-11-29 23:17:11.741 ERROR 6224 --- [    Test worker] tourGuide.service.TourGuideService       : java.lang.NullPointerException
2021-11-29 23:17:11.741 ERROR 6224 --- [    Test worker] tourGuide.service.TourGuideService       : java.lang.NullPointerException
2021-11-29 23:17:11.741 ERROR 6224 --- [    Test worker] tourGuide.service.TourGuideService       : java.lang.NullPointerException
2021-11-29 23:17:11.741 ERROR 6224 --- [    Test worker] tourGuide.service.TourGuideService       : java.lang.NullPointerException
2021-11-29 23:17:11.741 ERROR 6224 --- [    Test worker] tourGuide.service.TourGuideService       : java.lang.NullPointerException
2021-11-29 23:17:11.741 ERROR 6224 --- [    Test worker] tourGuide.service.TourGuideService       : java.lang.NullPointerException
2021-11-29 23:17:11.741 ERROR 6224 --- [    Test worker] tourGuide.service.TourGuideService       : java.lang.NullPointerException
2021-11-29 23:17:11.741 ERROR 6224 --- [    Test worker] tourGuide.service.TourGuideService       : java.lang.NullPointerException
2021-11-29 23:17:11.741 ERROR 6224 --- [    Test worker] tourGuide.service.TourGuideService       : java.lang.NullPointerException
2021-11-29 23:17:11.741 ERROR 6224 --- [    Test worker] tourGuide.service.TourGuideService       : java.lang.NullPointerException
2021-11-29 23:17:11.741 ERROR 6224 --- [    Test worker] tourGuide.service.TourGuideService       : java.lang.NullPointerException
2021-11-29 23:17:11.741 ERROR 6224 --- [    Test worker] tourGuide.service.TourGuideService       : java.lang.NullPointerException
2021-11-29 23:17:11.741 ERROR 6224 --- [    Test worker] tourGuide.service.TourGuideService       : java.lang.NullPointerException
2021-11-29 23:17:11.741 ERROR 6224 --- [    Test worker] tourGuide.service.TourGuideService       : java.lang.NullPointerException
2021-11-29 23:17:11.742 ERROR 6224 --- [    Test worker] tourGuide.service.TourGuideService       : java.lang.NullPointerException
2021-11-29 23:17:11.742 ERROR 6224 --- [    Test worker] tourGuide.service.TourGuideService       : java.lang.NullPointerException
2021-11-29 23:17:11.742 ERROR 6224 --- [    Test worker] tourGuide.service.TourGuideService       : java.lang.NullPointerException
2021-11-29 23:17:11.742 ERROR 6224 --- [    Test worker] tourGuide.service.TourGuideService       : java.lang.NullPointerException
2021-11-29 23:17:11.742 ERROR 6224 --- [    Test worker] tourGuide.service.TourGuideService       : java.lang.NullPointerException
2021-11-29 23:17:11.742 ERROR 6224 --- [    Test worker] tourGuide.service.TourGuideService       : java.lang.NullPointerException
2021-11-29 23:17:11.742 ERROR 6224 --- [    Test worker] tourGuide.service.TourGuideService       : java.lang.NullPointerException
2021-11-29 23:17:11.742 ERROR 6224 --- [    Test worker] tourGuide.service.TourGuideService       : java.lang.NullPointerException
2021-11-29 23:17:11.742 ERROR 6224 --- [    Test worker] tourGuide.service.TourGuideService       : java.lang.NullPointerException
2021-11-29 23:17:11.742 ERROR 6224 --- [    Test worker] tourGuide.service.TourGuideService       : java.lang.NullPointerException
2021-11-29 23:17:11.742 ERROR 6224 --- [    Test worker] tourGuide.service.TourGuideService       : java.lang.NullPointerException
2021-11-29 23:17:11.743 ERROR 6224 --- [    Test worker] tourGuide.service.TourGuideService       : java.lang.NullPointerException
2021-11-29 23:17:11.744 ERROR 6224 --- [    Test worker] tourGuide.service.TourGuideService       : java.lang.NullPointerException
2021-11-29 23:17:11.744 ERROR 6224 --- [    Test worker] tourGuide.service.TourGuideService       : java.lang.NullPointerException
2021-11-29 23:17:11.744 ERROR 6224 --- [    Test worker] tourGuide.service.TourGuideService       : java.lang.NullPointerException
2021-11-29 23:17:11.744 ERROR 6224 --- [    Test worker] tourGuide.service.TourGuideService       : java.lang.NullPointerException
2021-11-29 23:17:11.745 ERROR 6224 --- [    Test worker] tourGuide.service.TourGuideService       : java.lang.NullPointerException
2021-11-29 23:17:11.745 ERROR 6224 --- [    Test worker] tourGuide.service.TourGuideService       : java.lang.NullPointerException
2021-11-29 23:17:11.745 ERROR 6224 --- [    Test worker] tourGuide.service.TourGuideService       : java.lang.NullPointerException
2021-11-29 23:17:11.745 ERROR 6224 --- [    Test worker] tourGuide.service.TourGuideService       : java.lang.NullPointerException
2021-11-29 23:17:11.745 ERROR 6224 --- [    Test worker] tourGuide.service.TourGuideService       : java.lang.NullPointerException
2021-11-29 23:17:11.745 ERROR 6224 --- [    Test worker] tourGuide.service.TourGuideService       : java.lang.NullPointerException
2021-11-29 23:17:11.745 ERROR 6224 --- [    Test worker] tourGuide.service.TourGuideService       : java.lang.NullPointerException
2021-11-29 23:17:11.745 ERROR 6224 --- [    Test worker] tourGuide.service.TourGuideService       : java.lang.NullPointerException
2021-11-29 23:17:11.745 ERROR 6224 --- [    Test worker] tourGuide.service.TourGuideService       : java.lang.NullPointerException
2021-11-29 23:17:11.746 ERROR 6224 --- [    Test worker] tourGuide.service.TourGuideService       : java.lang.NullPointerException
2021-11-29 23:17:11.746 ERROR 6224 --- [    Test worker] tourGuide.service.TourGuideService       : java.lang.NullPointerException
2021-11-29 23:17:11.746 ERROR 6224 --- [    Test worker] tourGuide.service.TourGuideService       : java.lang.NullPointerException
2021-11-29 23:17:11.746 ERROR 6224 --- [    Test worker] tourGuide.service.TourGuideService       : java.lang.NullPointerException
2021-11-29 23:17:11.746 ERROR 6224 --- [    Test worker] tourGuide.service.TourGuideService       : java.lang.NullPointerException
2021-11-29 23:17:11.746 ERROR 6224 --- [    Test worker] tourGuide.service.TourGuideService       : java.lang.NullPointerException
2021-11-29 23:17:11.746 ERROR 6224 --- [    Test worker] tourGuide.service.TourGuideService       : java.lang.NullPointerException
2021-11-29 23:17:11.746 ERROR 6224 --- [    Test worker] tourGuide.service.TourGuideService       : java.lang.NullPointerException
2021-11-29 23:17:11.746 ERROR 6224 --- [    Test worker] tourGuide.service.TourGuideService       : java.lang.NullPointerException
2021-11-29 23:17:11.746 ERROR 6224 --- [    Test worker] tourGuide.service.TourGuideService       : java.lang.NullPointerException
2021-11-29 23:17:11.746 ERROR 6224 --- [    Test worker] tourGuide.service.TourGuideService       : java.lang.NullPointerException
2021-11-29 23:17:11.746 ERROR 6224 --- [    Test worker] tourGuide.service.TourGuideService       : java.lang.NullPointerException
2021-11-29 23:17:11.746 ERROR 6224 --- [    Test worker] tourGuide.service.TourGuideService       : java.lang.NullPointerException
2021-11-29 23:17:11.746 ERROR 6224 --- [    Test worker] tourGuide.service.TourGuideService       : java.lang.NullPointerException
2021-11-29 23:17:11.746 ERROR 6224 --- [    Test worker] tourGuide.service.TourGuideService       : java.lang.NullPointerException
2021-11-29 23:17:11.747 ERROR 6224 --- [    Test worker] tourGuide.service.TourGuideService       : java.lang.NullPointerException
2021-11-29 23:17:11.747 ERROR 6224 --- [    Test worker] tourGuide.service.TourGuideService       : java.lang.NullPointerException
2021-11-29 23:17:11.747 ERROR 6224 --- [    Test worker] tourGuide.service.TourGuideService       : java.lang.NullPointerException
2021-11-29 23:17:11.747 ERROR 6224 --- [    Test worker] tourGuide.service.TourGuideService       : java.lang.NullPointerException
2021-11-29 23:17:11.747 ERROR 6224 --- [    Test worker] tourGuide.service.TourGuideService       : java.lang.NullPointerException
2021-11-29 23:17:11.747 ERROR 6224 --- [    Test worker] tourGuide.service.TourGuideService       : java.lang.NullPointerException
2021-11-29 23:17:11.747 ERROR 6224 --- [    Test worker] tourGuide.service.TourGuideService       : java.lang.NullPointerException
2021-11-29 23:17:11.747 ERROR 6224 --- [    Test worker] tourGuide.service.TourGuideService       : java.lang.NullPointerException
2021-11-29 23:17:11.747 ERROR 6224 --- [    Test worker] tourGuide.service.TourGuideService       : java.lang.NullPointerException
2021-11-29 23:17:11.747 ERROR 6224 --- [    Test worker] tourGuide.service.TourGuideService       : java.lang.NullPointerException
2021-11-29 23:17:11.747 ERROR 6224 --- [    Test worker] tourGuide.service.TourGuideService       : java.lang.NullPointerException
2021-11-29 23:17:11.748 ERROR 6224 --- [    Test worker] tourGuide.service.TourGuideService       : java.lang.NullPointerException
2021-11-29 23:17:11.748 ERROR 6224 --- [    Test worker] tourGuide.service.TourGuideService       : java.lang.NullPointerException
2021-11-29 23:17:11.748 ERROR 6224 --- [    Test worker] tourGuide.service.TourGuideService       : java.lang.NullPointerException
2021-11-29 23:17:11.748 ERROR 6224 --- [    Test worker] tourGuide.service.TourGuideService       : java.lang.NullPointerException
2021-11-29 23:17:11.749 ERROR 6224 --- [    Test worker] tourGuide.service.TourGuideService       : java.lang.NullPointerException
2021-11-29 23:17:11.749 ERROR 6224 --- [    Test worker] tourGuide.service.TourGuideService       : java.lang.NullPointerException
2021-11-29 23:17:11.749 ERROR 6224 --- [    Test worker] tourGuide.service.TourGuideService       : java.lang.NullPointerException
2021-11-29 23:17:11.749 ERROR 6224 --- [    Test worker] tourGuide.service.TourGuideService       : java.lang.NullPointerException
2021-11-29 23:17:11.749 ERROR 6224 --- [    Test worker] tourGuide.service.TourGuideService       : java.lang.NullPointerException
2021-11-29 23:17:11.749 ERROR 6224 --- [    Test worker] tourGuide.service.TourGuideService       : java.lang.NullPointerException
2021-11-29 23:17:11.749 ERROR 6224 --- [    Test worker] tourGuide.service.TourGuideService       : java.lang.NullPointerException
2021-11-29 23:17:11.749 ERROR 6224 --- [    Test worker] tourGuide.service.TourGuideService       : java.lang.NullPointerException
2021-11-29 23:17:11.749 ERROR 6224 --- [    Test worker] tourGuide.service.TourGuideService       : java.lang.NullPointerException
2021-11-29 23:17:11.749 ERROR 6224 --- [    Test worker] tourGuide.service.TourGuideService       : java.lang.NullPointerException
2021-11-29 23:17:11.750 ERROR 6224 --- [    Test worker] tourGuide.service.TourGuideService       : java.lang.NullPointerException
2021-11-29 23:17:11.750 ERROR 6224 --- [    Test worker] tourGuide.service.TourGuideService       : java.lang.NullPointerException
2021-11-29 23:17:11.750 ERROR 6224 --- [    Test worker] tourGuide.service.TourGuideService       : java.lang.NullPointerException
2021-11-29 23:17:11.750 ERROR 6224 --- [    Test worker] tourGuide.service.TourGuideService       : java.lang.NullPointerException
2021-11-29 23:17:11.750 ERROR 6224 --- [    Test worker] tourGuide.service.TourGuideService       : java.lang.NullPointerException
2021-11-29 23:17:11.750 ERROR 6224 --- [    Test worker] tourGuide.service.TourGuideService       : java.lang.NullPointerException
2021-11-29 23:17:11.750 ERROR 6224 --- [    Test worker] tourGuide.service.TourGuideService       : java.lang.NullPointerException
2021-11-29 23:17:11.750 ERROR 6224 --- [    Test worker] tourGuide.service.TourGuideService       : java.lang.NullPointerException
2021-11-29 23:17:11.750 ERROR 6224 --- [    Test worker] tourGuide.service.TourGuideService       : java.lang.NullPointerException
2021-11-29 23:17:11.750 ERROR 6224 --- [    Test worker] tourGuide.service.TourGuideService       : java.lang.NullPointerException
2021-11-29 23:17:11.750 ERROR 6224 --- [    Test worker] tourGuide.service.TourGuideService       : java.lang.NullPointerException
2021-11-29 23:17:11.750 ERROR 6224 --- [    Test worker] tourGuide.service.TourGuideService       : java.lang.NullPointerException
2021-11-29 23:17:11.750 ERROR 6224 --- [    Test worker] tourGuide.service.TourGuideService       : java.lang.NullPointerException
2021-11-29 23:17:11.750 ERROR 6224 --- [    Test worker] tourGuide.service.TourGuideService       : java.lang.NullPointerException
2021-11-29 23:17:11.750 ERROR 6224 --- [    Test worker] tourGuide.service.TourGuideService       : java.lang.NullPointerException
2021-11-29 23:17:11.750 ERROR 6224 --- [    Test worker] tourGuide.service.TourGuideService       : java.lang.NullPointerException
2021-11-29 23:17:11.751 ERROR 6224 --- [    Test worker] tourGuide.service.TourGuideService       : java.lang.NullPointerException
2021-11-29 23:17:11.751 ERROR 6224 --- [    Test worker] tourGuide.service.TourGuideService       : java.lang.NullPointerException
2021-11-29 23:17:11.751 ERROR 6224 --- [    Test worker] tourGuide.service.TourGuideService       : java.lang.NullPointerException
2021-11-29 23:17:11.751 ERROR 6224 --- [    Test worker] tourGuide.service.TourGuideService       : java.lang.NullPointerException
2021-11-29 23:17:11.751 ERROR 6224 --- [    Test worker] tourGuide.service.TourGuideService       : java.lang.NullPointerException
2021-11-29 23:17:11.751 ERROR 6224 --- [    Test worker] tourGuide.service.TourGuideService       : java.lang.NullPointerException
2021-11-29 23:17:11.751 ERROR 6224 --- [    Test worker] tourGuide.service.TourGuideService       : java.lang.NullPointerException
2021-11-29 23:17:11.751 ERROR 6224 --- [    Test worker] tourGuide.service.TourGuideService       : java.lang.NullPointerException
2021-11-29 23:17:11.751 ERROR 6224 --- [    Test worker] tourGuide.service.TourGuideService       : java.lang.NullPointerException
2021-11-29 23:17:11.751 ERROR 6224 --- [    Test worker] tourGuide.service.TourGuideService       : java.lang.NullPointerException
2021-11-29 23:17:11.751 ERROR 6224 --- [    Test worker] tourGuide.service.TourGuideService       : java.lang.NullPointerException
2021-11-29 23:17:11.751 ERROR 6224 --- [    Test worker] tourGuide.service.TourGuideService       : java.lang.NullPointerException
2021-11-29 23:17:11.751 ERROR 6224 --- [    Test worker] tourGuide.service.TourGuideService       : java.lang.NullPointerException
2021-11-29 23:17:11.751 ERROR 6224 --- [    Test worker] tourGuide.service.TourGuideService       : java.lang.NullPointerException
2021-11-29 23:17:11.751 ERROR 6224 --- [    Test worker] tourGuide.service.TourGuideService       : java.lang.NullPointerException
2021-11-29 23:17:11.751 ERROR 6224 --- [    Test worker] tourGuide.service.TourGuideService       : java.lang.NullPointerException
2021-11-29 23:17:11.751 ERROR 6224 --- [    Test worker] tourGuide.service.TourGuideService       : java.lang.NullPointerException
2021-11-29 23:17:11.751 ERROR 6224 --- [    Test worker] tourGuide.service.TourGuideService       : java.lang.NullPointerException
2021-11-29 23:17:11.751 ERROR 6224 --- [    Test worker] tourGuide.service.TourGuideService       : java.lang.NullPointerException
2021-11-29 23:17:11.751 ERROR 6224 --- [    Test worker] tourGuide.service.TourGuideService       : java.lang.NullPointerException
2021-11-29 23:17:11.751 ERROR 6224 --- [    Test worker] tourGuide.service.TourGuideService       : java.lang.NullPointerException
2021-11-29 23:17:11.751 ERROR 6224 --- [    Test worker] tourGuide.service.TourGuideService       : java.lang.NullPointerException
2021-11-29 23:17:11.751 ERROR 6224 --- [    Test worker] tourGuide.service.TourGuideService       : java.lang.NullPointerException
2021-11-29 23:17:11.751 ERROR 6224 --- [    Test worker] tourGuide.service.TourGuideService       : java.lang.NullPointerException
2021-11-29 23:17:11.751 ERROR 6224 --- [    Test worker] tourGuide.service.TourGuideService       : java.lang.NullPointerException
2021-11-29 23:17:11.751 ERROR 6224 --- [    Test worker] tourGuide.service.TourGuideService       : java.lang.NullPointerException
2021-11-29 23:17:11.751 ERROR 6224 --- [    Test worker] tourGuide.service.TourGuideService       : java.lang.NullPointerException
2021-11-29 23:17:11.751 ERROR 6224 --- [    Test worker] tourGuide.service.TourGuideService       : java.lang.NullPointerException
2021-11-29 23:17:11.752 ERROR 6224 --- [    Test worker] tourGuide.service.TourGuideService       : java.lang.NullPointerException
2021-11-29 23:17:11.752 ERROR 6224 --- [    Test worker] tourGuide.service.TourGuideService       : java.lang.NullPointerException
2021-11-29 23:17:11.752 ERROR 6224 --- [    Test worker] tourGuide.service.TourGuideService       : java.lang.NullPointerException
2021-11-29 23:17:11.752 ERROR 6224 --- [    Test worker] tourGuide.service.TourGuideService       : java.lang.NullPointerException
2021-11-29 23:17:11.752 ERROR 6224 --- [    Test worker] tourGuide.service.TourGuideService       : java.lang.NullPointerException
2021-11-29 23:17:11.752 ERROR 6224 --- [    Test worker] tourGuide.service.TourGuideService       : java.lang.NullPointerException
2021-11-29 23:17:11.752 ERROR 6224 --- [    Test worker] tourGuide.service.TourGuideService       : java.lang.NullPointerException
2021-11-29 23:17:11.752 ERROR 6224 --- [    Test worker] tourGuide.service.TourGuideService       : java.lang.NullPointerException
2021-11-29 23:17:11.752 ERROR 6224 --- [    Test worker] tourGuide.service.TourGuideService       : java.lang.NullPointerException
2021-11-29 23:17:11.752 ERROR 6224 --- [    Test worker] tourGuide.service.TourGuideService       : java.lang.NullPointerException
2021-11-29 23:17:11.752 ERROR 6224 --- [    Test worker] tourGuide.service.TourGuideService       : java.lang.NullPointerException
2021-11-29 23:17:11.752 ERROR 6224 --- [    Test worker] tourGuide.service.TourGuideService       : java.lang.NullPointerException
2021-11-29 23:17:11.752 ERROR 6224 --- [    Test worker] tourGuide.service.TourGuideService       : java.lang.NullPointerException
2021-11-29 23:17:11.752 ERROR 6224 --- [    Test worker] tourGuide.service.TourGuideService       : java.lang.NullPointerException
2021-11-29 23:17:11.752 ERROR 6224 --- [    Test worker] tourGuide.service.TourGuideService       : java.lang.NullPointerException
2021-11-29 23:17:11.752 ERROR 6224 --- [    Test worker] tourGuide.service.TourGuideService       : java.lang.NullPointerException
2021-11-29 23:17:11.752 ERROR 6224 --- [    Test worker] tourGuide.service.TourGuideService       : java.lang.NullPointerException
2021-11-29 23:17:11.752 ERROR 6224 --- [    Test worker] tourGuide.service.TourGuideService       : java.lang.NullPointerException
2021-11-29 23:17:11.752 ERROR 6224 --- [    Test worker] tourGuide.service.TourGuideService       : java.lang.NullPointerException
2021-11-29 23:17:11.752 ERROR 6224 --- [    Test worker] tourGuide.service.TourGuideService       : java.lang.NullPointerException
2021-11-29 23:17:11.752 ERROR 6224 --- [    Test worker] tourGuide.service.TourGuideService       : java.lang.NullPointerException
2021-11-29 23:17:11.752 ERROR 6224 --- [    Test worker] tourGuide.service.TourGuideService       : java.lang.NullPointerException
2021-11-29 23:17:11.752 ERROR 6224 --- [    Test worker] tourGuide.service.TourGuideService       : java.lang.NullPointerException
2021-11-29 23:17:11.752 ERROR 6224 --- [    Test worker] tourGuide.service.TourGuideService       : java.lang.NullPointerException
2021-11-29 23:17:11.752 ERROR 6224 --- [    Test worker] tourGuide.service.TourGuideService       : java.lang.NullPointerException
2021-11-29 23:17:11.752 ERROR 6224 --- [    Test worker] tourGuide.service.TourGuideService       : java.lang.NullPointerException
2021-11-29 23:17:11.752 ERROR 6224 --- [    Test worker] tourGuide.service.TourGuideService       : java.lang.NullPointerException
2021-11-29 23:17:11.752 ERROR 6224 --- [    Test worker] tourGuide.service.TourGuideService       : java.lang.NullPointerException
2021-11-29 23:17:11.753 ERROR 6224 --- [    Test worker] tourGuide.service.TourGuideService       : java.lang.NullPointerException
2021-11-29 23:17:11.753 ERROR 6224 --- [    Test worker] tourGuide.service.TourGuideService       : java.lang.NullPointerException
2021-11-29 23:17:11.753 ERROR 6224 --- [    Test worker] tourGuide.service.TourGuideService       : java.lang.NullPointerException
2021-11-29 23:17:11.753 ERROR 6224 --- [    Test worker] tourGuide.service.TourGuideService       : java.lang.NullPointerException
2021-11-29 23:17:11.753 ERROR 6224 --- [    Test worker] tourGuide.service.TourGuideService       : java.lang.NullPointerException
2021-11-29 23:17:11.753 ERROR 6224 --- [    Test worker] tourGuide.service.TourGuideService       : java.lang.NullPointerException
2021-11-29 23:17:11.753 ERROR 6224 --- [    Test worker] tourGuide.service.TourGuideService       : java.lang.NullPointerException
2021-11-29 23:17:11.753 ERROR 6224 --- [    Test worker] tourGuide.service.TourGuideService       : java.lang.NullPointerException
2021-11-29 23:17:11.753 ERROR 6224 --- [    Test worker] tourGuide.service.TourGuideService       : java.lang.NullPointerException
2021-11-29 23:17:11.753 ERROR 6224 --- [    Test worker] tourGuide.service.TourGuideService       : java.lang.NullPointerException
2021-11-29 23:17:11.753 ERROR 6224 --- [    Test worker] tourGuide.service.TourGuideService       : java.lang.NullPointerException
2021-11-29 23:17:11.753 ERROR 6224 --- [    Test worker] tourGuide.service.TourGuideService       : java.lang.NullPointerException
2021-11-29 23:17:11.753 ERROR 6224 --- [    Test worker] tourGuide.service.TourGuideService       : java.lang.NullPointerException
2021-11-29 23:17:11.753 ERROR 6224 --- [    Test worker] tourGuide.service.TourGuideService       : java.lang.NullPointerException
2021-11-29 23:17:11.753 ERROR 6224 --- [    Test worker] tourGuide.service.TourGuideService       : java.lang.NullPointerException
2021-11-29 23:17:11.753 ERROR 6224 --- [    Test worker] tourGuide.service.TourGuideService       : java.lang.NullPointerException
2021-11-29 23:17:11.753 ERROR 6224 --- [    Test worker] tourGuide.service.TourGuideService       : java.lang.NullPointerException
2021-11-29 23:17:11.753 ERROR 6224 --- [    Test worker] tourGuide.service.TourGuideService       : java.lang.NullPointerException
2021-11-29 23:17:11.753 ERROR 6224 --- [    Test worker] tourGuide.service.TourGuideService       : java.lang.NullPointerException
2021-11-29 23:17:11.753 ERROR 6224 --- [    Test worker] tourGuide.service.TourGuideService       : java.lang.NullPointerException
2021-11-29 23:17:11.753 ERROR 6224 --- [    Test worker] tourGuide.service.TourGuideService       : java.lang.NullPointerException
2021-11-29 23:17:11.753 ERROR 6224 --- [    Test worker] tourGuide.service.TourGuideService       : java.lang.NullPointerException
2021-11-29 23:17:11.753 ERROR 6224 --- [    Test worker] tourGuide.service.TourGuideService       : java.lang.NullPointerException
2021-11-29 23:17:11.753 ERROR 6224 --- [    Test worker] tourGuide.service.TourGuideService       : java.lang.NullPointerException
2021-11-29 23:17:11.753 ERROR 6224 --- [    Test worker] tourGuide.service.TourGuideService       : java.lang.NullPointerException
2021-11-29 23:17:11.753 ERROR 6224 --- [    Test worker] tourGuide.service.TourGuideService       : java.lang.NullPointerException
2021-11-29 23:17:11.753 ERROR 6224 --- [    Test worker] tourGuide.service.TourGuideService       : java.lang.NullPointerException
2021-11-29 23:17:11.753 ERROR 6224 --- [    Test worker] tourGuide.service.TourGuideService       : java.lang.NullPointerException
2021-11-29 23:17:11.753 ERROR 6224 --- [    Test worker] tourGuide.service.TourGuideService       : java.lang.NullPointerException
2021-11-29 23:17:11.754 ERROR 6224 --- [    Test worker] tourGuide.service.TourGuideService       : java.lang.NullPointerException
2021-11-29 23:17:11.754 ERROR 6224 --- [    Test worker] tourGuide.service.TourGuideService       : java.lang.NullPointerException
2021-11-29 23:17:11.754 ERROR 6224 --- [    Test worker] tourGuide.service.TourGuideService       : java.lang.NullPointerException
2021-11-29 23:17:11.754 ERROR 6224 --- [    Test worker] tourGuide.service.TourGuideService       : java.lang.NullPointerException
2021-11-29 23:17:11.754 ERROR 6224 --- [    Test worker] tourGuide.service.TourGuideService       : java.lang.NullPointerException
2021-11-29 23:17:11.754 ERROR 6224 --- [    Test worker] tourGuide.service.TourGuideService       : java.lang.NullPointerException
2021-11-29 23:17:11.754 ERROR 6224 --- [    Test worker] tourGuide.service.TourGuideService       : java.lang.NullPointerException
2021-11-29 23:17:11.754 ERROR 6224 --- [    Test worker] tourGuide.service.TourGuideService       : java.lang.NullPointerException
2021-11-29 23:17:11.754 ERROR 6224 --- [    Test worker] tourGuide.service.TourGuideService       : java.lang.NullPointerException
2021-11-29 23:17:11.754 ERROR 6224 --- [    Test worker] tourGuide.service.TourGuideService       : java.lang.NullPointerException
2021-11-29 23:17:11.754 ERROR 6224 --- [    Test worker] tourGuide.service.TourGuideService       : java.lang.NullPointerException
2021-11-29 23:17:11.754 ERROR 6224 --- [    Test worker] tourGuide.service.TourGuideService       : java.lang.NullPointerException
2021-11-29 23:17:11.754 ERROR 6224 --- [    Test worker] tourGuide.service.TourGuideService       : java.lang.NullPointerException
2021-11-29 23:17:11.754 ERROR 6224 --- [    Test worker] tourGuide.service.TourGuideService       : java.lang.NullPointerException
2021-11-29 23:17:11.754 ERROR 6224 --- [    Test worker] tourGuide.service.TourGuideService       : java.lang.NullPointerException
2021-11-29 23:17:11.754 ERROR 6224 --- [    Test worker] tourGuide.service.TourGuideService       : java.lang.NullPointerException
2021-11-29 23:17:11.754 ERROR 6224 --- [    Test worker] tourGuide.service.TourGuideService       : java.lang.NullPointerException
2021-11-29 23:17:11.754 ERROR 6224 --- [    Test worker] tourGuide.service.TourGuideService       : java.lang.NullPointerException
2021-11-29 23:17:11.754 ERROR 6224 --- [    Test worker] tourGuide.service.TourGuideService       : java.lang.NullPointerException
2021-11-29 23:17:11.754 ERROR 6224 --- [    Test worker] tourGuide.service.TourGuideService       : java.lang.NullPointerException
2021-11-29 23:17:11.754 ERROR 6224 --- [    Test worker] tourGuide.service.TourGuideService       : java.lang.NullPointerException
2021-11-29 23:17:11.754 ERROR 6224 --- [    Test worker] tourGuide.service.TourGuideService       : java.lang.NullPointerException
2021-11-29 23:17:11.754 ERROR 6224 --- [    Test worker] tourGuide.service.TourGuideService       : java.lang.NullPointerException
2021-11-29 23:17:11.754 ERROR 6224 --- [    Test worker] tourGuide.service.TourGuideService       : java.lang.NullPointerException
2021-11-29 23:17:11.754 ERROR 6224 --- [    Test worker] tourGuide.service.TourGuideService       : java.lang.NullPointerException
2021-11-29 23:17:11.754 ERROR 6224 --- [    Test worker] tourGuide.service.TourGuideService       : java.lang.NullPointerException
2021-11-29 23:17:11.754 ERROR 6224 --- [    Test worker] tourGuide.service.TourGuideService       : java.lang.NullPointerException
2021-11-29 23:17:11.755 ERROR 6224 --- [    Test worker] tourGuide.service.TourGuideService       : java.lang.NullPointerException
2021-11-29 23:17:11.755 ERROR 6224 --- [    Test worker] tourGuide.service.TourGuideService       : java.lang.NullPointerException
2021-11-29 23:17:11.755 ERROR 6224 --- [    Test worker] tourGuide.service.TourGuideService       : java.lang.NullPointerException
2021-11-29 23:17:11.755 ERROR 6224 --- [    Test worker] tourGuide.service.TourGuideService       : java.lang.NullPointerException
2021-11-29 23:17:11.755 ERROR 6224 --- [    Test worker] tourGuide.service.TourGuideService       : java.lang.NullPointerException
2021-11-29 23:17:11.755 ERROR 6224 --- [    Test worker] tourGuide.service.TourGuideService       : java.lang.NullPointerException
2021-11-29 23:17:11.755 ERROR 6224 --- [    Test worker] tourGuide.service.TourGuideService       : java.lang.NullPointerException
2021-11-29 23:17:11.755 ERROR 6224 --- [    Test worker] tourGuide.service.TourGuideService       : java.lang.NullPointerException
2021-11-29 23:17:11.755 ERROR 6224 --- [    Test worker] tourGuide.service.TourGuideService       : java.lang.NullPointerException
2021-11-29 23:17:11.755 ERROR 6224 --- [    Test worker] tourGuide.service.TourGuideService       : java.lang.NullPointerException
2021-11-29 23:17:11.755 ERROR 6224 --- [    Test worker] tourGuide.service.TourGuideService       : java.lang.NullPointerException
2021-11-29 23:17:11.755 ERROR 6224 --- [    Test worker] tourGuide.service.TourGuideService       : java.lang.NullPointerException
2021-11-29 23:17:11.755 ERROR 6224 --- [    Test worker] tourGuide.service.TourGuideService       : java.lang.NullPointerException
2021-11-29 23:17:11.755 ERROR 6224 --- [    Test worker] tourGuide.service.TourGuideService       : java.lang.NullPointerException
2021-11-29 23:17:11.757 ERROR 6224 --- [    Test worker] tourGuide.service.TourGuideService       : java.lang.NullPointerException
2021-11-29 23:17:11.757 ERROR 6224 --- [    Test worker] tourGuide.service.TourGuideService       : java.lang.NullPointerException
2021-11-29 23:17:11.757 ERROR 6224 --- [    Test worker] tourGuide.service.TourGuideService       : java.lang.NullPointerException
2021-11-29 23:17:11.757 ERROR 6224 --- [    Test worker] tourGuide.service.TourGuideService       : java.lang.NullPointerException
2021-11-29 23:17:11.757 ERROR 6224 --- [    Test worker] tourGuide.service.TourGuideService       : java.lang.NullPointerException
2021-11-29 23:17:11.757 ERROR 6224 --- [    Test worker] tourGuide.service.TourGuideService       : java.lang.NullPointerException
2021-11-29 23:17:11.757 ERROR 6224 --- [    Test worker] tourGuide.service.TourGuideService       : java.lang.NullPointerException
2021-11-29 23:17:11.757 ERROR 6224 --- [    Test worker] tourGuide.service.TourGuideService       : java.lang.NullPointerException
2021-11-29 23:17:11.757 ERROR 6224 --- [    Test worker] tourGuide.service.TourGuideService       : java.lang.NullPointerException
2021-11-29 23:17:11.757 ERROR 6224 --- [    Test worker] tourGuide.service.TourGuideService       : java.lang.NullPointerException
2021-11-29 23:17:11.757 ERROR 6224 --- [    Test worker] tourGuide.service.TourGuideService       : java.lang.NullPointerException
2021-11-29 23:17:11.757 ERROR 6224 --- [    Test worker] tourGuide.service.TourGuideService       : java.lang.NullPointerException
2021-11-29 23:17:11.757 ERROR 6224 --- [    Test worker] tourGuide.service.TourGuideService       : java.lang.NullPointerException
2021-11-29 23:17:11.757 ERROR 6224 --- [    Test worker] tourGuide.service.TourGuideService       : java.lang.NullPointerException
2021-11-29 23:17:11.758 ERROR 6224 --- [    Test worker] tourGuide.service.TourGuideService       : java.lang.NullPointerException
2021-11-29 23:17:11.758 ERROR 6224 --- [    Test worker] tourGuide.service.TourGuideService       : java.lang.NullPointerException
2021-11-29 23:17:11.758 ERROR 6224 --- [    Test worker] tourGuide.service.TourGuideService       : java.lang.NullPointerException
2021-11-29 23:17:11.758 ERROR 6224 --- [    Test worker] tourGuide.service.TourGuideService       : java.lang.NullPointerException
2021-11-29 23:17:11.758 ERROR 6224 --- [    Test worker] tourGuide.service.TourGuideService       : java.lang.NullPointerException
2021-11-29 23:17:11.758 ERROR 6224 --- [    Test worker] tourGuide.service.TourGuideService       : java.lang.NullPointerException
2021-11-29 23:17:11.758 ERROR 6224 --- [    Test worker] tourGuide.service.TourGuideService       : java.lang.NullPointerException
2021-11-29 23:17:11.758 ERROR 6224 --- [    Test worker] tourGuide.service.TourGuideService       : java.lang.NullPointerException
2021-11-29 23:17:11.758 ERROR 6224 --- [    Test worker] tourGuide.service.TourGuideService       : java.lang.NullPointerException
2021-11-29 23:17:11.758 ERROR 6224 --- [    Test worker] tourGuide.service.TourGuideService       : java.lang.NullPointerException
2021-11-29 23:17:11.758 ERROR 6224 --- [    Test worker] tourGuide.service.TourGuideService       : java.lang.NullPointerException
2021-11-29 23:17:11.758 ERROR 6224 --- [    Test worker] tourGuide.service.TourGuideService       : java.lang.NullPointerException
2021-11-29 23:17:11.758 ERROR 6224 --- [    Test worker] tourGuide.service.TourGuideService       : java.lang.NullPointerException
2021-11-29 23:17:11.758 ERROR 6224 --- [    Test worker] tourGuide.service.TourGuideService       : java.lang.NullPointerException
2021-11-29 23:17:11.758 ERROR 6224 --- [    Test worker] tourGuide.service.TourGuideService       : java.lang.NullPointerException
2021-11-29 23:17:11.758 ERROR 6224 --- [    Test worker] tourGuide.service.TourGuideService       : java.lang.NullPointerException
2021-11-29 23:17:11.758 ERROR 6224 --- [    Test worker] tourGuide.service.TourGuideService       : java.lang.NullPointerException
2021-11-29 23:17:11.758 ERROR 6224 --- [    Test worker] tourGuide.service.TourGuideService       : java.lang.NullPointerException
2021-11-29 23:17:11.758 ERROR 6224 --- [    Test worker] tourGuide.service.TourGuideService       : java.lang.NullPointerException
2021-11-29 23:17:11.758 ERROR 6224 --- [    Test worker] tourGuide.service.TourGuideService       : java.lang.NullPointerException
2021-11-29 23:17:11.758 ERROR 6224 --- [    Test worker] tourGuide.service.TourGuideService       : java.lang.NullPointerException
2021-11-29 23:17:11.758 ERROR 6224 --- [    Test worker] tourGuide.service.TourGuideService       : java.lang.NullPointerException
2021-11-29 23:17:11.758 ERROR 6224 --- [    Test worker] tourGuide.service.TourGuideService       : java.lang.NullPointerException
2021-11-29 23:17:11.758 ERROR 6224 --- [    Test worker] tourGuide.service.TourGuideService       : java.lang.NullPointerException
2021-11-29 23:17:11.758 ERROR 6224 --- [    Test worker] tourGuide.service.TourGuideService       : java.lang.NullPointerException
2021-11-29 23:17:11.758 ERROR 6224 --- [    Test worker] tourGuide.service.TourGuideService       : java.lang.NullPointerException
2021-11-29 23:17:11.758 ERROR 6224 --- [    Test worker] tourGuide.service.TourGuideService       : java.lang.NullPointerException
2021-11-29 23:17:11.758 ERROR 6224 --- [    Test worker] tourGuide.service.TourGuideService       : java.lang.NullPointerException
2021-11-29 23:17:11.758 ERROR 6224 --- [    Test worker] tourGuide.service.TourGuideService       : java.lang.NullPointerException
2021-11-29 23:17:11.759 ERROR 6224 --- [    Test worker] tourGuide.service.TourGuideService       : java.lang.NullPointerException
2021-11-29 23:17:11.759 ERROR 6224 --- [    Test worker] tourGuide.service.TourGuideService       : java.lang.NullPointerException
2021-11-29 23:17:11.759 ERROR 6224 --- [    Test worker] tourGuide.service.TourGuideService       : java.lang.NullPointerException
2021-11-29 23:17:11.759 ERROR 6224 --- [    Test worker] tourGuide.service.TourGuideService       : java.lang.NullPointerException
2021-11-29 23:17:11.759 ERROR 6224 --- [    Test worker] tourGuide.service.TourGuideService       : java.lang.NullPointerException
2021-11-29 23:17:11.759 ERROR 6224 --- [    Test worker] tourGuide.service.TourGuideService       : java.lang.NullPointerException
2021-11-29 23:17:11.759 ERROR 6224 --- [    Test worker] tourGuide.service.TourGuideService       : java.lang.NullPointerException
2021-11-29 23:17:11.759 ERROR 6224 --- [    Test worker] tourGuide.service.TourGuideService       : java.lang.NullPointerException
2021-11-29 23:17:11.759 ERROR 6224 --- [    Test worker] tourGuide.service.TourGuideService       : java.lang.NullPointerException
2021-11-29 23:17:11.759 ERROR 6224 --- [    Test worker] tourGuide.service.TourGuideService       : java.lang.NullPointerException
2021-11-29 23:17:11.759 ERROR 6224 --- [    Test worker] tourGuide.service.TourGuideService       : java.lang.NullPointerException
2021-11-29 23:17:11.759 ERROR 6224 --- [    Test worker] tourGuide.service.TourGuideService       : java.lang.NullPointerException
2021-11-29 23:17:11.759 ERROR 6224 --- [    Test worker] tourGuide.service.TourGuideService       : java.lang.NullPointerException
2021-11-29 23:17:11.759 ERROR 6224 --- [    Test worker] tourGuide.service.TourGuideService       : java.lang.NullPointerException
2021-11-29 23:17:11.759 ERROR 6224 --- [    Test worker] tourGuide.service.TourGuideService       : java.lang.NullPointerException
2021-11-29 23:17:11.759 ERROR 6224 --- [    Test worker] tourGuide.service.TourGuideService       : java.lang.NullPointerException
2021-11-29 23:17:11.759 ERROR 6224 --- [    Test worker] tourGuide.service.TourGuideService       : java.lang.NullPointerException
2021-11-29 23:17:11.759 ERROR 6224 --- [    Test worker] tourGuide.service.TourGuideService       : java.lang.NullPointerException
2021-11-29 23:17:11.759 ERROR 6224 --- [    Test worker] tourGuide.service.TourGuideService       : java.lang.NullPointerException
2021-11-29 23:17:11.759 ERROR 6224 --- [    Test worker] tourGuide.service.TourGuideService       : java.lang.NullPointerException
2021-11-29 23:17:11.759 ERROR 6224 --- [    Test worker] tourGuide.service.TourGuideService       : java.lang.NullPointerException
2021-11-29 23:17:11.759 ERROR 6224 --- [    Test worker] tourGuide.service.TourGuideService       : java.lang.NullPointerException
2021-11-29 23:17:11.760 ERROR 6224 --- [    Test worker] tourGuide.service.TourGuideService       : java.lang.NullPointerException
2021-11-29 23:17:11.760 ERROR 6224 --- [    Test worker] tourGuide.service.TourGuideService       : java.lang.NullPointerException
2021-11-29 23:17:11.760 ERROR 6224 --- [    Test worker] tourGuide.service.TourGuideService       : java.lang.NullPointerException
2021-11-29 23:17:11.760 ERROR 6224 --- [    Test worker] tourGuide.service.TourGuideService       : java.lang.NullPointerException
2021-11-29 23:17:11.761 ERROR 6224 --- [    Test worker] tourGuide.service.TourGuideService       : java.lang.NullPointerException
2021-11-29 23:17:11.761 ERROR 6224 --- [    Test worker] tourGuide.service.TourGuideService       : java.lang.NullPointerException
2021-11-29 23:17:11.761 ERROR 6224 --- [    Test worker] tourGuide.service.TourGuideService       : java.lang.NullPointerException
2021-11-29 23:17:11.761 ERROR 6224 --- [    Test worker] tourGuide.service.TourGuideService       : java.lang.NullPointerException
2021-11-29 23:17:11.761 ERROR 6224 --- [    Test worker] tourGuide.service.TourGuideService       : java.lang.NullPointerException
2021-11-29 23:17:11.761 ERROR 6224 --- [    Test worker] tourGuide.service.TourGuideService       : java.lang.NullPointerException
2021-11-29 23:17:11.761 ERROR 6224 --- [    Test worker] tourGuide.service.TourGuideService       : java.lang.NullPointerException
2021-11-29 23:17:11.762 ERROR 6224 --- [    Test worker] tourGuide.service.TourGuideService       : java.lang.NullPointerException
2021-11-29 23:17:11.762 ERROR 6224 --- [    Test worker] tourGuide.service.TourGuideService       : java.lang.NullPointerException
2021-11-29 23:17:11.762 ERROR 6224 --- [    Test worker] tourGuide.service.TourGuideService       : java.lang.NullPointerException
2021-11-29 23:17:11.762 ERROR 6224 --- [    Test worker] tourGuide.service.TourGuideService       : java.lang.NullPointerException
2021-11-29 23:17:11.762 ERROR 6224 --- [    Test worker] tourGuide.service.TourGuideService       : java.lang.NullPointerException
2021-11-29 23:17:11.762 ERROR 6224 --- [    Test worker] tourGuide.service.TourGuideService       : java.lang.NullPointerException
2021-11-29 23:17:11.762 ERROR 6224 --- [    Test worker] tourGuide.service.TourGuideService       : java.lang.NullPointerException
2021-11-29 23:17:11.762 ERROR 6224 --- [    Test worker] tourGuide.service.TourGuideService       : java.lang.NullPointerException
2021-11-29 23:17:11.762 ERROR 6224 --- [    Test worker] tourGuide.service.TourGuideService       : java.lang.NullPointerException
2021-11-29 23:17:11.762 ERROR 6224 --- [    Test worker] tourGuide.service.TourGuideService       : java.lang.NullPointerException
2021-11-29 23:17:11.762 ERROR 6224 --- [    Test worker] tourGuide.service.TourGuideService       : java.lang.NullPointerException
2021-11-29 23:17:11.762 ERROR 6224 --- [    Test worker] tourGuide.service.TourGuideService       : java.lang.NullPointerException
2021-11-29 23:17:11.762 ERROR 6224 --- [    Test worker] tourGuide.service.TourGuideService       : java.lang.NullPointerException
2021-11-29 23:17:11.762 ERROR 6224 --- [    Test worker] tourGuide.service.TourGuideService       : java.lang.NullPointerException
2021-11-29 23:17:11.762 ERROR 6224 --- [    Test worker] tourGuide.service.TourGuideService       : java.lang.NullPointerException
2021-11-29 23:17:11.762 ERROR 6224 --- [    Test worker] tourGuide.service.TourGuideService       : java.lang.NullPointerException
2021-11-29 23:17:11.762 ERROR 6224 --- [    Test worker] tourGuide.service.TourGuideService       : java.lang.NullPointerException
2021-11-29 23:17:11.763 ERROR 6224 --- [    Test worker] tourGuide.service.TourGuideService       : java.lang.NullPointerException
2021-11-29 23:17:11.763 ERROR 6224 --- [    Test worker] tourGuide.service.TourGuideService       : java.lang.NullPointerException
2021-11-29 23:17:11.763 ERROR 6224 --- [    Test worker] tourGuide.service.TourGuideService       : java.lang.NullPointerException
2021-11-29 23:17:11.763 ERROR 6224 --- [    Test worker] tourGuide.service.TourGuideService       : java.lang.NullPointerException
2021-11-29 23:17:11.763 ERROR 6224 --- [    Test worker] tourGuide.service.TourGuideService       : java.lang.NullPointerException
2021-11-29 23:17:11.763 ERROR 6224 --- [    Test worker] tourGuide.service.TourGuideService       : java.lang.NullPointerException
2021-11-29 23:17:11.763 ERROR 6224 --- [    Test worker] tourGuide.service.TourGuideService       : java.lang.NullPointerException
2021-11-29 23:17:11.763 ERROR 6224 --- [    Test worker] tourGuide.service.TourGuideService       : java.lang.NullPointerException
2021-11-29 23:17:11.763 ERROR 6224 --- [    Test worker] tourGuide.service.TourGuideService       : java.lang.NullPointerException
2021-11-29 23:17:11.763 ERROR 6224 --- [    Test worker] tourGuide.service.TourGuideService       : java.lang.NullPointerException
2021-11-29 23:17:11.763 ERROR 6224 --- [    Test worker] tourGuide.service.TourGuideService       : java.lang.NullPointerException
2021-11-29 23:17:11.763 ERROR 6224 --- [    Test worker] tourGuide.service.TourGuideService       : java.lang.NullPointerException
2021-11-29 23:17:11.763 ERROR 6224 --- [    Test worker] tourGuide.service.TourGuideService       : java.lang.NullPointerException
2021-11-29 23:17:11.763 ERROR 6224 --- [    Test worker] tourGuide.service.TourGuideService       : java.lang.NullPointerException
2021-11-29 23:17:11.763 ERROR 6224 --- [    Test worker] tourGuide.service.TourGuideService       : java.lang.NullPointerException
2021-11-29 23:17:11.764 ERROR 6224 --- [    Test worker] tourGuide.service.TourGuideService       : java.lang.NullPointerException
2021-11-29 23:17:11.764 ERROR 6224 --- [    Test worker] tourGuide.service.TourGuideService       : java.lang.NullPointerException
2021-11-29 23:17:11.768 ERROR 6224 --- [    Test worker] tourGuide.service.TourGuideService       : java.lang.NullPointerException
2021-11-29 23:17:11.768 ERROR 6224 --- [    Test worker] tourGuide.service.TourGuideService       : java.lang.NullPointerException
2021-11-29 23:17:11.769 ERROR 6224 --- [    Test worker] tourGuide.service.TourGuideService       : java.lang.NullPointerException
2021-11-29 23:17:11.769 ERROR 6224 --- [    Test worker] tourGuide.service.TourGuideService       : java.lang.NullPointerException
2021-11-29 23:17:11.769 ERROR 6224 --- [    Test worker] tourGuide.service.TourGuideService       : java.lang.NullPointerException
2021-11-29 23:17:11.769 ERROR 6224 --- [    Test worker] tourGuide.service.TourGuideService       : java.lang.NullPointerException
2021-11-29 23:17:11.769 ERROR 6224 --- [    Test worker] tourGuide.service.TourGuideService       : java.lang.NullPointerException
2021-11-29 23:17:11.769 ERROR 6224 --- [    Test worker] tourGuide.service.TourGuideService       : java.lang.NullPointerException
2021-11-29 23:17:11.769 ERROR 6224 --- [    Test worker] tourGuide.service.TourGuideService       : java.lang.NullPointerException
2021-11-29 23:17:11.769 ERROR 6224 --- [    Test worker] tourGuide.service.TourGuideService       : java.lang.NullPointerException
2021-11-29 23:17:11.769 ERROR 6224 --- [    Test worker] tourGuide.service.TourGuideService       : java.lang.NullPointerException
2021-11-29 23:17:11.769 ERROR 6224 --- [    Test worker] tourGuide.service.TourGuideService       : java.lang.NullPointerException
2021-11-29 23:17:11.769 ERROR 6224 --- [    Test worker] tourGuide.service.TourGuideService       : java.lang.NullPointerException
2021-11-29 23:17:11.769 ERROR 6224 --- [    Test worker] tourGuide.service.TourGuideService       : java.lang.NullPointerException
2021-11-29 23:17:11.769 ERROR 6224 --- [    Test worker] tourGuide.service.TourGuideService       : java.lang.NullPointerException
2021-11-29 23:17:11.769 ERROR 6224 --- [    Test worker] tourGuide.service.TourGuideService       : java.lang.NullPointerException
2021-11-29 23:17:11.769 ERROR 6224 --- [    Test worker] tourGuide.service.TourGuideService       : java.lang.NullPointerException
2021-11-29 23:17:11.769 ERROR 6224 --- [    Test worker] tourGuide.service.TourGuideService       : java.lang.NullPointerException
2021-11-29 23:17:11.769 ERROR 6224 --- [    Test worker] tourGuide.service.TourGuideService       : java.lang.NullPointerException
2021-11-29 23:17:11.769 ERROR 6224 --- [    Test worker] tourGuide.service.TourGuideService       : java.lang.NullPointerException
2021-11-29 23:17:11.769 ERROR 6224 --- [    Test worker] tourGuide.service.TourGuideService       : java.lang.NullPointerException
2021-11-29 23:17:11.769 ERROR 6224 --- [    Test worker] tourGuide.service.TourGuideService       : java.lang.NullPointerException
2021-11-29 23:17:11.769 ERROR 6224 --- [    Test worker] tourGuide.service.TourGuideService       : java.lang.NullPointerException
2021-11-29 23:17:11.769 ERROR 6224 --- [    Test worker] tourGuide.service.TourGuideService       : java.lang.NullPointerException
2021-11-29 23:17:11.769 ERROR 6224 --- [    Test worker] tourGuide.service.TourGuideService       : java.lang.NullPointerException
2021-11-29 23:17:11.769 ERROR 6224 --- [    Test worker] tourGuide.service.TourGuideService       : java.lang.NullPointerException
2021-11-29 23:17:11.770 ERROR 6224 --- [    Test worker] tourGuide.service.TourGuideService       : java.lang.NullPointerException
2021-11-29 23:17:11.770 ERROR 6224 --- [    Test worker] tourGuide.service.TourGuideService       : java.lang.NullPointerException
2021-11-29 23:17:11.770 ERROR 6224 --- [    Test worker] tourGuide.service.TourGuideService       : java.lang.NullPointerException
2021-11-29 23:17:11.770 ERROR 6224 --- [    Test worker] tourGuide.service.TourGuideService       : java.lang.NullPointerException
2021-11-29 23:17:11.770 ERROR 6224 --- [    Test worker] tourGuide.service.TourGuideService       : java.lang.NullPointerException
2021-11-29 23:17:11.770 ERROR 6224 --- [    Test worker] tourGuide.service.TourGuideService       : java.lang.NullPointerException
2021-11-29 23:17:11.770 ERROR 6224 --- [    Test worker] tourGuide.service.TourGuideService       : java.lang.NullPointerException
2021-11-29 23:17:11.770 ERROR 6224 --- [    Test worker] tourGuide.service.TourGuideService       : java.lang.NullPointerException
2021-11-29 23:17:11.770 ERROR 6224 --- [    Test worker] tourGuide.service.TourGuideService       : java.lang.NullPointerException
2021-11-29 23:17:11.770 ERROR 6224 --- [    Test worker] tourGuide.service.TourGuideService       : java.lang.NullPointerException
2021-11-29 23:17:11.770 ERROR 6224 --- [    Test worker] tourGuide.service.TourGuideService       : java.lang.NullPointerException
2021-11-29 23:17:11.770 ERROR 6224 --- [    Test worker] tourGuide.service.TourGuideService       : java.lang.NullPointerException
2021-11-29 23:17:11.770 ERROR 6224 --- [    Test worker] tourGuide.service.TourGuideService       : java.lang.NullPointerException
2021-11-29 23:17:11.770 ERROR 6224 --- [    Test worker] tourGuide.service.TourGuideService       : java.lang.NullPointerException
2021-11-29 23:17:11.770 ERROR 6224 --- [    Test worker] tourGuide.service.TourGuideService       : java.lang.NullPointerException
2021-11-29 23:17:11.770 ERROR 6224 --- [    Test worker] tourGuide.service.TourGuideService       : java.lang.NullPointerException
2021-11-29 23:17:11.770 ERROR 6224 --- [    Test worker] tourGuide.service.TourGuideService       : java.lang.NullPointerException
2021-11-29 23:17:11.770 ERROR 6224 --- [    Test worker] tourGuide.service.TourGuideService       : java.lang.NullPointerException
2021-11-29 23:17:11.770 ERROR 6224 --- [    Test worker] tourGuide.service.TourGuideService       : java.lang.NullPointerException
2021-11-29 23:17:11.770 ERROR 6224 --- [    Test worker] tourGuide.service.TourGuideService       : java.lang.NullPointerException
2021-11-29 23:17:11.770 ERROR 6224 --- [    Test worker] tourGuide.service.TourGuideService       : java.lang.NullPointerException
2021-11-29 23:17:11.770 ERROR 6224 --- [    Test worker] tourGuide.service.TourGuideService       : java.lang.NullPointerException
2021-11-29 23:17:11.770 ERROR 6224 --- [    Test worker] tourGuide.service.TourGuideService       : java.lang.NullPointerException
2021-11-29 23:17:11.771 ERROR 6224 --- [    Test worker] tourGuide.service.TourGuideService       : java.lang.NullPointerException
2021-11-29 23:17:11.771 ERROR 6224 --- [    Test worker] tourGuide.service.TourGuideService       : java.lang.NullPointerException
2021-11-29 23:17:11.771 ERROR 6224 --- [    Test worker] tourGuide.service.TourGuideService       : java.lang.NullPointerException
2021-11-29 23:17:11.771 ERROR 6224 --- [    Test worker] tourGuide.service.TourGuideService       : java.lang.NullPointerException
2021-11-29 23:17:11.771 ERROR 6224 --- [    Test worker] tourGuide.service.TourGuideService       : java.lang.NullPointerException
2021-11-29 23:17:11.771 ERROR 6224 --- [    Test worker] tourGuide.service.TourGuideService       : java.lang.NullPointerException
2021-11-29 23:17:11.771 ERROR 6224 --- [    Test worker] tourGuide.service.TourGuideService       : java.lang.NullPointerException
2021-11-29 23:17:11.771 ERROR 6224 --- [    Test worker] tourGuide.service.TourGuideService       : java.lang.NullPointerException
2021-11-29 23:17:11.771 ERROR 6224 --- [    Test worker] tourGuide.service.TourGuideService       : java.lang.NullPointerException
2021-11-29 23:17:11.771 ERROR 6224 --- [    Test worker] tourGuide.service.TourGuideService       : java.lang.NullPointerException
2021-11-29 23:17:11.771 ERROR 6224 --- [    Test worker] tourGuide.service.TourGuideService       : java.lang.NullPointerException
2021-11-29 23:17:11.771 ERROR 6224 --- [    Test worker] tourGuide.service.TourGuideService       : java.lang.NullPointerException
2021-11-29 23:17:11.771 ERROR 6224 --- [    Test worker] tourGuide.service.TourGuideService       : java.lang.NullPointerException
2021-11-29 23:17:11.771 ERROR 6224 --- [    Test worker] tourGuide.service.TourGuideService       : java.lang.NullPointerException
2021-11-29 23:17:11.771 ERROR 6224 --- [    Test worker] tourGuide.service.TourGuideService       : java.lang.NullPointerException
2021-11-29 23:17:11.771 ERROR 6224 --- [    Test worker] tourGuide.service.TourGuideService       : java.lang.NullPointerException
2021-11-29 23:17:11.771 ERROR 6224 --- [    Test worker] tourGuide.service.TourGuideService       : java.lang.NullPointerException
2021-11-29 23:17:11.771 ERROR 6224 --- [    Test worker] tourGuide.service.TourGuideService       : java.lang.NullPointerException
2021-11-29 23:17:11.771 ERROR 6224 --- [    Test worker] tourGuide.service.TourGuideService       : java.lang.NullPointerException
2021-11-29 23:17:11.772 ERROR 6224 --- [    Test worker] tourGuide.service.TourGuideService       : java.lang.NullPointerException
2021-11-29 23:17:11.772 ERROR 6224 --- [    Test worker] tourGuide.service.TourGuideService       : java.lang.NullPointerException
2021-11-29 23:17:11.772 ERROR 6224 --- [    Test worker] tourGuide.service.TourGuideService       : java.lang.NullPointerException
2021-11-29 23:17:11.772 ERROR 6224 --- [    Test worker] tourGuide.service.TourGuideService       : java.lang.NullPointerException
2021-11-29 23:17:11.772 ERROR 6224 --- [    Test worker] tourGuide.service.TourGuideService       : java.lang.NullPointerException
2021-11-29 23:17:11.772 ERROR 6224 --- [    Test worker] tourGuide.service.TourGuideService       : java.lang.NullPointerException
2021-11-29 23:17:11.772 ERROR 6224 --- [    Test worker] tourGuide.service.TourGuideService       : java.lang.NullPointerException
2021-11-29 23:17:11.772 ERROR 6224 --- [    Test worker] tourGuide.service.TourGuideService       : java.lang.NullPointerException
2021-11-29 23:17:11.772 ERROR 6224 --- [    Test worker] tourGuide.service.TourGuideService       : java.lang.NullPointerException
2021-11-29 23:17:11.772 ERROR 6224 --- [    Test worker] tourGuide.service.TourGuideService       : java.lang.NullPointerException
2021-11-29 23:17:11.772 ERROR 6224 --- [    Test worker] tourGuide.service.TourGuideService       : java.lang.NullPointerException
2021-11-29 23:17:11.772 ERROR 6224 --- [    Test worker] tourGuide.service.TourGuideService       : java.lang.NullPointerException
2021-11-29 23:17:11.772 ERROR 6224 --- [    Test worker] tourGuide.service.TourGuideService       : java.lang.NullPointerException
2021-11-29 23:17:11.772 ERROR 6224 --- [    Test worker] tourGuide.service.TourGuideService       : java.lang.NullPointerException
2021-11-29 23:17:11.772 ERROR 6224 --- [    Test worker] tourGuide.service.TourGuideService       : java.lang.NullPointerException
2021-11-29 23:17:11.773 ERROR 6224 --- [    Test worker] tourGuide.service.TourGuideService       : java.lang.NullPointerException
2021-11-29 23:17:11.773 ERROR 6224 --- [    Test worker] tourGuide.service.TourGuideService       : java.lang.NullPointerException
2021-11-29 23:17:11.773 ERROR 6224 --- [    Test worker] tourGuide.service.TourGuideService       : java.lang.NullPointerException
2021-11-29 23:17:11.773 ERROR 6224 --- [    Test worker] tourGuide.service.TourGuideService       : java.lang.NullPointerException
2021-11-29 23:17:11.773 ERROR 6224 --- [    Test worker] tourGuide.service.TourGuideService       : java.lang.NullPointerException
2021-11-29 23:17:11.773 ERROR 6224 --- [    Test worker] tourGuide.service.TourGuideService       : java.lang.NullPointerException
2021-11-29 23:17:11.773 ERROR 6224 --- [    Test worker] tourGuide.service.TourGuideService       : java.lang.NullPointerException
2021-11-29 23:17:11.773 ERROR 6224 --- [    Test worker] tourGuide.service.TourGuideService       : java.lang.NullPointerException
2021-11-29 23:17:11.773 ERROR 6224 --- [    Test worker] tourGuide.service.TourGuideService       : java.lang.NullPointerException
2021-11-29 23:17:11.773 ERROR 6224 --- [    Test worker] tourGuide.service.TourGuideService       : java.lang.NullPointerException
2021-11-29 23:17:11.773 ERROR 6224 --- [    Test worker] tourGuide.service.TourGuideService       : java.lang.NullPointerException
2021-11-29 23:17:11.773 ERROR 6224 --- [    Test worker] tourGuide.service.TourGuideService       : java.lang.NullPointerException
2021-11-29 23:17:11.774 ERROR 6224 --- [    Test worker] tourGuide.service.TourGuideService       : java.lang.NullPointerException
2021-11-29 23:17:11.774 ERROR 6224 --- [    Test worker] tourGuide.service.TourGuideService       : java.lang.NullPointerException
2021-11-29 23:17:11.774 ERROR 6224 --- [    Test worker] tourGuide.service.TourGuideService       : java.lang.NullPointerException
2021-11-29 23:17:11.774 ERROR 6224 --- [    Test worker] tourGuide.service.TourGuideService       : java.lang.NullPointerException
2021-11-29 23:17:11.774 ERROR 6224 --- [    Test worker] tourGuide.service.TourGuideService       : java.lang.NullPointerException
2021-11-29 23:17:11.774 ERROR 6224 --- [    Test worker] tourGuide.service.TourGuideService       : java.lang.NullPointerException
2021-11-29 23:17:11.774 ERROR 6224 --- [    Test worker] tourGuide.service.TourGuideService       : java.lang.NullPointerException
2021-11-29 23:17:11.774 ERROR 6224 --- [    Test worker] tourGuide.service.TourGuideService       : java.lang.NullPointerException
2021-11-29 23:17:11.774 ERROR 6224 --- [    Test worker] tourGuide.service.TourGuideService       : java.lang.NullPointerException
2021-11-29 23:17:11.774 ERROR 6224 --- [    Test worker] tourGuide.service.TourGuideService       : java.lang.NullPointerException
2021-11-29 23:17:11.774 ERROR 6224 --- [    Test worker] tourGuide.service.TourGuideService       : java.lang.NullPointerException
2021-11-29 23:17:11.774 ERROR 6224 --- [    Test worker] tourGuide.service.TourGuideService       : java.lang.NullPointerException
2021-11-29 23:17:11.774 ERROR 6224 --- [    Test worker] tourGuide.service.TourGuideService       : java.lang.NullPointerException
2021-11-29 23:17:11.774 ERROR 6224 --- [    Test worker] tourGuide.service.TourGuideService       : java.lang.NullPointerException
2021-11-29 23:17:11.774 ERROR 6224 --- [    Test worker] tourGuide.service.TourGuideService       : java.lang.NullPointerException
2021-11-29 23:17:11.775 ERROR 6224 --- [    Test worker] tourGuide.service.TourGuideService       : java.lang.NullPointerException
2021-11-29 23:17:11.775 ERROR 6224 --- [    Test worker] tourGuide.service.TourGuideService       : java.lang.NullPointerException
2021-11-29 23:17:11.775 ERROR 6224 --- [    Test worker] tourGuide.service.TourGuideService       : java.lang.NullPointerException
2021-11-29 23:17:11.775 ERROR 6224 --- [    Test worker] tourGuide.service.TourGuideService       : java.lang.NullPointerException
2021-11-29 23:17:11.775 ERROR 6224 --- [    Test worker] tourGuide.service.TourGuideService       : java.lang.NullPointerException
2021-11-29 23:17:11.775 ERROR 6224 --- [    Test worker] tourGuide.service.TourGuideService       : java.lang.NullPointerException
2021-11-29 23:17:11.775 ERROR 6224 --- [    Test worker] tourGuide.service.TourGuideService       : java.lang.NullPointerException
2021-11-29 23:17:11.775 ERROR 6224 --- [    Test worker] tourGuide.service.TourGuideService       : java.lang.NullPointerException
2021-11-29 23:17:11.775 ERROR 6224 --- [    Test worker] tourGuide.service.TourGuideService       : java.lang.NullPointerException
2021-11-29 23:17:11.775 ERROR 6224 --- [    Test worker] tourGuide.service.TourGuideService       : java.lang.NullPointerException
2021-11-29 23:17:11.775 ERROR 6224 --- [    Test worker] tourGuide.service.TourGuideService       : java.lang.NullPointerException
2021-11-29 23:17:11.775 ERROR 6224 --- [    Test worker] tourGuide.service.TourGuideService       : java.lang.NullPointerException
2021-11-29 23:17:11.775 ERROR 6224 --- [    Test worker] tourGuide.service.TourGuideService       : java.lang.NullPointerException
2021-11-29 23:17:11.775 ERROR 6224 --- [    Test worker] tourGuide.service.TourGuideService       : java.lang.NullPointerException
2021-11-29 23:17:11.775 ERROR 6224 --- [    Test worker] tourGuide.service.TourGuideService       : java.lang.NullPointerException
2021-11-29 23:17:11.775 ERROR 6224 --- [    Test worker] tourGuide.service.TourGuideService       : java.lang.NullPointerException
2021-11-29 23:17:11.775 ERROR 6224 --- [    Test worker] tourGuide.service.TourGuideService       : java.lang.NullPointerException
2021-11-29 23:17:11.776 ERROR 6224 --- [    Test worker] tourGuide.service.TourGuideService       : java.lang.NullPointerException
2021-11-29 23:17:11.776 ERROR 6224 --- [    Test worker] tourGuide.service.TourGuideService       : java.lang.NullPointerException
2021-11-29 23:17:11.776 ERROR 6224 --- [    Test worker] tourGuide.service.TourGuideService       : java.lang.NullPointerException
2021-11-29 23:17:11.776 ERROR 6224 --- [    Test worker] tourGuide.service.TourGuideService       : java.lang.NullPointerException
2021-11-29 23:17:11.776 ERROR 6224 --- [    Test worker] tourGuide.service.TourGuideService       : java.lang.NullPointerException
2021-11-29 23:17:11.776 ERROR 6224 --- [    Test worker] tourGuide.service.TourGuideService       : java.lang.NullPointerException
2021-11-29 23:17:11.776 ERROR 6224 --- [    Test worker] tourGuide.service.TourGuideService       : java.lang.NullPointerException
2021-11-29 23:17:11.776 ERROR 6224 --- [    Test worker] tourGuide.service.TourGuideService       : java.lang.NullPointerException
2021-11-29 23:17:11.776 ERROR 6224 --- [    Test worker] tourGuide.service.TourGuideService       : java.lang.NullPointerException
2021-11-29 23:17:11.776 ERROR 6224 --- [    Test worker] tourGuide.service.TourGuideService       : java.lang.NullPointerException
2021-11-29 23:17:11.776 ERROR 6224 --- [    Test worker] tourGuide.service.TourGuideService       : java.lang.NullPointerException
2021-11-29 23:17:11.776 ERROR 6224 --- [    Test worker] tourGuide.service.TourGuideService       : java.lang.NullPointerException
2021-11-29 23:17:11.776 ERROR 6224 --- [    Test worker] tourGuide.service.TourGuideService       : java.lang.NullPointerException
2021-11-29 23:17:11.776 ERROR 6224 --- [    Test worker] tourGuide.service.TourGuideService       : java.lang.NullPointerException
2021-11-29 23:17:11.776 ERROR 6224 --- [    Test worker] tourGuide.service.TourGuideService       : java.lang.NullPointerException
2021-11-29 23:17:11.778 ERROR 6224 --- [    Test worker] tourGuide.service.TourGuideService       : java.lang.NullPointerException
2021-11-29 23:17:11.779 ERROR 6224 --- [    Test worker] tourGuide.service.TourGuideService       : java.lang.NullPointerException
2021-11-29 23:17:11.779 ERROR 6224 --- [    Test worker] tourGuide.service.TourGuideService       : java.lang.NullPointerException
2021-11-29 23:17:11.779 ERROR 6224 --- [    Test worker] tourGuide.service.TourGuideService       : java.lang.NullPointerException
2021-11-29 23:17:11.779 ERROR 6224 --- [    Test worker] tourGuide.service.TourGuideService       : java.lang.NullPointerException
2021-11-29 23:17:11.779 ERROR 6224 --- [    Test worker] tourGuide.service.TourGuideService       : java.lang.NullPointerException
2021-11-29 23:17:11.779 ERROR 6224 --- [    Test worker] tourGuide.service.TourGuideService       : java.lang.NullPointerException
2021-11-29 23:17:11.779 ERROR 6224 --- [    Test worker] tourGuide.service.TourGuideService       : java.lang.NullPointerException
2021-11-29 23:17:11.779 ERROR 6224 --- [    Test worker] tourGuide.service.TourGuideService       : java.lang.NullPointerException
2021-11-29 23:17:11.779 ERROR 6224 --- [    Test worker] tourGuide.service.TourGuideService       : java.lang.NullPointerException
2021-11-29 23:17:11.779 ERROR 6224 --- [    Test worker] tourGuide.service.TourGuideService       : java.lang.NullPointerException
2021-11-29 23:17:11.779 ERROR 6224 --- [    Test worker] tourGuide.service.TourGuideService       : java.lang.NullPointerException
2021-11-29 23:17:11.779 ERROR 6224 --- [    Test worker] tourGuide.service.TourGuideService       : java.lang.NullPointerException
2021-11-29 23:17:11.779 ERROR 6224 --- [    Test worker] tourGuide.service.TourGuideService       : java.lang.NullPointerException
2021-11-29 23:17:11.779 ERROR 6224 --- [    Test worker] tourGuide.service.TourGuideService       : java.lang.NullPointerException
2021-11-29 23:17:11.779 ERROR 6224 --- [    Test worker] tourGuide.service.TourGuideService       : java.lang.NullPointerException
2021-11-29 23:17:11.779 ERROR 6224 --- [    Test worker] tourGuide.service.TourGuideService       : java.lang.NullPointerException
2021-11-29 23:17:11.779 ERROR 6224 --- [    Test worker] tourGuide.service.TourGuideService       : java.lang.NullPointerException
2021-11-29 23:17:11.779 ERROR 6224 --- [    Test worker] tourGuide.service.TourGuideService       : java.lang.NullPointerException
2021-11-29 23:17:11.779 ERROR 6224 --- [    Test worker] tourGuide.service.TourGuideService       : java.lang.NullPointerException
2021-11-29 23:17:11.779 ERROR 6224 --- [    Test worker] tourGuide.service.TourGuideService       : java.lang.NullPointerException
2021-11-29 23:17:11.780 ERROR 6224 --- [    Test worker] tourGuide.service.TourGuideService       : java.lang.NullPointerException
2021-11-29 23:17:11.780 ERROR 6224 --- [    Test worker] tourGuide.service.TourGuideService       : java.lang.NullPointerException
2021-11-29 23:17:11.780 ERROR 6224 --- [    Test worker] tourGuide.service.TourGuideService       : java.lang.NullPointerException
2021-11-29 23:17:11.784 ERROR 6224 --- [    Test worker] tourGuide.service.TourGuideService       : java.lang.NullPointerException
2021-11-29 23:17:11.784 ERROR 6224 --- [    Test worker] tourGuide.service.TourGuideService       : java.lang.NullPointerException
2021-11-29 23:17:11.784 ERROR 6224 --- [    Test worker] tourGuide.service.TourGuideService       : java.lang.NullPointerException
2021-11-29 23:17:11.784 ERROR 6224 --- [    Test worker] tourGuide.service.TourGuideService       : java.lang.NullPointerException
2021-11-29 23:17:11.784 ERROR 6224 --- [    Test worker] tourGuide.service.TourGuideService       : java.lang.NullPointerException
2021-11-29 23:17:11.784 ERROR 6224 --- [    Test worker] tourGuide.service.TourGuideService       : java.lang.NullPointerException
2021-11-29 23:17:11.784 ERROR 6224 --- [    Test worker] tourGuide.service.TourGuideService       : java.lang.NullPointerException
2021-11-29 23:17:11.784 ERROR 6224 --- [    Test worker] tourGuide.service.TourGuideService       : java.lang.NullPointerException
2021-11-29 23:17:11.785 ERROR 6224 --- [    Test worker] tourGuide.service.TourGuideService       : java.lang.NullPointerException
2021-11-29 23:17:11.785 ERROR 6224 --- [    Test worker] tourGuide.service.TourGuideService       : java.lang.NullPointerException
2021-11-29 23:17:11.785 ERROR 6224 --- [    Test worker] tourGuide.service.TourGuideService       : java.lang.NullPointerException
2021-11-29 23:17:11.785 ERROR 6224 --- [    Test worker] tourGuide.service.TourGuideService       : java.lang.NullPointerException
2021-11-29 23:17:11.785 ERROR 6224 --- [    Test worker] tourGuide.service.TourGuideService       : java.lang.NullPointerException
2021-11-29 23:17:11.789  INFO 6224 --- [    Test worker] tourGuide.service.RewardsService         : ** Multithreading ** Processing to calculate all rewards
2021-11-29 23:17:12.330  INFO 6224 --- [    Test worker] tourGuide.performance.PerformanceTest    : highVolumeTrackLocation: Time Elapsed: 2 seconds.
2021-11-29 23:17:12.371  INFO 6224 --- [    Test worker] tourGuide.service.TourGuideService       : TestMode: true
2021-11-29 23:17:12.502  INFO 6224 --- [    Test worker] tourGuide.tracker.Tracker                : Tracker run at startup: DISABLED
2021-11-29 23:17:12.530  INFO 6224 --- [    Test worker] tourGuide.service.TourGuideService       : ** Processing to get all users
2021-11-29 23:17:12.540  INFO 6224 --- [    Test worker] tourGuide.service.RewardsService         : ** Multithreading ** Processing to calculate all rewards
2021-11-29 23:17:12.597  INFO 6224 --- [ool-13-thread-1] tourGuide.service.RewardsService         : ** Processing to get reward points
2021-11-29 23:17:12.597  INFO 6224 --- [ool-13-thread-4] tourGuide.service.RewardsService         : ** Processing to get reward points
2021-11-29 23:17:12.598  INFO 6224 --- [ool-13-thread-5] tourGuide.service.RewardsService         : ** Processing to get reward points
2021-11-29 23:17:12.602  INFO 6224 --- [ool-13-thread-8] tourGuide.service.RewardsService         : ** Processing to get reward points
2021-11-29 23:17:12.608  INFO 6224 --- [ool-13-thread-9] tourGuide.service.RewardsService         : ** Processing to get reward points
2021-11-29 23:17:12.609  INFO 6224 --- [ol-13-thread-12] tourGuide.service.RewardsService         : ** Processing to get reward points
2021-11-29 23:17:12.612  INFO 6224 --- [ol-13-thread-13] tourGuide.service.RewardsService         : ** Processing to get reward points
2021-11-29 23:17:12.627  INFO 6224 --- [ol-13-thread-17] tourGuide.service.RewardsService         : ** Processing to get reward points
2021-11-29 23:17:12.702  INFO 6224 --- [ol-13-thread-16] tourGuide.service.RewardsService         : ** Processing to get reward points
2021-11-29 23:17:12.872  INFO 6224 --- [ol-13-thread-20] tourGuide.service.RewardsService         : ** Processing to get reward points
2021-11-29 23:17:12.909  INFO 6224 --- [ool-13-thread-9] tourGuide.service.RewardsService         : ** Processing to get reward points
2021-11-29 23:17:12.935  INFO 6224 --- [ool-13-thread-5] tourGuide.service.RewardsService         : ** Processing to get reward points
2021-11-29 23:17:12.943  INFO 6224 --- [ool-13-thread-1] tourGuide.service.RewardsService         : ** Processing to get reward points
2021-11-29 23:17:13.283  INFO 6224 --- [ol-13-thread-21] tourGuide.service.RewardsService         : ** Processing to get reward points
2021-11-29 23:17:13.309  INFO 6224 --- [ool-13-thread-1] tourGuide.service.RewardsService         : ** Processing to get reward points
2021-11-29 23:17:13.494  INFO 6224 --- [l-13-thread-199] tourGuide.service.RewardsService         : ** Processing to get reward points
2021-11-29 23:17:13.496  INFO 6224 --- [ol-13-thread-12] tourGuide.service.RewardsService         : ** Processing to get reward points
2021-11-29 23:17:13.497  INFO 6224 --- [l-13-thread-198] tourGuide.service.RewardsService         : ** Processing to get reward points
2021-11-29 23:17:13.497  INFO 6224 --- [l-13-thread-195] tourGuide.service.RewardsService         : ** Processing to get reward points
2021-11-29 23:17:13.497  INFO 6224 --- [l-13-thread-194] tourGuide.service.RewardsService         : ** Processing to get reward points
2021-11-29 23:17:13.499  INFO 6224 --- [l-13-thread-191] tourGuide.service.RewardsService         : ** Processing to get reward points
2021-11-29 23:17:13.503  INFO 6224 --- [l-13-thread-190] tourGuide.service.RewardsService         : ** Processing to get reward points
2021-11-29 23:17:13.506  INFO 6224 --- [l-13-thread-186] tourGuide.service.RewardsService         : ** Processing to get reward points
2021-11-29 23:17:13.509  INFO 6224 --- [l-13-thread-183] tourGuide.service.RewardsService         : ** Processing to get reward points
2021-11-29 23:17:13.510  INFO 6224 --- [l-13-thread-178] tourGuide.service.RewardsService         : ** Processing to get reward points
2021-11-29 23:17:13.510  INFO 6224 --- [l-13-thread-175] tourGuide.service.RewardsService         : ** Processing to get reward points
2021-11-29 23:17:13.509  INFO 6224 --- [l-13-thread-187] tourGuide.service.RewardsService         : ** Processing to get reward points
2021-11-29 23:17:13.511  INFO 6224 --- [l-13-thread-174] tourGuide.service.RewardsService         : ** Processing to get reward points
2021-11-29 23:17:13.509  INFO 6224 --- [l-13-thread-182] tourGuide.service.RewardsService         : ** Processing to get reward points
2021-11-29 23:17:13.516  INFO 6224 --- [l-13-thread-166] tourGuide.service.RewardsService         : ** Processing to get reward points
2021-11-29 23:17:13.509  INFO 6224 --- [l-13-thread-179] tourGuide.service.RewardsService         : ** Processing to get reward points
2021-11-29 23:17:13.521  INFO 6224 --- [l-13-thread-170] tourGuide.service.RewardsService         : ** Processing to get reward points
2021-11-29 23:17:13.519  INFO 6224 --- [l-13-thread-171] tourGuide.service.RewardsService         : ** Processing to get reward points
2021-11-29 23:17:13.526  INFO 6224 --- [l-13-thread-167] tourGuide.service.RewardsService         : ** Processing to get reward points
2021-11-29 23:17:13.528  INFO 6224 --- [l-13-thread-163] tourGuide.service.RewardsService         : ** Processing to get reward points
2021-11-29 23:17:13.529  INFO 6224 --- [l-13-thread-162] tourGuide.service.RewardsService         : ** Processing to get reward points
2021-11-29 23:17:13.530  INFO 6224 --- [l-13-thread-158] tourGuide.service.RewardsService         : ** Processing to get reward points
2021-11-29 23:17:13.530  INFO 6224 --- [l-13-thread-155] tourGuide.service.RewardsService         : ** Processing to get reward points
2021-11-29 23:17:13.530  INFO 6224 --- [l-13-thread-159] tourGuide.service.RewardsService         : ** Processing to get reward points
2021-11-29 23:17:13.534  INFO 6224 --- [l-13-thread-154] tourGuide.service.RewardsService         : ** Processing to get reward points
2021-11-29 23:17:13.538  INFO 6224 --- [l-13-thread-150] tourGuide.service.RewardsService         : ** Processing to get reward points
2021-11-29 23:17:13.541  INFO 6224 --- [l-13-thread-151] tourGuide.service.RewardsService         : ** Processing to get reward points
2021-11-29 23:17:13.544  INFO 6224 --- [l-13-thread-147] tourGuide.service.RewardsService         : ** Processing to get reward points
2021-11-29 23:17:13.545  INFO 6224 --- [l-13-thread-146] tourGuide.service.RewardsService         : ** Processing to get reward points
2021-11-29 23:17:13.546  INFO 6224 --- [l-13-thread-143] tourGuide.service.RewardsService         : ** Processing to get reward points
2021-11-29 23:17:13.546  INFO 6224 --- [l-13-thread-142] tourGuide.service.RewardsService         : ** Processing to get reward points
2021-11-29 23:17:13.549  INFO 6224 --- [l-13-thread-139] tourGuide.service.RewardsService         : ** Processing to get reward points
2021-11-29 23:17:13.551  INFO 6224 --- [l-13-thread-138] tourGuide.service.RewardsService         : ** Processing to get reward points
2021-11-29 23:17:13.553  INFO 6224 --- [l-13-thread-135] tourGuide.service.RewardsService         : ** Processing to get reward points
2021-11-29 23:17:13.555  INFO 6224 --- [l-13-thread-134] tourGuide.service.RewardsService         : ** Processing to get reward points
2021-11-29 23:17:13.555  INFO 6224 --- [l-13-thread-127] tourGuide.service.RewardsService         : ** Processing to get reward points
2021-11-29 23:17:13.555  INFO 6224 --- [l-13-thread-126] tourGuide.service.RewardsService         : ** Processing to get reward points
2021-11-29 23:17:13.555  INFO 6224 --- [l-13-thread-131] tourGuide.service.RewardsService         : ** Processing to get reward points
2021-11-29 23:17:13.558  INFO 6224 --- [l-13-thread-123] tourGuide.service.RewardsService         : ** Processing to get reward points
2021-11-29 23:17:13.555  INFO 6224 --- [l-13-thread-130] tourGuide.service.RewardsService         : ** Processing to get reward points
2021-11-29 23:17:13.560  INFO 6224 --- [l-13-thread-122] tourGuide.service.RewardsService         : ** Processing to get reward points
2021-11-29 23:17:13.563  INFO 6224 --- [l-13-thread-119] tourGuide.service.RewardsService         : ** Processing to get reward points
2021-11-29 23:17:13.563  INFO 6224 --- [l-13-thread-118] tourGuide.service.RewardsService         : ** Processing to get reward points
2021-11-29 23:17:13.566  INFO 6224 --- [l-13-thread-115] tourGuide.service.RewardsService         : ** Processing to get reward points
2021-11-29 23:17:13.570  INFO 6224 --- [l-13-thread-114] tourGuide.service.RewardsService         : ** Processing to get reward points
2021-11-29 23:17:13.570  INFO 6224 --- [l-13-thread-111] tourGuide.service.RewardsService         : ** Processing to get reward points
2021-11-29 23:17:13.573  INFO 6224 --- [l-13-thread-110] tourGuide.service.RewardsService         : ** Processing to get reward points
2021-11-29 23:17:13.573  INFO 6224 --- [l-13-thread-107] tourGuide.service.RewardsService         : ** Processing to get reward points
2021-11-29 23:17:13.574  INFO 6224 --- [l-13-thread-106] tourGuide.service.RewardsService         : ** Processing to get reward points
2021-11-29 23:17:13.576  INFO 6224 --- [l-13-thread-103] tourGuide.service.RewardsService         : ** Processing to get reward points
2021-11-29 23:17:13.577  INFO 6224 --- [l-13-thread-102] tourGuide.service.RewardsService         : ** Processing to get reward points
2021-11-29 23:17:13.578  INFO 6224 --- [ol-13-thread-99] tourGuide.service.RewardsService         : ** Processing to get reward points
2021-11-29 23:17:13.580  INFO 6224 --- [l-13-thread-167] tourGuide.service.RewardsService         : ** Processing to get reward points
2021-11-29 23:17:13.580  INFO 6224 --- [ol-13-thread-98] tourGuide.service.RewardsService         : ** Processing to get reward points
2021-11-29 23:17:13.583  INFO 6224 --- [ol-13-thread-95] tourGuide.service.RewardsService         : ** Processing to get reward points
2021-11-29 23:17:13.585  INFO 6224 --- [ol-13-thread-94] tourGuide.service.RewardsService         : ** Processing to get reward points
2021-11-29 23:17:13.586  INFO 6224 --- [ol-13-thread-87] tourGuide.service.RewardsService         : ** Processing to get reward points
2021-11-29 23:17:13.589  INFO 6224 --- [ol-13-thread-90] tourGuide.service.RewardsService         : ** Processing to get reward points
2021-11-29 23:17:13.589  INFO 6224 --- [ol-13-thread-83] tourGuide.service.RewardsService         : ** Processing to get reward points
2021-11-29 23:17:13.589  INFO 6224 --- [ol-13-thread-91] tourGuide.service.RewardsService         : ** Processing to get reward points
2021-11-29 23:17:13.591  INFO 6224 --- [ol-13-thread-82] tourGuide.service.RewardsService         : ** Processing to get reward points
2021-11-29 23:17:13.589  INFO 6224 --- [ol-13-thread-86] tourGuide.service.RewardsService         : ** Processing to get reward points
2021-11-29 23:17:13.594  INFO 6224 --- [l-13-thread-166] tourGuide.service.RewardsService         : ** Processing to get reward points
2021-11-29 23:17:13.594  INFO 6224 --- [ol-13-thread-79] tourGuide.service.RewardsService         : ** Processing to get reward points
2021-11-29 23:17:13.595  INFO 6224 --- [ol-13-thread-78] tourGuide.service.RewardsService         : ** Processing to get reward points
2021-11-29 23:17:13.597  INFO 6224 --- [ol-13-thread-75] tourGuide.service.RewardsService         : ** Processing to get reward points
2021-11-29 23:17:13.597  INFO 6224 --- [ol-13-thread-71] tourGuide.service.RewardsService         : ** Processing to get reward points
2021-11-29 23:17:13.599  INFO 6224 --- [ol-13-thread-70] tourGuide.service.RewardsService         : ** Processing to get reward points
2021-11-29 23:17:13.597  INFO 6224 --- [ol-13-thread-74] tourGuide.service.RewardsService         : ** Processing to get reward points
2021-11-29 23:17:13.600  INFO 6224 --- [ol-13-thread-66] tourGuide.service.RewardsService         : ** Processing to get reward points
2021-11-29 23:17:13.600  INFO 6224 --- [ol-13-thread-67] tourGuide.service.RewardsService         : ** Processing to get reward points
2021-11-29 23:17:13.602  INFO 6224 --- [ol-13-thread-63] tourGuide.service.RewardsService         : ** Processing to get reward points
2021-11-29 23:17:13.602  INFO 6224 --- [ol-13-thread-62] tourGuide.service.RewardsService         : ** Processing to get reward points
2021-11-29 23:17:13.603  INFO 6224 --- [ol-13-thread-58] tourGuide.service.RewardsService         : ** Processing to get reward points
2021-11-29 23:17:13.604  INFO 6224 --- [ol-13-thread-59] tourGuide.service.RewardsService         : ** Processing to get reward points
2021-11-29 23:17:13.606  INFO 6224 --- [ol-13-thread-55] tourGuide.service.RewardsService         : ** Processing to get reward points
2021-11-29 23:17:13.607  INFO 6224 --- [ol-13-thread-54] tourGuide.service.RewardsService         : ** Processing to get reward points
2021-11-29 23:17:13.607  INFO 6224 --- [ol-13-thread-47] tourGuide.service.RewardsService         : ** Processing to get reward points
2021-11-29 23:17:13.607  INFO 6224 --- [ol-13-thread-51] tourGuide.service.RewardsService         : ** Processing to get reward points
2021-11-29 23:17:13.608  INFO 6224 --- [ol-13-thread-46] tourGuide.service.RewardsService         : ** Processing to get reward points
2021-11-29 23:17:13.608  INFO 6224 --- [ol-13-thread-42] tourGuide.service.RewardsService         : ** Processing to get reward points
2021-11-29 23:17:13.608  INFO 6224 --- [ol-13-thread-39] tourGuide.service.RewardsService         : ** Processing to get reward points
2021-11-29 23:17:13.607  INFO 6224 --- [ol-13-thread-50] tourGuide.service.RewardsService         : ** Processing to get reward points
2021-11-29 23:17:13.609  INFO 6224 --- [ol-13-thread-38] tourGuide.service.RewardsService         : ** Processing to get reward points
2021-11-29 23:17:13.608  INFO 6224 --- [ol-13-thread-43] tourGuide.service.RewardsService         : ** Processing to get reward points
2021-11-29 23:17:13.609  INFO 6224 --- [ol-13-thread-35] tourGuide.service.RewardsService         : ** Processing to get reward points
2021-11-29 23:17:13.610  INFO 6224 --- [ol-13-thread-31] tourGuide.service.RewardsService         : ** Processing to get reward points
2021-11-29 23:17:13.610  INFO 6224 --- [ol-13-thread-34] tourGuide.service.RewardsService         : ** Processing to get reward points
2021-11-29 23:17:13.610  INFO 6224 --- [ol-13-thread-30] tourGuide.service.RewardsService         : ** Processing to get reward points
2021-11-29 23:17:13.610  INFO 6224 --- [ol-13-thread-27] tourGuide.service.RewardsService         : ** Processing to get reward points
2021-11-29 23:17:13.611  INFO 6224 --- [ol-13-thread-26] tourGuide.service.RewardsService         : ** Processing to get reward points
2021-11-29 23:17:13.611  INFO 6224 --- [ol-13-thread-23] tourGuide.service.RewardsService         : ** Processing to get reward points
2021-11-29 23:17:13.612  INFO 6224 --- [ol-13-thread-22] tourGuide.service.RewardsService         : ** Processing to get reward points
2021-11-29 23:17:13.612  INFO 6224 --- [ol-13-thread-19] tourGuide.service.RewardsService         : ** Processing to get reward points
2021-11-29 23:17:13.613  INFO 6224 --- [ol-13-thread-18] tourGuide.service.RewardsService         : ** Processing to get reward points
2021-11-29 23:17:13.613  INFO 6224 --- [ol-13-thread-14] tourGuide.service.RewardsService         : ** Processing to get reward points
2021-11-29 23:17:13.613  INFO 6224 --- [ol-13-thread-15] tourGuide.service.RewardsService         : ** Processing to get reward points
2021-11-29 23:17:13.614  INFO 6224 --- [ol-13-thread-10] tourGuide.service.RewardsService         : ** Processing to get reward points
2021-11-29 23:17:13.615  INFO 6224 --- [ol-13-thread-11] tourGuide.service.RewardsService         : ** Processing to get reward points
2021-11-29 23:17:13.616  INFO 6224 --- [ool-13-thread-6] tourGuide.service.RewardsService         : ** Processing to get reward points
2021-11-29 23:17:13.616  INFO 6224 --- [ool-13-thread-3] tourGuide.service.RewardsService         : ** Processing to get reward points
2021-11-29 23:17:13.616  INFO 6224 --- [ool-13-thread-7] tourGuide.service.RewardsService         : ** Processing to get reward points
2021-11-29 23:17:13.618  INFO 6224 --- [l-13-thread-197] tourGuide.service.RewardsService         : ** Processing to get reward points
2021-11-29 23:17:13.619  INFO 6224 --- [ool-13-thread-2] tourGuide.service.RewardsService         : ** Processing to get reward points
2021-11-29 23:17:13.619  INFO 6224 --- [l-13-thread-200] tourGuide.service.RewardsService         : ** Processing to get reward points
2021-11-29 23:17:13.620  INFO 6224 --- [l-13-thread-196] tourGuide.service.RewardsService         : ** Processing to get reward points
2021-11-29 23:17:13.621  INFO 6224 --- [l-13-thread-193] tourGuide.service.RewardsService         : ** Processing to get reward points
2021-11-29 23:17:13.622  INFO 6224 --- [l-13-thread-192] tourGuide.service.RewardsService         : ** Processing to get reward points
2021-11-29 23:17:13.623  INFO 6224 --- [l-13-thread-189] tourGuide.service.RewardsService         : ** Processing to get reward points
2021-11-29 23:17:13.624  INFO 6224 --- [l-13-thread-188] tourGuide.service.RewardsService         : ** Processing to get reward points
2021-11-29 23:17:13.625  INFO 6224 --- [l-13-thread-185] tourGuide.service.RewardsService         : ** Processing to get reward points
2021-11-29 23:17:13.625  INFO 6224 --- [l-13-thread-184] tourGuide.service.RewardsService         : ** Processing to get reward points
2021-11-29 23:17:13.626  INFO 6224 --- [l-13-thread-181] tourGuide.service.RewardsService         : ** Processing to get reward points
2021-11-29 23:17:13.626  INFO 6224 --- [l-13-thread-180] tourGuide.service.RewardsService         : ** Processing to get reward points
2021-11-29 23:17:13.626  INFO 6224 --- [l-13-thread-177] tourGuide.service.RewardsService         : ** Processing to get reward points
2021-11-29 23:17:13.626  INFO 6224 --- [l-13-thread-176] tourGuide.service.RewardsService         : ** Processing to get reward points
2021-11-29 23:17:13.626  INFO 6224 --- [l-13-thread-173] tourGuide.service.RewardsService         : ** Processing to get reward points
2021-11-29 23:17:13.627  INFO 6224 --- [l-13-thread-172] tourGuide.service.RewardsService         : ** Processing to get reward points
2021-11-29 23:17:13.628  INFO 6224 --- [l-13-thread-169] tourGuide.service.RewardsService         : ** Processing to get reward points
2021-11-29 23:17:13.628  INFO 6224 --- [l-13-thread-168] tourGuide.service.RewardsService         : ** Processing to get reward points
2021-11-29 23:17:13.629  INFO 6224 --- [l-13-thread-165] tourGuide.service.RewardsService         : ** Processing to get reward points
2021-11-29 23:17:13.632  INFO 6224 --- [l-13-thread-164] tourGuide.service.RewardsService         : ** Processing to get reward points
2021-11-29 23:17:13.635  INFO 6224 --- [l-13-thread-161] tourGuide.service.RewardsService         : ** Processing to get reward points
2021-11-29 23:17:13.638  INFO 6224 --- [l-13-thread-160] tourGuide.service.RewardsService         : ** Processing to get reward points
2021-11-29 23:17:13.638  INFO 6224 --- [l-13-thread-156] tourGuide.service.RewardsService         : ** Processing to get reward points
2021-11-29 23:17:13.639  INFO 6224 --- [l-13-thread-153] tourGuide.service.RewardsService         : ** Processing to get reward points
2021-11-29 23:17:13.638  INFO 6224 --- [l-13-thread-157] tourGuide.service.RewardsService         : ** Processing to get reward points
2021-11-29 23:17:13.641  INFO 6224 --- [l-13-thread-152] tourGuide.service.RewardsService         : ** Processing to get reward points
2021-11-29 23:17:13.641  INFO 6224 --- [l-13-thread-149] tourGuide.service.RewardsService         : ** Processing to get reward points
2021-11-29 23:17:13.642  INFO 6224 --- [l-13-thread-148] tourGuide.service.RewardsService         : ** Processing to get reward points
2021-11-29 23:17:13.643  INFO 6224 --- [l-13-thread-144] tourGuide.service.RewardsService         : ** Processing to get reward points
2021-11-29 23:17:13.643  INFO 6224 --- [l-13-thread-145] tourGuide.service.RewardsService         : ** Processing to get reward points
2021-11-29 23:17:13.643  INFO 6224 --- [l-13-thread-129] tourGuide.service.RewardsService         : ** Processing to get reward points
2021-11-29 23:17:13.644  INFO 6224 --- [l-13-thread-140] tourGuide.service.RewardsService         : ** Processing to get reward points
2021-11-29 23:17:13.644  INFO 6224 --- [l-13-thread-137] tourGuide.service.RewardsService         : ** Processing to get reward points
2021-11-29 23:17:13.644  INFO 6224 --- [l-13-thread-133] tourGuide.service.RewardsService         : ** Processing to get reward points
2021-11-29 23:17:13.644  INFO 6224 --- [l-13-thread-141] tourGuide.service.RewardsService         : ** Processing to get reward points
2021-11-29 23:17:13.645  INFO 6224 --- [l-13-thread-136] tourGuide.service.RewardsService         : ** Processing to get reward points
2021-11-29 23:17:13.645  INFO 6224 --- [l-13-thread-132] tourGuide.service.RewardsService         : ** Processing to get reward points
2021-11-29 23:17:13.646  INFO 6224 --- [l-13-thread-128] tourGuide.service.RewardsService         : ** Processing to get reward points
2021-11-29 23:17:13.646  INFO 6224 --- [l-13-thread-121] tourGuide.service.RewardsService         : ** Processing to get reward points
2021-11-29 23:17:13.646  INFO 6224 --- [l-13-thread-125] tourGuide.service.RewardsService         : ** Processing to get reward points
2021-11-29 23:17:13.647  INFO 6224 --- [l-13-thread-116] tourGuide.service.RewardsService         : ** Processing to get reward points
2021-11-29 23:17:13.647  INFO 6224 --- [l-13-thread-105] tourGuide.service.RewardsService         : ** Processing to get reward points
2021-11-29 23:17:13.647  INFO 6224 --- [l-13-thread-108] tourGuide.service.RewardsService         : ** Processing to get reward points
2021-11-29 23:17:13.647  INFO 6224 --- [l-13-thread-104] tourGuide.service.RewardsService         : ** Processing to get reward points
2021-11-29 23:17:13.648  INFO 6224 --- [l-13-thread-109] tourGuide.service.RewardsService         : ** Processing to get reward points
2021-11-29 23:17:13.649  INFO 6224 --- [l-13-thread-117] tourGuide.service.RewardsService         : ** Processing to get reward points
2021-11-29 23:17:13.649  INFO 6224 --- [l-13-thread-113] tourGuide.service.RewardsService         : ** Processing to get reward points
2021-11-29 23:17:13.650  INFO 6224 --- [l-13-thread-101] tourGuide.service.RewardsService         : ** Processing to get reward points
2021-11-29 23:17:13.651  INFO 6224 --- [l-13-thread-120] tourGuide.service.RewardsService         : ** Processing to get reward points
2021-11-29 23:17:13.652  INFO 6224 --- [l-13-thread-100] tourGuide.service.RewardsService         : ** Processing to get reward points
2021-11-29 23:17:13.648  INFO 6224 --- [l-13-thread-112] tourGuide.service.RewardsService         : ** Processing to get reward points
2021-11-29 23:17:13.653  INFO 6224 --- [ol-13-thread-97] tourGuide.service.RewardsService         : ** Processing to get reward points
2021-11-29 23:17:13.655  INFO 6224 --- [ol-13-thread-96] tourGuide.service.RewardsService         : ** Processing to get reward points
2021-11-29 23:17:13.655  INFO 6224 --- [ol-13-thread-93] tourGuide.service.RewardsService         : ** Processing to get reward points
2021-11-29 23:17:13.656  INFO 6224 --- [ol-13-thread-92] tourGuide.service.RewardsService         : ** Processing to get reward points
2021-11-29 23:17:13.658  INFO 6224 --- [ol-13-thread-89] tourGuide.service.RewardsService         : ** Processing to get reward points
2021-11-29 23:17:13.659  INFO 6224 --- [ol-13-thread-85] tourGuide.service.RewardsService         : ** Processing to get reward points
2021-11-29 23:17:13.659  INFO 6224 --- [ol-13-thread-88] tourGuide.service.RewardsService         : ** Processing to get reward points
2021-11-29 23:17:13.660  INFO 6224 --- [ol-13-thread-84] tourGuide.service.RewardsService         : ** Processing to get reward points
2021-11-29 23:17:13.660  INFO 6224 --- [ol-13-thread-81] tourGuide.service.RewardsService         : ** Processing to get reward points
2021-11-29 23:17:13.661  INFO 6224 --- [ol-13-thread-80] tourGuide.service.RewardsService         : ** Processing to get reward points
2021-11-29 23:17:13.661  INFO 6224 --- [ol-13-thread-77] tourGuide.service.RewardsService         : ** Processing to get reward points
2021-11-29 23:17:13.661  INFO 6224 --- [ol-13-thread-73] tourGuide.service.RewardsService         : ** Processing to get reward points
2021-11-29 23:17:13.662  INFO 6224 --- [ol-13-thread-72] tourGuide.service.RewardsService         : ** Processing to get reward points
2021-11-29 23:17:13.661  INFO 6224 --- [ol-13-thread-76] tourGuide.service.RewardsService         : ** Processing to get reward points
2021-11-29 23:17:13.662  INFO 6224 --- [ol-13-thread-69] tourGuide.service.RewardsService         : ** Processing to get reward points
2021-11-29 23:17:13.662  INFO 6224 --- [ol-13-thread-65] tourGuide.service.RewardsService         : ** Processing to get reward points
2021-11-29 23:17:13.662  INFO 6224 --- [ol-13-thread-64] tourGuide.service.RewardsService         : ** Processing to get reward points
2021-11-29 23:17:13.662  INFO 6224 --- [ol-13-thread-68] tourGuide.service.RewardsService         : ** Processing to get reward points
2021-11-29 23:17:13.663  INFO 6224 --- [ol-13-thread-60] tourGuide.service.RewardsService         : ** Processing to get reward points
2021-11-29 23:17:13.663  INFO 6224 --- [ol-13-thread-57] tourGuide.service.RewardsService         : ** Processing to get reward points
2021-11-29 23:17:13.663  INFO 6224 --- [ol-13-thread-56] tourGuide.service.RewardsService         : ** Processing to get reward points
2021-11-29 23:17:13.662  INFO 6224 --- [ol-13-thread-61] tourGuide.service.RewardsService         : ** Processing to get reward points
2021-11-29 23:17:13.664  INFO 6224 --- [ol-13-thread-53] tourGuide.service.RewardsService         : ** Processing to get reward points
2021-11-29 23:17:13.664  INFO 6224 --- [ol-13-thread-52] tourGuide.service.RewardsService         : ** Processing to get reward points
2021-11-29 23:17:13.664  INFO 6224 --- [ol-13-thread-48] tourGuide.service.RewardsService         : ** Processing to get reward points
2021-11-29 23:17:13.665  INFO 6224 --- [ol-13-thread-49] tourGuide.service.RewardsService         : ** Processing to get reward points
2021-11-29 23:17:13.665  INFO 6224 --- [ol-13-thread-45] tourGuide.service.RewardsService         : ** Processing to get reward points
2021-11-29 23:17:13.666  INFO 6224 --- [ol-13-thread-41] tourGuide.service.RewardsService         : ** Processing to get reward points
2021-11-29 23:17:13.666  INFO 6224 --- [ol-13-thread-40] tourGuide.service.RewardsService         : ** Processing to get reward points
2021-11-29 23:17:13.666  INFO 6224 --- [ol-13-thread-37] tourGuide.service.RewardsService         : ** Processing to get reward points
2021-11-29 23:17:13.666  INFO 6224 --- [ol-13-thread-44] tourGuide.service.RewardsService         : ** Processing to get reward points
2021-11-29 23:17:13.667  INFO 6224 --- [ol-13-thread-36] tourGuide.service.RewardsService         : ** Processing to get reward points
2021-11-29 23:17:13.668  INFO 6224 --- [ol-13-thread-33] tourGuide.service.RewardsService         : ** Processing to get reward points
2021-11-29 23:17:13.668  INFO 6224 --- [ol-13-thread-29] tourGuide.service.RewardsService         : ** Processing to get reward points
2021-11-29 23:17:13.669  INFO 6224 --- [ol-13-thread-28] tourGuide.service.RewardsService         : ** Processing to get reward points
2021-11-29 23:17:13.668  INFO 6224 --- [ol-13-thread-32] tourGuide.service.RewardsService         : ** Processing to get reward points
2021-11-29 23:17:13.669  INFO 6224 --- [ol-13-thread-25] tourGuide.service.RewardsService         : ** Processing to get reward points
2021-11-29 23:17:13.673  INFO 6224 --- [ol-13-thread-24] tourGuide.service.RewardsService         : ** Processing to get reward points
2021-11-29 23:17:13.678  INFO 6224 --- [ol-13-thread-13] tourGuide.service.RewardsService         : ** Processing to get reward points
2021-11-29 23:17:13.743  INFO 6224 --- [ool-13-thread-1] tourGuide.service.RewardsService         : ** Processing to get reward points
2021-11-29 23:17:13.784  INFO 6224 --- [ool-13-thread-8] tourGuide.service.RewardsService         : ** Processing to get reward points
2021-11-29 23:17:13.785  INFO 6224 --- [ool-13-thread-4] tourGuide.service.RewardsService         : ** Processing to get reward points
2021-11-29 23:17:13.786  INFO 6224 --- [ol-13-thread-16] tourGuide.service.RewardsService         : ** Processing to get reward points
2021-11-29 23:17:13.787  INFO 6224 --- [l-13-thread-124] tourGuide.service.RewardsService         : ** Processing to get reward points
2021-11-29 23:17:14.689  INFO 6224 --- [ol-13-thread-37] tourGuide.service.RewardsService         : ** Processing to get reward points
2021-11-29 23:17:14.689  INFO 6224 --- [ol-13-thread-72] tourGuide.service.RewardsService         : ** Processing to get reward points
2021-11-29 23:17:14.689  INFO 6224 --- [ol-13-thread-41] tourGuide.service.RewardsService         : ** Processing to get reward points
2021-11-29 23:17:14.689  INFO 6224 --- [ol-13-thread-69] tourGuide.service.RewardsService         : ** Processing to get reward points
2021-11-29 23:17:14.689  INFO 6224 --- [ol-13-thread-64] tourGuide.service.RewardsService         : ** Processing to get reward points
2021-11-29 23:17:14.690  INFO 6224 --- [ol-13-thread-52] tourGuide.service.RewardsService         : ** Processing to get reward points
2021-11-29 23:17:14.691  INFO 6224 --- [ol-13-thread-32] tourGuide.service.RewardsService         : ** Processing to get reward points
2021-11-29 23:17:14.693  INFO 6224 --- [ol-13-thread-49] tourGuide.service.RewardsService         : ** Processing to get reward points
2021-11-29 23:17:14.712  INFO 6224 --- [ol-13-thread-28] tourGuide.service.RewardsService         : ** Processing to get reward points
2021-11-29 23:17:14.720  INFO 6224 --- [ol-13-thread-53] tourGuide.service.RewardsService         : ** Processing to get reward points
2021-11-29 23:17:14.724  INFO 6224 --- [ol-13-thread-77] tourGuide.service.RewardsService         : ** Processing to get reward points
2021-11-29 23:17:14.746  INFO 6224 --- [ol-13-thread-80] tourGuide.service.RewardsService         : ** Processing to get reward points
2021-11-29 23:17:14.797  INFO 6224 --- [ol-13-thread-33] tourGuide.service.RewardsService         : ** Processing to get reward points
2021-11-29 23:17:14.798  INFO 6224 --- [ol-13-thread-57] tourGuide.service.RewardsService         : ** Processing to get reward points
2021-11-29 23:17:14.811  INFO 6224 --- [ol-13-thread-73] tourGuide.service.RewardsService         : ** Processing to get reward points
2021-11-29 23:17:14.811  INFO 6224 --- [ol-13-thread-65] tourGuide.service.RewardsService         : ** Processing to get reward points
2021-11-29 23:17:14.813  INFO 6224 --- [ol-13-thread-36] tourGuide.service.RewardsService         : ** Processing to get reward points
2021-11-29 23:17:14.815  INFO 6224 --- [ol-13-thread-29] tourGuide.service.RewardsService         : ** Processing to get reward points
2021-11-29 23:17:14.797  INFO 6224 --- [ol-13-thread-45] tourGuide.service.RewardsService         : ** Processing to get reward points
2021-11-29 23:17:14.816  INFO 6224 --- [ol-13-thread-44] tourGuide.service.RewardsService         : ** Processing to get reward points
2021-11-29 23:17:14.816  INFO 6224 --- [ol-13-thread-48] tourGuide.service.RewardsService         : ** Processing to get reward points
2021-11-29 23:17:14.817  INFO 6224 --- [ol-13-thread-88] tourGuide.service.RewardsService         : ** Processing to get reward points
2021-11-29 23:17:14.817  INFO 6224 --- [ol-13-thread-25] tourGuide.service.RewardsService         : ** Processing to get reward points
2021-11-29 23:17:14.817  INFO 6224 --- [ol-13-thread-60] tourGuide.service.RewardsService         : ** Processing to get reward points
2021-11-29 23:17:14.818  INFO 6224 --- [ol-13-thread-24] tourGuide.service.RewardsService         : ** Processing to get reward points
2021-11-29 23:17:14.818  INFO 6224 --- [ol-13-thread-40] tourGuide.service.RewardsService         : ** Processing to get reward points
2021-11-29 23:17:14.818  INFO 6224 --- [ol-13-thread-76] tourGuide.service.RewardsService         : ** Processing to get reward points
2021-11-29 23:17:14.836  INFO 6224 --- [ol-13-thread-68] tourGuide.service.RewardsService         : ** Processing to get reward points
2021-11-29 23:17:14.841  INFO 6224 --- [l-13-thread-121] tourGuide.service.RewardsService         : ** Processing to get reward points
2021-11-29 23:17:14.841  INFO 6224 --- [l-13-thread-124] tourGuide.service.RewardsService         : ** Processing to get reward points
2021-11-29 23:17:14.852  INFO 6224 --- [ol-13-thread-61] tourGuide.service.RewardsService         : ** Processing to get reward points
2021-11-29 23:17:14.852  INFO 6224 --- [ol-13-thread-56] tourGuide.service.RewardsService         : ** Processing to get reward points
2021-11-29 23:17:14.855  INFO 6224 --- [ol-13-thread-81] tourGuide.service.RewardsService         : ** Processing to get reward points
2021-11-29 23:17:14.865  INFO 6224 --- [ol-13-thread-84] tourGuide.service.RewardsService         : ** Processing to get reward points
2021-11-29 23:17:15.761  INFO 6224 --- [ol-13-thread-64] tourGuide.service.RewardsService         : ** Processing to get reward points
2021-11-29 23:17:15.786  INFO 6224 --- [ol-13-thread-32] tourGuide.service.RewardsService         : ** Processing to get reward points
2021-11-29 23:17:15.786  INFO 6224 --- [ol-13-thread-72] tourGuide.service.RewardsService         : ** Processing to get reward points
2021-11-29 23:17:15.837  INFO 6224 --- [ol-13-thread-28] tourGuide.service.RewardsService         : ** Processing to get reward points
2021-11-29 23:17:15.837  INFO 6224 --- [ol-13-thread-53] tourGuide.service.RewardsService         : ** Processing to get reward points
2021-11-29 23:17:15.852  INFO 6224 --- [ol-13-thread-76] tourGuide.service.RewardsService         : ** Processing to get reward points
2021-11-29 23:17:15.852  INFO 6224 --- [ol-13-thread-37] tourGuide.service.RewardsService         : ** Processing to get reward points
2021-11-29 23:17:15.852  INFO 6224 --- [ol-13-thread-68] tourGuide.service.RewardsService         : ** Processing to get reward points
2021-11-29 23:17:15.856  INFO 6224 --- [ol-13-thread-69] tourGuide.service.RewardsService         : ** Processing to get reward points
2021-11-29 23:17:15.878  INFO 6224 --- [l-13-thread-191] tourGuide.service.RewardsService         : ** Processing to get reward points
2021-11-29 23:17:15.878  INFO 6224 --- [l-13-thread-170] tourGuide.service.RewardsService         : ** Processing to get reward points
2021-11-29 23:17:15.879  INFO 6224 --- [ol-13-thread-49] tourGuide.service.RewardsService         : ** Processing to get reward points
2021-11-29 23:17:15.882  INFO 6224 --- [l-13-thread-151] tourGuide.service.RewardsService         : ** Processing to get reward points
2021-11-29 23:17:15.883  INFO 6224 --- [ol-13-thread-21] tourGuide.service.RewardsService         : ** Processing to get reward points
2021-11-29 23:17:15.892  INFO 6224 --- [l-13-thread-198] tourGuide.service.RewardsService         : ** Processing to get reward points
2021-11-29 23:17:15.893  INFO 6224 --- [l-13-thread-159] tourGuide.service.RewardsService         : ** Processing to get reward points
2021-11-29 23:17:15.894  INFO 6224 --- [ol-13-thread-20] tourGuide.service.RewardsService         : ** Processing to get reward points
2021-11-29 23:17:15.894  INFO 6224 --- [ol-13-thread-99] tourGuide.service.RewardsService         : ** Processing to get reward points
2021-11-29 23:17:15.896  INFO 6224 --- [l-13-thread-163] tourGuide.service.RewardsService         : ** Processing to get reward points
2021-11-29 23:17:15.898  INFO 6224 --- [l-13-thread-174] tourGuide.service.RewardsService         : ** Processing to get reward points
2021-11-29 23:17:15.907  INFO 6224 --- [ool-13-thread-9] tourGuide.service.RewardsService         : ** Processing to get reward points
2021-11-29 23:17:15.907  INFO 6224 --- [ol-13-thread-12] tourGuide.service.RewardsService         : ** Processing to get reward points
2021-11-29 23:17:15.919  INFO 6224 --- [ool-13-thread-5] tourGuide.service.RewardsService         : ** Processing to get reward points
2021-11-29 23:17:15.919  INFO 6224 --- [ol-13-thread-17] tourGuide.service.RewardsService         : ** Processing to get reward points
2021-11-29 23:17:15.924  INFO 6224 --- [l-13-thread-199] tourGuide.service.RewardsService         : ** Processing to get reward points
2021-11-29 23:17:15.925  INFO 6224 --- [l-13-thread-178] tourGuide.service.RewardsService         : ** Processing to get reward points
2021-11-29 23:17:15.927  INFO 6224 --- [l-13-thread-190] tourGuide.service.RewardsService         : ** Processing to get reward points
2021-11-29 23:17:15.931  INFO 6224 --- [l-13-thread-154] tourGuide.service.RewardsService         : ** Processing to get reward points
2021-11-29 23:17:15.931  INFO 6224 --- [l-13-thread-194] tourGuide.service.RewardsService         : ** Processing to get reward points
2021-11-29 23:17:15.943  INFO 6224 --- [l-13-thread-142] tourGuide.service.RewardsService         : ** Processing to get reward points
2021-11-29 23:17:15.960  INFO 6224 --- [ol-13-thread-90] tourGuide.service.RewardsService         : ** Processing to get reward points
2021-11-29 23:17:15.964  INFO 6224 --- [ol-13-thread-54] tourGuide.service.RewardsService         : ** Processing to get reward points
2021-11-29 23:17:15.967  INFO 6224 --- [l-13-thread-162] tourGuide.service.RewardsService         : ** Processing to get reward points
2021-11-29 23:17:16.084  INFO 6224 --- [l-13-thread-102] tourGuide.service.RewardsService         : ** Processing to get reward points
2021-11-29 23:17:16.118  INFO 6224 --- [ol-13-thread-30] tourGuide.service.RewardsService         : ** Processing to get reward points
2021-11-29 23:17:16.126  INFO 6224 --- [l-13-thread-130] tourGuide.service.RewardsService         : ** Processing to get reward points
2021-11-29 23:17:16.127  INFO 6224 --- [l-13-thread-175] tourGuide.service.RewardsService         : ** Processing to get reward points
2021-11-29 23:17:16.128  INFO 6224 --- [l-13-thread-171] tourGuide.service.RewardsService         : ** Processing to get reward points
2021-11-29 23:17:16.129  INFO 6224 --- [l-13-thread-106] tourGuide.service.RewardsService         : ** Processing to get reward points
2021-11-29 23:17:16.142  INFO 6224 --- [l-13-thread-111] tourGuide.service.RewardsService         : ** Processing to get reward points
2021-11-29 23:17:16.171  INFO 6224 --- [l-13-thread-182] tourGuide.service.RewardsService         : ** Processing to get reward points
2021-11-29 23:17:16.226  INFO 6224 --- [l-13-thread-118] tourGuide.service.RewardsService         : ** Processing to get reward points
2021-11-29 23:17:16.259  INFO 6224 --- [l-13-thread-123] tourGuide.service.RewardsService         : ** Processing to get reward points
2021-11-29 23:17:16.261  INFO 6224 --- [l-13-thread-135] tourGuide.service.RewardsService         : ** Processing to get reward points
2021-11-29 23:17:16.264  INFO 6224 --- [l-13-thread-114] tourGuide.service.RewardsService         : ** Processing to get reward points
2021-11-29 23:17:16.270  INFO 6224 --- [l-13-thread-127] tourGuide.service.RewardsService         : ** Processing to get reward points
2021-11-29 23:17:16.285  INFO 6224 --- [ol-13-thread-98] tourGuide.service.RewardsService         : ** Processing to get reward points
2021-11-29 23:17:16.290  INFO 6224 --- [l-13-thread-138] tourGuide.service.RewardsService         : ** Processing to get reward points
2021-11-29 23:17:16.295  INFO 6224 --- [ool-13-thread-1] tourGuide.service.RewardsService         : ** Processing to get reward points
2021-11-29 23:17:16.302  INFO 6224 --- [l-13-thread-131] tourGuide.service.RewardsService         : ** Processing to get reward points
2021-11-29 23:17:16.315  INFO 6224 --- [ool-13-thread-9] tourGuide.service.RewardsService         : ** Processing to get reward points
2021-11-29 23:17:16.318  INFO 6224 --- [l-13-thread-103] tourGuide.service.RewardsService         : ** Processing to get reward points
2021-11-29 23:17:16.320  INFO 6224 --- [l-13-thread-198] tourGuide.service.RewardsService         : ** Processing to get reward points
2021-11-29 23:17:16.339  INFO 6224 --- [l-13-thread-166] tourGuide.service.RewardsService         : ** Processing to get reward points
2021-11-29 23:17:16.376  INFO 6224 --- [ol-13-thread-94] tourGuide.service.RewardsService         : ** Processing to get reward points
2021-11-29 23:17:16.403  INFO 6224 --- [l-13-thread-121] tourGuide.service.RewardsService         : ** Processing to get reward points
2021-11-29 23:17:16.444  INFO 6224 --- [l-13-thread-162] tourGuide.service.RewardsService         : ** Processing to get reward points
2021-11-29 23:17:16.469  INFO 6224 --- [ol-13-thread-42] tourGuide.service.RewardsService         : ** Processing to get reward points
2021-11-29 23:17:16.472  INFO 6224 --- [l-13-thread-186] tourGuide.service.RewardsService         : ** Processing to get reward points
2021-11-29 23:17:16.478  INFO 6224 --- [ol-13-thread-56] tourGuide.service.RewardsService         : ** Processing to get reward points
2021-11-29 23:17:16.487  INFO 6224 --- [ol-13-thread-87] tourGuide.service.RewardsService         : ** Processing to get reward points
2021-11-29 23:17:16.487  INFO 6224 --- [ol-13-thread-14] tourGuide.service.RewardsService         : ** Processing to get reward points
2021-11-29 23:17:16.493  INFO 6224 --- [l-13-thread-165] tourGuide.service.RewardsService         : ** Processing to get reward points
2021-11-29 23:17:16.495  INFO 6224 --- [ol-13-thread-75] tourGuide.service.RewardsService         : ** Processing to get reward points
2021-11-29 23:17:16.505  INFO 6224 --- [ol-13-thread-99] tourGuide.service.RewardsService         : ** Processing to get reward points
2021-11-29 23:17:16.507  INFO 6224 --- [ol-13-thread-39] tourGuide.service.RewardsService         : ** Processing to get reward points
2021-11-29 23:17:17.362  INFO 6224 --- [ool-13-thread-5] tourGuide.service.RewardsService         : ** Processing to get reward points
2021-11-29 23:17:17.363  INFO 6224 --- [ol-13-thread-20] tourGuide.service.RewardsService         : ** Processing to get reward points
2021-11-29 23:17:17.379  INFO 6224 --- [l-13-thread-164] tourGuide.service.RewardsService         : ** Processing to get reward points
2021-11-29 23:17:17.388  INFO 6224 --- [ol-13-thread-15] tourGuide.service.RewardsService         : ** Processing to get reward points
2021-11-29 23:17:17.402  INFO 6224 --- [ol-13-thread-11] tourGuide.service.RewardsService         : ** Processing to get reward points
2021-11-29 23:17:17.408  INFO 6224 --- [ol-13-thread-49] tourGuide.service.RewardsService         : ** Processing to get reward points
2021-11-29 23:17:17.407  INFO 6224 --- [ol-13-thread-96] tourGuide.service.RewardsService         : ** Processing to get reward points
2021-11-29 23:17:17.411  INFO 6224 --- [l-13-thread-197] tourGuide.service.RewardsService         : ** Processing to get reward points
2021-11-29 23:17:17.411  INFO 6224 --- [ool-13-thread-8] tourGuide.service.RewardsService         : ** Processing to get reward points
2021-11-29 23:17:17.413  INFO 6224 --- [l-13-thread-163] tourGuide.service.RewardsService         : ** Processing to get reward points
2021-11-29 23:17:17.416  INFO 6224 --- [ool-13-thread-6] tourGuide.service.RewardsService         : ** Processing to get reward points
2021-11-29 23:17:17.416  INFO 6224 --- [l-13-thread-169] tourGuide.service.RewardsService         : ** Processing to get reward points
2021-11-29 23:17:17.419  INFO 6224 --- [l-13-thread-152] tourGuide.service.RewardsService         : ** Processing to get reward points
2021-11-29 23:17:17.424  INFO 6224 --- [l-13-thread-141] tourGuide.service.RewardsService         : ** Processing to get reward points
2021-11-29 23:17:17.430  INFO 6224 --- [ool-13-thread-9] tourGuide.service.RewardsService         : ** Processing to get reward points
2021-11-29 23:17:17.438  INFO 6224 --- [ol-13-thread-70] tourGuide.service.RewardsService         : ** Processing to get reward points
2021-11-29 23:17:17.440  INFO 6224 --- [ol-13-thread-50] tourGuide.service.RewardsService         : ** Processing to get reward points
2021-11-29 23:17:17.441  INFO 6224 --- [ool-13-thread-3] tourGuide.service.RewardsService         : ** Processing to get reward points
2021-11-29 23:17:17.438  INFO 6224 --- [l-13-thread-122] tourGuide.service.RewardsService         : ** Processing to get reward points
2021-11-29 23:17:17.440  INFO 6224 --- [ol-13-thread-64] tourGuide.service.RewardsService         : ** Processing to get reward points
2021-11-29 23:17:17.443  INFO 6224 --- [ol-13-thread-62] tourGuide.service.RewardsService         : ** Processing to get reward points
2021-11-29 23:17:17.449  INFO 6224 --- [ol-13-thread-46] tourGuide.service.RewardsService         : ** Processing to get reward points
2021-11-29 23:17:17.474  INFO 6224 --- [ol-13-thread-39] tourGuide.service.RewardsService         : ** Processing to get reward points
2021-11-29 23:17:17.488  INFO 6224 --- [l-13-thread-183] tourGuide.service.RewardsService         : ** Processing to get reward points
2021-11-29 23:17:17.501  INFO 6224 --- [ol-13-thread-63] tourGuide.service.RewardsService         : ** Processing to get reward points
2021-11-29 23:17:17.507  INFO 6224 --- [ol-13-thread-99] tourGuide.service.RewardsService         : ** Processing to get reward points
2021-11-29 23:17:17.508  INFO 6224 --- [l-13-thread-191] tourGuide.service.RewardsService         : ** Processing to get reward points
2021-11-29 23:17:17.511  INFO 6224 --- [l-13-thread-187] tourGuide.service.RewardsService         : ** Processing to get reward points
2021-11-29 23:17:17.518  INFO 6224 --- [l-13-thread-193] tourGuide.service.RewardsService         : ** Processing to get reward points
2021-11-29 23:17:17.519  INFO 6224 --- [l-13-thread-121] tourGuide.service.RewardsService         : ** Processing to get reward points
2021-11-29 23:17:17.519  INFO 6224 --- [ol-13-thread-53] tourGuide.service.RewardsService         : ** Processing to get reward points
2021-11-29 23:17:17.529  INFO 6224 --- [ol-13-thread-17] tourGuide.service.RewardsService         : ** Processing to get reward points
2021-11-29 23:17:17.529  INFO 6224 --- [ol-13-thread-71] tourGuide.service.RewardsService         : ** Processing to get reward points
2021-11-29 23:17:17.549  INFO 6224 --- [ol-13-thread-26] tourGuide.service.RewardsService         : ** Processing to get reward points
2021-11-29 23:17:17.554  INFO 6224 --- [ol-13-thread-52] tourGuide.service.RewardsService         : ** Processing to get reward points
2021-11-29 23:17:17.568  INFO 6224 --- [l-13-thread-119] tourGuide.service.RewardsService         : ** Processing to get reward points
2021-11-29 23:17:17.568  INFO 6224 --- [ol-13-thread-85] tourGuide.service.RewardsService         : ** Processing to get reward points
2021-11-29 23:17:17.603  INFO 6224 --- [ool-13-thread-4] tourGuide.service.RewardsService         : ** Processing to get reward points
2021-11-29 23:17:17.610  INFO 6224 --- [ol-13-thread-79] tourGuide.service.RewardsService         : ** Processing to get reward points
2021-11-29 23:17:17.630  INFO 6224 --- [ol-13-thread-31] tourGuide.service.RewardsService         : ** Processing to get reward points
2021-11-29 23:17:17.652  INFO 6224 --- [ol-13-thread-92] tourGuide.service.RewardsService         : ** Processing to get reward points
2021-11-29 23:17:17.661  INFO 6224 --- [ol-13-thread-82] tourGuide.service.RewardsService         : ** Processing to get reward points
2021-11-29 23:17:17.661  INFO 6224 --- [l-13-thread-139] tourGuide.service.RewardsService         : ** Processing to get reward points
2021-11-29 23:17:17.663  INFO 6224 --- [ol-13-thread-74] tourGuide.service.RewardsService         : ** Processing to get reward points
2021-11-29 23:17:17.670  INFO 6224 --- [l-13-thread-166] tourGuide.service.RewardsService         : ** Processing to get reward points
2021-11-29 23:17:17.674  INFO 6224 --- [ol-13-thread-75] tourGuide.service.RewardsService         : ** Processing to get reward points
2021-11-29 23:17:17.678  INFO 6224 --- [l-13-thread-150] tourGuide.service.RewardsService         : ** Processing to get reward points
2021-11-29 23:17:17.681  INFO 6224 --- [l-13-thread-126] tourGuide.service.RewardsService         : ** Processing to get reward points
2021-11-29 23:17:17.684  INFO 6224 --- [l-13-thread-155] tourGuide.service.RewardsService         : ** Processing to get reward points
2021-11-29 23:17:17.688  INFO 6224 --- [l-13-thread-158] tourGuide.service.RewardsService         : ** Processing to get reward points
2021-11-29 23:17:17.691  INFO 6224 --- [l-13-thread-124] tourGuide.service.RewardsService         : ** Processing to get reward points
2021-11-29 23:17:17.718  INFO 6224 --- [l-13-thread-179] tourGuide.service.RewardsService         : ** Processing to get reward points
2021-11-29 23:17:17.718  INFO 6224 --- [l-13-thread-185] tourGuide.service.RewardsService         : ** Processing to get reward points
2021-11-29 23:17:17.727  INFO 6224 --- [l-13-thread-105] tourGuide.service.RewardsService         : ** Processing to get reward points
2021-11-29 23:17:17.730  INFO 6224 --- [l-13-thread-116] tourGuide.service.RewardsService         : ** Processing to get reward points
2021-11-29 23:17:17.732  INFO 6224 --- [ol-13-thread-22] tourGuide.service.RewardsService         : ** Processing to get reward points
2021-11-29 23:17:17.735  INFO 6224 --- [ol-13-thread-16] tourGuide.service.RewardsService         : ** Processing to get reward points
2021-11-29 23:17:17.740  INFO 6224 --- [l-13-thread-134] tourGuide.service.RewardsService         : ** Processing to get reward points
2021-11-29 23:17:17.744  INFO 6224 --- [ol-13-thread-95] tourGuide.service.RewardsService         : ** Processing to get reward points
2021-11-29 23:17:17.745  INFO 6224 --- [ol-13-thread-23] tourGuide.service.RewardsService         : ** Processing to get reward points
2021-11-29 23:17:17.748  INFO 6224 --- [l-13-thread-180] tourGuide.service.RewardsService         : ** Processing to get reward points
2021-11-29 23:17:17.748  INFO 6224 --- [l-13-thread-143] tourGuide.service.RewardsService         : ** Processing to get reward points
2021-11-29 23:17:17.750  INFO 6224 --- [l-13-thread-167] tourGuide.service.RewardsService         : ** Processing to get reward points
2021-11-29 23:17:17.752  INFO 6224 --- [ol-13-thread-51] tourGuide.service.RewardsService         : ** Processing to get reward points
2021-11-29 23:17:17.757  INFO 6224 --- [l-13-thread-115] tourGuide.service.RewardsService         : ** Processing to get reward points
2021-11-29 23:17:17.757  INFO 6224 --- [ol-13-thread-91] tourGuide.service.RewardsService         : ** Processing to get reward points
2021-11-29 23:17:17.758  INFO 6224 --- [ol-13-thread-43] tourGuide.service.RewardsService         : ** Processing to get reward points
2021-11-29 23:17:17.759  INFO 6224 --- [l-13-thread-107] tourGuide.service.RewardsService         : ** Processing to get reward points
2021-11-29 23:17:17.762  INFO 6224 --- [ol-13-thread-47] tourGuide.service.RewardsService         : ** Processing to get reward points
2021-11-29 23:17:17.778  INFO 6224 --- [ool-13-thread-7] tourGuide.service.RewardsService         : ** Processing to get reward points
2021-11-29 23:17:17.843  INFO 6224 --- [l-13-thread-129] tourGuide.service.RewardsService         : ** Processing to get reward points
2021-11-29 23:17:17.936  INFO 6224 --- [ol-13-thread-54] tourGuide.service.RewardsService         : ** Processing to get reward points
2021-11-29 23:17:17.947  INFO 6224 --- [l-13-thread-112] tourGuide.service.RewardsService         : ** Processing to get reward points
2021-11-29 23:17:17.970  INFO 6224 --- [l-13-thread-142] tourGuide.service.RewardsService         : ** Processing to get reward points
2021-11-29 23:17:18.071  INFO 6224 --- [ol-13-thread-10] tourGuide.service.RewardsService         : ** Processing to get reward points
2021-11-29 23:17:18.168  INFO 6224 --- [l-13-thread-190] tourGuide.service.RewardsService         : ** Processing to get reward points
2021-11-29 23:17:18.178  INFO 6224 --- [l-13-thread-148] tourGuide.service.RewardsService         : ** Processing to get reward points
2021-11-29 23:17:18.211  INFO 6224 --- [ol-13-thread-67] tourGuide.service.RewardsService         : ** Processing to get reward points
2021-11-29 23:17:18.213  INFO 6224 --- [ol-13-thread-58] tourGuide.service.RewardsService         : ** Processing to get reward points
2021-11-29 23:17:18.222  INFO 6224 --- [l-13-thread-149] tourGuide.service.RewardsService         : ** Processing to get reward points
2021-11-29 23:17:18.223  INFO 6224 --- [l-13-thread-181] tourGuide.service.RewardsService         : ** Processing to get reward points
2021-11-29 23:17:18.224  INFO 6224 --- [l-13-thread-186] tourGuide.service.RewardsService         : ** Processing to get reward points
2021-11-29 23:17:18.224  INFO 6224 --- [l-13-thread-147] tourGuide.service.RewardsService         : ** Processing to get reward points
2021-11-29 23:17:18.225  INFO 6224 --- [l-13-thread-133] tourGuide.service.RewardsService         : ** Processing to get reward points
2021-11-29 23:17:18.226  INFO 6224 --- [l-13-thread-118] tourGuide.service.RewardsService         : ** Processing to get reward points
2021-11-29 23:17:18.230  INFO 6224 --- [l-13-thread-175] tourGuide.service.RewardsService         : ** Processing to get reward points
2021-11-29 23:17:18.232  INFO 6224 --- [ol-13-thread-53] tourGuide.service.RewardsService         : ** Processing to get reward points
2021-11-29 23:17:18.238  INFO 6224 --- [ol-13-thread-74] tourGuide.service.RewardsService         : ** Processing to get reward points
2021-11-29 23:17:18.243  INFO 6224 --- [ol-13-thread-66] tourGuide.service.RewardsService         : ** Processing to get reward points
2021-11-29 23:17:18.254  INFO 6224 --- [ol-13-thread-83] tourGuide.service.RewardsService         : ** Processing to get reward points
2021-11-29 23:17:18.260  INFO 6224 --- [l-13-thread-177] tourGuide.service.RewardsService         : ** Processing to get reward points
2021-11-29 23:17:18.278  INFO 6224 --- [l-13-thread-155] tourGuide.service.RewardsService         : ** Processing to get reward points
2021-11-29 23:17:18.299  INFO 6224 --- [l-13-thread-145] tourGuide.service.RewardsService         : ** Processing to get reward points
2021-11-29 23:17:18.321  INFO 6224 --- [ol-13-thread-64] tourGuide.service.RewardsService         : ** Processing to get reward points
2021-11-29 23:17:18.361  INFO 6224 --- [l-13-thread-138] tourGuide.service.RewardsService         : ** Processing to get reward points
2021-11-29 23:17:18.383  INFO 6224 --- [l-13-thread-165] tourGuide.service.RewardsService         : ** Processing to get reward points
2021-11-29 23:17:18.452  INFO 6224 --- [ol-13-thread-13] tourGuide.service.RewardsService         : ** Processing to get reward points
2021-11-29 23:17:18.470  INFO 6224 --- [ol-13-thread-86] tourGuide.service.RewardsService         : ** Processing to get reward points
2021-11-29 23:17:18.472  INFO 6224 --- [ol-13-thread-55] tourGuide.service.RewardsService         : ** Processing to get reward points
2021-11-29 23:17:18.475  INFO 6224 --- [ol-13-thread-14] tourGuide.service.RewardsService         : ** Processing to get reward points
2021-11-29 23:17:18.492  INFO 6224 --- [l-13-thread-139] tourGuide.service.RewardsService         : ** Processing to get reward points
2021-11-29 23:17:18.494  INFO 6224 --- [l-13-thread-154] tourGuide.service.RewardsService         : ** Processing to get reward points
2021-11-29 23:17:18.495  INFO 6224 --- [l-13-thread-200] tourGuide.service.RewardsService         : ** Processing to get reward points
2021-11-29 23:17:18.496  INFO 6224 --- [l-13-thread-123] tourGuide.service.RewardsService         : ** Processing to get reward points
2021-11-29 23:17:18.500  INFO 6224 --- [l-13-thread-124] tourGuide.service.RewardsService         : ** Processing to get reward points
2021-11-29 23:17:18.501  INFO 6224 --- [l-13-thread-121] tourGuide.service.RewardsService         : ** Processing to get reward points
2021-11-29 23:17:18.510  INFO 6224 --- [l-13-thread-184] tourGuide.service.RewardsService         : ** Processing to get reward points
2021-11-29 23:17:18.519  INFO 6224 --- [l-13-thread-190] tourGuide.service.RewardsService         : ** Processing to get reward points
2021-11-29 23:17:18.523  INFO 6224 --- [l-13-thread-173] tourGuide.service.RewardsService         : ** Processing to get reward points
2021-11-29 23:17:18.535  INFO 6224 --- [ol-13-thread-25] tourGuide.service.RewardsService         : ** Processing to get reward points
2021-11-29 23:17:18.536  INFO 6224 --- [l-13-thread-113] tourGuide.service.RewardsService         : ** Processing to get reward points
2021-11-29 23:17:18.567  INFO 6224 --- [ol-13-thread-71] tourGuide.service.RewardsService         : ** Processing to get reward points
2021-11-29 23:17:18.573  INFO 6224 --- [ol-13-thread-75] tourGuide.service.RewardsService         : ** Processing to get reward points
2021-11-29 23:17:18.573  INFO 6224 --- [ol-13-thread-33] tourGuide.service.RewardsService         : ** Processing to get reward points
2021-11-29 23:17:18.575  INFO 6224 --- [ol-13-thread-29] tourGuide.service.RewardsService         : ** Processing to get reward points
2021-11-29 23:17:18.597  INFO 6224 --- [l-13-thread-178] tourGuide.service.RewardsService         : ** Processing to get reward points
2021-11-29 23:17:18.600  INFO 6224 --- [ol-13-thread-73] tourGuide.service.RewardsService         : ** Processing to get reward points
2021-11-29 23:17:18.600  INFO 6224 --- [l-13-thread-155] tourGuide.service.RewardsService         : ** Processing to get reward points
2021-11-29 23:17:18.601  INFO 6224 --- [l-13-thread-101] tourGuide.service.RewardsService         : ** Processing to get reward points
2021-11-29 23:17:18.601  INFO 6224 --- [l-13-thread-154] tourGuide.service.RewardsService         : ** Processing to get reward points
2021-11-29 23:17:18.602  INFO 6224 --- [l-13-thread-136] tourGuide.service.RewardsService         : ** Processing to get reward points
2021-11-29 23:17:18.707  INFO 6224 --- [l-13-thread-196] tourGuide.service.RewardsService         : ** Processing to get reward points
2021-11-29 23:17:18.708  INFO 6224 --- [l-13-thread-188] tourGuide.service.RewardsService         : ** Processing to get reward points
2021-11-29 23:17:18.709  INFO 6224 --- [ol-13-thread-82] tourGuide.service.RewardsService         : ** Processing to get reward points
2021-11-29 23:17:18.710  INFO 6224 --- [l-13-thread-182] tourGuide.service.RewardsService         : ** Processing to get reward points
2021-11-29 23:17:18.711  INFO 6224 --- [ol-13-thread-76] tourGuide.service.RewardsService         : ** Processing to get reward points
2021-11-29 23:17:18.712  INFO 6224 --- [l-13-thread-109] tourGuide.service.RewardsService         : ** Processing to get reward points
2021-11-29 23:17:18.714  INFO 6224 --- [ol-13-thread-38] tourGuide.service.RewardsService         : ** Processing to get reward points
2021-11-29 23:17:18.714  INFO 6224 --- [ool-13-thread-2] tourGuide.service.RewardsService         : ** Processing to get reward points
2021-11-29 23:17:18.714  INFO 6224 --- [ol-13-thread-86] tourGuide.service.RewardsService         : ** Processing to get reward points
2021-11-29 23:17:18.718  INFO 6224 --- [ol-13-thread-25] tourGuide.service.RewardsService         : ** Processing to get reward points
2021-11-29 23:17:18.723  INFO 6224 --- [l-13-thread-128] tourGuide.service.RewardsService         : ** Processing to get reward points
2021-11-29 23:17:18.730  INFO 6224 --- [ol-13-thread-57] tourGuide.service.RewardsService         : ** Processing to get reward points
2021-11-29 23:17:18.742  INFO 6224 --- [ol-13-thread-35] tourGuide.service.RewardsService         : ** Processing to get reward points
2021-11-29 23:17:18.745  INFO 6224 --- [l-13-thread-140] tourGuide.service.RewardsService         : ** Processing to get reward points
2021-11-29 23:17:18.746  INFO 6224 --- [ol-13-thread-59] tourGuide.service.RewardsService         : ** Processing to get reward points
2021-11-29 23:17:18.746  INFO 6224 --- [ol-13-thread-97] tourGuide.service.RewardsService         : ** Processing to get reward points
2021-11-29 23:17:18.752  INFO 6224 --- [ol-13-thread-99] tourGuide.service.RewardsService         : ** Processing to get reward points
2021-11-29 23:17:18.755  INFO 6224 --- [l-13-thread-145] tourGuide.service.RewardsService         : ** Processing to get reward points
2021-11-29 23:17:18.759  INFO 6224 --- [l-13-thread-129] tourGuide.service.RewardsService         : ** Processing to get reward points
2021-11-29 23:17:18.764  INFO 6224 --- [l-13-thread-160] tourGuide.service.RewardsService         : ** Processing to get reward points
2021-11-29 23:17:18.767  INFO 6224 --- [ol-13-thread-75] tourGuide.service.RewardsService         : ** Processing to get reward points
2021-11-29 23:17:18.771  INFO 6224 --- [l-13-thread-104] tourGuide.service.RewardsService         : ** Processing to get reward points
2021-11-29 23:17:18.771  INFO 6224 --- [l-13-thread-126] tourGuide.service.RewardsService         : ** Processing to get reward points
2021-11-29 23:17:18.771  INFO 6224 --- [l-13-thread-171] tourGuide.service.RewardsService         : ** Processing to get reward points
2021-11-29 23:17:18.776  INFO 6224 --- [l-13-thread-110] tourGuide.service.RewardsService         : ** Processing to get reward points
2021-11-29 23:17:18.791  INFO 6224 --- [ool-13-thread-6] tourGuide.service.RewardsService         : ** Processing to get reward points
2021-11-29 23:17:18.799  INFO 6224 --- [ol-13-thread-69] tourGuide.service.RewardsService         : ** Processing to get reward points
2021-11-29 23:17:18.806  INFO 6224 --- [l-13-thread-106] tourGuide.service.RewardsService         : ** Processing to get reward points
2021-11-29 23:17:18.810  INFO 6224 --- [l-13-thread-124] tourGuide.service.RewardsService         : ** Processing to get reward points
2021-11-29 23:17:18.811  INFO 6224 --- [l-13-thread-161] tourGuide.service.RewardsService         : ** Processing to get reward points
2021-11-29 23:17:18.823  INFO 6224 --- [ol-13-thread-94] tourGuide.service.RewardsService         : ** Processing to get reward points
2021-11-29 23:17:18.828  INFO 6224 --- [ool-13-thread-3] tourGuide.service.RewardsService         : ** Processing to get reward points
2021-11-29 23:17:18.829  INFO 6224 --- [l-13-thread-144] tourGuide.service.RewardsService         : ** Processing to get reward points
2021-11-29 23:17:18.834  INFO 6224 --- [ol-13-thread-81] tourGuide.service.RewardsService         : ** Processing to get reward points
2021-11-29 23:17:18.835  INFO 6224 --- [l-13-thread-135] tourGuide.service.RewardsService         : ** Processing to get reward points
2021-11-29 23:17:18.835  INFO 6224 --- [ol-13-thread-19] tourGuide.service.RewardsService         : ** Processing to get reward points
2021-11-29 23:17:18.838  INFO 6224 --- [ol-13-thread-18] tourGuide.service.RewardsService         : ** Processing to get reward points
2021-11-29 23:17:18.896  INFO 6224 --- [l-13-thread-174] tourGuide.service.RewardsService         : ** Processing to get reward points
2021-11-29 23:17:18.896  INFO 6224 --- [l-13-thread-164] tourGuide.service.RewardsService         : ** Processing to get reward points
2021-11-29 23:17:18.896  INFO 6224 --- [ol-13-thread-79] tourGuide.service.RewardsService         : ** Processing to get reward points
2021-11-29 23:17:18.896  INFO 6224 --- [ol-13-thread-77] tourGuide.service.RewardsService         : ** Processing to get reward points
2021-11-29 23:17:18.896  INFO 6224 --- [l-13-thread-103] tourGuide.service.RewardsService         : ** Processing to get reward points
2021-11-29 23:17:18.896  INFO 6224 --- [l-13-thread-192] tourGuide.service.RewardsService         : ** Processing to get reward points
2021-11-29 23:17:18.896  INFO 6224 --- [ol-13-thread-78] tourGuide.service.RewardsService         : ** Processing to get reward points
2021-11-29 23:17:18.897  INFO 6224 --- [l-13-thread-131] tourGuide.service.RewardsService         : ** Processing to get reward points
2021-11-29 23:17:18.897  INFO 6224 --- [ol-13-thread-22] tourGuide.service.RewardsService         : ** Processing to get reward points
2021-11-29 23:17:18.897  INFO 6224 --- [l-13-thread-198] tourGuide.service.RewardsService         : ** Processing to get reward points
2021-11-29 23:17:18.897  INFO 6224 --- [l-13-thread-163] tourGuide.service.RewardsService         : ** Processing to get reward points
2021-11-29 23:17:18.897  INFO 6224 --- [ol-13-thread-56] tourGuide.service.RewardsService         : ** Processing to get reward points
2021-11-29 23:17:18.898  INFO 6224 --- [l-13-thread-116] tourGuide.service.RewardsService         : ** Processing to get reward points
2021-11-29 23:17:18.899  INFO 6224 --- [ol-13-thread-16] tourGuide.service.RewardsService         : ** Processing to get reward points
2021-11-29 23:17:18.899  INFO 6224 --- [l-13-thread-105] tourGuide.service.RewardsService         : ** Processing to get reward points
2021-11-29 23:17:18.900  INFO 6224 --- [ol-13-thread-87] tourGuide.service.RewardsService         : ** Processing to get reward points
2021-11-29 23:17:18.899  INFO 6224 --- [ol-13-thread-46] tourGuide.service.RewardsService         : ** Processing to get reward points
2021-11-29 23:17:18.899  INFO 6224 --- [ol-13-thread-48] tourGuide.service.RewardsService         : ** Processing to get reward points
2021-11-29 23:17:18.900  INFO 6224 --- [ol-13-thread-17] tourGuide.service.RewardsService         : ** Processing to get reward points
2021-11-29 23:17:18.900  INFO 6224 --- [ol-13-thread-24] tourGuide.service.RewardsService         : ** Processing to get reward points
2021-11-29 23:17:18.900  INFO 6224 --- [l-13-thread-197] tourGuide.service.RewardsService         : ** Processing to get reward points
2021-11-29 23:17:18.901  INFO 6224 --- [ol-13-thread-54] tourGuide.service.RewardsService         : ** Processing to get reward points
2021-11-29 23:17:18.901  INFO 6224 --- [ol-13-thread-83] tourGuide.service.RewardsService         : ** Processing to get reward points
2021-11-29 23:17:18.901  INFO 6224 --- [l-13-thread-179] tourGuide.service.RewardsService         : ** Processing to get reward points
2021-11-29 23:17:18.901  INFO 6224 --- [ol-13-thread-45] tourGuide.service.RewardsService         : ** Processing to get reward points
2021-11-29 23:17:18.901  INFO 6224 --- [l-13-thread-176] tourGuide.service.RewardsService         : ** Processing to get reward points
2021-11-29 23:17:18.901  INFO 6224 --- [ol-13-thread-80] tourGuide.service.RewardsService         : ** Processing to get reward points
2021-11-29 23:17:18.902  INFO 6224 --- [ol-13-thread-98] tourGuide.service.RewardsService         : ** Processing to get reward points
2021-11-29 23:17:18.902  INFO 6224 --- [l-13-thread-122] tourGuide.service.RewardsService         : ** Processing to get reward points
2021-11-29 23:17:18.905  INFO 6224 --- [ol-13-thread-69] tourGuide.service.RewardsService         : ** Processing to get reward points
2021-11-29 23:17:18.926  INFO 6224 --- [ol-13-thread-30] tourGuide.service.RewardsService         : ** Processing to get reward points
2021-11-29 23:17:18.926  INFO 6224 --- [l-13-thread-172] tourGuide.service.RewardsService         : ** Processing to get reward points
2021-11-29 23:17:18.926  INFO 6224 --- [l-13-thread-165] tourGuide.service.RewardsService         : ** Processing to get reward points
2021-11-29 23:17:18.927  INFO 6224 --- [l-13-thread-119] tourGuide.service.RewardsService         : ** Processing to get reward points
2021-11-29 23:17:18.927  INFO 6224 --- [ol-13-thread-23] tourGuide.service.RewardsService         : ** Processing to get reward points
2021-11-29 23:17:18.929  INFO 6224 --- [ol-13-thread-72] tourGuide.service.RewardsService         : ** Processing to get reward points
2021-11-29 23:17:18.934  INFO 6224 --- [ol-13-thread-26] tourGuide.service.RewardsService         : ** Processing to get reward points
2021-11-29 23:17:18.934  INFO 6224 --- [ol-13-thread-21] tourGuide.service.RewardsService         : ** Processing to get reward points
2021-11-29 23:17:18.935  INFO 6224 --- [l-13-thread-195] tourGuide.service.RewardsService         : ** Processing to get reward points
2021-11-29 23:17:18.936  INFO 6224 --- [ol-13-thread-64] tourGuide.service.RewardsService         : ** Processing to get reward points
2021-11-29 23:17:18.938  INFO 6224 --- [ol-13-thread-49] tourGuide.service.RewardsService         : ** Processing to get reward points
2021-11-29 23:17:18.938  INFO 6224 --- [ol-13-thread-65] tourGuide.service.RewardsService         : ** Processing to get reward points
2021-11-29 23:17:18.942  INFO 6224 --- [ol-13-thread-91] tourGuide.service.RewardsService         : ** Processing to get reward points
2021-11-29 23:17:18.943  INFO 6224 --- [ol-13-thread-61] tourGuide.service.RewardsService         : ** Processing to get reward points
2021-11-29 23:17:18.944  INFO 6224 --- [l-13-thread-127] tourGuide.service.RewardsService         : ** Processing to get reward points
2021-11-29 23:17:18.943  INFO 6224 --- [l-13-thread-120] tourGuide.service.RewardsService         : ** Processing to get reward points
2021-11-29 23:17:18.944  INFO 6224 --- [l-13-thread-114] tourGuide.service.RewardsService         : ** Processing to get reward points
2021-11-29 23:17:18.944  INFO 6224 --- [ol-13-thread-44] tourGuide.service.RewardsService         : ** Processing to get reward points
2021-11-29 23:17:18.945  INFO 6224 --- [l-13-thread-183] tourGuide.service.RewardsService         : ** Processing to get reward points
2021-11-29 23:17:18.945  INFO 6224 --- [l-13-thread-137] tourGuide.service.RewardsService         : ** Processing to get reward points
2021-11-29 23:17:18.945  INFO 6224 --- [l-13-thread-132] tourGuide.service.RewardsService         : ** Processing to get reward points
2021-11-29 23:17:18.945  INFO 6224 --- [ol-13-thread-84] tourGuide.service.RewardsService         : ** Processing to get reward points
2021-11-29 23:17:18.946  INFO 6224 --- [l-13-thread-157] tourGuide.service.RewardsService         : ** Processing to get reward points
2021-11-29 23:17:18.946  INFO 6224 --- [ol-13-thread-51] tourGuide.service.RewardsService         : ** Processing to get reward points
2021-11-29 23:17:18.947  INFO 6224 --- [ol-13-thread-93] tourGuide.service.RewardsService         : ** Processing to get reward points
2021-11-29 23:17:18.948  INFO 6224 --- [ol-13-thread-27] tourGuide.service.RewardsService         : ** Processing to get reward points
2021-11-29 23:17:18.949  INFO 6224 --- [ol-13-thread-47] tourGuide.service.RewardsService         : ** Processing to get reward points
2021-11-29 23:17:18.950  INFO 6224 --- [l-13-thread-189] tourGuide.service.RewardsService         : ** Processing to get reward points
2021-11-29 23:17:18.955  INFO 6224 --- [l-13-thread-188] tourGuide.service.RewardsService         : ** Processing to get reward points
2021-11-29 23:17:18.959  INFO 6224 --- [l-13-thread-117] tourGuide.service.RewardsService         : ** Processing to get reward points
2021-11-29 23:17:18.959  INFO 6224 --- [l-13-thread-125] tourGuide.service.RewardsService         : ** Processing to get reward points
2021-11-29 23:17:18.966  INFO 6224 --- [l-13-thread-158] tourGuide.service.RewardsService         : ** Processing to get reward points
2021-11-29 23:17:18.966  INFO 6224 --- [l-13-thread-193] tourGuide.service.RewardsService         : ** Processing to get reward points
2021-11-29 23:17:18.966  INFO 6224 --- [l-13-thread-169] tourGuide.service.RewardsService         : ** Processing to get reward points
2021-11-29 23:17:18.967  INFO 6224 --- [l-13-thread-168] tourGuide.service.RewardsService         : ** Processing to get reward points
2021-11-29 23:17:18.971  INFO 6224 --- [l-13-thread-130] tourGuide.service.RewardsService         : ** Processing to get reward points
2021-11-29 23:17:18.978  INFO 6224 --- [ol-13-thread-92] tourGuide.service.RewardsService         : ** Processing to get reward points
2021-11-29 23:17:18.989  INFO 6224 --- [l-13-thread-186] tourGuide.service.RewardsService         : ** Processing to get reward points
2021-11-29 23:17:18.992  INFO 6224 --- [l-13-thread-111] tourGuide.service.RewardsService         : ** Processing to get reward points
2021-11-29 23:17:18.999  INFO 6224 --- [ol-13-thread-12] tourGuide.service.RewardsService         : ** Processing to get reward points
2021-11-29 23:17:18.999  INFO 6224 --- [l-13-thread-167] tourGuide.service.RewardsService         : ** Processing to get reward points
2021-11-29 23:17:19.000  INFO 6224 --- [ol-13-thread-67] tourGuide.service.RewardsService         : ** Processing to get reward points
2021-11-29 23:17:19.006  INFO 6224 --- [l-13-thread-146] tourGuide.service.RewardsService         : ** Processing to get reward points
2021-11-29 23:17:19.011  INFO 6224 --- [l-13-thread-102] tourGuide.service.RewardsService         : ** Processing to get reward points
2021-11-29 23:17:19.016  INFO 6224 --- [ol-13-thread-68] tourGuide.service.RewardsService         : ** Processing to get reward points
2021-11-29 23:17:19.018  INFO 6224 --- [l-13-thread-151] tourGuide.service.RewardsService         : ** Processing to get reward points
2021-11-29 23:17:19.019  INFO 6224 --- [l-13-thread-187] tourGuide.service.RewardsService         : ** Processing to get reward points
2021-11-29 23:17:19.020  INFO 6224 --- [l-13-thread-180] tourGuide.service.RewardsService         : ** Processing to get reward points
2021-11-29 23:17:19.022  INFO 6224 --- [ol-13-thread-34] tourGuide.service.RewardsService         : ** Processing to get reward points
2021-11-29 23:17:19.021  INFO 6224 --- [l-13-thread-113] tourGuide.service.RewardsService         : ** Processing to get reward points
2021-11-29 23:17:19.026  INFO 6224 --- [ool-13-thread-7] tourGuide.service.RewardsService         : ** Processing to get reward points
2021-11-29 23:17:19.026  INFO 6224 --- [ol-13-thread-13] tourGuide.service.RewardsService         : ** Processing to get reward points
2021-11-29 23:17:19.027  INFO 6224 --- [ol-13-thread-18] tourGuide.service.RewardsService         : ** Processing to get reward points
2021-11-29 23:17:19.029  INFO 6224 --- [ol-13-thread-10] tourGuide.service.RewardsService         : ** Processing to get reward points
2021-11-29 23:17:19.029  INFO 6224 --- [ol-13-thread-62] tourGuide.service.RewardsService         : ** Processing to get reward points
2021-11-29 23:17:19.030  INFO 6224 --- [ol-13-thread-89] tourGuide.service.RewardsService         : ** Processing to get reward points
2021-11-29 23:17:19.031  INFO 6224 --- [l-13-thread-115] tourGuide.service.RewardsService         : ** Processing to get reward points
2021-11-29 23:17:19.033  INFO 6224 --- [ol-13-thread-22] tourGuide.service.RewardsService         : ** Processing to get reward points
2021-11-29 23:17:19.044  INFO 6224 --- [l-13-thread-107] tourGuide.service.RewardsService         : ** Processing to get reward points
2021-11-29 23:17:19.058  INFO 6224 --- [l-13-thread-134] tourGuide.service.RewardsService         : ** Processing to get reward points
2021-11-29 23:17:19.059  INFO 6224 --- [ol-13-thread-88] tourGuide.service.RewardsService         : ** Processing to get reward points
2021-11-29 23:17:19.058  INFO 6224 --- [l-13-thread-112] tourGuide.service.RewardsService         : ** Processing to get reward points
2021-11-29 23:17:19.058  INFO 6224 --- [ol-13-thread-76] tourGuide.service.RewardsService         : ** Processing to get reward points
2021-11-29 23:17:19.059  INFO 6224 --- [l-13-thread-133] tourGuide.service.RewardsService         : ** Processing to get reward points
2021-11-29 23:17:19.063  INFO 6224 --- [ol-13-thread-63] tourGuide.service.RewardsService         : ** Processing to get reward points
2021-11-29 23:17:19.078  INFO 6224 --- [l-13-thread-143] tourGuide.service.RewardsService         : ** Processing to get reward points
2021-11-29 23:17:19.079  INFO 6224 --- [ool-13-thread-1] tourGuide.service.RewardsService         : ** Processing to get reward points
2021-11-29 23:17:19.079  INFO 6224 --- [l-13-thread-199] tourGuide.service.RewardsService         : ** Processing to get reward points
2021-11-29 23:17:19.083  INFO 6224 --- [ol-13-thread-77] tourGuide.service.RewardsService         : ** Processing to get reward points
2021-11-29 23:17:19.554  INFO 6224 --- [l-13-thread-129] tourGuide.service.RewardsService         : ** Processing to get reward points
2021-11-29 23:17:19.556  INFO 6224 --- [ol-13-thread-14] tourGuide.service.RewardsService         : ** Processing to get reward points
2021-11-29 23:17:19.557  INFO 6224 --- [l-13-thread-170] tourGuide.service.RewardsService         : ** Processing to get reward points
2021-11-29 23:17:19.559  INFO 6224 --- [l-13-thread-145] tourGuide.service.RewardsService         : ** Processing to get reward points
2021-11-29 23:17:19.559  INFO 6224 --- [l-13-thread-178] tourGuide.service.RewardsService         : ** Processing to get reward points
2021-11-29 23:17:19.562  INFO 6224 --- [l-13-thread-123] tourGuide.service.RewardsService         : ** Processing to get reward points
2021-11-29 23:17:19.566  INFO 6224 --- [ol-13-thread-58] tourGuide.service.RewardsService         : ** Processing to get reward points
2021-11-29 23:17:19.571  INFO 6224 --- [ol-13-thread-79] tourGuide.service.RewardsService         : ** Processing to get reward points
2021-11-29 23:17:19.572  INFO 6224 --- [ol-13-thread-54] tourGuide.service.RewardsService         : ** Processing to get reward points
2021-11-29 23:17:19.576  INFO 6224 --- [ol-13-thread-99] tourGuide.service.RewardsService         : ** Processing to get reward points
2021-11-29 23:17:19.576  INFO 6224 --- [ol-13-thread-20] tourGuide.service.RewardsService         : ** Processing to get reward points
2021-11-29 23:17:19.578  INFO 6224 --- [l-13-thread-155] tourGuide.service.RewardsService         : ** Processing to get reward points
2021-11-29 23:17:19.578  INFO 6224 --- [l-13-thread-177] tourGuide.service.RewardsService         : ** Processing to get reward points
2021-11-29 23:17:19.590  INFO 6224 --- [l-13-thread-149] tourGuide.service.RewardsService         : ** Processing to get reward points
2021-11-29 23:17:19.591  INFO 6224 --- [ol-13-thread-52] tourGuide.service.RewardsService         : ** Processing to get reward points
2021-11-29 23:17:19.629  INFO 6224 --- [l-13-thread-101] tourGuide.service.RewardsService         : ** Processing to get reward points
2021-11-29 23:17:19.640  INFO 6224 --- [l-13-thread-198] tourGuide.service.RewardsService         : ** Processing to get reward points
2021-11-29 23:17:19.643  INFO 6224 --- [ol-13-thread-19] tourGuide.service.RewardsService         : ** Processing to get reward points
2021-11-29 23:17:19.646  INFO 6224 --- [ol-13-thread-66] tourGuide.service.RewardsService         : ** Processing to get reward points
2021-11-29 23:17:19.649  INFO 6224 --- [ol-13-thread-39] tourGuide.service.RewardsService         : ** Processing to get reward points
2021-11-29 23:17:19.659  INFO 6224 --- [l-13-thread-175] tourGuide.service.RewardsService         : ** Processing to get reward points
2021-11-29 23:17:19.664  INFO 6224 --- [l-13-thread-162] tourGuide.service.RewardsService         : ** Processing to get reward points
2021-11-29 23:17:19.666  INFO 6224 --- [l-13-thread-121] tourGuide.service.RewardsService         : ** Processing to get reward points
2021-11-29 23:17:19.668  INFO 6224 --- [ol-13-thread-82] tourGuide.service.RewardsService         : ** Processing to get reward points
2021-11-29 23:17:19.668  INFO 6224 --- [l-13-thread-173] tourGuide.service.RewardsService         : ** Processing to get reward points
2021-11-29 23:17:19.669  INFO 6224 --- [l-13-thread-200] tourGuide.service.RewardsService         : ** Processing to get reward points
2021-11-29 23:17:19.670  INFO 6224 --- [l-13-thread-136] tourGuide.service.RewardsService         : ** Processing to get reward points
2021-11-29 23:17:19.673  INFO 6224 --- [l-13-thread-144] tourGuide.service.RewardsService         : ** Processing to get reward points
2021-11-29 23:17:19.667  INFO 6224 --- [l-13-thread-185] tourGuide.service.RewardsService         : ** Processing to get reward points
2021-11-29 23:17:19.669  INFO 6224 --- [l-13-thread-182] tourGuide.service.RewardsService         : ** Processing to get reward points
2021-11-29 23:17:19.676  INFO 6224 --- [ol-13-thread-57] tourGuide.service.RewardsService         : ** Processing to get reward points
2021-11-29 23:17:19.677  INFO 6224 --- [l-13-thread-160] tourGuide.service.RewardsService         : ** Processing to get reward points
2021-11-29 23:17:19.678  INFO 6224 --- [l-13-thread-109] tourGuide.service.RewardsService         : ** Processing to get reward points
2021-11-29 23:17:19.693  INFO 6224 --- [ool-13-thread-3] tourGuide.service.RewardsService         : ** Processing to get reward points
2021-11-29 23:17:19.695  INFO 6224 --- [ool-13-thread-8] tourGuide.service.RewardsService         : ** Processing to get reward points
2021-11-29 23:17:19.700  INFO 6224 --- [l-13-thread-103] tourGuide.service.RewardsService         : ** Processing to get reward points
2021-11-29 23:17:19.703  INFO 6224 --- [ol-13-thread-59] tourGuide.service.RewardsService         : ** Processing to get reward points
2021-11-29 23:17:19.705  INFO 6224 --- [ol-13-thread-50] tourGuide.service.RewardsService         : ** Processing to get reward points
2021-11-29 23:17:19.707  INFO 6224 --- [ol-13-thread-78] tourGuide.service.RewardsService         : ** Processing to get reward points
2021-11-29 23:17:19.709  INFO 6224 --- [ol-13-thread-55] tourGuide.service.RewardsService         : ** Processing to get reward points
2021-11-29 23:17:19.709  INFO 6224 --- [ol-13-thread-15] tourGuide.service.RewardsService         : ** Processing to get reward points
2021-11-29 23:17:19.710  INFO 6224 --- [l-13-thread-124] tourGuide.service.RewardsService         : ** Processing to get reward points
2021-11-29 23:17:19.711  INFO 6224 --- [l-13-thread-138] tourGuide.service.RewardsService         : ** Processing to get reward points
2021-11-29 23:17:19.712  INFO 6224 --- [ol-13-thread-75] tourGuide.service.RewardsService         : ** Processing to get reward points
2021-11-29 23:17:19.714  INFO 6224 --- [ol-13-thread-35] tourGuide.service.RewardsService         : ** Processing to get reward points
2021-11-29 23:17:19.718  INFO 6224 --- [l-13-thread-139] tourGuide.service.RewardsService         : ** Processing to get reward points
2021-11-29 23:17:19.719  INFO 6224 --- [l-13-thread-131] tourGuide.service.RewardsService         : ** Processing to get reward points
2021-11-29 23:17:19.719  INFO 6224 --- [l-13-thread-141] tourGuide.service.RewardsService         : ** Processing to get reward points
2021-11-29 23:17:19.720  INFO 6224 --- [ol-13-thread-85] tourGuide.service.RewardsService         : ** Processing to get reward points
2021-11-29 23:17:19.721  INFO 6224 --- [ol-13-thread-71] tourGuide.service.RewardsService         : ** Processing to get reward points
2021-11-29 23:17:19.723  INFO 6224 --- [ol-13-thread-73] tourGuide.service.RewardsService         : ** Processing to get reward points
2021-11-29 23:17:19.723  INFO 6224 --- [ol-13-thread-29] tourGuide.service.RewardsService         : ** Processing to get reward points
2021-11-29 23:17:19.723  INFO 6224 --- [l-13-thread-181] tourGuide.service.RewardsService         : ** Processing to get reward points
2021-11-29 23:17:19.723  INFO 6224 --- [l-13-thread-154] tourGuide.service.RewardsService         : ** Processing to get reward points
2021-11-29 23:17:19.724  INFO 6224 --- [ol-13-thread-33] tourGuide.service.RewardsService         : ** Processing to get reward points
2021-11-29 23:17:19.726  INFO 6224 --- [ool-13-thread-6] tourGuide.service.RewardsService         : ** Processing to get reward points
2021-11-29 23:17:19.726  INFO 6224 --- [l-13-thread-166] tourGuide.service.RewardsService         : ** Processing to get reward points
2021-11-29 23:17:19.726  INFO 6224 --- [ol-13-thread-43] tourGuide.service.RewardsService         : ** Processing to get reward points
2021-11-29 23:17:19.726  INFO 6224 --- [ol-13-thread-96] tourGuide.service.RewardsService         : ** Processing to get reward points
2021-11-29 23:17:19.727  INFO 6224 --- [ol-13-thread-38] tourGuide.service.RewardsService         : ** Processing to get reward points
2021-11-29 23:17:19.728  INFO 6224 --- [l-13-thread-190] tourGuide.service.RewardsService         : ** Processing to get reward points
2021-11-29 23:17:19.728  INFO 6224 --- [l-13-thread-147] tourGuide.service.RewardsService         : ** Processing to get reward points
2021-11-29 23:17:19.729  INFO 6224 --- [ool-13-thread-4] tourGuide.service.RewardsService         : ** Processing to get reward points
2021-11-29 23:17:19.729  INFO 6224 --- [l-13-thread-163] tourGuide.service.RewardsService         : ** Processing to get reward points
2021-11-29 23:17:19.729  INFO 6224 --- [ol-13-thread-97] tourGuide.service.RewardsService         : ** Processing to get reward points
2021-11-29 23:17:19.730  INFO 6224 --- [l-13-thread-118] tourGuide.service.RewardsService         : ** Processing to get reward points
2021-11-29 23:17:19.730  INFO 6224 --- [ol-13-thread-60] tourGuide.service.RewardsService         : ** Processing to get reward points
2021-11-29 23:17:19.732  INFO 6224 --- [ol-13-thread-42] tourGuide.service.RewardsService         : ** Processing to get reward points
2021-11-29 23:17:19.732  INFO 6224 --- [l-13-thread-108] tourGuide.service.RewardsService         : ** Processing to get reward points
2021-11-29 23:17:19.734  INFO 6224 --- [l-13-thread-100] tourGuide.service.RewardsService         : ** Processing to get reward points
2021-11-29 23:17:19.735  INFO 6224 --- [ol-13-thread-25] tourGuide.service.RewardsService         : ** Processing to get reward points
2021-11-29 23:17:19.735  INFO 6224 --- [l-13-thread-164] tourGuide.service.RewardsService         : ** Processing to get reward points
2021-11-29 23:17:19.736  INFO 6224 --- [l-13-thread-156] tourGuide.service.RewardsService         : ** Processing to get reward points
2021-11-29 23:17:19.737  INFO 6224 --- [ol-13-thread-86] tourGuide.service.RewardsService         : ** Processing to get reward points
2021-11-29 23:17:19.739  INFO 6224 --- [ol-13-thread-31] tourGuide.service.RewardsService         : ** Processing to get reward points
2021-11-29 23:17:19.739  INFO 6224 --- [l-13-thread-184] tourGuide.service.RewardsService         : ** Processing to get reward points
2021-11-29 23:17:19.740  INFO 6224 --- [ol-13-thread-53] tourGuide.service.RewardsService         : ** Processing to get reward points
2021-11-29 23:17:19.740  INFO 6224 --- [ol-13-thread-28] tourGuide.service.RewardsService         : ** Processing to get reward points
2021-11-29 23:17:19.741  INFO 6224 --- [ool-13-thread-2] tourGuide.service.RewardsService         : ** Processing to get reward points
2021-11-29 23:17:19.741  INFO 6224 --- [ol-13-thread-74] tourGuide.service.RewardsService         : ** Processing to get reward points
2021-11-29 23:17:19.742  INFO 6224 --- [ol-13-thread-11] tourGuide.service.RewardsService         : ** Processing to get reward points
2021-11-29 23:17:19.742  INFO 6224 --- [l-13-thread-152] tourGuide.service.RewardsService         : ** Processing to get reward points
2021-11-29 23:17:19.742  INFO 6224 --- [ool-13-thread-5] tourGuide.service.RewardsService         : ** Processing to get reward points
2021-11-29 23:17:19.744  INFO 6224 --- [l-13-thread-150] tourGuide.service.RewardsService         : ** Processing to get reward points
2021-11-29 23:17:19.746  INFO 6224 --- [ol-13-thread-81] tourGuide.service.RewardsService         : ** Processing to get reward points
2021-11-29 23:17:19.747  INFO 6224 --- [ol-13-thread-83] tourGuide.service.RewardsService         : ** Processing to get reward points
2021-11-29 23:17:19.751  INFO 6224 --- [l-13-thread-191] tourGuide.service.RewardsService         : ** Processing to get reward points
2021-11-29 23:17:19.757  INFO 6224 --- [l-13-thread-140] tourGuide.service.RewardsService         : ** Processing to get reward points
2021-11-29 23:17:19.759  INFO 6224 --- [l-13-thread-135] tourGuide.service.RewardsService         : ** Processing to get reward points
2021-11-29 23:17:19.762  INFO 6224 --- [l-13-thread-148] tourGuide.service.RewardsService         : ** Processing to get reward points
2021-11-29 23:17:19.762  INFO 6224 --- [l-13-thread-161] tourGuide.service.RewardsService         : ** Processing to get reward points
2021-11-29 23:17:19.763  INFO 6224 --- [ol-13-thread-72] tourGuide.service.RewardsService         : ** Processing to get reward points
2021-11-29 23:17:19.764  INFO 6224 --- [l-13-thread-128] tourGuide.service.RewardsService         : ** Processing to get reward points
2021-11-29 23:17:19.765  INFO 6224 --- [l-13-thread-174] tourGuide.service.RewardsService         : ** Processing to get reward points
2021-11-29 23:17:19.776  INFO 6224 --- [ol-13-thread-26] tourGuide.service.RewardsService         : ** Processing to get reward points
2021-11-29 23:17:19.803  INFO 6224 --- [l-13-thread-106] tourGuide.service.RewardsService         : ** Processing to get reward points
2021-11-29 23:17:19.806  INFO 6224 --- [l-13-thread-110] tourGuide.service.RewardsService         : ** Processing to get reward points
2021-11-29 23:17:19.808  INFO 6224 --- [l-13-thread-196] tourGuide.service.RewardsService         : ** Processing to get reward points
2021-11-29 23:17:19.828  INFO 6224 --- [ol-13-thread-94] tourGuide.service.RewardsService         : ** Processing to get reward points
2021-11-29 23:17:19.830  INFO 6224 --- [l-13-thread-171] tourGuide.service.RewardsService         : ** Processing to get reward points
2021-11-29 23:17:19.838  INFO 6224 --- [l-13-thread-176] tourGuide.service.RewardsService         : ** Processing to get reward points
2021-11-29 23:17:19.841  INFO 6224 --- [l-13-thread-192] tourGuide.service.RewardsService         : ** Processing to get reward points
2021-11-29 23:17:19.865  INFO 6224 --- [l-13-thread-104] tourGuide.service.RewardsService         : ** Processing to get reward points
2021-11-29 23:17:19.872  INFO 6224 --- [l-13-thread-114] tourGuide.service.RewardsService         : ** Processing to get reward points
2021-11-29 23:17:19.872  INFO 6224 --- [ol-13-thread-46] tourGuide.service.RewardsService         : ** Processing to get reward points
2021-11-29 23:17:19.897  INFO 6224 --- [ol-13-thread-27] tourGuide.service.RewardsService         : ** Processing to get reward points
2021-11-29 23:17:19.990  INFO 6224 --- [ol-13-thread-17] tourGuide.service.RewardsService         : ** Processing to get reward points
2021-11-29 23:17:20.019  INFO 6224 --- [ol-13-thread-80] tourGuide.service.RewardsService         : ** Processing to get reward points
2021-11-29 23:17:20.022  INFO 6224 --- [ol-13-thread-93] tourGuide.service.RewardsService         : ** Processing to get reward points
2021-11-29 23:17:20.026  INFO 6224 --- [ol-13-thread-87] tourGuide.service.RewardsService         : ** Processing to get reward points
2021-11-29 23:17:20.028  INFO 6224 --- [ol-13-thread-37] tourGuide.service.RewardsService         : ** Processing to get reward points
2021-11-29 23:17:20.028  INFO 6224 --- [ol-13-thread-41] tourGuide.service.RewardsService         : ** Processing to get reward points
2021-11-29 23:17:20.028  INFO 6224 --- [ool-13-thread-9] tourGuide.service.RewardsService         : ** Processing to get reward points
2021-11-29 23:17:20.029  INFO 6224 --- [ol-13-thread-36] tourGuide.service.RewardsService         : ** Processing to get reward points
2021-11-29 23:17:20.029  INFO 6224 --- [ol-13-thread-32] tourGuide.service.RewardsService         : ** Processing to get reward points
2021-11-29 23:17:20.030  INFO 6224 --- [l-13-thread-194] tourGuide.service.RewardsService         : ** Processing to get reward points
2021-11-29 23:17:20.030  INFO 6224 --- [l-13-thread-153] tourGuide.service.RewardsService         : ** Processing to get reward points
2021-11-29 23:17:20.030  INFO 6224 --- [ol-13-thread-40] tourGuide.service.RewardsService         : ** Processing to get reward points
2021-11-29 23:17:20.031  INFO 6224 --- [ol-13-thread-95] tourGuide.service.RewardsService         : ** Processing to get reward points
2021-11-29 23:17:20.034  INFO 6224 --- [l-13-thread-142] tourGuide.service.RewardsService         : ** Processing to get reward points
2021-11-29 23:17:20.137  INFO 6224 --- [ol-13-thread-70] tourGuide.service.RewardsService         : ** Processing to get reward points
2021-11-29 23:17:20.137  INFO 6224 --- [l-13-thread-159] tourGuide.service.RewardsService         : ** Processing to get reward points
2021-11-29 23:17:20.138  INFO 6224 --- [l-13-thread-167] tourGuide.service.RewardsService         : ** Processing to get reward points
2021-11-29 23:17:20.140  INFO 6224 --- [l-13-thread-122] tourGuide.service.RewardsService         : ** Processing to get reward points
2021-11-29 23:17:20.137  INFO 6224 --- [ol-13-thread-90] tourGuide.service.RewardsService         : ** Processing to get reward points
2021-11-29 23:17:20.145  INFO 6224 --- [l-13-thread-126] tourGuide.service.RewardsService         : ** Processing to get reward points
2021-11-29 23:17:20.150  INFO 6224 --- [l-13-thread-137] tourGuide.service.RewardsService         : ** Processing to get reward points
2021-11-29 23:17:20.172  INFO 6224 --- [l-13-thread-120] tourGuide.service.RewardsService         : ** Processing to get reward points
2021-11-29 23:17:20.173  INFO 6224 --- [ol-13-thread-30] tourGuide.service.RewardsService         : ** Processing to get reward points
2021-11-29 23:17:20.174  INFO 6224 --- [l-13-thread-195] tourGuide.service.RewardsService         : ** Processing to get reward points
2021-11-29 23:17:20.172  INFO 6224 --- [l-13-thread-132] tourGuide.service.RewardsService         : ** Processing to get reward points
2021-11-29 23:17:20.194  INFO 6224 --- [ol-13-thread-65] tourGuide.service.RewardsService         : ** Processing to get reward points
2021-11-29 23:17:20.197  INFO 6224 --- [ool-13-thread-8] tourGuide.service.RewardsService         : ** Processing to get reward points
2021-11-29 23:17:20.250  INFO 6224 --- [l-13-thread-168] tourGuide.service.RewardsService         : ** Processing to get reward points
2021-11-29 23:17:20.252  INFO 6224 --- [l-13-thread-156] tourGuide.service.RewardsService         : ** Processing to get reward points
2021-11-29 23:17:20.263  INFO 6224 --- [ol-13-thread-47] tourGuide.service.RewardsService         : ** Processing to get reward points
2021-11-29 23:17:20.265  INFO 6224 --- [ol-13-thread-91] tourGuide.service.RewardsService         : ** Processing to get reward points
2021-11-29 23:17:20.266  INFO 6224 --- [l-13-thread-187] tourGuide.service.RewardsService         : ** Processing to get reward points
2021-11-29 23:17:20.268  INFO 6224 --- [l-13-thread-130] tourGuide.service.RewardsService         : ** Processing to get reward points
2021-11-29 23:17:20.278  INFO 6224 --- [l-13-thread-197] tourGuide.service.RewardsService         : ** Processing to get reward points
2021-11-29 23:17:20.317  INFO 6224 --- [l-13-thread-180] tourGuide.service.RewardsService         : ** Processing to get reward points
2021-11-29 23:17:20.317  INFO 6224 --- [l-13-thread-170] tourGuide.service.RewardsService         : ** Processing to get reward points
2021-11-29 23:17:20.317  INFO 6224 --- [ol-13-thread-32] tourGuide.service.RewardsService         : ** Processing to get reward points
2021-11-29 23:17:20.317  INFO 6224 --- [l-13-thread-186] tourGuide.service.RewardsService         : ** Processing to get reward points
2021-11-29 23:17:20.324  INFO 6224 --- [l-13-thread-183] tourGuide.service.RewardsService         : ** Processing to get reward points
2021-11-29 23:17:20.325  INFO 6224 --- [ol-13-thread-24] tourGuide.service.RewardsService         : ** Processing to get reward points
2021-11-29 23:17:20.338  INFO 6224 --- [ol-13-thread-34] tourGuide.service.RewardsService         : ** Processing to get reward points
2021-11-29 23:17:20.343  INFO 6224 --- [l-13-thread-182] tourGuide.service.RewardsService         : ** Processing to get reward points
2021-11-29 23:17:20.353  INFO 6224 --- [ol-13-thread-37] tourGuide.service.RewardsService         : ** Processing to get reward points
2021-11-29 23:17:20.356  INFO 6224 --- [l-13-thread-114] tourGuide.service.RewardsService         : ** Processing to get reward points
2021-11-29 23:17:20.410  INFO 6224 --- [ol-13-thread-64] tourGuide.service.RewardsService         : ** Processing to get reward points
2021-11-29 23:17:20.424  INFO 6224 --- [ol-13-thread-51] tourGuide.service.RewardsService         : ** Processing to get reward points
2021-11-29 23:17:20.427  INFO 6224 --- [ol-13-thread-23] tourGuide.service.RewardsService         : ** Processing to get reward points
2021-11-29 23:17:20.482  INFO 6224 --- [l-13-thread-157] tourGuide.service.RewardsService         : ** Processing to get reward points
2021-11-29 23:17:20.491  INFO 6224 --- [l-13-thread-165] tourGuide.service.RewardsService         : ** Processing to get reward points
2021-11-29 23:17:20.494  INFO 6224 --- [ol-13-thread-49] tourGuide.service.RewardsService         : ** Processing to get reward points
2021-11-29 23:17:20.501  INFO 6224 --- [l-13-thread-188] tourGuide.service.RewardsService         : ** Processing to get reward points
2021-11-29 23:17:20.506  INFO 6224 --- [l-13-thread-199] tourGuide.service.RewardsService         : ** Processing to get reward points
2021-11-29 23:17:20.513  INFO 6224 --- [l-13-thread-117] tourGuide.service.RewardsService         : ** Processing to get reward points
2021-11-29 23:17:20.514  INFO 6224 --- [ol-13-thread-92] tourGuide.service.RewardsService         : ** Processing to get reward points
2021-11-29 23:17:20.521  INFO 6224 --- [ol-13-thread-74] tourGuide.service.RewardsService         : ** Processing to get reward points
2021-11-29 23:17:20.526  INFO 6224 --- [l-13-thread-169] tourGuide.service.RewardsService         : ** Processing to get reward points
2021-11-29 23:17:20.532  INFO 6224 --- [ol-13-thread-68] tourGuide.service.RewardsService         : ** Processing to get reward points
2021-11-29 23:17:20.544  INFO 6224 --- [l-13-thread-148] tourGuide.service.RewardsService         : ** Processing to get reward points
2021-11-29 23:17:20.575  INFO 6224 --- [l-13-thread-111] tourGuide.service.RewardsService         : ** Processing to get reward points
2021-11-29 23:17:20.592  INFO 6224 --- [ol-13-thread-16] tourGuide.service.RewardsService         : ** Processing to get reward points
2021-11-29 23:17:20.597  INFO 6224 --- [ol-13-thread-84] tourGuide.service.RewardsService         : ** Processing to get reward points
2021-11-29 23:17:20.608  INFO 6224 --- [ool-13-thread-3] tourGuide.service.RewardsService         : ** Processing to get reward points
2021-11-29 23:17:20.613  INFO 6224 --- [l-13-thread-123] tourGuide.service.RewardsService         : ** Processing to get reward points
2021-11-29 23:17:20.674  INFO 6224 --- [ol-13-thread-21] tourGuide.service.RewardsService         : ** Processing to get reward points
2021-11-29 23:17:20.690  INFO 6224 --- [l-13-thread-179] tourGuide.service.RewardsService         : ** Processing to get reward points
2021-11-29 23:17:20.694  INFO 6224 --- [ol-13-thread-69] tourGuide.service.RewardsService         : ** Processing to get reward points
2021-11-29 23:17:20.695  INFO 6224 --- [l-13-thread-157] tourGuide.service.RewardsService         : ** Processing to get reward points
2021-11-29 23:17:20.727  INFO 6224 --- [ol-13-thread-76] tourGuide.service.RewardsService         : ** Processing to get reward points
2021-11-29 23:17:20.757  INFO 6224 --- [l-13-thread-146] tourGuide.service.RewardsService         : ** Processing to get reward points
2021-11-29 23:17:20.787  INFO 6224 --- [l-13-thread-119] tourGuide.service.RewardsService         : ** Processing to get reward points
2021-11-29 23:17:20.823  INFO 6224 --- [l-13-thread-157] tourGuide.service.RewardsService         : ** Processing to get reward points
2021-11-29 23:17:20.825  INFO 6224 --- [ol-13-thread-85] tourGuide.service.RewardsService         : ** Processing to get reward points
2021-11-29 23:17:20.841  INFO 6224 --- [ool-13-thread-2] tourGuide.service.RewardsService         : ** Processing to get reward points
2021-11-29 23:17:20.846  INFO 6224 --- [ol-13-thread-98] tourGuide.service.RewardsService         : ** Processing to get reward points
2021-11-29 23:17:20.846  INFO 6224 --- [ol-13-thread-15] tourGuide.service.RewardsService         : ** Processing to get reward points
2021-11-29 23:17:20.850  INFO 6224 --- [l-13-thread-133] tourGuide.service.RewardsService         : ** Processing to get reward points
2021-11-29 23:17:20.852  INFO 6224 --- [ol-13-thread-21] tourGuide.service.RewardsService         : ** Processing to get reward points
2021-11-29 23:17:20.853  INFO 6224 --- [l-13-thread-179] tourGuide.service.RewardsService         : ** Processing to get reward points
2021-11-29 23:17:20.867  INFO 6224 --- [ol-13-thread-86] tourGuide.service.RewardsService         : ** Processing to get reward points
2021-11-29 23:17:20.875  INFO 6224 --- [l-13-thread-136] tourGuide.service.RewardsService         : ** Processing to get reward points
2021-11-29 23:17:20.887  INFO 6224 --- [ol-13-thread-56] tourGuide.service.RewardsService         : ** Processing to get reward points
2021-11-29 23:17:20.889  INFO 6224 --- [l-13-thread-124] tourGuide.service.RewardsService         : ** Processing to get reward points
2021-11-29 23:17:20.889  INFO 6224 --- [l-13-thread-172] tourGuide.service.RewardsService         : ** Processing to get reward points
2021-11-29 23:17:20.889  INFO 6224 --- [ol-13-thread-12] tourGuide.service.RewardsService         : ** Processing to get reward points
2021-11-29 23:17:20.891  INFO 6224 --- [l-13-thread-158] tourGuide.service.RewardsService         : ** Processing to get reward points
2021-11-29 23:17:20.891  INFO 6224 --- [l-13-thread-125] tourGuide.service.RewardsService         : ** Processing to get reward points
2021-11-29 23:17:20.892  INFO 6224 --- [ol-13-thread-61] tourGuide.service.RewardsService         : ** Processing to get reward points
2021-11-29 23:17:20.893  INFO 6224 --- [l-13-thread-127] tourGuide.service.RewardsService         : ** Processing to get reward points
2021-11-29 23:17:20.894  INFO 6224 --- [l-13-thread-102] tourGuide.service.RewardsService         : ** Processing to get reward points
2021-11-29 23:17:20.894  INFO 6224 --- [l-13-thread-143] tourGuide.service.RewardsService         : ** Processing to get reward points
2021-11-29 23:17:20.896  INFO 6224 --- [l-13-thread-109] tourGuide.service.RewardsService         : ** Processing to get reward points
2021-11-29 23:17:20.897  INFO 6224 --- [l-13-thread-152] tourGuide.service.RewardsService         : ** Processing to get reward points
2021-11-29 23:17:20.898  INFO 6224 --- [ol-13-thread-44] tourGuide.service.RewardsService         : ** Processing to get reward points
2021-11-29 23:17:20.902  INFO 6224 --- [ol-13-thread-93] tourGuide.service.RewardsService         : ** Processing to get reward points
2021-11-29 23:17:20.907  INFO 6224 --- [ol-13-thread-67] tourGuide.service.RewardsService         : ** Processing to get reward points
2021-11-29 23:17:20.907  INFO 6224 --- [l-13-thread-123] tourGuide.service.RewardsService         : ** Processing to get reward points
2021-11-29 23:17:20.919  INFO 6224 --- [l-13-thread-178] tourGuide.service.RewardsService         : ** Processing to get reward points
2021-11-29 23:17:20.920  INFO 6224 --- [l-13-thread-105] tourGuide.service.RewardsService         : ** Processing to get reward points
2021-11-29 23:17:20.922  INFO 6224 --- [ol-13-thread-16] tourGuide.service.RewardsService         : ** Processing to get reward points
2021-11-29 23:17:20.923  INFO 6224 --- [l-13-thread-189] tourGuide.service.RewardsService         : ** Processing to get reward points
2021-11-29 23:17:20.926  INFO 6224 --- [l-13-thread-184] tourGuide.service.RewardsService         : ** Processing to get reward points
2021-11-29 23:17:20.928  INFO 6224 --- [l-13-thread-151] tourGuide.service.RewardsService         : ** Processing to get reward points
2021-11-29 23:17:20.930  INFO 6224 --- [ol-13-thread-76] tourGuide.service.RewardsService         : ** Processing to get reward points
2021-11-29 23:17:20.930  INFO 6224 --- [l-13-thread-165] tourGuide.service.RewardsService         : ** Processing to get reward points
2021-11-29 23:17:20.932  INFO 6224 --- [l-13-thread-108] tourGuide.service.RewardsService         : ** Processing to get reward points
2021-11-29 23:17:20.932  INFO 6224 --- [ol-13-thread-64] tourGuide.service.RewardsService         : ** Processing to get reward points
2021-11-29 23:17:20.932  INFO 6224 --- [ol-13-thread-71] tourGuide.service.RewardsService         : ** Processing to get reward points
2021-11-29 23:17:20.937  INFO 6224 --- [ol-13-thread-38] tourGuide.service.RewardsService         : ** Processing to get reward points
2021-11-29 23:17:20.938  INFO 6224 --- [ol-13-thread-39] tourGuide.service.RewardsService         : ** Processing to get reward points
2021-11-29 23:17:20.939  INFO 6224 --- [l-13-thread-115] tourGuide.service.RewardsService         : ** Processing to get reward points
2021-11-29 23:17:20.944  INFO 6224 --- [l-13-thread-163] tourGuide.service.RewardsService         : ** Processing to get reward points
2021-11-29 23:17:20.944  INFO 6224 --- [ol-13-thread-45] tourGuide.service.RewardsService         : ** Processing to get reward points
2021-11-29 23:17:20.956  INFO 6224 --- [l-13-thread-104] tourGuide.service.RewardsService         : ** Processing to get reward points
2021-11-29 23:17:20.973  INFO 6224 --- [ol-13-thread-21] tourGuide.service.RewardsService         : ** Processing to get reward points
2021-11-29 23:17:20.979  INFO 6224 --- [l-13-thread-159] tourGuide.service.RewardsService         : ** Processing to get reward points
2021-11-29 23:17:20.983  INFO 6224 --- [l-13-thread-116] tourGuide.service.RewardsService         : ** Processing to get reward points
2021-11-29 23:17:20.992  INFO 6224 --- [ol-13-thread-40] tourGuide.service.RewardsService         : ** Processing to get reward points
2021-11-29 23:17:20.996  INFO 6224 --- [ool-13-thread-1] tourGuide.service.RewardsService         : ** Processing to get reward points
2021-11-29 23:17:21.008  INFO 6224 --- [l-13-thread-155] tourGuide.service.RewardsService         : ** Processing to get reward points
2021-11-29 23:17:21.049  INFO 6224 --- [l-13-thread-197] tourGuide.service.RewardsService         : ** Processing to get reward points
2021-11-29 23:17:21.051  INFO 6224 --- [ol-13-thread-17] tourGuide.service.RewardsService         : ** Processing to get reward points
2021-11-29 23:17:21.055  INFO 6224 --- [ol-13-thread-46] tourGuide.service.RewardsService         : ** Processing to get reward points
2021-11-29 23:17:21.066  INFO 6224 --- [l-13-thread-120] tourGuide.service.RewardsService         : ** Processing to get reward points
2021-11-29 23:17:21.069  INFO 6224 --- [l-13-thread-160] tourGuide.service.RewardsService         : ** Processing to get reward points
2021-11-29 23:17:21.069  INFO 6224 --- [l-13-thread-146] tourGuide.service.RewardsService         : ** Processing to get reward points
2021-11-29 23:17:21.090  INFO 6224 --- [l-13-thread-146] tourGuide.service.RewardsService         : ** Processing to get reward points
2021-11-29 23:17:21.090  INFO 6224 --- [ol-13-thread-22] tourGuide.service.RewardsService         : ** Processing to get reward points
2021-11-29 23:17:21.094  INFO 6224 --- [l-13-thread-177] tourGuide.service.RewardsService         : ** Processing to get reward points
2021-11-29 23:17:21.102  INFO 6224 --- [ool-13-thread-4] tourGuide.service.RewardsService         : ** Processing to get reward points
2021-11-29 23:17:21.129  INFO 6224 --- [ol-13-thread-15] tourGuide.service.RewardsService         : ** Processing to get reward points
2021-11-29 23:17:21.130  INFO 6224 --- [ol-13-thread-91] tourGuide.service.RewardsService         : ** Processing to get reward points
2021-11-29 23:17:21.130  INFO 6224 --- [ol-13-thread-88] tourGuide.service.RewardsService         : ** Processing to get reward points
2021-11-29 23:17:21.142  INFO 6224 --- [l-13-thread-139] tourGuide.service.RewardsService         : ** Processing to get reward points
2021-11-29 23:17:21.143  INFO 6224 --- [ol-13-thread-85] tourGuide.service.RewardsService         : ** Processing to get reward points
2021-11-29 23:17:21.160  INFO 6224 --- [l-13-thread-181] tourGuide.service.RewardsService         : ** Processing to get reward points
2021-11-29 23:17:21.161  INFO 6224 --- [l-13-thread-186] tourGuide.service.RewardsService         : ** Processing to get reward points
2021-11-29 23:17:21.165  INFO 6224 --- [ol-13-thread-63] tourGuide.service.RewardsService         : ** Processing to get reward points
2021-11-29 23:17:21.167  INFO 6224 --- [ol-13-thread-22] tourGuide.service.RewardsService         : ** Processing to get reward points
2021-11-29 23:17:21.167  INFO 6224 --- [ol-13-thread-84] tourGuide.service.RewardsService         : ** Processing to get reward points
2021-11-29 23:17:21.171  INFO 6224 --- [l-13-thread-194] tourGuide.service.RewardsService         : ** Processing to get reward points
2021-11-29 23:17:21.189  INFO 6224 --- [l-13-thread-122] tourGuide.service.RewardsService         : ** Processing to get reward points
2021-11-29 23:17:21.189  INFO 6224 --- [ol-13-thread-43] tourGuide.service.RewardsService         : ** Processing to get reward points
2021-11-29 23:17:21.200  INFO 6224 --- [ol-13-thread-33] tourGuide.service.RewardsService         : ** Processing to get reward points
2021-11-29 23:17:21.201  INFO 6224 --- [ol-13-thread-95] tourGuide.service.RewardsService         : ** Processing to get reward points
2021-11-29 23:17:21.205  INFO 6224 --- [l-13-thread-142] tourGuide.service.RewardsService         : ** Processing to get reward points
2021-11-29 23:17:21.210  INFO 6224 --- [ol-13-thread-89] tourGuide.service.RewardsService         : ** Processing to get reward points
2021-11-29 23:17:21.278  INFO 6224 --- [ol-13-thread-62] tourGuide.service.RewardsService         : ** Processing to get reward points
2021-11-29 23:17:21.284  INFO 6224 --- [l-13-thread-185] tourGuide.service.RewardsService         : ** Processing to get reward points
2021-11-29 23:17:21.290  INFO 6224 --- [l-13-thread-128] tourGuide.service.RewardsService         : ** Processing to get reward points
2021-11-29 23:17:21.294  INFO 6224 --- [l-13-thread-188] tourGuide.service.RewardsService         : ** Processing to get reward points
2021-11-29 23:17:21.311  INFO 6224 --- [ol-13-thread-41] tourGuide.service.RewardsService         : ** Processing to get reward points
2021-11-29 23:17:21.321  INFO 6224 --- [l-13-thread-157] tourGuide.service.RewardsService         : ** Processing to get reward points
2021-11-29 23:17:21.326  INFO 6224 --- [l-13-thread-133] tourGuide.service.RewardsService         : ** Processing to get reward points
2021-11-29 23:17:21.329  INFO 6224 --- [l-13-thread-153] tourGuide.service.RewardsService         : ** Processing to get reward points
2021-11-29 23:17:21.335  INFO 6224 --- [l-13-thread-195] tourGuide.service.RewardsService         : ** Processing to get reward points
2021-11-29 23:17:21.337  INFO 6224 --- [l-13-thread-189] tourGuide.service.RewardsService         : ** Processing to get reward points
2021-11-29 23:17:21.337  INFO 6224 --- [l-13-thread-139] tourGuide.service.RewardsService         : ** Processing to get reward points
2021-11-29 23:17:21.338  INFO 6224 --- [ol-13-thread-63] tourGuide.service.RewardsService         : ** Processing to get reward points
2021-11-29 23:17:21.339  INFO 6224 --- [l-13-thread-131] tourGuide.service.RewardsService         : ** Processing to get reward points
2021-11-29 23:17:21.342  INFO 6224 --- [ol-13-thread-14] tourGuide.service.RewardsService         : ** Processing to get reward points
2021-11-29 23:17:21.342  INFO 6224 --- [l-13-thread-193] tourGuide.service.RewardsService         : ** Processing to get reward points
2021-11-29 23:17:21.343  INFO 6224 --- [l-13-thread-136] tourGuide.service.RewardsService         : ** Processing to get reward points
2021-11-29 23:17:21.344  INFO 6224 --- [l-13-thread-163] tourGuide.service.RewardsService         : ** Processing to get reward points
2021-11-29 23:17:21.350  INFO 6224 --- [l-13-thread-145] tourGuide.service.RewardsService         : ** Processing to get reward points
2021-11-29 23:17:21.353  INFO 6224 --- [l-13-thread-183] tourGuide.service.RewardsService         : ** Processing to get reward points
2021-11-29 23:17:21.357  INFO 6224 --- [l-13-thread-191] tourGuide.service.RewardsService         : ** Processing to get reward points
2021-11-29 23:17:21.357  INFO 6224 --- [ol-13-thread-55] tourGuide.service.RewardsService         : ** Processing to get reward points
2021-11-29 23:17:21.358  INFO 6224 --- [l-13-thread-101] tourGuide.service.RewardsService         : ** Processing to get reward points
2021-11-29 23:17:21.360  INFO 6224 --- [ol-13-thread-52] tourGuide.service.RewardsService         : ** Processing to get reward points
2021-11-29 23:17:21.361  INFO 6224 --- [l-13-thread-132] tourGuide.service.RewardsService         : ** Processing to get reward points
2021-11-29 23:17:21.362  INFO 6224 --- [ol-13-thread-83] tourGuide.service.RewardsService         : ** Processing to get reward points
2021-11-29 23:17:21.363  INFO 6224 --- [l-13-thread-105] tourGuide.service.RewardsService         : ** Processing to get reward points
2021-11-29 23:17:21.363  INFO 6224 --- [ol-13-thread-13] tourGuide.service.RewardsService         : ** Processing to get reward points
2021-11-29 23:17:21.365  INFO 6224 --- [l-13-thread-144] tourGuide.service.RewardsService         : ** Processing to get reward points
2021-11-29 23:17:21.366  INFO 6224 --- [l-13-thread-130] tourGuide.service.RewardsService         : ** Processing to get reward points
2021-11-29 23:17:21.367  INFO 6224 --- [l-13-thread-135] tourGuide.service.RewardsService         : ** Processing to get reward points
2021-11-29 23:17:21.368  INFO 6224 --- [l-13-thread-172] tourGuide.service.RewardsService         : ** Processing to get reward points
2021-11-29 23:17:21.369  INFO 6224 --- [ol-13-thread-69] tourGuide.service.RewardsService         : ** Processing to get reward points
2021-11-29 23:17:21.369  INFO 6224 --- [l-13-thread-184] tourGuide.service.RewardsService         : ** Processing to get reward points
2021-11-29 23:17:21.370  INFO 6224 --- [l-13-thread-183] tourGuide.service.RewardsService         : ** Processing to get reward points
2021-11-29 23:17:21.372  INFO 6224 --- [l-13-thread-192] tourGuide.service.RewardsService         : ** Processing to get reward points
2021-11-29 23:17:21.374  INFO 6224 --- [l-13-thread-180] tourGuide.service.RewardsService         : ** Processing to get reward points
2021-11-29 23:17:21.376  INFO 6224 --- [l-13-thread-113] tourGuide.service.RewardsService         : ** Processing to get reward points
2021-11-29 23:17:21.384  INFO 6224 --- [l-13-thread-150] tourGuide.service.RewardsService         : ** Processing to get reward points
2021-11-29 23:17:21.389  INFO 6224 --- [ol-13-thread-49] tourGuide.service.RewardsService         : ** Processing to get reward points
2021-11-29 23:17:21.395  INFO 6224 --- [l-13-thread-164] tourGuide.service.RewardsService         : ** Processing to get reward points
2021-11-29 23:17:21.397  INFO 6224 --- [l-13-thread-199] tourGuide.service.RewardsService         : ** Processing to get reward points
2021-11-29 23:17:21.399  INFO 6224 --- [l-13-thread-159] tourGuide.service.RewardsService         : ** Processing to get reward points
2021-11-29 23:17:21.401  INFO 6224 --- [ol-13-thread-59] tourGuide.service.RewardsService         : ** Processing to get reward points
2021-11-29 23:17:21.414  INFO 6224 --- [ol-13-thread-87] tourGuide.service.RewardsService         : ** Processing to get reward points
2021-11-29 23:17:21.426  INFO 6224 --- [l-13-thread-106] tourGuide.service.RewardsService         : ** Processing to get reward points
2021-11-29 23:17:21.429  INFO 6224 --- [ol-13-thread-47] tourGuide.service.RewardsService         : ** Processing to get reward points
2021-11-29 23:17:21.430  INFO 6224 --- [ol-13-thread-42] tourGuide.service.RewardsService         : ** Processing to get reward points
2021-11-29 23:17:21.432  INFO 6224 --- [ol-13-thread-44] tourGuide.service.RewardsService         : ** Processing to get reward points
2021-11-29 23:17:21.435  INFO 6224 --- [l-13-thread-110] tourGuide.service.RewardsService         : ** Processing to get reward points
2021-11-29 23:17:21.437  INFO 6224 --- [l-13-thread-120] tourGuide.service.RewardsService         : ** Processing to get reward points
2021-11-29 23:17:21.443  INFO 6224 --- [ol-13-thread-66] tourGuide.service.RewardsService         : ** Processing to get reward points
2021-11-29 23:17:21.443  INFO 6224 --- [ol-13-thread-48] tourGuide.service.RewardsService         : ** Processing to get reward points
2021-11-29 23:17:21.445  INFO 6224 --- [l-13-thread-200] tourGuide.service.RewardsService         : ** Processing to get reward points
2021-11-29 23:17:21.447  INFO 6224 --- [l-13-thread-123] tourGuide.service.RewardsService         : ** Processing to get reward points
2021-11-29 23:17:21.447  INFO 6224 --- [l-13-thread-178] tourGuide.service.RewardsService         : ** Processing to get reward points
2021-11-29 23:17:21.449  INFO 6224 --- [ol-13-thread-60] tourGuide.service.RewardsService         : ** Processing to get reward points
2021-11-29 23:17:21.466  INFO 6224 --- [l-13-thread-188] tourGuide.service.RewardsService         : ** Processing to get reward points
2021-11-29 23:17:21.468  INFO 6224 --- [l-13-thread-174] tourGuide.service.RewardsService         : ** Processing to get reward points
2021-11-29 23:17:21.469  INFO 6224 --- [ol-13-thread-86] tourGuide.service.RewardsService         : ** Processing to get reward points
2021-11-29 23:17:21.471  INFO 6224 --- [ol-13-thread-99] tourGuide.service.RewardsService         : ** Processing to get reward points
2021-11-29 23:17:21.476  INFO 6224 --- [ol-13-thread-11] tourGuide.service.RewardsService         : ** Processing to get reward points
2021-11-29 23:17:21.476  INFO 6224 --- [ol-13-thread-68] tourGuide.service.RewardsService         : ** Processing to get reward points
2021-11-29 23:17:21.478  INFO 6224 --- [l-13-thread-165] tourGuide.service.RewardsService         : ** Processing to get reward points
2021-11-29 23:17:21.478  INFO 6224 --- [l-13-thread-108] tourGuide.service.RewardsService         : ** Processing to get reward points
2021-11-29 23:17:21.479  INFO 6224 --- [ol-13-thread-83] tourGuide.service.RewardsService         : ** Processing to get reward points
2021-11-29 23:17:21.480  INFO 6224 --- [ol-13-thread-20] tourGuide.service.RewardsService         : ** Processing to get reward points
2021-11-29 23:17:21.481  INFO 6224 --- [ool-13-thread-3] tourGuide.service.RewardsService         : ** Processing to get reward points
2021-11-29 23:17:21.483  INFO 6224 --- [ol-13-thread-38] tourGuide.service.RewardsService         : ** Processing to get reward points
2021-11-29 23:17:21.486  INFO 6224 --- [ol-13-thread-84] tourGuide.service.RewardsService         : ** Processing to get reward points
2021-11-29 23:17:21.486  INFO 6224 --- [ol-13-thread-54] tourGuide.service.RewardsService         : ** Processing to get reward points
2021-11-29 23:17:21.489  INFO 6224 --- [ool-13-thread-2] tourGuide.service.RewardsService         : ** Processing to get reward points
2021-11-29 23:17:21.491  INFO 6224 --- [ol-13-thread-21] tourGuide.service.RewardsService         : ** Processing to get reward points
2021-11-29 23:17:21.493  INFO 6224 --- [l-13-thread-182] tourGuide.service.RewardsService         : ** Processing to get reward points
2021-11-29 23:17:21.498  INFO 6224 --- [l-13-thread-129] tourGuide.service.RewardsService         : ** Processing to get reward points
2021-11-29 23:17:21.498  INFO 6224 --- [ol-13-thread-27] tourGuide.service.RewardsService         : ** Processing to get reward points
2021-11-29 23:17:21.498  INFO 6224 --- [ol-13-thread-33] tourGuide.service.RewardsService         : ** Processing to get reward points
2021-11-29 23:17:21.500  INFO 6224 --- [ol-13-thread-26] tourGuide.service.RewardsService         : ** Processing to get reward points
2021-11-29 23:17:21.503  INFO 6224 --- [l-13-thread-111] tourGuide.service.RewardsService         : ** Processing to get reward points
2021-11-29 23:17:21.505  INFO 6224 --- [l-13-thread-104] tourGuide.service.RewardsService         : ** Processing to get reward points
2021-11-29 23:17:21.507  INFO 6224 --- [ool-13-thread-7] tourGuide.service.RewardsService         : ** Processing to get reward points
2021-11-29 23:17:21.509  INFO 6224 --- [ool-13-thread-6] tourGuide.service.RewardsService         : ** Processing to get reward points
2021-11-29 23:17:21.509  INFO 6224 --- [l-13-thread-118] tourGuide.service.RewardsService         : ** Processing to get reward points
2021-11-29 23:17:21.510  INFO 6224 --- [l-13-thread-197] tourGuide.service.RewardsService         : ** Processing to get reward points
2021-11-29 23:17:21.511  INFO 6224 --- [l-13-thread-155] tourGuide.service.RewardsService         : ** Processing to get reward points
2021-11-29 23:17:21.513  INFO 6224 --- [l-13-thread-147] tourGuide.service.RewardsService         : ** Processing to get reward points
2021-11-29 23:17:21.514  INFO 6224 --- [ol-13-thread-57] tourGuide.service.RewardsService         : ** Processing to get reward points
2021-11-29 23:17:21.514  INFO 6224 --- [ol-13-thread-10] tourGuide.service.RewardsService         : ** Processing to get reward points
2021-11-29 23:17:21.515  INFO 6224 --- [l-13-thread-175] tourGuide.service.RewardsService         : ** Processing to get reward points
2021-11-29 23:17:21.516  INFO 6224 --- [ol-13-thread-13] tourGuide.service.RewardsService         : ** Processing to get reward points
2021-11-29 23:17:21.517  INFO 6224 --- [l-13-thread-146] tourGuide.service.RewardsService         : ** Processing to get reward points
2021-11-29 23:17:21.518  INFO 6224 --- [ol-13-thread-93] tourGuide.service.RewardsService         : ** Processing to get reward points
2021-11-29 23:17:21.519  INFO 6224 --- [l-13-thread-196] tourGuide.service.RewardsService         : ** Processing to get reward points
2021-11-29 23:17:21.519  INFO 6224 --- [l-13-thread-143] tourGuide.service.RewardsService         : ** Processing to get reward points
2021-11-29 23:17:21.522  INFO 6224 --- [ol-13-thread-51] tourGuide.service.RewardsService         : ** Processing to get reward points
2021-11-29 23:17:21.522  INFO 6224 --- [ol-13-thread-92] tourGuide.service.RewardsService         : ** Processing to get reward points
2021-11-29 23:17:21.522  INFO 6224 --- [ol-13-thread-79] tourGuide.service.RewardsService         : ** Processing to get reward points
2021-11-29 23:17:21.526  INFO 6224 --- [l-13-thread-168] tourGuide.service.RewardsService         : ** Processing to get reward points
2021-11-29 23:17:21.528  INFO 6224 --- [l-13-thread-172] tourGuide.service.RewardsService         : ** Processing to get reward points
2021-11-29 23:17:21.528  INFO 6224 --- [ol-13-thread-76] tourGuide.service.RewardsService         : ** Processing to get reward points
2021-11-29 23:17:21.534  INFO 6224 --- [l-13-thread-112] tourGuide.service.RewardsService         : ** Processing to get reward points
2021-11-29 23:17:21.534  INFO 6224 --- [l-13-thread-101] tourGuide.service.RewardsService         : ** Processing to get reward points
2021-11-29 23:17:21.537  INFO 6224 --- [ol-13-thread-16] tourGuide.service.RewardsService         : ** Processing to get reward points
2021-11-29 23:17:21.540  INFO 6224 --- [ol-13-thread-97] tourGuide.service.RewardsService         : ** Processing to get reward points
2021-11-29 23:17:21.543  INFO 6224 --- [ol-13-thread-94] tourGuide.service.RewardsService         : ** Processing to get reward points
2021-11-29 23:17:21.545  INFO 6224 --- [l-13-thread-157] tourGuide.service.RewardsService         : ** Processing to get reward points
2021-11-29 23:17:21.546  INFO 6224 --- [ol-13-thread-78] tourGuide.service.RewardsService         : ** Processing to get reward points
2021-11-29 23:17:21.547  INFO 6224 --- [ol-13-thread-19] tourGuide.service.RewardsService         : ** Processing to get reward points
2021-11-29 23:17:21.547  INFO 6224 --- [ol-13-thread-89] tourGuide.service.RewardsService         : ** Processing to get reward points
2021-11-29 23:17:21.552  INFO 6224 --- [ol-13-thread-85] tourGuide.service.RewardsService         : ** Processing to get reward points
2021-11-29 23:17:21.553  INFO 6224 --- [l-13-thread-137] tourGuide.service.RewardsService         : ** Processing to get reward points
2021-11-29 23:17:21.575  INFO 6224 --- [ol-13-thread-81] tourGuide.service.RewardsService         : ** Processing to get reward points
2021-11-29 23:17:21.584  INFO 6224 --- [l-13-thread-179] tourGuide.service.RewardsService         : ** Processing to get reward points
2021-11-29 23:17:21.584  INFO 6224 --- [ool-13-thread-4] tourGuide.service.RewardsService         : ** Processing to get reward points
2021-11-29 23:17:21.601  INFO 6224 --- [ol-13-thread-47] tourGuide.service.RewardsService         : ** Processing to get reward points
2021-11-29 23:17:21.622  INFO 6224 --- [ol-13-thread-91] tourGuide.service.RewardsService         : ** Processing to get reward points
2021-11-29 23:17:21.628  INFO 6224 --- [l-13-thread-161] tourGuide.service.RewardsService         : ** Processing to get reward points
2021-11-29 23:17:21.633  INFO 6224 --- [ool-13-thread-7] tourGuide.service.RewardsService         : ** Processing to get reward points
2021-11-29 23:17:21.644  INFO 6224 --- [ol-13-thread-89] tourGuide.service.RewardsService         : ** Processing to get reward points
2021-11-29 23:17:21.656  INFO 6224 --- [l-13-thread-171] tourGuide.service.RewardsService         : ** Processing to get reward points
2021-11-29 23:17:21.657  INFO 6224 --- [ol-13-thread-98] tourGuide.service.RewardsService         : ** Processing to get reward points
2021-11-29 23:17:21.662  INFO 6224 --- [l-13-thread-132] tourGuide.service.RewardsService         : ** Processing to get reward points
2021-11-29 23:17:21.666  INFO 6224 --- [ol-13-thread-25] tourGuide.service.RewardsService         : ** Processing to get reward points
2021-11-29 23:17:21.668  INFO 6224 --- [ol-13-thread-26] tourGuide.service.RewardsService         : ** Processing to get reward points
2021-11-29 23:17:21.676  INFO 6224 --- [l-13-thread-156] tourGuide.service.RewardsService         : ** Processing to get reward points
2021-11-29 23:17:21.677  INFO 6224 --- [l-13-thread-163] tourGuide.service.RewardsService         : ** Processing to get reward points
2021-11-29 23:17:21.677  INFO 6224 --- [ol-13-thread-72] tourGuide.service.RewardsService         : ** Processing to get reward points
2021-11-29 23:17:21.685  INFO 6224 --- [ool-13-thread-9] tourGuide.service.RewardsService         : ** Processing to get reward points
2021-11-29 23:17:21.691  INFO 6224 --- [l-13-thread-103] tourGuide.service.RewardsService         : ** Processing to get reward points
2021-11-29 23:17:21.696  INFO 6224 --- [l-13-thread-119] tourGuide.service.RewardsService         : ** Processing to get reward points
2021-11-29 23:17:21.697  INFO 6224 --- [l-13-thread-134] tourGuide.service.RewardsService         : ** Processing to get reward points
2021-11-29 23:17:21.701  INFO 6224 --- [ol-13-thread-17] tourGuide.service.RewardsService         : ** Processing to get reward points
2021-11-29 23:17:21.703  INFO 6224 --- [l-13-thread-154] tourGuide.service.RewardsService         : ** Processing to get reward points
2021-11-29 23:17:21.703  INFO 6224 --- [ol-13-thread-30] tourGuide.service.RewardsService         : ** Processing to get reward points
2021-11-29 23:17:21.711  INFO 6224 --- [ol-13-thread-20] tourGuide.service.RewardsService         : ** Processing to get reward points
2021-11-29 23:17:21.714  INFO 6224 --- [ol-13-thread-80] tourGuide.service.RewardsService         : ** Processing to get reward points
2021-11-29 23:17:21.720  INFO 6224 --- [l-13-thread-114] tourGuide.service.RewardsService         : ** Processing to get reward points
2021-11-29 23:17:21.721  INFO 6224 --- [ol-13-thread-54] tourGuide.service.RewardsService         : ** Processing to get reward points
2021-11-29 23:17:21.723  INFO 6224 --- [ol-13-thread-84] tourGuide.service.RewardsService         : ** Processing to get reward points
2021-11-29 23:17:21.723  INFO 6224 --- [ol-13-thread-28] tourGuide.service.RewardsService         : ** Processing to get reward points
2021-11-29 23:17:21.723  INFO 6224 --- [l-13-thread-178] tourGuide.service.RewardsService         : ** Processing to get reward points
2021-11-29 23:17:21.730  INFO 6224 --- [ol-13-thread-45] tourGuide.service.RewardsService         : ** Processing to get reward points
2021-11-29 23:17:21.744  INFO 6224 --- [ol-13-thread-88] tourGuide.service.RewardsService         : ** Processing to get reward points
2021-11-29 23:17:21.749  INFO 6224 --- [ol-13-thread-87] tourGuide.service.RewardsService         : ** Processing to get reward points
2021-11-29 23:17:21.749  INFO 6224 --- [ol-13-thread-64] tourGuide.service.RewardsService         : ** Processing to get reward points
2021-11-29 23:17:21.750  INFO 6224 --- [l-13-thread-199] tourGuide.service.RewardsService         : ** Processing to get reward points
2021-11-29 23:17:21.761  INFO 6224 --- [ol-13-thread-37] tourGuide.service.RewardsService         : ** Processing to get reward points
2021-11-29 23:17:21.762  INFO 6224 --- [l-13-thread-126] tourGuide.service.RewardsService         : ** Processing to get reward points
2021-11-29 23:17:21.764  INFO 6224 --- [ol-13-thread-39] tourGuide.service.RewardsService         : ** Processing to get reward points
2021-11-29 23:17:21.765  INFO 6224 --- [ool-13-thread-8] tourGuide.service.RewardsService         : ** Processing to get reward points
2021-11-29 23:17:21.768  INFO 6224 --- [ol-13-thread-94] tourGuide.service.RewardsService         : ** Processing to get reward points
2021-11-29 23:17:21.770  INFO 6224 --- [l-13-thread-137] tourGuide.service.RewardsService         : ** Processing to get reward points
2021-11-29 23:17:21.773  INFO 6224 --- [l-13-thread-141] tourGuide.service.RewardsService         : ** Processing to get reward points
2021-11-29 23:17:21.773  INFO 6224 --- [ol-13-thread-62] tourGuide.service.RewardsService         : ** Processing to get reward points
2021-11-29 23:17:21.775  INFO 6224 --- [l-13-thread-186] tourGuide.service.RewardsService         : ** Processing to get reward points
2021-11-29 23:17:21.777  INFO 6224 --- [ol-13-thread-46] tourGuide.service.RewardsService         : ** Processing to get reward points
2021-11-29 23:17:21.778  INFO 6224 --- [ol-13-thread-99] tourGuide.service.RewardsService         : ** Processing to get reward points
2021-11-29 23:17:21.779  INFO 6224 --- [l-13-thread-115] tourGuide.service.RewardsService         : ** Processing to get reward points
2021-11-29 23:17:21.780  INFO 6224 --- [l-13-thread-159] tourGuide.service.RewardsService         : ** Processing to get reward points
2021-11-29 23:17:21.780  INFO 6224 --- [l-13-thread-124] tourGuide.service.RewardsService         : ** Processing to get reward points
2021-11-29 23:17:21.782  INFO 6224 --- [ol-13-thread-90] tourGuide.service.RewardsService         : ** Processing to get reward points
2021-11-29 23:17:21.782  INFO 6224 --- [l-13-thread-140] tourGuide.service.RewardsService         : ** Processing to get reward points
2021-11-29 23:17:21.785  INFO 6224 --- [ool-13-thread-1] tourGuide.service.RewardsService         : ** Processing to get reward points
2021-11-29 23:17:21.787  INFO 6224 --- [ol-13-thread-29] tourGuide.service.RewardsService         : ** Processing to get reward points
2021-11-29 23:17:21.788  INFO 6224 --- [l-13-thread-171] tourGuide.service.RewardsService         : ** Processing to get reward points
2021-11-29 23:17:21.789  INFO 6224 --- [l-13-thread-193] tourGuide.service.RewardsService         : ** Processing to get reward points
2021-11-29 23:17:21.789  INFO 6224 --- [ol-13-thread-36] tourGuide.service.RewardsService         : ** Processing to get reward points
2021-11-29 23:17:21.790  INFO 6224 --- [l-13-thread-116] tourGuide.service.RewardsService         : ** Processing to get reward points
2021-11-29 23:17:21.792  INFO 6224 --- [l-13-thread-100] tourGuide.service.RewardsService         : ** Processing to get reward points
2021-11-29 23:17:21.794  INFO 6224 --- [l-13-thread-169] tourGuide.service.RewardsService         : ** Processing to get reward points
2021-11-29 23:17:21.829  INFO 6224 --- [ol-13-thread-10] tourGuide.service.RewardsService         : ** Processing to get reward points
2021-11-29 23:17:21.795  INFO 6224 --- [ol-13-thread-91] tourGuide.service.RewardsService         : ** Processing to get reward points
2021-11-29 23:17:21.798  INFO 6224 --- [ol-13-thread-15] tourGuide.service.RewardsService         : ** Processing to get reward points
2021-11-29 23:17:21.798  INFO 6224 --- [l-13-thread-170] tourGuide.service.RewardsService         : ** Processing to get reward points
2021-11-29 23:17:21.800  INFO 6224 --- [ol-13-thread-31] tourGuide.service.RewardsService         : ** Processing to get reward points
2021-11-29 23:17:21.803  INFO 6224 --- [ol-13-thread-69] tourGuide.service.RewardsService         : ** Processing to get reward points
2021-11-29 23:17:21.807  INFO 6224 --- [ol-13-thread-19] tourGuide.service.RewardsService         : ** Processing to get reward points
2021-11-29 23:17:21.810  INFO 6224 --- [ol-13-thread-35] tourGuide.service.RewardsService         : ** Processing to get reward points
2021-11-29 23:17:21.812  INFO 6224 --- [ol-13-thread-82] tourGuide.service.RewardsService         : ** Processing to get reward points
2021-11-29 23:17:21.813  INFO 6224 --- [ol-13-thread-24] tourGuide.service.RewardsService         : ** Processing to get reward points
2021-11-29 23:17:21.813  INFO 6224 --- [ol-13-thread-34] tourGuide.service.RewardsService         : ** Processing to get reward points
2021-11-29 23:17:21.815  INFO 6224 --- [ol-13-thread-42] tourGuide.service.RewardsService         : ** Processing to get reward points
2021-11-29 23:17:21.817  INFO 6224 --- [ol-13-thread-18] tourGuide.service.RewardsService         : ** Processing to get reward points
2021-11-29 23:17:21.820  INFO 6224 --- [l-13-thread-121] tourGuide.service.RewardsService         : ** Processing to get reward points
2021-11-29 23:17:21.823  INFO 6224 --- [l-13-thread-176] tourGuide.service.RewardsService         : ** Processing to get reward points
2021-11-29 23:17:21.825  INFO 6224 --- [l-13-thread-112] tourGuide.service.RewardsService         : ** Processing to get reward points
2021-11-29 23:17:21.825  INFO 6224 --- [l-13-thread-167] tourGuide.service.RewardsService         : ** Processing to get reward points
2021-11-29 23:17:21.826  INFO 6224 --- [l-13-thread-138] tourGuide.service.RewardsService         : ** Processing to get reward points
2021-11-29 23:17:21.826  INFO 6224 --- [ol-13-thread-61] tourGuide.service.RewardsService         : ** Processing to get reward points
2021-11-29 23:17:21.827  INFO 6224 --- [l-13-thread-161] tourGuide.service.RewardsService         : ** Processing to get reward points
2021-11-29 23:17:21.828  INFO 6224 --- [ool-13-thread-5] tourGuide.service.RewardsService         : ** Processing to get reward points
2021-11-29 23:17:21.828  INFO 6224 --- [l-13-thread-195] tourGuide.service.RewardsService         : ** Processing to get reward points
2021-11-29 23:17:21.831  INFO 6224 --- [ol-13-thread-56] tourGuide.service.RewardsService         : ** Processing to get reward points
2021-11-29 23:17:21.833  INFO 6224 --- [ol-13-thread-49] tourGuide.service.RewardsService         : ** Processing to get reward points
2021-11-29 23:17:21.834  INFO 6224 --- [ol-13-thread-12] tourGuide.service.RewardsService         : ** Processing to get reward points
2021-11-29 23:17:21.838  INFO 6224 --- [ol-13-thread-73] tourGuide.service.RewardsService         : ** Processing to get reward points
2021-11-29 23:17:21.841  INFO 6224 --- [ol-13-thread-75] tourGuide.service.RewardsService         : ** Processing to get reward points
2021-11-29 23:17:21.842  INFO 6224 --- [l-13-thread-130] tourGuide.service.RewardsService         : ** Processing to get reward points
2021-11-29 23:17:21.842  INFO 6224 --- [l-13-thread-151] tourGuide.service.RewardsService         : ** Processing to get reward points
2021-11-29 23:17:21.843  INFO 6224 --- [l-13-thread-187] tourGuide.service.RewardsService         : ** Processing to get reward points
2021-11-29 23:17:21.843  INFO 6224 --- [ol-13-thread-32] tourGuide.service.RewardsService         : ** Processing to get reward points
2021-11-29 23:17:21.844  INFO 6224 --- [l-13-thread-198] tourGuide.service.RewardsService         : ** Processing to get reward points
2021-11-29 23:17:21.844  INFO 6224 --- [ol-13-thread-96] tourGuide.service.RewardsService         : ** Processing to get reward points
2021-11-29 23:17:21.846  INFO 6224 --- [l-13-thread-147] tourGuide.service.RewardsService         : ** Processing to get reward points
2021-11-29 23:17:21.847  INFO 6224 --- [l-13-thread-162] tourGuide.service.RewardsService         : ** Processing to get reward points
2021-11-29 23:17:21.848  INFO 6224 --- [l-13-thread-190] tourGuide.service.RewardsService         : ** Processing to get reward points
2021-11-29 23:17:21.851  INFO 6224 --- [ol-13-thread-65] tourGuide.service.RewardsService         : ** Processing to get reward points
2021-11-29 23:17:21.852  INFO 6224 --- [ol-13-thread-50] tourGuide.service.RewardsService         : ** Processing to get reward points
2021-11-29 23:17:21.852  INFO 6224 --- [l-13-thread-146] tourGuide.service.RewardsService         : ** Processing to get reward points
2021-11-29 23:17:21.853  INFO 6224 --- [l-13-thread-157] tourGuide.service.RewardsService         : ** Processing to get reward points
2021-11-29 23:17:21.856  INFO 6224 --- [l-13-thread-194] tourGuide.service.RewardsService         : ** Processing to get reward points
2021-11-29 23:17:21.858  INFO 6224 --- [l-13-thread-166] tourGuide.service.RewardsService         : ** Processing to get reward points
2021-11-29 23:17:21.859  INFO 6224 --- [ol-13-thread-70] tourGuide.service.RewardsService         : ** Processing to get reward points
2021-11-29 23:17:21.861  INFO 6224 --- [ol-13-thread-71] tourGuide.service.RewardsService         : ** Processing to get reward points
2021-11-29 23:17:21.862  INFO 6224 --- [ol-13-thread-58] tourGuide.service.RewardsService         : ** Processing to get reward points
2021-11-29 23:17:21.863  INFO 6224 --- [l-13-thread-149] tourGuide.service.RewardsService         : ** Processing to get reward points
2021-11-29 23:17:21.865  INFO 6224 --- [l-13-thread-111] tourGuide.service.RewardsService         : ** Processing to get reward points
2021-11-29 23:17:21.865  INFO 6224 --- [l-13-thread-135] tourGuide.service.RewardsService         : ** Processing to get reward points
2021-11-29 23:17:21.869  INFO 6224 --- [ol-13-thread-53] tourGuide.service.RewardsService         : ** Processing to get reward points
2021-11-29 23:17:21.870  INFO 6224 --- [l-13-thread-131] tourGuide.service.RewardsService         : ** Processing to get reward points
2021-11-29 23:17:21.877  INFO 6224 --- [l-13-thread-117] tourGuide.service.RewardsService         : ** Processing to get reward points
2021-11-29 23:17:21.879  INFO 6224 --- [ool-13-thread-9] tourGuide.service.RewardsService         : ** Processing to get reward points
2021-11-29 23:17:21.880  INFO 6224 --- [ool-13-thread-4] tourGuide.service.RewardsService         : ** Processing to get reward points
2021-11-29 23:17:21.882  INFO 6224 --- [l-13-thread-185] tourGuide.service.RewardsService         : ** Processing to get reward points
2021-11-29 23:17:21.886  INFO 6224 --- [ol-13-thread-74] tourGuide.service.RewardsService         : ** Processing to get reward points
2021-11-29 23:17:21.890  INFO 6224 --- [l-13-thread-125] tourGuide.service.RewardsService         : ** Processing to get reward points
2021-11-29 23:17:21.932  INFO 6224 --- [l-13-thread-145] tourGuide.service.RewardsService         : ** Processing to get reward points
2021-11-29 23:17:21.932  INFO 6224 --- [l-13-thread-155] tourGuide.service.RewardsService         : ** Processing to get reward points
2021-11-29 23:17:21.940  INFO 6224 --- [l-13-thread-106] tourGuide.service.RewardsService         : ** Processing to get reward points
2021-11-29 23:17:21.940  INFO 6224 --- [l-13-thread-122] tourGuide.service.RewardsService         : ** Processing to get reward points
2021-11-29 23:17:21.941  INFO 6224 --- [l-13-thread-177] tourGuide.service.RewardsService         : ** Processing to get reward points
2021-11-29 23:17:21.941  INFO 6224 --- [ol-13-thread-68] tourGuide.service.RewardsService         : ** Processing to get reward points
2021-11-29 23:17:21.942  INFO 6224 --- [l-13-thread-132] tourGuide.service.RewardsService         : ** Processing to get reward points
2021-11-29 23:17:21.942  INFO 6224 --- [ol-13-thread-40] tourGuide.service.RewardsService         : ** Processing to get reward points
2021-11-29 23:17:21.942  INFO 6224 --- [ol-13-thread-77] tourGuide.service.RewardsService         : ** Processing to get reward points
2021-11-29 23:17:21.973  INFO 6224 --- [ol-13-thread-57] tourGuide.service.RewardsService         : ** Processing to get reward points
2021-11-29 23:17:21.987  INFO 6224 --- [l-13-thread-102] tourGuide.service.RewardsService         : ** Processing to get reward points
2021-11-29 23:17:21.990  INFO 6224 --- [l-13-thread-158] tourGuide.service.RewardsService         : ** Processing to get reward points
2021-11-29 23:17:21.992  INFO 6224 --- [l-13-thread-107] tourGuide.service.RewardsService         : ** Processing to get reward points
2021-11-29 23:17:21.993  INFO 6224 --- [l-13-thread-109] tourGuide.service.RewardsService         : ** Processing to get reward points
2021-11-29 23:17:21.995  INFO 6224 --- [ol-13-thread-44] tourGuide.service.RewardsService         : ** Processing to get reward points
2021-11-29 23:17:21.995  INFO 6224 --- [ol-13-thread-52] tourGuide.service.RewardsService         : ** Processing to get reward points
2021-11-29 23:17:21.999  INFO 6224 --- [l-13-thread-153] tourGuide.service.RewardsService         : ** Processing to get reward points
2021-11-29 23:17:22.004  INFO 6224 --- [l-13-thread-127] tourGuide.service.RewardsService         : ** Processing to get reward points
2021-11-29 23:17:22.014  INFO 6224 --- [l-13-thread-160] tourGuide.service.RewardsService         : ** Processing to get reward points
2021-11-29 23:17:22.015  INFO 6224 --- [ol-13-thread-22] tourGuide.service.RewardsService         : ** Processing to get reward points
2021-11-29 23:17:22.015  INFO 6224 --- [l-13-thread-103] tourGuide.service.RewardsService         : ** Processing to get reward points
2021-11-29 23:17:22.021  INFO 6224 --- [ol-13-thread-79] tourGuide.service.RewardsService         : ** Processing to get reward points
2021-11-29 23:17:22.022  INFO 6224 --- [l-13-thread-139] tourGuide.service.RewardsService         : ** Processing to get reward points
2021-11-29 23:17:22.030  INFO 6224 --- [l-13-thread-183] tourGuide.service.RewardsService         : ** Processing to get reward points
2021-11-29 23:17:22.079  INFO 6224 --- [l-13-thread-148] tourGuide.service.RewardsService         : ** Processing to get reward points
2021-11-29 23:17:22.085  INFO 6224 --- [l-13-thread-152] tourGuide.service.RewardsService         : ** Processing to get reward points
2021-11-29 23:17:22.088  INFO 6224 --- [l-13-thread-150] tourGuide.service.RewardsService         : ** Processing to get reward points
2021-11-29 23:17:22.091  INFO 6224 --- [l-13-thread-119] tourGuide.service.RewardsService         : ** Processing to get reward points
2021-11-29 23:17:22.093  INFO 6224 --- [ol-13-thread-97] tourGuide.service.RewardsService         : ** Processing to get reward points
2021-11-29 23:17:22.096  INFO 6224 --- [l-13-thread-173] tourGuide.service.RewardsService         : ** Processing to get reward points
2021-11-29 23:17:22.104  INFO 6224 --- [l-13-thread-143] tourGuide.service.RewardsService         : ** Processing to get reward points
2021-11-29 23:17:22.109  INFO 6224 --- [ol-13-thread-67] tourGuide.service.RewardsService         : ** Processing to get reward points
2021-11-29 23:17:22.114  INFO 6224 --- [ol-13-thread-33] tourGuide.service.RewardsService         : ** Processing to get reward points
2021-11-29 23:17:22.129  INFO 6224 --- [ol-13-thread-64] tourGuide.service.RewardsService         : ** Processing to get reward points
2021-11-29 23:17:22.132  INFO 6224 --- [ol-13-thread-55] tourGuide.service.RewardsService         : ** Processing to get reward points
2021-11-29 23:17:22.136  INFO 6224 --- [ol-13-thread-62] tourGuide.service.RewardsService         : ** Processing to get reward points
2021-11-29 23:17:22.136  INFO 6224 --- [ool-13-thread-7] tourGuide.service.RewardsService         : ** Processing to get reward points
2021-11-29 23:17:22.137  INFO 6224 --- [ol-13-thread-30] tourGuide.service.RewardsService         : ** Processing to get reward points
2021-11-29 23:17:22.139  INFO 6224 --- [l-13-thread-128] tourGuide.service.RewardsService         : ** Processing to get reward points
2021-11-29 23:17:22.145  INFO 6224 --- [ol-13-thread-23] tourGuide.service.RewardsService         : ** Processing to get reward points
2021-11-29 23:17:22.146  INFO 6224 --- [ol-13-thread-81] tourGuide.service.RewardsService         : ** Processing to get reward points
2021-11-29 23:17:22.147  INFO 6224 --- [l-13-thread-120] tourGuide.service.RewardsService         : ** Processing to get reward points
2021-11-29 23:17:22.147  INFO 6224 --- [l-13-thread-159] tourGuide.service.RewardsService         : ** Processing to get reward points
2021-11-29 23:17:22.150  INFO 6224 --- [l-13-thread-105] tourGuide.service.RewardsService         : ** Processing to get reward points
2021-11-29 23:17:22.155  INFO 6224 --- [l-13-thread-181] tourGuide.service.RewardsService         : ** Processing to get reward points
2021-11-29 23:17:22.161  INFO 6224 --- [l-13-thread-102] tourGuide.service.RewardsService         : ** Processing to get reward points
2021-11-29 23:17:22.162  INFO 6224 --- [ol-13-thread-95] tourGuide.service.RewardsService         : ** Processing to get reward points
2021-11-29 23:17:22.163  INFO 6224 --- [ol-13-thread-13] tourGuide.service.RewardsService         : ** Processing to get reward points
2021-11-29 23:17:22.165  INFO 6224 --- [l-13-thread-152] tourGuide.service.RewardsService         : ** Processing to get reward points
2021-11-29 23:17:22.168  INFO 6224 --- [l-13-thread-184] tourGuide.service.RewardsService         : ** Processing to get reward points
2021-11-29 23:17:22.171  INFO 6224 --- [l-13-thread-150] tourGuide.service.RewardsService         : ** Processing to get reward points
2021-11-29 23:17:22.176  INFO 6224 --- [ol-13-thread-83] tourGuide.service.RewardsService         : ** Processing to get reward points
2021-11-29 23:17:22.190  INFO 6224 --- [l-13-thread-200] tourGuide.service.RewardsService         : ** Processing to get reward points
2021-11-29 23:17:22.198  INFO 6224 --- [l-13-thread-118] tourGuide.service.RewardsService         : ** Processing to get reward points
2021-11-29 23:17:22.204  INFO 6224 --- [l-13-thread-137] tourGuide.service.RewardsService         : ** Processing to get reward points
2021-11-29 23:17:22.207  INFO 6224 --- [ol-13-thread-66] tourGuide.service.RewardsService         : ** Processing to get reward points
2021-11-29 23:17:22.208  INFO 6224 --- [ol-13-thread-59] tourGuide.service.RewardsService         : ** Processing to get reward points
2021-11-29 23:17:22.209  INFO 6224 --- [ol-13-thread-41] tourGuide.service.RewardsService         : ** Processing to get reward points
2021-11-29 23:17:22.210  INFO 6224 --- [ol-13-thread-42] tourGuide.service.RewardsService         : ** Processing to get reward points
2021-11-29 23:17:22.224  INFO 6224 --- [l-13-thread-168] tourGuide.service.RewardsService         : ** Processing to get reward points
2021-11-29 23:17:22.226  INFO 6224 --- [l-13-thread-142] tourGuide.service.RewardsService         : ** Processing to get reward points
2021-11-29 23:17:22.231  INFO 6224 --- [l-13-thread-163] tourGuide.service.RewardsService         : ** Processing to get reward points
2021-11-29 23:17:22.231  INFO 6224 --- [ol-13-thread-27] tourGuide.service.RewardsService         : ** Processing to get reward points
2021-11-29 23:17:22.234  INFO 6224 --- [ol-13-thread-26] tourGuide.service.RewardsService         : ** Processing to get reward points
2021-11-29 23:17:22.236  INFO 6224 --- [ool-13-thread-2] tourGuide.service.RewardsService         : ** Processing to get reward points
2021-11-29 23:17:22.239  INFO 6224 --- [ol-13-thread-43] tourGuide.service.RewardsService         : ** Processing to get reward points
2021-11-29 23:17:22.244  INFO 6224 --- [l-13-thread-133] tourGuide.service.RewardsService         : ** Processing to get reward points
2021-11-29 23:17:22.244  INFO 6224 --- [l-13-thread-123] tourGuide.service.RewardsService         : ** Processing to get reward points
2021-11-29 23:17:22.245  INFO 6224 --- [ol-13-thread-86] tourGuide.service.RewardsService         : ** Processing to get reward points
2021-11-29 23:17:22.247  INFO 6224 --- [ol-13-thread-14] tourGuide.service.RewardsService         : ** Processing to get reward points
2021-11-29 23:17:22.247  INFO 6224 --- [l-13-thread-172] tourGuide.service.RewardsService         : ** Processing to get reward points
2021-11-29 23:17:22.249  INFO 6224 --- [l-13-thread-175] tourGuide.service.RewardsService         : ** Processing to get reward points
2021-11-29 23:17:22.251  INFO 6224 --- [l-13-thread-134] tourGuide.service.RewardsService         : ** Processing to get reward points
2021-11-29 23:17:22.252  INFO 6224 --- [ol-13-thread-56] tourGuide.service.RewardsService         : ** Processing to get reward points
2021-11-29 23:17:22.255  INFO 6224 --- [l-13-thread-126] tourGuide.service.RewardsService         : ** Processing to get reward points
2021-11-29 23:17:22.258  INFO 6224 --- [ol-13-thread-94] tourGuide.service.RewardsService         : ** Processing to get reward points
2021-11-29 23:17:22.259  INFO 6224 --- [l-13-thread-154] tourGuide.service.RewardsService         : ** Processing to get reward points
2021-11-29 23:17:22.259  INFO 6224 --- [l-13-thread-110] tourGuide.service.RewardsService         : ** Processing to get reward points
2021-11-29 23:17:22.261  INFO 6224 --- [l-13-thread-138] tourGuide.service.RewardsService         : ** Processing to get reward points
2021-11-29 23:17:22.261  INFO 6224 --- [ol-13-thread-19] tourGuide.service.RewardsService         : ** Processing to get reward points
2021-11-29 23:17:22.263  INFO 6224 --- [l-13-thread-196] tourGuide.service.RewardsService         : ** Processing to get reward points
2021-11-29 23:17:22.263  INFO 6224 --- [ol-13-thread-92] tourGuide.service.RewardsService         : ** Processing to get reward points
2021-11-29 23:17:22.264  INFO 6224 --- [l-13-thread-189] tourGuide.service.RewardsService         : ** Processing to get reward points
2021-11-29 23:17:22.264  INFO 6224 --- [l-13-thread-104] tourGuide.service.RewardsService         : ** Processing to get reward points
2021-11-29 23:17:22.264  INFO 6224 --- [l-13-thread-197] tourGuide.service.RewardsService         : ** Processing to get reward points
2021-11-29 23:17:22.275  INFO 6224 --- [ol-13-thread-48] tourGuide.service.RewardsService         : ** Processing to get reward points
2021-11-29 23:17:22.276  INFO 6224 --- [l-13-thread-174] tourGuide.service.RewardsService         : ** Processing to get reward points
2021-11-29 23:17:22.297  INFO 6224 --- [l-13-thread-108] tourGuide.service.RewardsService         : ** Processing to get reward points
2021-11-29 23:17:22.308  INFO 6224 --- [l-13-thread-188] tourGuide.service.RewardsService         : ** Processing to get reward points
2021-11-29 23:17:22.310  INFO 6224 --- [ol-13-thread-93] tourGuide.service.RewardsService         : ** Processing to get reward points
2021-11-29 23:17:22.314  INFO 6224 --- [l-13-thread-191] tourGuide.service.RewardsService         : ** Processing to get reward points
2021-11-29 23:17:22.319  INFO 6224 --- [ol-13-thread-11] tourGuide.service.RewardsService         : ** Processing to get reward points
2021-11-29 23:17:22.354  INFO 6224 --- [l-13-thread-153] tourGuide.service.RewardsService         : ** Processing to get reward points
2021-11-29 23:17:22.355  INFO 6224 --- [ol-13-thread-63] tourGuide.service.RewardsService         : ** Processing to get reward points
2021-11-29 23:17:22.379  INFO 6224 --- [l-13-thread-144] tourGuide.service.RewardsService         : ** Processing to get reward points
2021-11-29 23:17:22.379  INFO 6224 --- [ol-13-thread-76] tourGuide.service.RewardsService         : ** Processing to get reward points
2021-11-29 23:17:22.385  INFO 6224 --- [ol-13-thread-46] tourGuide.service.RewardsService         : ** Processing to get reward points
2021-11-29 23:17:22.391  INFO 6224 --- [l-13-thread-113] tourGuide.service.RewardsService         : ** Processing to get reward points
2021-11-29 23:17:22.396  INFO 6224 --- [ol-13-thread-24] tourGuide.service.RewardsService         : ** Processing to get reward points
2021-11-29 23:17:22.397  INFO 6224 --- [l-13-thread-134] tourGuide.service.RewardsService         : ** Processing to get reward points
2021-11-29 23:17:22.400  INFO 6224 --- [ool-13-thread-3] tourGuide.service.RewardsService         : ** Processing to get reward points
2021-11-29 23:17:22.403  INFO 6224 --- [l-13-thread-108] tourGuide.service.RewardsService         : ** Processing to get reward points
2021-11-29 23:17:22.406  INFO 6224 --- [l-13-thread-164] tourGuide.service.RewardsService         : ** Processing to get reward points
2021-11-29 23:17:22.410  INFO 6224 --- [l-13-thread-158] tourGuide.service.RewardsService         : ** Processing to get reward points
2021-11-29 23:17:22.455  INFO 6224 --- [l-13-thread-155] tourGuide.service.RewardsService         : ** Processing to get reward points
2021-11-29 23:17:22.458  INFO 6224 --- [ol-13-thread-37] tourGuide.service.RewardsService         : ** Processing to get reward points
2021-11-29 23:17:22.466  INFO 6224 --- [l-13-thread-148] tourGuide.service.RewardsService         : ** Processing to get reward points
2021-11-29 23:17:22.470  INFO 6224 --- [l-13-thread-127] tourGuide.service.RewardsService         : ** Processing to get reward points
2021-11-29 23:17:22.482  INFO 6224 --- [l-13-thread-192] tourGuide.service.RewardsService         : ** Processing to get reward points
2021-11-29 23:17:22.491  INFO 6224 --- [ol-13-thread-51] tourGuide.service.RewardsService         : ** Processing to get reward points
2021-11-29 23:17:22.504  INFO 6224 --- [ol-13-thread-90] tourGuide.service.RewardsService         : ** Processing to get reward points
2021-11-29 23:17:22.508  INFO 6224 --- [ol-13-thread-17] tourGuide.service.RewardsService         : ** Processing to get reward points
2021-11-29 23:17:22.518  INFO 6224 --- [l-13-thread-140] tourGuide.service.RewardsService         : ** Processing to get reward points
2021-11-29 23:17:22.554  INFO 6224 --- [ol-13-thread-68] tourGuide.service.RewardsService         : ** Processing to get reward points
2021-11-29 23:17:22.555  INFO 6224 --- [l-13-thread-115] tourGuide.service.RewardsService         : ** Processing to get reward points
2021-11-29 23:17:22.565  INFO 6224 --- [ol-13-thread-79] tourGuide.service.RewardsService         : ** Processing to get reward points
2021-11-29 23:17:22.585  INFO 6224 --- [ol-13-thread-48] tourGuide.service.RewardsService         : ** Processing to get reward points
2021-11-29 23:17:22.589  INFO 6224 --- [l-13-thread-183] tourGuide.service.RewardsService         : ** Processing to get reward points
2021-11-29 23:17:22.602  INFO 6224 --- [l-13-thread-136] tourGuide.service.RewardsService         : ** Processing to get reward points
2021-11-29 23:17:22.612  INFO 6224 --- [ol-13-thread-20] tourGuide.service.RewardsService         : ** Processing to get reward points
2021-11-29 23:17:22.614  INFO 6224 --- [l-13-thread-193] tourGuide.service.RewardsService         : ** Processing to get reward points
2021-11-29 23:17:22.619  INFO 6224 --- [ol-13-thread-55] tourGuide.service.RewardsService         : ** Processing to get reward points
2021-11-29 23:17:22.621  INFO 6224 --- [ol-13-thread-38] tourGuide.service.RewardsService         : ** Processing to get reward points
2021-11-29 23:17:22.628  INFO 6224 --- [l-13-thread-179] tourGuide.service.RewardsService         : ** Processing to get reward points
2021-11-29 23:17:22.639  INFO 6224 --- [ol-13-thread-80] tourGuide.service.RewardsService         : ** Processing to get reward points
2021-11-29 23:17:22.657  INFO 6224 --- [l-13-thread-121] tourGuide.service.RewardsService         : ** Processing to get reward points
2021-11-29 23:17:22.658  INFO 6224 --- [ol-13-thread-78] tourGuide.service.RewardsService         : ** Processing to get reward points
2021-11-29 23:17:22.659  INFO 6224 --- [l-13-thread-200] tourGuide.service.RewardsService         : ** Processing to get reward points
2021-11-29 23:17:22.661  INFO 6224 --- [l-13-thread-156] tourGuide.service.RewardsService         : ** Processing to get reward points
2021-11-29 23:17:22.678  INFO 6224 --- [l-13-thread-195] tourGuide.service.RewardsService         : ** Processing to get reward points
2021-11-29 23:17:22.679  INFO 6224 --- [ol-13-thread-21] tourGuide.service.RewardsService         : ** Processing to get reward points
2021-11-29 23:17:22.691  INFO 6224 --- [ol-13-thread-39] tourGuide.service.RewardsService         : ** Processing to get reward points
2021-11-29 23:17:22.697  INFO 6224 --- [ol-13-thread-98] tourGuide.service.RewardsService         : ** Processing to get reward points
2021-11-29 23:17:22.713  INFO 6224 --- [ol-13-thread-39] tourGuide.service.RewardsService         : ** Processing to get reward points
2021-11-29 23:17:22.722  INFO 6224 --- [ol-13-thread-69] tourGuide.service.RewardsService         : ** Processing to get reward points
2021-11-29 23:17:22.730  INFO 6224 --- [ol-13-thread-22] tourGuide.service.RewardsService         : ** Processing to get reward points
2021-11-29 23:17:22.733  INFO 6224 --- [ol-13-thread-29] tourGuide.service.RewardsService         : ** Processing to get reward points
2021-11-29 23:17:22.735  INFO 6224 --- [l-13-thread-178] tourGuide.service.RewardsService         : ** Processing to get reward points
2021-11-29 23:17:22.735  INFO 6224 --- [ol-13-thread-84] tourGuide.service.RewardsService         : ** Processing to get reward points
2021-11-29 23:17:22.739  INFO 6224 --- [ol-13-thread-12] tourGuide.service.RewardsService         : ** Processing to get reward points
2021-11-29 23:17:22.740  INFO 6224 --- [l-13-thread-189] tourGuide.service.RewardsService         : ** Processing to get reward points
2021-11-29 23:17:22.743  INFO 6224 --- [l-13-thread-103] tourGuide.service.RewardsService         : ** Processing to get reward points
2021-11-29 23:17:22.743  INFO 6224 --- [ol-13-thread-94] tourGuide.service.RewardsService         : ** Processing to get reward points
2021-11-29 23:17:22.746  INFO 6224 --- [l-13-thread-165] tourGuide.service.RewardsService         : ** Processing to get reward points
2021-11-29 23:17:22.748  INFO 6224 --- [ol-13-thread-36] tourGuide.service.RewardsService         : ** Processing to get reward points
2021-11-29 23:17:22.748  INFO 6224 --- [l-13-thread-169] tourGuide.service.RewardsService         : ** Processing to get reward points
2021-11-29 23:17:22.752  INFO 6224 --- [l-13-thread-101] tourGuide.service.RewardsService         : ** Processing to get reward points
2021-11-29 23:17:22.754  INFO 6224 --- [ool-13-thread-6] tourGuide.service.RewardsService         : ** Processing to get reward points
2021-11-29 23:17:22.756  INFO 6224 --- [ol-13-thread-87] tourGuide.service.RewardsService         : ** Processing to get reward points
2021-11-29 23:17:22.758  INFO 6224 --- [l-13-thread-129] tourGuide.service.RewardsService         : ** Processing to get reward points
2021-11-29 23:17:22.760  INFO 6224 --- [ol-13-thread-75] tourGuide.service.RewardsService         : ** Processing to get reward points
2021-11-29 23:17:22.760  INFO 6224 --- [ol-13-thread-88] tourGuide.service.RewardsService         : ** Processing to get reward points
2021-11-29 23:17:22.761  INFO 6224 --- [ol-13-thread-85] tourGuide.service.RewardsService         : ** Processing to get reward points
2021-11-29 23:17:22.787  INFO 6224 --- [ol-13-thread-60] tourGuide.service.RewardsService         : ** Processing to get reward points
2021-11-29 23:17:22.796  INFO 6224 --- [l-13-thread-180] tourGuide.service.RewardsService         : ** Processing to get reward points
2021-11-29 23:17:22.797  INFO 6224 --- [l-13-thread-167] tourGuide.service.RewardsService         : ** Processing to get reward points
2021-11-29 23:17:22.801  INFO 6224 --- [l-13-thread-132] tourGuide.service.RewardsService         : ** Processing to get reward points
2021-11-29 23:17:22.801  INFO 6224 --- [ol-13-thread-28] tourGuide.service.RewardsService         : ** Processing to get reward points
2021-11-29 23:17:22.802  INFO 6224 --- [ol-13-thread-16] tourGuide.service.RewardsService         : ** Processing to get reward points
2021-11-29 23:17:22.817  INFO 6224 --- [ol-13-thread-51] tourGuide.service.RewardsService         : ** Processing to get reward points
2021-11-29 23:17:22.825  INFO 6224 --- [l-13-thread-173] tourGuide.service.RewardsService         : ** Processing to get reward points
2021-11-29 23:17:22.834  INFO 6224 --- [l-13-thread-100] tourGuide.service.RewardsService         : ** Processing to get reward points
2021-11-29 23:17:22.839  INFO 6224 --- [l-13-thread-182] tourGuide.service.RewardsService         : ** Processing to get reward points
2021-11-29 23:17:22.844  INFO 6224 --- [l-13-thread-104] tourGuide.service.RewardsService         : ** Processing to get reward points
2021-11-29 23:17:22.853  INFO 6224 --- [l-13-thread-109] tourGuide.service.RewardsService         : ** Processing to get reward points
2021-11-29 23:17:22.853  INFO 6224 --- [ol-13-thread-72] tourGuide.service.RewardsService         : ** Processing to get reward points
2021-11-29 23:17:22.873  INFO 6224 --- [l-13-thread-139] tourGuide.service.RewardsService         : ** Processing to get reward points
2021-11-29 23:17:22.876  INFO 6224 --- [ol-13-thread-68] tourGuide.service.RewardsService         : ** Processing to get reward points
2021-11-29 23:17:22.881  INFO 6224 --- [ol-13-thread-47] tourGuide.service.RewardsService         : ** Processing to get reward points
2021-11-29 23:17:22.881  INFO 6224 --- [l-13-thread-112] tourGuide.service.RewardsService         : ** Processing to get reward points
2021-11-29 23:17:22.883  INFO 6224 --- [ol-13-thread-53] tourGuide.service.RewardsService         : ** Processing to get reward points
2021-11-29 23:17:22.889  INFO 6224 --- [ool-13-thread-1] tourGuide.service.RewardsService         : ** Processing to get reward points
2021-11-29 23:17:22.890  INFO 6224 --- [l-13-thread-143] tourGuide.service.RewardsService         : ** Processing to get reward points
2021-11-29 23:17:22.893  INFO 6224 --- [ool-13-thread-3] tourGuide.service.RewardsService         : ** Processing to get reward points
2021-11-29 23:17:22.893  INFO 6224 --- [l-13-thread-198] tourGuide.service.RewardsService         : ** Processing to get reward points
2021-11-29 23:17:22.893  INFO 6224 --- [ol-13-thread-44] tourGuide.service.RewardsService         : ** Processing to get reward points
2021-11-29 23:17:22.893  INFO 6224 --- [ol-13-thread-61] tourGuide.service.RewardsService         : ** Processing to get reward points
2021-11-29 23:17:22.895  INFO 6224 --- [ol-13-thread-34] tourGuide.service.RewardsService         : ** Processing to get reward points
2021-11-29 23:17:22.897  INFO 6224 --- [ol-13-thread-49] tourGuide.service.RewardsService         : ** Processing to get reward points
2021-11-29 23:17:22.897  INFO 6224 --- [l-13-thread-155] tourGuide.service.RewardsService         : ** Processing to get reward points
2021-11-29 23:17:22.900  INFO 6224 --- [ol-13-thread-91] tourGuide.service.RewardsService         : ** Processing to get reward points
2021-11-29 23:17:22.900  INFO 6224 --- [l-13-thread-146] tourGuide.service.RewardsService         : ** Processing to get reward points
2021-11-29 23:17:22.900  INFO 6224 --- [l-13-thread-170] tourGuide.service.RewardsService         : ** Processing to get reward points
2021-11-29 23:17:22.902  INFO 6224 --- [ol-13-thread-11] tourGuide.service.RewardsService         : ** Processing to get reward points
2021-11-29 23:17:22.906  INFO 6224 --- [l-13-thread-197] tourGuide.service.RewardsService         : ** Processing to get reward points
2021-11-29 23:17:22.912  INFO 6224 --- [l-13-thread-168] tourGuide.service.RewardsService         : ** Processing to get reward points
2021-11-29 23:17:22.920  INFO 6224 --- [ol-13-thread-25] tourGuide.service.RewardsService         : ** Processing to get reward points
2021-11-29 23:17:22.923  INFO 6224 --- [ol-13-thread-99] tourGuide.service.RewardsService         : ** Processing to get reward points
2021-11-29 23:17:22.934  INFO 6224 --- [l-13-thread-147] tourGuide.service.RewardsService         : ** Processing to get reward points
2021-11-29 23:17:22.935  INFO 6224 --- [l-13-thread-107] tourGuide.service.RewardsService         : ** Processing to get reward points
2021-11-29 23:17:22.935  INFO 6224 --- [l-13-thread-199] tourGuide.service.RewardsService         : ** Processing to get reward points
2021-11-29 23:17:22.936  INFO 6224 --- [l-13-thread-135] tourGuide.service.RewardsService         : ** Processing to get reward points
2021-11-29 23:17:22.937  INFO 6224 --- [l-13-thread-120] tourGuide.service.RewardsService         : ** Processing to get reward points
2021-11-29 23:17:22.940  INFO 6224 --- [ol-13-thread-64] tourGuide.service.RewardsService         : ** Processing to get reward points
2021-11-29 23:17:22.942  INFO 6224 --- [ool-13-thread-8] tourGuide.service.RewardsService         : ** Processing to get reward points
2021-11-29 23:17:22.949  INFO 6224 --- [ol-13-thread-31] tourGuide.service.RewardsService         : ** Processing to get reward points
2021-11-29 23:17:22.951  INFO 6224 --- [l-13-thread-116] tourGuide.service.RewardsService         : ** Processing to get reward points
2021-11-29 23:17:22.954  INFO 6224 --- [ol-13-thread-89] tourGuide.service.RewardsService         : ** Processing to get reward points
2021-11-29 23:17:22.954  INFO 6224 --- [l-13-thread-113] tourGuide.service.RewardsService         : ** Processing to get reward points
2021-11-29 23:17:22.955  INFO 6224 --- [l-13-thread-122] tourGuide.service.RewardsService         : ** Processing to get reward points
2021-11-29 23:17:22.955  INFO 6224 --- [ol-13-thread-18] tourGuide.service.RewardsService         : ** Processing to get reward points
2021-11-29 23:17:22.958  INFO 6224 --- [ol-13-thread-35] tourGuide.service.RewardsService         : ** Processing to get reward points
2021-11-29 23:17:22.958  INFO 6224 --- [ol-13-thread-97] tourGuide.service.RewardsService         : ** Processing to get reward points
2021-11-29 23:17:22.958  INFO 6224 --- [ol-13-thread-32] tourGuide.service.RewardsService         : ** Processing to get reward points
2021-11-29 23:17:22.963  INFO 6224 --- [l-13-thread-186] tourGuide.service.RewardsService         : ** Processing to get reward points
2021-11-29 23:17:22.966  INFO 6224 --- [l-13-thread-134] tourGuide.service.RewardsService         : ** Processing to get reward points
2021-11-29 23:17:22.967  INFO 6224 --- [ol-13-thread-77] tourGuide.service.RewardsService         : ** Processing to get reward points
2021-11-29 23:17:22.972  INFO 6224 --- [ol-13-thread-46] tourGuide.service.RewardsService         : ** Processing to get reward points
2021-11-29 23:17:22.972  INFO 6224 --- [ol-13-thread-56] tourGuide.service.RewardsService         : ** Processing to get reward points
2021-11-29 23:17:22.973  INFO 6224 --- [ool-13-thread-9] tourGuide.service.RewardsService         : ** Processing to get reward points
2021-11-29 23:17:22.977  INFO 6224 --- [l-13-thread-156] tourGuide.service.RewardsService         : ** Processing to get reward points
2021-11-29 23:17:22.979  INFO 6224 --- [l-13-thread-154] tourGuide.service.RewardsService         : ** Processing to get reward points
2021-11-29 23:17:22.984  INFO 6224 --- [l-13-thread-145] tourGuide.service.RewardsService         : ** Processing to get reward points
2021-11-29 23:17:22.986  INFO 6224 --- [ol-13-thread-30] tourGuide.service.RewardsService         : ** Processing to get reward points
2021-11-29 23:17:22.996  INFO 6224 --- [l-13-thread-177] tourGuide.service.RewardsService         : ** Processing to get reward points
2021-11-29 23:17:23.000  INFO 6224 --- [l-13-thread-160] tourGuide.service.RewardsService         : ** Processing to get reward points
2021-11-29 23:17:23.006  INFO 6224 --- [l-13-thread-196] tourGuide.service.RewardsService         : ** Processing to get reward points
2021-11-29 23:17:23.008  INFO 6224 --- [ol-13-thread-24] tourGuide.service.RewardsService         : ** Processing to get reward points
2021-11-29 23:17:23.020  INFO 6224 --- [l-13-thread-150] tourGuide.service.RewardsService         : ** Processing to get reward points
2021-11-29 23:17:23.021  INFO 6224 --- [ol-13-thread-73] tourGuide.service.RewardsService         : ** Processing to get reward points
2021-11-29 23:17:23.022  INFO 6224 --- [l-13-thread-172] tourGuide.service.RewardsService         : ** Processing to get reward points
2021-11-29 23:17:23.025  INFO 6224 --- [ol-13-thread-37] tourGuide.service.RewardsService         : ** Processing to get reward points
2021-11-29 23:17:23.025  INFO 6224 --- [l-13-thread-126] tourGuide.service.RewardsService         : ** Processing to get reward points
2021-11-29 23:17:23.028  INFO 6224 --- [ol-13-thread-75] tourGuide.service.RewardsService         : ** Processing to get reward points
2021-11-29 23:17:23.032  INFO 6224 --- [l-13-thread-124] tourGuide.service.RewardsService         : ** Processing to get reward points
2021-11-29 23:17:23.035  INFO 6224 --- [l-13-thread-115] tourGuide.service.RewardsService         : ** Processing to get reward points
2021-11-29 23:17:23.037  INFO 6224 --- [l-13-thread-184] tourGuide.service.RewardsService         : ** Processing to get reward points
2021-11-29 23:17:23.040  INFO 6224 --- [l-13-thread-166] tourGuide.service.RewardsService         : ** Processing to get reward points
2021-11-29 23:17:23.043  INFO 6224 --- [l-13-thread-106] tourGuide.service.RewardsService         : ** Processing to get reward points
2021-11-29 23:17:23.047  INFO 6224 --- [l-13-thread-165] tourGuide.service.RewardsService         : ** Processing to get reward points
2021-11-29 23:17:23.051  INFO 6224 --- [ol-13-thread-66] tourGuide.service.RewardsService         : ** Processing to get reward points
2021-11-29 23:17:23.052  INFO 6224 --- [ol-13-thread-54] tourGuide.service.RewardsService         : ** Processing to get reward points
2021-11-29 23:17:23.055  INFO 6224 --- [ol-13-thread-52] tourGuide.service.RewardsService         : ** Processing to get reward points
2021-11-29 23:17:23.055  INFO 6224 --- [ol-13-thread-27] tourGuide.service.RewardsService         : ** Processing to get reward points
2021-11-29 23:17:23.058  INFO 6224 --- [l-13-thread-130] tourGuide.service.RewardsService         : ** Processing to get reward points
2021-11-29 23:17:23.058  INFO 6224 --- [ol-13-thread-67] tourGuide.service.RewardsService         : ** Processing to get reward points
2021-11-29 23:17:23.060  INFO 6224 --- [ol-13-thread-71] tourGuide.service.RewardsService         : ** Processing to get reward points
2021-11-29 23:17:23.062  INFO 6224 --- [l-13-thread-131] tourGuide.service.RewardsService         : ** Processing to get reward points
2021-11-29 23:17:23.067  INFO 6224 --- [l-13-thread-136] tourGuide.service.RewardsService         : ** Processing to get reward points
2021-11-29 23:17:23.069  INFO 6224 --- [ol-13-thread-36] tourGuide.service.RewardsService         : ** Processing to get reward points
2021-11-29 23:17:23.070  INFO 6224 --- [l-13-thread-114] tourGuide.service.RewardsService         : ** Processing to get reward points
2021-11-29 23:17:23.077  INFO 6224 --- [ol-13-thread-45] tourGuide.service.RewardsService         : ** Processing to get reward points
2021-11-29 23:17:23.084  INFO 6224 --- [ol-13-thread-53] tourGuide.service.RewardsService         : ** Processing to get reward points
2021-11-29 23:17:23.087  INFO 6224 --- [l-13-thread-119] tourGuide.service.RewardsService         : ** Processing to get reward points
2021-11-29 23:17:23.091  INFO 6224 --- [l-13-thread-163] tourGuide.service.RewardsService         : ** Processing to get reward points
2021-11-29 23:17:23.094  INFO 6224 --- [l-13-thread-171] tourGuide.service.RewardsService         : ** Processing to get reward points
2021-11-29 23:17:23.097  INFO 6224 --- [l-13-thread-111] tourGuide.service.RewardsService         : ** Processing to get reward points
2021-11-29 23:17:23.101  INFO 6224 --- [ol-13-thread-10] tourGuide.service.RewardsService         : ** Processing to get reward points
2021-11-29 23:17:23.105  INFO 6224 --- [l-13-thread-139] tourGuide.service.RewardsService         : ** Processing to get reward points
2021-11-29 23:17:23.106  INFO 6224 --- [l-13-thread-123] tourGuide.service.RewardsService         : ** Processing to get reward points
2021-11-29 23:17:23.107  INFO 6224 --- [ol-13-thread-12] tourGuide.service.RewardsService         : ** Processing to get reward points
2021-11-29 23:17:23.108  INFO 6224 --- [ol-13-thread-21] tourGuide.service.RewardsService         : ** Processing to get reward points
2021-11-29 23:17:23.109  INFO 6224 --- [l-13-thread-179] tourGuide.service.RewardsService         : ** Processing to get reward points
2021-11-29 23:17:23.111  INFO 6224 --- [ol-13-thread-82] tourGuide.service.RewardsService         : ** Processing to get reward points
2021-11-29 23:17:23.113  INFO 6224 --- [ol-13-thread-46] tourGuide.service.RewardsService         : ** Processing to get reward points
2021-11-29 23:17:23.118  INFO 6224 --- [ol-13-thread-98] tourGuide.service.RewardsService         : ** Processing to get reward points
2021-11-29 23:17:23.122  INFO 6224 --- [ol-13-thread-62] tourGuide.service.RewardsService         : ** Processing to get reward points
2021-11-29 23:17:23.123  INFO 6224 --- [l-13-thread-138] tourGuide.service.RewardsService         : ** Processing to get reward points
2021-11-29 23:17:23.125  INFO 6224 --- [l-13-thread-123] tourGuide.service.RewardsService         : ** Processing to get reward points
2021-11-29 23:17:23.128  INFO 6224 --- [ol-13-thread-19] tourGuide.service.RewardsService         : ** Processing to get reward points
2021-11-29 23:17:23.129  INFO 6224 --- [l-13-thread-177] tourGuide.service.RewardsService         : ** Processing to get reward points
2021-11-29 23:17:23.130  INFO 6224 --- [ol-13-thread-14] tourGuide.service.RewardsService         : ** Processing to get reward points
2021-11-29 23:17:23.130  INFO 6224 --- [ol-13-thread-79] tourGuide.service.RewardsService         : ** Processing to get reward points
2021-11-29 23:17:23.131  INFO 6224 --- [l-13-thread-161] tourGuide.service.RewardsService         : ** Processing to get reward points
2021-11-29 23:17:23.131  INFO 6224 --- [l-13-thread-147] tourGuide.service.RewardsService         : ** Processing to get reward points
2021-11-29 23:17:23.132  INFO 6224 --- [l-13-thread-176] tourGuide.service.RewardsService         : ** Processing to get reward points
2021-11-29 23:17:23.139  INFO 6224 --- [l-13-thread-192] tourGuide.service.RewardsService         : ** Processing to get reward points
2021-11-29 23:17:23.142  INFO 6224 --- [l-13-thread-155] tourGuide.service.RewardsService         : ** Processing to get reward points
2021-11-29 23:17:23.145  INFO 6224 --- [l-13-thread-194] tourGuide.service.RewardsService         : ** Processing to get reward points
2021-11-29 23:17:23.147  INFO 6224 --- [ol-13-thread-50] tourGuide.service.RewardsService         : ** Processing to get reward points
2021-11-29 23:17:23.156  INFO 6224 --- [ol-13-thread-94] tourGuide.service.RewardsService         : ** Processing to get reward points
2021-11-29 23:17:23.163  INFO 6224 --- [l-13-thread-116] tourGuide.service.RewardsService         : ** Processing to get reward points
2021-11-29 23:17:23.172  INFO 6224 --- [l-13-thread-125] tourGuide.service.RewardsService         : ** Processing to get reward points
2021-11-29 23:17:23.179  INFO 6224 --- [ol-13-thread-68] tourGuide.service.RewardsService         : ** Processing to get reward points
2021-11-29 23:17:23.182  INFO 6224 --- [l-13-thread-141] tourGuide.service.RewardsService         : ** Processing to get reward points
2021-11-29 23:17:23.191  INFO 6224 --- [ol-13-thread-78] tourGuide.service.RewardsService         : ** Processing to get reward points
2021-11-29 23:17:23.194  INFO 6224 --- [ol-13-thread-45] tourGuide.service.RewardsService         : ** Processing to get reward points
2021-11-29 23:17:23.196  INFO 6224 --- [ol-13-thread-22] tourGuide.service.RewardsService         : ** Processing to get reward points
2021-11-29 23:17:23.196  INFO 6224 --- [ol-13-thread-53] tourGuide.service.RewardsService         : ** Processing to get reward points
2021-11-29 23:17:23.199  INFO 6224 --- [ol-13-thread-90] tourGuide.service.RewardsService         : ** Processing to get reward points
2021-11-29 23:17:23.199  INFO 6224 --- [l-13-thread-193] tourGuide.service.RewardsService         : ** Processing to get reward points
2021-11-29 23:17:23.202  INFO 6224 --- [ol-13-thread-27] tourGuide.service.RewardsService         : ** Processing to get reward points
2021-11-29 23:17:23.203  INFO 6224 --- [l-13-thread-134] tourGuide.service.RewardsService         : ** Processing to get reward points
2021-11-29 23:17:23.210  INFO 6224 --- [l-13-thread-156] tourGuide.service.RewardsService         : ** Processing to get reward points
2021-11-29 23:17:23.210  INFO 6224 --- [l-13-thread-133] tourGuide.service.RewardsService         : ** Processing to get reward points
2021-11-29 23:17:23.212  INFO 6224 --- [ol-13-thread-65] tourGuide.service.RewardsService         : ** Processing to get reward points
2021-11-29 23:17:23.222  INFO 6224 --- [ol-13-thread-96] tourGuide.service.RewardsService         : ** Processing to get reward points
2021-11-29 23:17:23.232  INFO 6224 --- [ol-13-thread-15] tourGuide.service.RewardsService         : ** Processing to get reward points
2021-11-29 23:17:23.235  INFO 6224 --- [ol-13-thread-80] tourGuide.service.RewardsService         : ** Processing to get reward points
2021-11-29 23:17:23.256  INFO 6224 --- [ol-13-thread-82] tourGuide.service.RewardsService         : ** Processing to get reward points
2021-11-29 23:17:23.258  INFO 6224 --- [ol-13-thread-39] tourGuide.service.RewardsService         : ** Processing to get reward points
2021-11-29 23:17:23.259  INFO 6224 --- [l-13-thread-191] tourGuide.service.RewardsService         : ** Processing to get reward points
2021-11-29 23:17:23.259  INFO 6224 --- [l-13-thread-116] tourGuide.service.RewardsService         : ** Processing to get reward points
2021-11-29 23:17:23.263  INFO 6224 --- [l-13-thread-151] tourGuide.service.RewardsService         : ** Processing to get reward points
2021-11-29 23:17:23.268  INFO 6224 --- [l-13-thread-157] tourGuide.service.RewardsService         : ** Processing to get reward points
2021-11-29 23:17:23.269  INFO 6224 --- [ol-13-thread-87] tourGuide.service.RewardsService         : ** Processing to get reward points
2021-11-29 23:17:23.269  INFO 6224 --- [ol-13-thread-28] tourGuide.service.RewardsService         : ** Processing to get reward points
2021-11-29 23:17:23.269  INFO 6224 --- [l-13-thread-177] tourGuide.service.RewardsService         : ** Processing to get reward points
2021-11-29 23:17:23.269  INFO 6224 --- [l-13-thread-103] tourGuide.service.RewardsService         : ** Processing to get reward points
2021-11-29 23:17:23.272  INFO 6224 --- [l-13-thread-140] tourGuide.service.RewardsService         : ** Processing to get reward points
2021-11-29 23:17:23.272  INFO 6224 --- [l-13-thread-198] tourGuide.service.RewardsService         : ** Processing to get reward points
2021-11-29 23:17:23.274  INFO 6224 --- [l-13-thread-102] tourGuide.service.RewardsService         : ** Processing to get reward points
2021-11-29 23:17:23.274  INFO 6224 --- [ol-13-thread-57] tourGuide.service.RewardsService         : ** Processing to get reward points
2021-11-29 23:17:23.275  INFO 6224 --- [ol-13-thread-63] tourGuide.service.RewardsService         : ** Processing to get reward points
2021-11-29 23:17:23.275  INFO 6224 --- [ol-13-thread-56] tourGuide.service.RewardsService         : ** Processing to get reward points
2021-11-29 23:17:23.276  INFO 6224 --- [ol-13-thread-76] tourGuide.service.RewardsService         : ** Processing to get reward points
2021-11-29 23:17:23.278  INFO 6224 --- [l-13-thread-117] tourGuide.service.RewardsService         : ** Processing to get reward points
2021-11-29 23:17:23.281  INFO 6224 --- [l-13-thread-200] tourGuide.service.RewardsService         : ** Processing to get reward points
2021-11-29 23:17:23.284  INFO 6224 --- [ol-13-thread-87] tourGuide.service.RewardsService         : ** Processing to get reward points
2021-11-29 23:17:23.286  INFO 6224 --- [ol-13-thread-20] tourGuide.service.RewardsService         : ** Processing to get reward points
2021-11-29 23:17:23.287  INFO 6224 --- [l-13-thread-134] tourGuide.service.RewardsService         : ** Processing to get reward points
2021-11-29 23:17:23.293  INFO 6224 --- [ol-13-thread-81] tourGuide.service.RewardsService         : ** Processing to get reward points
2021-11-29 23:17:23.295  INFO 6224 --- [ol-13-thread-60] tourGuide.service.RewardsService         : ** Processing to get reward points
2021-11-29 23:17:23.295  INFO 6224 --- [ol-13-thread-86] tourGuide.service.RewardsService         : ** Processing to get reward points
2021-11-29 23:17:23.297  INFO 6224 --- [l-13-thread-159] tourGuide.service.RewardsService         : ** Processing to get reward points
2021-11-29 23:17:23.299  INFO 6224 --- [l-13-thread-132] tourGuide.service.RewardsService         : ** Processing to get reward points
2021-11-29 23:17:23.301  INFO 6224 --- [l-13-thread-164] tourGuide.service.RewardsService         : ** Processing to get reward points
2021-11-29 23:17:23.307  INFO 6224 --- [ol-13-thread-37] tourGuide.service.RewardsService         : ** Processing to get reward points
2021-11-29 23:17:23.308  INFO 6224 --- [l-13-thread-113] tourGuide.service.RewardsService         : ** Processing to get reward points
2021-11-29 23:17:23.309  INFO 6224 --- [ol-13-thread-83] tourGuide.service.RewardsService         : ** Processing to get reward points
2021-11-29 23:17:23.310  INFO 6224 --- [l-13-thread-109] tourGuide.service.RewardsService         : ** Processing to get reward points
2021-11-29 23:17:23.312  INFO 6224 --- [ol-13-thread-29] tourGuide.service.RewardsService         : ** Processing to get reward points
2021-11-29 23:17:23.315  INFO 6224 --- [l-13-thread-188] tourGuide.service.RewardsService         : ** Processing to get reward points
2021-11-29 23:17:23.320  INFO 6224 --- [l-13-thread-146] tourGuide.service.RewardsService         : ** Processing to get reward points
2021-11-29 23:17:23.321  INFO 6224 --- [ol-13-thread-84] tourGuide.service.RewardsService         : ** Processing to get reward points
2021-11-29 23:17:23.321  INFO 6224 --- [l-13-thread-174] tourGuide.service.RewardsService         : ** Processing to get reward points
2021-11-29 23:17:23.321  INFO 6224 --- [l-13-thread-158] tourGuide.service.RewardsService         : ** Processing to get reward points
2021-11-29 23:17:23.326  INFO 6224 --- [ol-13-thread-16] tourGuide.service.RewardsService         : ** Processing to get reward points
2021-11-29 23:17:23.329  INFO 6224 --- [ol-13-thread-18] tourGuide.service.RewardsService         : ** Processing to get reward points
2021-11-29 23:17:23.330  INFO 6224 --- [ol-13-thread-14] tourGuide.service.RewardsService         : ** Processing to get reward points
2021-11-29 23:17:23.334  INFO 6224 --- [ol-13-thread-38] tourGuide.service.RewardsService         : ** Processing to get reward points
2021-11-29 23:17:23.339  INFO 6224 --- [l-13-thread-195] tourGuide.service.RewardsService         : ** Processing to get reward points
2021-11-29 23:17:23.345  INFO 6224 --- [l-13-thread-169] tourGuide.service.RewardsService         : ** Processing to get reward points
2021-11-29 23:17:23.348  INFO 6224 --- [l-13-thread-167] tourGuide.service.RewardsService         : ** Processing to get reward points
2021-11-29 23:17:23.351  INFO 6224 --- [l-13-thread-190] tourGuide.service.RewardsService         : ** Processing to get reward points
2021-11-29 23:17:23.351  INFO 6224 --- [l-13-thread-179] tourGuide.service.RewardsService         : ** Processing to get reward points
2021-11-29 23:17:23.358  INFO 6224 --- [l-13-thread-166] tourGuide.service.RewardsService         : ** Processing to get reward points
2021-11-29 23:17:23.358  INFO 6224 --- [l-13-thread-162] tourGuide.service.RewardsService         : ** Processing to get reward points
2021-11-29 23:17:23.359  INFO 6224 --- [l-13-thread-152] tourGuide.service.RewardsService         : ** Processing to get reward points
2021-11-29 23:17:23.361  INFO 6224 --- [ol-13-thread-50] tourGuide.service.RewardsService         : ** Processing to get reward points
2021-11-29 23:17:23.364  INFO 6224 --- [ol-13-thread-91] tourGuide.service.RewardsService         : ** Processing to get reward points
2021-11-29 23:17:23.367  INFO 6224 --- [l-13-thread-165] tourGuide.service.RewardsService         : ** Processing to get reward points
2021-11-29 23:17:23.371  INFO 6224 --- [ol-13-thread-74] tourGuide.service.RewardsService         : ** Processing to get reward points
2021-11-29 23:17:23.375  INFO 6224 --- [ool-13-thread-5] tourGuide.service.RewardsService         : ** Processing to get reward points
2021-11-29 23:17:23.379  INFO 6224 --- [l-13-thread-100] tourGuide.service.RewardsService         : ** Processing to get reward points
2021-11-29 23:17:23.381  INFO 6224 --- [ol-13-thread-92] tourGuide.service.RewardsService         : ** Processing to get reward points
2021-11-29 23:17:23.416  INFO 6224 --- [l-13-thread-191] tourGuide.service.RewardsService         : ** Processing to get reward points
2021-11-29 23:17:23.417  INFO 6224 --- [l-13-thread-115] tourGuide.service.RewardsService         : ** Processing to get reward points
2021-11-29 23:17:23.417  INFO 6224 --- [l-13-thread-182] tourGuide.service.RewardsService         : ** Processing to get reward points
2021-11-29 23:17:23.418  INFO 6224 --- [ol-13-thread-27] tourGuide.service.RewardsService         : ** Processing to get reward points
2021-11-29 23:17:23.418  INFO 6224 --- [l-13-thread-114] tourGuide.service.RewardsService         : ** Processing to get reward points
2021-11-29 23:17:23.418  INFO 6224 --- [l-13-thread-151] tourGuide.service.RewardsService         : ** Processing to get reward points
2021-11-29 23:17:23.419  INFO 6224 --- [ol-13-thread-32] tourGuide.service.RewardsService         : ** Processing to get reward points
2021-11-29 23:17:23.419  INFO 6224 --- [ol-13-thread-26] tourGuide.service.RewardsService         : ** Processing to get reward points
2021-11-29 23:17:23.419  INFO 6224 --- [l-13-thread-110] tourGuide.service.RewardsService         : ** Processing to get reward points
2021-11-29 23:17:23.422  INFO 6224 --- [l-13-thread-186] tourGuide.service.RewardsService         : ** Processing to get reward points
2021-11-29 23:17:23.422  INFO 6224 --- [ol-13-thread-48] tourGuide.service.RewardsService         : ** Processing to get reward points
2021-11-29 23:17:23.422  INFO 6224 --- [ol-13-thread-77] tourGuide.service.RewardsService         : ** Processing to get reward points
2021-11-29 23:17:23.424  INFO 6224 --- [l-13-thread-111] tourGuide.service.RewardsService         : ** Processing to get reward points
2021-11-29 23:17:23.424  INFO 6224 --- [ol-13-thread-55] tourGuide.service.RewardsService         : ** Processing to get reward points
2021-11-29 23:17:23.424  INFO 6224 --- [ol-13-thread-56] tourGuide.service.RewardsService         : ** Processing to get reward points
2021-11-29 23:17:23.425  INFO 6224 --- [l-13-thread-148] tourGuide.service.RewardsService         : ** Processing to get reward points
2021-11-29 23:17:23.425  INFO 6224 --- [l-13-thread-153] tourGuide.service.RewardsService         : ** Processing to get reward points
2021-11-29 23:17:23.425  INFO 6224 --- [ol-13-thread-58] tourGuide.service.RewardsService         : ** Processing to get reward points
2021-11-29 23:17:23.428  INFO 6224 --- [ol-13-thread-93] tourGuide.service.RewardsService         : ** Processing to get reward points
2021-11-29 23:17:23.428  INFO 6224 --- [l-13-thread-141] tourGuide.service.RewardsService         : ** Processing to get reward points
2021-11-29 23:17:23.430  INFO 6224 --- [l-13-thread-149] tourGuide.service.RewardsService         : ** Processing to get reward points
2021-11-29 23:17:23.430  INFO 6224 --- [ol-13-thread-66] tourGuide.service.RewardsService         : ** Processing to get reward points
2021-11-29 23:17:23.430  INFO 6224 --- [ol-13-thread-96] tourGuide.service.RewardsService         : ** Processing to get reward points
2021-11-29 23:17:23.431  INFO 6224 --- [l-13-thread-137] tourGuide.service.RewardsService         : ** Processing to get reward points
2021-11-29 23:17:23.432  INFO 6224 --- [l-13-thread-122] tourGuide.service.RewardsService         : ** Processing to get reward points
2021-11-29 23:17:23.432  INFO 6224 --- [ol-13-thread-17] tourGuide.service.RewardsService         : ** Processing to get reward points
2021-11-29 23:17:23.434  INFO 6224 --- [l-13-thread-144] tourGuide.service.RewardsService         : ** Processing to get reward points
2021-11-29 23:17:23.435  INFO 6224 --- [ol-13-thread-33] tourGuide.service.RewardsService         : ** Processing to get reward points
2021-11-29 23:17:23.435  INFO 6224 --- [l-13-thread-118] tourGuide.service.RewardsService         : ** Processing to get reward points
2021-11-29 23:17:23.437  INFO 6224 --- [ool-13-thread-8] tourGuide.service.RewardsService         : ** Processing to get reward points
2021-11-29 23:17:23.437  INFO 6224 --- [l-13-thread-108] tourGuide.service.RewardsService         : ** Processing to get reward points
2021-11-29 23:17:23.438  INFO 6224 --- [l-13-thread-121] tourGuide.service.RewardsService         : ** Processing to get reward points
2021-11-29 23:17:23.441  INFO 6224 --- [l-13-thread-128] tourGuide.service.RewardsService         : ** Processing to get reward points
2021-11-29 23:17:23.441  INFO 6224 --- [l-13-thread-145] tourGuide.service.RewardsService         : ** Processing to get reward points
2021-11-29 23:17:23.442  INFO 6224 --- [ool-13-thread-3] tourGuide.service.RewardsService         : ** Processing to get reward points
2021-11-29 23:17:23.455  INFO 6224 --- [ol-13-thread-88] tourGuide.service.RewardsService         : ** Processing to get reward points
2021-11-29 23:17:23.456  INFO 6224 --- [ol-13-thread-30] tourGuide.service.RewardsService         : ** Processing to get reward points
2021-11-29 23:17:23.459  INFO 6224 --- [l-13-thread-184] tourGuide.service.RewardsService         : ** Processing to get reward points
2021-11-29 23:17:23.472  INFO 6224 --- [l-13-thread-103] tourGuide.service.RewardsService         : ** Processing to get reward points
2021-11-29 23:17:23.476  INFO 6224 --- [ool-13-thread-6] tourGuide.service.RewardsService         : ** Processing to get reward points
2021-11-29 23:17:23.487  INFO 6224 --- [ol-13-thread-53] tourGuide.service.RewardsService         : ** Processing to get reward points
2021-11-29 23:17:23.510  INFO 6224 --- [ol-13-thread-85] tourGuide.service.RewardsService         : ** Processing to get reward points
2021-11-29 23:17:23.512  INFO 6224 --- [l-13-thread-188] tourGuide.service.RewardsService         : ** Processing to get reward points
2021-11-29 23:17:23.525  INFO 6224 --- [l-13-thread-187] tourGuide.service.RewardsService         : ** Processing to get reward points
2021-11-29 23:17:23.533  INFO 6224 --- [l-13-thread-133] tourGuide.service.RewardsService         : ** Processing to get reward points
2021-11-29 23:17:23.545  INFO 6224 --- [l-13-thread-185] tourGuide.service.RewardsService         : ** Processing to get reward points
2021-11-29 23:17:23.550  INFO 6224 --- [l-13-thread-114] tourGuide.service.RewardsService         : ** Processing to get reward points
2021-11-29 23:17:23.553  INFO 6224 --- [ool-13-thread-7] tourGuide.service.RewardsService         : ** Processing to get reward points
2021-11-29 23:17:23.556  INFO 6224 --- [l-13-thread-181] tourGuide.service.RewardsService         : ** Processing to get reward points
2021-11-29 23:17:23.560  INFO 6224 --- [l-13-thread-173] tourGuide.service.RewardsService         : ** Processing to get reward points
2021-11-29 23:17:23.563  INFO 6224 --- [l-13-thread-127] tourGuide.service.RewardsService         : ** Processing to get reward points
2021-11-29 23:17:23.566  INFO 6224 --- [ol-13-thread-69] tourGuide.service.RewardsService         : ** Processing to get reward points
2021-11-29 23:17:23.566  INFO 6224 --- [ol-13-thread-87] tourGuide.service.RewardsService         : ** Processing to get reward points
2021-11-29 23:17:23.570  INFO 6224 --- [ol-13-thread-59] tourGuide.service.RewardsService         : ** Processing to get reward points
2021-11-29 23:17:23.570  INFO 6224 --- [l-13-thread-154] tourGuide.service.RewardsService         : ** Processing to get reward points
2021-11-29 23:17:23.571  INFO 6224 --- [ool-13-thread-9] tourGuide.service.RewardsService         : ** Processing to get reward points
2021-11-29 23:17:23.577  INFO 6224 --- [l-13-thread-172] tourGuide.service.RewardsService         : ** Processing to get reward points
2021-11-29 23:17:23.577  INFO 6224 --- [ol-13-thread-40] tourGuide.service.RewardsService         : ** Processing to get reward points
2021-11-29 23:17:23.578  INFO 6224 --- [ol-13-thread-79] tourGuide.service.RewardsService         : ** Processing to get reward points
2021-11-29 23:17:23.577  INFO 6224 --- [l-13-thread-193] tourGuide.service.RewardsService         : ** Processing to get reward points
2021-11-29 23:17:23.580  INFO 6224 --- [l-13-thread-156] tourGuide.service.RewardsService         : ** Processing to get reward points
2021-11-29 23:17:23.583  INFO 6224 --- [ol-13-thread-13] tourGuide.service.RewardsService         : ** Processing to get reward points
2021-11-29 23:17:23.584  INFO 6224 --- [ol-13-thread-90] tourGuide.service.RewardsService         : ** Processing to get reward points
2021-11-29 23:17:23.585  INFO 6224 --- [ol-13-thread-70] tourGuide.service.RewardsService         : ** Processing to get reward points
2021-11-29 23:17:23.587  INFO 6224 --- [ol-13-thread-29] tourGuide.service.RewardsService         : ** Processing to get reward points
2021-11-29 23:17:23.589  INFO 6224 --- [ol-13-thread-61] tourGuide.service.RewardsService         : ** Processing to get reward points
2021-11-29 23:17:23.589  INFO 6224 --- [ol-13-thread-10] tourGuide.service.RewardsService         : ** Processing to get reward points
2021-11-29 23:17:23.590  INFO 6224 --- [ol-13-thread-51] tourGuide.service.RewardsService         : ** Processing to get reward points
2021-11-29 23:17:23.592  INFO 6224 --- [l-13-thread-101] tourGuide.service.RewardsService         : ** Processing to get reward points
2021-11-29 23:17:23.592  INFO 6224 --- [l-13-thread-143] tourGuide.service.RewardsService         : ** Processing to get reward points
2021-11-29 23:17:23.595  INFO 6224 --- [ol-13-thread-41] tourGuide.service.RewardsService         : ** Processing to get reward points
2021-11-29 23:17:23.596  INFO 6224 --- [l-13-thread-183] tourGuide.service.RewardsService         : ** Processing to get reward points
2021-11-29 23:17:23.596  INFO 6224 --- [ol-13-thread-95] tourGuide.service.RewardsService         : ** Processing to get reward points
2021-11-29 23:17:23.598  INFO 6224 --- [l-13-thread-105] tourGuide.service.RewardsService         : ** Processing to get reward points
2021-11-29 23:17:23.598  INFO 6224 --- [ol-13-thread-25] tourGuide.service.RewardsService         : ** Processing to get reward points
2021-11-29 23:17:23.600  INFO 6224 --- [ol-13-thread-49] tourGuide.service.RewardsService         : ** Processing to get reward points
2021-11-29 23:17:23.605  INFO 6224 --- [l-13-thread-107] tourGuide.service.RewardsService         : ** Processing to get reward points
2021-11-29 23:17:23.607  INFO 6224 --- [ol-13-thread-52] tourGuide.service.RewardsService         : ** Processing to get reward points
2021-11-29 23:17:23.619  INFO 6224 --- [ol-13-thread-91] tourGuide.service.RewardsService         : ** Processing to get reward points
2021-11-29 23:17:23.622  INFO 6224 --- [ol-13-thread-23] tourGuide.service.RewardsService         : ** Processing to get reward points
2021-11-29 23:17:23.627  INFO 6224 --- [ol-13-thread-94] tourGuide.service.RewardsService         : ** Processing to get reward points
2021-11-29 23:17:23.630  INFO 6224 --- [l-13-thread-166] tourGuide.service.RewardsService         : ** Processing to get reward points
2021-11-29 23:17:23.638  INFO 6224 --- [ol-13-thread-24] tourGuide.service.RewardsService         : ** Processing to get reward points
2021-11-29 23:17:23.640  INFO 6224 --- [ol-13-thread-53] tourGuide.service.RewardsService         : ** Processing to get reward points
2021-11-29 23:17:23.643  INFO 6224 --- [l-13-thread-109] tourGuide.service.RewardsService         : ** Processing to get reward points
2021-11-29 23:17:23.646  INFO 6224 --- [l-13-thread-160] tourGuide.service.RewardsService         : ** Processing to get reward points
2021-11-29 23:17:23.655  INFO 6224 --- [l-13-thread-175] tourGuide.service.RewardsService         : ** Processing to get reward points
2021-11-29 23:17:23.658  INFO 6224 --- [l-13-thread-123] tourGuide.service.RewardsService         : ** Processing to get reward points
2021-11-29 23:17:23.660  INFO 6224 --- [l-13-thread-142] tourGuide.service.RewardsService         : ** Processing to get reward points
2021-11-29 23:17:23.660  INFO 6224 --- [l-13-thread-189] tourGuide.service.RewardsService         : ** Processing to get reward points
2021-11-29 23:17:23.660  INFO 6224 --- [ol-13-thread-43] tourGuide.service.RewardsService         : ** Processing to get reward points
2021-11-29 23:17:23.659  INFO 6224 --- [ool-13-thread-9] tourGuide.service.RewardsService         : ** Processing to get reward points
2021-11-29 23:17:23.662  INFO 6224 --- [l-13-thread-129] tourGuide.service.RewardsService         : ** Processing to get reward points
2021-11-29 23:17:23.667  INFO 6224 --- [ool-13-thread-1] tourGuide.service.RewardsService         : ** Processing to get reward points
2021-11-29 23:17:23.671  INFO 6224 --- [l-13-thread-178] tourGuide.service.RewardsService         : ** Processing to get reward points
2021-11-29 23:17:23.681  INFO 6224 --- [l-13-thread-140] tourGuide.service.RewardsService         : ** Processing to get reward points
2021-11-29 23:17:23.686  INFO 6224 --- [ool-13-thread-2] tourGuide.service.RewardsService         : ** Processing to get reward points
2021-11-29 23:17:23.691  INFO 6224 --- [ol-13-thread-38] tourGuide.service.RewardsService         : ** Processing to get reward points
2021-11-29 23:17:23.695  INFO 6224 --- [ol-13-thread-40] tourGuide.service.RewardsService         : ** Processing to get reward points
2021-11-29 23:17:23.702  INFO 6224 --- [ol-13-thread-68] tourGuide.service.RewardsService         : ** Processing to get reward points
2021-11-29 23:17:23.710  INFO 6224 --- [l-13-thread-128] tourGuide.service.RewardsService         : ** Processing to get reward points
2021-11-29 23:17:23.713  INFO 6224 --- [ool-13-thread-4] tourGuide.service.RewardsService         : ** Processing to get reward points
2021-11-29 23:17:23.714  INFO 6224 --- [l-13-thread-196] tourGuide.service.RewardsService         : ** Processing to get reward points
2021-11-29 23:17:23.715  INFO 6224 --- [l-13-thread-168] tourGuide.service.RewardsService         : ** Processing to get reward points
2021-11-29 23:17:23.715  INFO 6224 --- [ol-13-thread-99] tourGuide.service.RewardsService         : ** Processing to get reward points
2021-11-29 23:17:23.717  INFO 6224 --- [l-13-thread-159] tourGuide.service.RewardsService         : ** Processing to get reward points
2021-11-29 23:17:23.719  INFO 6224 --- [ol-13-thread-90] tourGuide.service.RewardsService         : ** Processing to get reward points
2021-11-29 23:17:23.719  INFO 6224 --- [ol-13-thread-89] tourGuide.service.RewardsService         : ** Processing to get reward points
2021-11-29 23:17:23.719  INFO 6224 --- [ol-13-thread-42] tourGuide.service.RewardsService         : ** Processing to get reward points
2021-11-29 23:17:23.720  INFO 6224 --- [l-13-thread-167] tourGuide.service.RewardsService         : ** Processing to get reward points
2021-11-29 23:17:23.721  INFO 6224 --- [ool-13-thread-7] tourGuide.service.RewardsService         : ** Processing to get reward points
2021-11-29 23:17:23.721  INFO 6224 --- [ol-13-thread-63] tourGuide.service.RewardsService         : ** Processing to get reward points
2021-11-29 23:17:23.723  INFO 6224 --- [l-13-thread-107] tourGuide.service.RewardsService         : ** Processing to get reward points
2021-11-29 23:17:23.723  INFO 6224 --- [ool-13-thread-3] tourGuide.service.RewardsService         : ** Processing to get reward points
2021-11-29 23:17:23.724  INFO 6224 --- [l-13-thread-100] tourGuide.service.RewardsService         : ** Processing to get reward points
2021-11-29 23:17:23.725  INFO 6224 --- [l-13-thread-119] tourGuide.service.RewardsService         : ** Processing to get reward points
2021-11-29 23:17:23.726  INFO 6224 --- [l-13-thread-154] tourGuide.service.RewardsService         : ** Processing to get reward points
2021-11-29 23:17:23.730  INFO 6224 --- [l-13-thread-181] tourGuide.service.RewardsService         : ** Processing to get reward points
2021-11-29 23:17:23.733  INFO 6224 --- [l-13-thread-104] tourGuide.service.RewardsService         : ** Processing to get reward points
2021-11-29 23:17:23.733  INFO 6224 --- [ol-13-thread-36] tourGuide.service.RewardsService         : ** Processing to get reward points
2021-11-29 23:17:23.734  INFO 6224 --- [ol-13-thread-86] tourGuide.service.RewardsService         : ** Processing to get reward points
2021-11-29 23:17:23.734  INFO 6224 --- [ol-13-thread-31] tourGuide.service.RewardsService         : ** Processing to get reward points
2021-11-29 23:17:23.734  INFO 6224 --- [l-13-thread-131] tourGuide.service.RewardsService         : ** Processing to get reward points
2021-11-29 23:17:23.734  INFO 6224 --- [l-13-thread-197] tourGuide.service.RewardsService         : ** Processing to get reward points
2021-11-29 23:17:23.736  INFO 6224 --- [ol-13-thread-44] tourGuide.service.RewardsService         : ** Processing to get reward points
2021-11-29 23:17:23.739  INFO 6224 --- [l-13-thread-124] tourGuide.service.RewardsService         : ** Processing to get reward points
2021-11-29 23:17:23.740  INFO 6224 --- [l-13-thread-123] tourGuide.service.RewardsService         : ** Processing to get reward points
2021-11-29 23:17:23.741  INFO 6224 --- [ol-13-thread-58] tourGuide.service.RewardsService         : ** Processing to get reward points
2021-11-29 23:17:23.741  INFO 6224 --- [ol-13-thread-11] tourGuide.service.RewardsService         : ** Processing to get reward points
2021-11-29 23:17:23.741  INFO 6224 --- [l-13-thread-134] tourGuide.service.RewardsService         : ** Processing to get reward points
2021-11-29 23:17:23.746  INFO 6224 --- [ol-13-thread-81] tourGuide.service.RewardsService         : ** Processing to get reward points
2021-11-29 23:17:23.746  INFO 6224 --- [l-13-thread-200] tourGuide.service.RewardsService         : ** Processing to get reward points
2021-11-29 23:17:23.751  INFO 6224 --- [l-13-thread-119] tourGuide.service.RewardsService         : ** Processing to get reward points
2021-11-29 23:17:23.754  INFO 6224 --- [l-13-thread-187] tourGuide.service.RewardsService         : ** Processing to get reward points
2021-11-29 23:17:23.758  INFO 6224 --- [ol-13-thread-23] tourGuide.service.RewardsService         : ** Processing to get reward points
2021-11-29 23:17:23.758  INFO 6224 --- [ol-13-thread-61] tourGuide.service.RewardsService         : ** Processing to get reward points
2021-11-29 23:17:23.759  INFO 6224 --- [ol-13-thread-47] tourGuide.service.RewardsService         : ** Processing to get reward points
2021-11-29 23:17:23.763  INFO 6224 --- [l-13-thread-135] tourGuide.service.RewardsService         : ** Processing to get reward points
2021-11-29 23:17:23.764  INFO 6224 --- [ol-13-thread-74] tourGuide.service.RewardsService         : ** Processing to get reward points
2021-11-29 23:17:23.768  INFO 6224 --- [l-13-thread-114] tourGuide.service.RewardsService         : ** Processing to get reward points
2021-11-29 23:17:23.772  INFO 6224 --- [ol-13-thread-77] tourGuide.service.RewardsService         : ** Processing to get reward points
2021-11-29 23:17:23.776  INFO 6224 --- [l-13-thread-191] tourGuide.service.RewardsService         : ** Processing to get reward points
2021-11-29 23:17:23.782  INFO 6224 --- [ol-13-thread-30] tourGuide.service.RewardsService         : ** Processing to get reward points
2021-11-29 23:17:23.787  INFO 6224 --- [l-13-thread-136] tourGuide.service.RewardsService         : ** Processing to get reward points
2021-11-29 23:17:23.787  INFO 6224 --- [ol-13-thread-34] tourGuide.service.RewardsService         : ** Processing to get reward points
2021-11-29 23:17:23.788  INFO 6224 --- [l-13-thread-106] tourGuide.service.RewardsService         : ** Processing to get reward points
2021-11-29 23:17:23.790  INFO 6224 --- [ol-13-thread-15] tourGuide.service.RewardsService         : ** Processing to get reward points
2021-11-29 23:17:23.794  INFO 6224 --- [ol-13-thread-76] tourGuide.service.RewardsService         : ** Processing to get reward points
2021-11-29 23:17:23.799  INFO 6224 --- [l-13-thread-132] tourGuide.service.RewardsService         : ** Processing to get reward points
2021-11-29 23:17:23.799  INFO 6224 --- [ol-13-thread-19] tourGuide.service.RewardsService         : ** Processing to get reward points
2021-11-29 23:17:23.799  INFO 6224 --- [l-13-thread-112] tourGuide.service.RewardsService         : ** Processing to get reward points
2021-11-29 23:17:23.803  INFO 6224 --- [ol-13-thread-28] tourGuide.service.RewardsService         : ** Processing to get reward points
2021-11-29 23:17:23.808  INFO 6224 --- [l-13-thread-180] tourGuide.service.RewardsService         : ** Processing to get reward points
2021-11-29 23:17:23.813  INFO 6224 --- [l-13-thread-104] tourGuide.service.RewardsService         : ** Processing to get reward points
2021-11-29 23:17:23.819  INFO 6224 --- [ol-13-thread-71] tourGuide.service.RewardsService         : ** Processing to get reward points
2021-11-29 23:17:23.824  INFO 6224 --- [l-13-thread-161] tourGuide.service.RewardsService         : ** Processing to get reward points
2021-11-29 23:17:23.834  INFO 6224 --- [l-13-thread-113] tourGuide.service.RewardsService         : ** Processing to get reward points
2021-11-29 23:17:23.845  INFO 6224 --- [ol-13-thread-45] tourGuide.service.RewardsService         : ** Processing to get reward points
2021-11-29 23:17:23.846  INFO 6224 --- [ol-13-thread-38] tourGuide.service.RewardsService         : ** Processing to get reward points
2021-11-29 23:17:23.856  INFO 6224 --- [ol-13-thread-34] tourGuide.service.RewardsService         : ** Processing to get reward points
2021-11-29 23:17:23.856  INFO 6224 --- [l-13-thread-163] tourGuide.service.RewardsService         : ** Processing to get reward points
2021-11-29 23:17:23.862  INFO 6224 --- [ol-13-thread-98] tourGuide.service.RewardsService         : ** Processing to get reward points
2021-11-29 23:17:23.863  INFO 6224 --- [l-13-thread-171] tourGuide.service.RewardsService         : ** Processing to get reward points
2021-11-29 23:17:23.873  INFO 6224 --- [ol-13-thread-75] tourGuide.service.RewardsService         : ** Processing to get reward points
2021-11-29 23:17:23.873  INFO 6224 --- [ol-13-thread-68] tourGuide.service.RewardsService         : ** Processing to get reward points
2021-11-29 23:17:23.874  INFO 6224 --- [l-13-thread-129] tourGuide.service.RewardsService         : ** Processing to get reward points
2021-11-29 23:17:23.876  INFO 6224 --- [ol-13-thread-83] tourGuide.service.RewardsService         : ** Processing to get reward points
2021-11-29 23:17:23.876  INFO 6224 --- [ol-13-thread-72] tourGuide.service.RewardsService         : ** Processing to get reward points
2021-11-29 23:17:23.877  INFO 6224 --- [ol-13-thread-74] tourGuide.service.RewardsService         : ** Processing to get reward points
2021-11-29 23:17:23.878  INFO 6224 --- [l-13-thread-174] tourGuide.service.RewardsService         : ** Processing to get reward points
2021-11-29 23:17:23.880  INFO 6224 --- [l-13-thread-149] tourGuide.service.RewardsService         : ** Processing to get reward points
2021-11-29 23:17:23.880  INFO 6224 --- [ol-13-thread-86] tourGuide.service.RewardsService         : ** Processing to get reward points
2021-11-29 23:17:23.884  INFO 6224 --- [l-13-thread-199] tourGuide.service.RewardsService         : ** Processing to get reward points
2021-11-29 23:17:23.884  INFO 6224 --- [ol-13-thread-35] tourGuide.service.RewardsService         : ** Processing to get reward points
2021-11-29 23:17:23.887  INFO 6224 --- [ol-13-thread-20] tourGuide.service.RewardsService         : ** Processing to get reward points
2021-11-29 23:17:23.894  INFO 6224 --- [l-13-thread-100] tourGuide.service.RewardsService         : ** Processing to get reward points
2021-11-29 23:17:23.897  INFO 6224 --- [l-13-thread-162] tourGuide.service.RewardsService         : ** Processing to get reward points
2021-11-29 23:17:23.898  INFO 6224 --- [ol-13-thread-22] tourGuide.service.RewardsService         : ** Processing to get reward points
2021-11-29 23:17:23.904  INFO 6224 --- [l-13-thread-183] tourGuide.service.RewardsService         : ** Processing to get reward points
2021-11-29 23:17:23.914  INFO 6224 --- [l-13-thread-170] tourGuide.service.RewardsService         : ** Processing to get reward points
2021-11-29 23:17:23.914  INFO 6224 --- [l-13-thread-192] tourGuide.service.RewardsService         : ** Processing to get reward points
2021-11-29 23:17:23.914  INFO 6224 --- [l-13-thread-135] tourGuide.service.RewardsService         : ** Processing to get reward points
2021-11-29 23:17:23.921  INFO 6224 --- [l-13-thread-150] tourGuide.service.RewardsService         : ** Processing to get reward points
2021-11-29 23:17:23.924  INFO 6224 --- [l-13-thread-121] tourGuide.service.RewardsService         : ** Processing to get reward points
2021-11-29 23:17:23.924  INFO 6224 --- [ol-13-thread-51] tourGuide.service.RewardsService         : ** Processing to get reward points
2021-11-29 23:17:23.925  INFO 6224 --- [l-13-thread-177] tourGuide.service.RewardsService         : ** Processing to get reward points
2021-11-29 23:17:23.927  INFO 6224 --- [l-13-thread-173] tourGuide.service.RewardsService         : ** Processing to get reward points
2021-11-29 23:17:23.929  INFO 6224 --- [l-13-thread-130] tourGuide.service.RewardsService         : ** Processing to get reward points
2021-11-29 23:17:23.930  INFO 6224 --- [ol-13-thread-58] tourGuide.service.RewardsService         : ** Processing to get reward points
2021-11-29 23:17:23.930  INFO 6224 --- [ol-13-thread-56] tourGuide.service.RewardsService         : ** Processing to get reward points
2021-11-29 23:17:23.931  INFO 6224 --- [l-13-thread-161] tourGuide.service.RewardsService         : ** Processing to get reward points
2021-11-29 23:17:23.932  INFO 6224 --- [l-13-thread-180] tourGuide.service.RewardsService         : ** Processing to get reward points
2021-11-29 23:17:23.935  INFO 6224 --- [l-13-thread-120] tourGuide.service.RewardsService         : ** Processing to get reward points
2021-11-29 23:17:23.937  INFO 6224 --- [ol-13-thread-46] tourGuide.service.RewardsService         : ** Processing to get reward points
2021-11-29 23:17:23.940  INFO 6224 --- [ol-13-thread-75] tourGuide.service.RewardsService         : ** Processing to get reward points
2021-11-29 23:17:23.943  INFO 6224 --- [l-13-thread-147] tourGuide.service.RewardsService         : ** Processing to get reward points
2021-11-29 23:17:23.944  INFO 6224 --- [ol-13-thread-33] tourGuide.service.RewardsService         : ** Processing to get reward points
2021-11-29 23:17:23.944  INFO 6224 --- [ol-13-thread-54] tourGuide.service.RewardsService         : ** Processing to get reward points
2021-11-29 23:17:23.944  INFO 6224 --- [ol-13-thread-41] tourGuide.service.RewardsService         : ** Processing to get reward points
2021-11-29 23:17:23.946  INFO 6224 --- [l-13-thread-196] tourGuide.service.RewardsService         : ** Processing to get reward points
2021-11-29 23:17:23.946  INFO 6224 --- [ol-13-thread-44] tourGuide.service.RewardsService         : ** Processing to get reward points
2021-11-29 23:17:23.949  INFO 6224 --- [ol-13-thread-64] tourGuide.service.RewardsService         : ** Processing to get reward points
2021-11-29 23:17:23.954  INFO 6224 --- [ol-13-thread-98] tourGuide.service.RewardsService         : ** Processing to get reward points
2021-11-29 23:17:23.956  INFO 6224 --- [ol-13-thread-57] tourGuide.service.RewardsService         : ** Processing to get reward points
2021-11-29 23:17:23.957  INFO 6224 --- [l-13-thread-138] tourGuide.service.RewardsService         : ** Processing to get reward points
2021-11-29 23:17:23.961  INFO 6224 --- [l-13-thread-131] tourGuide.service.RewardsService         : ** Processing to get reward points
2021-11-29 23:17:23.962  INFO 6224 --- [l-13-thread-133] tourGuide.service.RewardsService         : ** Processing to get reward points
2021-11-29 23:17:23.963  INFO 6224 --- [ol-13-thread-16] tourGuide.service.RewardsService         : ** Processing to get reward points
2021-11-29 23:17:23.965  INFO 6224 --- [l-13-thread-175] tourGuide.service.RewardsService         : ** Processing to get reward points
2021-11-29 23:17:23.970  INFO 6224 --- [l-13-thread-185] tourGuide.service.RewardsService         : ** Processing to get reward points
2021-11-29 23:17:23.970  INFO 6224 --- [ol-13-thread-32] tourGuide.service.RewardsService         : ** Processing to get reward points
2021-11-29 23:17:23.973  INFO 6224 --- [ool-13-thread-9] tourGuide.service.RewardsService         : ** Processing to get reward points
2021-11-29 23:17:23.980  INFO 6224 --- [l-13-thread-125] tourGuide.service.RewardsService         : ** Processing to get reward points
2021-11-29 23:17:23.981  INFO 6224 --- [ool-13-thread-5] tourGuide.service.RewardsService         : ** Processing to get reward points
2021-11-29 23:17:23.981  INFO 6224 --- [ol-13-thread-86] tourGuide.service.RewardsService         : ** Processing to get reward points
2021-11-29 23:17:23.984  INFO 6224 --- [l-13-thread-127] tourGuide.service.RewardsService         : ** Processing to get reward points
2021-11-29 23:17:23.988  INFO 6224 --- [ol-13-thread-97] tourGuide.service.RewardsService         : ** Processing to get reward points
2021-11-29 23:17:23.990  INFO 6224 --- [l-13-thread-176] tourGuide.service.RewardsService         : ** Processing to get reward points
2021-11-29 23:17:23.990  INFO 6224 --- [l-13-thread-186] tourGuide.service.RewardsService         : ** Processing to get reward points
2021-11-29 23:17:23.992  INFO 6224 --- [ol-13-thread-76] tourGuide.service.RewardsService         : ** Processing to get reward points
2021-11-29 23:17:23.992  INFO 6224 --- [ol-13-thread-67] tourGuide.service.RewardsService         : ** Processing to get reward points
2021-11-29 23:17:23.995  INFO 6224 --- [l-13-thread-198] tourGuide.service.RewardsService         : ** Processing to get reward points
2021-11-29 23:17:23.995  INFO 6224 --- [ol-13-thread-78] tourGuide.service.RewardsService         : ** Processing to get reward points
2021-11-29 23:17:23.995  INFO 6224 --- [ol-13-thread-92] tourGuide.service.RewardsService         : ** Processing to get reward points
2021-11-29 23:17:23.997  INFO 6224 --- [ol-13-thread-27] tourGuide.service.RewardsService         : ** Processing to get reward points
2021-11-29 23:17:23.997  INFO 6224 --- [ol-13-thread-62] tourGuide.service.RewardsService         : ** Processing to get reward points
2021-11-29 23:17:23.997  INFO 6224 --- [l-13-thread-200] tourGuide.service.RewardsService         : ** Processing to get reward points
2021-11-29 23:17:23.998  INFO 6224 --- [ol-13-thread-73] tourGuide.service.RewardsService         : ** Processing to get reward points
2021-11-29 23:17:24.001  INFO 6224 --- [l-13-thread-108] tourGuide.service.RewardsService         : ** Processing to get reward points
2021-11-29 23:17:24.003  INFO 6224 --- [l-13-thread-155] tourGuide.service.RewardsService         : ** Processing to get reward points
2021-11-29 23:17:24.005  INFO 6224 --- [ol-13-thread-47] tourGuide.service.RewardsService         : ** Processing to get reward points
2021-11-29 23:17:24.006  INFO 6224 --- [l-13-thread-164] tourGuide.service.RewardsService         : ** Processing to get reward points
2021-11-29 23:17:24.011  INFO 6224 --- [l-13-thread-194] tourGuide.service.RewardsService         : ** Processing to get reward points
2021-11-29 23:17:24.012  INFO 6224 --- [ol-13-thread-83] tourGuide.service.RewardsService         : ** Processing to get reward points
2021-11-29 23:17:24.019  INFO 6224 --- [l-13-thread-119] tourGuide.service.RewardsService         : ** Processing to get reward points
2021-11-29 23:17:24.029  INFO 6224 --- [ool-13-thread-8] tourGuide.service.RewardsService         : ** Processing to get reward points
2021-11-29 23:17:24.032  INFO 6224 --- [l-13-thread-149] tourGuide.service.RewardsService         : ** Processing to get reward points
2021-11-29 23:17:24.034  INFO 6224 --- [l-13-thread-148] tourGuide.service.RewardsService         : ** Processing to get reward points
2021-11-29 23:17:24.040  INFO 6224 --- [l-13-thread-137] tourGuide.service.RewardsService         : ** Processing to get reward points
2021-11-29 23:17:24.043  INFO 6224 --- [ol-13-thread-29] tourGuide.service.RewardsService         : ** Processing to get reward points
2021-11-29 23:17:24.051  INFO 6224 --- [l-13-thread-136] tourGuide.service.RewardsService         : ** Processing to get reward points
2021-11-29 23:17:24.051  INFO 6224 --- [l-13-thread-182] tourGuide.service.RewardsService         : ** Processing to get reward points
2021-11-29 23:17:24.051  INFO 6224 --- [ol-13-thread-79] tourGuide.service.RewardsService         : ** Processing to get reward points
2021-11-29 23:17:24.051  INFO 6224 --- [l-13-thread-169] tourGuide.service.RewardsService         : ** Processing to get reward points
2021-11-29 23:17:24.060  INFO 6224 --- [ol-13-thread-12] tourGuide.service.RewardsService         : ** Processing to get reward points
2021-11-29 23:17:24.060  INFO 6224 --- [ol-13-thread-21] tourGuide.service.RewardsService         : ** Processing to get reward points
2021-11-29 23:17:24.061  INFO 6224 --- [l-13-thread-157] tourGuide.service.RewardsService         : ** Processing to get reward points
2021-11-29 23:17:24.080  INFO 6224 --- [l-13-thread-139] tourGuide.service.RewardsService         : ** Processing to get reward points
2021-11-29 23:17:24.085  INFO 6224 --- [ol-13-thread-24] tourGuide.service.RewardsService         : ** Processing to get reward points
2021-11-29 23:17:24.090  INFO 6224 --- [ol-13-thread-14] tourGuide.service.RewardsService         : ** Processing to get reward points
2021-11-29 23:17:24.094  INFO 6224 --- [ol-13-thread-45] tourGuide.service.RewardsService         : ** Processing to get reward points
2021-11-29 23:17:24.117  INFO 6224 --- [l-13-thread-126] tourGuide.service.RewardsService         : ** Processing to get reward points
2021-11-29 23:17:24.127  INFO 6224 --- [ol-13-thread-28] tourGuide.service.RewardsService         : ** Processing to get reward points
2021-11-29 23:17:24.163  INFO 6224 --- [l-13-thread-144] tourGuide.service.RewardsService         : ** Processing to get reward points
2021-11-29 23:17:24.172  INFO 6224 --- [l-13-thread-179] tourGuide.service.RewardsService         : ** Processing to get reward points
2021-11-29 23:17:24.173  INFO 6224 --- [ol-13-thread-85] tourGuide.service.RewardsService         : ** Processing to get reward points
2021-11-29 23:17:24.178  INFO 6224 --- [ol-13-thread-50] tourGuide.service.RewardsService         : ** Processing to get reward points
2021-11-29 23:17:24.183  INFO 6224 --- [l-13-thread-151] tourGuide.service.RewardsService         : ** Processing to get reward points
2021-11-29 23:17:24.183  INFO 6224 --- [ool-13-thread-6] tourGuide.service.RewardsService         : ** Processing to get reward points
2021-11-29 23:17:24.186  INFO 6224 --- [l-13-thread-122] tourGuide.service.RewardsService         : ** Processing to get reward points
2021-11-29 23:17:24.204  INFO 6224 --- [l-13-thread-159] tourGuide.service.RewardsService         : ** Processing to get reward points
2021-11-29 23:17:24.205  INFO 6224 --- [ol-13-thread-18] tourGuide.service.RewardsService         : ** Processing to get reward points
2021-11-29 23:17:24.206  INFO 6224 --- [l-13-thread-158] tourGuide.service.RewardsService         : ** Processing to get reward points
2021-11-29 23:17:24.206  INFO 6224 --- [ol-13-thread-17] tourGuide.service.RewardsService         : ** Processing to get reward points
2021-11-29 23:17:24.207  INFO 6224 --- [ol-13-thread-37] tourGuide.service.RewardsService         : ** Processing to get reward points
2021-11-29 23:17:24.209  INFO 6224 --- [ol-13-thread-48] tourGuide.service.RewardsService         : ** Processing to get reward points
2021-11-29 23:17:24.211  INFO 6224 --- [l-13-thread-117] tourGuide.service.RewardsService         : ** Processing to get reward points
2021-11-29 23:17:24.213  INFO 6224 --- [l-13-thread-141] tourGuide.service.RewardsService         : ** Processing to get reward points
2021-11-29 23:17:24.216  INFO 6224 --- [l-13-thread-100] tourGuide.service.RewardsService         : ** Processing to get reward points
2021-11-29 23:17:24.219  INFO 6224 --- [l-13-thread-162] tourGuide.service.RewardsService         : ** Processing to get reward points
2021-11-29 23:17:24.219  INFO 6224 --- [l-13-thread-118] tourGuide.service.RewardsService         : ** Processing to get reward points
2021-11-29 23:17:24.220  INFO 6224 --- [ol-13-thread-80] tourGuide.service.RewardsService         : ** Processing to get reward points
2021-11-29 23:17:24.226  INFO 6224 --- [l-13-thread-102] tourGuide.service.RewardsService         : ** Processing to get reward points
2021-11-29 23:17:24.226  INFO 6224 --- [ol-13-thread-93] tourGuide.service.RewardsService         : ** Processing to get reward points
2021-11-29 23:17:24.227  INFO 6224 --- [ol-13-thread-74] tourGuide.service.RewardsService         : ** Processing to get reward points
2021-11-29 23:17:24.232  INFO 6224 --- [l-13-thread-188] tourGuide.service.RewardsService         : ** Processing to get reward points
2021-11-29 23:17:24.234  INFO 6224 --- [l-13-thread-193] tourGuide.service.RewardsService         : ** Processing to get reward points
2021-11-29 23:17:24.235  INFO 6224 --- [ol-13-thread-66] tourGuide.service.RewardsService         : ** Processing to get reward points
2021-11-29 23:17:24.236  INFO 6224 --- [ol-13-thread-63] tourGuide.service.RewardsService         : ** Processing to get reward points
2021-11-29 23:17:24.241  INFO 6224 --- [l-13-thread-134] tourGuide.service.RewardsService         : ** Processing to get reward points
2021-11-29 23:17:24.242  INFO 6224 --- [l-13-thread-158] tourGuide.service.RewardsService         : ** Processing to get reward points
2021-11-29 23:17:24.253  INFO 6224 --- [l-13-thread-115] tourGuide.service.RewardsService         : ** Processing to get reward points
2021-11-29 23:17:24.255  INFO 6224 --- [ol-13-thread-82] tourGuide.service.RewardsService         : ** Processing to get reward points
2021-11-29 23:17:24.255  INFO 6224 --- [l-13-thread-142] tourGuide.service.RewardsService         : ** Processing to get reward points
2021-11-29 23:17:24.256  INFO 6224 --- [l-13-thread-134] tourGuide.service.RewardsService         : ** Processing to get reward points
2021-11-29 23:17:24.258  INFO 6224 --- [l-13-thread-114] tourGuide.service.RewardsService         : ** Processing to get reward points
2021-11-29 23:17:24.262  INFO 6224 --- [l-13-thread-187] tourGuide.service.RewardsService         : ** Processing to get reward points
2021-11-29 23:17:24.264  INFO 6224 --- [ol-13-thread-39] tourGuide.service.RewardsService         : ** Processing to get reward points
2021-11-29 23:17:24.265  INFO 6224 --- [ol-13-thread-60] tourGuide.service.RewardsService         : ** Processing to get reward points
2021-11-29 23:17:24.265  INFO 6224 --- [ol-13-thread-61] tourGuide.service.RewardsService         : ** Processing to get reward points
2021-11-29 23:17:24.266  INFO 6224 --- [l-13-thread-178] tourGuide.service.RewardsService         : ** Processing to get reward points
2021-11-29 23:17:24.266  INFO 6224 --- [l-13-thread-116] tourGuide.service.RewardsService         : ** Processing to get reward points
2021-11-29 23:17:24.266  INFO 6224 --- [l-13-thread-140] tourGuide.service.RewardsService         : ** Processing to get reward points
2021-11-29 23:17:24.264  INFO 6224 --- [ol-13-thread-65] tourGuide.service.RewardsService         : ** Processing to get reward points
2021-11-29 23:17:24.264  INFO 6224 --- [ol-13-thread-99] tourGuide.service.RewardsService         : ** Processing to get reward points
2021-11-29 23:17:24.288  INFO 6224 --- [l-13-thread-143] tourGuide.service.RewardsService         : ** Processing to get reward points
2021-11-29 23:17:24.289  INFO 6224 --- [l-13-thread-170] tourGuide.service.RewardsService         : ** Processing to get reward points
2021-11-29 23:17:24.289  INFO 6224 --- [ol-13-thread-80] tourGuide.service.RewardsService         : ** Processing to get reward points
2021-11-29 23:17:24.292  INFO 6224 --- [ol-13-thread-84] tourGuide.service.RewardsService         : ** Processing to get reward points
2021-11-29 23:17:24.298  INFO 6224 --- [ol-13-thread-91] tourGuide.service.RewardsService         : ** Processing to get reward points
2021-11-29 23:17:24.298  INFO 6224 --- [ool-13-thread-7] tourGuide.service.RewardsService         : ** Processing to get reward points
2021-11-29 23:17:24.303  INFO 6224 --- [l-13-thread-124] tourGuide.service.RewardsService         : ** Processing to get reward points
2021-11-29 23:17:24.315  INFO 6224 --- [l-13-thread-101] tourGuide.service.RewardsService         : ** Processing to get reward points
2021-11-29 23:17:24.317  INFO 6224 --- [ool-13-thread-3] tourGuide.service.RewardsService         : ** Processing to get reward points
2021-11-29 23:17:24.320  INFO 6224 --- [ol-13-thread-98] tourGuide.service.RewardsService         : ** Processing to get reward points
2021-11-29 23:17:24.320  INFO 6224 --- [ol-13-thread-95] tourGuide.service.RewardsService         : ** Processing to get reward points
2021-11-29 23:17:24.322  INFO 6224 --- [ool-13-thread-4] tourGuide.service.RewardsService         : ** Processing to get reward points
2021-11-29 23:17:24.342  INFO 6224 --- [l-13-thread-110] tourGuide.service.RewardsService         : ** Processing to get reward points
2021-11-29 23:17:24.343  INFO 6224 --- [l-13-thread-195] tourGuide.service.RewardsService         : ** Processing to get reward points
2021-11-29 23:17:24.345  INFO 6224 --- [l-13-thread-189] tourGuide.service.RewardsService         : ** Processing to get reward points
2021-11-29 23:17:24.345  INFO 6224 --- [l-13-thread-126] tourGuide.service.RewardsService         : ** Processing to get reward points
2021-11-29 23:17:24.347  INFO 6224 --- [ol-13-thread-64] tourGuide.service.RewardsService         : ** Processing to get reward points
2021-11-29 23:17:24.363  INFO 6224 --- [l-13-thread-167] tourGuide.service.RewardsService         : ** Processing to get reward points
2021-11-29 23:17:24.370  INFO 6224 --- [ol-13-thread-26] tourGuide.service.RewardsService         : ** Processing to get reward points
2021-11-29 23:17:24.371  INFO 6224 --- [ol-13-thread-49] tourGuide.service.RewardsService         : ** Processing to get reward points
2021-11-29 23:17:24.374  INFO 6224 --- [l-13-thread-109] tourGuide.service.RewardsService         : ** Processing to get reward points
2021-11-29 23:17:24.380  INFO 6224 --- [l-13-thread-183] tourGuide.service.RewardsService         : ** Processing to get reward points
2021-11-29 23:17:24.385  INFO 6224 --- [l-13-thread-153] tourGuide.service.RewardsService         : ** Processing to get reward points
2021-11-29 23:17:24.386  INFO 6224 --- [l-13-thread-166] tourGuide.service.RewardsService         : ** Processing to get reward points
2021-11-29 23:17:24.387  INFO 6224 --- [l-13-thread-191] tourGuide.service.RewardsService         : ** Processing to get reward points
2021-11-29 23:17:24.393  INFO 6224 --- [l-13-thread-173] tourGuide.service.RewardsService         : ** Processing to get reward points
2021-11-29 23:17:24.397  INFO 6224 --- [ol-13-thread-23] tourGuide.service.RewardsService         : ** Processing to get reward points
2021-11-29 23:17:24.397  INFO 6224 --- [l-13-thread-152] tourGuide.service.RewardsService         : ** Processing to get reward points
2021-11-29 23:17:24.397  INFO 6224 --- [l-13-thread-184] tourGuide.service.RewardsService         : ** Processing to get reward points
2021-11-29 23:17:24.411  INFO 6224 --- [l-13-thread-156] tourGuide.service.RewardsService         : ** Processing to get reward points
2021-11-29 23:17:24.413  INFO 6224 --- [ol-13-thread-88] tourGuide.service.RewardsService         : ** Processing to get reward points
2021-11-29 23:17:24.413  INFO 6224 --- [ol-13-thread-25] tourGuide.service.RewardsService         : ** Processing to get reward points
2021-11-29 23:17:24.426  INFO 6224 --- [ol-13-thread-89] tourGuide.service.RewardsService         : ** Processing to get reward points
2021-11-29 23:17:24.434  INFO 6224 --- [ol-13-thread-81] tourGuide.service.RewardsService         : ** Processing to get reward points
2021-11-29 23:17:24.434  INFO 6224 --- [ol-13-thread-36] tourGuide.service.RewardsService         : ** Processing to get reward points
2021-11-29 23:17:24.453  INFO 6224 --- [ol-13-thread-96] tourGuide.service.RewardsService         : ** Processing to get reward points
2021-11-29 23:17:24.475  INFO 6224 --- [l-13-thread-172] tourGuide.service.RewardsService         : ** Processing to get reward points
2021-11-29 23:17:24.479  INFO 6224 --- [ol-13-thread-20] tourGuide.service.RewardsService         : ** Processing to get reward points
2021-11-29 23:17:24.484  INFO 6224 --- [ol-13-thread-66] tourGuide.service.RewardsService         : ** Processing to get reward points
2021-11-29 23:17:24.494  INFO 6224 --- [ol-13-thread-10] tourGuide.service.RewardsService         : ** Processing to get reward points
2021-11-29 23:17:24.494  INFO 6224 --- [ol-13-thread-98] tourGuide.service.RewardsService         : ** Processing to get reward points
2021-11-29 23:17:24.495  INFO 6224 --- [l-13-thread-112] tourGuide.service.RewardsService         : ** Processing to get reward points
2021-11-29 23:17:24.506  INFO 6224 --- [ol-13-thread-43] tourGuide.service.RewardsService         : ** Processing to get reward points
2021-11-29 23:17:24.517  INFO 6224 --- [l-13-thread-188] tourGuide.service.RewardsService         : ** Processing to get reward points
2021-11-29 23:17:24.520  INFO 6224 --- [l-13-thread-103] tourGuide.service.RewardsService         : ** Processing to get reward points
2021-11-29 23:17:24.522  INFO 6224 --- [l-13-thread-124] tourGuide.service.RewardsService         : ** Processing to get reward points
2021-11-29 23:17:24.523  INFO 6224 --- [ol-13-thread-59] tourGuide.service.RewardsService         : ** Processing to get reward points
2021-11-29 23:17:24.529  INFO 6224 --- [l-13-thread-123] tourGuide.service.RewardsService         : ** Processing to get reward points
2021-11-29 23:17:24.533  INFO 6224 --- [l-13-thread-165] tourGuide.service.RewardsService         : ** Processing to get reward points
2021-11-29 23:17:24.535  INFO 6224 --- [ol-13-thread-49] tourGuide.service.RewardsService         : ** Processing to get reward points
2021-11-29 23:17:24.540  INFO 6224 --- [ol-13-thread-21] tourGuide.service.RewardsService         : ** Processing to get reward points
2021-11-29 23:17:24.545  INFO 6224 --- [l-13-thread-190] tourGuide.service.RewardsService         : ** Processing to get reward points
2021-11-29 23:17:24.545  INFO 6224 --- [l-13-thread-101] tourGuide.service.RewardsService         : ** Processing to get reward points
2021-11-29 23:17:24.550  INFO 6224 --- [ol-13-thread-42] tourGuide.service.RewardsService         : ** Processing to get reward points
2021-11-29 23:17:24.552  INFO 6224 --- [ol-13-thread-78] tourGuide.service.RewardsService         : ** Processing to get reward points
2021-11-29 23:17:24.558  INFO 6224 --- [l-13-thread-157] tourGuide.service.RewardsService         : ** Processing to get reward points
2021-11-29 23:17:24.559  INFO 6224 --- [ol-13-thread-94] tourGuide.service.RewardsService         : ** Processing to get reward points
2021-11-29 23:17:24.561  INFO 6224 --- [l-13-thread-169] tourGuide.service.RewardsService         : ** Processing to get reward points
2021-11-29 23:17:24.563  INFO 6224 --- [ol-13-thread-30] tourGuide.service.RewardsService         : ** Processing to get reward points
2021-11-29 23:17:24.567  INFO 6224 --- [ool-13-thread-1] tourGuide.service.RewardsService         : ** Processing to get reward points
2021-11-29 23:17:24.574  INFO 6224 --- [l-13-thread-129] tourGuide.service.RewardsService         : ** Processing to get reward points
2021-11-29 23:17:24.575  INFO 6224 --- [l-13-thread-173] tourGuide.service.RewardsService         : ** Processing to get reward points
2021-11-29 23:17:24.580  INFO 6224 --- [ol-13-thread-58] tourGuide.service.RewardsService         : ** Processing to get reward points
2021-11-29 23:17:24.580  INFO 6224 --- [ol-13-thread-12] tourGuide.service.RewardsService         : ** Processing to get reward points
2021-11-29 23:17:24.584  INFO 6224 --- [l-13-thread-171] tourGuide.service.RewardsService         : ** Processing to get reward points
2021-11-29 23:17:24.586  INFO 6224 --- [l-13-thread-106] tourGuide.service.RewardsService         : ** Processing to get reward points
2021-11-29 23:17:24.588  INFO 6224 --- [l-13-thread-177] tourGuide.service.RewardsService         : ** Processing to get reward points
2021-11-29 23:17:24.592  INFO 6224 --- [ol-13-thread-84] tourGuide.service.RewardsService         : ** Processing to get reward points
2021-11-29 23:17:24.594  INFO 6224 --- [l-13-thread-109] tourGuide.service.RewardsService         : ** Processing to get reward points
2021-11-29 23:17:24.594  INFO 6224 --- [ol-13-thread-77] tourGuide.service.RewardsService         : ** Processing to get reward points
2021-11-29 23:17:24.597  INFO 6224 --- [l-13-thread-176] tourGuide.service.RewardsService         : ** Processing to get reward points
2021-11-29 23:17:24.602  INFO 6224 --- [ol-13-thread-53] tourGuide.service.RewardsService         : ** Processing to get reward points
2021-11-29 23:17:24.602  INFO 6224 --- [ol-13-thread-34] tourGuide.service.RewardsService         : ** Processing to get reward points
2021-11-29 23:17:24.602  INFO 6224 --- [l-13-thread-133] tourGuide.service.RewardsService         : ** Processing to get reward points
2021-11-29 23:17:24.605  INFO 6224 --- [l-13-thread-146] tourGuide.service.RewardsService         : ** Processing to get reward points
2021-11-29 23:17:24.611  INFO 6224 --- [ol-13-thread-63] tourGuide.service.RewardsService         : ** Processing to get reward points
2021-11-29 23:17:24.617  INFO 6224 --- [ol-13-thread-99] tourGuide.service.RewardsService         : ** Processing to get reward points
2021-11-29 23:17:24.619  INFO 6224 --- [ol-13-thread-98] tourGuide.service.RewardsService         : ** Processing to get reward points
2021-11-29 23:17:24.621  INFO 6224 --- [ol-13-thread-13] tourGuide.service.RewardsService         : ** Processing to get reward points
2021-11-29 23:17:24.622  INFO 6224 --- [l-13-thread-165] tourGuide.service.RewardsService         : ** Processing to get reward points
2021-11-29 23:17:24.624  INFO 6224 --- [ool-13-thread-2] tourGuide.service.RewardsService         : ** Processing to get reward points
2021-11-29 23:17:24.626  INFO 6224 --- [ol-13-thread-50] tourGuide.service.RewardsService         : ** Processing to get reward points
2021-11-29 23:17:24.628  INFO 6224 --- [l-13-thread-176] tourGuide.service.RewardsService         : ** Processing to get reward points
2021-11-29 23:17:24.630  INFO 6224 --- [ol-13-thread-15] tourGuide.service.RewardsService         : ** Processing to get reward points
2021-11-29 23:17:24.634  INFO 6224 --- [l-13-thread-160] tourGuide.service.RewardsService         : ** Processing to get reward points
2021-11-29 23:17:24.636  INFO 6224 --- [l-13-thread-163] tourGuide.service.RewardsService         : ** Processing to get reward points
2021-11-29 23:17:24.646  INFO 6224 --- [ol-13-thread-40] tourGuide.service.RewardsService         : ** Processing to get reward points
2021-11-29 23:17:24.647  INFO 6224 --- [l-13-thread-182] tourGuide.service.RewardsService         : ** Processing to get reward points
2021-11-29 23:17:24.656  INFO 6224 --- [l-13-thread-188] tourGuide.service.RewardsService         : ** Processing to get reward points
2021-11-29 23:17:24.657  INFO 6224 --- [ol-13-thread-47] tourGuide.service.RewardsService         : ** Processing to get reward points
2021-11-29 23:17:24.658  INFO 6224 --- [ol-13-thread-14] tourGuide.service.RewardsService         : ** Processing to get reward points
2021-11-29 23:17:24.660  INFO 6224 --- [ol-13-thread-82] tourGuide.service.RewardsService         : ** Processing to get reward points
2021-11-29 23:17:24.660  INFO 6224 --- [l-13-thread-163] tourGuide.service.RewardsService         : ** Processing to get reward points
2021-11-29 23:17:24.667  INFO 6224 --- [ol-13-thread-72] tourGuide.service.RewardsService         : ** Processing to get reward points
2021-11-29 23:17:24.670  INFO 6224 --- [l-13-thread-114] tourGuide.service.RewardsService         : ** Processing to get reward points
2021-11-29 23:17:24.675  INFO 6224 --- [l-13-thread-166] tourGuide.service.RewardsService         : ** Processing to get reward points
2021-11-29 23:17:24.701  INFO 6224 --- [ol-13-thread-61] tourGuide.service.RewardsService         : ** Processing to get reward points
2021-11-29 23:17:24.706  INFO 6224 --- [ol-13-thread-12] tourGuide.service.RewardsService         : ** Processing to get reward points
2021-11-29 23:17:24.711  INFO 6224 --- [l-13-thread-187] tourGuide.service.RewardsService         : ** Processing to get reward points
2021-11-29 23:17:24.720  INFO 6224 --- [l-13-thread-150] tourGuide.service.RewardsService         : ** Processing to get reward points
2021-11-29 23:17:24.727  INFO 6224 --- [l-13-thread-115] tourGuide.service.RewardsService         : ** Processing to get reward points
2021-11-29 23:17:24.729  INFO 6224 --- [ol-13-thread-38] tourGuide.service.RewardsService         : ** Processing to get reward points
2021-11-29 23:17:24.730  INFO 6224 --- [l-13-thread-132] tourGuide.service.RewardsService         : ** Processing to get reward points
2021-11-29 23:17:24.737  INFO 6224 --- [ol-13-thread-93] tourGuide.service.RewardsService         : ** Processing to get reward points
2021-11-29 23:17:24.742  INFO 6224 --- [l-13-thread-158] tourGuide.service.RewardsService         : ** Processing to get reward points
2021-11-29 23:17:24.748  INFO 6224 --- [ol-13-thread-16] tourGuide.service.RewardsService         : ** Processing to get reward points
2021-11-29 23:17:24.754  INFO 6224 --- [ool-13-thread-9] tourGuide.service.RewardsService         : ** Processing to get reward points
2021-11-29 23:17:24.770  INFO 6224 --- [l-13-thread-177] tourGuide.service.RewardsService         : ** Processing to get reward points
2021-11-29 23:17:24.785  INFO 6224 --- [ol-13-thread-16] tourGuide.service.RewardsService         : ** Processing to get reward points
2021-11-29 23:17:24.793  INFO 6224 --- [l-13-thread-111] tourGuide.service.RewardsService         : ** Processing to get reward points
2021-11-29 23:17:24.794  INFO 6224 --- [ol-13-thread-90] tourGuide.service.RewardsService         : ** Processing to get reward points
2021-11-29 23:17:24.794  INFO 6224 --- [ol-13-thread-40] tourGuide.service.RewardsService         : ** Processing to get reward points
2021-11-29 23:17:24.797  INFO 6224 --- [l-13-thread-108] tourGuide.service.RewardsService         : ** Processing to get reward points
2021-11-29 23:17:24.799  INFO 6224 --- [ol-13-thread-82] tourGuide.service.RewardsService         : ** Processing to get reward points
2021-11-29 23:17:24.799  INFO 6224 --- [ol-13-thread-69] tourGuide.service.RewardsService         : ** Processing to get reward points
2021-11-29 23:17:24.799  INFO 6224 --- [l-13-thread-117] tourGuide.service.RewardsService         : ** Processing to get reward points
2021-11-29 23:17:24.801  INFO 6224 --- [l-13-thread-142] tourGuide.service.RewardsService         : ** Processing to get reward points
2021-11-29 23:17:24.803  INFO 6224 --- [l-13-thread-145] tourGuide.service.RewardsService         : ** Processing to get reward points
2021-11-29 23:17:24.806  INFO 6224 --- [ol-13-thread-70] tourGuide.service.RewardsService         : ** Processing to get reward points
2021-11-29 23:17:24.808  INFO 6224 --- [ol-13-thread-87] tourGuide.service.RewardsService         : ** Processing to get reward points
2021-11-29 23:17:24.808  INFO 6224 --- [l-13-thread-197] tourGuide.service.RewardsService         : ** Processing to get reward points
2021-11-29 23:17:24.808  INFO 6224 --- [l-13-thread-143] tourGuide.service.RewardsService         : ** Processing to get reward points
2021-11-29 23:17:24.810  INFO 6224 --- [ol-13-thread-51] tourGuide.service.RewardsService         : ** Processing to get reward points
2021-11-29 23:17:24.811  INFO 6224 --- [ol-13-thread-55] tourGuide.service.RewardsService         : ** Processing to get reward points
2021-11-29 23:17:24.811  INFO 6224 --- [l-13-thread-102] tourGuide.service.RewardsService         : ** Processing to get reward points
2021-11-29 23:17:24.811  INFO 6224 --- [ol-13-thread-57] tourGuide.service.RewardsService         : ** Processing to get reward points
2021-11-29 23:17:24.811  INFO 6224 --- [l-13-thread-130] tourGuide.service.RewardsService         : ** Processing to get reward points
2021-11-29 23:17:24.812  INFO 6224 --- [l-13-thread-175] tourGuide.service.RewardsService         : ** Processing to get reward points
2021-11-29 23:17:24.812  INFO 6224 --- [l-13-thread-156] tourGuide.service.RewardsService         : ** Processing to get reward points
2021-11-29 23:17:24.813  INFO 6224 --- [ol-13-thread-87] tourGuide.service.RewardsService         : ** Processing to get reward points
2021-11-29 23:17:24.821  INFO 6224 --- [l-13-thread-167] tourGuide.service.RewardsService         : ** Processing to get reward points
2021-11-29 23:17:24.821  INFO 6224 --- [ol-13-thread-75] tourGuide.service.RewardsService         : ** Processing to get reward points
2021-11-29 23:17:24.823  INFO 6224 --- [l-13-thread-113] tourGuide.service.RewardsService         : ** Processing to get reward points
2021-11-29 23:17:24.826  INFO 6224 --- [ol-13-thread-77] tourGuide.service.RewardsService         : ** Processing to get reward points
2021-11-29 23:17:24.830  INFO 6224 --- [ol-13-thread-19] tourGuide.service.RewardsService         : ** Processing to get reward points
2021-11-29 23:17:24.836  INFO 6224 --- [l-13-thread-109] tourGuide.service.RewardsService         : ** Processing to get reward points
2021-11-29 23:17:24.839  INFO 6224 --- [ol-13-thread-98] tourGuide.service.RewardsService         : ** Processing to get reward points
2021-11-29 23:17:24.845  INFO 6224 --- [l-13-thread-128] tourGuide.service.RewardsService         : ** Processing to get reward points
2021-11-29 23:17:24.848  INFO 6224 --- [l-13-thread-135] tourGuide.service.RewardsService         : ** Processing to get reward points
2021-11-29 23:17:24.848  INFO 6224 --- [l-13-thread-144] tourGuide.service.RewardsService         : ** Processing to get reward points
2021-11-29 23:17:24.852  INFO 6224 --- [l-13-thread-168] tourGuide.service.RewardsService         : ** Processing to get reward points
2021-11-29 23:17:24.852  INFO 6224 --- [ol-13-thread-94] tourGuide.service.RewardsService         : ** Processing to get reward points
2021-11-29 23:17:24.852  INFO 6224 --- [l-13-thread-114] tourGuide.service.RewardsService         : ** Processing to get reward points
2021-11-29 23:17:24.858  INFO 6224 --- [l-13-thread-101] tourGuide.service.RewardsService         : ** Processing to get reward points
2021-11-29 23:17:24.860  INFO 6224 --- [ol-13-thread-35] tourGuide.service.RewardsService         : ** Processing to get reward points
2021-11-29 23:17:24.862  INFO 6224 --- [l-13-thread-162] tourGuide.service.RewardsService         : ** Processing to get reward points
2021-11-29 23:17:24.862  INFO 6224 --- [ol-13-thread-86] tourGuide.service.RewardsService         : ** Processing to get reward points
2021-11-29 23:17:24.863  INFO 6224 --- [l-13-thread-105] tourGuide.service.RewardsService         : ** Processing to get reward points
2021-11-29 23:17:24.864  INFO 6224 --- [ol-13-thread-31] tourGuide.service.RewardsService         : ** Processing to get reward points
2021-11-29 23:17:24.867  INFO 6224 --- [l-13-thread-107] tourGuide.service.RewardsService         : ** Processing to get reward points
2021-11-29 23:17:24.868  INFO 6224 --- [l-13-thread-181] tourGuide.service.RewardsService         : ** Processing to get reward points
2021-11-29 23:17:24.868  INFO 6224 --- [ol-13-thread-23] tourGuide.service.RewardsService         : ** Processing to get reward points
2021-11-29 23:17:24.869  INFO 6224 --- [l-13-thread-154] tourGuide.service.RewardsService         : ** Processing to get reward points
2021-11-29 23:17:24.871  INFO 6224 --- [ol-13-thread-92] tourGuide.service.RewardsService         : ** Processing to get reward points
2021-11-29 23:17:24.874  INFO 6224 --- [l-13-thread-147] tourGuide.service.RewardsService         : ** Processing to get reward points
2021-11-29 23:17:24.874  INFO 6224 --- [ol-13-thread-52] tourGuide.service.RewardsService         : ** Processing to get reward points
2021-11-29 23:17:24.880  INFO 6224 --- [l-13-thread-166] tourGuide.service.RewardsService         : ** Processing to get reward points
2021-11-29 23:17:24.883  INFO 6224 --- [l-13-thread-179] tourGuide.service.RewardsService         : ** Processing to get reward points
2021-11-29 23:17:24.888  INFO 6224 --- [l-13-thread-112] tourGuide.service.RewardsService         : ** Processing to get reward points
2021-11-29 23:17:24.889  INFO 6224 --- [l-13-thread-132] tourGuide.service.RewardsService         : ** Processing to get reward points
2021-11-29 23:17:24.896  INFO 6224 --- [ol-13-thread-18] tourGuide.service.RewardsService         : ** Processing to get reward points
2021-11-29 23:17:24.896  INFO 6224 --- [ol-13-thread-11] tourGuide.service.RewardsService         : ** Processing to get reward points
2021-11-29 23:17:24.897  INFO 6224 --- [l-13-thread-193] tourGuide.service.RewardsService         : ** Processing to get reward points
2021-11-29 23:17:24.900  INFO 6224 --- [ol-13-thread-71] tourGuide.service.RewardsService         : ** Processing to get reward points
2021-11-29 23:17:24.900  INFO 6224 --- [ol-13-thread-41] tourGuide.service.RewardsService         : ** Processing to get reward points
2021-11-29 23:17:24.900  INFO 6224 --- [ol-13-thread-81] tourGuide.service.RewardsService         : ** Processing to get reward points
2021-11-29 23:17:24.906  INFO 6224 --- [ol-13-thread-27] tourGuide.service.RewardsService         : ** Processing to get reward points
2021-11-29 23:17:24.906  INFO 6224 --- [l-13-thread-121] tourGuide.service.RewardsService         : ** Processing to get reward points
2021-11-29 23:17:24.909  INFO 6224 --- [l-13-thread-174] tourGuide.service.RewardsService         : ** Processing to get reward points
2021-11-29 23:17:24.909  INFO 6224 --- [l-13-thread-104] tourGuide.service.RewardsService         : ** Processing to get reward points
2021-11-29 23:17:24.913  INFO 6224 --- [ol-13-thread-56] tourGuide.service.RewardsService         : ** Processing to get reward points
2021-11-29 23:17:24.913  INFO 6224 --- [ol-13-thread-54] tourGuide.service.RewardsService         : ** Processing to get reward points
2021-11-29 23:17:24.917  INFO 6224 --- [ol-13-thread-73] tourGuide.service.RewardsService         : ** Processing to get reward points
2021-11-29 23:17:24.917  INFO 6224 --- [ol-13-thread-29] tourGuide.service.RewardsService         : ** Processing to get reward points
2021-11-29 23:17:24.920  INFO 6224 --- [l-13-thread-100] tourGuide.service.RewardsService         : ** Processing to get reward points
2021-11-29 23:17:24.921  INFO 6224 --- [l-13-thread-200] tourGuide.service.RewardsService         : ** Processing to get reward points
2021-11-29 23:17:24.922  INFO 6224 --- [ol-13-thread-12] tourGuide.service.RewardsService         : ** Processing to get reward points
2021-11-29 23:17:24.924  INFO 6224 --- [l-13-thread-159] tourGuide.service.RewardsService         : ** Processing to get reward points
2021-11-29 23:17:24.924  INFO 6224 --- [ol-13-thread-68] tourGuide.service.RewardsService         : ** Processing to get reward points
2021-11-29 23:17:24.925  INFO 6224 --- [l-13-thread-199] tourGuide.service.RewardsService         : ** Processing to get reward points
2021-11-29 23:17:24.926  INFO 6224 --- [l-13-thread-119] tourGuide.service.RewardsService         : ** Processing to get reward points
2021-11-29 23:17:24.926  INFO 6224 --- [ol-13-thread-42] tourGuide.service.RewardsService         : ** Processing to get reward points
2021-11-29 23:17:24.927  INFO 6224 --- [l-13-thread-164] tourGuide.service.RewardsService         : ** Processing to get reward points
2021-11-29 23:17:24.928  INFO 6224 --- [ol-13-thread-37] tourGuide.service.RewardsService         : ** Processing to get reward points
2021-11-29 23:17:24.928  INFO 6224 --- [ol-13-thread-39] tourGuide.service.RewardsService         : ** Processing to get reward points
2021-11-29 23:17:24.929  INFO 6224 --- [l-13-thread-170] tourGuide.service.RewardsService         : ** Processing to get reward points
2021-11-29 23:17:24.929  INFO 6224 --- [ol-13-thread-62] tourGuide.service.RewardsService         : ** Processing to get reward points
2021-11-29 23:17:24.932  INFO 6224 --- [ol-13-thread-89] tourGuide.service.RewardsService         : ** Processing to get reward points
2021-11-29 23:17:24.933  INFO 6224 --- [l-13-thread-143] tourGuide.service.RewardsService         : ** Processing to get reward points
2021-11-29 23:17:24.935  INFO 6224 --- [l-13-thread-116] tourGuide.service.RewardsService         : ** Processing to get reward points
2021-11-29 23:17:24.937  INFO 6224 --- [l-13-thread-196] tourGuide.service.RewardsService         : ** Processing to get reward points
2021-11-29 23:17:24.939  INFO 6224 --- [ool-13-thread-6] tourGuide.service.RewardsService         : ** Processing to get reward points
2021-11-29 23:17:24.946  INFO 6224 --- [ol-13-thread-44] tourGuide.service.RewardsService         : ** Processing to get reward points
2021-11-29 23:17:24.947  INFO 6224 --- [l-13-thread-127] tourGuide.service.RewardsService         : ** Processing to get reward points
2021-11-29 23:17:24.949  INFO 6224 --- [l-13-thread-194] tourGuide.service.RewardsService         : ** Processing to get reward points
2021-11-29 23:17:25.019  INFO 6224 --- [ol-13-thread-22] tourGuide.service.RewardsService         : ** Processing to get reward points
2021-11-29 23:17:25.028  INFO 6224 --- [ol-13-thread-32] tourGuide.service.RewardsService         : ** Processing to get reward points
2021-11-29 23:17:25.028  INFO 6224 --- [l-13-thread-110] tourGuide.service.RewardsService         : ** Processing to get reward points
2021-11-29 23:17:25.029  INFO 6224 --- [l-13-thread-173] tourGuide.service.RewardsService         : ** Processing to get reward points
2021-11-29 23:17:25.030  INFO 6224 --- [l-13-thread-197] tourGuide.service.RewardsService         : ** Processing to get reward points
2021-11-29 23:17:25.031  INFO 6224 --- [l-13-thread-123] tourGuide.service.RewardsService         : ** Processing to get reward points
2021-11-29 23:17:25.035  INFO 6224 --- [ol-13-thread-91] tourGuide.service.RewardsService         : ** Processing to get reward points
2021-11-29 23:17:25.040  INFO 6224 --- [l-13-thread-106] tourGuide.service.RewardsService         : ** Processing to get reward points
2021-11-29 23:17:25.042  INFO 6224 --- [l-13-thread-191] tourGuide.service.RewardsService         : ** Processing to get reward points
2021-11-29 23:17:25.044  INFO 6224 --- [l-13-thread-183] tourGuide.service.RewardsService         : ** Processing to get reward points
2021-11-29 23:17:25.044  INFO 6224 --- [ol-13-thread-99] tourGuide.service.RewardsService         : ** Processing to get reward points
2021-11-29 23:17:25.044  INFO 6224 --- [ol-13-thread-63] tourGuide.service.RewardsService         : ** Processing to get reward points
2021-11-29 23:17:25.045  INFO 6224 --- [l-13-thread-178] tourGuide.service.RewardsService         : ** Processing to get reward points
2021-11-29 23:17:25.045  INFO 6224 --- [l-13-thread-155] tourGuide.service.RewardsService         : ** Processing to get reward points
2021-11-29 23:17:25.046  INFO 6224 --- [ol-13-thread-24] tourGuide.service.RewardsService         : ** Processing to get reward points
2021-11-29 23:17:25.048  INFO 6224 --- [l-13-thread-136] tourGuide.service.RewardsService         : ** Processing to get reward points
2021-11-29 23:17:25.048  INFO 6224 --- [ol-13-thread-45] tourGuide.service.RewardsService         : ** Processing to get reward points
2021-11-29 23:17:25.049  INFO 6224 --- [l-13-thread-189] tourGuide.service.RewardsService         : ** Processing to get reward points
2021-11-29 23:17:25.054  INFO 6224 --- [l-13-thread-157] tourGuide.service.RewardsService         : ** Processing to get reward points
2021-11-29 23:17:25.066  INFO 6224 --- [l-13-thread-136] tourGuide.service.RewardsService         : ** Processing to get reward points
2021-11-29 23:17:25.070  INFO 6224 --- [ol-13-thread-67] tourGuide.service.RewardsService         : ** Processing to get reward points
2021-11-29 23:17:25.073  INFO 6224 --- [ol-13-thread-66] tourGuide.service.RewardsService         : ** Processing to get reward points
2021-11-29 23:17:25.074  INFO 6224 --- [ol-13-thread-34] tourGuide.service.RewardsService         : ** Processing to get reward points
2021-11-29 23:17:25.075  INFO 6224 --- [l-13-thread-139] tourGuide.service.RewardsService         : ** Processing to get reward points
2021-11-29 23:17:25.075  INFO 6224 --- [l-13-thread-180] tourGuide.service.RewardsService         : ** Processing to get reward points
2021-11-29 23:17:25.077  INFO 6224 --- [l-13-thread-192] tourGuide.service.RewardsService         : ** Processing to get reward points
2021-11-29 23:17:25.103  INFO 6224 --- [ol-13-thread-60] tourGuide.service.RewardsService         : ** Processing to get reward points
2021-11-29 23:17:25.131  INFO 6224 --- [ol-13-thread-46] tourGuide.service.RewardsService         : ** Processing to get reward points
2021-11-29 23:17:25.205  INFO 6224 --- [ool-13-thread-7] tourGuide.service.RewardsService         : ** Processing to get reward points
2021-11-29 23:17:25.205  INFO 6224 --- [ol-13-thread-16] tourGuide.service.RewardsService         : ** Processing to get reward points
2021-11-29 23:17:25.212  INFO 6224 --- [l-13-thread-185] tourGuide.service.RewardsService         : ** Processing to get reward points
2021-11-29 23:17:25.212  INFO 6224 --- [l-13-thread-126] tourGuide.service.RewardsService         : ** Processing to get reward points
2021-11-29 23:17:25.215  INFO 6224 --- [ol-13-thread-84] tourGuide.service.RewardsService         : ** Processing to get reward points
2021-11-29 23:17:25.216  INFO 6224 --- [ol-13-thread-83] tourGuide.service.RewardsService         : ** Processing to get reward points
2021-11-29 23:17:25.219  INFO 6224 --- [ol-13-thread-14] tourGuide.service.RewardsService         : ** Processing to get reward points
2021-11-29 23:17:25.222  INFO 6224 --- [l-13-thread-188] tourGuide.service.RewardsService         : ** Processing to get reward points
2021-11-29 23:17:25.223  INFO 6224 --- [l-13-thread-177] tourGuide.service.RewardsService         : ** Processing to get reward points
2021-11-29 23:17:25.223  INFO 6224 --- [ol-13-thread-26] tourGuide.service.RewardsService         : ** Processing to get reward points
2021-11-29 23:17:25.224  INFO 6224 --- [l-13-thread-113] tourGuide.service.RewardsService         : ** Processing to get reward points
2021-11-29 23:17:25.227  INFO 6224 --- [ol-13-thread-97] tourGuide.service.RewardsService         : ** Processing to get reward points
2021-11-29 23:17:25.227  INFO 6224 --- [l-13-thread-163] tourGuide.service.RewardsService         : ** Processing to get reward points
2021-11-29 23:17:25.228  INFO 6224 --- [ol-13-thread-47] tourGuide.service.RewardsService         : ** Processing to get reward points
2021-11-29 23:17:25.238  INFO 6224 --- [l-13-thread-125] tourGuide.service.RewardsService         : ** Processing to get reward points
2021-11-29 23:17:25.244  INFO 6224 --- [l-13-thread-111] tourGuide.service.RewardsService         : ** Processing to get reward points
2021-11-29 23:17:25.260  INFO 6224 --- [l-13-thread-182] tourGuide.service.RewardsService         : ** Processing to get reward points
2021-11-29 23:17:25.260  INFO 6224 --- [ol-13-thread-17] tourGuide.service.RewardsService         : ** Processing to get reward points
2021-11-29 23:17:25.263  INFO 6224 --- [l-13-thread-171] tourGuide.service.RewardsService         : ** Processing to get reward points
2021-11-29 23:17:25.264  INFO 6224 --- [l-13-thread-134] tourGuide.service.RewardsService         : ** Processing to get reward points
2021-11-29 23:17:25.267  INFO 6224 --- [ol-13-thread-79] tourGuide.service.RewardsService         : ** Processing to get reward points
2021-11-29 23:17:25.269  INFO 6224 --- [l-13-thread-186] tourGuide.service.RewardsService         : ** Processing to get reward points
2021-11-29 23:17:25.285  INFO 6224 --- [l-13-thread-161] tourGuide.service.RewardsService         : ** Processing to get reward points
2021-11-29 23:17:25.286  INFO 6224 --- [ool-13-thread-3] tourGuide.service.RewardsService         : ** Processing to get reward points
2021-11-29 23:17:25.287  INFO 6224 --- [l-13-thread-151] tourGuide.service.RewardsService         : ** Processing to get reward points
2021-11-29 23:17:25.288  INFO 6224 --- [ol-13-thread-65] tourGuide.service.RewardsService         : ** Processing to get reward points
2021-11-29 23:17:25.289  INFO 6224 --- [l-13-thread-149] tourGuide.service.RewardsService         : ** Processing to get reward points
2021-11-29 23:17:25.291  INFO 6224 --- [l-13-thread-120] tourGuide.service.RewardsService         : ** Processing to get reward points
2021-11-29 23:17:25.295  INFO 6224 --- [l-13-thread-140] tourGuide.service.RewardsService         : ** Processing to get reward points
2021-11-29 23:17:25.303  INFO 6224 --- [l-13-thread-118] tourGuide.service.RewardsService         : ** Processing to get reward points
2021-11-29 23:17:25.306  INFO 6224 --- [ol-13-thread-85] tourGuide.service.RewardsService         : ** Processing to get reward points
2021-11-29 23:17:25.307  INFO 6224 --- [ol-13-thread-80] tourGuide.service.RewardsService         : ** Processing to get reward points
2021-11-29 23:17:25.309  INFO 6224 --- [l-13-thread-148] tourGuide.service.RewardsService         : ** Processing to get reward points
2021-11-29 23:17:25.312  INFO 6224 --- [l-13-thread-146] tourGuide.service.RewardsService         : ** Processing to get reward points
2021-11-29 23:17:25.312  INFO 6224 --- [l-13-thread-198] tourGuide.service.RewardsService         : ** Processing to get reward points
2021-11-29 23:17:25.316  INFO 6224 --- [l-13-thread-141] tourGuide.service.RewardsService         : ** Processing to get reward points
2021-11-29 23:17:25.316  INFO 6224 --- [ol-13-thread-74] tourGuide.service.RewardsService         : ** Processing to get reward points
2021-11-29 23:17:25.320  INFO 6224 --- [l-13-thread-190] tourGuide.service.RewardsService         : ** Processing to get reward points
2021-11-29 23:17:25.322  INFO 6224 --- [ol-13-thread-28] tourGuide.service.RewardsService         : ** Processing to get reward points
2021-11-29 23:17:25.333  INFO 6224 --- [ol-13-thread-25] tourGuide.service.RewardsService         : ** Processing to get reward points
2021-11-29 23:17:25.336  INFO 6224 --- [ol-13-thread-64] tourGuide.service.RewardsService         : ** Processing to get reward points
2021-11-29 23:17:25.348  INFO 6224 --- [ool-13-thread-8] tourGuide.service.RewardsService         : ** Processing to get reward points
2021-11-29 23:17:25.360  INFO 6224 --- [l-13-thread-122] tourGuide.service.RewardsService         : ** Processing to get reward points
2021-11-29 23:17:25.361  INFO 6224 --- [ol-13-thread-55] tourGuide.service.RewardsService         : ** Processing to get reward points
2021-11-29 23:17:25.363  INFO 6224 --- [ool-13-thread-1] tourGuide.service.RewardsService         : ** Processing to get reward points
2021-11-29 23:17:25.364  INFO 6224 --- [ol-13-thread-48] tourGuide.service.RewardsService         : ** Processing to get reward points
2021-11-29 23:17:25.373  INFO 6224 --- [ol-13-thread-96] tourGuide.service.RewardsService         : ** Processing to get reward points
2021-11-29 23:17:25.377  INFO 6224 --- [ool-13-thread-5] tourGuide.service.RewardsService         : ** Processing to get reward points
2021-11-29 23:17:25.400  INFO 6224 --- [l-13-thread-102] tourGuide.service.RewardsService         : ** Processing to get reward points
2021-11-29 23:17:25.413  INFO 6224 --- [ol-13-thread-36] tourGuide.service.RewardsService         : ** Processing to get reward points
2021-11-29 23:17:25.423  INFO 6224 --- [ol-13-thread-21] tourGuide.service.RewardsService         : ** Processing to get reward points
2021-11-29 23:17:25.430  INFO 6224 --- [l-13-thread-191] tourGuide.service.RewardsService         : ** Processing to get reward points
2021-11-29 23:17:25.439  INFO 6224 --- [ol-13-thread-50] tourGuide.service.RewardsService         : ** Processing to get reward points
2021-11-29 23:17:25.439  INFO 6224 --- [ol-13-thread-33] tourGuide.service.RewardsService         : ** Processing to get reward points
2021-11-29 23:17:25.447  INFO 6224 --- [ool-13-thread-4] tourGuide.service.RewardsService         : ** Processing to get reward points
2021-11-29 23:17:25.452  INFO 6224 --- [ol-13-thread-69] tourGuide.service.RewardsService         : ** Processing to get reward points
2021-11-29 23:17:25.470  INFO 6224 --- [l-13-thread-131] tourGuide.service.RewardsService         : ** Processing to get reward points
2021-11-29 23:17:25.475  INFO 6224 --- [l-13-thread-138] tourGuide.service.RewardsService         : ** Processing to get reward points
2021-11-29 23:17:25.476  INFO 6224 --- [ol-13-thread-95] tourGuide.service.RewardsService         : ** Processing to get reward points
2021-11-29 23:17:25.478  INFO 6224 --- [ol-13-thread-78] tourGuide.service.RewardsService         : ** Processing to get reward points
2021-11-29 23:17:25.486  INFO 6224 --- [l-13-thread-167] tourGuide.service.RewardsService         : ** Processing to get reward points
2021-11-29 23:17:25.492  INFO 6224 --- [ol-13-thread-20] tourGuide.service.RewardsService         : ** Processing to get reward points
2021-11-29 23:17:25.495  INFO 6224 --- [l-13-thread-195] tourGuide.service.RewardsService         : ** Processing to get reward points
2021-11-29 23:17:25.498  INFO 6224 --- [l-13-thread-137] tourGuide.service.RewardsService         : ** Processing to get reward points
2021-11-29 23:17:25.510  INFO 6224 --- [ol-13-thread-49] tourGuide.service.RewardsService         : ** Processing to get reward points
2021-11-29 23:17:25.513  INFO 6224 --- [ol-13-thread-72] tourGuide.service.RewardsService         : ** Processing to get reward points
2021-11-29 23:17:25.516  INFO 6224 --- [l-13-thread-176] tourGuide.service.RewardsService         : ** Processing to get reward points
2021-11-29 23:17:25.517  INFO 6224 --- [ol-13-thread-30] tourGuide.service.RewardsService         : ** Processing to get reward points
2021-11-29 23:17:25.517  INFO 6224 --- [l-13-thread-186] tourGuide.service.RewardsService         : ** Processing to get reward points
2021-11-29 23:17:25.518  INFO 6224 --- [l-13-thread-124] tourGuide.service.RewardsService         : ** Processing to get reward points
2021-11-29 23:17:25.519  INFO 6224 --- [ol-13-thread-10] tourGuide.service.RewardsService         : ** Processing to get reward points
2021-11-29 23:17:25.520  INFO 6224 --- [l-13-thread-147] tourGuide.service.RewardsService         : ** Processing to get reward points
2021-11-29 23:17:25.521  INFO 6224 --- [ol-13-thread-43] tourGuide.service.RewardsService         : ** Processing to get reward points
2021-11-29 23:17:25.522  INFO 6224 --- [ol-13-thread-79] tourGuide.service.RewardsService         : ** Processing to get reward points
2021-11-29 23:17:25.523  INFO 6224 --- [ol-13-thread-76] tourGuide.service.RewardsService         : ** Processing to get reward points
2021-11-29 23:17:25.523  INFO 6224 --- [ool-13-thread-9] tourGuide.service.RewardsService         : ** Processing to get reward points
2021-11-29 23:17:25.524  INFO 6224 --- [ol-13-thread-87] tourGuide.service.RewardsService         : ** Processing to get reward points
2021-11-29 23:17:25.524  INFO 6224 --- [l-13-thread-172] tourGuide.service.RewardsService         : ** Processing to get reward points
2021-11-29 23:17:25.530  INFO 6224 --- [ol-13-thread-53] tourGuide.service.RewardsService         : ** Processing to get reward points
2021-11-29 23:17:25.530  INFO 6224 --- [l-13-thread-132] tourGuide.service.RewardsService         : ** Processing to get reward points
2021-11-29 23:17:25.531  INFO 6224 --- [ol-13-thread-59] tourGuide.service.RewardsService         : ** Processing to get reward points
2021-11-29 23:17:25.534  INFO 6224 --- [ol-13-thread-61] tourGuide.service.RewardsService         : ** Processing to get reward points
2021-11-29 23:17:25.534  INFO 6224 --- [l-13-thread-103] tourGuide.service.RewardsService         : ** Processing to get reward points
2021-11-29 23:17:25.534  INFO 6224 --- [ol-13-thread-88] tourGuide.service.RewardsService         : ** Processing to get reward points
2021-11-29 23:17:25.535  INFO 6224 --- [l-13-thread-135] tourGuide.service.RewardsService         : ** Processing to get reward points
2021-11-29 23:17:25.536  INFO 6224 --- [l-13-thread-146] tourGuide.service.RewardsService         : ** Processing to get reward points
2021-11-29 23:17:25.538  INFO 6224 --- [l-13-thread-179] tourGuide.service.RewardsService         : ** Processing to get reward points
2021-11-29 23:17:25.538  INFO 6224 --- [l-13-thread-165] tourGuide.service.RewardsService         : ** Processing to get reward points
2021-11-29 23:17:25.539  INFO 6224 --- [ol-13-thread-68] tourGuide.service.RewardsService         : ** Processing to get reward points
2021-11-29 23:17:25.540  INFO 6224 --- [l-13-thread-152] tourGuide.service.RewardsService         : ** Processing to get reward points
2021-11-29 23:17:25.541  INFO 6224 --- [ol-13-thread-13] tourGuide.service.RewardsService         : ** Processing to get reward points
2021-11-29 23:17:25.542  INFO 6224 --- [ol-13-thread-45] tourGuide.service.RewardsService         : ** Processing to get reward points
2021-11-29 23:17:25.543  INFO 6224 --- [ool-13-thread-1] tourGuide.service.RewardsService         : ** Processing to get reward points
2021-11-29 23:17:25.543  INFO 6224 --- [l-13-thread-184] tourGuide.service.RewardsService         : ** Processing to get reward points
2021-11-29 23:17:25.545  INFO 6224 --- [ool-13-thread-3] tourGuide.service.RewardsService         : ** Processing to get reward points
2021-11-29 23:17:25.545  INFO 6224 --- [l-13-thread-149] tourGuide.service.RewardsService         : ** Processing to get reward points
2021-11-29 23:17:25.545  INFO 6224 --- [l-13-thread-129] tourGuide.service.RewardsService         : ** Processing to get reward points
2021-11-29 23:17:25.546  INFO 6224 --- [l-13-thread-162] tourGuide.service.RewardsService         : ** Processing to get reward points
2021-11-29 23:17:25.547  INFO 6224 --- [ol-13-thread-57] tourGuide.service.RewardsService         : ** Processing to get reward points
2021-11-29 23:17:25.547  INFO 6224 --- [ool-13-thread-2] tourGuide.service.RewardsService         : ** Processing to get reward points
2021-11-29 23:17:25.551  INFO 6224 --- [l-13-thread-151] tourGuide.service.RewardsService         : ** Processing to get reward points
2021-11-29 23:17:25.552  INFO 6224 --- [ol-13-thread-19] tourGuide.service.RewardsService         : ** Processing to get reward points
2021-11-29 23:17:25.554  INFO 6224 --- [ol-13-thread-40] tourGuide.service.RewardsService         : ** Processing to get reward points
2021-11-29 23:17:25.555  INFO 6224 --- [l-13-thread-130] tourGuide.service.RewardsService         : ** Processing to get reward points
2021-11-29 23:17:25.555  INFO 6224 --- [ol-13-thread-93] tourGuide.service.RewardsService         : ** Processing to get reward points
2021-11-29 23:17:25.556  INFO 6224 --- [ol-13-thread-92] tourGuide.service.RewardsService         : ** Processing to get reward points
2021-11-29 23:17:25.557  INFO 6224 --- [ol-13-thread-58] tourGuide.service.RewardsService         : ** Processing to get reward points
2021-11-29 23:17:25.559  INFO 6224 --- [ol-13-thread-62] tourGuide.service.RewardsService         : ** Processing to get reward points
2021-11-29 23:17:25.561  INFO 6224 --- [ol-13-thread-66] tourGuide.service.RewardsService         : ** Processing to get reward points
2021-11-29 23:17:25.562  INFO 6224 --- [ol-13-thread-23] tourGuide.service.RewardsService         : ** Processing to get reward points
2021-11-29 23:17:25.565  INFO 6224 --- [l-13-thread-169] tourGuide.service.RewardsService         : ** Processing to get reward points
2021-11-29 23:17:25.571  INFO 6224 --- [l-13-thread-153] tourGuide.service.RewardsService         : ** Processing to get reward points
2021-11-29 23:17:25.573  INFO 6224 --- [ol-13-thread-32] tourGuide.service.RewardsService         : ** Processing to get reward points
2021-11-29 23:17:25.574  INFO 6224 --- [l-13-thread-163] tourGuide.service.RewardsService         : ** Processing to get reward points
2021-11-29 23:17:25.581  INFO 6224 --- [ol-13-thread-73] tourGuide.service.RewardsService         : ** Processing to get reward points
2021-11-29 23:17:25.584  INFO 6224 --- [l-13-thread-109] tourGuide.service.RewardsService         : ** Processing to get reward points
2021-11-29 23:17:25.585  INFO 6224 --- [l-13-thread-115] tourGuide.service.RewardsService         : ** Processing to get reward points
2021-11-29 23:17:25.587  INFO 6224 --- [l-13-thread-133] tourGuide.service.RewardsService         : ** Processing to get reward points
2021-11-29 23:17:25.594  INFO 6224 --- [l-13-thread-191] tourGuide.service.RewardsService         : ** Processing to get reward points
2021-11-29 23:17:25.603  INFO 6224 --- [ol-13-thread-16] tourGuide.service.RewardsService         : ** Processing to get reward points
2021-11-29 23:17:25.606  INFO 6224 --- [l-13-thread-188] tourGuide.service.RewardsService         : ** Processing to get reward points
2021-11-29 23:17:25.607  INFO 6224 --- [ol-13-thread-84] tourGuide.service.RewardsService         : ** Processing to get reward points
2021-11-29 23:17:25.607  INFO 6224 --- [ool-13-thread-7] tourGuide.service.RewardsService         : ** Processing to get reward points
2021-11-29 23:17:25.609  INFO 6224 --- [ol-13-thread-55] tourGuide.service.RewardsService         : ** Processing to get reward points
2021-11-29 23:17:25.610  INFO 6224 --- [l-13-thread-134] tourGuide.service.RewardsService         : ** Processing to get reward points
2021-11-29 23:17:25.610  INFO 6224 --- [ol-13-thread-70] tourGuide.service.RewardsService         : ** Processing to get reward points
2021-11-29 23:17:25.611  INFO 6224 --- [ool-13-thread-5] tourGuide.service.RewardsService         : ** Processing to get reward points
2021-11-29 23:17:25.613  INFO 6224 --- [ol-13-thread-25] tourGuide.service.RewardsService         : ** Processing to get reward points
2021-11-29 23:17:25.613  INFO 6224 --- [l-13-thread-140] tourGuide.service.RewardsService         : ** Processing to get reward points
2021-11-29 23:17:25.613  INFO 6224 --- [ol-13-thread-15] tourGuide.service.RewardsService         : ** Processing to get reward points
2021-11-29 23:17:25.614  INFO 6224 --- [l-13-thread-166] tourGuide.service.RewardsService         : ** Processing to get reward points
2021-11-29 23:17:25.615  INFO 6224 --- [ol-13-thread-78] tourGuide.service.RewardsService         : ** Processing to get reward points
2021-11-29 23:17:25.618  INFO 6224 --- [l-13-thread-124] tourGuide.service.RewardsService         : ** Processing to get reward points
2021-11-29 23:17:25.625  INFO 6224 --- [l-13-thread-160] tourGuide.service.RewardsService         : ** Processing to get reward points
2021-11-29 23:17:25.626  INFO 6224 --- [l-13-thread-126] tourGuide.service.RewardsService         : ** Processing to get reward points
2021-11-29 23:17:25.626  INFO 6224 --- [ol-13-thread-98] tourGuide.service.RewardsService         : ** Processing to get reward points
2021-11-29 23:17:25.627  INFO 6224 --- [l-13-thread-192] tourGuide.service.RewardsService         : ** Processing to get reward points
2021-11-29 23:17:25.627  INFO 6224 --- [ol-13-thread-14] tourGuide.service.RewardsService         : ** Processing to get reward points
2021-11-29 23:17:25.629  INFO 6224 --- [l-13-thread-131] tourGuide.service.RewardsService         : ** Processing to get reward points
2021-11-29 23:17:25.630  INFO 6224 --- [ol-13-thread-86] tourGuide.service.RewardsService         : ** Processing to get reward points
2021-11-29 23:17:25.634  INFO 6224 --- [ool-13-thread-6] tourGuide.service.RewardsService         : ** Processing to get reward points
2021-11-29 23:17:25.636  INFO 6224 --- [ol-13-thread-37] tourGuide.service.RewardsService         : ** Processing to get reward points
2021-11-29 23:17:25.637  INFO 6224 --- [ol-13-thread-38] tourGuide.service.RewardsService         : ** Processing to get reward points
2021-11-29 23:17:25.637  INFO 6224 --- [ol-13-thread-29] tourGuide.service.RewardsService         : ** Processing to get reward points
2021-11-29 23:17:25.640  INFO 6224 --- [l-13-thread-189] tourGuide.service.RewardsService         : ** Processing to get reward points
2021-11-29 23:17:25.641  INFO 6224 --- [ol-13-thread-67] tourGuide.service.RewardsService         : ** Processing to get reward points
2021-11-29 23:17:25.642  INFO 6224 --- [l-13-thread-105] tourGuide.service.RewardsService         : ** Processing to get reward points
2021-11-29 23:17:25.644  INFO 6224 --- [ol-13-thread-41] tourGuide.service.RewardsService         : ** Processing to get reward points
2021-11-29 23:17:25.645  INFO 6224 --- [l-13-thread-101] tourGuide.service.RewardsService         : ** Processing to get reward points
2021-11-29 23:17:25.647  INFO 6224 --- [l-13-thread-121] tourGuide.service.RewardsService         : ** Processing to get reward points
2021-11-29 23:17:25.648  INFO 6224 --- [ol-13-thread-82] tourGuide.service.RewardsService         : ** Processing to get reward points
2021-11-29 23:17:25.650  INFO 6224 --- [l-13-thread-156] tourGuide.service.RewardsService         : ** Processing to get reward points
2021-11-29 23:17:25.651  INFO 6224 --- [ol-13-thread-50] tourGuide.service.RewardsService         : ** Processing to get reward points
2021-11-29 23:17:25.651  INFO 6224 --- [l-13-thread-200] tourGuide.service.RewardsService         : ** Processing to get reward points
2021-11-29 23:17:25.652  INFO 6224 --- [l-13-thread-120] tourGuide.service.RewardsService         : ** Processing to get reward points
2021-11-29 23:17:25.658  INFO 6224 --- [l-13-thread-119] tourGuide.service.RewardsService         : ** Processing to get reward points
2021-11-29 23:17:25.661  INFO 6224 --- [ol-13-thread-65] tourGuide.service.RewardsService         : ** Processing to get reward points
2021-11-29 23:17:25.663  INFO 6224 --- [ol-13-thread-42] tourGuide.service.RewardsService         : ** Processing to get reward points
2021-11-29 23:17:25.666  INFO 6224 --- [l-13-thread-143] tourGuide.service.RewardsService         : ** Processing to get reward points
2021-11-29 23:17:25.668  INFO 6224 --- [l-13-thread-122] tourGuide.service.RewardsService         : ** Processing to get reward points
2021-11-29 23:17:25.668  INFO 6224 --- [ol-13-thread-90] tourGuide.service.RewardsService         : ** Processing to get reward points
2021-11-29 23:17:25.670  INFO 6224 --- [ol-13-thread-71] tourGuide.service.RewardsService         : ** Processing to get reward points
2021-11-29 23:17:25.671  INFO 6224 --- [ol-13-thread-34] tourGuide.service.RewardsService         : ** Processing to get reward points
2021-11-29 23:17:25.674  INFO 6224 --- [ol-13-thread-18] tourGuide.service.RewardsService         : ** Processing to get reward points
2021-11-29 23:17:25.677  INFO 6224 --- [l-13-thread-117] tourGuide.service.RewardsService         : ** Processing to get reward points
2021-11-29 23:17:25.679  INFO 6224 --- [l-13-thread-145] tourGuide.service.RewardsService         : ** Processing to get reward points
2021-11-29 23:17:25.682  INFO 6224 --- [l-13-thread-150] tourGuide.service.RewardsService         : ** Processing to get reward points
2021-11-29 23:17:25.691  INFO 6224 --- [ol-13-thread-64] tourGuide.service.RewardsService         : ** Processing to get reward points
2021-11-29 23:17:25.698  INFO 6224 --- [l-13-thread-142] tourGuide.service.RewardsService         : ** Processing to get reward points
2021-11-29 23:17:25.702  INFO 6224 --- [ol-13-thread-26] tourGuide.service.RewardsService         : ** Processing to get reward points
2021-11-29 23:17:25.702  INFO 6224 --- [l-13-thread-180] tourGuide.service.RewardsService         : ** Processing to get reward points
2021-11-29 23:17:25.704  INFO 6224 --- [l-13-thread-158] tourGuide.service.RewardsService         : ** Processing to get reward points
2021-11-29 23:17:25.713  INFO 6224 --- [l-13-thread-187] tourGuide.service.RewardsService         : ** Processing to get reward points
2021-11-29 23:17:25.714  INFO 6224 --- [l-13-thread-123] tourGuide.service.RewardsService         : ** Processing to get reward points
2021-11-29 23:17:25.723  INFO 6224 --- [ol-13-thread-51] tourGuide.service.RewardsService         : ** Processing to get reward points
2021-11-29 23:17:25.723  INFO 6224 --- [ol-13-thread-24] tourGuide.service.RewardsService         : ** Processing to get reward points
2021-11-29 23:17:25.723  INFO 6224 --- [l-13-thread-128] tourGuide.service.RewardsService         : ** Processing to get reward points
2021-11-29 23:17:25.723  INFO 6224 --- [l-13-thread-198] tourGuide.service.RewardsService         : ** Processing to get reward points
2021-11-29 23:17:25.744  INFO 6224 --- [l-13-thread-135] tourGuide.service.RewardsService         : ** Processing to get reward points
2021-11-29 23:17:25.746  INFO 6224 --- [l-13-thread-199] tourGuide.service.RewardsService         : ** Processing to get reward points
2021-11-29 23:17:25.750  INFO 6224 --- [ol-13-thread-84] tourGuide.service.RewardsService         : ** Processing to get reward points
2021-11-29 23:17:25.752  INFO 6224 --- [ol-13-thread-79] tourGuide.service.RewardsService         : ** Processing to get reward points
2021-11-29 23:17:25.755  INFO 6224 --- [l-13-thread-130] tourGuide.service.RewardsService         : ** Processing to get reward points
2021-11-29 23:17:25.756  INFO 6224 --- [ol-13-thread-82] tourGuide.service.RewardsService         : ** Processing to get reward points
2021-11-29 23:17:25.756  INFO 6224 --- [l-13-thread-111] tourGuide.service.RewardsService         : ** Processing to get reward points
2021-11-29 23:17:25.764  INFO 6224 --- [l-13-thread-133] tourGuide.service.RewardsService         : ** Processing to get reward points
2021-11-29 23:17:25.766  INFO 6224 --- [l-13-thread-187] tourGuide.service.RewardsService         : ** Processing to get reward points
2021-11-29 23:17:25.766  INFO 6224 --- [ol-13-thread-80] tourGuide.service.RewardsService         : ** Processing to get reward points
2021-11-29 23:17:25.770  INFO 6224 --- [l-13-thread-158] tourGuide.service.RewardsService         : ** Processing to get reward points
2021-11-29 23:17:25.780  INFO 6224 --- [ol-13-thread-12] tourGuide.service.RewardsService         : ** Processing to get reward points
2021-11-29 23:17:25.792  INFO 6224 --- [l-13-thread-199] tourGuide.service.RewardsService         : ** Processing to get reward points
2021-11-29 23:17:25.820  INFO 6224 --- [l-13-thread-108] tourGuide.service.RewardsService         : ** Processing to get reward points
2021-11-29 23:17:25.827  INFO 6224 --- [ol-13-thread-19] tourGuide.service.RewardsService         : ** Processing to get reward points
2021-11-29 23:17:25.831  INFO 6224 --- [ol-13-thread-72] tourGuide.service.RewardsService         : ** Processing to get reward points
2021-11-29 23:17:25.834  INFO 6224 --- [l-13-thread-191] tourGuide.service.RewardsService         : ** Processing to get reward points
2021-11-29 23:17:25.846  INFO 6224 --- [l-13-thread-123] tourGuide.service.RewardsService         : ** Processing to get reward points
2021-11-29 23:17:25.846  INFO 6224 --- [l-13-thread-105] tourGuide.service.RewardsService         : ** Processing to get reward points
2021-11-29 23:17:25.854  INFO 6224 --- [l-13-thread-110] tourGuide.service.RewardsService         : ** Processing to get reward points
2021-11-29 23:17:25.856  INFO 6224 --- [ol-13-thread-84] tourGuide.service.RewardsService         : ** Processing to get reward points
2021-11-29 23:17:25.859  INFO 6224 --- [ol-13-thread-46] tourGuide.service.RewardsService         : ** Processing to get reward points
2021-11-29 23:17:25.864  INFO 6224 --- [l-13-thread-185] tourGuide.service.RewardsService         : ** Processing to get reward points
2021-11-29 23:17:25.871  INFO 6224 --- [l-13-thread-103] tourGuide.service.RewardsService         : ** Processing to get reward points
2021-11-29 23:17:25.878  INFO 6224 --- [l-13-thread-157] tourGuide.service.RewardsService         : ** Processing to get reward points
2021-11-29 23:17:25.889  INFO 6224 --- [ol-13-thread-93] tourGuide.service.RewardsService         : ** Processing to get reward points
2021-11-29 23:17:25.892  INFO 6224 --- [l-13-thread-114] tourGuide.service.RewardsService         : ** Processing to get reward points
2021-11-29 23:17:25.902  INFO 6224 --- [l-13-thread-173] tourGuide.service.RewardsService         : ** Processing to get reward points
2021-11-29 23:17:25.905  INFO 6224 --- [ol-13-thread-22] tourGuide.service.RewardsService         : ** Processing to get reward points
2021-11-29 23:17:25.910  INFO 6224 --- [l-13-thread-142] tourGuide.service.RewardsService         : ** Processing to get reward points
2021-11-29 23:17:25.910  INFO 6224 --- [l-13-thread-181] tourGuide.service.RewardsService         : ** Processing to get reward points
2021-11-29 23:17:25.911  INFO 6224 --- [ol-13-thread-71] tourGuide.service.RewardsService         : ** Processing to get reward points
2021-11-29 23:17:25.914  INFO 6224 --- [l-13-thread-169] tourGuide.service.RewardsService         : ** Processing to get reward points
2021-11-29 23:17:25.915  INFO 6224 --- [l-13-thread-182] tourGuide.service.RewardsService         : ** Processing to get reward points
2021-11-29 23:17:25.918  INFO 6224 --- [l-13-thread-139] tourGuide.service.RewardsService         : ** Processing to get reward points
2021-11-29 23:17:25.921  INFO 6224 --- [ol-13-thread-91] tourGuide.service.RewardsService         : ** Processing to get reward points
2021-11-29 23:17:25.922  INFO 6224 --- [l-13-thread-180] tourGuide.service.RewardsService         : ** Processing to get reward points
2021-11-29 23:17:25.927  INFO 6224 --- [ol-13-thread-60] tourGuide.service.RewardsService         : ** Processing to get reward points
2021-11-29 23:17:25.929  INFO 6224 --- [ol-13-thread-18] tourGuide.service.RewardsService         : ** Processing to get reward points
2021-11-29 23:17:25.934  INFO 6224 --- [l-13-thread-194] tourGuide.service.RewardsService         : ** Processing to get reward points
2021-11-29 23:17:25.938  INFO 6224 --- [ol-13-thread-13] tourGuide.service.RewardsService         : ** Processing to get reward points
2021-11-29 23:17:25.942  INFO 6224 --- [ol-13-thread-83] tourGuide.service.RewardsService         : ** Processing to get reward points
2021-11-29 23:17:25.946  INFO 6224 --- [l-13-thread-155] tourGuide.service.RewardsService         : ** Processing to get reward points
2021-11-29 23:17:25.947  INFO 6224 --- [l-13-thread-190] tourGuide.service.RewardsService         : ** Processing to get reward points
2021-11-29 23:17:25.948  INFO 6224 --- [l-13-thread-193] tourGuide.service.RewardsService         : ** Processing to get reward points
2021-11-29 23:17:25.949  INFO 6224 --- [l-13-thread-148] tourGuide.service.RewardsService         : ** Processing to get reward points
2021-11-29 23:17:25.951  INFO 6224 --- [ol-13-thread-54] tourGuide.service.RewardsService         : ** Processing to get reward points
2021-11-29 23:17:25.952  INFO 6224 --- [ol-13-thread-89] tourGuide.service.RewardsService         : ** Processing to get reward points
2021-11-29 23:17:25.952  INFO 6224 --- [ol-13-thread-77] tourGuide.service.RewardsService         : ** Processing to get reward points
2021-11-29 23:17:25.952  INFO 6224 --- [l-13-thread-175] tourGuide.service.RewardsService         : ** Processing to get reward points
2021-11-29 23:17:25.952  INFO 6224 --- [ol-13-thread-90] tourGuide.service.RewardsService         : ** Processing to get reward points
2021-11-29 23:17:25.952  INFO 6224 --- [ol-13-thread-34] tourGuide.service.RewardsService         : ** Processing to get reward points
2021-11-29 23:17:25.961  INFO 6224 --- [ol-13-thread-85] tourGuide.service.RewardsService         : ** Processing to get reward points
2021-11-29 23:17:25.963  INFO 6224 --- [ol-13-thread-52] tourGuide.service.RewardsService         : ** Processing to get reward points
2021-11-29 23:17:25.966  INFO 6224 --- [ol-13-thread-88] tourGuide.service.RewardsService         : ** Processing to get reward points
2021-11-29 23:17:25.968  INFO 6224 --- [l-13-thread-165] tourGuide.service.RewardsService         : ** Processing to get reward points
2021-11-29 23:17:25.969  INFO 6224 --- [ol-13-thread-73] tourGuide.service.RewardsService         : ** Processing to get reward points
2021-11-29 23:17:25.972  INFO 6224 --- [l-13-thread-127] tourGuide.service.RewardsService         : ** Processing to get reward points
2021-11-29 23:17:25.973  INFO 6224 --- [ol-13-thread-92] tourGuide.service.RewardsService         : ** Processing to get reward points
2021-11-29 23:17:25.973  INFO 6224 --- [l-13-thread-100] tourGuide.service.RewardsService         : ** Processing to get reward points
2021-11-29 23:17:25.977  INFO 6224 --- [ol-13-thread-81] tourGuide.service.RewardsService         : ** Processing to get reward points
2021-11-29 23:17:25.977  INFO 6224 --- [ol-13-thread-19] tourGuide.service.RewardsService         : ** Processing to get reward points
2021-11-29 23:17:25.979  INFO 6224 --- [ol-13-thread-44] tourGuide.service.RewardsService         : ** Processing to get reward points
2021-11-29 23:17:25.980  INFO 6224 --- [ol-13-thread-93] tourGuide.service.RewardsService         : ** Processing to get reward points
2021-11-29 23:17:25.981  INFO 6224 --- [ol-13-thread-11] tourGuide.service.RewardsService         : ** Processing to get reward points
2021-11-29 23:17:25.983  INFO 6224 --- [ool-13-thread-3] tourGuide.service.RewardsService         : ** Processing to get reward points
2021-11-29 23:17:25.985  INFO 6224 --- [ol-13-thread-53] tourGuide.service.RewardsService         : ** Processing to get reward points
2021-11-29 23:17:25.986  INFO 6224 --- [ool-13-thread-9] tourGuide.service.RewardsService         : ** Processing to get reward points
2021-11-29 23:17:25.987  INFO 6224 --- [l-13-thread-168] tourGuide.service.RewardsService         : ** Processing to get reward points
2021-11-29 23:17:25.989  INFO 6224 --- [ool-13-thread-7] tourGuide.service.RewardsService         : ** Processing to get reward points
2021-11-29 23:17:25.989  INFO 6224 --- [l-13-thread-136] tourGuide.service.RewardsService         : ** Processing to get reward points
2021-11-29 23:17:25.990  INFO 6224 --- [l-13-thread-184] tourGuide.service.RewardsService         : ** Processing to get reward points
2021-11-29 23:17:25.993  INFO 6224 --- [l-13-thread-166] tourGuide.service.RewardsService         : ** Processing to get reward points
2021-11-29 23:17:25.993  INFO 6224 --- [ol-13-thread-94] tourGuide.service.RewardsService         : ** Processing to get reward points
2021-11-29 23:17:26.019  INFO 6224 --- [l-13-thread-107] tourGuide.service.RewardsService         : ** Processing to get reward points
2021-11-29 23:17:26.022  INFO 6224 --- [l-13-thread-101] tourGuide.service.RewardsService         : ** Processing to get reward points
2021-11-29 23:17:26.027  INFO 6224 --- [l-13-thread-117] tourGuide.service.RewardsService         : ** Processing to get reward points
2021-11-29 23:17:26.027  INFO 6224 --- [ool-13-thread-7] tourGuide.service.RewardsService         : ** Processing to get reward points
2021-11-29 23:17:26.035  INFO 6224 --- [l-13-thread-120] tourGuide.service.RewardsService         : ** Processing to get reward points
2021-11-29 23:17:26.037  INFO 6224 --- [ol-13-thread-35] tourGuide.service.RewardsService         : ** Processing to get reward points
2021-11-29 23:17:26.039  INFO 6224 --- [ol-13-thread-32] tourGuide.service.RewardsService         : ** Processing to get reward points
2021-11-29 23:17:26.040  INFO 6224 --- [l-13-thread-168] tourGuide.service.RewardsService         : ** Processing to get reward points
2021-11-29 23:17:26.040  INFO 6224 --- [ol-13-thread-72] tourGuide.service.RewardsService         : ** Processing to get reward points
2021-11-29 23:17:26.042  INFO 6224 --- [ol-13-thread-75] tourGuide.service.RewardsService         : ** Processing to get reward points
2021-11-29 23:17:26.052  INFO 6224 --- [l-13-thread-191] tourGuide.service.RewardsService         : ** Processing to get reward points
2021-11-29 23:17:26.061  INFO 6224 --- [l-13-thread-139] tourGuide.service.RewardsService         : ** Processing to get reward points
2021-11-29 23:17:26.066  INFO 6224 --- [ol-13-thread-74] tourGuide.service.RewardsService         : ** Processing to get reward points
2021-11-29 23:17:26.075  INFO 6224 --- [ol-13-thread-78] tourGuide.service.RewardsService         : ** Processing to get reward points
2021-11-29 23:17:26.078  INFO 6224 --- [ol-13-thread-49] tourGuide.service.RewardsService         : ** Processing to get reward points
2021-11-29 23:17:26.087  INFO 6224 --- [l-13-thread-191] tourGuide.service.RewardsService         : ** Processing to get reward points
2021-11-29 23:17:26.089  INFO 6224 --- [l-13-thread-103] tourGuide.service.RewardsService         : ** Processing to get reward points
2021-11-29 23:17:26.097  INFO 6224 --- [l-13-thread-101] tourGuide.service.RewardsService         : ** Processing to get reward points
2021-11-29 23:17:26.110  INFO 6224 --- [l-13-thread-191] tourGuide.service.RewardsService         : ** Processing to get reward points
2021-11-29 23:17:26.114  INFO 6224 --- [l-13-thread-196] tourGuide.service.RewardsService         : ** Processing to get reward points
2021-11-29 23:17:26.117  INFO 6224 --- [l-13-thread-199] tourGuide.service.RewardsService         : ** Processing to get reward points
2021-11-29 23:17:26.127  INFO 6224 --- [l-13-thread-133] tourGuide.service.RewardsService         : ** Processing to get reward points
2021-11-29 23:17:26.139  INFO 6224 --- [ool-13-thread-3] tourGuide.service.RewardsService         : ** Processing to get reward points
2021-11-29 23:17:26.140  INFO 6224 --- [ol-13-thread-97] tourGuide.service.RewardsService         : ** Processing to get reward points
2021-11-29 23:17:26.143  INFO 6224 --- [l-13-thread-170] tourGuide.service.RewardsService         : ** Processing to get reward points
2021-11-29 23:17:26.144  INFO 6224 --- [ol-13-thread-96] tourGuide.service.RewardsService         : ** Processing to get reward points
2021-11-29 23:17:26.145  INFO 6224 --- [l-13-thread-200] tourGuide.service.RewardsService         : ** Processing to get reward points
2021-11-29 23:17:26.146  INFO 6224 --- [ol-13-thread-12] tourGuide.service.RewardsService         : ** Processing to get reward points
2021-11-29 23:17:26.147  INFO 6224 --- [ol-13-thread-89] tourGuide.service.RewardsService         : ** Processing to get reward points
2021-11-29 23:17:26.151  INFO 6224 --- [l-13-thread-119] tourGuide.service.RewardsService         : ** Processing to get reward points
2021-11-29 23:17:26.152  INFO 6224 --- [ol-13-thread-27] tourGuide.service.RewardsService         : ** Processing to get reward points
2021-11-29 23:17:26.153  INFO 6224 --- [l-13-thread-107] tourGuide.service.RewardsService         : ** Processing to get reward points
2021-11-29 23:17:26.153  INFO 6224 --- [l-13-thread-159] tourGuide.service.RewardsService         : ** Processing to get reward points
2021-11-29 23:17:26.153  INFO 6224 --- [l-13-thread-130] tourGuide.service.RewardsService         : ** Processing to get reward points
2021-11-29 23:17:26.154  INFO 6224 --- [l-13-thread-154] tourGuide.service.RewardsService         : ** Processing to get reward points
2021-11-29 23:17:26.157  INFO 6224 --- [ol-13-thread-39] tourGuide.service.RewardsService         : ** Processing to get reward points
2021-11-29 23:17:26.160  INFO 6224 --- [ool-13-thread-5] tourGuide.service.RewardsService         : ** Processing to get reward points
2021-11-29 23:17:26.160  INFO 6224 --- [l-13-thread-112] tourGuide.service.RewardsService         : ** Processing to get reward points
2021-11-29 23:17:26.161  INFO 6224 --- [ol-13-thread-44] tourGuide.service.RewardsService         : ** Processing to get reward points
2021-11-29 23:17:26.168  INFO 6224 --- [ol-13-thread-79] tourGuide.service.RewardsService         : ** Processing to get reward points
2021-11-29 23:17:26.169  INFO 6224 --- [l-13-thread-165] tourGuide.service.RewardsService         : ** Processing to get reward points
2021-11-29 23:17:26.174  INFO 6224 --- [l-13-thread-134] tourGuide.service.RewardsService         : ** Processing to get reward points
2021-11-29 23:17:26.180  INFO 6224 --- [l-13-thread-113] tourGuide.service.RewardsService         : ** Processing to get reward points
2021-11-29 23:17:26.180  INFO 6224 --- [ol-13-thread-15] tourGuide.service.RewardsService         : ** Processing to get reward points
2021-11-29 23:17:26.181  INFO 6224 --- [l-13-thread-158] tourGuide.service.RewardsService         : ** Processing to get reward points
2021-11-29 23:17:26.182  INFO 6224 --- [l-13-thread-152] tourGuide.service.RewardsService         : ** Processing to get reward points
2021-11-29 23:17:26.182  INFO 6224 --- [l-13-thread-140] tourGuide.service.RewardsService         : ** Processing to get reward points
2021-11-29 23:17:26.184  INFO 6224 --- [ol-13-thread-16] tourGuide.service.RewardsService         : ** Processing to get reward points
2021-11-29 23:17:26.185  INFO 6224 --- [l-13-thread-103] tourGuide.service.RewardsService         : ** Processing to get reward points
2021-11-29 23:17:26.186  INFO 6224 --- [ol-13-thread-87] tourGuide.service.RewardsService         : ** Processing to get reward points
2021-11-29 23:17:26.187  INFO 6224 --- [l-13-thread-167] tourGuide.service.RewardsService         : ** Processing to get reward points
2021-11-29 23:17:26.190  INFO 6224 --- [l-13-thread-177] tourGuide.service.RewardsService         : ** Processing to get reward points
2021-11-29 23:17:26.190  INFO 6224 --- [ol-13-thread-84] tourGuide.service.RewardsService         : ** Processing to get reward points
2021-11-29 23:17:26.192  INFO 6224 --- [ol-13-thread-91] tourGuide.service.RewardsService         : ** Processing to get reward points
2021-11-29 23:17:26.194  INFO 6224 --- [ool-13-thread-6] tourGuide.service.RewardsService         : ** Processing to get reward points
2021-11-29 23:17:26.195  INFO 6224 --- [l-13-thread-178] tourGuide.service.RewardsService         : ** Processing to get reward points
2021-11-29 23:17:26.202  INFO 6224 --- [ol-13-thread-63] tourGuide.service.RewardsService         : ** Processing to get reward points
2021-11-29 23:17:26.202  INFO 6224 --- [l-13-thread-163] tourGuide.service.RewardsService         : ** Processing to get reward points
2021-11-29 23:17:26.210  INFO 6224 --- [ool-13-thread-8] tourGuide.service.RewardsService         : ** Processing to get reward points
2021-11-29 23:17:26.211  INFO 6224 --- [l-13-thread-144] tourGuide.service.RewardsService         : ** Processing to get reward points
2021-11-29 23:17:26.214  INFO 6224 --- [ol-13-thread-41] tourGuide.service.RewardsService         : ** Processing to get reward points
2021-11-29 23:17:26.214  INFO 6224 --- [l-13-thread-187] tourGuide.service.RewardsService         : ** Processing to get reward points
2021-11-29 23:17:26.221  INFO 6224 --- [l-13-thread-129] tourGuide.service.RewardsService         : ** Processing to get reward points
2021-11-29 23:17:26.224  INFO 6224 --- [l-13-thread-197] tourGuide.service.RewardsService         : ** Processing to get reward points
2021-11-29 23:17:26.228  INFO 6224 --- [ol-13-thread-78] tourGuide.service.RewardsService         : ** Processing to get reward points
2021-11-29 23:17:26.231  INFO 6224 --- [l-13-thread-171] tourGuide.service.RewardsService         : ** Processing to get reward points
2021-11-29 23:17:26.237  INFO 6224 --- [ol-13-thread-75] tourGuide.service.RewardsService         : ** Processing to get reward points
2021-11-29 23:17:26.239  INFO 6224 --- [l-13-thread-185] tourGuide.service.RewardsService         : ** Processing to get reward points
2021-11-29 23:17:26.240  INFO 6224 --- [ol-13-thread-13] tourGuide.service.RewardsService         : ** Processing to get reward points
2021-11-29 23:17:26.239  INFO 6224 --- [l-13-thread-104] tourGuide.service.RewardsService         : ** Processing to get reward points
2021-11-29 23:17:26.242  INFO 6224 --- [ol-13-thread-91] tourGuide.service.RewardsService         : ** Processing to get reward points
2021-11-29 23:17:26.245  INFO 6224 --- [l-13-thread-124] tourGuide.service.RewardsService         : ** Processing to get reward points
2021-11-29 23:17:26.255  INFO 6224 --- [l-13-thread-142] tourGuide.service.RewardsService         : ** Processing to get reward points
2021-11-29 23:17:26.258  INFO 6224 --- [l-13-thread-167] tourGuide.service.RewardsService         : ** Processing to get reward points
2021-11-29 23:17:26.261  INFO 6224 --- [l-13-thread-109] tourGuide.service.RewardsService         : ** Processing to get reward points
2021-11-29 23:17:26.262  INFO 6224 --- [ol-13-thread-32] tourGuide.service.RewardsService         : ** Processing to get reward points
2021-11-29 23:17:26.262  INFO 6224 --- [l-13-thread-115] tourGuide.service.RewardsService         : ** Processing to get reward points
2021-11-29 23:17:26.267  INFO 6224 --- [ol-13-thread-73] tourGuide.service.RewardsService         : ** Processing to get reward points
2021-11-29 23:17:26.273  INFO 6224 --- [l-13-thread-151] tourGuide.service.RewardsService         : ** Processing to get reward points
2021-11-29 23:17:26.275  INFO 6224 --- [ol-13-thread-19] tourGuide.service.RewardsService         : ** Processing to get reward points
2021-11-29 23:17:26.284  INFO 6224 --- [l-13-thread-135] tourGuide.service.RewardsService         : ** Processing to get reward points
2021-11-29 23:17:26.284  INFO 6224 --- [l-13-thread-161] tourGuide.service.RewardsService         : ** Processing to get reward points
2021-11-29 23:17:26.284  INFO 6224 --- [l-13-thread-200] tourGuide.service.RewardsService         : ** Processing to get reward points
2021-11-29 23:17:26.287  INFO 6224 --- [l-13-thread-160] tourGuide.service.RewardsService         : ** Processing to get reward points
2021-11-29 23:17:26.287  INFO 6224 --- [l-13-thread-179] tourGuide.service.RewardsService         : ** Processing to get reward points
2021-11-29 23:17:26.289  INFO 6224 --- [ol-13-thread-33] tourGuide.service.RewardsService         : ** Processing to get reward points
2021-11-29 23:17:26.290  INFO 6224 --- [l-13-thread-159] tourGuide.service.RewardsService         : ** Processing to get reward points
2021-11-29 23:17:26.292  INFO 6224 --- [ol-13-thread-61] tourGuide.service.RewardsService         : ** Processing to get reward points
2021-11-29 23:17:26.297  INFO 6224 --- [l-13-thread-182] tourGuide.service.RewardsService         : ** Processing to get reward points
2021-11-29 23:17:26.297  INFO 6224 --- [l-13-thread-122] tourGuide.service.RewardsService         : ** Processing to get reward points
2021-11-29 23:17:26.298  INFO 6224 --- [ol-13-thread-21] tourGuide.service.RewardsService         : ** Processing to get reward points
2021-11-29 23:17:26.301  INFO 6224 --- [l-13-thread-170] tourGuide.service.RewardsService         : ** Processing to get reward points
2021-11-29 23:17:26.305  INFO 6224 --- [ol-13-thread-31] tourGuide.service.RewardsService         : ** Processing to get reward points
2021-11-29 23:17:26.305  INFO 6224 --- [l-13-thread-110] tourGuide.service.RewardsService         : ** Processing to get reward points
2021-11-29 23:17:26.306  INFO 6224 --- [l-13-thread-116] tourGuide.service.RewardsService         : ** Processing to get reward points
2021-11-29 23:17:26.306  INFO 6224 --- [l-13-thread-140] tourGuide.service.RewardsService         : ** Processing to get reward points
2021-11-29 23:17:26.306  INFO 6224 --- [ol-13-thread-66] tourGuide.service.RewardsService         : ** Processing to get reward points
2021-11-29 23:17:26.306  INFO 6224 --- [ol-13-thread-59] tourGuide.service.RewardsService         : ** Processing to get reward points
2021-11-29 23:17:26.308  INFO 6224 --- [l-13-thread-150] tourGuide.service.RewardsService         : ** Processing to get reward points
2021-11-29 23:17:26.311  INFO 6224 --- [l-13-thread-141] tourGuide.service.RewardsService         : ** Processing to get reward points
2021-11-29 23:17:26.313  INFO 6224 --- [l-13-thread-132] tourGuide.service.RewardsService         : ** Processing to get reward points
2021-11-29 23:17:26.315  INFO 6224 --- [ol-13-thread-90] tourGuide.service.RewardsService         : ** Processing to get reward points
2021-11-29 23:17:26.315  INFO 6224 --- [l-13-thread-195] tourGuide.service.RewardsService         : ** Processing to get reward points
2021-11-29 23:17:26.315  INFO 6224 --- [l-13-thread-125] tourGuide.service.RewardsService         : ** Processing to get reward points
2021-11-29 23:17:26.315  INFO 6224 --- [l-13-thread-174] tourGuide.service.RewardsService         : ** Processing to get reward points
2021-11-29 23:17:26.318  INFO 6224 --- [l-13-thread-118] tourGuide.service.RewardsService         : ** Processing to get reward points
2021-11-29 23:17:26.318  INFO 6224 --- [ol-13-thread-56] tourGuide.service.RewardsService         : ** Processing to get reward points
2021-11-29 23:17:26.319  INFO 6224 --- [l-13-thread-123] tourGuide.service.RewardsService         : ** Processing to get reward points
2021-11-29 23:17:26.319  INFO 6224 --- [ol-13-thread-52] tourGuide.service.RewardsService         : ** Processing to get reward points
2021-11-29 23:17:26.319  INFO 6224 --- [ol-13-thread-43] tourGuide.service.RewardsService         : ** Processing to get reward points
2021-11-29 23:17:26.321  INFO 6224 --- [ol-13-thread-25] tourGuide.service.RewardsService         : ** Processing to get reward points
2021-11-29 23:17:26.321  INFO 6224 --- [l-13-thread-106] tourGuide.service.RewardsService         : ** Processing to get reward points
2021-11-29 23:17:26.324  INFO 6224 --- [l-13-thread-153] tourGuide.service.RewardsService         : ** Processing to get reward points
2021-11-29 23:17:26.329  INFO 6224 --- [l-13-thread-190] tourGuide.service.RewardsService         : ** Processing to get reward points
2021-11-29 23:17:26.329  INFO 6224 --- [ol-13-thread-81] tourGuide.service.RewardsService         : ** Processing to get reward points
2021-11-29 23:17:26.331  INFO 6224 --- [ol-13-thread-11] tourGuide.service.RewardsService         : ** Processing to get reward points
2021-11-29 23:17:26.331  INFO 6224 --- [ol-13-thread-57] tourGuide.service.RewardsService         : ** Processing to get reward points
2021-11-29 23:17:26.331  INFO 6224 --- [ol-13-thread-28] tourGuide.service.RewardsService         : ** Processing to get reward points
2021-11-29 23:17:26.335  INFO 6224 --- [ol-13-thread-48] tourGuide.service.RewardsService         : ** Processing to get reward points
2021-11-29 23:17:26.335  INFO 6224 --- [l-13-thread-154] tourGuide.service.RewardsService         : ** Processing to get reward points
2021-11-29 23:17:26.338  INFO 6224 --- [l-13-thread-164] tourGuide.service.RewardsService         : ** Processing to get reward points
2021-11-29 23:17:26.341  INFO 6224 --- [l-13-thread-158] tourGuide.service.RewardsService         : ** Processing to get reward points
2021-11-29 23:17:26.341  INFO 6224 --- [ol-13-thread-73] tourGuide.service.RewardsService         : ** Processing to get reward points
2021-11-29 23:17:26.343  INFO 6224 --- [ol-13-thread-47] tourGuide.service.RewardsService         : ** Processing to get reward points
2021-11-29 23:17:26.344  INFO 6224 --- [l-13-thread-162] tourGuide.service.RewardsService         : ** Processing to get reward points
2021-11-29 23:17:26.345  INFO 6224 --- [ol-13-thread-62] tourGuide.service.RewardsService         : ** Processing to get reward points
2021-11-29 23:17:26.345  INFO 6224 --- [l-13-thread-102] tourGuide.service.RewardsService         : ** Processing to get reward points
2021-11-29 23:17:26.348  INFO 6224 --- [l-13-thread-129] tourGuide.service.RewardsService         : ** Processing to get reward points
2021-11-29 23:17:26.349  INFO 6224 --- [ol-13-thread-27] tourGuide.service.RewardsService         : ** Processing to get reward points
2021-11-29 23:17:26.397  INFO 6224 --- [ol-13-thread-60] tourGuide.service.RewardsService         : ** Processing to get reward points
2021-11-29 23:17:26.400  INFO 6224 --- [ol-13-thread-95] tourGuide.service.RewardsService         : ** Processing to get reward points
2021-11-29 23:17:26.406  INFO 6224 --- [l-13-thread-188] tourGuide.service.RewardsService         : ** Processing to get reward points
2021-11-29 23:17:26.406  INFO 6224 --- [ol-13-thread-75] tourGuide.service.RewardsService         : ** Processing to get reward points
2021-11-29 23:17:26.406  INFO 6224 --- [l-13-thread-183] tourGuide.service.RewardsService         : ** Processing to get reward points
2021-11-29 23:17:26.406  INFO 6224 --- [ol-13-thread-55] tourGuide.service.RewardsService         : ** Processing to get reward points
2021-11-29 23:17:26.407  INFO 6224 --- [ol-13-thread-32] tourGuide.service.RewardsService         : ** Processing to get reward points
2021-11-29 23:17:26.407  INFO 6224 --- [ol-13-thread-99] tourGuide.service.RewardsService         : ** Processing to get reward points
2021-11-29 23:17:26.407  INFO 6224 --- [ol-13-thread-61] tourGuide.service.RewardsService         : ** Processing to get reward points
2021-11-29 23:17:26.411  INFO 6224 --- [ol-13-thread-38] tourGuide.service.RewardsService         : ** Processing to get reward points
2021-11-29 23:17:26.413  INFO 6224 --- [l-13-thread-185] tourGuide.service.RewardsService         : ** Processing to get reward points
2021-11-29 23:17:26.414  INFO 6224 --- [ol-13-thread-30] tourGuide.service.RewardsService         : ** Processing to get reward points
2021-11-29 23:17:26.418  INFO 6224 --- [ol-13-thread-87] tourGuide.service.RewardsService         : ** Processing to get reward points
2021-11-29 23:17:26.420  INFO 6224 --- [ool-13-thread-4] tourGuide.service.RewardsService         : ** Processing to get reward points
2021-11-29 23:17:26.420  INFO 6224 --- [l-13-thread-104] tourGuide.service.RewardsService         : ** Processing to get reward points
2021-11-29 23:17:26.421  INFO 6224 --- [ol-13-thread-68] tourGuide.service.RewardsService         : ** Processing to get reward points
2021-11-29 23:17:26.422  INFO 6224 --- [ol-13-thread-41] tourGuide.service.RewardsService         : ** Processing to get reward points
2021-11-29 23:17:26.426  INFO 6224 --- [ool-13-thread-5] tourGuide.service.RewardsService         : ** Processing to get reward points
2021-11-29 23:17:26.427  INFO 6224 --- [l-13-thread-175] tourGuide.service.RewardsService         : ** Processing to get reward points
2021-11-29 23:17:26.427  INFO 6224 --- [ol-13-thread-67] tourGuide.service.RewardsService         : ** Processing to get reward points
2021-11-29 23:17:26.429  INFO 6224 --- [ol-13-thread-69] tourGuide.service.RewardsService         : ** Processing to get reward points
2021-11-29 23:17:26.430  INFO 6224 --- [ool-13-thread-6] tourGuide.service.RewardsService         : ** Processing to get reward points
2021-11-29 23:17:26.458  INFO 6224 --- [l-13-thread-134] tourGuide.service.RewardsService         : ** Processing to get reward points
2021-11-29 23:17:26.459  INFO 6224 --- [l-13-thread-176] tourGuide.service.RewardsService         : ** Processing to get reward points
2021-11-29 23:17:26.460  INFO 6224 --- [ol-13-thread-82] tourGuide.service.RewardsService         : ** Processing to get reward points
2021-11-29 23:17:26.463  INFO 6224 --- [l-13-thread-197] tourGuide.service.RewardsService         : ** Processing to get reward points
2021-11-29 23:17:26.465  INFO 6224 --- [ol-13-thread-24] tourGuide.service.RewardsService         : ** Processing to get reward points
2021-11-29 23:17:26.469  INFO 6224 --- [l-13-thread-180] tourGuide.service.RewardsService         : ** Processing to get reward points
2021-11-29 23:17:26.470  INFO 6224 --- [l-13-thread-151] tourGuide.service.RewardsService         : ** Processing to get reward points
2021-11-29 23:17:26.474  INFO 6224 --- [ol-13-thread-17] tourGuide.service.RewardsService         : ** Processing to get reward points
2021-11-29 23:17:26.477  INFO 6224 --- [l-13-thread-157] tourGuide.service.RewardsService         : ** Processing to get reward points
2021-11-29 23:17:26.478  INFO 6224 --- [ol-13-thread-86] tourGuide.service.RewardsService         : ** Processing to get reward points
2021-11-29 23:17:26.481  INFO 6224 --- [l-13-thread-138] tourGuide.service.RewardsService         : ** Processing to get reward points
2021-11-29 23:17:26.485  INFO 6224 --- [ol-13-thread-58] tourGuide.service.RewardsService         : ** Processing to get reward points
2021-11-29 23:17:26.485  INFO 6224 --- [ol-13-thread-83] tourGuide.service.RewardsService         : ** Processing to get reward points
2021-11-29 23:17:26.486  INFO 6224 --- [l-13-thread-188] tourGuide.service.RewardsService         : ** Processing to get reward points
2021-11-29 23:17:26.489  INFO 6224 --- [l-13-thread-160] tourGuide.service.RewardsService         : ** Processing to get reward points
2021-11-29 23:17:26.492  INFO 6224 --- [ol-13-thread-46] tourGuide.service.RewardsService         : ** Processing to get reward points
2021-11-29 23:17:26.494  INFO 6224 --- [l-13-thread-186] tourGuide.service.RewardsService         : ** Processing to get reward points
2021-11-29 23:17:26.496  INFO 6224 --- [l-13-thread-167] tourGuide.service.RewardsService         : ** Processing to get reward points
2021-11-29 23:17:26.504  INFO 6224 --- [ol-13-thread-95] tourGuide.service.RewardsService         : ** Processing to get reward points
2021-11-29 23:17:26.542  INFO 6224 --- [l-13-thread-140] tourGuide.service.RewardsService         : ** Processing to get reward points
2021-11-29 23:17:26.561  INFO 6224 --- [l-13-thread-176] tourGuide.service.RewardsService         : ** Processing to get reward points
2021-11-29 23:17:26.560  INFO 6224 --- [l-13-thread-146] tourGuide.service.RewardsService         : ** Processing to get reward points
2021-11-29 23:17:26.561  INFO 6224 --- [ol-13-thread-71] tourGuide.service.RewardsService         : ** Processing to get reward points
2021-11-29 23:17:26.563  INFO 6224 --- [l-13-thread-148] tourGuide.service.RewardsService         : ** Processing to get reward points
2021-11-29 23:17:26.567  INFO 6224 --- [ol-13-thread-36] tourGuide.service.RewardsService         : ** Processing to get reward points
2021-11-29 23:17:26.571  INFO 6224 --- [l-13-thread-120] tourGuide.service.RewardsService         : ** Processing to get reward points
2021-11-29 23:17:26.575  INFO 6224 --- [ool-13-thread-7] tourGuide.service.RewardsService         : ** Processing to get reward points
2021-11-29 23:17:26.583  INFO 6224 --- [ol-13-thread-39] tourGuide.service.RewardsService         : ** Processing to get reward points
2021-11-29 23:17:26.583  INFO 6224 --- [l-13-thread-161] tourGuide.service.RewardsService         : ** Processing to get reward points
2021-11-29 23:17:26.586  INFO 6224 --- [ol-13-thread-50] tourGuide.service.RewardsService         : ** Processing to get reward points
2021-11-29 23:17:26.587  INFO 6224 --- [l-13-thread-112] tourGuide.service.RewardsService         : ** Processing to get reward points
2021-11-29 23:17:26.587  INFO 6224 --- [ol-13-thread-40] tourGuide.service.RewardsService         : ** Processing to get reward points
2021-11-29 23:17:26.589  INFO 6224 --- [l-13-thread-137] tourGuide.service.RewardsService         : ** Processing to get reward points
2021-11-29 23:17:26.589  INFO 6224 --- [ol-13-thread-37] tourGuide.service.RewardsService         : ** Processing to get reward points
2021-11-29 23:17:26.590  INFO 6224 --- [ool-13-thread-7] tourGuide.service.RewardsService         : ** Processing to get reward points
2021-11-29 23:17:26.590  INFO 6224 --- [ol-13-thread-97] tourGuide.service.RewardsService         : ** Processing to get reward points
2021-11-29 23:17:26.591  INFO 6224 --- [l-13-thread-108] tourGuide.service.RewardsService         : ** Processing to get reward points
2021-11-29 23:17:26.592  INFO 6224 --- [ol-13-thread-20] tourGuide.service.RewardsService         : ** Processing to get reward points
2021-11-29 23:17:26.594  INFO 6224 --- [l-13-thread-127] tourGuide.service.RewardsService         : ** Processing to get reward points
2021-11-29 23:17:26.594  INFO 6224 --- [ol-13-thread-80] tourGuide.service.RewardsService         : ** Processing to get reward points
2021-11-29 23:17:26.597  INFO 6224 --- [ol-13-thread-54] tourGuide.service.RewardsService         : ** Processing to get reward points
2021-11-29 23:17:26.597  INFO 6224 --- [l-13-thread-131] tourGuide.service.RewardsService         : ** Processing to get reward points
2021-11-29 23:17:26.600  INFO 6224 --- [l-13-thread-172] tourGuide.service.RewardsService         : ** Processing to get reward points
2021-11-29 23:17:26.608  INFO 6224 --- [l-13-thread-154] tourGuide.service.RewardsService         : ** Processing to get reward points
2021-11-29 23:17:26.611  INFO 6224 --- [ol-13-thread-65] tourGuide.service.RewardsService         : ** Processing to get reward points
2021-11-29 23:17:26.619  INFO 6224 --- [ol-13-thread-49] tourGuide.service.RewardsService         : ** Processing to get reward points
2021-11-29 23:17:26.628  INFO 6224 --- [l-13-thread-128] tourGuide.service.RewardsService         : ** Processing to get reward points
2021-11-29 23:17:26.629  INFO 6224 --- [ol-13-thread-18] tourGuide.service.RewardsService         : ** Processing to get reward points
2021-11-29 23:17:26.629  INFO 6224 --- [l-13-thread-198] tourGuide.service.RewardsService         : ** Processing to get reward points
2021-11-29 23:17:26.635  INFO 6224 --- [l-13-thread-169] tourGuide.service.RewardsService         : ** Processing to get reward points
2021-11-29 23:17:26.635  INFO 6224 --- [ol-13-thread-64] tourGuide.service.RewardsService         : ** Processing to get reward points
2021-11-29 23:17:26.638  INFO 6224 --- [l-13-thread-105] tourGuide.service.RewardsService         : ** Processing to get reward points
2021-11-29 23:17:26.638  INFO 6224 --- [ol-13-thread-10] tourGuide.service.RewardsService         : ** Processing to get reward points
2021-11-29 23:17:26.639  INFO 6224 --- [ol-13-thread-72] tourGuide.service.RewardsService         : ** Processing to get reward points
2021-11-29 23:17:26.642  INFO 6224 --- [ol-13-thread-93] tourGuide.service.RewardsService         : ** Processing to get reward points
2021-11-29 23:17:26.643  INFO 6224 --- [l-13-thread-129] tourGuide.service.RewardsService         : ** Processing to get reward points
2021-11-29 23:17:26.644  INFO 6224 --- [l-13-thread-160] tourGuide.service.RewardsService         : ** Processing to get reward points
2021-11-29 23:17:26.644  INFO 6224 --- [ol-13-thread-96] tourGuide.service.RewardsService         : ** Processing to get reward points
2021-11-29 23:17:26.646  INFO 6224 --- [l-13-thread-143] tourGuide.service.RewardsService         : ** Processing to get reward points
2021-11-29 23:17:26.647  INFO 6224 --- [ol-13-thread-68] tourGuide.service.RewardsService         : ** Processing to get reward points
2021-11-29 23:17:26.654  INFO 6224 --- [ol-13-thread-15] tourGuide.service.RewardsService         : ** Processing to get reward points
2021-11-29 23:17:26.660  INFO 6224 --- [l-13-thread-194] tourGuide.service.RewardsService         : ** Processing to get reward points
2021-11-29 23:17:26.661  INFO 6224 --- [l-13-thread-148] tourGuide.service.RewardsService         : ** Processing to get reward points
2021-11-29 23:17:26.664  INFO 6224 --- [l-13-thread-137] tourGuide.service.RewardsService         : ** Processing to get reward points
2021-11-29 23:17:26.667  INFO 6224 --- [l-13-thread-145] tourGuide.service.RewardsService         : ** Processing to get reward points
2021-11-29 23:17:26.667  INFO 6224 --- [l-13-thread-126] tourGuide.service.RewardsService         : ** Processing to get reward points
2021-11-29 23:17:26.669  INFO 6224 --- [l-13-thread-106] tourGuide.service.RewardsService         : ** Processing to get reward points
2021-11-29 23:17:26.671  INFO 6224 --- [l-13-thread-189] tourGuide.service.RewardsService         : ** Processing to get reward points
2021-11-29 23:17:26.674  INFO 6224 --- [l-13-thread-190] tourGuide.service.RewardsService         : ** Processing to get reward points
2021-11-29 23:17:26.677  INFO 6224 --- [ol-13-thread-73] tourGuide.service.RewardsService         : ** Processing to get reward points
2021-11-29 23:17:26.680  INFO 6224 --- [ol-13-thread-28] tourGuide.service.RewardsService         : ** Processing to get reward points
2021-11-29 23:17:26.682  INFO 6224 --- [l-13-thread-200] tourGuide.service.RewardsService         : ** Processing to get reward points
2021-11-29 23:17:26.683  INFO 6224 --- [l-13-thread-196] tourGuide.service.RewardsService         : ** Processing to get reward points
2021-11-29 23:17:26.684  INFO 6224 --- [ool-13-thread-6] tourGuide.service.RewardsService         : ** Processing to get reward points
2021-11-29 23:17:26.686  INFO 6224 --- [l-13-thread-125] tourGuide.service.RewardsService         : ** Processing to get reward points
2021-11-29 23:17:26.688  INFO 6224 --- [l-13-thread-111] tourGuide.service.RewardsService         : ** Processing to get reward points
2021-11-29 23:17:26.689  INFO 6224 --- [ol-13-thread-33] tourGuide.service.RewardsService         : ** Processing to get reward points
2021-11-29 23:17:26.690  INFO 6224 --- [ol-13-thread-98] tourGuide.service.RewardsService         : ** Processing to get reward points
2021-11-29 23:17:26.690  INFO 6224 --- [ol-13-thread-14] tourGuide.service.RewardsService         : ** Processing to get reward points
2021-11-29 23:17:26.695  INFO 6224 --- [l-13-thread-156] tourGuide.service.RewardsService         : ** Processing to get reward points
2021-11-29 23:17:26.696  INFO 6224 --- [l-13-thread-187] tourGuide.service.RewardsService         : ** Processing to get reward points
2021-11-29 23:17:26.703  INFO 6224 --- [ol-13-thread-21] tourGuide.service.RewardsService         : ** Processing to get reward points
2021-11-29 23:17:26.706  INFO 6224 --- [l-13-thread-197] tourGuide.service.RewardsService         : ** Processing to get reward points
2021-11-29 23:17:26.707  INFO 6224 --- [l-13-thread-144] tourGuide.service.RewardsService         : ** Processing to get reward points
2021-11-29 23:17:26.709  INFO 6224 --- [ol-13-thread-22] tourGuide.service.RewardsService         : ** Processing to get reward points
2021-11-29 23:17:26.710  INFO 6224 --- [l-13-thread-136] tourGuide.service.RewardsService         : ** Processing to get reward points
2021-11-29 23:17:26.713  INFO 6224 --- [l-13-thread-107] tourGuide.service.RewardsService         : ** Processing to get reward points
2021-11-29 23:17:26.714  INFO 6224 --- [l-13-thread-161] tourGuide.service.RewardsService         : ** Processing to get reward points
2021-11-29 23:17:26.714  INFO 6224 --- [ool-13-thread-1] tourGuide.service.RewardsService         : ** Processing to get reward points
2021-11-29 23:17:26.718  INFO 6224 --- [l-13-thread-186] tourGuide.service.RewardsService         : ** Processing to get reward points
2021-11-29 23:17:26.721  INFO 6224 --- [l-13-thread-179] tourGuide.service.RewardsService         : ** Processing to get reward points
2021-11-29 23:17:26.725  INFO 6224 --- [l-13-thread-166] tourGuide.service.RewardsService         : ** Processing to get reward points
2021-11-29 23:17:26.730  INFO 6224 --- [l-13-thread-172] tourGuide.service.RewardsService         : ** Processing to get reward points
2021-11-29 23:17:26.730  INFO 6224 --- [ol-13-thread-42] tourGuide.service.RewardsService         : ** Processing to get reward points
2021-11-29 23:17:26.731  INFO 6224 --- [ol-13-thread-29] tourGuide.service.RewardsService         : ** Processing to get reward points
2021-11-29 23:17:26.734  INFO 6224 --- [ol-13-thread-77] tourGuide.service.RewardsService         : ** Processing to get reward points
2021-11-29 23:17:26.739  INFO 6224 --- [ol-13-thread-51] tourGuide.service.RewardsService         : ** Processing to get reward points
2021-11-29 23:17:26.745  INFO 6224 --- [l-13-thread-121] tourGuide.service.RewardsService         : ** Processing to get reward points
2021-11-29 23:17:26.746  INFO 6224 --- [ol-13-thread-37] tourGuide.service.RewardsService         : ** Processing to get reward points
2021-11-29 23:17:26.747  INFO 6224 --- [ol-13-thread-89] tourGuide.service.RewardsService         : ** Processing to get reward points
2021-11-29 23:17:26.756  INFO 6224 --- [ol-13-thread-26] tourGuide.service.RewardsService         : ** Processing to get reward points
2021-11-29 23:17:26.757  INFO 6224 --- [l-13-thread-100] tourGuide.service.RewardsService         : ** Processing to get reward points
2021-11-29 23:17:26.760  INFO 6224 --- [l-13-thread-192] tourGuide.service.RewardsService         : ** Processing to get reward points
2021-11-29 23:17:26.760  INFO 6224 --- [ol-13-thread-76] tourGuide.service.RewardsService         : ** Processing to get reward points
2021-11-29 23:17:26.762  INFO 6224 --- [ool-13-thread-2] tourGuide.service.RewardsService         : ** Processing to get reward points
2021-11-29 23:17:26.763  INFO 6224 --- [l-13-thread-101] tourGuide.service.RewardsService         : ** Processing to get reward points
2021-11-29 23:17:26.763  INFO 6224 --- [l-13-thread-147] tourGuide.service.RewardsService         : ** Processing to get reward points
2021-11-29 23:17:26.770  INFO 6224 --- [l-13-thread-149] tourGuide.service.RewardsService         : ** Processing to get reward points
2021-11-29 23:17:26.770  INFO 6224 --- [ol-13-thread-75] tourGuide.service.RewardsService         : ** Processing to get reward points
2021-11-29 23:17:26.772  INFO 6224 --- [l-13-thread-163] tourGuide.service.RewardsService         : ** Processing to get reward points
2021-11-29 23:17:26.772  INFO 6224 --- [ol-13-thread-45] tourGuide.service.RewardsService         : ** Processing to get reward points
2021-11-29 23:17:26.779  INFO 6224 --- [ol-13-thread-92] tourGuide.service.RewardsService         : ** Processing to get reward points
2021-11-29 23:17:26.785  INFO 6224 --- [ol-13-thread-23] tourGuide.service.RewardsService         : ** Processing to get reward points
2021-11-29 23:17:26.793  INFO 6224 --- [l-13-thread-138] tourGuide.service.RewardsService         : ** Processing to get reward points
2021-11-29 23:17:26.796  INFO 6224 --- [ol-13-thread-88] tourGuide.service.RewardsService         : ** Processing to get reward points
2021-11-29 23:17:26.804  INFO 6224 --- [l-13-thread-108] tourGuide.service.RewardsService         : ** Processing to get reward points
2021-11-29 23:17:26.806  INFO 6224 --- [ol-13-thread-69] tourGuide.service.RewardsService         : ** Processing to get reward points
2021-11-29 23:17:26.807  INFO 6224 --- [l-13-thread-181] tourGuide.service.RewardsService         : ** Processing to get reward points
2021-11-29 23:17:26.808  INFO 6224 --- [ol-13-thread-78] tourGuide.service.RewardsService         : ** Processing to get reward points
2021-11-29 23:17:26.810  INFO 6224 --- [l-13-thread-142] tourGuide.service.RewardsService         : ** Processing to get reward points
2021-11-29 23:17:26.811  INFO 6224 --- [ol-13-thread-74] tourGuide.service.RewardsService         : ** Processing to get reward points
2021-11-29 23:17:26.812  INFO 6224 --- [l-13-thread-103] tourGuide.service.RewardsService         : ** Processing to get reward points
2021-11-29 23:17:26.814  INFO 6224 --- [ool-13-thread-8] tourGuide.service.RewardsService         : ** Processing to get reward points
2021-11-29 23:17:26.819  INFO 6224 --- [l-13-thread-185] tourGuide.service.RewardsService         : ** Processing to get reward points
2021-11-29 23:17:26.819  INFO 6224 --- [ol-13-thread-70] tourGuide.service.RewardsService         : ** Processing to get reward points
2021-11-29 23:17:26.820  INFO 6224 --- [ool-13-thread-9] tourGuide.service.RewardsService         : ** Processing to get reward points
2021-11-29 23:17:26.821  INFO 6224 --- [ol-13-thread-16] tourGuide.service.RewardsService         : ** Processing to get reward points
2021-11-29 23:17:26.822  INFO 6224 --- [l-13-thread-109] tourGuide.service.RewardsService         : ** Processing to get reward points
2021-11-29 23:17:26.823  INFO 6224 --- [l-13-thread-117] tourGuide.service.RewardsService         : ** Processing to get reward points
2021-11-29 23:17:26.823  INFO 6224 --- [l-13-thread-146] tourGuide.service.RewardsService         : ** Processing to get reward points
2021-11-29 23:17:26.825  INFO 6224 --- [ol-13-thread-83] tourGuide.service.RewardsService         : ** Processing to get reward points
2021-11-29 23:17:26.826  INFO 6224 --- [ol-13-thread-34] tourGuide.service.RewardsService         : ** Processing to get reward points
2021-11-29 23:17:26.827  INFO 6224 --- [ol-13-thread-99] tourGuide.service.RewardsService         : ** Processing to get reward points
2021-11-29 23:17:26.842  INFO 6224 --- [l-13-thread-167] tourGuide.service.RewardsService         : ** Processing to get reward points
2021-11-29 23:17:26.842  INFO 6224 --- [ool-13-thread-4] tourGuide.service.RewardsService         : ** Processing to get reward points
2021-11-29 23:17:26.842  INFO 6224 --- [l-13-thread-175] tourGuide.service.RewardsService         : ** Processing to get reward points
2021-11-29 23:17:26.842  INFO 6224 --- [l-13-thread-116] tourGuide.service.RewardsService         : ** Processing to get reward points
2021-11-29 23:17:26.842  INFO 6224 --- [ol-13-thread-17] tourGuide.service.RewardsService         : ** Processing to get reward points
2021-11-29 23:17:26.843  INFO 6224 --- [ol-13-thread-53] tourGuide.service.RewardsService         : ** Processing to get reward points
2021-11-29 23:17:26.843  INFO 6224 --- [l-13-thread-122] tourGuide.service.RewardsService         : ** Processing to get reward points
2021-11-29 23:17:26.843  INFO 6224 --- [l-13-thread-173] tourGuide.service.RewardsService         : ** Processing to get reward points
2021-11-29 23:17:26.844  INFO 6224 --- [l-13-thread-113] tourGuide.service.RewardsService         : ** Processing to get reward points
2021-11-29 23:17:26.845  INFO 6224 --- [l-13-thread-102] tourGuide.service.RewardsService         : ** Processing to get reward points
2021-11-29 23:17:26.846  INFO 6224 --- [ol-13-thread-62] tourGuide.service.RewardsService         : ** Processing to get reward points
2021-11-29 23:17:26.846  INFO 6224 --- [ol-13-thread-66] tourGuide.service.RewardsService         : ** Processing to get reward points
2021-11-29 23:17:26.846  INFO 6224 --- [ol-13-thread-13] tourGuide.service.RewardsService         : ** Processing to get reward points
2021-11-29 23:17:26.846  INFO 6224 --- [ol-13-thread-38] tourGuide.service.RewardsService         : ** Processing to get reward points
2021-11-29 23:17:26.849  INFO 6224 --- [l-13-thread-155] tourGuide.service.RewardsService         : ** Processing to get reward points
2021-11-29 23:17:26.849  INFO 6224 --- [l-13-thread-195] tourGuide.service.RewardsService         : ** Processing to get reward points
2021-11-29 23:17:26.852  INFO 6224 --- [ol-13-thread-85] tourGuide.service.RewardsService         : ** Processing to get reward points
2021-11-29 23:17:26.886  INFO 6224 --- [ol-13-thread-56] tourGuide.service.RewardsService         : ** Processing to get reward points
2021-11-29 23:17:26.890  INFO 6224 --- [l-13-thread-193] tourGuide.service.RewardsService         : ** Processing to get reward points
2021-11-29 23:17:26.896  INFO 6224 --- [ol-13-thread-44] tourGuide.service.RewardsService         : ** Processing to get reward points
2021-11-29 23:17:26.899  INFO 6224 --- [ol-13-thread-12] tourGuide.service.RewardsService         : ** Processing to get reward points
2021-11-29 23:17:26.921  INFO 6224 --- [l-13-thread-112] tourGuide.service.RewardsService         : ** Processing to get reward points
2021-11-29 23:17:26.921  INFO 6224 --- [l-13-thread-119] tourGuide.service.RewardsService         : ** Processing to get reward points
2021-11-29 23:17:26.922  INFO 6224 --- [ol-13-thread-90] tourGuide.service.RewardsService         : ** Processing to get reward points
2021-11-29 23:17:26.922  INFO 6224 --- [l-13-thread-159] tourGuide.service.RewardsService         : ** Processing to get reward points
2021-11-29 23:17:26.924  INFO 6224 --- [l-13-thread-130] tourGuide.service.RewardsService         : ** Processing to get reward points
2021-11-29 23:17:26.926  INFO 6224 --- [l-13-thread-170] tourGuide.service.RewardsService         : ** Processing to get reward points
2021-11-29 23:17:26.927  INFO 6224 --- [ol-13-thread-35] tourGuide.service.RewardsService         : ** Processing to get reward points
2021-11-29 23:17:26.928  INFO 6224 --- [l-13-thread-177] tourGuide.service.RewardsService         : ** Processing to get reward points
2021-11-29 23:17:26.938  INFO 6224 --- [ol-13-thread-94] tourGuide.service.RewardsService         : ** Processing to get reward points
2021-11-29 23:17:26.939  INFO 6224 --- [l-13-thread-165] tourGuide.service.RewardsService         : ** Processing to get reward points
2021-11-29 23:17:26.940  INFO 6224 --- [l-13-thread-168] tourGuide.service.RewardsService         : ** Processing to get reward points
2021-11-29 23:17:26.947  INFO 6224 --- [ol-13-thread-53] tourGuide.service.RewardsService         : ** Processing to get reward points
2021-11-29 23:17:26.949  INFO 6224 --- [l-13-thread-114] tourGuide.service.RewardsService         : ** Processing to get reward points
2021-11-29 23:17:26.952  INFO 6224 --- [l-13-thread-104] tourGuide.service.RewardsService         : ** Processing to get reward points
2021-11-29 23:17:26.953  INFO 6224 --- [l-13-thread-166] tourGuide.service.RewardsService         : ** Processing to get reward points
2021-11-29 23:17:26.953  INFO 6224 --- [ol-13-thread-30] tourGuide.service.RewardsService         : ** Processing to get reward points
2021-11-29 23:17:26.954  INFO 6224 --- [ol-13-thread-87] tourGuide.service.RewardsService         : ** Processing to get reward points
2021-11-29 23:17:26.958  INFO 6224 --- [ool-13-thread-3] tourGuide.service.RewardsService         : ** Processing to get reward points
2021-11-29 23:17:26.959  INFO 6224 --- [l-13-thread-134] tourGuide.service.RewardsService         : ** Processing to get reward points
2021-11-29 23:17:26.962  INFO 6224 --- [ol-13-thread-31] tourGuide.service.RewardsService         : ** Processing to get reward points
2021-11-29 23:17:26.962  INFO 6224 --- [ol-13-thread-95] tourGuide.service.RewardsService         : ** Processing to get reward points
2021-11-29 23:17:26.964  INFO 6224 --- [ol-13-thread-86] tourGuide.service.RewardsService         : ** Processing to get reward points
2021-11-29 23:17:26.965  INFO 6224 --- [l-13-thread-184] tourGuide.service.RewardsService         : ** Processing to get reward points
2021-11-29 23:17:26.965  INFO 6224 --- [ol-13-thread-24] tourGuide.service.RewardsService         : ** Processing to get reward points
2021-11-29 23:17:26.967  INFO 6224 --- [l-13-thread-139] tourGuide.service.RewardsService         : ** Processing to get reward points
2021-11-29 23:17:26.968  INFO 6224 --- [l-13-thread-191] tourGuide.service.RewardsService         : ** Processing to get reward points
2021-11-29 23:17:26.971  INFO 6224 --- [l-13-thread-132] tourGuide.service.RewardsService         : ** Processing to get reward points
2021-11-29 23:17:26.977  INFO 6224 --- [ol-13-thread-43] tourGuide.service.RewardsService         : ** Processing to get reward points
2021-11-29 23:17:27.000  INFO 6224 --- [l-13-thread-132] tourGuide.service.RewardsService         : ** Processing to get reward points
2021-11-29 23:17:27.036  INFO 6224 --- [l-13-thread-151] tourGuide.service.RewardsService         : ** Processing to get reward points
2021-11-29 23:17:27.051  INFO 6224 --- [ol-13-thread-78] tourGuide.service.RewardsService         : ** Processing to get reward points
2021-11-29 23:17:27.058  INFO 6224 --- [l-13-thread-152] tourGuide.service.RewardsService         : ** Processing to get reward points
2021-11-29 23:17:27.063  INFO 6224 --- [ol-13-thread-96] tourGuide.service.RewardsService         : ** Processing to get reward points
2021-11-29 23:17:27.070  INFO 6224 --- [l-13-thread-134] tourGuide.service.RewardsService         : ** Processing to get reward points
2021-11-29 23:17:27.070  INFO 6224 --- [ol-13-thread-22] tourGuide.service.RewardsService         : ** Processing to get reward points
2021-11-29 23:17:27.072  INFO 6224 --- [ol-13-thread-82] tourGuide.service.RewardsService         : ** Processing to get reward points
2021-11-29 23:17:27.073  INFO 6224 --- [l-13-thread-114] tourGuide.service.RewardsService         : ** Processing to get reward points
2021-11-29 23:17:27.079  INFO 6224 --- [l-13-thread-120] tourGuide.service.RewardsService         : ** Processing to get reward points
2021-11-29 23:17:27.081  INFO 6224 --- [l-13-thread-171] tourGuide.service.RewardsService         : ** Processing to get reward points
2021-11-29 23:17:27.082  INFO 6224 --- [ool-13-thread-1] tourGuide.service.RewardsService         : ** Processing to get reward points
2021-11-29 23:17:27.087  INFO 6224 --- [ol-13-thread-46] tourGuide.service.RewardsService         : ** Processing to get reward points
2021-11-29 23:17:27.088  INFO 6224 --- [l-13-thread-133] tourGuide.service.RewardsService         : ** Processing to get reward points
2021-11-29 23:17:27.092  INFO 6224 --- [ol-13-thread-31] tourGuide.service.RewardsService         : ** Processing to get reward points
2021-11-29 23:17:27.092  INFO 6224 --- [ol-13-thread-79] tourGuide.service.RewardsService         : ** Processing to get reward points
2021-11-29 23:17:27.093  INFO 6224 --- [ol-13-thread-82] tourGuide.service.RewardsService         : ** Processing to get reward points
2021-11-29 23:17:27.095  INFO 6224 --- [ol-13-thread-72] tourGuide.service.RewardsService         : ** Processing to get reward points
2021-11-29 23:17:27.096  INFO 6224 --- [ol-13-thread-23] tourGuide.service.RewardsService         : ** Processing to get reward points
2021-11-29 23:17:27.097  INFO 6224 --- [ol-13-thread-84] tourGuide.service.RewardsService         : ** Processing to get reward points
2021-11-29 23:17:27.100  INFO 6224 --- [ol-13-thread-26] tourGuide.service.RewardsService         : ** Processing to get reward points
2021-11-29 23:17:27.103  INFO 6224 --- [ol-13-thread-58] tourGuide.service.RewardsService         : ** Processing to get reward points
2021-11-29 23:17:27.137  INFO 6224 --- [l-13-thread-128] tourGuide.service.RewardsService         : ** Processing to get reward points
2021-11-29 23:17:27.146  INFO 6224 --- [ol-13-thread-47] tourGuide.service.RewardsService         : ** Processing to get reward points
2021-11-29 23:17:27.150  INFO 6224 --- [l-13-thread-103] tourGuide.service.RewardsService         : ** Processing to get reward points
2021-11-29 23:17:27.150  INFO 6224 --- [ol-13-thread-91] tourGuide.service.RewardsService         : ** Processing to get reward points
2021-11-29 23:17:27.153  INFO 6224 --- [l-13-thread-158] tourGuide.service.RewardsService         : ** Processing to get reward points
2021-11-29 23:17:27.153  INFO 6224 --- [ol-13-thread-63] tourGuide.service.RewardsService         : ** Processing to get reward points
2021-11-29 23:17:27.153  INFO 6224 --- [ol-13-thread-86] tourGuide.service.RewardsService         : ** Processing to get reward points
2021-11-29 23:17:27.155  INFO 6224 --- [l-13-thread-115] tourGuide.service.RewardsService         : ** Processing to get reward points
2021-11-29 23:17:27.156  INFO 6224 --- [l-13-thread-177] tourGuide.service.RewardsService         : ** Processing to get reward points
2021-11-29 23:17:27.156  INFO 6224 --- [l-13-thread-188] tourGuide.service.RewardsService         : ** Processing to get reward points
2021-11-29 23:17:27.159  INFO 6224 --- [ol-13-thread-82] tourGuide.service.RewardsService         : ** Processing to get reward points
2021-11-29 23:17:27.161  INFO 6224 --- [ol-13-thread-63] tourGuide.service.RewardsService         : ** Processing to get reward points
2021-11-29 23:17:27.166  INFO 6224 --- [ol-13-thread-80] tourGuide.service.RewardsService         : ** Processing to get reward points
2021-11-29 23:17:27.175  INFO 6224 --- [ol-13-thread-66] tourGuide.service.RewardsService         : ** Processing to get reward points
2021-11-29 23:17:27.177  INFO 6224 --- [ol-13-thread-48] tourGuide.service.RewardsService         : ** Processing to get reward points
2021-11-29 23:17:27.177  INFO 6224 --- [l-13-thread-174] tourGuide.service.RewardsService         : ** Processing to get reward points
2021-11-29 23:17:27.183  INFO 6224 --- [ol-13-thread-97] tourGuide.service.RewardsService         : ** Processing to get reward points
2021-11-29 23:17:27.184  INFO 6224 --- [l-13-thread-154] tourGuide.service.RewardsService         : ** Processing to get reward points
2021-11-29 23:17:27.187  INFO 6224 --- [ol-13-thread-41] tourGuide.service.RewardsService         : ** Processing to get reward points
2021-11-29 23:17:27.187  INFO 6224 --- [l-13-thread-113] tourGuide.service.RewardsService         : ** Processing to get reward points
2021-11-29 23:17:27.191  INFO 6224 --- [ol-13-thread-89] tourGuide.service.RewardsService         : ** Processing to get reward points
2021-11-29 23:17:27.195  INFO 6224 --- [l-13-thread-178] tourGuide.service.RewardsService         : ** Processing to get reward points
2021-11-29 23:17:27.197  INFO 6224 --- [l-13-thread-176] tourGuide.service.RewardsService         : ** Processing to get reward points
2021-11-29 23:17:27.197  INFO 6224 --- [l-13-thread-159] tourGuide.service.RewardsService         : ** Processing to get reward points
2021-11-29 23:17:27.198  INFO 6224 --- [l-13-thread-129] tourGuide.service.RewardsService         : ** Processing to get reward points
2021-11-29 23:17:27.199  INFO 6224 --- [ol-13-thread-52] tourGuide.service.RewardsService         : ** Processing to get reward points
2021-11-29 23:17:27.200  INFO 6224 --- [l-13-thread-194] tourGuide.service.RewardsService         : ** Processing to get reward points
2021-11-29 23:17:27.201  INFO 6224 --- [l-13-thread-125] tourGuide.service.RewardsService         : ** Processing to get reward points
2021-11-29 23:17:27.201  INFO 6224 --- [ol-13-thread-69] tourGuide.service.RewardsService         : ** Processing to get reward points
2021-11-29 23:17:27.202  INFO 6224 --- [l-13-thread-192] tourGuide.service.RewardsService         : ** Processing to get reward points
2021-11-29 23:17:27.204  INFO 6224 --- [l-13-thread-199] tourGuide.service.RewardsService         : ** Processing to get reward points
2021-11-29 23:17:27.204  INFO 6224 --- [ol-13-thread-28] tourGuide.service.RewardsService         : ** Processing to get reward points
2021-11-29 23:17:27.204  INFO 6224 --- [l-13-thread-107] tourGuide.service.RewardsService         : ** Processing to get reward points
2021-11-29 23:17:27.205  INFO 6224 --- [l-13-thread-116] tourGuide.service.RewardsService         : ** Processing to get reward points
2021-11-29 23:17:27.205  INFO 6224 --- [l-13-thread-169] tourGuide.service.RewardsService         : ** Processing to get reward points
2021-11-29 23:17:27.206  INFO 6224 --- [ol-13-thread-50] tourGuide.service.RewardsService         : ** Processing to get reward points
2021-11-29 23:17:27.206  INFO 6224 --- [l-13-thread-160] tourGuide.service.RewardsService         : ** Processing to get reward points
2021-11-29 23:17:27.206  INFO 6224 --- [l-13-thread-124] tourGuide.service.RewardsService         : ** Processing to get reward points
2021-11-29 23:17:27.209  INFO 6224 --- [l-13-thread-195] tourGuide.service.RewardsService         : ** Processing to get reward points
2021-11-29 23:17:27.209  INFO 6224 --- [ol-13-thread-98] tourGuide.service.RewardsService         : ** Processing to get reward points
2021-11-29 23:17:27.210  INFO 6224 --- [ool-13-thread-4] tourGuide.service.RewardsService         : ** Processing to get reward points
2021-11-29 23:17:27.211  INFO 6224 --- [ool-13-thread-7] tourGuide.service.RewardsService         : ** Processing to get reward points
2021-11-29 23:17:27.211  INFO 6224 --- [ol-13-thread-57] tourGuide.service.RewardsService         : ** Processing to get reward points
2021-11-29 23:17:27.211  INFO 6224 --- [l-13-thread-106] tourGuide.service.RewardsService         : ** Processing to get reward points
2021-11-29 23:17:27.212  INFO 6224 --- [ol-13-thread-85] tourGuide.service.RewardsService         : ** Processing to get reward points
2021-11-29 23:17:27.211  INFO 6224 --- [l-13-thread-135] tourGuide.service.RewardsService         : ** Processing to get reward points
2021-11-29 23:17:27.212  INFO 6224 --- [l-13-thread-182] tourGuide.service.RewardsService         : ** Processing to get reward points
2021-11-29 23:17:27.212  INFO 6224 --- [l-13-thread-131] tourGuide.service.RewardsService         : ** Processing to get reward points
2021-11-29 23:17:27.214  INFO 6224 --- [l-13-thread-183] tourGuide.service.RewardsService         : ** Processing to get reward points
2021-11-29 23:17:27.214  INFO 6224 --- [l-13-thread-130] tourGuide.service.RewardsService         : ** Processing to get reward points
2021-11-29 23:17:27.216  INFO 6224 --- [ol-13-thread-59] tourGuide.service.RewardsService         : ** Processing to get reward points
2021-11-29 23:17:27.218  INFO 6224 --- [l-13-thread-104] tourGuide.service.RewardsService         : ** Processing to get reward points
2021-11-29 23:17:27.222  INFO 6224 --- [l-13-thread-164] tourGuide.service.RewardsService         : ** Processing to get reward points
2021-11-29 23:17:27.227  INFO 6224 --- [l-13-thread-121] tourGuide.service.RewardsService         : ** Processing to get reward points
2021-11-29 23:17:27.229  INFO 6224 --- [ol-13-thread-32] tourGuide.service.RewardsService         : ** Processing to get reward points
2021-11-29 23:17:27.249  INFO 6224 --- [l-13-thread-118] tourGuide.service.RewardsService         : ** Processing to get reward points
2021-11-29 23:17:27.251  INFO 6224 --- [ol-13-thread-11] tourGuide.service.RewardsService         : ** Processing to get reward points
2021-11-29 23:17:27.251  INFO 6224 --- [l-13-thread-143] tourGuide.service.RewardsService         : ** Processing to get reward points
2021-11-29 23:17:27.253  INFO 6224 --- [l-13-thread-141] tourGuide.service.RewardsService         : ** Processing to get reward points
2021-11-29 23:17:27.254  INFO 6224 --- [l-13-thread-189] tourGuide.service.RewardsService         : ** Processing to get reward points
2021-11-29 23:17:27.260  INFO 6224 --- [ol-13-thread-67] tourGuide.service.RewardsService         : ** Processing to get reward points
2021-11-29 23:17:27.262  INFO 6224 --- [ol-13-thread-50] tourGuide.service.RewardsService         : ** Processing to get reward points
2021-11-29 23:17:27.301  INFO 6224 --- [l-13-thread-110] tourGuide.service.RewardsService         : ** Processing to get reward points
2021-11-29 23:17:27.301  INFO 6224 --- [ol-13-thread-26] tourGuide.service.RewardsService         : ** Processing to get reward points
2021-11-29 23:17:27.310  INFO 6224 --- [l-13-thread-137] tourGuide.service.RewardsService         : ** Processing to get reward points
2021-11-29 23:17:27.310  INFO 6224 --- [ol-13-thread-58] tourGuide.service.RewardsService         : ** Processing to get reward points
2021-11-29 23:17:27.314  INFO 6224 --- [l-13-thread-151] tourGuide.service.RewardsService         : ** Processing to get reward points
2021-11-29 23:17:27.315  INFO 6224 --- [l-13-thread-188] tourGuide.service.RewardsService         : ** Processing to get reward points
2021-11-29 23:17:27.321  INFO 6224 --- [l-13-thread-146] tourGuide.service.RewardsService         : ** Processing to get reward points
2021-11-29 23:17:27.323  INFO 6224 --- [ol-13-thread-13] tourGuide.service.RewardsService         : ** Processing to get reward points
2021-11-29 23:17:27.324  INFO 6224 --- [ol-13-thread-72] tourGuide.service.RewardsService         : ** Processing to get reward points
2021-11-29 23:17:27.324  INFO 6224 --- [l-13-thread-104] tourGuide.service.RewardsService         : ** Processing to get reward points
2021-11-29 23:17:27.325  INFO 6224 --- [ol-13-thread-41] tourGuide.service.RewardsService         : ** Processing to get reward points
2021-11-29 23:17:27.325  INFO 6224 --- [ol-13-thread-33] tourGuide.service.RewardsService         : ** Processing to get reward points
2021-11-29 23:17:27.330  INFO 6224 --- [ol-13-thread-86] tourGuide.service.RewardsService         : ** Processing to get reward points
2021-11-29 23:17:27.330  INFO 6224 --- [ol-13-thread-17] tourGuide.service.RewardsService         : ** Processing to get reward points
2021-11-29 23:17:27.335  INFO 6224 --- [ol-13-thread-82] tourGuide.service.RewardsService         : ** Processing to get reward points
2021-11-29 23:17:27.337  INFO 6224 --- [l-13-thread-153] tourGuide.service.RewardsService         : ** Processing to get reward points
2021-11-29 23:17:27.343  INFO 6224 --- [l-13-thread-140] tourGuide.service.RewardsService         : ** Processing to get reward points
2021-11-29 23:17:27.350  INFO 6224 --- [l-13-thread-146] tourGuide.service.RewardsService         : ** Processing to get reward points
2021-11-29 23:17:27.354  INFO 6224 --- [l-13-thread-150] tourGuide.service.RewardsService         : ** Processing to get reward points
2021-11-29 23:17:27.355  INFO 6224 --- [ol-13-thread-81] tourGuide.service.RewardsService         : ** Processing to get reward points
2021-11-29 23:17:27.357  INFO 6224 --- [l-13-thread-123] tourGuide.service.RewardsService         : ** Processing to get reward points
2021-11-29 23:17:27.358  INFO 6224 --- [l-13-thread-112] tourGuide.service.RewardsService         : ** Processing to get reward points
2021-11-29 23:17:27.361  INFO 6224 --- [ol-13-thread-92] tourGuide.service.RewardsService         : ** Processing to get reward points
2021-11-29 23:17:27.362  INFO 6224 --- [ol-13-thread-45] tourGuide.service.RewardsService         : ** Processing to get reward points
2021-11-29 23:17:27.364  INFO 6224 --- [ol-13-thread-88] tourGuide.service.RewardsService         : ** Processing to get reward points
2021-11-29 23:17:27.365  INFO 6224 --- [ol-13-thread-76] tourGuide.service.RewardsService         : ** Processing to get reward points
2021-11-29 23:17:27.368  INFO 6224 --- [l-13-thread-142] tourGuide.service.RewardsService         : ** Processing to get reward points
2021-11-29 23:17:27.370  INFO 6224 --- [ol-13-thread-19] tourGuide.service.RewardsService         : ** Processing to get reward points
2021-11-29 23:17:27.371  INFO 6224 --- [ol-13-thread-37] tourGuide.service.RewardsService         : ** Processing to get reward points
2021-11-29 23:17:27.373  INFO 6224 --- [l-13-thread-125] tourGuide.service.RewardsService         : ** Processing to get reward points
2021-11-29 23:17:27.374  INFO 6224 --- [l-13-thread-157] tourGuide.service.RewardsService         : ** Processing to get reward points
2021-11-29 23:17:27.381  INFO 6224 --- [ol-13-thread-21] tourGuide.service.RewardsService         : ** Processing to get reward points
2021-11-29 23:17:27.383  INFO 6224 --- [l-13-thread-198] tourGuide.service.RewardsService         : ** Processing to get reward points
2021-11-29 23:17:27.386  INFO 6224 --- [l-13-thread-162] tourGuide.service.RewardsService         : ** Processing to get reward points
2021-11-29 23:17:27.391  INFO 6224 --- [l-13-thread-170] tourGuide.service.RewardsService         : ** Processing to get reward points
2021-11-29 23:17:27.391  INFO 6224 --- [ol-13-thread-40] tourGuide.service.RewardsService         : ** Processing to get reward points
2021-11-29 23:17:27.396  INFO 6224 --- [l-13-thread-119] tourGuide.service.RewardsService         : ** Processing to get reward points
2021-11-29 23:17:27.396  INFO 6224 --- [ol-13-thread-36] tourGuide.service.RewardsService         : ** Processing to get reward points
2021-11-29 23:17:27.398  INFO 6224 --- [ol-13-thread-28] tourGuide.service.RewardsService         : ** Processing to get reward points
2021-11-29 23:17:27.403  INFO 6224 --- [ool-13-thread-7] tourGuide.service.RewardsService         : ** Processing to get reward points
2021-11-29 23:17:27.403  INFO 6224 --- [ol-13-thread-46] tourGuide.service.RewardsService         : ** Processing to get reward points
2021-11-29 23:17:27.403  INFO 6224 --- [ol-13-thread-25] tourGuide.service.RewardsService         : ** Processing to get reward points
2021-11-29 23:17:27.410  INFO 6224 --- [ol-13-thread-62] tourGuide.service.RewardsService         : ** Processing to get reward points
2021-11-29 23:17:27.410  INFO 6224 --- [l-13-thread-194] tourGuide.service.RewardsService         : ** Processing to get reward points
2021-11-29 23:17:27.412  INFO 6224 --- [l-13-thread-121] tourGuide.service.RewardsService         : ** Processing to get reward points
2021-11-29 23:17:27.415  INFO 6224 --- [l-13-thread-167] tourGuide.service.RewardsService         : ** Processing to get reward points
2021-11-29 23:17:27.420  INFO 6224 --- [l-13-thread-119] tourGuide.service.RewardsService         : ** Processing to get reward points
2021-11-29 23:17:27.422  INFO 6224 --- [ool-13-thread-1] tourGuide.service.RewardsService         : ** Processing to get reward points
2021-11-29 23:17:27.425  INFO 6224 --- [ol-13-thread-52] tourGuide.service.RewardsService         : ** Processing to get reward points
2021-11-29 23:17:27.430  INFO 6224 --- [l-13-thread-135] tourGuide.service.RewardsService         : ** Processing to get reward points
2021-11-29 23:17:27.430  INFO 6224 --- [l-13-thread-128] tourGuide.service.RewardsService         : ** Processing to get reward points
2021-11-29 23:17:27.431  INFO 6224 --- [l-13-thread-131] tourGuide.service.RewardsService         : ** Processing to get reward points
2021-11-29 23:17:27.433  INFO 6224 --- [l-13-thread-110] tourGuide.service.RewardsService         : ** Processing to get reward points
2021-11-29 23:17:27.434  INFO 6224 --- [ol-13-thread-55] tourGuide.service.RewardsService         : ** Processing to get reward points
2021-11-29 23:17:27.434  INFO 6224 --- [ol-13-thread-44] tourGuide.service.RewardsService         : ** Processing to get reward points
2021-11-29 23:17:27.436  INFO 6224 --- [l-13-thread-159] tourGuide.service.RewardsService         : ** Processing to get reward points
2021-11-29 23:17:27.438  INFO 6224 --- [l-13-thread-180] tourGuide.service.RewardsService         : ** Processing to get reward points
2021-11-29 23:17:27.439  INFO 6224 --- [l-13-thread-130] tourGuide.service.RewardsService         : ** Processing to get reward points
2021-11-29 23:17:27.440  INFO 6224 --- [l-13-thread-193] tourGuide.service.RewardsService         : ** Processing to get reward points
2021-11-29 23:17:27.443  INFO 6224 --- [ool-13-thread-5] tourGuide.service.RewardsService         : ** Processing to get reward points
2021-11-29 23:17:27.444  INFO 6224 --- [ol-13-thread-60] tourGuide.service.RewardsService         : ** Processing to get reward points
2021-11-29 23:17:27.444  INFO 6224 --- [ol-13-thread-26] tourGuide.service.RewardsService         : ** Processing to get reward points
2021-11-29 23:17:27.451  INFO 6224 --- [l-13-thread-120] tourGuide.service.RewardsService         : ** Processing to get reward points
2021-11-29 23:17:27.454  INFO 6224 --- [ool-13-thread-5] tourGuide.service.RewardsService         : ** Processing to get reward points
2021-11-29 23:17:27.461  INFO 6224 --- [ol-13-thread-93] tourGuide.service.RewardsService         : ** Processing to get reward points
2021-11-29 23:17:27.462  INFO 6224 --- [ol-13-thread-43] tourGuide.service.RewardsService         : ** Processing to get reward points
2021-11-29 23:17:27.465  INFO 6224 --- [ol-13-thread-61] tourGuide.service.RewardsService         : ** Processing to get reward points
2021-11-29 23:17:27.470  INFO 6224 --- [l-13-thread-118] tourGuide.service.RewardsService         : ** Processing to get reward points
2021-11-29 23:17:27.473  INFO 6224 --- [ol-13-thread-71] tourGuide.service.RewardsService         : ** Processing to get reward points
2021-11-29 23:17:27.477  INFO 6224 --- [ol-13-thread-46] tourGuide.service.RewardsService         : ** Processing to get reward points
2021-11-29 23:17:27.480  INFO 6224 --- [ol-13-thread-29] tourGuide.service.RewardsService         : ** Processing to get reward points
2021-11-29 23:17:27.480  INFO 6224 --- [ol-13-thread-94] tourGuide.service.RewardsService         : ** Processing to get reward points
2021-11-29 23:17:27.481  INFO 6224 --- [ool-13-thread-9] tourGuide.service.RewardsService         : ** Processing to get reward points
2021-11-29 23:17:27.483  INFO 6224 --- [ol-13-thread-48] tourGuide.service.RewardsService         : ** Processing to get reward points
2021-11-29 23:17:27.485  INFO 6224 --- [ol-13-thread-38] tourGuide.service.RewardsService         : ** Processing to get reward points
2021-11-29 23:17:27.487  INFO 6224 --- [ol-13-thread-41] tourGuide.service.RewardsService         : ** Processing to get reward points
2021-11-29 23:17:27.489  INFO 6224 --- [ool-13-thread-3] tourGuide.service.RewardsService         : ** Processing to get reward points
2021-11-29 23:17:27.490  INFO 6224 --- [l-13-thread-165] tourGuide.service.RewardsService         : ** Processing to get reward points
2021-11-29 23:17:27.492  INFO 6224 --- [ool-13-thread-8] tourGuide.service.RewardsService         : ** Processing to get reward points
2021-11-29 23:17:27.492  INFO 6224 --- [l-13-thread-161] tourGuide.service.RewardsService         : ** Processing to get reward points
2021-11-29 23:17:27.495  INFO 6224 --- [ol-13-thread-71] tourGuide.service.RewardsService         : ** Processing to get reward points
2021-11-29 23:17:27.495  INFO 6224 --- [l-13-thread-137] tourGuide.service.RewardsService         : ** Processing to get reward points
2021-11-29 23:17:27.497  INFO 6224 --- [l-13-thread-145] tourGuide.service.RewardsService         : ** Processing to get reward points
2021-11-29 23:17:27.497  INFO 6224 --- [l-13-thread-123] tourGuide.service.RewardsService         : ** Processing to get reward points
2021-11-29 23:17:27.499  INFO 6224 --- [l-13-thread-100] tourGuide.service.RewardsService         : ** Processing to get reward points
2021-11-29 23:17:27.503  INFO 6224 --- [ol-13-thread-23] tourGuide.service.RewardsService         : ** Processing to get reward points
2021-11-29 23:17:27.503  INFO 6224 --- [ol-13-thread-29] tourGuide.service.RewardsService         : ** Processing to get reward points
2021-11-29 23:17:27.506  INFO 6224 --- [l-13-thread-159] tourGuide.service.RewardsService         : ** Processing to get reward points
2021-11-29 23:17:27.506  INFO 6224 --- [ol-13-thread-63] tourGuide.service.RewardsService         : ** Processing to get reward points
2021-11-29 23:17:27.511  INFO 6224 --- [l-13-thread-117] tourGuide.service.RewardsService         : ** Processing to get reward points
2021-11-29 23:17:27.518  INFO 6224 --- [ol-13-thread-27] tourGuide.service.RewardsService         : ** Processing to get reward points
2021-11-29 23:17:27.527  INFO 6224 --- [l-13-thread-191] tourGuide.service.RewardsService         : ** Processing to get reward points
2021-11-29 23:17:27.530  INFO 6224 --- [ol-13-thread-49] tourGuide.service.RewardsService         : ** Processing to get reward points
2021-11-29 23:17:27.533  INFO 6224 --- [l-13-thread-108] tourGuide.service.RewardsService         : ** Processing to get reward points
2021-11-29 23:17:27.535  INFO 6224 --- [ol-13-thread-54] tourGuide.service.RewardsService         : ** Processing to get reward points
2021-11-29 23:17:27.544  INFO 6224 --- [l-13-thread-127] tourGuide.service.RewardsService         : ** Processing to get reward points
2021-11-29 23:17:27.548  INFO 6224 --- [ol-13-thread-13] tourGuide.service.RewardsService         : ** Processing to get reward points
2021-11-29 23:17:27.548  INFO 6224 --- [ol-13-thread-69] tourGuide.service.RewardsService         : ** Processing to get reward points
2021-11-29 23:17:27.548  INFO 6224 --- [ol-13-thread-99] tourGuide.service.RewardsService         : ** Processing to get reward points
2021-11-29 23:17:27.549  INFO 6224 --- [ol-13-thread-16] tourGuide.service.RewardsService         : ** Processing to get reward points
2021-11-29 23:17:27.552  INFO 6224 --- [ol-13-thread-56] tourGuide.service.RewardsService         : ** Processing to get reward points
2021-11-29 23:17:27.552  INFO 6224 --- [ol-13-thread-39] tourGuide.service.RewardsService         : ** Processing to get reward points
2021-11-29 23:17:27.555  INFO 6224 --- [l-13-thread-105] tourGuide.service.RewardsService         : ** Processing to get reward points
2021-11-29 23:17:27.556  INFO 6224 --- [ol-13-thread-99] tourGuide.service.RewardsService         : ** Processing to get reward points
2021-11-29 23:17:27.563  INFO 6224 --- [l-13-thread-156] tourGuide.service.RewardsService         : ** Processing to get reward points
2021-11-29 23:17:27.564  INFO 6224 --- [ol-13-thread-61] tourGuide.service.RewardsService         : ** Processing to get reward points
2021-11-29 23:17:27.566  INFO 6224 --- [ol-13-thread-20] tourGuide.service.RewardsService         : ** Processing to get reward points
2021-11-29 23:17:27.569  INFO 6224 --- [ol-13-thread-10] tourGuide.service.RewardsService         : ** Processing to get reward points
2021-11-29 23:17:27.626  INFO 6224 --- [l-13-thread-174] tourGuide.service.RewardsService         : ** Processing to get reward points
2021-11-29 23:17:27.632  INFO 6224 --- [l-13-thread-186] tourGuide.service.RewardsService         : ** Processing to get reward points
2021-11-29 23:17:27.636  INFO 6224 --- [l-13-thread-199] tourGuide.service.RewardsService         : ** Processing to get reward points
2021-11-29 23:17:27.637  INFO 6224 --- [ol-13-thread-11] tourGuide.service.RewardsService         : ** Processing to get reward points
2021-11-29 23:17:27.638  INFO 6224 --- [l-13-thread-139] tourGuide.service.RewardsService         : ** Processing to get reward points
2021-11-29 23:17:27.638  INFO 6224 --- [l-13-thread-132] tourGuide.service.RewardsService         : ** Processing to get reward points
2021-11-29 23:17:27.638  INFO 6224 --- [l-13-thread-151] tourGuide.service.RewardsService         : ** Processing to get reward points
2021-11-29 23:17:27.640  INFO 6224 --- [ol-13-thread-89] tourGuide.service.RewardsService         : ** Processing to get reward points
2021-11-29 23:17:27.640  INFO 6224 --- [l-13-thread-163] tourGuide.service.RewardsService         : ** Processing to get reward points
2021-11-29 23:17:27.643  INFO 6224 --- [l-13-thread-198] tourGuide.service.RewardsService         : ** Processing to get reward points
2021-11-29 23:17:27.646  INFO 6224 --- [l-13-thread-200] tourGuide.service.RewardsService         : ** Processing to get reward points
2021-11-29 23:17:27.647  INFO 6224 --- [ol-13-thread-98] tourGuide.service.RewardsService         : ** Processing to get reward points
2021-11-29 23:17:27.649  INFO 6224 --- [ol-13-thread-82] tourGuide.service.RewardsService         : ** Processing to get reward points
2021-11-29 23:17:27.655  INFO 6224 --- [ol-13-thread-54] tourGuide.service.RewardsService         : ** Processing to get reward points
2021-11-29 23:17:27.657  INFO 6224 --- [l-13-thread-179] tourGuide.service.RewardsService         : ** Processing to get reward points
2021-11-29 23:17:27.657  INFO 6224 --- [ool-13-thread-2] tourGuide.service.RewardsService         : ** Processing to get reward points
2021-11-29 23:17:27.657  INFO 6224 --- [ol-13-thread-37] tourGuide.service.RewardsService         : ** Processing to get reward points
2021-11-29 23:17:27.658  INFO 6224 --- [ol-13-thread-78] tourGuide.service.RewardsService         : ** Processing to get reward points
2021-11-29 23:17:27.659  INFO 6224 --- [l-13-thread-148] tourGuide.service.RewardsService         : ** Processing to get reward points
2021-11-29 23:17:27.661  INFO 6224 --- [l-13-thread-166] tourGuide.service.RewardsService         : ** Processing to get reward points
2021-11-29 23:17:27.666  INFO 6224 --- [l-13-thread-110] tourGuide.service.RewardsService         : ** Processing to get reward points
2021-11-29 23:17:27.670  INFO 6224 --- [l-13-thread-160] tourGuide.service.RewardsService         : ** Processing to get reward points
2021-11-29 23:17:27.674  INFO 6224 --- [ol-13-thread-83] tourGuide.service.RewardsService         : ** Processing to get reward points
2021-11-29 23:17:27.674  INFO 6224 --- [ol-13-thread-90] tourGuide.service.RewardsService         : ** Processing to get reward points
2021-11-29 23:17:27.678  INFO 6224 --- [l-13-thread-175] tourGuide.service.RewardsService         : ** Processing to get reward points
2021-11-29 23:17:27.679  INFO 6224 --- [l-13-thread-180] tourGuide.service.RewardsService         : ** Processing to get reward points
2021-11-29 23:17:27.681  INFO 6224 --- [ol-13-thread-69] tourGuide.service.RewardsService         : ** Processing to get reward points
2021-11-29 23:17:27.682  INFO 6224 --- [ol-13-thread-79] tourGuide.service.RewardsService         : ** Processing to get reward points
2021-11-29 23:17:27.688  INFO 6224 --- [l-13-thread-187] tourGuide.service.RewardsService         : ** Processing to get reward points
2021-11-29 23:17:27.688  INFO 6224 --- [ol-13-thread-39] tourGuide.service.RewardsService         : ** Processing to get reward points
2021-11-29 23:17:27.690  INFO 6224 --- [l-13-thread-116] tourGuide.service.RewardsService         : ** Processing to get reward points
2021-11-29 23:17:27.693  INFO 6224 --- [l-13-thread-184] tourGuide.service.RewardsService         : ** Processing to get reward points
2021-11-29 23:17:27.694  INFO 6224 --- [ol-13-thread-19] tourGuide.service.RewardsService         : ** Processing to get reward points
2021-11-29 23:17:27.695  INFO 6224 --- [ol-13-thread-69] tourGuide.service.RewardsService         : ** Processing to get reward points
2021-11-29 23:17:27.700  INFO 6224 --- [l-13-thread-197] tourGuide.service.RewardsService         : ** Processing to get reward points
2021-11-29 23:17:27.703  INFO 6224 --- [ol-13-thread-15] tourGuide.service.RewardsService         : ** Processing to get reward points
2021-11-29 23:17:27.704  INFO 6224 --- [ol-13-thread-75] tourGuide.service.RewardsService         : ** Processing to get reward points
2021-11-29 23:17:27.707  INFO 6224 --- [l-13-thread-147] tourGuide.service.RewardsService         : ** Processing to get reward points
2021-11-29 23:17:27.711  INFO 6224 --- [l-13-thread-185] tourGuide.service.RewardsService         : ** Processing to get reward points
2021-11-29 23:17:27.713  INFO 6224 --- [ol-13-thread-32] tourGuide.service.RewardsService         : ** Processing to get reward points
2021-11-29 23:17:27.713  INFO 6224 --- [ol-13-thread-76] tourGuide.service.RewardsService         : ** Processing to get reward points
2021-11-29 23:17:27.722  INFO 6224 --- [ol-13-thread-16] tourGuide.service.RewardsService         : ** Processing to get reward points
2021-11-29 23:17:27.729  INFO 6224 --- [ol-13-thread-17] tourGuide.service.RewardsService         : ** Processing to get reward points
2021-11-29 23:17:27.730  INFO 6224 --- [ol-13-thread-24] tourGuide.service.RewardsService         : ** Processing to get reward points
2021-11-29 23:17:27.730  INFO 6224 --- [ol-13-thread-29] tourGuide.service.RewardsService         : ** Processing to get reward points
2021-11-29 23:17:27.730  INFO 6224 --- [ol-13-thread-53] tourGuide.service.RewardsService         : ** Processing to get reward points
2021-11-29 23:17:27.731  INFO 6224 --- [l-13-thread-140] tourGuide.service.RewardsService         : ** Processing to get reward points
2021-11-29 23:17:27.738  INFO 6224 --- [ol-13-thread-37] tourGuide.service.RewardsService         : ** Processing to get reward points
2021-11-29 23:17:27.739  INFO 6224 --- [l-13-thread-153] tourGuide.service.RewardsService         : ** Processing to get reward points
2021-11-29 23:17:27.745  INFO 6224 --- [l-13-thread-138] tourGuide.service.RewardsService         : ** Processing to get reward points
2021-11-29 23:17:27.751  INFO 6224 --- [l-13-thread-121] tourGuide.service.RewardsService         : ** Processing to get reward points
2021-11-29 23:17:27.755  INFO 6224 --- [l-13-thread-131] tourGuide.service.RewardsService         : ** Processing to get reward points
2021-11-29 23:17:27.757  INFO 6224 --- [l-13-thread-114] tourGuide.service.RewardsService         : ** Processing to get reward points
2021-11-29 23:17:27.759  INFO 6224 --- [ol-13-thread-22] tourGuide.service.RewardsService         : ** Processing to get reward points
2021-11-29 23:17:27.761  INFO 6224 --- [l-13-thread-181] tourGuide.service.RewardsService         : ** Processing to get reward points
2021-11-29 23:17:27.764  INFO 6224 --- [l-13-thread-176] tourGuide.service.RewardsService         : ** Processing to get reward points
2021-11-29 23:17:27.766  INFO 6224 --- [l-13-thread-127] tourGuide.service.RewardsService         : ** Processing to get reward points
2021-11-29 23:17:27.771  INFO 6224 --- [l-13-thread-102] tourGuide.service.RewardsService         : ** Processing to get reward points
2021-11-29 23:17:27.773  INFO 6224 --- [l-13-thread-132] tourGuide.service.RewardsService         : ** Processing to get reward points
2021-11-29 23:17:27.775  INFO 6224 --- [l-13-thread-155] tourGuide.service.RewardsService         : ** Processing to get reward points
2021-11-29 23:17:27.777  INFO 6224 --- [l-13-thread-140] tourGuide.service.RewardsService         : ** Processing to get reward points
2021-11-29 23:17:27.777  INFO 6224 --- [ol-13-thread-33] tourGuide.service.RewardsService         : ** Processing to get reward points
2021-11-29 23:17:27.780  INFO 6224 --- [ol-13-thread-26] tourGuide.service.RewardsService         : ** Processing to get reward points
2021-11-29 23:17:27.782  INFO 6224 --- [ol-13-thread-45] tourGuide.service.RewardsService         : ** Processing to get reward points
2021-11-29 23:17:27.783  INFO 6224 --- [ol-13-thread-77] tourGuide.service.RewardsService         : ** Processing to get reward points
2021-11-29 23:17:27.789  INFO 6224 --- [ol-13-thread-66] tourGuide.service.RewardsService         : ** Processing to get reward points
2021-11-29 23:17:27.795  INFO 6224 --- [l-13-thread-150] tourGuide.service.RewardsService         : ** Processing to get reward points
2021-11-29 23:17:27.796  INFO 6224 --- [l-13-thread-136] tourGuide.service.RewardsService         : ** Processing to get reward points
2021-11-29 23:17:27.798  INFO 6224 --- [l-13-thread-190] tourGuide.service.RewardsService         : ** Processing to get reward points
2021-11-29 23:17:27.803  INFO 6224 --- [l-13-thread-109] tourGuide.service.RewardsService         : ** Processing to get reward points
2021-11-29 23:17:27.803  INFO 6224 --- [l-13-thread-115] tourGuide.service.RewardsService         : ** Processing to get reward points
2021-11-29 23:17:27.803  INFO 6224 --- [ol-13-thread-68] tourGuide.service.RewardsService         : ** Processing to get reward points
2021-11-29 23:17:27.805  INFO 6224 --- [l-13-thread-157] tourGuide.service.RewardsService         : ** Processing to get reward points
2021-11-29 23:17:27.807  INFO 6224 --- [ol-13-thread-34] tourGuide.service.RewardsService         : ** Processing to get reward points
2021-11-29 23:17:27.811  INFO 6224 --- [ol-13-thread-89] tourGuide.service.RewardsService         : ** Processing to get reward points
2021-11-29 23:17:27.813  INFO 6224 --- [ol-13-thread-99] tourGuide.service.RewardsService         : ** Processing to get reward points
2021-11-29 23:17:27.813  INFO 6224 --- [l-13-thread-198] tourGuide.service.RewardsService         : ** Processing to get reward points
2021-11-29 23:17:27.814  INFO 6224 --- [ool-13-thread-3] tourGuide.service.RewardsService         : ** Processing to get reward points
2021-11-29 23:17:27.817  INFO 6224 --- [l-13-thread-126] tourGuide.service.RewardsService         : ** Processing to get reward points
2021-11-29 23:17:27.817  INFO 6224 --- [l-13-thread-144] tourGuide.service.RewardsService         : ** Processing to get reward points
2021-11-29 23:17:27.826  INFO 6224 --- [ol-13-thread-22] tourGuide.service.RewardsService         : ** Processing to get reward points
2021-11-29 23:17:27.836  INFO 6224 --- [ol-13-thread-95] tourGuide.service.RewardsService         : ** Processing to get reward points
2021-11-29 23:17:27.838  INFO 6224 --- [l-13-thread-122] tourGuide.service.RewardsService         : ** Processing to get reward points
2021-11-29 23:17:27.841  INFO 6224 --- [ol-13-thread-76] tourGuide.service.RewardsService         : ** Processing to get reward points
2021-11-29 23:17:27.841  INFO 6224 --- [ol-13-thread-81] tourGuide.service.RewardsService         : ** Processing to get reward points
2021-11-29 23:17:27.843  INFO 6224 --- [l-13-thread-200] tourGuide.service.RewardsService         : ** Processing to get reward points
2021-11-29 23:17:27.844  INFO 6224 --- [l-13-thread-181] tourGuide.service.RewardsService         : ** Processing to get reward points
2021-11-29 23:17:27.845  INFO 6224 --- [ol-13-thread-36] tourGuide.service.RewardsService         : ** Processing to get reward points
2021-11-29 23:17:27.847  INFO 6224 --- [l-13-thread-108] tourGuide.service.RewardsService         : ** Processing to get reward points
2021-11-29 23:17:27.847  INFO 6224 --- [ol-13-thread-14] tourGuide.service.RewardsService         : ** Processing to get reward points
2021-11-29 23:17:27.848  INFO 6224 --- [l-13-thread-196] tourGuide.service.RewardsService         : ** Processing to get reward points
2021-11-29 23:17:27.851  INFO 6224 --- [l-13-thread-111] tourGuide.service.RewardsService         : ** Processing to get reward points
2021-11-29 23:17:27.855  INFO 6224 --- [ol-13-thread-57] tourGuide.service.RewardsService         : ** Processing to get reward points
2021-11-29 23:17:27.855  INFO 6224 --- [l-13-thread-142] tourGuide.service.RewardsService         : ** Processing to get reward points
2021-11-29 23:17:27.856  INFO 6224 --- [ol-13-thread-54] tourGuide.service.RewardsService         : ** Processing to get reward points
2021-11-29 23:17:27.857  INFO 6224 --- [l-13-thread-149] tourGuide.service.RewardsService         : ** Processing to get reward points
2021-11-29 23:17:27.860  INFO 6224 --- [ol-13-thread-20] tourGuide.service.RewardsService         : ** Processing to get reward points
2021-11-29 23:17:27.861  INFO 6224 --- [ol-13-thread-46] tourGuide.service.RewardsService         : ** Processing to get reward points
2021-11-29 23:17:27.862  INFO 6224 --- [ol-13-thread-84] tourGuide.service.RewardsService         : ** Processing to get reward points
2021-11-29 23:17:27.863  INFO 6224 --- [l-13-thread-171] tourGuide.service.RewardsService         : ** Processing to get reward points
2021-11-29 23:17:27.866  INFO 6224 --- [ol-13-thread-61] tourGuide.service.RewardsService         : ** Processing to get reward points
2021-11-29 23:17:27.866  INFO 6224 --- [ol-13-thread-44] tourGuide.service.RewardsService         : ** Processing to get reward points
2021-11-29 23:17:27.868  INFO 6224 --- [ol-13-thread-18] tourGuide.service.RewardsService         : ** Processing to get reward points
2021-11-29 23:17:27.868  INFO 6224 --- [ol-13-thread-51] tourGuide.service.RewardsService         : ** Processing to get reward points
2021-11-29 23:17:27.868  INFO 6224 --- [l-13-thread-172] tourGuide.service.RewardsService         : ** Processing to get reward points
2021-11-29 23:17:27.869  INFO 6224 --- [ool-13-thread-3] tourGuide.service.RewardsService         : ** Processing to get reward points
2021-11-29 23:17:27.869  INFO 6224 --- [ol-13-thread-30] tourGuide.service.RewardsService         : ** Processing to get reward points
2021-11-29 23:17:27.869  INFO 6224 --- [l-13-thread-128] tourGuide.service.RewardsService         : ** Processing to get reward points
2021-11-29 23:17:27.878  INFO 6224 --- [ol-13-thread-96] tourGuide.service.RewardsService         : ** Processing to get reward points
2021-11-29 23:17:27.879  INFO 6224 --- [l-13-thread-130] tourGuide.service.RewardsService         : ** Processing to get reward points
2021-11-29 23:17:27.881  INFO 6224 --- [l-13-thread-118] tourGuide.service.RewardsService         : ** Processing to get reward points
2021-11-29 23:17:27.885  INFO 6224 --- [ool-13-thread-6] tourGuide.service.RewardsService         : ** Processing to get reward points
2021-11-29 23:17:27.885  INFO 6224 --- [ol-13-thread-99] tourGuide.service.RewardsService         : ** Processing to get reward points
2021-11-29 23:17:27.887  INFO 6224 --- [l-13-thread-103] tourGuide.service.RewardsService         : ** Processing to get reward points
2021-11-29 23:17:27.887  INFO 6224 --- [l-13-thread-109] tourGuide.service.RewardsService         : ** Processing to get reward points
2021-11-29 23:17:27.887  INFO 6224 --- [ol-13-thread-65] tourGuide.service.RewardsService         : ** Processing to get reward points
2021-11-29 23:17:27.889  INFO 6224 --- [ol-13-thread-35] tourGuide.service.RewardsService         : ** Processing to get reward points
2021-11-29 23:17:27.898  INFO 6224 --- [l-13-thread-106] tourGuide.service.RewardsService         : ** Processing to get reward points
2021-11-29 23:17:27.903  INFO 6224 --- [l-13-thread-106] tourGuide.service.RewardsService         : ** Processing to get reward points
2021-11-29 23:17:27.904  INFO 6224 --- [ol-13-thread-29] tourGuide.service.RewardsService         : ** Processing to get reward points
2021-11-29 23:17:27.905  INFO 6224 --- [l-13-thread-173] tourGuide.service.RewardsService         : ** Processing to get reward points
2021-11-29 23:17:27.906  INFO 6224 --- [l-13-thread-115] tourGuide.service.RewardsService         : ** Processing to get reward points
2021-11-29 23:17:27.906  INFO 6224 --- [ol-13-thread-31] tourGuide.service.RewardsService         : ** Processing to get reward points
2021-11-29 23:17:27.907  INFO 6224 --- [ol-13-thread-87] tourGuide.service.RewardsService         : ** Processing to get reward points
2021-11-29 23:17:27.908  INFO 6224 --- [ol-13-thread-69] tourGuide.service.RewardsService         : ** Processing to get reward points
2021-11-29 23:17:27.910  INFO 6224 --- [ool-13-thread-9] tourGuide.service.RewardsService         : ** Processing to get reward points
2021-11-29 23:17:27.911  INFO 6224 --- [ol-13-thread-91] tourGuide.service.RewardsService         : ** Processing to get reward points
2021-11-29 23:17:27.912  INFO 6224 --- [ol-13-thread-12] tourGuide.service.RewardsService         : ** Processing to get reward points
2021-11-29 23:17:27.914  INFO 6224 --- [ol-13-thread-42] tourGuide.service.RewardsService         : ** Processing to get reward points
2021-11-29 23:17:27.916  INFO 6224 --- [ol-13-thread-47] tourGuide.service.RewardsService         : ** Processing to get reward points
2021-11-29 23:17:27.916  INFO 6224 --- [l-13-thread-101] tourGuide.service.RewardsService         : ** Processing to get reward points
2021-11-29 23:17:27.917  INFO 6224 --- [l-13-thread-168] tourGuide.service.RewardsService         : ** Processing to get reward points
2021-11-29 23:17:27.918  INFO 6224 --- [ol-13-thread-38] tourGuide.service.RewardsService         : ** Processing to get reward points
2021-11-29 23:17:27.920  INFO 6224 --- [ol-13-thread-74] tourGuide.service.RewardsService         : ** Processing to get reward points
2021-11-29 23:17:27.921  INFO 6224 --- [l-13-thread-192] tourGuide.service.RewardsService         : ** Processing to get reward points
2021-11-29 23:17:27.922  INFO 6224 --- [l-13-thread-158] tourGuide.service.RewardsService         : ** Processing to get reward points
2021-11-29 23:17:27.923  INFO 6224 --- [l-13-thread-119] tourGuide.service.RewardsService         : ** Processing to get reward points
2021-11-29 23:17:27.925  INFO 6224 --- [ool-13-thread-4] tourGuide.service.RewardsService         : ** Processing to get reward points
2021-11-29 23:17:27.925  INFO 6224 --- [l-13-thread-152] tourGuide.service.RewardsService         : ** Processing to get reward points
2021-11-29 23:17:27.926  INFO 6224 --- [ol-13-thread-44] tourGuide.service.RewardsService         : ** Processing to get reward points
2021-11-29 23:17:27.928  INFO 6224 --- [ol-13-thread-34] tourGuide.service.RewardsService         : ** Processing to get reward points
2021-11-29 23:17:27.935  INFO 6224 --- [ol-13-thread-73] tourGuide.service.RewardsService         : ** Processing to get reward points
2021-11-29 23:17:27.936  INFO 6224 --- [ol-13-thread-24] tourGuide.service.RewardsService         : ** Processing to get reward points
2021-11-29 23:17:27.937  INFO 6224 --- [ol-13-thread-23] tourGuide.service.RewardsService         : ** Processing to get reward points
2021-11-29 23:17:27.938  INFO 6224 --- [ol-13-thread-70] tourGuide.service.RewardsService         : ** Processing to get reward points
2021-11-29 23:17:27.940  INFO 6224 --- [ol-13-thread-64] tourGuide.service.RewardsService         : ** Processing to get reward points
2021-11-29 23:17:27.942  INFO 6224 --- [l-13-thread-112] tourGuide.service.RewardsService         : ** Processing to get reward points
2021-11-29 23:17:27.942  INFO 6224 --- [ol-13-thread-92] tourGuide.service.RewardsService         : ** Processing to get reward points
2021-11-29 23:17:27.946  INFO 6224 --- [l-13-thread-161] tourGuide.service.RewardsService         : ** Processing to get reward points
2021-11-29 23:17:27.954  INFO 6224 --- [ol-13-thread-99] tourGuide.service.RewardsService         : ** Processing to get reward points
2021-11-29 23:17:27.957  INFO 6224 --- [ol-13-thread-36] tourGuide.service.RewardsService         : ** Processing to get reward points
2021-11-29 23:17:27.958  INFO 6224 --- [ol-13-thread-19] tourGuide.service.RewardsService         : ** Processing to get reward points
2021-11-29 23:17:27.960  INFO 6224 --- [ol-13-thread-80] tourGuide.service.RewardsService         : ** Processing to get reward points
2021-11-29 23:17:27.962  INFO 6224 --- [ol-13-thread-73] tourGuide.service.RewardsService         : ** Processing to get reward points
2021-11-29 23:17:27.962  INFO 6224 --- [l-13-thread-167] tourGuide.service.RewardsService         : ** Processing to get reward points
2021-11-29 23:17:27.964  INFO 6224 --- [l-13-thread-105] tourGuide.service.RewardsService         : ** Processing to get reward points
2021-11-29 23:17:27.970  INFO 6224 --- [l-13-thread-123] tourGuide.service.RewardsService         : ** Processing to get reward points
2021-11-29 23:17:27.972  INFO 6224 --- [ol-13-thread-68] tourGuide.service.RewardsService         : ** Processing to get reward points
2021-11-29 23:17:27.990  INFO 6224 --- [l-13-thread-169] tourGuide.service.RewardsService         : ** Processing to get reward points
2021-11-29 23:17:27.991  INFO 6224 --- [l-13-thread-196] tourGuide.service.RewardsService         : ** Processing to get reward points
2021-11-29 23:17:28.002  INFO 6224 --- [l-13-thread-126] tourGuide.service.RewardsService         : ** Processing to get reward points
2021-11-29 23:17:28.005  INFO 6224 --- [ol-13-thread-68] tourGuide.service.RewardsService         : ** Processing to get reward points
2021-11-29 23:17:28.013  INFO 6224 --- [l-13-thread-124] tourGuide.service.RewardsService         : ** Processing to get reward points
2021-11-29 23:17:28.019  INFO 6224 --- [l-13-thread-129] tourGuide.service.RewardsService         : ** Processing to get reward points
2021-11-29 23:17:28.022  INFO 6224 --- [l-13-thread-140] tourGuide.service.RewardsService         : ** Processing to get reward points
2021-11-29 23:17:28.023  INFO 6224 --- [l-13-thread-134] tourGuide.service.RewardsService         : ** Processing to get reward points
2021-11-29 23:17:28.025  INFO 6224 --- [l-13-thread-132] tourGuide.service.RewardsService         : ** Processing to get reward points
2021-11-29 23:17:28.026  INFO 6224 --- [l-13-thread-133] tourGuide.service.RewardsService         : ** Processing to get reward points
2021-11-29 23:17:28.029  INFO 6224 --- [ol-13-thread-58] tourGuide.service.RewardsService         : ** Processing to get reward points
2021-11-29 23:17:28.029  INFO 6224 --- [l-13-thread-155] tourGuide.service.RewardsService         : ** Processing to get reward points
2021-11-29 23:17:28.031  INFO 6224 --- [ol-13-thread-67] tourGuide.service.RewardsService         : ** Processing to get reward points
2021-11-29 23:17:28.040  INFO 6224 --- [l-13-thread-177] tourGuide.service.RewardsService         : ** Processing to get reward points
2021-11-29 23:17:28.045  INFO 6224 --- [l-13-thread-178] tourGuide.service.RewardsService         : ** Processing to get reward points
2021-11-29 23:17:28.045  INFO 6224 --- [ol-13-thread-45] tourGuide.service.RewardsService         : ** Processing to get reward points
2021-11-29 23:17:28.051  INFO 6224 --- [l-13-thread-183] tourGuide.service.RewardsService         : ** Processing to get reward points
2021-11-29 23:17:28.052  INFO 6224 --- [l-13-thread-141] tourGuide.service.RewardsService         : ** Processing to get reward points
2021-11-29 23:17:28.060  INFO 6224 --- [ol-13-thread-87] tourGuide.service.RewardsService         : ** Processing to get reward points
2021-11-29 23:17:28.062  INFO 6224 --- [ol-13-thread-82] tourGuide.service.RewardsService         : ** Processing to get reward points
2021-11-29 23:17:28.066  INFO 6224 --- [l-13-thread-100] tourGuide.service.RewardsService         : ** Processing to get reward points
2021-11-29 23:17:28.072  INFO 6224 --- [ol-13-thread-95] tourGuide.service.RewardsService         : ** Processing to get reward points
2021-11-29 23:17:28.074  INFO 6224 --- [l-13-thread-154] tourGuide.service.RewardsService         : ** Processing to get reward points
2021-11-29 23:17:28.079  INFO 6224 --- [l-13-thread-150] tourGuide.service.RewardsService         : ** Processing to get reward points
2021-11-29 23:17:28.079  INFO 6224 --- [l-13-thread-182] tourGuide.service.RewardsService         : ** Processing to get reward points
2021-11-29 23:17:28.079  INFO 6224 --- [ol-13-thread-93] tourGuide.service.RewardsService         : ** Processing to get reward points
2021-11-29 23:17:28.079  INFO 6224 --- [ol-13-thread-29] tourGuide.service.RewardsService         : ** Processing to get reward points
2021-11-29 23:17:28.082  INFO 6224 --- [l-13-thread-151] tourGuide.service.RewardsService         : ** Processing to get reward points
2021-11-29 23:17:28.089  INFO 6224 --- [ol-13-thread-79] tourGuide.service.RewardsService         : ** Processing to get reward points
2021-11-29 23:17:28.090  INFO 6224 --- [l-13-thread-195] tourGuide.service.RewardsService         : ** Processing to get reward points
2021-11-29 23:17:28.093  INFO 6224 --- [ol-13-thread-27] tourGuide.service.RewardsService         : ** Processing to get reward points
2021-11-29 23:17:28.096  INFO 6224 --- [l-13-thread-170] tourGuide.service.RewardsService         : ** Processing to get reward points
2021-11-29 23:17:28.096  INFO 6224 --- [ol-13-thread-59] tourGuide.service.RewardsService         : ** Processing to get reward points
2021-11-29 23:17:28.098  INFO 6224 --- [l-13-thread-107] tourGuide.service.RewardsService         : ** Processing to get reward points
2021-11-29 23:17:28.099  INFO 6224 --- [ol-13-thread-11] tourGuide.service.RewardsService         : ** Processing to get reward points
2021-11-29 23:17:28.104  INFO 6224 --- [l-13-thread-161] tourGuide.service.RewardsService         : ** Processing to get reward points
2021-11-29 23:17:28.104  INFO 6224 --- [ol-13-thread-40] tourGuide.service.RewardsService         : ** Processing to get reward points
2021-11-29 23:17:28.111  INFO 6224 --- [ol-13-thread-43] tourGuide.service.RewardsService         : ** Processing to get reward points
2021-11-29 23:17:28.111  INFO 6224 --- [l-13-thread-146] tourGuide.service.RewardsService         : ** Processing to get reward points
2021-11-29 23:17:28.113  INFO 6224 --- [ol-13-thread-50] tourGuide.service.RewardsService         : ** Processing to get reward points
2021-11-29 23:17:28.114  INFO 6224 --- [ol-13-thread-85] tourGuide.service.RewardsService         : ** Processing to get reward points
2021-11-29 23:17:28.115  INFO 6224 --- [l-13-thread-125] tourGuide.service.RewardsService         : ** Processing to get reward points
2021-11-29 23:17:28.115  INFO 6224 --- [ol-13-thread-78] tourGuide.service.RewardsService         : ** Processing to get reward points
2021-11-29 23:17:28.117  INFO 6224 --- [l-13-thread-109] tourGuide.service.RewardsService         : ** Processing to get reward points
2021-11-29 23:17:28.120  INFO 6224 --- [ol-13-thread-72] tourGuide.service.RewardsService         : ** Processing to get reward points
2021-11-29 23:17:28.120  INFO 6224 --- [l-13-thread-175] tourGuide.service.RewardsService         : ** Processing to get reward points
2021-11-29 23:17:28.121  INFO 6224 --- [ol-13-thread-48] tourGuide.service.RewardsService         : ** Processing to get reward points
2021-11-29 23:17:28.122  INFO 6224 --- [l-13-thread-113] tourGuide.service.RewardsService         : ** Processing to get reward points
2021-11-29 23:17:28.125  INFO 6224 --- [l-13-thread-130] tourGuide.service.RewardsService         : ** Processing to get reward points
2021-11-29 23:17:28.129  INFO 6224 --- [ol-13-thread-86] tourGuide.service.RewardsService         : ** Processing to get reward points
2021-11-29 23:17:28.136  INFO 6224 --- [l-13-thread-128] tourGuide.service.RewardsService         : ** Processing to get reward points
2021-11-29 23:17:28.144  INFO 6224 --- [l-13-thread-116] tourGuide.service.RewardsService         : ** Processing to get reward points
2021-11-29 23:17:28.147  INFO 6224 --- [l-13-thread-161] tourGuide.service.RewardsService         : ** Processing to get reward points
2021-11-29 23:17:28.147  INFO 6224 --- [ol-13-thread-21] tourGuide.service.RewardsService         : ** Processing to get reward points
2021-11-29 23:17:28.151  INFO 6224 --- [ol-13-thread-39] tourGuide.service.RewardsService         : ** Processing to get reward points
2021-11-29 23:17:28.158  INFO 6224 --- [l-13-thread-196] tourGuide.service.RewardsService         : ** Processing to get reward points
2021-11-29 23:17:28.159  INFO 6224 --- [ol-13-thread-32] tourGuide.service.RewardsService         : ** Processing to get reward points
2021-11-29 23:17:28.162  INFO 6224 --- [l-13-thread-194] tourGuide.service.RewardsService         : ** Processing to get reward points
2021-11-29 23:17:28.162  INFO 6224 --- [l-13-thread-139] tourGuide.service.RewardsService         : ** Processing to get reward points
2021-11-29 23:17:28.164  INFO 6224 --- [ol-13-thread-78] tourGuide.service.RewardsService         : ** Processing to get reward points
2021-11-29 23:17:28.167  INFO 6224 --- [l-13-thread-137] tourGuide.service.RewardsService         : ** Processing to get reward points
2021-11-29 23:17:28.170  INFO 6224 --- [ol-13-thread-95] tourGuide.service.RewardsService         : ** Processing to get reward points
2021-11-29 23:17:28.170  INFO 6224 --- [l-13-thread-185] tourGuide.service.RewardsService         : ** Processing to get reward points
2021-11-29 23:17:28.171  INFO 6224 --- [ol-13-thread-82] tourGuide.service.RewardsService         : ** Processing to get reward points
2021-11-29 23:17:28.178  INFO 6224 --- [l-13-thread-143] tourGuide.service.RewardsService         : ** Processing to get reward points
2021-11-29 23:17:28.182  INFO 6224 --- [l-13-thread-189] tourGuide.service.RewardsService         : ** Processing to get reward points
2021-11-29 23:17:28.187  INFO 6224 --- [ol-13-thread-36] tourGuide.service.RewardsService         : ** Processing to get reward points
2021-11-29 23:17:28.188  INFO 6224 --- [ol-13-thread-14] tourGuide.service.RewardsService         : ** Processing to get reward points
2021-11-29 23:17:28.190  INFO 6224 --- [l-13-thread-167] tourGuide.service.RewardsService         : ** Processing to get reward points
2021-11-29 23:17:28.191  INFO 6224 --- [ol-13-thread-57] tourGuide.service.RewardsService         : ** Processing to get reward points
2021-11-29 23:17:28.192  INFO 6224 --- [l-13-thread-178] tourGuide.service.RewardsService         : ** Processing to get reward points
2021-11-29 23:17:28.194  INFO 6224 --- [ool-13-thread-7] tourGuide.service.RewardsService         : ** Processing to get reward points
2021-11-29 23:17:28.198  INFO 6224 --- [ol-13-thread-97] tourGuide.service.RewardsService         : ** Processing to get reward points
2021-11-29 23:17:28.200  INFO 6224 --- [l-13-thread-140] tourGuide.service.RewardsService         : ** Processing to get reward points
2021-11-29 23:17:28.206  INFO 6224 --- [ol-13-thread-89] tourGuide.service.RewardsService         : ** Processing to get reward points
2021-11-29 23:17:28.206  INFO 6224 --- [l-13-thread-129] tourGuide.service.RewardsService         : ** Processing to get reward points
2021-11-29 23:17:28.206  INFO 6224 --- [l-13-thread-178] tourGuide.service.RewardsService         : ** Processing to get reward points
2021-11-29 23:17:28.213  INFO 6224 --- [ol-13-thread-56] tourGuide.service.RewardsService         : ** Processing to get reward points
2021-11-29 23:17:28.216  INFO 6224 --- [ol-13-thread-62] tourGuide.service.RewardsService         : ** Processing to get reward points
2021-11-29 23:17:28.220  INFO 6224 --- [l-13-thread-120] tourGuide.service.RewardsService         : ** Processing to get reward points
2021-11-29 23:17:28.226  INFO 6224 --- [ol-13-thread-83] tourGuide.service.RewardsService         : ** Processing to get reward points
2021-11-29 23:17:28.228  INFO 6224 --- [ol-13-thread-31] tourGuide.service.RewardsService         : ** Processing to get reward points
2021-11-29 23:17:28.230  INFO 6224 --- [ol-13-thread-33] tourGuide.service.RewardsService         : ** Processing to get reward points
2021-11-29 23:17:28.237  INFO 6224 --- [ol-13-thread-14] tourGuide.service.RewardsService         : ** Processing to get reward points
2021-11-29 23:17:28.241  INFO 6224 --- [l-13-thread-197] tourGuide.service.RewardsService         : ** Processing to get reward points
2021-11-29 23:17:28.246  INFO 6224 --- [l-13-thread-122] tourGuide.service.RewardsService         : ** Processing to get reward points
2021-11-29 23:17:28.249  INFO 6224 --- [l-13-thread-193] tourGuide.service.RewardsService         : ** Processing to get reward points
2021-11-29 23:17:28.251  INFO 6224 --- [ol-13-thread-25] tourGuide.service.RewardsService         : ** Processing to get reward points
2021-11-29 23:17:28.258  INFO 6224 --- [ol-13-thread-38] tourGuide.service.RewardsService         : ** Processing to get reward points
2021-11-29 23:17:28.260  INFO 6224 --- [ool-13-thread-5] tourGuide.service.RewardsService         : ** Processing to get reward points
2021-11-29 23:17:28.260  INFO 6224 --- [l-13-thread-168] tourGuide.service.RewardsService         : ** Processing to get reward points
2021-11-29 23:17:28.265  INFO 6224 --- [ool-13-thread-2] tourGuide.service.RewardsService         : ** Processing to get reward points
2021-11-29 23:17:28.267  INFO 6224 --- [ol-13-thread-90] tourGuide.service.RewardsService         : ** Processing to get reward points
2021-11-29 23:17:28.270  INFO 6224 --- [ol-13-thread-85] tourGuide.service.RewardsService         : ** Processing to get reward points
2021-11-29 23:17:28.274  INFO 6224 --- [ool-13-thread-8] tourGuide.service.RewardsService         : ** Processing to get reward points
2021-11-29 23:17:28.277  INFO 6224 --- [ool-13-thread-9] tourGuide.service.RewardsService         : ** Processing to get reward points
2021-11-29 23:17:28.279  INFO 6224 --- [ol-13-thread-77] tourGuide.service.RewardsService         : ** Processing to get reward points
2021-11-29 23:17:28.279  INFO 6224 --- [l-13-thread-182] tourGuide.service.RewardsService         : ** Processing to get reward points
2021-11-29 23:17:28.281  INFO 6224 --- [l-13-thread-164] tourGuide.service.RewardsService         : ** Processing to get reward points
2021-11-29 23:17:28.283  INFO 6224 --- [ol-13-thread-98] tourGuide.service.RewardsService         : ** Processing to get reward points
2021-11-29 23:17:28.283  INFO 6224 --- [ol-13-thread-40] tourGuide.service.RewardsService         : ** Processing to get reward points
2021-11-29 23:17:28.287  INFO 6224 --- [ol-13-thread-52] tourGuide.service.RewardsService         : ** Processing to get reward points
2021-11-29 23:17:28.289  INFO 6224 --- [ool-13-thread-4] tourGuide.service.RewardsService         : ** Processing to get reward points
2021-11-29 23:17:28.291  INFO 6224 --- [l-13-thread-110] tourGuide.service.RewardsService         : ** Processing to get reward points
2021-11-29 23:17:28.293  INFO 6224 --- [ol-13-thread-79] tourGuide.service.RewardsService         : ** Processing to get reward points
2021-11-29 23:17:28.296  INFO 6224 --- [l-13-thread-188] tourGuide.service.RewardsService         : ** Processing to get reward points
2021-11-29 23:17:28.297  INFO 6224 --- [ol-13-thread-16] tourGuide.service.RewardsService         : ** Processing to get reward points
2021-11-29 23:17:28.299  INFO 6224 --- [ol-13-thread-80] tourGuide.service.RewardsService         : ** Processing to get reward points
2021-11-29 23:17:28.299  INFO 6224 --- [ol-13-thread-13] tourGuide.service.RewardsService         : ** Processing to get reward points
2021-11-29 23:17:28.302  INFO 6224 --- [l-13-thread-148] tourGuide.service.RewardsService         : ** Processing to get reward points
2021-11-29 23:17:28.302  INFO 6224 --- [ol-13-thread-30] tourGuide.service.RewardsService         : ** Processing to get reward points
2021-11-29 23:17:28.304  INFO 6224 --- [l-13-thread-196] tourGuide.service.RewardsService         : ** Processing to get reward points
2021-11-29 23:17:28.306  INFO 6224 --- [l-13-thread-118] tourGuide.service.RewardsService         : ** Processing to get reward points
2021-11-29 23:17:28.309  INFO 6224 --- [l-13-thread-136] tourGuide.service.RewardsService         : ** Processing to get reward points
2021-11-29 23:17:28.312  INFO 6224 --- [ool-13-thread-1] tourGuide.service.RewardsService         : ** Processing to get reward points
2021-11-29 23:17:28.314  INFO 6224 --- [l-13-thread-153] tourGuide.service.RewardsService         : ** Processing to get reward points
2021-11-29 23:17:28.315  INFO 6224 --- [ol-13-thread-60] tourGuide.service.RewardsService         : ** Processing to get reward points
2021-11-29 23:17:28.321  INFO 6224 --- [ol-13-thread-19] tourGuide.service.RewardsService         : ** Processing to get reward points
2021-11-29 23:17:28.321  INFO 6224 --- [l-13-thread-146] tourGuide.service.RewardsService         : ** Processing to get reward points
2021-11-29 23:17:28.321  INFO 6224 --- [ol-13-thread-88] tourGuide.service.RewardsService         : ** Processing to get reward points
2021-11-29 23:17:28.321  INFO 6224 --- [l-13-thread-104] tourGuide.service.RewardsService         : ** Processing to get reward points
2021-11-29 23:17:28.326  INFO 6224 --- [ol-13-thread-55] tourGuide.service.RewardsService         : ** Processing to get reward points
2021-11-29 23:17:28.338  INFO 6224 --- [ol-13-thread-60] tourGuide.service.RewardsService         : ** Processing to get reward points
2021-11-29 23:17:28.340  INFO 6224 --- [l-13-thread-184] tourGuide.service.RewardsService         : ** Processing to get reward points
2021-11-29 23:17:28.341  INFO 6224 --- [ol-13-thread-94] tourGuide.service.RewardsService         : ** Processing to get reward points
2021-11-29 23:17:28.353  INFO 6224 --- [l-13-thread-139] tourGuide.service.RewardsService         : ** Processing to get reward points
2021-11-29 23:17:28.356  INFO 6224 --- [ol-13-thread-93] tourGuide.service.RewardsService         : ** Processing to get reward points
2021-11-29 23:17:28.359  INFO 6224 --- [ol-13-thread-16] tourGuide.service.RewardsService         : ** Processing to get reward points
2021-11-29 23:17:28.360  INFO 6224 --- [ol-13-thread-53] tourGuide.service.RewardsService         : ** Processing to get reward points
2021-11-29 23:17:28.361  INFO 6224 --- [l-13-thread-171] tourGuide.service.RewardsService         : ** Processing to get reward points
2021-11-29 23:17:28.362  INFO 6224 --- [ol-13-thread-44] tourGuide.service.RewardsService         : ** Processing to get reward points
2021-11-29 23:17:28.362  INFO 6224 --- [ol-13-thread-28] tourGuide.service.RewardsService         : ** Processing to get reward points
2021-11-29 23:17:28.362  INFO 6224 --- [ol-13-thread-10] tourGuide.service.RewardsService         : ** Processing to get reward points
2021-11-29 23:17:28.364  INFO 6224 --- [ol-13-thread-71] tourGuide.service.RewardsService         : ** Processing to get reward points
2021-11-29 23:17:28.365  INFO 6224 --- [l-13-thread-188] tourGuide.service.RewardsService         : ** Processing to get reward points
2021-11-29 23:17:28.369  INFO 6224 --- [l-13-thread-116] tourGuide.service.RewardsService         : ** Processing to get reward points
2021-11-29 23:17:28.373  INFO 6224 --- [l-13-thread-138] tourGuide.service.RewardsService         : ** Processing to get reward points
2021-11-29 23:17:28.374  INFO 6224 --- [l-13-thread-135] tourGuide.service.RewardsService         : ** Processing to get reward points
2021-11-29 23:17:28.377  INFO 6224 --- [l-13-thread-195] tourGuide.service.RewardsService         : ** Processing to get reward points
2021-11-29 23:17:28.380  INFO 6224 --- [l-13-thread-119] tourGuide.service.RewardsService         : ** Processing to get reward points
2021-11-29 23:17:28.380  INFO 6224 --- [ol-13-thread-21] tourGuide.service.RewardsService         : ** Processing to get reward points
2021-11-29 23:17:28.381  INFO 6224 --- [ool-13-thread-8] tourGuide.service.RewardsService         : ** Processing to get reward points
2021-11-29 23:17:28.381  INFO 6224 --- [l-13-thread-165] tourGuide.service.RewardsService         : ** Processing to get reward points
2021-11-29 23:17:28.387  INFO 6224 --- [l-13-thread-134] tourGuide.service.RewardsService         : ** Processing to get reward points
2021-11-29 23:17:28.387  INFO 6224 --- [ol-13-thread-36] tourGuide.service.RewardsService         : ** Processing to get reward points
2021-11-29 23:17:28.389  INFO 6224 --- [ol-13-thread-83] tourGuide.service.RewardsService         : ** Processing to get reward points
2021-11-29 23:17:28.389  INFO 6224 --- [l-13-thread-146] tourGuide.service.RewardsService         : ** Processing to get reward points
2021-11-29 23:17:28.393  INFO 6224 --- [l-13-thread-176] tourGuide.service.RewardsService         : ** Processing to get reward points
2021-11-29 23:17:28.397  INFO 6224 --- [l-13-thread-178] tourGuide.service.RewardsService         : ** Processing to get reward points
2021-11-29 23:17:28.398  INFO 6224 --- [l-13-thread-162] tourGuide.service.RewardsService         : ** Processing to get reward points
2021-11-29 23:17:28.403  INFO 6224 --- [l-13-thread-131] tourGuide.service.RewardsService         : ** Processing to get reward points
2021-11-29 23:17:28.405  INFO 6224 --- [ol-13-thread-49] tourGuide.service.RewardsService         : ** Processing to get reward points
2021-11-29 23:17:28.405  INFO 6224 --- [ol-13-thread-41] tourGuide.service.RewardsService         : ** Processing to get reward points
2021-11-29 23:17:28.410  INFO 6224 --- [ol-13-thread-95] tourGuide.service.RewardsService         : ** Processing to get reward points
2021-11-29 23:17:28.412  INFO 6224 --- [l-13-thread-174] tourGuide.service.RewardsService         : ** Processing to get reward points
2021-11-29 23:17:28.413  INFO 6224 --- [l-13-thread-191] tourGuide.service.RewardsService         : ** Processing to get reward points
2021-11-29 23:17:28.420  INFO 6224 --- [ol-13-thread-25] tourGuide.service.RewardsService         : ** Processing to get reward points
2021-11-29 23:17:28.428  INFO 6224 --- [ol-13-thread-47] tourGuide.service.RewardsService         : ** Processing to get reward points
2021-11-29 23:17:28.433  INFO 6224 --- [ol-13-thread-52] tourGuide.service.RewardsService         : ** Processing to get reward points
2021-11-29 23:17:28.436  INFO 6224 --- [ol-13-thread-61] tourGuide.service.RewardsService         : ** Processing to get reward points
2021-11-29 23:17:28.436  INFO 6224 --- [l-13-thread-142] tourGuide.service.RewardsService         : ** Processing to get reward points
2021-11-29 23:17:28.441  INFO 6224 --- [l-13-thread-111] tourGuide.service.RewardsService         : ** Processing to get reward points
2021-11-29 23:17:28.443  INFO 6224 --- [l-13-thread-147] tourGuide.service.RewardsService         : ** Processing to get reward points
2021-11-29 23:17:28.445  INFO 6224 --- [ool-13-thread-4] tourGuide.service.RewardsService         : ** Processing to get reward points
2021-11-29 23:17:28.446  INFO 6224 --- [l-13-thread-105] tourGuide.service.RewardsService         : ** Processing to get reward points
2021-11-29 23:17:28.449  INFO 6224 --- [l-13-thread-102] tourGuide.service.RewardsService         : ** Processing to get reward points
2021-11-29 23:17:28.450  INFO 6224 --- [l-13-thread-116] tourGuide.service.RewardsService         : ** Processing to get reward points
2021-11-29 23:17:28.455  INFO 6224 --- [ol-13-thread-20] tourGuide.service.RewardsService         : ** Processing to get reward points
2021-11-29 23:17:28.456  INFO 6224 --- [l-13-thread-186] tourGuide.service.RewardsService         : ** Processing to get reward points
2021-11-29 23:17:28.460  INFO 6224 --- [ol-13-thread-29] tourGuide.service.RewardsService         : ** Processing to get reward points
2021-11-29 23:17:28.460  INFO 6224 --- [l-13-thread-166] tourGuide.service.RewardsService         : ** Processing to get reward points
2021-11-29 23:17:28.461  INFO 6224 --- [ol-13-thread-37] tourGuide.service.RewardsService         : ** Processing to get reward points
2021-11-29 23:17:28.469  INFO 6224 --- [l-13-thread-159] tourGuide.service.RewardsService         : ** Processing to get reward points
2021-11-29 23:17:28.478  INFO 6224 --- [l-13-thread-157] tourGuide.service.RewardsService         : ** Processing to get reward points
2021-11-29 23:17:28.480  INFO 6224 --- [l-13-thread-122] tourGuide.service.RewardsService         : ** Processing to get reward points
2021-11-29 23:17:28.481  INFO 6224 --- [ol-13-thread-17] tourGuide.service.RewardsService         : ** Processing to get reward points
2021-11-29 23:17:28.486  INFO 6224 --- [ol-13-thread-33] tourGuide.service.RewardsService         : ** Processing to get reward points
2021-11-29 23:17:28.494  INFO 6224 --- [ol-13-thread-70] tourGuide.service.RewardsService         : ** Processing to get reward points
2021-11-29 23:17:28.495  INFO 6224 --- [ol-13-thread-75] tourGuide.service.RewardsService         : ** Processing to get reward points
2021-11-29 23:17:28.497  INFO 6224 --- [l-13-thread-117] tourGuide.service.RewardsService         : ** Processing to get reward points
2021-11-29 23:17:28.497  INFO 6224 --- [l-13-thread-181] tourGuide.service.RewardsService         : ** Processing to get reward points
2021-11-29 23:17:28.499  INFO 6224 --- [ol-13-thread-99] tourGuide.service.RewardsService         : ** Processing to get reward points
2021-11-29 23:17:28.499  INFO 6224 --- [l-13-thread-160] tourGuide.service.RewardsService         : ** Processing to get reward points
2021-11-29 23:17:28.503  INFO 6224 --- [l-13-thread-121] tourGuide.service.RewardsService         : ** Processing to get reward points
2021-11-29 23:17:28.505  INFO 6224 --- [l-13-thread-162] tourGuide.service.RewardsService         : ** Processing to get reward points
2021-11-29 23:17:28.505  INFO 6224 --- [l-13-thread-145] tourGuide.service.RewardsService         : ** Processing to get reward points
2021-11-29 23:17:28.505  INFO 6224 --- [l-13-thread-200] tourGuide.service.RewardsService         : ** Processing to get reward points
2021-11-29 23:17:28.511  INFO 6224 --- [l-13-thread-112] tourGuide.service.RewardsService         : ** Processing to get reward points
2021-11-29 23:17:28.513  INFO 6224 --- [ol-13-thread-10] tourGuide.service.RewardsService         : ** Processing to get reward points
2021-11-29 23:17:28.520  INFO 6224 --- [l-13-thread-128] tourGuide.service.RewardsService         : ** Processing to get reward points
2021-11-29 23:17:28.522  INFO 6224 --- [l-13-thread-180] tourGuide.service.RewardsService         : ** Processing to get reward points
2021-11-29 23:17:28.522  INFO 6224 --- [l-13-thread-179] tourGuide.service.RewardsService         : ** Processing to get reward points
2021-11-29 23:17:28.523  INFO 6224 --- [ool-13-thread-6] tourGuide.service.RewardsService         : ** Processing to get reward points
2021-11-29 23:17:28.524  INFO 6224 --- [ol-13-thread-16] tourGuide.service.RewardsService         : ** Processing to get reward points
2021-11-29 23:17:28.527  INFO 6224 --- [l-13-thread-162] tourGuide.service.RewardsService         : ** Processing to get reward points
2021-11-29 23:17:28.527  INFO 6224 --- [ol-13-thread-63] tourGuide.service.RewardsService         : ** Processing to get reward points
2021-11-29 23:17:28.528  INFO 6224 --- [l-13-thread-170] tourGuide.service.RewardsService         : ** Processing to get reward points
2021-11-29 23:17:28.530  INFO 6224 --- [ol-13-thread-34] tourGuide.service.RewardsService         : ** Processing to get reward points
2021-11-29 23:17:28.532  INFO 6224 --- [ol-13-thread-16] tourGuide.service.RewardsService         : ** Processing to get reward points
2021-11-29 23:17:28.534  INFO 6224 --- [l-13-thread-190] tourGuide.service.RewardsService         : ** Processing to get reward points
2021-11-29 23:17:28.535  INFO 6224 --- [l-13-thread-154] tourGuide.service.RewardsService         : ** Processing to get reward points
2021-11-29 23:17:28.539  INFO 6224 --- [ool-13-thread-7] tourGuide.service.RewardsService         : ** Processing to get reward points
2021-11-29 23:17:28.555  INFO 6224 --- [l-13-thread-144] tourGuide.service.RewardsService         : ** Processing to get reward points
2021-11-29 23:17:28.558  INFO 6224 --- [l-13-thread-147] tourGuide.service.RewardsService         : ** Processing to get reward points
2021-11-29 23:17:28.560  INFO 6224 --- [ol-13-thread-66] tourGuide.service.RewardsService         : ** Processing to get reward points
2021-11-29 23:17:28.561  INFO 6224 --- [ol-13-thread-92] tourGuide.service.RewardsService         : ** Processing to get reward points
2021-11-29 23:17:28.561  INFO 6224 --- [ol-13-thread-62] tourGuide.service.RewardsService         : ** Processing to get reward points
2021-11-29 23:17:28.570  INFO 6224 --- [l-13-thread-156] tourGuide.service.RewardsService         : ** Processing to get reward points
2021-11-29 23:17:28.570  INFO 6224 --- [ol-13-thread-25] tourGuide.service.RewardsService         : ** Processing to get reward points
2021-11-29 23:17:28.576  INFO 6224 --- [l-13-thread-151] tourGuide.service.RewardsService         : ** Processing to get reward points
2021-11-29 23:17:28.576  INFO 6224 --- [l-13-thread-152] tourGuide.service.RewardsService         : ** Processing to get reward points
2021-11-29 23:17:28.576  INFO 6224 --- [ol-13-thread-68] tourGuide.service.RewardsService         : ** Processing to get reward points
2021-11-29 23:17:28.579  INFO 6224 --- [ol-13-thread-49] tourGuide.service.RewardsService         : ** Processing to get reward points
2021-11-29 23:17:28.580  INFO 6224 --- [ol-13-thread-39] tourGuide.service.RewardsService         : ** Processing to get reward points
2021-11-29 23:17:28.581  INFO 6224 --- [ol-13-thread-45] tourGuide.service.RewardsService         : ** Processing to get reward points
2021-11-29 23:17:28.591  INFO 6224 --- [ol-13-thread-81] tourGuide.service.RewardsService         : ** Processing to get reward points
2021-11-29 23:17:28.591  INFO 6224 --- [l-13-thread-163] tourGuide.service.RewardsService         : ** Processing to get reward points
2021-11-29 23:17:28.593  INFO 6224 --- [ol-13-thread-15] tourGuide.service.RewardsService         : ** Processing to get reward points
2021-11-29 23:17:28.593  INFO 6224 --- [l-13-thread-114] tourGuide.service.RewardsService         : ** Processing to get reward points
2021-11-29 23:17:28.596  INFO 6224 --- [l-13-thread-103] tourGuide.service.RewardsService         : ** Processing to get reward points
2021-11-29 23:17:28.596  INFO 6224 --- [l-13-thread-192] tourGuide.service.RewardsService         : ** Processing to get reward points
2021-11-29 23:17:28.598  INFO 6224 --- [ool-13-thread-1] tourGuide.service.RewardsService         : ** Processing to get reward points
2021-11-29 23:17:28.608  INFO 6224 --- [l-13-thread-142] tourGuide.service.RewardsService         : ** Processing to get reward points
2021-11-29 23:17:28.611  INFO 6224 --- [ol-13-thread-37] tourGuide.service.RewardsService         : ** Processing to get reward points
2021-11-29 23:17:28.614  INFO 6224 --- [l-13-thread-106] tourGuide.service.RewardsService         : ** Processing to get reward points
2021-11-29 23:17:28.617  INFO 6224 --- [l-13-thread-193] tourGuide.service.RewardsService         : ** Processing to get reward points
2021-11-29 23:17:28.619  INFO 6224 --- [l-13-thread-132] tourGuide.service.RewardsService         : ** Processing to get reward points
2021-11-29 23:17:28.620  INFO 6224 --- [l-13-thread-168] tourGuide.service.RewardsService         : ** Processing to get reward points
2021-11-29 23:17:28.620  INFO 6224 --- [ol-13-thread-70] tourGuide.service.RewardsService         : ** Processing to get reward points
2021-11-29 23:17:28.621  INFO 6224 --- [l-13-thread-192] tourGuide.service.RewardsService         : ** Processing to get reward points
2021-11-29 23:17:28.626  INFO 6224 --- [ol-13-thread-22] tourGuide.service.RewardsService         : ** Processing to get reward points
2021-11-29 23:17:28.626  INFO 6224 --- [l-13-thread-143] tourGuide.service.RewardsService         : ** Processing to get reward points
2021-11-29 23:17:28.626  INFO 6224 --- [l-13-thread-157] tourGuide.service.RewardsService         : ** Processing to get reward points
2021-11-29 23:17:28.626  INFO 6224 --- [l-13-thread-103] tourGuide.service.RewardsService         : ** Processing to get reward points
2021-11-29 23:17:28.637  INFO 6224 --- [ol-13-thread-74] tourGuide.service.RewardsService         : ** Processing to get reward points
2021-11-29 23:17:28.637  INFO 6224 --- [ol-13-thread-14] tourGuide.service.RewardsService         : ** Processing to get reward points
2021-11-29 23:17:28.647  INFO 6224 --- [ol-13-thread-56] tourGuide.service.RewardsService         : ** Processing to get reward points
2021-11-29 23:17:28.654  INFO 6224 --- [ol-13-thread-69] tourGuide.service.RewardsService         : ** Processing to get reward points
2021-11-29 23:17:28.656  INFO 6224 --- [l-13-thread-151] tourGuide.service.RewardsService         : ** Processing to get reward points
2021-11-29 23:17:28.658  INFO 6224 --- [l-13-thread-199] tourGuide.service.RewardsService         : ** Processing to get reward points
2021-11-29 23:17:28.662  INFO 6224 --- [ol-13-thread-86] tourGuide.service.RewardsService         : ** Processing to get reward points
2021-11-29 23:17:28.664  INFO 6224 --- [l-13-thread-167] tourGuide.service.RewardsService         : ** Processing to get reward points
2021-11-29 23:17:28.668  INFO 6224 --- [l-13-thread-176] tourGuide.service.RewardsService         : ** Processing to get reward points
2021-11-29 23:17:28.673  INFO 6224 --- [ool-13-thread-7] tourGuide.service.RewardsService         : ** Processing to get reward points
2021-11-29 23:17:28.673  INFO 6224 --- [ol-13-thread-96] tourGuide.service.RewardsService         : ** Processing to get reward points
2021-11-29 23:17:28.673  INFO 6224 --- [ol-13-thread-53] tourGuide.service.RewardsService         : ** Processing to get reward points
2021-11-29 23:17:28.673  INFO 6224 --- [ol-13-thread-39] tourGuide.service.RewardsService         : ** Processing to get reward points
2021-11-29 23:17:28.673  INFO 6224 --- [ol-13-thread-76] tourGuide.service.RewardsService         : ** Processing to get reward points
2021-11-29 23:17:28.673  INFO 6224 --- [l-13-thread-192] tourGuide.service.RewardsService         : ** Processing to get reward points
2021-11-29 23:17:28.675  INFO 6224 --- [l-13-thread-149] tourGuide.service.RewardsService         : ** Processing to get reward points
2021-11-29 23:17:28.679  INFO 6224 --- [l-13-thread-122] tourGuide.service.RewardsService         : ** Processing to get reward points
2021-11-29 23:17:28.687  INFO 6224 --- [ol-13-thread-53] tourGuide.service.RewardsService         : ** Processing to get reward points
2021-11-29 23:17:28.692  INFO 6224 --- [ol-13-thread-82] tourGuide.service.RewardsService         : ** Processing to get reward points
2021-11-29 23:17:28.696  INFO 6224 --- [ol-13-thread-26] tourGuide.service.RewardsService         : ** Processing to get reward points
2021-11-29 23:17:28.697  INFO 6224 --- [ol-13-thread-40] tourGuide.service.RewardsService         : ** Processing to get reward points
2021-11-29 23:17:28.705  INFO 6224 --- [ol-13-thread-72] tourGuide.service.RewardsService         : ** Processing to get reward points
2021-11-29 23:17:28.709  INFO 6224 --- [ol-13-thread-44] tourGuide.service.RewardsService         : ** Processing to get reward points
2021-11-29 23:17:28.717  INFO 6224 --- [ool-13-thread-8] tourGuide.service.RewardsService         : ** Processing to get reward points
2021-11-29 23:17:28.721  INFO 6224 --- [l-13-thread-139] tourGuide.service.RewardsService         : ** Processing to get reward points
2021-11-29 23:17:28.722  INFO 6224 --- [l-13-thread-171] tourGuide.service.RewardsService         : ** Processing to get reward points
2021-11-29 23:17:28.723  INFO 6224 --- [ol-13-thread-14] tourGuide.service.RewardsService         : ** Processing to get reward points
2021-11-29 23:17:28.724  INFO 6224 --- [l-13-thread-109] tourGuide.service.RewardsService         : ** Processing to get reward points
2021-11-29 23:17:28.728  INFO 6224 --- [l-13-thread-104] tourGuide.service.RewardsService         : ** Processing to get reward points
2021-11-29 23:17:28.733  INFO 6224 --- [ol-13-thread-17] tourGuide.service.RewardsService         : ** Processing to get reward points
2021-11-29 23:17:28.736  INFO 6224 --- [ol-13-thread-87] tourGuide.service.RewardsService         : ** Processing to get reward points
2021-11-29 23:17:28.738  INFO 6224 --- [l-13-thread-197] tourGuide.service.RewardsService         : ** Processing to get reward points
2021-11-29 23:17:28.740  INFO 6224 --- [ol-13-thread-71] tourGuide.service.RewardsService         : ** Processing to get reward points
2021-11-29 23:17:28.743  INFO 6224 --- [l-13-thread-183] tourGuide.service.RewardsService         : ** Processing to get reward points
2021-11-29 23:17:28.746  INFO 6224 --- [l-13-thread-173] tourGuide.service.RewardsService         : ** Processing to get reward points
2021-11-29 23:17:28.747  INFO 6224 --- [l-13-thread-187] tourGuide.service.RewardsService         : ** Processing to get reward points
2021-11-29 23:17:28.753  INFO 6224 --- [l-13-thread-118] tourGuide.service.RewardsService         : ** Processing to get reward points
2021-11-29 23:17:28.755  INFO 6224 --- [ol-13-thread-73] tourGuide.service.RewardsService         : ** Processing to get reward points
2021-11-29 23:17:28.756  INFO 6224 --- [l-13-thread-172] tourGuide.service.RewardsService         : ** Processing to get reward points
2021-11-29 23:17:28.763  INFO 6224 --- [l-13-thread-130] tourGuide.service.RewardsService         : ** Processing to get reward points
2021-11-29 23:17:28.765  INFO 6224 --- [l-13-thread-100] tourGuide.service.RewardsService         : ** Processing to get reward points
2021-11-29 23:17:28.770  INFO 6224 --- [ol-13-thread-91] tourGuide.service.RewardsService         : ** Processing to get reward points
2021-11-29 23:17:28.776  INFO 6224 --- [l-13-thread-175] tourGuide.service.RewardsService         : ** Processing to get reward points
2021-11-29 23:17:28.782  INFO 6224 --- [ol-13-thread-34] tourGuide.service.RewardsService         : ** Processing to get reward points
2021-11-29 23:17:28.785  INFO 6224 --- [l-13-thread-191] tourGuide.service.RewardsService         : ** Processing to get reward points
2021-11-29 23:17:28.788  INFO 6224 --- [l-13-thread-148] tourGuide.service.RewardsService         : ** Processing to get reward points
2021-11-29 23:17:28.788  INFO 6224 --- [l-13-thread-132] tourGuide.service.RewardsService         : ** Processing to get reward points
2021-11-29 23:17:28.789  INFO 6224 --- [ool-13-thread-3] tourGuide.service.RewardsService         : ** Processing to get reward points
2021-11-29 23:17:28.806  INFO 6224 --- [l-13-thread-124] tourGuide.service.RewardsService         : ** Processing to get reward points
2021-11-29 23:17:28.811  INFO 6224 --- [l-13-thread-200] tourGuide.service.RewardsService         : ** Processing to get reward points
2021-11-29 23:17:28.811  INFO 6224 --- [ol-13-thread-80] tourGuide.service.RewardsService         : ** Processing to get reward points
2021-11-29 23:17:28.813  INFO 6224 --- [l-13-thread-102] tourGuide.service.RewardsService         : ** Processing to get reward points
2021-11-29 23:17:28.813  INFO 6224 --- [l-13-thread-127] tourGuide.service.RewardsService         : ** Processing to get reward points
2021-11-29 23:17:28.819  INFO 6224 --- [l-13-thread-184] tourGuide.service.RewardsService         : ** Processing to get reward points
2021-11-29 23:17:28.822  INFO 6224 --- [ol-13-thread-67] tourGuide.service.RewardsService         : ** Processing to get reward points
2021-11-29 23:17:28.826  INFO 6224 --- [l-13-thread-164] tourGuide.service.RewardsService         : ** Processing to get reward points
2021-11-29 23:17:28.829  INFO 6224 --- [ol-13-thread-65] tourGuide.service.RewardsService         : ** Processing to get reward points
2021-11-29 23:17:28.830  INFO 6224 --- [l-13-thread-115] tourGuide.service.RewardsService         : ** Processing to get reward points
2021-11-29 23:17:28.832  INFO 6224 --- [l-13-thread-108] tourGuide.service.RewardsService         : ** Processing to get reward points
2021-11-29 23:17:28.832  INFO 6224 --- [ol-13-thread-24] tourGuide.service.RewardsService         : ** Processing to get reward points
2021-11-29 23:17:28.839  INFO 6224 --- [ol-13-thread-54] tourGuide.service.RewardsService         : ** Processing to get reward points
2021-11-29 23:17:28.850  INFO 6224 --- [l-13-thread-198] tourGuide.service.RewardsService         : ** Processing to get reward points
2021-11-29 23:17:28.858  INFO 6224 --- [l-13-thread-163] tourGuide.service.RewardsService         : ** Processing to get reward points
2021-11-29 23:17:28.859  INFO 6224 --- [l-13-thread-177] tourGuide.service.RewardsService         : ** Processing to get reward points
2021-11-29 23:17:28.861  INFO 6224 --- [ol-13-thread-84] tourGuide.service.RewardsService         : ** Processing to get reward points
2021-11-29 23:17:28.862  INFO 6224 --- [ol-13-thread-35] tourGuide.service.RewardsService         : ** Processing to get reward points
2021-11-29 23:17:28.865  INFO 6224 --- [ol-13-thread-64] tourGuide.service.RewardsService         : ** Processing to get reward points
2021-11-29 23:17:28.866  INFO 6224 --- [l-13-thread-158] tourGuide.service.RewardsService         : ** Processing to get reward points
2021-11-29 23:17:28.868  INFO 6224 --- [ol-13-thread-51] tourGuide.service.RewardsService         : ** Processing to get reward points
2021-11-29 23:17:28.868  INFO 6224 --- [ol-13-thread-98] tourGuide.service.RewardsService         : ** Processing to get reward points
2021-11-29 23:17:28.870  INFO 6224 --- [l-13-thread-150] tourGuide.service.RewardsService         : ** Processing to get reward points
2021-11-29 23:17:28.872  INFO 6224 --- [ol-13-thread-57] tourGuide.service.RewardsService         : ** Processing to get reward points
2021-11-29 23:17:28.873  INFO 6224 --- [ol-13-thread-18] tourGuide.service.RewardsService         : ** Processing to get reward points
2021-11-29 23:17:28.874  INFO 6224 --- [ol-13-thread-46] tourGuide.service.RewardsService         : ** Processing to get reward points
2021-11-29 23:17:28.875  INFO 6224 --- [l-13-thread-138] tourGuide.service.RewardsService         : ** Processing to get reward points
2021-11-29 23:17:28.877  INFO 6224 --- [ol-13-thread-25] tourGuide.service.RewardsService         : ** Processing to get reward points
2021-11-29 23:17:28.877  INFO 6224 --- [l-13-thread-146] tourGuide.service.RewardsService         : ** Processing to get reward points
2021-11-29 23:17:28.881  INFO 6224 --- [ol-13-thread-52] tourGuide.service.RewardsService         : ** Processing to get reward points
2021-11-29 23:17:28.881  INFO 6224 --- [ol-13-thread-42] tourGuide.service.RewardsService         : ** Processing to get reward points
2021-11-29 23:17:28.881  INFO 6224 --- [ol-13-thread-58] tourGuide.service.RewardsService         : ** Processing to get reward points
2021-11-29 23:17:28.889  INFO 6224 --- [l-13-thread-123] tourGuide.service.RewardsService         : ** Processing to get reward points
2021-11-29 23:17:28.893  INFO 6224 --- [l-13-thread-110] tourGuide.service.RewardsService         : ** Processing to get reward points
2021-11-29 23:17:28.893  INFO 6224 --- [l-13-thread-153] tourGuide.service.RewardsService         : ** Processing to get reward points
2021-11-29 23:17:28.896  INFO 6224 --- [ol-13-thread-72] tourGuide.service.RewardsService         : ** Processing to get reward points
2021-11-29 23:17:28.896  INFO 6224 --- [l-13-thread-169] tourGuide.service.RewardsService         : ** Processing to get reward points
2021-11-29 23:17:28.897  INFO 6224 --- [ol-13-thread-12] tourGuide.service.RewardsService         : ** Processing to get reward points
2021-11-29 23:17:28.897  INFO 6224 --- [ool-13-thread-6] tourGuide.service.RewardsService         : ** Processing to get reward points
2021-11-29 23:17:28.897  INFO 6224 --- [l-13-thread-182] tourGuide.service.RewardsService         : ** Processing to get reward points
2021-11-29 23:17:28.898  INFO 6224 --- [l-13-thread-101] tourGuide.service.RewardsService         : ** Processing to get reward points
2021-11-29 23:17:28.899  INFO 6224 --- [ol-13-thread-76] tourGuide.service.RewardsService         : ** Processing to get reward points
2021-11-29 23:17:28.900  INFO 6224 --- [ol-13-thread-17] tourGuide.service.RewardsService         : ** Processing to get reward points
2021-11-29 23:17:28.901  INFO 6224 --- [l-13-thread-131] tourGuide.service.RewardsService         : ** Processing to get reward points
2021-11-29 23:17:28.903  INFO 6224 --- [ol-13-thread-93] tourGuide.service.RewardsService         : ** Processing to get reward points
2021-11-29 23:17:28.907  INFO 6224 --- [ol-13-thread-39] tourGuide.service.RewardsService         : ** Processing to get reward points
2021-11-29 23:17:28.911  INFO 6224 --- [ol-13-thread-21] tourGuide.service.RewardsService         : ** Processing to get reward points
2021-11-29 23:17:28.919  INFO 6224 --- [l-13-thread-181] tourGuide.service.RewardsService         : ** Processing to get reward points
2021-11-29 23:17:28.920  INFO 6224 --- [ol-13-thread-55] tourGuide.service.RewardsService         : ** Processing to get reward points
2021-11-29 23:17:28.921  INFO 6224 --- [l-13-thread-140] tourGuide.service.RewardsService         : ** Processing to get reward points
2021-11-29 23:17:28.922  INFO 6224 --- [l-13-thread-114] tourGuide.service.RewardsService         : ** Processing to get reward points
2021-11-29 23:17:28.922  INFO 6224 --- [ol-13-thread-29] tourGuide.service.RewardsService         : ** Processing to get reward points
2021-11-29 23:17:28.924  INFO 6224 --- [ol-13-thread-27] tourGuide.service.RewardsService         : ** Processing to get reward points
2021-11-29 23:17:28.927  INFO 6224 --- [l-13-thread-159] tourGuide.service.RewardsService         : ** Processing to get reward points
2021-11-29 23:17:28.929  INFO 6224 --- [ol-13-thread-11] tourGuide.service.RewardsService         : ** Processing to get reward points
2021-11-29 23:17:28.936  INFO 6224 --- [ol-13-thread-50] tourGuide.service.RewardsService         : ** Processing to get reward points
2021-11-29 23:17:28.942  INFO 6224 --- [ol-13-thread-28] tourGuide.service.RewardsService         : ** Processing to get reward points
2021-11-29 23:17:28.952  INFO 6224 --- [l-13-thread-186] tourGuide.service.RewardsService         : ** Processing to get reward points
2021-11-29 23:17:28.958  INFO 6224 --- [l-13-thread-143] tourGuide.service.RewardsService         : ** Processing to get reward points
2021-11-29 23:17:28.962  INFO 6224 --- [l-13-thread-107] tourGuide.service.RewardsService         : ** Processing to get reward points
2021-11-29 23:17:28.962  INFO 6224 --- [ol-13-thread-13] tourGuide.service.RewardsService         : ** Processing to get reward points
2021-11-29 23:17:28.962  INFO 6224 --- [ol-13-thread-79] tourGuide.service.RewardsService         : ** Processing to get reward points
2021-11-29 23:17:28.963  INFO 6224 --- [ol-13-thread-96] tourGuide.service.RewardsService         : ** Processing to get reward points
2021-11-29 23:17:28.964  INFO 6224 --- [ol-13-thread-91] tourGuide.service.RewardsService         : ** Processing to get reward points
2021-11-29 23:17:28.968  INFO 6224 --- [l-13-thread-134] tourGuide.service.RewardsService         : ** Processing to get reward points
2021-11-29 23:17:28.969  INFO 6224 --- [l-13-thread-126] tourGuide.service.RewardsService         : ** Processing to get reward points
2021-11-29 23:17:28.973  INFO 6224 --- [l-13-thread-101] tourGuide.service.RewardsService         : ** Processing to get reward points
2021-11-29 23:17:28.976  INFO 6224 --- [ol-13-thread-49] tourGuide.service.RewardsService         : ** Processing to get reward points
2021-11-29 23:17:28.976  INFO 6224 --- [l-13-thread-143] tourGuide.service.RewardsService         : ** Processing to get reward points
2021-11-29 23:17:28.978  INFO 6224 --- [l-13-thread-137] tourGuide.service.RewardsService         : ** Processing to get reward points
2021-11-29 23:17:28.986  INFO 6224 --- [ol-13-thread-23] tourGuide.service.RewardsService         : ** Processing to get reward points
2021-11-29 23:17:28.986  INFO 6224 --- [l-13-thread-182] tourGuide.service.RewardsService         : ** Processing to get reward points
2021-11-29 23:17:28.995  INFO 6224 --- [ool-13-thread-4] tourGuide.service.RewardsService         : ** Processing to get reward points
2021-11-29 23:17:28.995  INFO 6224 --- [l-13-thread-136] tourGuide.service.RewardsService         : ** Processing to get reward points
2021-11-29 23:17:28.997  INFO 6224 --- [l-13-thread-120] tourGuide.service.RewardsService         : ** Processing to get reward points
2021-11-29 23:17:29.000  INFO 6224 --- [ol-13-thread-65] tourGuide.service.RewardsService         : ** Processing to get reward points
2021-11-29 23:17:29.002  INFO 6224 --- [l-13-thread-148] tourGuide.service.RewardsService         : ** Processing to get reward points
2021-11-29 23:17:29.004  INFO 6224 --- [ol-13-thread-59] tourGuide.service.RewardsService         : ** Processing to get reward points
2021-11-29 23:17:29.006  INFO 6224 --- [l-13-thread-195] tourGuide.service.RewardsService         : ** Processing to get reward points
2021-11-29 23:17:29.008  INFO 6224 --- [l-13-thread-141] tourGuide.service.RewardsService         : ** Processing to get reward points
2021-11-29 23:17:29.012  INFO 6224 --- [l-13-thread-180] tourGuide.service.RewardsService         : ** Processing to get reward points
2021-11-29 23:17:29.014  INFO 6224 --- [ool-13-thread-9] tourGuide.service.RewardsService         : ** Processing to get reward points
2021-11-29 23:17:29.020  INFO 6224 --- [ol-13-thread-78] tourGuide.service.RewardsService         : ** Processing to get reward points
2021-11-29 23:17:29.021  INFO 6224 --- [ol-13-thread-60] tourGuide.service.RewardsService         : ** Processing to get reward points
2021-11-29 23:17:29.022  INFO 6224 --- [l-13-thread-133] tourGuide.service.RewardsService         : ** Processing to get reward points
2021-11-29 23:17:29.023  INFO 6224 --- [l-13-thread-118] tourGuide.service.RewardsService         : ** Processing to get reward points
2021-11-29 23:17:29.025  INFO 6224 --- [ol-13-thread-63] tourGuide.service.RewardsService         : ** Processing to get reward points
2021-11-29 23:17:29.026  INFO 6224 --- [l-13-thread-194] tourGuide.service.RewardsService         : ** Processing to get reward points
2021-11-29 23:17:29.028  INFO 6224 --- [ol-13-thread-86] tourGuide.service.RewardsService         : ** Processing to get reward points
2021-11-29 23:17:29.034  INFO 6224 --- [l-13-thread-164] tourGuide.service.RewardsService         : ** Processing to get reward points
2021-11-29 23:17:29.034  INFO 6224 --- [l-13-thread-155] tourGuide.service.RewardsService         : ** Processing to get reward points
2021-11-29 23:17:29.039  INFO 6224 --- [l-13-thread-171] tourGuide.service.RewardsService         : ** Processing to get reward points
2021-11-29 23:17:29.040  INFO 6224 --- [l-13-thread-102] tourGuide.service.RewardsService         : ** Processing to get reward points
2021-11-29 23:17:29.041  INFO 6224 --- [ol-13-thread-75] tourGuide.service.RewardsService         : ** Processing to get reward points
2021-11-29 23:17:29.041  INFO 6224 --- [ol-13-thread-83] tourGuide.service.RewardsService         : ** Processing to get reward points
2021-11-29 23:17:29.047  INFO 6224 --- [l-13-thread-125] tourGuide.service.RewardsService         : ** Processing to get reward points
2021-11-29 23:17:29.047  INFO 6224 --- [l-13-thread-152] tourGuide.service.RewardsService         : ** Processing to get reward points
2021-11-29 23:17:29.054  INFO 6224 --- [l-13-thread-119] tourGuide.service.RewardsService         : ** Processing to get reward points
2021-11-29 23:17:29.057  INFO 6224 --- [l-13-thread-168] tourGuide.service.RewardsService         : ** Processing to get reward points
2021-11-29 23:17:29.057  INFO 6224 --- [ool-13-thread-3] tourGuide.service.RewardsService         : ** Processing to get reward points
2021-11-29 23:17:29.058  INFO 6224 --- [ol-13-thread-26] tourGuide.service.RewardsService         : ** Processing to get reward points
2021-11-29 23:17:29.058  INFO 6224 --- [l-13-thread-113] tourGuide.service.RewardsService         : ** Processing to get reward points
2021-11-29 23:17:29.071  INFO 6224 --- [ol-13-thread-95] tourGuide.service.RewardsService         : ** Processing to get reward points
2021-11-29 23:17:29.071  INFO 6224 --- [ol-13-thread-13] tourGuide.service.RewardsService         : ** Processing to get reward points
2021-11-29 23:17:29.072  INFO 6224 --- [ol-13-thread-46] tourGuide.service.RewardsService         : ** Processing to get reward points
2021-11-29 23:17:29.074  INFO 6224 --- [l-13-thread-199] tourGuide.service.RewardsService         : ** Processing to get reward points
2021-11-29 23:17:29.090  INFO 6224 --- [ol-13-thread-74] tourGuide.service.RewardsService         : ** Processing to get reward points
2021-11-29 23:17:29.093  INFO 6224 --- [ol-13-thread-48] tourGuide.service.RewardsService         : ** Processing to get reward points
2021-11-29 23:17:29.095  INFO 6224 --- [l-13-thread-140] tourGuide.service.RewardsService         : ** Processing to get reward points
2021-11-29 23:17:29.106  INFO 6224 --- [l-13-thread-161] tourGuide.service.RewardsService         : ** Processing to get reward points
2021-11-29 23:17:29.111  INFO 6224 --- [l-13-thread-196] tourGuide.service.RewardsService         : ** Processing to get reward points
2021-11-29 23:17:29.112  INFO 6224 --- [ol-13-thread-80] tourGuide.service.RewardsService         : ** Processing to get reward points
2021-11-29 23:17:29.122  INFO 6224 --- [l-13-thread-106] tourGuide.service.RewardsService         : ** Processing to get reward points
2021-11-29 23:17:29.123  INFO 6224 --- [l-13-thread-125] tourGuide.service.RewardsService         : ** Processing to get reward points
2021-11-29 23:17:29.128  INFO 6224 --- [ol-13-thread-53] tourGuide.service.RewardsService         : ** Processing to get reward points
2021-11-29 23:17:29.129  INFO 6224 --- [l-13-thread-104] tourGuide.service.RewardsService         : ** Processing to get reward points
2021-11-29 23:17:29.131  INFO 6224 --- [l-13-thread-101] tourGuide.service.RewardsService         : ** Processing to get reward points
2021-11-29 23:17:29.138  INFO 6224 --- [ol-13-thread-80] tourGuide.service.RewardsService         : ** Processing to get reward points
2021-11-29 23:17:29.139  INFO 6224 --- [l-13-thread-188] tourGuide.service.RewardsService         : ** Processing to get reward points
2021-11-29 23:17:29.140  INFO 6224 --- [ol-13-thread-41] tourGuide.service.RewardsService         : ** Processing to get reward points
2021-11-29 23:17:29.140  INFO 6224 --- [l-13-thread-147] tourGuide.service.RewardsService         : ** Processing to get reward points
2021-11-29 23:17:29.140  INFO 6224 --- [l-13-thread-199] tourGuide.service.RewardsService         : ** Processing to get reward points
2021-11-29 23:17:29.143  INFO 6224 --- [l-13-thread-198] tourGuide.service.RewardsService         : ** Processing to get reward points
2021-11-29 23:17:29.145  INFO 6224 --- [l-13-thread-189] tourGuide.service.RewardsService         : ** Processing to get reward points
2021-11-29 23:17:29.146  INFO 6224 --- [ol-13-thread-61] tourGuide.service.RewardsService         : ** Processing to get reward points
2021-11-29 23:17:29.146  INFO 6224 --- [l-13-thread-193] tourGuide.service.RewardsService         : ** Processing to get reward points
2021-11-29 23:17:29.148  INFO 6224 --- [l-13-thread-165] tourGuide.service.RewardsService         : ** Processing to get reward points
2021-11-29 23:17:29.154  INFO 6224 --- [ol-13-thread-85] tourGuide.service.RewardsService         : ** Processing to get reward points
2021-11-29 23:17:29.158  INFO 6224 --- [l-13-thread-200] tourGuide.service.RewardsService         : ** Processing to get reward points
2021-11-29 23:17:29.160  INFO 6224 --- [ol-13-thread-33] tourGuide.service.RewardsService         : ** Processing to get reward points
2021-11-29 23:17:29.161  INFO 6224 --- [l-13-thread-186] tourGuide.service.RewardsService         : ** Processing to get reward points
2021-11-29 23:17:29.163  INFO 6224 --- [ol-13-thread-17] tourGuide.service.RewardsService         : ** Processing to get reward points
2021-11-29 23:17:29.164  INFO 6224 --- [l-13-thread-185] tourGuide.service.RewardsService         : ** Processing to get reward points
2021-11-29 23:17:29.168  INFO 6224 --- [ol-13-thread-43] tourGuide.service.RewardsService         : ** Processing to get reward points
2021-11-29 23:17:29.174  INFO 6224 --- [l-13-thread-174] tourGuide.service.RewardsService         : ** Processing to get reward points
2021-11-29 23:17:29.175  INFO 6224 --- [l-13-thread-192] tourGuide.service.RewardsService         : ** Processing to get reward points
2021-11-29 23:17:29.177  INFO 6224 --- [ol-13-thread-38] tourGuide.service.RewardsService         : ** Processing to get reward points
2021-11-29 23:17:29.177  INFO 6224 --- [ol-13-thread-31] tourGuide.service.RewardsService         : ** Processing to get reward points
2021-11-29 23:17:29.179  INFO 6224 --- [ol-13-thread-32] tourGuide.service.RewardsService         : ** Processing to get reward points
2021-11-29 23:17:29.180  INFO 6224 --- [l-13-thread-129] tourGuide.service.RewardsService         : ** Processing to get reward points
2021-11-29 23:17:29.181  INFO 6224 --- [ol-13-thread-89] tourGuide.service.RewardsService         : ** Processing to get reward points
2021-11-29 23:17:29.183  INFO 6224 --- [l-13-thread-137] tourGuide.service.RewardsService         : ** Processing to get reward points
2021-11-29 23:17:29.184  INFO 6224 --- [l-13-thread-126] tourGuide.service.RewardsService         : ** Processing to get reward points
2021-11-29 23:17:29.185  INFO 6224 --- [l-13-thread-139] tourGuide.service.RewardsService         : ** Processing to get reward points
2021-11-29 23:17:29.185  INFO 6224 --- [ol-13-thread-97] tourGuide.service.RewardsService         : ** Processing to get reward points
2021-11-29 23:17:29.188  INFO 6224 --- [ol-13-thread-69] tourGuide.service.RewardsService         : ** Processing to get reward points
2021-11-29 23:17:29.188  INFO 6224 --- [l-13-thread-100] tourGuide.service.RewardsService         : ** Processing to get reward points
2021-11-29 23:17:29.188  INFO 6224 --- [l-13-thread-186] tourGuide.service.RewardsService         : ** Processing to get reward points
2021-11-29 23:17:29.190  INFO 6224 --- [ol-13-thread-17] tourGuide.service.RewardsService         : ** Processing to get reward points
2021-11-29 23:17:29.193  INFO 6224 --- [ol-13-thread-63] tourGuide.service.RewardsService         : ** Processing to get reward points
2021-11-29 23:17:29.194  INFO 6224 --- [ol-13-thread-45] tourGuide.service.RewardsService         : ** Processing to get reward points
2021-11-29 23:17:29.194  INFO 6224 --- [l-13-thread-152] tourGuide.service.RewardsService         : ** Processing to get reward points
2021-11-29 23:17:29.196  INFO 6224 --- [l-13-thread-116] tourGuide.service.RewardsService         : ** Processing to get reward points
2021-11-29 23:17:29.198  INFO 6224 --- [ol-13-thread-70] tourGuide.service.RewardsService         : ** Processing to get reward points
2021-11-29 23:17:29.200  INFO 6224 --- [l-13-thread-145] tourGuide.service.RewardsService         : ** Processing to get reward points
2021-11-29 23:17:29.204  INFO 6224 --- [l-13-thread-146] tourGuide.service.RewardsService         : ** Processing to get reward points
2021-11-29 23:17:29.204  INFO 6224 --- [ol-13-thread-87] tourGuide.service.RewardsService         : ** Processing to get reward points
2021-11-29 23:17:29.206  INFO 6224 --- [ol-13-thread-94] tourGuide.service.RewardsService         : ** Processing to get reward points
2021-11-29 23:17:29.208  INFO 6224 --- [ool-13-thread-7] tourGuide.service.RewardsService         : ** Processing to get reward points
2021-11-29 23:17:29.211  INFO 6224 --- [ol-13-thread-22] tourGuide.service.RewardsService         : ** Processing to get reward points
2021-11-29 23:17:29.213  INFO 6224 --- [ol-13-thread-61] tourGuide.service.RewardsService         : ** Processing to get reward points
2021-11-29 23:17:29.213  INFO 6224 --- [ol-13-thread-59] tourGuide.service.RewardsService         : ** Processing to get reward points
2021-11-29 23:17:29.214  INFO 6224 --- [l-13-thread-178] tourGuide.service.RewardsService         : ** Processing to get reward points
2021-11-29 23:17:29.214  INFO 6224 --- [l-13-thread-162] tourGuide.service.RewardsService         : ** Processing to get reward points
2021-11-29 23:17:29.214  INFO 6224 --- [l-13-thread-121] tourGuide.service.RewardsService         : ** Processing to get reward points
2021-11-29 23:17:29.215  INFO 6224 --- [ol-13-thread-46] tourGuide.service.RewardsService         : ** Processing to get reward points
2021-11-29 23:17:29.219  INFO 6224 --- [l-13-thread-184] tourGuide.service.RewardsService         : ** Processing to get reward points
2021-11-29 23:17:29.219  INFO 6224 --- [ol-13-thread-16] tourGuide.service.RewardsService         : ** Processing to get reward points
2021-11-29 23:17:29.223  INFO 6224 --- [l-13-thread-169] tourGuide.service.RewardsService         : ** Processing to get reward points
2021-11-29 23:17:29.224  INFO 6224 --- [ol-13-thread-47] tourGuide.service.RewardsService         : ** Processing to get reward points
2021-11-29 23:17:29.224  INFO 6224 --- [ol-13-thread-10] tourGuide.service.RewardsService         : ** Processing to get reward points
2021-11-29 23:17:29.226  INFO 6224 --- [l-13-thread-196] tourGuide.service.RewardsService         : ** Processing to get reward points
2021-11-29 23:17:29.228  INFO 6224 --- [ol-13-thread-24] tourGuide.service.RewardsService         : ** Processing to get reward points
2021-11-29 23:17:29.230  INFO 6224 --- [l-13-thread-123] tourGuide.service.RewardsService         : ** Processing to get reward points
2021-11-29 23:17:29.231  INFO 6224 --- [ol-13-thread-57] tourGuide.service.RewardsService         : ** Processing to get reward points
2021-11-29 23:17:29.233  INFO 6224 --- [ol-13-thread-48] tourGuide.service.RewardsService         : ** Processing to get reward points
2021-11-29 23:17:29.247  INFO 6224 --- [ool-13-thread-5] tourGuide.service.RewardsService         : ** Processing to get reward points
2021-11-29 23:17:29.247  INFO 6224 --- [ol-13-thread-83] tourGuide.service.RewardsService         : ** Processing to get reward points
2021-11-29 23:17:29.237  INFO 6224 --- [ol-13-thread-36] tourGuide.service.RewardsService         : ** Processing to get reward points
2021-11-29 23:17:29.248  INFO 6224 --- [ol-13-thread-30] tourGuide.service.RewardsService         : ** Processing to get reward points
2021-11-29 23:17:29.248  INFO 6224 --- [ol-13-thread-85] tourGuide.service.RewardsService         : ** Processing to get reward points
2021-11-29 23:17:29.256  INFO 6224 --- [ool-13-thread-6] tourGuide.service.RewardsService         : ** Processing to get reward points
2021-11-29 23:17:29.255  INFO 6224 --- [ol-13-thread-27] tourGuide.service.RewardsService         : ** Processing to get reward points
2021-11-29 23:17:29.259  INFO 6224 --- [ol-13-thread-23] tourGuide.service.RewardsService         : ** Processing to get reward points
2021-11-29 23:17:29.262  INFO 6224 --- [ool-13-thread-2] tourGuide.service.RewardsService         : ** Processing to get reward points
2021-11-29 23:17:29.267  INFO 6224 --- [ol-13-thread-67] tourGuide.service.RewardsService         : ** Processing to get reward points
2021-11-29 23:17:29.268  INFO 6224 --- [l-13-thread-190] tourGuide.service.RewardsService         : ** Processing to get reward points
2021-11-29 23:17:29.276  INFO 6224 --- [l-13-thread-178] tourGuide.service.RewardsService         : ** Processing to get reward points
2021-11-29 23:17:29.276  INFO 6224 --- [l-13-thread-121] tourGuide.service.RewardsService         : ** Processing to get reward points
2021-11-29 23:17:29.280  INFO 6224 --- [ol-13-thread-20] tourGuide.service.RewardsService         : ** Processing to get reward points
2021-11-29 23:17:29.287  INFO 6224 --- [l-13-thread-109] tourGuide.service.RewardsService         : ** Processing to get reward points
2021-11-29 23:17:29.289  INFO 6224 --- [ol-13-thread-55] tourGuide.service.RewardsService         : ** Processing to get reward points
2021-11-29 23:17:29.290  INFO 6224 --- [ol-13-thread-14] tourGuide.service.RewardsService         : ** Processing to get reward points
2021-11-29 23:17:29.291  INFO 6224 --- [ol-13-thread-90] tourGuide.service.RewardsService         : ** Processing to get reward points
2021-11-29 23:17:29.297  INFO 6224 --- [ol-13-thread-77] tourGuide.service.RewardsService         : ** Processing to get reward points
2021-11-29 23:17:29.297  INFO 6224 --- [ol-13-thread-43] tourGuide.service.RewardsService         : ** Processing to get reward points
2021-11-29 23:17:29.297  INFO 6224 --- [ol-13-thread-18] tourGuide.service.RewardsService         : ** Processing to get reward points
2021-11-29 23:17:29.300  INFO 6224 --- [l-13-thread-167] tourGuide.service.RewardsService         : ** Processing to get reward points
2021-11-29 23:17:29.303  INFO 6224 --- [ol-13-thread-54] tourGuide.service.RewardsService         : ** Processing to get reward points
2021-11-29 23:17:29.303  INFO 6224 --- [l-13-thread-172] tourGuide.service.RewardsService         : ** Processing to get reward points
2021-11-29 23:17:29.307  INFO 6224 --- [ol-13-thread-37] tourGuide.service.RewardsService         : ** Processing to get reward points
2021-11-29 23:17:29.309  INFO 6224 --- [l-13-thread-180] tourGuide.service.RewardsService         : ** Processing to get reward points
2021-11-29 23:17:29.309  INFO 6224 --- [l-13-thread-103] tourGuide.service.RewardsService         : ** Processing to get reward points
2021-11-29 23:17:29.311  INFO 6224 --- [ol-13-thread-98] tourGuide.service.RewardsService         : ** Processing to get reward points
2021-11-29 23:17:29.314  INFO 6224 --- [ol-13-thread-68] tourGuide.service.RewardsService         : ** Processing to get reward points
2021-11-29 23:17:29.316  INFO 6224 --- [l-13-thread-196] tourGuide.service.RewardsService         : ** Processing to get reward points
2021-11-29 23:17:29.317  INFO 6224 --- [l-13-thread-149] tourGuide.service.RewardsService         : ** Processing to get reward points
2021-11-29 23:17:29.318  INFO 6224 --- [l-13-thread-192] tourGuide.service.RewardsService         : ** Processing to get reward points
2021-11-29 23:17:29.319  INFO 6224 --- [l-13-thread-163] tourGuide.service.RewardsService         : ** Processing to get reward points
2021-11-29 23:17:29.323  INFO 6224 --- [ool-13-thread-1] tourGuide.service.RewardsService         : ** Processing to get reward points
2021-11-29 23:17:29.323  INFO 6224 --- [l-13-thread-119] tourGuide.service.RewardsService         : ** Processing to get reward points
2021-11-29 23:17:29.327  INFO 6224 --- [ol-13-thread-22] tourGuide.service.RewardsService         : ** Processing to get reward points
2021-11-29 23:17:29.328  INFO 6224 --- [l-13-thread-179] tourGuide.service.RewardsService         : ** Processing to get reward points
2021-11-29 23:17:29.331  INFO 6224 --- [ol-13-thread-73] tourGuide.service.RewardsService         : ** Processing to get reward points
2021-11-29 23:17:29.336  INFO 6224 --- [ol-13-thread-63] tourGuide.service.RewardsService         : ** Processing to get reward points
2021-11-29 23:17:29.337  INFO 6224 --- [ol-13-thread-81] tourGuide.service.RewardsService         : ** Processing to get reward points
2021-11-29 23:17:29.338  INFO 6224 --- [l-13-thread-126] tourGuide.service.RewardsService         : ** Processing to get reward points
2021-11-29 23:17:29.340  INFO 6224 --- [l-13-thread-185] tourGuide.service.RewardsService         : ** Processing to get reward points
2021-11-29 23:17:29.343  INFO 6224 --- [ol-13-thread-39] tourGuide.service.RewardsService         : ** Processing to get reward points
2021-11-29 23:17:29.343  INFO 6224 --- [ol-13-thread-66] tourGuide.service.RewardsService         : ** Processing to get reward points
2021-11-29 23:17:29.345  INFO 6224 --- [l-13-thread-154] tourGuide.service.RewardsService         : ** Processing to get reward points
2021-11-29 23:17:29.346  INFO 6224 --- [l-13-thread-111] tourGuide.service.RewardsService         : ** Processing to get reward points
2021-11-29 23:17:29.346  INFO 6224 --- [ol-13-thread-49] tourGuide.service.RewardsService         : ** Processing to get reward points
2021-11-29 23:17:29.346  INFO 6224 --- [ol-13-thread-62] tourGuide.service.RewardsService         : ** Processing to get reward points
2021-11-29 23:17:29.347  INFO 6224 --- [l-13-thread-171] tourGuide.service.RewardsService         : ** Processing to get reward points
2021-11-29 23:17:29.348  INFO 6224 --- [ol-13-thread-19] tourGuide.service.RewardsService         : ** Processing to get reward points
2021-11-29 23:17:29.349  INFO 6224 --- [ol-13-thread-88] tourGuide.service.RewardsService         : ** Processing to get reward points
2021-11-29 23:17:29.351  INFO 6224 --- [ol-13-thread-59] tourGuide.service.RewardsService         : ** Processing to get reward points
2021-11-29 23:17:29.361  INFO 6224 --- [ol-13-thread-13] tourGuide.service.RewardsService         : ** Processing to get reward points
2021-11-29 23:17:29.364  INFO 6224 --- [l-13-thread-117] tourGuide.service.RewardsService         : ** Processing to get reward points
2021-11-29 23:17:29.369  INFO 6224 --- [l-13-thread-158] tourGuide.service.RewardsService         : ** Processing to get reward points
2021-11-29 23:17:29.376  INFO 6224 --- [ol-13-thread-40] tourGuide.service.RewardsService         : ** Processing to get reward points
2021-11-29 23:17:29.379  INFO 6224 --- [l-13-thread-160] tourGuide.service.RewardsService         : ** Processing to get reward points
2021-11-29 23:17:29.379  INFO 6224 --- [l-13-thread-107] tourGuide.service.RewardsService         : ** Processing to get reward points
2021-11-29 23:17:29.379  INFO 6224 --- [ol-13-thread-41] tourGuide.service.RewardsService         : ** Processing to get reward points
2021-11-29 23:17:29.379  INFO 6224 --- [l-13-thread-152] tourGuide.service.RewardsService         : ** Processing to get reward points
2021-11-29 23:17:29.381  INFO 6224 --- [l-13-thread-112] tourGuide.service.RewardsService         : ** Processing to get reward points
2021-11-29 23:17:29.383  INFO 6224 --- [l-13-thread-105] tourGuide.service.RewardsService         : ** Processing to get reward points
2021-11-29 23:17:29.391  INFO 6224 --- [l-13-thread-135] tourGuide.service.RewardsService         : ** Processing to get reward points
2021-11-29 23:17:29.391  INFO 6224 --- [ol-13-thread-88] tourGuide.service.RewardsService         : ** Processing to get reward points
2021-11-29 23:17:29.393  INFO 6224 --- [l-13-thread-166] tourGuide.service.RewardsService         : ** Processing to get reward points
2021-11-29 23:17:29.396  INFO 6224 --- [l-13-thread-168] tourGuide.service.RewardsService         : ** Processing to get reward points
2021-11-29 23:17:29.396  INFO 6224 --- [ol-13-thread-14] tourGuide.service.RewardsService         : ** Processing to get reward points
2021-11-29 23:17:29.397  INFO 6224 --- [ol-13-thread-65] tourGuide.service.RewardsService         : ** Processing to get reward points
2021-11-29 23:17:29.402  INFO 6224 --- [l-13-thread-176] tourGuide.service.RewardsService         : ** Processing to get reward points
2021-11-29 23:17:29.405  INFO 6224 --- [ol-13-thread-44] tourGuide.service.RewardsService         : ** Processing to get reward points
2021-11-29 23:17:29.407  INFO 6224 --- [l-13-thread-163] tourGuide.service.RewardsService         : ** Processing to get reward points
2021-11-29 23:17:29.409  INFO 6224 --- [l-13-thread-197] tourGuide.service.RewardsService         : ** Processing to get reward points
2021-11-29 23:17:29.414  INFO 6224 --- [l-13-thread-128] tourGuide.service.RewardsService         : ** Processing to get reward points
2021-11-29 23:17:29.414  INFO 6224 --- [l-13-thread-174] tourGuide.service.RewardsService         : ** Processing to get reward points
2021-11-29 23:17:29.416  INFO 6224 --- [ol-13-thread-35] tourGuide.service.RewardsService         : ** Processing to get reward points
2021-11-29 23:17:29.423  INFO 6224 --- [ol-13-thread-15] tourGuide.service.RewardsService         : ** Processing to get reward points
2021-11-29 23:17:29.424  INFO 6224 --- [l-13-thread-170] tourGuide.service.RewardsService         : ** Processing to get reward points
2021-11-29 23:17:29.425  INFO 6224 --- [l-13-thread-107] tourGuide.service.RewardsService         : ** Processing to get reward points
2021-11-29 23:17:29.432  INFO 6224 --- [ol-13-thread-12] tourGuide.service.RewardsService         : ** Processing to get reward points
2021-11-29 23:17:29.437  INFO 6224 --- [ol-13-thread-66] tourGuide.service.RewardsService         : ** Processing to get reward points
2021-11-29 23:17:29.439  INFO 6224 --- [l-13-thread-186] tourGuide.service.RewardsService         : ** Processing to get reward points
2021-11-29 23:17:29.448  INFO 6224 --- [ol-13-thread-26] tourGuide.service.RewardsService         : ** Processing to get reward points
2021-11-29 23:17:29.448  INFO 6224 --- [ol-13-thread-54] tourGuide.service.RewardsService         : ** Processing to get reward points
2021-11-29 23:17:29.453  INFO 6224 --- [ool-13-thread-4] tourGuide.service.RewardsService         : ** Processing to get reward points
2021-11-29 23:17:29.453  INFO 6224 --- [l-13-thread-156] tourGuide.service.RewardsService         : ** Processing to get reward points
2021-11-29 23:17:29.454  INFO 6224 --- [l-13-thread-157] tourGuide.service.RewardsService         : ** Processing to get reward points
2021-11-29 23:17:29.458  INFO 6224 --- [l-13-thread-197] tourGuide.service.RewardsService         : ** Processing to get reward points
2021-11-29 23:17:29.460  INFO 6224 --- [ol-13-thread-36] tourGuide.service.RewardsService         : ** Processing to get reward points
2021-11-29 23:17:29.463  INFO 6224 --- [ool-13-thread-7] tourGuide.service.RewardsService         : ** Processing to get reward points
2021-11-29 23:17:29.464  INFO 6224 --- [l-13-thread-144] tourGuide.service.RewardsService         : ** Processing to get reward points
2021-11-29 23:17:29.468  INFO 6224 --- [ol-13-thread-22] tourGuide.service.RewardsService         : ** Processing to get reward points
2021-11-29 23:17:29.468  INFO 6224 --- [l-13-thread-176] tourGuide.service.RewardsService         : ** Processing to get reward points
2021-11-29 23:17:29.469  INFO 6224 --- [l-13-thread-183] tourGuide.service.RewardsService         : ** Processing to get reward points
2021-11-29 23:17:29.470  INFO 6224 --- [ol-13-thread-89] tourGuide.service.RewardsService         : ** Processing to get reward points
2021-11-29 23:17:29.480  INFO 6224 --- [l-13-thread-185] tourGuide.service.RewardsService         : ** Processing to get reward points
2021-11-29 23:17:29.482  INFO 6224 --- [ol-13-thread-99] tourGuide.service.RewardsService         : ** Processing to get reward points
2021-11-29 23:17:29.483  INFO 6224 --- [ol-13-thread-76] tourGuide.service.RewardsService         : ** Processing to get reward points
2021-11-29 23:17:29.483  INFO 6224 --- [l-13-thread-188] tourGuide.service.RewardsService         : ** Processing to get reward points
2021-11-29 23:17:29.488  INFO 6224 --- [ol-13-thread-82] tourGuide.service.RewardsService         : ** Processing to get reward points
2021-11-29 23:17:29.489  INFO 6224 --- [l-13-thread-110] tourGuide.service.RewardsService         : ** Processing to get reward points
2021-11-29 23:17:29.491  INFO 6224 --- [ool-13-thread-8] tourGuide.service.RewardsService         : ** Processing to get reward points
2021-11-29 23:17:29.493  INFO 6224 --- [l-13-thread-176] tourGuide.service.RewardsService         : ** Processing to get reward points
2021-11-29 23:17:29.498  INFO 6224 --- [l-13-thread-123] tourGuide.service.RewardsService         : ** Processing to get reward points
2021-11-29 23:17:29.501  INFO 6224 --- [l-13-thread-166] tourGuide.service.RewardsService         : ** Processing to get reward points
2021-11-29 23:17:29.501  INFO 6224 --- [ol-13-thread-18] tourGuide.service.RewardsService         : ** Processing to get reward points
2021-11-29 23:17:29.502  INFO 6224 --- [l-13-thread-113] tourGuide.service.RewardsService         : ** Processing to get reward points
2021-11-29 23:17:29.503  INFO 6224 --- [ol-13-thread-58] tourGuide.service.RewardsService         : ** Processing to get reward points
2021-11-29 23:17:29.505  INFO 6224 --- [ol-13-thread-68] tourGuide.service.RewardsService         : ** Processing to get reward points
2021-11-29 23:17:29.506  INFO 6224 --- [l-13-thread-107] tourGuide.service.RewardsService         : ** Processing to get reward points
2021-11-29 23:17:29.508  INFO 6224 --- [l-13-thread-125] tourGuide.service.RewardsService         : ** Processing to get reward points
2021-11-29 23:17:29.511  INFO 6224 --- [l-13-thread-199] tourGuide.service.RewardsService         : ** Processing to get reward points
2021-11-29 23:17:29.511  INFO 6224 --- [ol-13-thread-33] tourGuide.service.RewardsService         : ** Processing to get reward points
2021-11-29 23:17:29.512  INFO 6224 --- [l-13-thread-150] tourGuide.service.RewardsService         : ** Processing to get reward points
2021-11-29 23:17:29.514  INFO 6224 --- [l-13-thread-169] tourGuide.service.RewardsService         : ** Processing to get reward points
2021-11-29 23:17:29.523  INFO 6224 --- [l-13-thread-151] tourGuide.service.RewardsService         : ** Processing to get reward points
2021-11-29 23:17:29.523  INFO 6224 --- [ol-13-thread-68] tourGuide.service.RewardsService         : ** Processing to get reward points
2021-11-29 23:17:29.526  INFO 6224 --- [ol-13-thread-72] tourGuide.service.RewardsService         : ** Processing to get reward points
2021-11-29 23:17:29.526  INFO 6224 --- [ol-13-thread-20] tourGuide.service.RewardsService         : ** Processing to get reward points
2021-11-29 23:17:29.530  INFO 6224 --- [ol-13-thread-45] tourGuide.service.RewardsService         : ** Processing to get reward points
2021-11-29 23:17:29.533  INFO 6224 --- [ol-13-thread-11] tourGuide.service.RewardsService         : ** Processing to get reward points
2021-11-29 23:17:29.538  INFO 6224 --- [ol-13-thread-97] tourGuide.service.RewardsService         : ** Processing to get reward points
2021-11-29 23:17:29.542  INFO 6224 --- [l-13-thread-121] tourGuide.service.RewardsService         : ** Processing to get reward points
2021-11-29 23:17:29.543  INFO 6224 --- [ol-13-thread-22] tourGuide.service.RewardsService         : ** Processing to get reward points
2021-11-29 23:17:29.554  INFO 6224 --- [ool-13-thread-2] tourGuide.service.RewardsService         : ** Processing to get reward points
2021-11-29 23:17:29.555  INFO 6224 --- [l-13-thread-130] tourGuide.service.RewardsService         : ** Processing to get reward points
2021-11-29 23:17:29.554  INFO 6224 --- [ol-13-thread-41] tourGuide.service.RewardsService         : ** Processing to get reward points
2021-11-29 23:17:29.557  INFO 6224 --- [l-13-thread-151] tourGuide.service.RewardsService         : ** Processing to get reward points
2021-11-29 23:17:29.560  INFO 6224 --- [l-13-thread-121] tourGuide.service.RewardsService         : ** Processing to get reward points
2021-11-29 23:17:29.565  INFO 6224 --- [ol-13-thread-47] tourGuide.service.RewardsService         : ** Processing to get reward points
2021-11-29 23:17:29.570  INFO 6224 --- [ol-13-thread-58] tourGuide.service.RewardsService         : ** Processing to get reward points
2021-11-29 23:17:29.570  INFO 6224 --- [ol-13-thread-30] tourGuide.service.RewardsService         : ** Processing to get reward points
2021-11-29 23:17:29.571  INFO 6224 --- [ol-13-thread-53] tourGuide.service.RewardsService         : ** Processing to get reward points
2021-11-29 23:17:29.573  INFO 6224 --- [ol-13-thread-64] tourGuide.service.RewardsService         : ** Processing to get reward points
2021-11-29 23:17:29.580  INFO 6224 --- [l-13-thread-142] tourGuide.service.RewardsService         : ** Processing to get reward points
2021-11-29 23:17:29.580  INFO 6224 --- [ol-13-thread-92] tourGuide.service.RewardsService         : ** Processing to get reward points
2021-11-29 23:17:29.583  INFO 6224 --- [ol-13-thread-91] tourGuide.service.RewardsService         : ** Processing to get reward points
2021-11-29 23:17:29.583  INFO 6224 --- [ol-13-thread-56] tourGuide.service.RewardsService         : ** Processing to get reward points
2021-11-29 23:17:29.586  INFO 6224 --- [ol-13-thread-70] tourGuide.service.RewardsService         : ** Processing to get reward points
2021-11-29 23:17:29.587  INFO 6224 --- [l-13-thread-161] tourGuide.service.RewardsService         : ** Processing to get reward points
2021-11-29 23:17:29.591  INFO 6224 --- [ol-13-thread-80] tourGuide.service.RewardsService         : ** Processing to get reward points
2021-11-29 23:17:29.595  INFO 6224 --- [ol-13-thread-40] tourGuide.service.RewardsService         : ** Processing to get reward points
2021-11-29 23:17:29.595  INFO 6224 --- [ol-13-thread-51] tourGuide.service.RewardsService         : ** Processing to get reward points
2021-11-29 23:17:29.596  INFO 6224 --- [l-13-thread-179] tourGuide.service.RewardsService         : ** Processing to get reward points
2021-11-29 23:17:29.596  INFO 6224 --- [l-13-thread-128] tourGuide.service.RewardsService         : ** Processing to get reward points
2021-11-29 23:17:29.596  INFO 6224 --- [ol-13-thread-96] tourGuide.service.RewardsService         : ** Processing to get reward points
2021-11-29 23:17:29.597  INFO 6224 --- [ol-13-thread-49] tourGuide.service.RewardsService         : ** Processing to get reward points
2021-11-29 23:17:29.598  INFO 6224 --- [l-13-thread-116] tourGuide.service.RewardsService         : ** Processing to get reward points
2021-11-29 23:17:29.601  INFO 6224 --- [l-13-thread-147] tourGuide.service.RewardsService         : ** Processing to get reward points
2021-11-29 23:17:29.609  INFO 6224 --- [l-13-thread-140] tourGuide.service.RewardsService         : ** Processing to get reward points
2021-11-29 23:17:29.609  INFO 6224 --- [ol-13-thread-88] tourGuide.service.RewardsService         : ** Processing to get reward points
2021-11-29 23:17:29.610  INFO 6224 --- [l-13-thread-106] tourGuide.service.RewardsService         : ** Processing to get reward points
2021-11-29 23:17:29.615  INFO 6224 --- [l-13-thread-108] tourGuide.service.RewardsService         : ** Processing to get reward points
2021-11-29 23:17:29.619  INFO 6224 --- [ol-13-thread-84] tourGuide.service.RewardsService         : ** Processing to get reward points
2021-11-29 23:17:29.619  INFO 6224 --- [ol-13-thread-10] tourGuide.service.RewardsService         : ** Processing to get reward points
2021-11-29 23:17:29.620  INFO 6224 --- [ol-13-thread-75] tourGuide.service.RewardsService         : ** Processing to get reward points
2021-11-29 23:17:29.624  INFO 6224 --- [ol-13-thread-97] tourGuide.service.RewardsService         : ** Processing to get reward points
2021-11-29 23:17:29.628  INFO 6224 --- [ol-13-thread-17] tourGuide.service.RewardsService         : ** Processing to get reward points
2021-11-29 23:17:29.631  INFO 6224 --- [ol-13-thread-13] tourGuide.service.RewardsService         : ** Processing to get reward points
2021-11-29 23:17:29.634  INFO 6224 --- [l-13-thread-145] tourGuide.service.RewardsService         : ** Processing to get reward points
2021-11-29 23:17:29.634  INFO 6224 --- [l-13-thread-134] tourGuide.service.RewardsService         : ** Processing to get reward points
2021-11-29 23:17:29.638  INFO 6224 --- [l-13-thread-166] tourGuide.service.RewardsService         : ** Processing to get reward points
2021-11-29 23:17:29.641  INFO 6224 --- [l-13-thread-168] tourGuide.service.RewardsService         : ** Processing to get reward points
2021-11-29 23:17:29.651  INFO 6224 --- [l-13-thread-112] tourGuide.service.RewardsService         : ** Processing to get reward points
2021-11-29 23:17:29.652  INFO 6224 --- [ol-13-thread-24] tourGuide.service.RewardsService         : ** Processing to get reward points
2021-11-29 23:17:29.655  INFO 6224 --- [ool-13-thread-7] tourGuide.service.RewardsService         : ** Processing to get reward points
2021-11-29 23:17:29.659  INFO 6224 --- [l-13-thread-162] tourGuide.service.RewardsService         : ** Processing to get reward points
2021-11-29 23:17:29.659  INFO 6224 --- [ol-13-thread-37] tourGuide.service.RewardsService         : ** Processing to get reward points
2021-11-29 23:17:29.662  INFO 6224 --- [l-13-thread-170] tourGuide.service.RewardsService         : ** Processing to get reward points
2021-11-29 23:17:29.662  INFO 6224 --- [l-13-thread-183] tourGuide.service.RewardsService         : ** Processing to get reward points
2021-11-29 23:17:29.665  INFO 6224 --- [l-13-thread-150] tourGuide.service.RewardsService         : ** Processing to get reward points
2021-11-29 23:17:29.670  INFO 6224 --- [l-13-thread-164] tourGuide.service.RewardsService         : ** Processing to get reward points
2021-11-29 23:17:29.671  INFO 6224 --- [l-13-thread-122] tourGuide.service.RewardsService         : ** Processing to get reward points
2021-11-29 23:17:29.675  INFO 6224 --- [l-13-thread-149] tourGuide.service.RewardsService         : ** Processing to get reward points
2021-11-29 23:17:29.681  INFO 6224 --- [ol-13-thread-28] tourGuide.service.RewardsService         : ** Processing to get reward points
2021-11-29 23:17:29.681  INFO 6224 --- [l-13-thread-173] tourGuide.service.RewardsService         : ** Processing to get reward points
2021-11-29 23:17:29.684  INFO 6224 --- [l-13-thread-179] tourGuide.service.RewardsService         : ** Processing to get reward points
2021-11-29 23:17:29.684  INFO 6224 --- [ol-13-thread-59] tourGuide.service.RewardsService         : ** Processing to get reward points
2021-11-29 23:17:29.689  INFO 6224 --- [l-13-thread-153] tourGuide.service.RewardsService         : ** Processing to get reward points
2021-11-29 23:17:29.690  INFO 6224 --- [ol-13-thread-31] tourGuide.service.RewardsService         : ** Processing to get reward points
2021-11-29 23:17:29.696  INFO 6224 --- [ol-13-thread-78] tourGuide.service.RewardsService         : ** Processing to get reward points
2021-11-29 23:17:29.702  INFO 6224 --- [ol-13-thread-36] tourGuide.service.RewardsService         : ** Processing to get reward points
2021-11-29 23:17:29.707  INFO 6224 --- [ol-13-thread-94] tourGuide.service.RewardsService         : ** Processing to get reward points
2021-11-29 23:17:29.708  INFO 6224 --- [l-13-thread-148] tourGuide.service.RewardsService         : ** Processing to get reward points
2021-11-29 23:17:29.709  INFO 6224 --- [l-13-thread-131] tourGuide.service.RewardsService         : ** Processing to get reward points
2021-11-29 23:17:29.710  INFO 6224 --- [ool-13-thread-9] tourGuide.service.RewardsService         : ** Processing to get reward points
2021-11-29 23:17:29.711  INFO 6224 --- [l-13-thread-186] tourGuide.service.RewardsService         : ** Processing to get reward points
2021-11-29 23:17:29.712  INFO 6224 --- [l-13-thread-194] tourGuide.service.RewardsService         : ** Processing to get reward points
2021-11-29 23:17:29.712  INFO 6224 --- [l-13-thread-132] tourGuide.service.RewardsService         : ** Processing to get reward points
2021-11-29 23:17:29.714  INFO 6224 --- [l-13-thread-200] tourGuide.service.RewardsService         : ** Processing to get reward points
2021-11-29 23:17:29.716  INFO 6224 --- [ol-13-thread-49] tourGuide.service.RewardsService         : ** Processing to get reward points
2021-11-29 23:17:29.716  INFO 6224 --- [l-13-thread-143] tourGuide.service.RewardsService         : ** Processing to get reward points
2021-11-29 23:17:29.719  INFO 6224 --- [l-13-thread-126] tourGuide.service.RewardsService         : ** Processing to get reward points
2021-11-29 23:17:29.719  INFO 6224 --- [l-13-thread-124] tourGuide.service.RewardsService         : ** Processing to get reward points
2021-11-29 23:17:29.725  INFO 6224 --- [l-13-thread-159] tourGuide.service.RewardsService         : ** Processing to get reward points
2021-11-29 23:17:29.728  INFO 6224 --- [l-13-thread-197] tourGuide.service.RewardsService         : ** Processing to get reward points
2021-11-29 23:17:29.730  INFO 6224 --- [l-13-thread-139] tourGuide.service.RewardsService         : ** Processing to get reward points
2021-11-29 23:17:29.731  INFO 6224 --- [l-13-thread-126] tourGuide.service.RewardsService         : ** Processing to get reward points
2021-11-29 23:17:29.739  INFO 6224 --- [l-13-thread-120] tourGuide.service.RewardsService         : ** Processing to get reward points
2021-11-29 23:17:29.741  INFO 6224 --- [l-13-thread-181] tourGuide.service.RewardsService         : ** Processing to get reward points
2021-11-29 23:17:29.743  INFO 6224 --- [l-13-thread-152] tourGuide.service.RewardsService         : ** Processing to get reward points
2021-11-29 23:17:29.746  INFO 6224 --- [ol-13-thread-50] tourGuide.service.RewardsService         : ** Processing to get reward points
2021-11-29 23:17:29.753  INFO 6224 --- [ool-13-thread-8] tourGuide.service.RewardsService         : ** Processing to get reward points
2021-11-29 23:17:29.756  INFO 6224 --- [l-13-thread-103] tourGuide.service.RewardsService         : ** Processing to get reward points
2021-11-29 23:17:29.758  INFO 6224 --- [l-13-thread-127] tourGuide.service.RewardsService         : ** Processing to get reward points
2021-11-29 23:17:29.759  INFO 6224 --- [ol-13-thread-61] tourGuide.service.RewardsService         : ** Processing to get reward points
2021-11-29 23:17:29.759  INFO 6224 --- [l-13-thread-138] tourGuide.service.RewardsService         : ** Processing to get reward points
2021-11-29 23:17:29.761  INFO 6224 --- [ol-13-thread-74] tourGuide.service.RewardsService         : ** Processing to get reward points
2021-11-29 23:17:29.762  INFO 6224 --- [ol-13-thread-21] tourGuide.service.RewardsService         : ** Processing to get reward points
2021-11-29 23:17:29.763  INFO 6224 --- [l-13-thread-128] tourGuide.service.RewardsService         : ** Processing to get reward points
2021-11-29 23:17:29.763  INFO 6224 --- [l-13-thread-187] tourGuide.service.RewardsService         : ** Processing to get reward points
2021-11-29 23:17:29.763  INFO 6224 --- [ol-13-thread-29] tourGuide.service.RewardsService         : ** Processing to get reward points
2021-11-29 23:17:29.765  INFO 6224 --- [ol-13-thread-42] tourGuide.service.RewardsService         : ** Processing to get reward points
2021-11-29 23:17:29.769  INFO 6224 --- [l-13-thread-173] tourGuide.service.RewardsService         : ** Processing to get reward points
2021-11-29 23:17:29.772  INFO 6224 --- [ol-13-thread-79] tourGuide.service.RewardsService         : ** Processing to get reward points
2021-11-29 23:17:29.772  INFO 6224 --- [ol-13-thread-45] tourGuide.service.RewardsService         : ** Processing to get reward points
2021-11-29 23:17:29.772  INFO 6224 --- [ol-13-thread-13] tourGuide.service.RewardsService         : ** Processing to get reward points
2021-11-29 23:17:29.774  INFO 6224 --- [l-13-thread-136] tourGuide.service.RewardsService         : ** Processing to get reward points
2021-11-29 23:17:29.776  INFO 6224 --- [ol-13-thread-83] tourGuide.service.RewardsService         : ** Processing to get reward points
2021-11-29 23:17:29.783  INFO 6224 --- [ol-13-thread-52] tourGuide.service.RewardsService         : ** Processing to get reward points
2021-11-29 23:17:29.783  INFO 6224 --- [ol-13-thread-27] tourGuide.service.RewardsService         : ** Processing to get reward points
2021-11-29 23:17:29.783  INFO 6224 --- [l-13-thread-114] tourGuide.service.RewardsService         : ** Processing to get reward points
2021-11-29 23:17:29.785  INFO 6224 --- [ol-13-thread-15] tourGuide.service.RewardsService         : ** Processing to get reward points
2021-11-29 23:17:29.787  INFO 6224 --- [l-13-thread-129] tourGuide.service.RewardsService         : ** Processing to get reward points
2021-11-29 23:17:29.790  INFO 6224 --- [ol-13-thread-11] tourGuide.service.RewardsService         : ** Processing to get reward points
2021-11-29 23:17:29.792  INFO 6224 --- [l-13-thread-193] tourGuide.service.RewardsService         : ** Processing to get reward points
2021-11-29 23:17:29.794  INFO 6224 --- [l-13-thread-165] tourGuide.service.RewardsService         : ** Processing to get reward points
2021-11-29 23:17:29.794  INFO 6224 --- [l-13-thread-182] tourGuide.service.RewardsService         : ** Processing to get reward points
2021-11-29 23:17:29.795  INFO 6224 --- [ol-13-thread-83] tourGuide.service.RewardsService         : ** Processing to get reward points
2021-11-29 23:17:29.796  INFO 6224 --- [ol-13-thread-10] tourGuide.service.RewardsService         : ** Processing to get reward points
2021-11-29 23:17:29.799  INFO 6224 --- [ol-13-thread-71] tourGuide.service.RewardsService         : ** Processing to get reward points
2021-11-29 23:17:29.801  INFO 6224 --- [ol-13-thread-58] tourGuide.service.RewardsService         : ** Processing to get reward points
2021-11-29 23:17:29.804  INFO 6224 --- [l-13-thread-145] tourGuide.service.RewardsService         : ** Processing to get reward points
2021-11-29 23:17:29.804  INFO 6224 --- [ool-13-thread-6] tourGuide.service.RewardsService         : ** Processing to get reward points
2021-11-29 23:17:29.805  INFO 6224 --- [l-13-thread-104] tourGuide.service.RewardsService         : ** Processing to get reward points
2021-11-29 23:17:29.806  INFO 6224 --- [l-13-thread-176] tourGuide.service.RewardsService         : ** Processing to get reward points
2021-11-29 23:17:29.807  INFO 6224 --- [l-13-thread-137] tourGuide.service.RewardsService         : ** Processing to get reward points
2021-11-29 23:17:29.807  INFO 6224 --- [ol-13-thread-98] tourGuide.service.RewardsService         : ** Processing to get reward points
2021-11-29 23:17:29.809  INFO 6224 --- [ool-13-thread-1] tourGuide.service.RewardsService         : ** Processing to get reward points
2021-11-29 23:17:29.812  INFO 6224 --- [l-13-thread-101] tourGuide.service.RewardsService         : ** Processing to get reward points
2021-11-29 23:17:29.819  INFO 6224 --- [ol-13-thread-59] tourGuide.service.RewardsService         : ** Processing to get reward points
2021-11-29 23:17:29.822  INFO 6224 --- [l-13-thread-115] tourGuide.service.RewardsService         : ** Processing to get reward points
2021-11-29 23:17:29.822  INFO 6224 --- [l-13-thread-195] tourGuide.service.RewardsService         : ** Processing to get reward points
2021-11-29 23:17:29.825  INFO 6224 --- [ol-13-thread-67] tourGuide.service.RewardsService         : ** Processing to get reward points
2021-11-29 23:17:29.825  INFO 6224 --- [ol-13-thread-34] tourGuide.service.RewardsService         : ** Processing to get reward points
2021-11-29 23:17:29.828  INFO 6224 --- [l-13-thread-163] tourGuide.service.RewardsService         : ** Processing to get reward points
2021-11-29 23:17:29.829  INFO 6224 --- [l-13-thread-175] tourGuide.service.RewardsService         : ** Processing to get reward points
2021-11-29 23:17:29.829  INFO 6224 --- [l-13-thread-118] tourGuide.service.RewardsService         : ** Processing to get reward points
2021-11-29 23:17:29.834  INFO 6224 --- [l-13-thread-184] tourGuide.service.RewardsService         : ** Processing to get reward points
2021-11-29 23:17:29.840  INFO 6224 --- [ol-13-thread-39] tourGuide.service.RewardsService         : ** Processing to get reward points
2021-11-29 23:17:29.842  INFO 6224 --- [l-13-thread-111] tourGuide.service.RewardsService         : ** Processing to get reward points
2021-11-29 23:17:29.843  INFO 6224 --- [l-13-thread-146] tourGuide.service.RewardsService         : ** Processing to get reward points
2021-11-29 23:17:29.843  INFO 6224 --- [l-13-thread-199] tourGuide.service.RewardsService         : ** Processing to get reward points
2021-11-29 23:17:29.846  INFO 6224 --- [l-13-thread-177] tourGuide.service.RewardsService         : ** Processing to get reward points
2021-11-29 23:17:29.846  INFO 6224 --- [ol-13-thread-32] tourGuide.service.RewardsService         : ** Processing to get reward points
2021-11-29 23:17:29.854  INFO 6224 --- [ol-13-thread-98] tourGuide.service.RewardsService         : ** Processing to get reward points
2021-11-29 23:17:29.856  INFO 6224 --- [l-13-thread-132] tourGuide.service.RewardsService         : ** Processing to get reward points
2021-11-29 23:17:29.857  INFO 6224 --- [l-13-thread-130] tourGuide.service.RewardsService         : ** Processing to get reward points
2021-11-29 23:17:29.863  INFO 6224 --- [l-13-thread-117] tourGuide.service.RewardsService         : ** Processing to get reward points
2021-11-29 23:17:29.864  INFO 6224 --- [ol-13-thread-59] tourGuide.service.RewardsService         : ** Processing to get reward points
2021-11-29 23:17:29.867  INFO 6224 --- [l-13-thread-152] tourGuide.service.RewardsService         : ** Processing to get reward points
2021-11-29 23:17:29.868  INFO 6224 --- [l-13-thread-154] tourGuide.service.RewardsService         : ** Processing to get reward points
2021-11-29 23:17:29.872  INFO 6224 --- [l-13-thread-100] tourGuide.service.RewardsService         : ** Processing to get reward points
2021-11-29 23:17:29.880  INFO 6224 --- [ol-13-thread-61] tourGuide.service.RewardsService         : ** Processing to get reward points
2021-11-29 23:17:29.881  INFO 6224 --- [l-13-thread-191] tourGuide.service.RewardsService         : ** Processing to get reward points
2021-11-29 23:17:29.886  INFO 6224 --- [ol-13-thread-71] tourGuide.service.RewardsService         : ** Processing to get reward points
2021-11-29 23:17:29.889  INFO 6224 --- [l-13-thread-155] tourGuide.service.RewardsService         : ** Processing to get reward points
2021-11-29 23:17:29.893  INFO 6224 --- [l-13-thread-124] tourGuide.service.RewardsService         : ** Processing to get reward points
2021-11-29 23:17:29.895  INFO 6224 --- [l-13-thread-180] tourGuide.service.RewardsService         : ** Processing to get reward points
2021-11-29 23:17:29.896  INFO 6224 --- [ol-13-thread-80] tourGuide.service.RewardsService         : ** Processing to get reward points
2021-11-29 23:17:29.898  INFO 6224 --- [ol-13-thread-93] tourGuide.service.RewardsService         : ** Processing to get reward points
2021-11-29 23:17:29.902  INFO 6224 --- [ol-13-thread-83] tourGuide.service.RewardsService         : ** Processing to get reward points
2021-11-29 23:17:29.902  INFO 6224 --- [ol-13-thread-13] tourGuide.service.RewardsService         : ** Processing to get reward points
2021-11-29 23:17:29.903  INFO 6224 --- [ol-13-thread-66] tourGuide.service.RewardsService         : ** Processing to get reward points
2021-11-29 23:17:29.904  INFO 6224 --- [l-13-thread-168] tourGuide.service.RewardsService         : ** Processing to get reward points
2021-11-29 23:17:29.908  INFO 6224 --- [ol-13-thread-60] tourGuide.service.RewardsService         : ** Processing to get reward points
2021-11-29 23:17:29.908  INFO 6224 --- [ol-13-thread-30] tourGuide.service.RewardsService         : ** Processing to get reward points
2021-11-29 23:17:29.909  INFO 6224 --- [ool-13-thread-3] tourGuide.service.RewardsService         : ** Processing to get reward points
2021-11-29 23:17:29.911  INFO 6224 --- [ol-13-thread-17] tourGuide.service.RewardsService         : ** Processing to get reward points
2021-11-29 23:17:29.914  INFO 6224 --- [l-13-thread-108] tourGuide.service.RewardsService         : ** Processing to get reward points
2021-11-29 23:17:29.915  INFO 6224 --- [l-13-thread-174] tourGuide.service.RewardsService         : ** Processing to get reward points
2021-11-29 23:17:29.916  INFO 6224 --- [ol-13-thread-25] tourGuide.service.RewardsService         : ** Processing to get reward points
2021-11-29 23:17:29.916  INFO 6224 --- [l-13-thread-166] tourGuide.service.RewardsService         : ** Processing to get reward points
2021-11-29 23:17:29.917  INFO 6224 --- [l-13-thread-150] tourGuide.service.RewardsService         : ** Processing to get reward points
2021-11-29 23:17:29.921  INFO 6224 --- [ol-13-thread-80] tourGuide.service.RewardsService         : ** Processing to get reward points
2021-11-29 23:17:29.922  INFO 6224 --- [l-13-thread-119] tourGuide.service.RewardsService         : ** Processing to get reward points
2021-11-29 23:17:29.926  INFO 6224 --- [l-13-thread-197] tourGuide.service.RewardsService         : ** Processing to get reward points
2021-11-29 23:17:29.926  INFO 6224 --- [l-13-thread-125] tourGuide.service.RewardsService         : ** Processing to get reward points
2021-11-29 23:17:29.929  INFO 6224 --- [ol-13-thread-69] tourGuide.service.RewardsService         : ** Processing to get reward points
2021-11-29 23:17:29.929  INFO 6224 --- [ol-13-thread-77] tourGuide.service.RewardsService         : ** Processing to get reward points
2021-11-29 23:17:29.931  INFO 6224 --- [l-13-thread-187] tourGuide.service.RewardsService         : ** Processing to get reward points
2021-11-29 23:17:29.933  INFO 6224 --- [ol-13-thread-35] tourGuide.service.RewardsService         : ** Processing to get reward points
2021-11-29 23:17:29.933  INFO 6224 --- [ol-13-thread-27] tourGuide.service.RewardsService         : ** Processing to get reward points
2021-11-29 23:17:29.933  INFO 6224 --- [ol-13-thread-19] tourGuide.service.RewardsService         : ** Processing to get reward points
2021-11-29 23:17:29.934  INFO 6224 --- [ol-13-thread-51] tourGuide.service.RewardsService         : ** Processing to get reward points
2021-11-29 23:17:29.934  INFO 6224 --- [l-13-thread-109] tourGuide.service.RewardsService         : ** Processing to get reward points
2021-11-29 23:17:29.934  INFO 6224 --- [l-13-thread-112] tourGuide.service.RewardsService         : ** Processing to get reward points
2021-11-29 23:17:29.939  INFO 6224 --- [ol-13-thread-16] tourGuide.service.RewardsService         : ** Processing to get reward points
2021-11-29 23:17:29.940  INFO 6224 --- [l-13-thread-157] tourGuide.service.RewardsService         : ** Processing to get reward points
2021-11-29 23:17:29.941  INFO 6224 --- [l-13-thread-133] tourGuide.service.RewardsService         : ** Processing to get reward points
2021-11-29 23:17:29.947  INFO 6224 --- [ol-13-thread-10] tourGuide.service.RewardsService         : ** Processing to get reward points
2021-11-29 23:17:29.948  INFO 6224 --- [l-13-thread-152] tourGuide.service.RewardsService         : ** Processing to get reward points
2021-11-29 23:17:29.948  INFO 6224 --- [l-13-thread-199] tourGuide.service.RewardsService         : ** Processing to get reward points
2021-11-29 23:17:29.953  INFO 6224 --- [l-13-thread-185] tourGuide.service.RewardsService         : ** Processing to get reward points
2021-11-29 23:17:29.953  INFO 6224 --- [l-13-thread-162] tourGuide.service.RewardsService         : ** Processing to get reward points
2021-11-29 23:17:29.953  INFO 6224 --- [ol-13-thread-87] tourGuide.service.RewardsService         : ** Processing to get reward points
2021-11-29 23:17:29.955  INFO 6224 --- [l-13-thread-141] tourGuide.service.RewardsService         : ** Processing to get reward points
2021-11-29 23:17:29.958  INFO 6224 --- [ol-13-thread-81] tourGuide.service.RewardsService         : ** Processing to get reward points
2021-11-29 23:17:29.959  INFO 6224 --- [ol-13-thread-38] tourGuide.service.RewardsService         : ** Processing to get reward points
2021-11-29 23:17:29.961  INFO 6224 --- [ol-13-thread-36] tourGuide.service.RewardsService         : ** Processing to get reward points
2021-11-29 23:17:29.970  INFO 6224 --- [ol-13-thread-94] tourGuide.service.RewardsService         : ** Processing to get reward points
2021-11-29 23:17:29.976  INFO 6224 --- [ol-13-thread-86] tourGuide.service.RewardsService         : ** Processing to get reward points
2021-11-29 23:17:29.979  INFO 6224 --- [ol-13-thread-68] tourGuide.service.RewardsService         : ** Processing to get reward points
2021-11-29 23:17:29.980  INFO 6224 --- [l-13-thread-200] tourGuide.service.RewardsService         : ** Processing to get reward points
2021-11-29 23:17:29.992  INFO 6224 --- [ol-13-thread-75] tourGuide.service.RewardsService         : ** Processing to get reward points
2021-11-29 23:17:29.994  INFO 6224 --- [ol-13-thread-71] tourGuide.service.RewardsService         : ** Processing to get reward points
2021-11-29 23:17:29.996  INFO 6224 --- [l-13-thread-149] tourGuide.service.RewardsService         : ** Processing to get reward points
2021-11-29 23:17:29.998  INFO 6224 --- [l-13-thread-172] tourGuide.service.RewardsService         : ** Processing to get reward points
2021-11-29 23:17:29.998  INFO 6224 --- [l-13-thread-161] tourGuide.service.RewardsService         : ** Processing to get reward points
2021-11-29 23:17:30.006  INFO 6224 --- [ol-13-thread-20] tourGuide.service.RewardsService         : ** Processing to get reward points
2021-11-29 23:17:30.007  INFO 6224 --- [l-13-thread-190] tourGuide.service.RewardsService         : ** Processing to get reward points
2021-11-29 23:17:30.013  INFO 6224 --- [ol-13-thread-23] tourGuide.service.RewardsService         : ** Processing to get reward points
2021-11-29 23:17:30.014  INFO 6224 --- [l-13-thread-198] tourGuide.service.RewardsService         : ** Processing to get reward points
2021-11-29 23:17:30.014  INFO 6224 --- [l-13-thread-155] tourGuide.service.RewardsService         : ** Processing to get reward points
2021-11-29 23:17:30.016  INFO 6224 --- [ol-13-thread-47] tourGuide.service.RewardsService         : ** Processing to get reward points
2021-11-29 23:17:30.016  INFO 6224 --- [ol-13-thread-46] tourGuide.service.RewardsService         : ** Processing to get reward points
2021-11-29 23:17:30.024  INFO 6224 --- [ol-13-thread-40] tourGuide.service.RewardsService         : ** Processing to get reward points
2021-11-29 23:17:30.032  INFO 6224 --- [l-13-thread-188] tourGuide.service.RewardsService         : ** Processing to get reward points
2021-11-29 23:17:30.038  INFO 6224 --- [ol-13-thread-37] tourGuide.service.RewardsService         : ** Processing to get reward points
2021-11-29 23:17:30.038  INFO 6224 --- [ol-13-thread-82] tourGuide.service.RewardsService         : ** Processing to get reward points
2021-11-29 23:17:30.039  INFO 6224 --- [ol-13-thread-48] tourGuide.service.RewardsService         : ** Processing to get reward points
2021-11-29 23:17:30.041  INFO 6224 --- [ol-13-thread-85] tourGuide.service.RewardsService         : ** Processing to get reward points
2021-11-29 23:17:30.044  INFO 6224 --- [l-13-thread-102] tourGuide.service.RewardsService         : ** Processing to get reward points
2021-11-29 23:17:30.044  INFO 6224 --- [l-13-thread-134] tourGuide.service.RewardsService         : ** Processing to get reward points
2021-11-29 23:17:30.047  INFO 6224 --- [ol-13-thread-57] tourGuide.service.RewardsService         : ** Processing to get reward points
2021-11-29 23:17:30.048  INFO 6224 --- [ol-13-thread-26] tourGuide.service.RewardsService         : ** Processing to get reward points
2021-11-29 23:17:30.049  INFO 6224 --- [ol-13-thread-62] tourGuide.service.RewardsService         : ** Processing to get reward points
2021-11-29 23:17:30.051  INFO 6224 --- [ol-13-thread-95] tourGuide.service.RewardsService         : ** Processing to get reward points
2021-11-29 23:17:30.056  INFO 6224 --- [ol-13-thread-90] tourGuide.service.RewardsService         : ** Processing to get reward points
2021-11-29 23:17:30.058  INFO 6224 --- [l-13-thread-140] tourGuide.service.RewardsService         : ** Processing to get reward points
2021-11-29 23:17:30.063  INFO 6224 --- [ol-13-thread-69] tourGuide.service.RewardsService         : ** Processing to get reward points
2021-11-29 23:17:30.064  INFO 6224 --- [ol-13-thread-85] tourGuide.service.RewardsService         : ** Processing to get reward points
2021-11-29 23:17:30.064  INFO 6224 --- [l-13-thread-190] tourGuide.service.RewardsService         : ** Processing to get reward points
2021-11-29 23:17:30.064  INFO 6224 --- [ol-13-thread-99] tourGuide.service.RewardsService         : ** Processing to get reward points
2021-11-29 23:17:30.069  INFO 6224 --- [ol-13-thread-75] tourGuide.service.RewardsService         : ** Processing to get reward points
2021-11-29 23:17:30.069  INFO 6224 --- [l-13-thread-140] tourGuide.service.RewardsService         : ** Processing to get reward points
2021-11-29 23:17:30.072  INFO 6224 --- [l-13-thread-131] tourGuide.service.RewardsService         : ** Processing to get reward points
2021-11-29 23:17:30.076  INFO 6224 --- [ol-13-thread-55] tourGuide.service.RewardsService         : ** Processing to get reward points
2021-11-29 23:17:30.076  INFO 6224 --- [l-13-thread-116] tourGuide.service.RewardsService         : ** Processing to get reward points
2021-11-29 23:17:30.078  INFO 6224 --- [ol-13-thread-84] tourGuide.service.RewardsService         : ** Processing to get reward points
2021-11-29 23:17:30.081  INFO 6224 --- [ol-13-thread-41] tourGuide.service.RewardsService         : ** Processing to get reward points
2021-11-29 23:17:30.082  INFO 6224 --- [ol-13-thread-93] tourGuide.service.RewardsService         : ** Processing to get reward points
2021-11-29 23:17:30.082  INFO 6224 --- [ol-13-thread-82] tourGuide.service.RewardsService         : ** Processing to get reward points
2021-11-29 23:17:30.084  INFO 6224 --- [l-13-thread-182] tourGuide.service.RewardsService         : ** Processing to get reward points
2021-11-29 23:17:30.089  INFO 6224 --- [l-13-thread-135] tourGuide.service.RewardsService         : ** Processing to get reward points
2021-11-29 23:17:30.091  INFO 6224 --- [ol-13-thread-43] tourGuide.service.RewardsService         : ** Processing to get reward points
2021-11-29 23:17:30.096  INFO 6224 --- [l-13-thread-110] tourGuide.service.RewardsService         : ** Processing to get reward points
2021-11-29 23:17:30.098  INFO 6224 --- [l-13-thread-189] tourGuide.service.RewardsService         : ** Processing to get reward points
2021-11-29 23:17:30.101  INFO 6224 --- [l-13-thread-156] tourGuide.service.RewardsService         : ** Processing to get reward points
2021-11-29 23:17:30.101  INFO 6224 --- [ol-13-thread-48] tourGuide.service.RewardsService         : ** Processing to get reward points
2021-11-29 23:17:30.106  INFO 6224 --- [l-13-thread-120] tourGuide.service.RewardsService         : ** Processing to get reward points
2021-11-29 23:17:30.107  INFO 6224 --- [ol-13-thread-40] tourGuide.service.RewardsService         : ** Processing to get reward points
2021-11-29 23:17:30.108  INFO 6224 --- [ol-13-thread-82] tourGuide.service.RewardsService         : ** Processing to get reward points
2021-11-29 23:17:30.113  INFO 6224 --- [ol-13-thread-12] tourGuide.service.RewardsService         : ** Processing to get reward points
2021-11-29 23:17:30.116  INFO 6224 --- [l-13-thread-184] tourGuide.service.RewardsService         : ** Processing to get reward points
2021-11-29 23:17:30.119  INFO 6224 --- [l-13-thread-138] tourGuide.service.RewardsService         : ** Processing to get reward points
2021-11-29 23:17:30.127  INFO 6224 --- [l-13-thread-162] tourGuide.service.RewardsService         : ** Processing to get reward points
2021-11-29 23:17:30.129  INFO 6224 --- [ol-13-thread-22] tourGuide.service.RewardsService         : ** Processing to get reward points
2021-11-29 23:17:30.129  INFO 6224 --- [ol-13-thread-39] tourGuide.service.RewardsService         : ** Processing to get reward points
2021-11-29 23:17:30.131  INFO 6224 --- [l-13-thread-200] tourGuide.service.RewardsService         : ** Processing to get reward points
2021-11-29 23:17:30.140  INFO 6224 --- [ool-13-thread-9] tourGuide.service.RewardsService         : ** Processing to get reward points
2021-11-29 23:17:30.144  INFO 6224 --- [l-13-thread-164] tourGuide.service.RewardsService         : ** Processing to get reward points
2021-11-29 23:17:30.153  INFO 6224 --- [l-13-thread-144] tourGuide.service.RewardsService         : ** Processing to get reward points
2021-11-29 23:17:30.153  INFO 6224 --- [l-13-thread-133] tourGuide.service.RewardsService         : ** Processing to get reward points
2021-11-29 23:17:30.160  INFO 6224 --- [l-13-thread-167] tourGuide.service.RewardsService         : ** Processing to get reward points
2021-11-29 23:17:30.163  INFO 6224 --- [ool-13-thread-5] tourGuide.service.RewardsService         : ** Processing to get reward points
2021-11-29 23:17:30.165  INFO 6224 --- [ol-13-thread-77] tourGuide.service.RewardsService         : ** Processing to get reward points
2021-11-29 23:17:30.165  INFO 6224 --- [l-13-thread-106] tourGuide.service.RewardsService         : ** Processing to get reward points
2021-11-29 23:17:30.170  INFO 6224 --- [ol-13-thread-37] tourGuide.service.RewardsService         : ** Processing to get reward points
2021-11-29 23:17:30.173  INFO 6224 --- [l-13-thread-130] tourGuide.service.RewardsService         : ** Processing to get reward points
2021-11-29 23:17:30.174  INFO 6224 --- [l-13-thread-117] tourGuide.service.RewardsService         : ** Processing to get reward points
2021-11-29 23:17:30.177  INFO 6224 --- [l-13-thread-174] tourGuide.service.RewardsService         : ** Processing to get reward points
2021-11-29 23:17:30.181  INFO 6224 --- [l-13-thread-176] tourGuide.service.RewardsService         : ** Processing to get reward points
2021-11-29 23:17:30.185  INFO 6224 --- [ool-13-thread-8] tourGuide.service.RewardsService         : ** Processing to get reward points
2021-11-29 23:17:30.189  INFO 6224 --- [ool-13-thread-7] tourGuide.service.RewardsService         : ** Processing to get reward points
2021-11-29 23:17:30.192  INFO 6224 --- [ol-13-thread-69] tourGuide.service.RewardsService         : ** Processing to get reward points
2021-11-29 23:17:30.192  INFO 6224 --- [l-13-thread-128] tourGuide.service.RewardsService         : ** Processing to get reward points
2021-11-29 23:17:30.193  INFO 6224 --- [ol-13-thread-60] tourGuide.service.RewardsService         : ** Processing to get reward points
2021-11-29 23:17:30.194  INFO 6224 --- [ol-13-thread-55] tourGuide.service.RewardsService         : ** Processing to get reward points
2021-11-29 23:17:30.196  INFO 6224 --- [l-13-thread-195] tourGuide.service.RewardsService         : ** Processing to get reward points
2021-11-29 23:17:30.197  INFO 6224 --- [l-13-thread-199] tourGuide.service.RewardsService         : ** Processing to get reward points
2021-11-29 23:17:30.201  INFO 6224 --- [l-13-thread-166] tourGuide.service.RewardsService         : ** Processing to get reward points
2021-11-29 23:17:30.202  INFO 6224 --- [ol-13-thread-43] tourGuide.service.RewardsService         : ** Processing to get reward points
2021-11-29 23:17:30.205  INFO 6224 --- [l-13-thread-176] tourGuide.service.RewardsService         : ** Processing to get reward points
2021-11-29 23:17:30.207  INFO 6224 --- [ol-13-thread-82] tourGuide.service.RewardsService         : ** Processing to get reward points
2021-11-29 23:17:30.211  INFO 6224 --- [ol-13-thread-39] tourGuide.service.RewardsService         : ** Processing to get reward points
2021-11-29 23:17:30.212  INFO 6224 --- [l-13-thread-104] tourGuide.service.RewardsService         : ** Processing to get reward points
2021-11-29 23:17:30.218  INFO 6224 --- [l-13-thread-177] tourGuide.service.RewardsService         : ** Processing to get reward points
2021-11-29 23:17:30.220  INFO 6224 --- [ol-13-thread-98] tourGuide.service.RewardsService         : ** Processing to get reward points
2021-11-29 23:17:30.226  INFO 6224 --- [l-13-thread-196] tourGuide.service.RewardsService         : ** Processing to get reward points
2021-11-29 23:17:30.228  INFO 6224 --- [ol-13-thread-63] tourGuide.service.RewardsService         : ** Processing to get reward points
2021-11-29 23:17:30.229  INFO 6224 --- [l-13-thread-178] tourGuide.service.RewardsService         : ** Processing to get reward points
2021-11-29 23:17:30.231  INFO 6224 --- [ol-13-thread-58] tourGuide.service.RewardsService         : ** Processing to get reward points
2021-11-29 23:17:30.235  INFO 6224 --- [l-13-thread-161] tourGuide.service.RewardsService         : ** Processing to get reward points
2021-11-29 23:17:30.237  INFO 6224 --- [l-13-thread-194] tourGuide.service.RewardsService         : ** Processing to get reward points
2021-11-29 23:17:30.245  INFO 6224 --- [l-13-thread-142] tourGuide.service.RewardsService         : ** Processing to get reward points
2021-11-29 23:17:30.246  INFO 6224 --- [ol-13-thread-33] tourGuide.service.RewardsService         : ** Processing to get reward points
2021-11-29 23:17:30.250  INFO 6224 --- [l-13-thread-146] tourGuide.service.RewardsService         : ** Processing to get reward points
2021-11-29 23:17:30.253  INFO 6224 --- [ol-13-thread-67] tourGuide.service.RewardsService         : ** Processing to get reward points
2021-11-29 23:17:30.255  INFO 6224 --- [ol-13-thread-54] tourGuide.service.RewardsService         : ** Processing to get reward points
2021-11-29 23:17:30.258  INFO 6224 --- [ol-13-thread-81] tourGuide.service.RewardsService         : ** Processing to get reward points
2021-11-29 23:17:30.259  INFO 6224 --- [l-13-thread-158] tourGuide.service.RewardsService         : ** Processing to get reward points
2021-11-29 23:17:30.260  INFO 6224 --- [ol-13-thread-62] tourGuide.service.RewardsService         : ** Processing to get reward points
2021-11-29 23:17:30.261  INFO 6224 --- [l-13-thread-100] tourGuide.service.RewardsService         : ** Processing to get reward points
2021-11-29 23:17:30.262  INFO 6224 --- [l-13-thread-121] tourGuide.service.RewardsService         : ** Processing to get reward points
2021-11-29 23:17:30.264  INFO 6224 --- [l-13-thread-102] tourGuide.service.RewardsService         : ** Processing to get reward points
2021-11-29 23:17:30.265  INFO 6224 --- [ol-13-thread-62] tourGuide.service.RewardsService         : ** Processing to get reward points
2021-11-29 23:17:30.266  INFO 6224 --- [l-13-thread-192] tourGuide.service.RewardsService         : ** Processing to get reward points
2021-11-29 23:17:30.270  INFO 6224 --- [l-13-thread-181] tourGuide.service.RewardsService         : ** Processing to get reward points
2021-11-29 23:17:30.272  INFO 6224 --- [ol-13-thread-14] tourGuide.service.RewardsService         : ** Processing to get reward points
2021-11-29 23:17:30.275  INFO 6224 --- [l-13-thread-109] tourGuide.service.RewardsService         : ** Processing to get reward points
2021-11-29 23:17:30.275  INFO 6224 --- [l-13-thread-181] tourGuide.service.RewardsService         : ** Processing to get reward points
2021-11-29 23:17:30.275  INFO 6224 --- [ol-13-thread-97] tourGuide.service.RewardsService         : ** Processing to get reward points
2021-11-29 23:17:30.275  INFO 6224 --- [ol-13-thread-89] tourGuide.service.RewardsService         : ** Processing to get reward points
2021-11-29 23:17:30.275  INFO 6224 --- [ol-13-thread-25] tourGuide.service.RewardsService         : ** Processing to get reward points
2021-11-29 23:17:30.275  INFO 6224 --- [l-13-thread-172] tourGuide.service.RewardsService         : ** Processing to get reward points
2021-11-29 23:17:30.279  INFO 6224 --- [ol-13-thread-24] tourGuide.service.RewardsService         : ** Processing to get reward points
2021-11-29 23:17:30.280  INFO 6224 --- [ol-13-thread-32] tourGuide.service.RewardsService         : ** Processing to get reward points
2021-11-29 23:17:30.284  INFO 6224 --- [ol-13-thread-21] tourGuide.service.RewardsService         : ** Processing to get reward points
2021-11-29 23:17:30.288  INFO 6224 --- [ol-13-thread-44] tourGuide.service.RewardsService         : ** Processing to get reward points
2021-11-29 23:17:30.288  INFO 6224 --- [ol-13-thread-72] tourGuide.service.RewardsService         : ** Processing to get reward points
2021-11-29 23:17:30.290  INFO 6224 --- [l-13-thread-112] tourGuide.service.RewardsService         : ** Processing to get reward points
2021-11-29 23:17:30.297  INFO 6224 --- [l-13-thread-117] tourGuide.service.RewardsService         : ** Processing to get reward points
2021-11-29 23:17:30.298  INFO 6224 --- [ol-13-thread-69] tourGuide.service.RewardsService         : ** Processing to get reward points
2021-11-29 23:17:30.298  INFO 6224 --- [ol-13-thread-78] tourGuide.service.RewardsService         : ** Processing to get reward points
2021-11-29 23:17:30.304  INFO 6224 --- [l-13-thread-192] tourGuide.service.RewardsService         : ** Processing to get reward points
2021-11-29 23:17:30.307  INFO 6224 --- [ol-13-thread-65] tourGuide.service.RewardsService         : ** Processing to get reward points
2021-11-29 23:17:30.307  INFO 6224 --- [ol-13-thread-61] tourGuide.service.RewardsService         : ** Processing to get reward points
2021-11-29 23:17:30.310  INFO 6224 --- [l-13-thread-105] tourGuide.service.RewardsService         : ** Processing to get reward points
2021-11-29 23:17:30.312  INFO 6224 --- [l-13-thread-113] tourGuide.service.RewardsService         : ** Processing to get reward points
2021-11-29 23:17:30.318  INFO 6224 --- [ool-13-thread-4] tourGuide.service.RewardsService         : ** Processing to get reward points
2021-11-29 23:17:30.319  INFO 6224 --- [l-13-thread-128] tourGuide.service.RewardsService         : ** Processing to get reward points
2021-11-29 23:17:30.323  INFO 6224 --- [l-13-thread-125] tourGuide.service.RewardsService         : ** Processing to get reward points
2021-11-29 23:17:30.326  INFO 6224 --- [ol-13-thread-89] tourGuide.service.RewardsService         : ** Processing to get reward points
2021-11-29 23:17:30.326  INFO 6224 --- [l-13-thread-175] tourGuide.service.RewardsService         : ** Processing to get reward points
2021-11-29 23:17:30.327  INFO 6224 --- [ol-13-thread-40] tourGuide.service.RewardsService         : ** Processing to get reward points
2021-11-29 23:17:30.331  INFO 6224 --- [l-13-thread-141] tourGuide.service.RewardsService         : ** Processing to get reward points
2021-11-29 23:17:30.334  INFO 6224 --- [ol-13-thread-38] tourGuide.service.RewardsService         : ** Processing to get reward points
2021-11-29 23:17:30.339  INFO 6224 --- [ol-13-thread-73] tourGuide.service.RewardsService         : ** Processing to get reward points
2021-11-29 23:17:30.340  INFO 6224 --- [l-13-thread-101] tourGuide.service.RewardsService         : ** Processing to get reward points
2021-11-29 23:17:30.358  INFO 6224 --- [l-13-thread-143] tourGuide.service.RewardsService         : ** Processing to get reward points
2021-11-29 23:17:30.358  INFO 6224 --- [ol-13-thread-47] tourGuide.service.RewardsService         : ** Processing to get reward points
2021-11-29 23:17:30.358  INFO 6224 --- [ol-13-thread-92] tourGuide.service.RewardsService         : ** Processing to get reward points
2021-11-29 23:17:30.358  INFO 6224 --- [l-13-thread-129] tourGuide.service.RewardsService         : ** Processing to get reward points
2021-11-29 23:17:30.358  INFO 6224 --- [l-13-thread-127] tourGuide.service.RewardsService         : ** Processing to get reward points
2021-11-29 23:17:30.358  INFO 6224 --- [l-13-thread-148] tourGuide.service.RewardsService         : ** Processing to get reward points
2021-11-29 23:17:30.358  INFO 6224 --- [ol-13-thread-90] tourGuide.service.RewardsService         : ** Processing to get reward points
2021-11-29 23:17:30.359  INFO 6224 --- [ol-13-thread-99] tourGuide.service.RewardsService         : ** Processing to get reward points
2021-11-29 23:17:30.359  INFO 6224 --- [l-13-thread-179] tourGuide.service.RewardsService         : ** Processing to get reward points
2021-11-29 23:17:30.369  INFO 6224 --- [l-13-thread-195] tourGuide.service.RewardsService         : ** Processing to get reward points
2021-11-29 23:17:30.369  INFO 6224 --- [l-13-thread-162] tourGuide.service.RewardsService         : ** Processing to get reward points
2021-11-29 23:17:30.370  INFO 6224 --- [l-13-thread-151] tourGuide.service.RewardsService         : ** Processing to get reward points
2021-11-29 23:17:30.370  INFO 6224 --- [l-13-thread-171] tourGuide.service.RewardsService         : ** Processing to get reward points
2021-11-29 23:17:30.371  INFO 6224 --- [l-13-thread-114] tourGuide.service.RewardsService         : ** Processing to get reward points
2021-11-29 23:17:30.374  INFO 6224 --- [l-13-thread-118] tourGuide.service.RewardsService         : ** Processing to get reward points
2021-11-29 23:17:30.376  INFO 6224 --- [ol-13-thread-79] tourGuide.service.RewardsService         : ** Processing to get reward points
2021-11-29 23:17:30.377  INFO 6224 --- [ol-13-thread-37] tourGuide.service.RewardsService         : ** Processing to get reward points
2021-11-29 23:17:30.377  INFO 6224 --- [l-13-thread-180] tourGuide.service.RewardsService         : ** Processing to get reward points
2021-11-29 23:17:30.378  INFO 6224 --- [ol-13-thread-45] tourGuide.service.RewardsService         : ** Processing to get reward points
2021-11-29 23:17:30.379  INFO 6224 --- [l-13-thread-152] tourGuide.service.RewardsService         : ** Processing to get reward points
2021-11-29 23:17:30.379  INFO 6224 --- [l-13-thread-160] tourGuide.service.RewardsService         : ** Processing to get reward points
2021-11-29 23:17:30.386  INFO 6224 --- [ol-13-thread-70] tourGuide.service.RewardsService         : ** Processing to get reward points
2021-11-29 23:17:30.386  INFO 6224 --- [l-13-thread-155] tourGuide.service.RewardsService         : ** Processing to get reward points
2021-11-29 23:17:30.405  INFO 6224 --- [l-13-thread-170] tourGuide.service.RewardsService         : ** Processing to get reward points
2021-11-29 23:17:30.409  INFO 6224 --- [l-13-thread-175] tourGuide.service.RewardsService         : ** Processing to get reward points
2021-11-29 23:17:30.411  INFO 6224 --- [ol-13-thread-50] tourGuide.service.RewardsService         : ** Processing to get reward points
2021-11-29 23:17:30.414  INFO 6224 --- [ol-13-thread-49] tourGuide.service.RewardsService         : ** Processing to get reward points
2021-11-29 23:17:30.419  INFO 6224 --- [ol-13-thread-29] tourGuide.service.RewardsService         : ** Processing to get reward points
2021-11-29 23:17:30.425  INFO 6224 --- [ol-13-thread-18] tourGuide.service.RewardsService         : ** Processing to get reward points
2021-11-29 23:17:30.429  INFO 6224 --- [l-13-thread-120] tourGuide.service.RewardsService         : ** Processing to get reward points
2021-11-29 23:17:30.430  INFO 6224 --- [ol-13-thread-15] tourGuide.service.RewardsService         : ** Processing to get reward points
2021-11-29 23:17:30.430  INFO 6224 --- [l-13-thread-163] tourGuide.service.RewardsService         : ** Processing to get reward points
2021-11-29 23:17:30.438  INFO 6224 --- [l-13-thread-186] tourGuide.service.RewardsService         : ** Processing to get reward points
2021-11-29 23:17:30.442  INFO 6224 --- [l-13-thread-155] tourGuide.service.RewardsService         : ** Processing to get reward points
2021-11-29 23:17:30.442  INFO 6224 --- [l-13-thread-107] tourGuide.service.RewardsService         : ** Processing to get reward points
2021-11-29 23:17:30.444  INFO 6224 --- [l-13-thread-169] tourGuide.service.RewardsService         : ** Processing to get reward points
2021-11-29 23:17:30.446  INFO 6224 --- [l-13-thread-160] tourGuide.service.RewardsService         : ** Processing to get reward points
2021-11-29 23:17:30.448  INFO 6224 --- [l-13-thread-192] tourGuide.service.RewardsService         : ** Processing to get reward points
2021-11-29 23:17:30.453  INFO 6224 --- [l-13-thread-142] tourGuide.service.RewardsService         : ** Processing to get reward points
2021-11-29 23:17:30.457  INFO 6224 --- [ol-13-thread-77] tourGuide.service.RewardsService         : ** Processing to get reward points
2021-11-29 23:17:30.471  INFO 6224 --- [l-13-thread-122] tourGuide.service.RewardsService         : ** Processing to get reward points
2021-11-29 23:17:30.475  INFO 6224 --- [l-13-thread-108] tourGuide.service.RewardsService         : ** Processing to get reward points
2021-11-29 23:17:30.477  INFO 6224 --- [ool-13-thread-5] tourGuide.service.RewardsService         : ** Processing to get reward points
2021-11-29 23:17:30.479  INFO 6224 --- [ol-13-thread-30] tourGuide.service.RewardsService         : ** Processing to get reward points
2021-11-29 23:17:30.479  INFO 6224 --- [ol-13-thread-64] tourGuide.service.RewardsService         : ** Processing to get reward points
2021-11-29 23:17:30.479  INFO 6224 --- [ol-13-thread-80] tourGuide.service.RewardsService         : ** Processing to get reward points
2021-11-29 23:17:30.489  INFO 6224 --- [l-13-thread-198] tourGuide.service.RewardsService         : ** Processing to get reward points
2021-11-29 23:17:30.495  INFO 6224 --- [l-13-thread-146] tourGuide.service.RewardsService         : ** Processing to get reward points
2021-11-29 23:17:30.495  INFO 6224 --- [l-13-thread-138] tourGuide.service.RewardsService         : ** Processing to get reward points
2021-11-29 23:17:30.497  INFO 6224 --- [l-13-thread-164] tourGuide.service.RewardsService         : ** Processing to get reward points
2021-11-29 23:17:30.499  INFO 6224 --- [ol-13-thread-62] tourGuide.service.RewardsService         : ** Processing to get reward points
2021-11-29 23:17:30.500  INFO 6224 --- [ol-13-thread-59] tourGuide.service.RewardsService         : ** Processing to get reward points
2021-11-29 23:17:30.504  INFO 6224 --- [l-13-thread-123] tourGuide.service.RewardsService         : ** Processing to get reward points
2021-11-29 23:17:30.508  INFO 6224 --- [ol-13-thread-10] tourGuide.service.RewardsService         : ** Processing to get reward points
2021-11-29 23:17:30.509  INFO 6224 --- [l-13-thread-197] tourGuide.service.RewardsService         : ** Processing to get reward points
2021-11-29 23:17:30.514  INFO 6224 --- [l-13-thread-191] tourGuide.service.RewardsService         : ** Processing to get reward points
2021-11-29 23:17:30.519  INFO 6224 --- [l-13-thread-136] tourGuide.service.RewardsService         : ** Processing to get reward points
2021-11-29 23:17:30.520  INFO 6224 --- [l-13-thread-114] tourGuide.service.RewardsService         : ** Processing to get reward points
2021-11-29 23:17:30.520  INFO 6224 --- [ol-13-thread-96] tourGuide.service.RewardsService         : ** Processing to get reward points
2021-11-29 23:17:30.522  INFO 6224 --- [l-13-thread-180] tourGuide.service.RewardsService         : ** Processing to get reward points
2021-11-29 23:17:30.527  INFO 6224 --- [ol-13-thread-53] tourGuide.service.RewardsService         : ** Processing to get reward points
2021-11-29 23:17:30.533  INFO 6224 --- [ol-13-thread-76] tourGuide.service.RewardsService         : ** Processing to get reward points
2021-11-29 23:17:30.538  INFO 6224 --- [l-13-thread-190] tourGuide.service.RewardsService         : ** Processing to get reward points
2021-11-29 23:17:30.544  INFO 6224 --- [ol-13-thread-54] tourGuide.service.RewardsService         : ** Processing to get reward points
2021-11-29 23:17:30.545  INFO 6224 --- [ol-13-thread-88] tourGuide.service.RewardsService         : ** Processing to get reward points
2021-11-29 23:17:30.548  INFO 6224 --- [ool-13-thread-4] tourGuide.service.RewardsService         : ** Processing to get reward points
2021-11-29 23:17:30.554  INFO 6224 --- [l-13-thread-186] tourGuide.service.RewardsService         : ** Processing to get reward points
2021-11-29 23:17:30.561  INFO 6224 --- [l-13-thread-132] tourGuide.service.RewardsService         : ** Processing to get reward points
2021-11-29 23:17:30.561  INFO 6224 --- [ol-13-thread-17] tourGuide.service.RewardsService         : ** Processing to get reward points
2021-11-29 23:17:30.564  INFO 6224 --- [l-13-thread-154] tourGuide.service.RewardsService         : ** Processing to get reward points
2021-11-29 23:17:30.572  INFO 6224 --- [l-13-thread-161] tourGuide.service.RewardsService         : ** Processing to get reward points
2021-11-29 23:17:30.573  INFO 6224 --- [ol-13-thread-68] tourGuide.service.RewardsService         : ** Processing to get reward points
2021-11-29 23:17:30.575  INFO 6224 --- [ol-13-thread-66] tourGuide.service.RewardsService         : ** Processing to get reward points
2021-11-29 23:17:30.579  INFO 6224 --- [l-13-thread-132] tourGuide.service.RewardsService         : ** Processing to get reward points
2021-11-29 23:17:30.581  INFO 6224 --- [l-13-thread-189] tourGuide.service.RewardsService         : ** Processing to get reward points
2021-11-29 23:17:30.594  INFO 6224 --- [ool-13-thread-8] tourGuide.service.RewardsService         : ** Processing to get reward points
2021-11-29 23:17:30.595  INFO 6224 --- [ool-13-thread-6] tourGuide.service.RewardsService         : ** Processing to get reward points
2021-11-29 23:17:30.596  INFO 6224 --- [ol-13-thread-44] tourGuide.service.RewardsService         : ** Processing to get reward points
2021-11-29 23:17:30.597  INFO 6224 --- [ol-13-thread-53] tourGuide.service.RewardsService         : ** Processing to get reward points
2021-11-29 23:17:30.604  INFO 6224 --- [l-13-thread-114] tourGuide.service.RewardsService         : ** Processing to get reward points
2021-11-29 23:17:30.609  INFO 6224 --- [l-13-thread-189] tourGuide.service.RewardsService         : ** Processing to get reward points
2021-11-29 23:17:30.612  INFO 6224 --- [ol-13-thread-97] tourGuide.service.RewardsService         : ** Processing to get reward points
2021-11-29 23:17:30.615  INFO 6224 --- [ol-13-thread-28] tourGuide.service.RewardsService         : ** Processing to get reward points
2021-11-29 23:17:30.621  INFO 6224 --- [l-13-thread-159] tourGuide.service.RewardsService         : ** Processing to get reward points
2021-11-29 23:17:30.621  INFO 6224 --- [ol-13-thread-81] tourGuide.service.RewardsService         : ** Processing to get reward points
2021-11-29 23:17:30.627  INFO 6224 --- [l-13-thread-145] tourGuide.service.RewardsService         : ** Processing to get reward points
2021-11-29 23:17:30.628  INFO 6224 --- [ol-13-thread-74] tourGuide.service.RewardsService         : ** Processing to get reward points
2021-11-29 23:17:30.628  INFO 6224 --- [ol-13-thread-12] tourGuide.service.RewardsService         : ** Processing to get reward points
2021-11-29 23:17:30.630  INFO 6224 --- [ol-13-thread-47] tourGuide.service.RewardsService         : ** Processing to get reward points
2021-11-29 23:17:30.633  INFO 6224 --- [l-13-thread-188] tourGuide.service.RewardsService         : ** Processing to get reward points
2021-11-29 23:17:30.636  INFO 6224 --- [ol-13-thread-31] tourGuide.service.RewardsService         : ** Processing to get reward points
2021-11-29 23:17:30.638  INFO 6224 --- [ol-13-thread-85] tourGuide.service.RewardsService         : ** Processing to get reward points
2021-11-29 23:17:30.648  INFO 6224 --- [l-13-thread-156] tourGuide.service.RewardsService         : ** Processing to get reward points
2021-11-29 23:17:30.651  INFO 6224 --- [ol-13-thread-34] tourGuide.service.RewardsService         : ** Processing to get reward points
2021-11-29 23:17:30.656  INFO 6224 --- [ol-13-thread-95] tourGuide.service.RewardsService         : ** Processing to get reward points
2021-11-29 23:17:30.658  INFO 6224 --- [ol-13-thread-85] tourGuide.service.RewardsService         : ** Processing to get reward points
2021-11-29 23:17:30.660  INFO 6224 --- [ol-13-thread-44] tourGuide.service.RewardsService         : ** Processing to get reward points
2021-11-29 23:17:30.660  INFO 6224 --- [l-13-thread-152] tourGuide.service.RewardsService         : ** Processing to get reward points
2021-11-29 23:17:30.661  INFO 6224 --- [l-13-thread-197] tourGuide.service.RewardsService         : ** Processing to get reward points
2021-11-29 23:17:30.664  INFO 6224 --- [ol-13-thread-14] tourGuide.service.RewardsService         : ** Processing to get reward points
2021-11-29 23:17:30.668  INFO 6224 --- [ol-13-thread-94] tourGuide.service.RewardsService         : ** Processing to get reward points
2021-11-29 23:17:30.671  INFO 6224 --- [ol-13-thread-46] tourGuide.service.RewardsService         : ** Processing to get reward points
2021-11-29 23:17:30.671  INFO 6224 --- [ol-13-thread-42] tourGuide.service.RewardsService         : ** Processing to get reward points
2021-11-29 23:17:30.671  INFO 6224 --- [l-13-thread-177] tourGuide.service.RewardsService         : ** Processing to get reward points
2021-11-29 23:17:30.671  INFO 6224 --- [l-13-thread-153] tourGuide.service.RewardsService         : ** Processing to get reward points
2021-11-29 23:17:30.672  INFO 6224 --- [l-13-thread-158] tourGuide.service.RewardsService         : ** Processing to get reward points
2021-11-29 23:17:30.672  INFO 6224 --- [ol-13-thread-87] tourGuide.service.RewardsService         : ** Processing to get reward points
2021-11-29 23:17:30.672  INFO 6224 --- [ol-13-thread-23] tourGuide.service.RewardsService         : ** Processing to get reward points
2021-11-29 23:17:30.673  INFO 6224 --- [ol-13-thread-16] tourGuide.service.RewardsService         : ** Processing to get reward points
2021-11-29 23:17:30.674  INFO 6224 --- [ol-13-thread-52] tourGuide.service.RewardsService         : ** Processing to get reward points
2021-11-29 23:17:30.675  INFO 6224 --- [ol-13-thread-39] tourGuide.service.RewardsService         : ** Processing to get reward points
2021-11-29 23:17:30.676  INFO 6224 --- [ool-13-thread-2] tourGuide.service.RewardsService         : ** Processing to get reward points
2021-11-29 23:17:30.676  INFO 6224 --- [ol-13-thread-63] tourGuide.service.RewardsService         : ** Processing to get reward points
2021-11-29 23:17:30.678  INFO 6224 --- [l-13-thread-147] tourGuide.service.RewardsService         : ** Processing to get reward points
2021-11-29 23:17:30.679  INFO 6224 --- [ol-13-thread-36] tourGuide.service.RewardsService         : ** Processing to get reward points
2021-11-29 23:17:30.682  INFO 6224 --- [ol-13-thread-20] tourGuide.service.RewardsService         : ** Processing to get reward points
2021-11-29 23:17:30.685  INFO 6224 --- [ol-13-thread-56] tourGuide.service.RewardsService         : ** Processing to get reward points
2021-11-29 23:17:30.687  INFO 6224 --- [ol-13-thread-21] tourGuide.service.RewardsService         : ** Processing to get reward points
2021-11-29 23:17:30.688  INFO 6224 --- [ol-13-thread-91] tourGuide.service.RewardsService         : ** Processing to get reward points
2021-11-29 23:17:30.690  INFO 6224 --- [l-13-thread-196] tourGuide.service.RewardsService         : ** Processing to get reward points
2021-11-29 23:17:30.692  INFO 6224 --- [l-13-thread-187] tourGuide.service.RewardsService         : ** Processing to get reward points
2021-11-29 23:17:30.696  INFO 6224 --- [l-13-thread-199] tourGuide.service.RewardsService         : ** Processing to get reward points
2021-11-29 23:17:30.698  INFO 6224 --- [ol-13-thread-38] tourGuide.service.RewardsService         : ** Processing to get reward points
2021-11-29 23:17:30.701  INFO 6224 --- [l-13-thread-160] tourGuide.service.RewardsService         : ** Processing to get reward points
2021-11-29 23:17:30.705  INFO 6224 --- [ool-13-thread-4] tourGuide.service.RewardsService         : ** Processing to get reward points
2021-11-29 23:17:30.708  INFO 6224 --- [l-13-thread-171] tourGuide.service.RewardsService         : ** Processing to get reward points
2021-11-29 23:17:30.714  INFO 6224 --- [l-13-thread-200] tourGuide.service.RewardsService         : ** Processing to get reward points
2021-11-29 23:17:30.718  INFO 6224 --- [ol-13-thread-12] tourGuide.service.RewardsService         : ** Processing to get reward points
2021-11-29 23:17:30.718  INFO 6224 --- [l-13-thread-116] tourGuide.service.RewardsService         : ** Processing to get reward points
2021-11-29 23:17:30.723  INFO 6224 --- [l-13-thread-139] tourGuide.service.RewardsService         : ** Processing to get reward points
2021-11-29 23:17:30.723  INFO 6224 --- [ool-13-thread-5] tourGuide.service.RewardsService         : ** Processing to get reward points
2021-11-29 23:17:30.725  INFO 6224 --- [l-13-thread-159] tourGuide.service.RewardsService         : ** Processing to get reward points
2021-11-29 23:17:30.740  INFO 6224 --- [l-13-thread-178] tourGuide.service.RewardsService         : ** Processing to get reward points
2021-11-29 23:17:30.740  INFO 6224 --- [l-13-thread-119] tourGuide.service.RewardsService         : ** Processing to get reward points
2021-11-29 23:17:30.743  INFO 6224 --- [l-13-thread-153] tourGuide.service.RewardsService         : ** Processing to get reward points
2021-11-29 23:17:30.747  INFO 6224 --- [l-13-thread-103] tourGuide.service.RewardsService         : ** Processing to get reward points
2021-11-29 23:17:30.753  INFO 6224 --- [l-13-thread-142] tourGuide.service.RewardsService         : ** Processing to get reward points
2021-11-29 23:17:30.758  INFO 6224 --- [ol-13-thread-93] tourGuide.service.RewardsService         : ** Processing to get reward points
2021-11-29 23:17:30.761  INFO 6224 --- [l-13-thread-193] tourGuide.service.RewardsService         : ** Processing to get reward points
2021-11-29 23:17:30.763  INFO 6224 --- [ol-13-thread-61] tourGuide.service.RewardsService         : ** Processing to get reward points
2021-11-29 23:17:30.764  INFO 6224 --- [l-13-thread-110] tourGuide.service.RewardsService         : ** Processing to get reward points
2021-11-29 23:17:30.767  INFO 6224 --- [l-13-thread-183] tourGuide.service.RewardsService         : ** Processing to get reward points
2021-11-29 23:17:30.769  INFO 6224 --- [ol-13-thread-98] tourGuide.service.RewardsService         : ** Processing to get reward points
2021-11-29 23:17:30.773  INFO 6224 --- [ol-13-thread-37] tourGuide.service.RewardsService         : ** Processing to get reward points
2021-11-29 23:17:30.773  INFO 6224 --- [l-13-thread-185] tourGuide.service.RewardsService         : ** Processing to get reward points
2021-11-29 23:17:30.793  INFO 6224 --- [ol-13-thread-45] tourGuide.service.RewardsService         : ** Processing to get reward points
2021-11-29 23:17:30.798  INFO 6224 --- [ool-13-thread-7] tourGuide.service.RewardsService         : ** Processing to get reward points
2021-11-29 23:17:30.800  INFO 6224 --- [ol-13-thread-92] tourGuide.service.RewardsService         : ** Processing to get reward points
2021-11-29 23:17:30.800  INFO 6224 --- [l-13-thread-111] tourGuide.service.RewardsService         : ** Processing to get reward points
2021-11-29 23:17:30.805  INFO 6224 --- [ol-13-thread-49] tourGuide.service.RewardsService         : ** Processing to get reward points
2021-11-29 23:17:30.808  INFO 6224 --- [l-13-thread-134] tourGuide.service.RewardsService         : ** Processing to get reward points
2021-11-29 23:17:30.810  INFO 6224 --- [ool-13-thread-1] tourGuide.service.RewardsService         : ** Processing to get reward points
2021-11-29 23:17:30.814  INFO 6224 --- [ol-13-thread-79] tourGuide.service.RewardsService         : ** Processing to get reward points
2021-11-29 23:17:30.817  INFO 6224 --- [l-13-thread-174] tourGuide.service.RewardsService         : ** Processing to get reward points
2021-11-29 23:17:30.820  INFO 6224 --- [l-13-thread-189] tourGuide.service.RewardsService         : ** Processing to get reward points
2021-11-29 23:17:30.827  INFO 6224 --- [ol-13-thread-84] tourGuide.service.RewardsService         : ** Processing to get reward points
2021-11-29 23:17:30.828  INFO 6224 --- [l-13-thread-107] tourGuide.service.RewardsService         : ** Processing to get reward points
2021-11-29 23:17:30.830  INFO 6224 --- [ol-13-thread-71] tourGuide.service.RewardsService         : ** Processing to get reward points
2021-11-29 23:17:30.831  INFO 6224 --- [ol-13-thread-54] tourGuide.service.RewardsService         : ** Processing to get reward points
2021-11-29 23:17:30.833  INFO 6224 --- [ol-13-thread-99] tourGuide.service.RewardsService         : ** Processing to get reward points
2021-11-29 23:17:30.833  INFO 6224 --- [l-13-thread-144] tourGuide.service.RewardsService         : ** Processing to get reward points
2021-11-29 23:17:30.833  INFO 6224 --- [l-13-thread-100] tourGuide.service.RewardsService         : ** Processing to get reward points
2021-11-29 23:17:30.834  INFO 6224 --- [l-13-thread-115] tourGuide.service.RewardsService         : ** Processing to get reward points
2021-11-29 23:17:30.835  INFO 6224 --- [l-13-thread-141] tourGuide.service.RewardsService         : ** Processing to get reward points
2021-11-29 23:17:30.839  INFO 6224 --- [l-13-thread-194] tourGuide.service.RewardsService         : ** Processing to get reward points
2021-11-29 23:17:30.840  INFO 6224 --- [l-13-thread-163] tourGuide.service.RewardsService         : ** Processing to get reward points
2021-11-29 23:17:30.844  INFO 6224 --- [l-13-thread-167] tourGuide.service.RewardsService         : ** Processing to get reward points
2021-11-29 23:17:30.847  INFO 6224 --- [l-13-thread-168] tourGuide.service.RewardsService         : ** Processing to get reward points
2021-11-29 23:17:30.851  INFO 6224 --- [l-13-thread-124] tourGuide.service.RewardsService         : ** Processing to get reward points
2021-11-29 23:17:30.851  INFO 6224 --- [l-13-thread-126] tourGuide.service.RewardsService         : ** Processing to get reward points
2021-11-29 23:17:30.853  INFO 6224 --- [l-13-thread-135] tourGuide.service.RewardsService         : ** Processing to get reward points
2021-11-29 23:17:30.853  INFO 6224 --- [l-13-thread-179] tourGuide.service.RewardsService         : ** Processing to get reward points
2021-11-29 23:17:30.857  INFO 6224 --- [ol-13-thread-35] tourGuide.service.RewardsService         : ** Processing to get reward points
2021-11-29 23:17:30.858  INFO 6224 --- [ol-13-thread-44] tourGuide.service.RewardsService         : ** Processing to get reward points
2021-11-29 23:17:30.859  INFO 6224 --- [ol-13-thread-75] tourGuide.service.RewardsService         : ** Processing to get reward points
2021-11-29 23:17:30.860  INFO 6224 --- [l-13-thread-136] tourGuide.service.RewardsService         : ** Processing to get reward points
2021-11-29 23:17:30.862  INFO 6224 --- [ol-13-thread-93] tourGuide.service.RewardsService         : ** Processing to get reward points
2021-11-29 23:17:30.865  INFO 6224 --- [l-13-thread-137] tourGuide.service.RewardsService         : ** Processing to get reward points
2021-11-29 23:17:30.865  INFO 6224 --- [ol-13-thread-55] tourGuide.service.RewardsService         : ** Processing to get reward points
2021-11-29 23:17:30.869  INFO 6224 --- [l-13-thread-140] tourGuide.service.RewardsService         : ** Processing to get reward points
2021-11-29 23:17:30.871  INFO 6224 --- [l-13-thread-177] tourGuide.service.RewardsService         : ** Processing to get reward points
2021-11-29 23:17:30.872  INFO 6224 --- [ol-13-thread-67] tourGuide.service.RewardsService         : ** Processing to get reward points
2021-11-29 23:17:30.877  INFO 6224 --- [l-13-thread-173] tourGuide.service.RewardsService         : ** Processing to get reward points
2021-11-29 23:17:30.878  INFO 6224 --- [ol-13-thread-16] tourGuide.service.RewardsService         : ** Processing to get reward points
2021-11-29 23:17:30.879  INFO 6224 --- [ool-13-thread-3] tourGuide.service.RewardsService         : ** Processing to get reward points
2021-11-29 23:17:30.879  INFO 6224 --- [l-13-thread-101] tourGuide.service.RewardsService         : ** Processing to get reward points
2021-11-29 23:17:30.881  INFO 6224 --- [l-13-thread-176] tourGuide.service.RewardsService         : ** Processing to get reward points
2021-11-29 23:17:30.882  INFO 6224 --- [l-13-thread-165] tourGuide.service.RewardsService         : ** Processing to get reward points
2021-11-29 23:17:30.884  INFO 6224 --- [l-13-thread-113] tourGuide.service.RewardsService         : ** Processing to get reward points
2021-11-29 23:17:30.884  INFO 6224 --- [l-13-thread-150] tourGuide.service.RewardsService         : ** Processing to get reward points
2021-11-29 23:17:30.886  INFO 6224 --- [ool-13-thread-8] tourGuide.service.RewardsService         : ** Processing to get reward points
2021-11-29 23:17:30.887  INFO 6224 --- [ol-13-thread-86] tourGuide.service.RewardsService         : ** Processing to get reward points
2021-11-29 23:17:30.887  INFO 6224 --- [l-13-thread-161] tourGuide.service.RewardsService         : ** Processing to get reward points
2021-11-29 23:17:30.887  INFO 6224 --- [ol-13-thread-11] tourGuide.service.RewardsService         : ** Processing to get reward points
2021-11-29 23:17:30.888  INFO 6224 --- [ol-13-thread-29] tourGuide.service.RewardsService         : ** Processing to get reward points
2021-11-29 23:17:30.890  INFO 6224 --- [ol-13-thread-50] tourGuide.service.RewardsService         : ** Processing to get reward points
2021-11-29 23:17:30.893  INFO 6224 --- [l-13-thread-102] tourGuide.service.RewardsService         : ** Processing to get reward points
2021-11-29 23:17:30.895  INFO 6224 --- [l-13-thread-157] tourGuide.service.RewardsService         : ** Processing to get reward points
2021-11-29 23:17:30.895  INFO 6224 --- [l-13-thread-130] tourGuide.service.RewardsService         : ** Processing to get reward points
2021-11-29 23:17:30.897  INFO 6224 --- [ol-13-thread-27] tourGuide.service.RewardsService         : ** Processing to get reward points
2021-11-29 23:17:30.901  INFO 6224 --- [ol-13-thread-83] tourGuide.service.RewardsService         : ** Processing to get reward points
2021-11-29 23:17:30.904  INFO 6224 --- [ol-13-thread-64] tourGuide.service.RewardsService         : ** Processing to get reward points
2021-11-29 23:17:30.904  INFO 6224 --- [l-13-thread-104] tourGuide.service.RewardsService         : ** Processing to get reward points
2021-11-29 23:17:30.910  INFO 6224 --- [ol-13-thread-48] tourGuide.service.RewardsService         : ** Processing to get reward points
2021-11-29 23:17:30.912  INFO 6224 --- [ol-13-thread-34] tourGuide.service.RewardsService         : ** Processing to get reward points
2021-11-29 23:17:30.912  INFO 6224 --- [ol-13-thread-41] tourGuide.service.RewardsService         : ** Processing to get reward points
2021-11-29 23:17:30.921  INFO 6224 --- [l-13-thread-152] tourGuide.service.RewardsService         : ** Processing to get reward points
2021-11-29 23:17:30.925  INFO 6224 --- [ol-13-thread-75] tourGuide.service.RewardsService         : ** Processing to get reward points
2021-11-29 23:17:30.927  INFO 6224 --- [l-13-thread-133] tourGuide.service.RewardsService         : ** Processing to get reward points
2021-11-29 23:17:30.930  INFO 6224 --- [l-13-thread-141] tourGuide.service.RewardsService         : ** Processing to get reward points
2021-11-29 23:17:30.938  INFO 6224 --- [ol-13-thread-60] tourGuide.service.RewardsService         : ** Processing to get reward points
2021-11-29 23:17:30.942  INFO 6224 --- [l-13-thread-164] tourGuide.service.RewardsService         : ** Processing to get reward points
2021-11-29 23:17:30.943  INFO 6224 --- [l-13-thread-186] tourGuide.service.RewardsService         : ** Processing to get reward points
2021-11-29 23:17:30.945  INFO 6224 --- [l-13-thread-184] tourGuide.service.RewardsService         : ** Processing to get reward points
2021-11-29 23:17:30.946  INFO 6224 --- [l-13-thread-182] tourGuide.service.RewardsService         : ** Processing to get reward points
2021-11-29 23:17:30.948  INFO 6224 --- [l-13-thread-200] tourGuide.service.RewardsService         : ** Processing to get reward points
2021-11-29 23:17:30.949  INFO 6224 --- [ol-13-thread-80] tourGuide.service.RewardsService         : ** Processing to get reward points
2021-11-29 23:17:30.953  INFO 6224 --- [ol-13-thread-78] tourGuide.service.RewardsService         : ** Processing to get reward points
2021-11-29 23:17:30.954  INFO 6224 --- [l-13-thread-116] tourGuide.service.RewardsService         : ** Processing to get reward points
2021-11-29 23:17:30.956  INFO 6224 --- [l-13-thread-190] tourGuide.service.RewardsService         : ** Processing to get reward points
2021-11-29 23:17:30.957  INFO 6224 --- [ol-13-thread-25] tourGuide.service.RewardsService         : ** Processing to get reward points
2021-11-29 23:17:30.963  INFO 6224 --- [ol-13-thread-47] tourGuide.service.RewardsService         : ** Processing to get reward points
2021-11-29 23:17:30.969  INFO 6224 --- [ol-13-thread-70] tourGuide.service.RewardsService         : ** Processing to get reward points
2021-11-29 23:17:30.970  INFO 6224 --- [l-13-thread-114] tourGuide.service.RewardsService         : ** Processing to get reward points
2021-11-29 23:17:30.971  INFO 6224 --- [ol-13-thread-13] tourGuide.service.RewardsService         : ** Processing to get reward points
2021-11-29 23:17:30.975  INFO 6224 --- [l-13-thread-169] tourGuide.service.RewardsService         : ** Processing to get reward points
2021-11-29 23:17:30.977  INFO 6224 --- [ol-13-thread-48] tourGuide.service.RewardsService         : ** Processing to get reward points
2021-11-29 23:17:30.977  INFO 6224 --- [l-13-thread-161] tourGuide.service.RewardsService         : ** Processing to get reward points
2021-11-29 23:17:30.980  INFO 6224 --- [l-13-thread-123] tourGuide.service.RewardsService         : ** Processing to get reward points
2021-11-29 23:17:30.982  INFO 6224 --- [ol-13-thread-17] tourGuide.service.RewardsService         : ** Processing to get reward points
2021-11-29 23:17:30.983  INFO 6224 --- [ol-13-thread-87] tourGuide.service.RewardsService         : ** Processing to get reward points
2021-11-29 23:17:30.984  INFO 6224 --- [l-13-thread-113] tourGuide.service.RewardsService         : ** Processing to get reward points
2021-11-29 23:17:30.985  INFO 6224 --- [ool-13-thread-2] tourGuide.service.RewardsService         : ** Processing to get reward points
2021-11-29 23:17:30.985  INFO 6224 --- [ol-13-thread-90] tourGuide.service.RewardsService         : ** Processing to get reward points
2021-11-29 23:17:30.989  INFO 6224 --- [ol-13-thread-26] tourGuide.service.RewardsService         : ** Processing to get reward points
2021-11-29 23:17:30.999  INFO 6224 --- [ol-13-thread-19] tourGuide.service.RewardsService         : ** Processing to get reward points
2021-11-29 23:17:31.000  INFO 6224 --- [ol-13-thread-51] tourGuide.service.RewardsService         : ** Processing to get reward points
2021-11-29 23:17:31.010  INFO 6224 --- [l-13-thread-149] tourGuide.service.RewardsService         : ** Processing to get reward points
2021-11-29 23:17:31.017  INFO 6224 --- [ol-13-thread-53] tourGuide.service.RewardsService         : ** Processing to get reward points
2021-11-29 23:17:31.019  INFO 6224 --- [l-13-thread-106] tourGuide.service.RewardsService         : ** Processing to get reward points
2021-11-29 23:17:31.021  INFO 6224 --- [ool-13-thread-9] tourGuide.service.RewardsService         : ** Processing to get reward points
2021-11-29 23:17:31.022  INFO 6224 --- [ol-13-thread-55] tourGuide.service.RewardsService         : ** Processing to get reward points
2021-11-29 23:17:31.023  INFO 6224 --- [ol-13-thread-57] tourGuide.service.RewardsService         : ** Processing to get reward points
2021-11-29 23:17:31.024  INFO 6224 --- [ol-13-thread-40] tourGuide.service.RewardsService         : ** Processing to get reward points
2021-11-29 23:17:31.024  INFO 6224 --- [l-13-thread-186] tourGuide.service.RewardsService         : ** Processing to get reward points
2021-11-29 23:17:31.026  INFO 6224 --- [ol-13-thread-34] tourGuide.service.RewardsService         : ** Processing to get reward points
2021-11-29 23:17:31.031  INFO 6224 --- [l-13-thread-155] tourGuide.service.RewardsService         : ** Processing to get reward points
2021-11-29 23:17:31.037  INFO 6224 --- [ol-13-thread-60] tourGuide.service.RewardsService         : ** Processing to get reward points
2021-11-29 23:17:31.039  INFO 6224 --- [ol-13-thread-54] tourGuide.service.RewardsService         : ** Processing to get reward points
2021-11-29 23:17:31.040  INFO 6224 --- [ol-13-thread-10] tourGuide.service.RewardsService         : ** Processing to get reward points
2021-11-29 23:17:31.040  INFO 6224 --- [ol-13-thread-36] tourGuide.service.RewardsService         : ** Processing to get reward points
2021-11-29 23:17:31.042  INFO 6224 --- [l-13-thread-154] tourGuide.service.RewardsService         : ** Processing to get reward points
2021-11-29 23:17:31.045  INFO 6224 --- [ol-13-thread-59] tourGuide.service.RewardsService         : ** Processing to get reward points
2021-11-29 23:17:31.047  INFO 6224 --- [ol-13-thread-47] tourGuide.service.RewardsService         : ** Processing to get reward points
2021-11-29 23:17:31.049  INFO 6224 --- [l-13-thread-136] tourGuide.service.RewardsService         : ** Processing to get reward points
2021-11-29 23:17:31.051  INFO 6224 --- [ol-13-thread-63] tourGuide.service.RewardsService         : ** Processing to get reward points
2021-11-29 23:17:31.051  INFO 6224 --- [l-13-thread-123] tourGuide.service.RewardsService         : ** Processing to get reward points
2021-11-29 23:17:31.051  INFO 6224 --- [ol-13-thread-33] tourGuide.service.RewardsService         : ** Processing to get reward points
2021-11-29 23:17:31.052  INFO 6224 --- [l-13-thread-143] tourGuide.service.RewardsService         : ** Processing to get reward points
2021-11-29 23:17:31.064  INFO 6224 --- [l-13-thread-146] tourGuide.service.RewardsService         : ** Processing to get reward points
2021-11-29 23:17:31.067  INFO 6224 --- [ol-13-thread-32] tourGuide.service.RewardsService         : ** Processing to get reward points
2021-11-29 23:17:31.072  INFO 6224 --- [ol-13-thread-72] tourGuide.service.RewardsService         : ** Processing to get reward points
2021-11-29 23:17:31.074  INFO 6224 --- [l-13-thread-200] tourGuide.service.RewardsService         : ** Processing to get reward points
2021-11-29 23:17:31.074  INFO 6224 --- [l-13-thread-103] tourGuide.service.RewardsService         : ** Processing to get reward points
2021-11-29 23:17:31.081  INFO 6224 --- [l-13-thread-131] tourGuide.service.RewardsService         : ** Processing to get reward points
2021-11-29 23:17:31.083  INFO 6224 --- [ol-13-thread-56] tourGuide.service.RewardsService         : ** Processing to get reward points
2021-11-29 23:17:31.094  INFO 6224 --- [ol-13-thread-91] tourGuide.service.RewardsService         : ** Processing to get reward points
2021-11-29 23:17:31.095  INFO 6224 --- [l-13-thread-105] tourGuide.service.RewardsService         : ** Processing to get reward points
2021-11-29 23:17:31.099  INFO 6224 --- [l-13-thread-196] tourGuide.service.RewardsService         : ** Processing to get reward points
2021-11-29 23:17:31.100  INFO 6224 --- [l-13-thread-166] tourGuide.service.RewardsService         : ** Processing to get reward points
2021-11-29 23:17:31.101  INFO 6224 --- [ol-13-thread-62] tourGuide.service.RewardsService         : ** Processing to get reward points
2021-11-29 23:17:31.102  INFO 6224 --- [ol-13-thread-37] tourGuide.service.RewardsService         : ** Processing to get reward points
2021-11-29 23:17:31.104  INFO 6224 --- [l-13-thread-185] tourGuide.service.RewardsService         : ** Processing to get reward points
2021-11-29 23:17:31.107  INFO 6224 --- [ol-13-thread-55] tourGuide.service.RewardsService         : ** Processing to get reward points
2021-11-29 23:17:31.113  INFO 6224 --- [l-13-thread-110] tourGuide.service.RewardsService         : ** Processing to get reward points
2021-11-29 23:17:31.119  INFO 6224 --- [l-13-thread-117] tourGuide.service.RewardsService         : ** Processing to get reward points
2021-11-29 23:17:31.127  INFO 6224 --- [ol-13-thread-95] tourGuide.service.RewardsService         : ** Processing to get reward points
2021-11-29 23:17:31.131  INFO 6224 --- [l-13-thread-140] tourGuide.service.RewardsService         : ** Processing to get reward points
2021-11-29 23:17:31.137  INFO 6224 --- [l-13-thread-170] tourGuide.service.RewardsService         : ** Processing to get reward points
2021-11-29 23:17:31.148  INFO 6224 --- [l-13-thread-121] tourGuide.service.RewardsService         : ** Processing to get reward points
2021-11-29 23:17:31.150  INFO 6224 --- [ol-13-thread-43] tourGuide.service.RewardsService         : ** Processing to get reward points
2021-11-29 23:17:31.151  INFO 6224 --- [ol-13-thread-19] tourGuide.service.RewardsService         : ** Processing to get reward points
2021-11-29 23:17:31.151  INFO 6224 --- [l-13-thread-126] tourGuide.service.RewardsService         : ** Processing to get reward points
2021-11-29 23:17:31.151  INFO 6224 --- [ol-13-thread-24] tourGuide.service.RewardsService         : ** Processing to get reward points
2021-11-29 23:17:31.152  INFO 6224 --- [ol-13-thread-55] tourGuide.service.RewardsService         : ** Processing to get reward points
2021-11-29 23:17:31.159  INFO 6224 --- [l-13-thread-123] tourGuide.service.RewardsService         : ** Processing to get reward points
2021-11-29 23:17:31.160  INFO 6224 --- [l-13-thread-181] tourGuide.service.RewardsService         : ** Processing to get reward points
2021-11-29 23:17:31.162  INFO 6224 --- [l-13-thread-155] tourGuide.service.RewardsService         : ** Processing to get reward points
2021-11-29 23:17:31.163  INFO 6224 --- [l-13-thread-154] tourGuide.service.RewardsService         : ** Processing to get reward points
2021-11-29 23:17:31.165  INFO 6224 --- [l-13-thread-104] tourGuide.service.RewardsService         : ** Processing to get reward points
2021-11-29 23:17:31.167  INFO 6224 --- [ol-13-thread-89] tourGuide.service.RewardsService         : ** Processing to get reward points
2021-11-29 23:17:31.178  INFO 6224 --- [ol-13-thread-22] tourGuide.service.RewardsService         : ** Processing to get reward points
2021-11-29 23:17:31.180  INFO 6224 --- [ool-13-thread-9] tourGuide.service.RewardsService         : ** Processing to get reward points
2021-11-29 23:17:31.187  INFO 6224 --- [l-13-thread-182] tourGuide.service.RewardsService         : ** Processing to get reward points
2021-11-29 23:17:31.187  INFO 6224 --- [l-13-thread-172] tourGuide.service.RewardsService         : ** Processing to get reward points
2021-11-29 23:17:31.189  INFO 6224 --- [l-13-thread-135] tourGuide.service.RewardsService         : ** Processing to get reward points
2021-11-29 23:17:31.193  INFO 6224 --- [ol-13-thread-66] tourGuide.service.RewardsService         : ** Processing to get reward points
2021-11-29 23:17:31.197  INFO 6224 --- [l-13-thread-109] tourGuide.service.RewardsService         : ** Processing to get reward points
2021-11-29 23:17:31.197  INFO 6224 --- [ol-13-thread-81] tourGuide.service.RewardsService         : ** Processing to get reward points
2021-11-29 23:17:31.199  INFO 6224 --- [l-13-thread-198] tourGuide.service.RewardsService         : ** Processing to get reward points
2021-11-29 23:17:31.263  INFO 6224 --- [l-13-thread-101] tourGuide.service.RewardsService         : ** Processing to get reward points
2021-11-29 23:17:31.263  INFO 6224 --- [ol-13-thread-73] tourGuide.service.RewardsService         : ** Processing to get reward points
2021-11-29 23:17:31.263  INFO 6224 --- [l-13-thread-153] tourGuide.service.RewardsService         : ** Processing to get reward points
2021-11-29 23:17:31.263  INFO 6224 --- [ool-13-thread-1] tourGuide.service.RewardsService         : ** Processing to get reward points
2021-11-29 23:17:31.264  INFO 6224 --- [l-13-thread-127] tourGuide.service.RewardsService         : ** Processing to get reward points
2021-11-29 23:17:31.264  INFO 6224 --- [l-13-thread-172] tourGuide.service.RewardsService         : ** Processing to get reward points
2021-11-29 23:17:31.264  INFO 6224 --- [l-13-thread-163] tourGuide.service.RewardsService         : ** Processing to get reward points
2021-11-29 23:17:31.264  INFO 6224 --- [l-13-thread-126] tourGuide.service.RewardsService         : ** Processing to get reward points
2021-11-29 23:17:31.264  INFO 6224 --- [ol-13-thread-57] tourGuide.service.RewardsService         : ** Processing to get reward points
2021-11-29 23:17:31.264  INFO 6224 --- [ol-13-thread-69] tourGuide.service.RewardsService         : ** Processing to get reward points
2021-11-29 23:17:31.265  INFO 6224 --- [ol-13-thread-50] tourGuide.service.RewardsService         : ** Processing to get reward points
2021-11-29 23:17:31.265  INFO 6224 --- [l-13-thread-166] tourGuide.service.RewardsService         : ** Processing to get reward points
2021-11-29 23:17:31.266  INFO 6224 --- [l-13-thread-147] tourGuide.service.RewardsService         : ** Processing to get reward points
2021-11-29 23:17:31.270  INFO 6224 --- [ol-13-thread-82] tourGuide.service.RewardsService         : ** Processing to get reward points
2021-11-29 23:17:31.270  INFO 6224 --- [l-13-thread-186] tourGuide.service.RewardsService         : ** Processing to get reward points
2021-11-29 23:17:31.270  INFO 6224 --- [ol-13-thread-98] tourGuide.service.RewardsService         : ** Processing to get reward points
2021-11-29 23:17:31.271  INFO 6224 --- [l-13-thread-175] tourGuide.service.RewardsService         : ** Processing to get reward points
2021-11-29 23:17:31.271  INFO 6224 --- [l-13-thread-119] tourGuide.service.RewardsService         : ** Processing to get reward points
2021-11-29 23:17:31.273  INFO 6224 --- [ol-13-thread-15] tourGuide.service.RewardsService         : ** Processing to get reward points
2021-11-29 23:17:31.273  INFO 6224 --- [ol-13-thread-58] tourGuide.service.RewardsService         : ** Processing to get reward points
2021-11-29 23:17:31.273  INFO 6224 --- [l-13-thread-118] tourGuide.service.RewardsService         : ** Processing to get reward points
2021-11-29 23:17:31.274  INFO 6224 --- [ol-13-thread-95] tourGuide.service.RewardsService         : ** Processing to get reward points
2021-11-29 23:17:31.274  INFO 6224 --- [l-13-thread-174] tourGuide.service.RewardsService         : ** Processing to get reward points
2021-11-29 23:17:31.277  INFO 6224 --- [ol-13-thread-18] tourGuide.service.RewardsService         : ** Processing to get reward points
2021-11-29 23:17:31.280  INFO 6224 --- [ol-13-thread-91] tourGuide.service.RewardsService         : ** Processing to get reward points
2021-11-29 23:17:31.282  INFO 6224 --- [l-13-thread-139] tourGuide.service.RewardsService         : ** Processing to get reward points
2021-11-29 23:17:31.283  INFO 6224 --- [ol-13-thread-31] tourGuide.service.RewardsService         : ** Processing to get reward points
2021-11-29 23:17:31.283  INFO 6224 --- [ol-13-thread-78] tourGuide.service.RewardsService         : ** Processing to get reward points
2021-11-29 23:17:31.287  INFO 6224 --- [l-13-thread-192] tourGuide.service.RewardsService         : ** Processing to get reward points
2021-11-29 23:17:31.287  INFO 6224 --- [l-13-thread-141] tourGuide.service.RewardsService         : ** Processing to get reward points
2021-11-29 23:17:31.287  INFO 6224 --- [ol-13-thread-41] tourGuide.service.RewardsService         : ** Processing to get reward points
2021-11-29 23:17:31.288  INFO 6224 --- [ol-13-thread-92] tourGuide.service.RewardsService         : ** Processing to get reward points
2021-11-29 23:17:31.288  INFO 6224 --- [ol-13-thread-97] tourGuide.service.RewardsService         : ** Processing to get reward points
2021-11-29 23:17:31.289  INFO 6224 --- [l-13-thread-145] tourGuide.service.RewardsService         : ** Processing to get reward points
2021-11-29 23:17:31.289  INFO 6224 --- [l-13-thread-137] tourGuide.service.RewardsService         : ** Processing to get reward points
2021-11-29 23:17:31.290  INFO 6224 --- [l-13-thread-132] tourGuide.service.RewardsService         : ** Processing to get reward points
2021-11-29 23:17:31.290  INFO 6224 --- [ol-13-thread-48] tourGuide.service.RewardsService         : ** Processing to get reward points
2021-11-29 23:17:31.290  INFO 6224 --- [ol-13-thread-68] tourGuide.service.RewardsService         : ** Processing to get reward points
2021-11-29 23:17:31.290  INFO 6224 --- [ool-13-thread-4] tourGuide.service.RewardsService         : ** Processing to get reward points
2021-11-29 23:17:31.290  INFO 6224 --- [l-13-thread-200] tourGuide.service.RewardsService         : ** Processing to get reward points
2021-11-29 23:17:31.290  INFO 6224 --- [ol-13-thread-96] tourGuide.service.RewardsService         : ** Processing to get reward points
2021-11-29 23:17:31.291  INFO 6224 --- [l-13-thread-197] tourGuide.service.RewardsService         : ** Processing to get reward points
2021-11-29 23:17:31.291  INFO 6224 --- [l-13-thread-112] tourGuide.service.RewardsService         : ** Processing to get reward points
2021-11-29 23:17:31.292  INFO 6224 --- [ol-13-thread-77] tourGuide.service.RewardsService         : ** Processing to get reward points
2021-11-29 23:17:31.292  INFO 6224 --- [l-13-thread-162] tourGuide.service.RewardsService         : ** Processing to get reward points
2021-11-29 23:17:31.294  INFO 6224 --- [l-13-thread-125] tourGuide.service.RewardsService         : ** Processing to get reward points
2021-11-29 23:17:31.295  INFO 6224 --- [l-13-thread-128] tourGuide.service.RewardsService         : ** Processing to get reward points
2021-11-29 23:17:31.311  INFO 6224 --- [ol-13-thread-53] tourGuide.service.RewardsService         : ** Processing to get reward points
2021-11-29 23:17:31.314  INFO 6224 --- [l-13-thread-171] tourGuide.service.RewardsService         : ** Processing to get reward points
2021-11-29 23:17:31.324  INFO 6224 --- [l-13-thread-160] tourGuide.service.RewardsService         : ** Processing to get reward points
2021-11-29 23:17:31.325  INFO 6224 --- [l-13-thread-159] tourGuide.service.RewardsService         : ** Processing to get reward points
2021-11-29 23:17:31.329  INFO 6224 --- [ol-13-thread-73] tourGuide.service.RewardsService         : ** Processing to get reward points
2021-11-29 23:17:31.340  INFO 6224 --- [l-13-thread-180] tourGuide.service.RewardsService         : ** Processing to get reward points
2021-11-29 23:17:31.354  INFO 6224 --- [l-13-thread-129] tourGuide.service.RewardsService         : ** Processing to get reward points
2021-11-29 23:17:31.354  INFO 6224 --- [ol-13-thread-15] tourGuide.service.RewardsService         : ** Processing to get reward points
2021-11-29 23:17:31.354  INFO 6224 --- [l-13-thread-195] tourGuide.service.RewardsService         : ** Processing to get reward points
2021-11-29 23:17:31.356  INFO 6224 --- [l-13-thread-138] tourGuide.service.RewardsService         : ** Processing to get reward points
2021-11-29 23:17:31.357  INFO 6224 --- [l-13-thread-115] tourGuide.service.RewardsService         : ** Processing to get reward points
2021-11-29 23:17:31.358  INFO 6224 --- [ol-13-thread-65] tourGuide.service.RewardsService         : ** Processing to get reward points
2021-11-29 23:17:31.358  INFO 6224 --- [ol-13-thread-42] tourGuide.service.RewardsService         : ** Processing to get reward points
2021-11-29 23:17:31.358  INFO 6224 --- [ol-13-thread-40] tourGuide.service.RewardsService         : ** Processing to get reward points
2021-11-29 23:17:31.358  INFO 6224 --- [l-13-thread-168] tourGuide.service.RewardsService         : ** Processing to get reward points
2021-11-29 23:17:31.359  INFO 6224 --- [ol-13-thread-43] tourGuide.service.RewardsService         : ** Processing to get reward points
2021-11-29 23:17:31.361  INFO 6224 --- [ol-13-thread-16] tourGuide.service.RewardsService         : ** Processing to get reward points
2021-11-29 23:17:31.361  INFO 6224 --- [ol-13-thread-30] tourGuide.service.RewardsService         : ** Processing to get reward points
2021-11-29 23:17:31.362  INFO 6224 --- [l-13-thread-148] tourGuide.service.RewardsService         : ** Processing to get reward points
2021-11-29 23:17:31.363  INFO 6224 --- [ol-13-thread-90] tourGuide.service.RewardsService         : ** Processing to get reward points
2021-11-29 23:17:31.367  INFO 6224 --- [ol-13-thread-61] tourGuide.service.RewardsService         : ** Processing to get reward points
2021-11-29 23:17:31.368  INFO 6224 --- [l-13-thread-196] tourGuide.service.RewardsService         : ** Processing to get reward points
2021-11-29 23:17:31.370  INFO 6224 --- [ol-13-thread-81] tourGuide.service.RewardsService         : ** Processing to get reward points
2021-11-29 23:17:31.373  INFO 6224 --- [l-13-thread-158] tourGuide.service.RewardsService         : ** Processing to get reward points
2021-11-29 23:17:31.374  INFO 6224 --- [ol-13-thread-17] tourGuide.service.RewardsService         : ** Processing to get reward points
2021-11-29 23:17:31.376  INFO 6224 --- [l-13-thread-151] tourGuide.service.RewardsService         : ** Processing to get reward points
2021-11-29 23:17:31.376  INFO 6224 --- [l-13-thread-185] tourGuide.service.RewardsService         : ** Processing to get reward points
2021-11-29 23:17:31.377  INFO 6224 --- [ol-13-thread-99] tourGuide.service.RewardsService         : ** Processing to get reward points
2021-11-29 23:17:31.380  INFO 6224 --- [ol-13-thread-74] tourGuide.service.RewardsService         : ** Processing to get reward points
2021-11-29 23:17:31.385  INFO 6224 --- [l-13-thread-120] tourGuide.service.RewardsService         : ** Processing to get reward points
2021-11-29 23:17:31.387  INFO 6224 --- [ol-13-thread-86] tourGuide.service.RewardsService         : ** Processing to get reward points
2021-11-29 23:17:31.389  INFO 6224 --- [ol-13-thread-80] tourGuide.service.RewardsService         : ** Processing to get reward points
2021-11-29 23:17:31.390  INFO 6224 --- [l-13-thread-184] tourGuide.service.RewardsService         : ** Processing to get reward points
2021-11-29 23:17:31.394  INFO 6224 --- [l-13-thread-169] tourGuide.service.RewardsService         : ** Processing to get reward points
2021-11-29 23:17:31.399  INFO 6224 --- [l-13-thread-167] tourGuide.service.RewardsService         : ** Processing to get reward points
2021-11-29 23:17:31.401  INFO 6224 --- [ol-13-thread-79] tourGuide.service.RewardsService         : ** Processing to get reward points
2021-11-29 23:17:31.403  INFO 6224 --- [l-13-thread-158] tourGuide.service.RewardsService         : ** Processing to get reward points
2021-11-29 23:17:31.406  INFO 6224 --- [ol-13-thread-51] tourGuide.service.RewardsService         : ** Processing to get reward points
2021-11-29 23:17:31.406  INFO 6224 --- [ol-13-thread-76] tourGuide.service.RewardsService         : ** Processing to get reward points
2021-11-29 23:17:31.415  INFO 6224 --- [ol-13-thread-14] tourGuide.service.RewardsService         : ** Processing to get reward points
2021-11-29 23:17:31.417  INFO 6224 --- [ool-13-thread-6] tourGuide.service.RewardsService         : ** Processing to get reward points
2021-11-29 23:17:31.419  INFO 6224 --- [l-13-thread-129] tourGuide.service.RewardsService         : ** Processing to get reward points
2021-11-29 23:17:31.419  INFO 6224 --- [l-13-thread-181] tourGuide.service.RewardsService         : ** Processing to get reward points
2021-11-29 23:17:31.441  INFO 6224 --- [ol-13-thread-64] tourGuide.service.RewardsService         : ** Processing to get reward points
2021-11-29 23:17:31.442  INFO 6224 --- [l-13-thread-122] tourGuide.service.RewardsService         : ** Processing to get reward points
2021-11-29 23:17:31.442  INFO 6224 --- [l-13-thread-180] tourGuide.service.RewardsService         : ** Processing to get reward points
2021-11-29 23:17:31.443  INFO 6224 --- [l-13-thread-105] tourGuide.service.RewardsService         : ** Processing to get reward points
2021-11-29 23:17:31.448  INFO 6224 --- [l-13-thread-190] tourGuide.service.RewardsService         : ** Processing to get reward points
2021-11-29 23:17:31.452  INFO 6224 --- [l-13-thread-108] tourGuide.service.RewardsService         : ** Processing to get reward points
2021-11-29 23:17:31.455  INFO 6224 --- [l-13-thread-109] tourGuide.service.RewardsService         : ** Processing to get reward points
2021-11-29 23:17:31.457  INFO 6224 --- [ol-13-thread-83] tourGuide.service.RewardsService         : ** Processing to get reward points
2021-11-29 23:17:31.458  INFO 6224 --- [l-13-thread-138] tourGuide.service.RewardsService         : ** Processing to get reward points
2021-11-29 23:17:31.459  INFO 6224 --- [ol-13-thread-88] tourGuide.service.RewardsService         : ** Processing to get reward points
2021-11-29 23:17:31.461  INFO 6224 --- [l-13-thread-149] tourGuide.service.RewardsService         : ** Processing to get reward points
2021-11-29 23:17:31.462  INFO 6224 --- [l-13-thread-107] tourGuide.service.RewardsService         : ** Processing to get reward points
2021-11-29 23:17:31.469  INFO 6224 --- [ool-13-thread-3] tourGuide.service.RewardsService         : ** Processing to get reward points
2021-11-29 23:17:31.480  INFO 6224 --- [ol-13-thread-58] tourGuide.service.RewardsService         : ** Processing to get reward points
2021-11-29 23:17:31.491  INFO 6224 --- [l-13-thread-144] tourGuide.service.RewardsService         : ** Processing to get reward points
2021-11-29 23:17:31.494  INFO 6224 --- [l-13-thread-112] tourGuide.service.RewardsService         : ** Processing to get reward points
2021-11-29 23:17:31.499  INFO 6224 --- [ol-13-thread-29] tourGuide.service.RewardsService         : ** Processing to get reward points
2021-11-29 23:17:31.503  INFO 6224 --- [l-13-thread-132] tourGuide.service.RewardsService         : ** Processing to get reward points
2021-11-29 23:17:31.503  INFO 6224 --- [l-13-thread-110] tourGuide.service.RewardsService         : ** Processing to get reward points
2021-11-29 23:17:31.505  INFO 6224 --- [ol-13-thread-75] tourGuide.service.RewardsService         : ** Processing to get reward points
2021-11-29 23:17:31.509  INFO 6224 --- [l-13-thread-141] tourGuide.service.RewardsService         : ** Processing to get reward points
2021-11-29 23:17:31.515  INFO 6224 --- [ol-13-thread-98] tourGuide.service.RewardsService         : ** Processing to get reward points
2021-11-29 23:17:31.519  INFO 6224 --- [ol-13-thread-14] tourGuide.service.RewardsService         : ** Processing to get reward points
2021-11-29 23:17:31.522  INFO 6224 --- [ol-13-thread-23] tourGuide.service.RewardsService         : ** Processing to get reward points
2021-11-29 23:17:31.538  INFO 6224 --- [l-13-thread-160] tourGuide.service.RewardsService         : ** Processing to get reward points
2021-11-29 23:17:31.538  INFO 6224 --- [l-13-thread-186] tourGuide.service.RewardsService         : ** Processing to get reward points
2021-11-29 23:17:31.543  INFO 6224 --- [l-13-thread-176] tourGuide.service.RewardsService         : ** Processing to get reward points
2021-11-29 23:17:31.545  INFO 6224 --- [l-13-thread-126] tourGuide.service.RewardsService         : ** Processing to get reward points
2021-11-29 23:17:31.560  INFO 6224 --- [l-13-thread-152] tourGuide.service.RewardsService         : ** Processing to get reward points
2021-11-29 23:17:31.563  INFO 6224 --- [ol-13-thread-54] tourGuide.service.RewardsService         : ** Processing to get reward points
2021-11-29 23:17:31.563  INFO 6224 --- [l-13-thread-172] tourGuide.service.RewardsService         : ** Processing to get reward points
2021-11-29 23:17:31.564  INFO 6224 --- [ol-13-thread-66] tourGuide.service.RewardsService         : ** Processing to get reward points
2021-11-29 23:17:31.571  INFO 6224 --- [l-13-thread-156] tourGuide.service.RewardsService         : ** Processing to get reward points
2021-11-29 23:17:31.573  INFO 6224 --- [ol-13-thread-94] tourGuide.service.RewardsService         : ** Processing to get reward points
2021-11-29 23:17:31.575  INFO 6224 --- [ol-13-thread-74] tourGuide.service.RewardsService         : ** Processing to get reward points
2021-11-29 23:17:31.576  INFO 6224 --- [ol-13-thread-13] tourGuide.service.RewardsService         : ** Processing to get reward points
2021-11-29 23:17:31.577  INFO 6224 --- [l-13-thread-178] tourGuide.service.RewardsService         : ** Processing to get reward points
2021-11-29 23:17:31.581  INFO 6224 --- [l-13-thread-193] tourGuide.service.RewardsService         : ** Processing to get reward points
2021-11-29 23:17:31.584  INFO 6224 --- [ol-13-thread-79] tourGuide.service.RewardsService         : ** Processing to get reward points
2021-11-29 23:17:31.593  INFO 6224 --- [l-13-thread-191] tourGuide.service.RewardsService         : ** Processing to get reward points
2021-11-29 23:17:31.599  INFO 6224 --- [l-13-thread-133] tourGuide.service.RewardsService         : ** Processing to get reward points
2021-11-29 23:17:31.600  INFO 6224 --- [ol-13-thread-34] tourGuide.service.RewardsService         : ** Processing to get reward points
2021-11-29 23:17:31.606  INFO 6224 --- [l-13-thread-122] tourGuide.service.RewardsService         : ** Processing to get reward points
2021-11-29 23:17:31.613  INFO 6224 --- [ol-13-thread-94] tourGuide.service.RewardsService         : ** Processing to get reward points
2021-11-29 23:17:31.613  INFO 6224 --- [l-13-thread-192] tourGuide.service.RewardsService         : ** Processing to get reward points
2021-11-29 23:17:31.614  INFO 6224 --- [ol-13-thread-69] tourGuide.service.RewardsService         : ** Processing to get reward points
2021-11-29 23:17:31.622  INFO 6224 --- [l-13-thread-131] tourGuide.service.RewardsService         : ** Processing to get reward points
2021-11-29 23:17:31.624  INFO 6224 --- [ol-13-thread-35] tourGuide.service.RewardsService         : ** Processing to get reward points
2021-11-29 23:17:31.626  INFO 6224 --- [l-13-thread-142] tourGuide.service.RewardsService         : ** Processing to get reward points
2021-11-29 23:17:31.629  INFO 6224 --- [l-13-thread-140] tourGuide.service.RewardsService         : ** Processing to get reward points
2021-11-29 23:17:31.633  INFO 6224 --- [ol-13-thread-28] tourGuide.service.RewardsService         : ** Processing to get reward points
2021-11-29 23:17:31.634  INFO 6224 --- [ol-13-thread-12] tourGuide.service.RewardsService         : ** Processing to get reward points
2021-11-29 23:17:31.635  INFO 6224 --- [ol-13-thread-53] tourGuide.service.RewardsService         : ** Processing to get reward points
2021-11-29 23:17:31.636  INFO 6224 --- [l-13-thread-150] tourGuide.service.RewardsService         : ** Processing to get reward points
2021-11-29 23:17:31.641  INFO 6224 --- [ol-13-thread-85] tourGuide.service.RewardsService         : ** Processing to get reward points
2021-11-29 23:17:31.642  INFO 6224 --- [ol-13-thread-41] tourGuide.service.RewardsService         : ** Processing to get reward points
2021-11-29 23:17:31.642  INFO 6224 --- [ol-13-thread-38] tourGuide.service.RewardsService         : ** Processing to get reward points
2021-11-29 23:17:31.643  INFO 6224 --- [ol-13-thread-45] tourGuide.service.RewardsService         : ** Processing to get reward points
2021-11-29 23:17:31.644  INFO 6224 --- [l-13-thread-128] tourGuide.service.RewardsService         : ** Processing to get reward points
2021-11-29 23:17:31.651  INFO 6224 --- [ol-13-thread-63] tourGuide.service.RewardsService         : ** Processing to get reward points
2021-11-29 23:17:31.654  INFO 6224 --- [ol-13-thread-26] tourGuide.service.RewardsService         : ** Processing to get reward points
2021-11-29 23:17:31.657  INFO 6224 --- [ol-13-thread-44] tourGuide.service.RewardsService         : ** Processing to get reward points
2021-11-29 23:17:31.658  INFO 6224 --- [l-13-thread-175] tourGuide.service.RewardsService         : ** Processing to get reward points
2021-11-29 23:17:31.658  INFO 6224 --- [l-13-thread-134] tourGuide.service.RewardsService         : ** Processing to get reward points
2021-11-29 23:17:31.661  INFO 6224 --- [ool-13-thread-5] tourGuide.service.RewardsService         : ** Processing to get reward points
2021-11-29 23:17:31.662  INFO 6224 --- [ol-13-thread-67] tourGuide.service.RewardsService         : ** Processing to get reward points
2021-11-29 23:17:31.662  INFO 6224 --- [ol-13-thread-39] tourGuide.service.RewardsService         : ** Processing to get reward points
2021-11-29 23:17:31.664  INFO 6224 --- [ol-13-thread-14] tourGuide.service.RewardsService         : ** Processing to get reward points
2021-11-29 23:17:31.669  INFO 6224 --- [ool-13-thread-8] tourGuide.service.RewardsService         : ** Processing to get reward points
2021-11-29 23:17:31.670  INFO 6224 --- [l-13-thread-180] tourGuide.service.RewardsService         : ** Processing to get reward points
2021-11-29 23:17:31.674  INFO 6224 --- [ol-13-thread-84] tourGuide.service.RewardsService         : ** Processing to get reward points
2021-11-29 23:17:31.676  INFO 6224 --- [ol-13-thread-77] tourGuide.service.RewardsService         : ** Processing to get reward points
2021-11-29 23:17:31.678  INFO 6224 --- [l-13-thread-199] tourGuide.service.RewardsService         : ** Processing to get reward points
2021-11-29 23:17:31.678  INFO 6224 --- [ol-13-thread-55] tourGuide.service.RewardsService         : ** Processing to get reward points
2021-11-29 23:17:31.679  INFO 6224 --- [l-13-thread-188] tourGuide.service.RewardsService         : ** Processing to get reward points
2021-11-29 23:17:31.682  INFO 6224 --- [ol-13-thread-23] tourGuide.service.RewardsService         : ** Processing to get reward points
2021-11-29 23:17:31.684  INFO 6224 --- [ol-13-thread-46] tourGuide.service.RewardsService         : ** Processing to get reward points
2021-11-29 23:17:31.686  INFO 6224 --- [l-13-thread-187] tourGuide.service.RewardsService         : ** Processing to get reward points
2021-11-29 23:17:31.686  INFO 6224 --- [ol-13-thread-49] tourGuide.service.RewardsService         : ** Processing to get reward points
2021-11-29 23:17:31.690  INFO 6224 --- [ol-13-thread-50] tourGuide.service.RewardsService         : ** Processing to get reward points
2021-11-29 23:17:31.690  INFO 6224 --- [ol-13-thread-17] tourGuide.service.RewardsService         : ** Processing to get reward points
2021-11-29 23:17:31.692  INFO 6224 --- [l-13-thread-183] tourGuide.service.RewardsService         : ** Processing to get reward points
2021-11-29 23:17:31.693  INFO 6224 --- [l-13-thread-110] tourGuide.service.RewardsService         : ** Processing to get reward points
2021-11-29 23:17:31.695  INFO 6224 --- [l-13-thread-114] tourGuide.service.RewardsService         : ** Processing to get reward points
2021-11-29 23:17:31.699  INFO 6224 --- [ol-13-thread-75] tourGuide.service.RewardsService         : ** Processing to get reward points
2021-11-29 23:17:31.701  INFO 6224 --- [l-13-thread-190] tourGuide.service.RewardsService         : ** Processing to get reward points
2021-11-29 23:17:31.703  INFO 6224 --- [ol-13-thread-17] tourGuide.service.RewardsService         : ** Processing to get reward points
2021-11-29 23:17:31.710  INFO 6224 --- [l-13-thread-183] tourGuide.service.RewardsService         : ** Processing to get reward points
2021-11-29 23:17:31.712  INFO 6224 --- [ol-13-thread-52] tourGuide.service.RewardsService         : ** Processing to get reward points
2021-11-29 23:17:31.713  INFO 6224 --- [l-13-thread-106] tourGuide.service.RewardsService         : ** Processing to get reward points
2021-11-29 23:17:31.716  INFO 6224 --- [l-13-thread-154] tourGuide.service.RewardsService         : ** Processing to get reward points
2021-11-29 23:17:31.717  INFO 6224 --- [l-13-thread-113] tourGuide.service.RewardsService         : ** Processing to get reward points
2021-11-29 23:17:31.724  INFO 6224 --- [l-13-thread-194] tourGuide.service.RewardsService         : ** Processing to get reward points
2021-11-29 23:17:31.728  INFO 6224 --- [l-13-thread-100] tourGuide.service.RewardsService         : ** Processing to get reward points
2021-11-29 23:17:31.730  INFO 6224 --- [ol-13-thread-61] tourGuide.service.RewardsService         : ** Processing to get reward points
2021-11-29 23:17:31.734  INFO 6224 --- [l-13-thread-169] tourGuide.service.RewardsService         : ** Processing to get reward points
2021-11-29 23:17:31.737  INFO 6224 --- [ol-13-thread-77] tourGuide.service.RewardsService         : ** Processing to get reward points
2021-11-29 23:17:31.743  INFO 6224 --- [l-13-thread-121] tourGuide.service.RewardsService         : ** Processing to get reward points
2021-11-29 23:17:31.747  INFO 6224 --- [l-13-thread-177] tourGuide.service.RewardsService         : ** Processing to get reward points
2021-11-29 23:17:31.747  INFO 6224 --- [ol-13-thread-70] tourGuide.service.RewardsService         : ** Processing to get reward points
2021-11-29 23:17:31.748  INFO 6224 --- [l-13-thread-139] tourGuide.service.RewardsService         : ** Processing to get reward points
2021-11-29 23:17:31.750  INFO 6224 --- [ol-13-thread-20] tourGuide.service.RewardsService         : ** Processing to get reward points
2021-11-29 23:17:31.756  INFO 6224 --- [ool-13-thread-7] tourGuide.service.RewardsService         : ** Processing to get reward points
2021-11-29 23:17:31.759  INFO 6224 --- [l-13-thread-163] tourGuide.service.RewardsService         : ** Processing to get reward points
2021-11-29 23:17:31.759  INFO 6224 --- [ol-13-thread-21] tourGuide.service.RewardsService         : ** Processing to get reward points
2021-11-29 23:17:31.761  INFO 6224 --- [l-13-thread-136] tourGuide.service.RewardsService         : ** Processing to get reward points
2021-11-29 23:17:31.762  INFO 6224 --- [ol-13-thread-59] tourGuide.service.RewardsService         : ** Processing to get reward points
2021-11-29 23:17:31.764  INFO 6224 --- [l-13-thread-111] tourGuide.service.RewardsService         : ** Processing to get reward points
2021-11-29 23:17:31.769  INFO 6224 --- [ol-13-thread-37] tourGuide.service.RewardsService         : ** Processing to get reward points
2021-11-29 23:17:31.770  INFO 6224 --- [l-13-thread-189] tourGuide.service.RewardsService         : ** Processing to get reward points
2021-11-29 23:17:31.773  INFO 6224 --- [l-13-thread-182] tourGuide.service.RewardsService         : ** Processing to get reward points
2021-11-29 23:17:31.773  INFO 6224 --- [ol-13-thread-95] tourGuide.service.RewardsService         : ** Processing to get reward points
2021-11-29 23:17:31.773  INFO 6224 --- [l-13-thread-195] tourGuide.service.RewardsService         : ** Processing to get reward points
2021-11-29 23:17:31.774  INFO 6224 --- [ol-13-thread-97] tourGuide.service.RewardsService         : ** Processing to get reward points
2021-11-29 23:17:31.778  INFO 6224 --- [ol-13-thread-22] tourGuide.service.RewardsService         : ** Processing to get reward points
2021-11-29 23:17:31.780  INFO 6224 --- [l-13-thread-200] tourGuide.service.RewardsService         : ** Processing to get reward points
2021-11-29 23:17:31.783  INFO 6224 --- [ol-13-thread-21] tourGuide.service.RewardsService         : ** Processing to get reward points
2021-11-29 23:17:31.790  INFO 6224 --- [l-13-thread-115] tourGuide.service.RewardsService         : ** Processing to get reward points
2021-11-29 23:17:31.790  INFO 6224 --- [ol-13-thread-78] tourGuide.service.RewardsService         : ** Processing to get reward points
2021-11-29 23:17:31.793  INFO 6224 --- [ol-13-thread-16] tourGuide.service.RewardsService         : ** Processing to get reward points
2021-11-29 23:17:31.794  INFO 6224 --- [l-13-thread-130] tourGuide.service.RewardsService         : ** Processing to get reward points
2021-11-29 23:17:31.797  INFO 6224 --- [l-13-thread-164] tourGuide.service.RewardsService         : ** Processing to get reward points
2021-11-29 23:17:31.797  INFO 6224 --- [ol-13-thread-49] tourGuide.service.RewardsService         : ** Processing to get reward points
2021-11-29 23:17:31.798  INFO 6224 --- [l-13-thread-112] tourGuide.service.RewardsService         : ** Processing to get reward points
2021-11-29 23:17:31.801  INFO 6224 --- [ol-13-thread-19] tourGuide.service.RewardsService         : ** Processing to get reward points
2021-11-29 23:17:31.803  INFO 6224 --- [ol-13-thread-33] tourGuide.service.RewardsService         : ** Processing to get reward points
2021-11-29 23:17:31.804  INFO 6224 --- [ol-13-thread-68] tourGuide.service.RewardsService         : ** Processing to get reward points
2021-11-29 23:17:31.807  INFO 6224 --- [ol-13-thread-11] tourGuide.service.RewardsService         : ** Processing to get reward points
2021-11-29 23:17:31.807  INFO 6224 --- [ol-13-thread-96] tourGuide.service.RewardsService         : ** Processing to get reward points
2021-11-29 23:17:31.812  INFO 6224 --- [l-13-thread-173] tourGuide.service.RewardsService         : ** Processing to get reward points
2021-11-29 23:17:31.812  INFO 6224 --- [ol-13-thread-43] tourGuide.service.RewardsService         : ** Processing to get reward points
2021-11-29 23:17:31.813  INFO 6224 --- [l-13-thread-198] tourGuide.service.RewardsService         : ** Processing to get reward points
2021-11-29 23:17:31.815  INFO 6224 --- [l-13-thread-165] tourGuide.service.RewardsService         : ** Processing to get reward points
2021-11-29 23:17:31.815  INFO 6224 --- [l-13-thread-112] tourGuide.service.RewardsService         : ** Processing to get reward points
2021-11-29 23:17:31.816  INFO 6224 --- [l-13-thread-179] tourGuide.service.RewardsService         : ** Processing to get reward points
2021-11-29 23:17:31.817  INFO 6224 --- [ool-13-thread-3] tourGuide.service.RewardsService         : ** Processing to get reward points
2021-11-29 23:17:31.817  INFO 6224 --- [ol-13-thread-81] tourGuide.service.RewardsService         : ** Processing to get reward points
2021-11-29 23:17:31.817  INFO 6224 --- [ol-13-thread-15] tourGuide.service.RewardsService         : ** Processing to get reward points
2021-11-29 23:17:31.820  INFO 6224 --- [l-13-thread-146] tourGuide.service.RewardsService         : ** Processing to get reward points
2021-11-29 23:17:31.822  INFO 6224 --- [l-13-thread-144] tourGuide.service.RewardsService         : ** Processing to get reward points
2021-11-29 23:17:31.823  INFO 6224 --- [ol-13-thread-25] tourGuide.service.RewardsService         : ** Processing to get reward points
2021-11-29 23:17:31.824  INFO 6224 --- [ol-13-thread-45] tourGuide.service.RewardsService         : ** Processing to get reward points
2021-11-29 23:17:31.826  INFO 6224 --- [l-13-thread-102] tourGuide.service.RewardsService         : ** Processing to get reward points
2021-11-29 23:17:31.826  INFO 6224 --- [ol-13-thread-10] tourGuide.service.RewardsService         : ** Processing to get reward points
2021-11-29 23:17:31.827  INFO 6224 --- [l-13-thread-132] tourGuide.service.RewardsService         : ** Processing to get reward points
2021-11-29 23:17:31.828  INFO 6224 --- [l-13-thread-184] tourGuide.service.RewardsService         : ** Processing to get reward points
2021-11-29 23:17:31.828  INFO 6224 --- [l-13-thread-138] tourGuide.service.RewardsService         : ** Processing to get reward points
2021-11-29 23:17:31.828  INFO 6224 --- [l-13-thread-103] tourGuide.service.RewardsService         : ** Processing to get reward points
2021-11-29 23:17:31.829  INFO 6224 --- [l-13-thread-170] tourGuide.service.RewardsService         : ** Processing to get reward points
2021-11-29 23:17:31.834  INFO 6224 --- [ol-13-thread-93] tourGuide.service.RewardsService         : ** Processing to get reward points
2021-11-29 23:17:31.838  INFO 6224 --- [l-13-thread-125] tourGuide.service.RewardsService         : ** Processing to get reward points
2021-11-29 23:17:31.839  INFO 6224 --- [ol-13-thread-71] tourGuide.service.RewardsService         : ** Processing to get reward points
2021-11-29 23:17:31.841  INFO 6224 --- [l-13-thread-159] tourGuide.service.RewardsService         : ** Processing to get reward points
2021-11-29 23:17:31.844  INFO 6224 --- [l-13-thread-174] tourGuide.service.RewardsService         : ** Processing to get reward points
2021-11-29 23:17:31.844  INFO 6224 --- [l-13-thread-113] tourGuide.service.RewardsService         : ** Processing to get reward points
2021-11-29 23:17:31.845  INFO 6224 --- [ol-13-thread-27] tourGuide.service.RewardsService         : ** Processing to get reward points
2021-11-29 23:17:31.847  INFO 6224 --- [ol-13-thread-61] tourGuide.service.RewardsService         : ** Processing to get reward points
2021-11-29 23:17:31.847  INFO 6224 --- [ol-13-thread-87] tourGuide.service.RewardsService         : ** Processing to get reward points
2021-11-29 23:17:31.848  INFO 6224 --- [l-13-thread-117] tourGuide.service.RewardsService         : ** Processing to get reward points
2021-11-29 23:17:31.850  INFO 6224 --- [ol-13-thread-55] tourGuide.service.RewardsService         : ** Processing to get reward points
2021-11-29 23:17:31.850  INFO 6224 --- [ol-13-thread-57] tourGuide.service.RewardsService         : ** Processing to get reward points
2021-11-29 23:17:31.852  INFO 6224 --- [l-13-thread-124] tourGuide.service.RewardsService         : ** Processing to get reward points
2021-11-29 23:17:31.854  INFO 6224 --- [l-13-thread-155] tourGuide.service.RewardsService         : ** Processing to get reward points
2021-11-29 23:17:31.854  INFO 6224 --- [l-13-thread-116] tourGuide.service.RewardsService         : ** Processing to get reward points
2021-11-29 23:17:31.856  INFO 6224 --- [l-13-thread-118] tourGuide.service.RewardsService         : ** Processing to get reward points
2021-11-29 23:17:31.859  INFO 6224 --- [ol-13-thread-47] tourGuide.service.RewardsService         : ** Processing to get reward points
2021-11-29 23:17:31.859  INFO 6224 --- [l-13-thread-153] tourGuide.service.RewardsService         : ** Processing to get reward points
2021-11-29 23:17:31.863  INFO 6224 --- [l-13-thread-185] tourGuide.service.RewardsService         : ** Processing to get reward points
2021-11-29 23:17:31.867  INFO 6224 --- [l-13-thread-193] tourGuide.service.RewardsService         : ** Processing to get reward points
2021-11-29 23:17:31.872  INFO 6224 --- [l-13-thread-186] tourGuide.service.RewardsService         : ** Processing to get reward points
2021-11-29 23:17:31.880  INFO 6224 --- [l-13-thread-122] tourGuide.service.RewardsService         : ** Processing to get reward points
2021-11-29 23:17:31.880  INFO 6224 --- [l-13-thread-194] tourGuide.service.RewardsService         : ** Processing to get reward points
2021-11-29 23:17:31.882  INFO 6224 --- [ol-13-thread-78] tourGuide.service.RewardsService         : ** Processing to get reward points
2021-11-29 23:17:31.882  INFO 6224 --- [ool-13-thread-9] tourGuide.service.RewardsService         : ** Processing to get reward points
2021-11-29 23:17:31.888  INFO 6224 --- [l-13-thread-157] tourGuide.service.RewardsService         : ** Processing to get reward points
2021-11-29 23:17:31.889  INFO 6224 --- [ol-13-thread-63] tourGuide.service.RewardsService         : ** Processing to get reward points
2021-11-29 23:17:31.890  INFO 6224 --- [ol-13-thread-82] tourGuide.service.RewardsService         : ** Processing to get reward points
2021-11-29 23:17:31.907  INFO 6224 --- [l-13-thread-159] tourGuide.service.RewardsService         : ** Processing to get reward points
2021-11-29 23:17:31.908  INFO 6224 --- [l-13-thread-117] tourGuide.service.RewardsService         : ** Processing to get reward points
2021-11-29 23:17:31.908  INFO 6224 --- [ol-13-thread-34] tourGuide.service.RewardsService         : ** Processing to get reward points
2021-11-29 23:17:31.910  INFO 6224 --- [ol-13-thread-91] tourGuide.service.RewardsService         : ** Processing to get reward points
2021-11-29 23:17:31.912  INFO 6224 --- [ol-13-thread-15] tourGuide.service.RewardsService         : ** Processing to get reward points
2021-11-29 23:17:31.914  INFO 6224 --- [ol-13-thread-53] tourGuide.service.RewardsService         : ** Processing to get reward points
2021-11-29 23:17:31.919  INFO 6224 --- [l-13-thread-139] tourGuide.service.RewardsService         : ** Processing to get reward points
2021-11-29 23:17:31.920  INFO 6224 --- [l-13-thread-119] tourGuide.service.RewardsService         : ** Processing to get reward points
2021-11-29 23:17:31.921  INFO 6224 --- [l-13-thread-176] tourGuide.service.RewardsService         : ** Processing to get reward points
2021-11-29 23:17:31.924  INFO 6224 --- [l-13-thread-104] tourGuide.service.RewardsService         : ** Processing to get reward points
2021-11-29 23:17:31.925  INFO 6224 --- [l-13-thread-142] tourGuide.service.RewardsService         : ** Processing to get reward points
2021-11-29 23:17:31.925  INFO 6224 --- [ol-13-thread-38] tourGuide.service.RewardsService         : ** Processing to get reward points
2021-11-29 23:17:31.927  INFO 6224 --- [ol-13-thread-89] tourGuide.service.RewardsService         : ** Processing to get reward points
2021-11-29 23:17:31.927  INFO 6224 --- [ol-13-thread-93] tourGuide.service.RewardsService         : ** Processing to get reward points
2021-11-29 23:17:31.929  INFO 6224 --- [ol-13-thread-36] tourGuide.service.RewardsService         : ** Processing to get reward points
2021-11-29 23:17:31.929  INFO 6224 --- [l-13-thread-117] tourGuide.service.RewardsService         : ** Processing to get reward points
2021-11-29 23:17:31.934  INFO 6224 --- [l-13-thread-180] tourGuide.service.RewardsService         : ** Processing to get reward points
2021-11-29 23:17:31.934  INFO 6224 --- [l-13-thread-172] tourGuide.service.RewardsService         : ** Processing to get reward points
2021-11-29 23:17:31.937  INFO 6224 --- [ol-13-thread-30] tourGuide.service.RewardsService         : ** Processing to get reward points
2021-11-29 23:17:31.940  INFO 6224 --- [ol-13-thread-45] tourGuide.service.RewardsService         : ** Processing to get reward points
2021-11-29 23:17:31.948  INFO 6224 --- [l-13-thread-165] tourGuide.service.RewardsService         : ** Processing to get reward points
2021-11-29 23:17:31.955  INFO 6224 --- [l-13-thread-176] tourGuide.service.RewardsService         : ** Processing to get reward points
2021-11-29 23:17:31.956  INFO 6224 --- [l-13-thread-161] tourGuide.service.RewardsService         : ** Processing to get reward points
2021-11-29 23:17:31.956  INFO 6224 --- [l-13-thread-101] tourGuide.service.RewardsService         : ** Processing to get reward points
2021-11-29 23:17:31.957  INFO 6224 --- [l-13-thread-158] tourGuide.service.RewardsService         : ** Processing to get reward points
2021-11-29 23:17:31.958  INFO 6224 --- [l-13-thread-200] tourGuide.service.RewardsService         : ** Processing to get reward points
2021-11-29 23:17:31.962  INFO 6224 --- [ol-13-thread-80] tourGuide.service.RewardsService         : ** Processing to get reward points
2021-11-29 23:17:31.965  INFO 6224 --- [l-13-thread-176] tourGuide.service.RewardsService         : ** Processing to get reward points
2021-11-29 23:17:31.971  INFO 6224 --- [l-13-thread-127] tourGuide.service.RewardsService         : ** Processing to get reward points
2021-11-29 23:17:31.971  INFO 6224 --- [l-13-thread-168] tourGuide.service.RewardsService         : ** Processing to get reward points
2021-11-29 23:17:31.973  INFO 6224 --- [ol-13-thread-78] tourGuide.service.RewardsService         : ** Processing to get reward points
2021-11-29 23:17:31.975  INFO 6224 --- [ol-13-thread-99] tourGuide.service.RewardsService         : ** Processing to get reward points
2021-11-29 23:17:31.976  INFO 6224 --- [l-13-thread-134] tourGuide.service.RewardsService         : ** Processing to get reward points
2021-11-29 23:17:31.984  INFO 6224 --- [l-13-thread-173] tourGuide.service.RewardsService         : ** Processing to get reward points
2021-11-29 23:17:31.984  INFO 6224 --- [l-13-thread-109] tourGuide.service.RewardsService         : ** Processing to get reward points
2021-11-29 23:17:31.984  INFO 6224 --- [ol-13-thread-18] tourGuide.service.RewardsService         : ** Processing to get reward points
2021-11-29 23:17:31.987  INFO 6224 --- [ool-13-thread-2] tourGuide.service.RewardsService         : ** Processing to get reward points
2021-11-29 23:17:31.990  INFO 6224 --- [ol-13-thread-94] tourGuide.service.RewardsService         : ** Processing to get reward points
2021-11-29 23:17:31.991  INFO 6224 --- [l-13-thread-129] tourGuide.service.RewardsService         : ** Processing to get reward points
2021-11-29 23:17:31.993  INFO 6224 --- [ool-13-thread-6] tourGuide.service.RewardsService         : ** Processing to get reward points
2021-11-29 23:17:31.998  INFO 6224 --- [ol-13-thread-60] tourGuide.service.RewardsService         : ** Processing to get reward points
2021-11-29 23:17:32.001  INFO 6224 --- [ol-13-thread-32] tourGuide.service.RewardsService         : ** Processing to get reward points
2021-11-29 23:17:32.003  INFO 6224 --- [l-13-thread-135] tourGuide.service.RewardsService         : ** Processing to get reward points
2021-11-29 23:17:32.003  INFO 6224 --- [l-13-thread-156] tourGuide.service.RewardsService         : ** Processing to get reward points
2021-11-29 23:17:32.008  INFO 6224 --- [l-13-thread-152] tourGuide.service.RewardsService         : ** Processing to get reward points
2021-11-29 23:17:32.010  INFO 6224 --- [l-13-thread-143] tourGuide.service.RewardsService         : ** Processing to get reward points
2021-11-29 23:17:32.010  INFO 6224 --- [ol-13-thread-55] tourGuide.service.RewardsService         : ** Processing to get reward points
2021-11-29 23:17:32.010  INFO 6224 --- [ol-13-thread-62] tourGuide.service.RewardsService         : ** Processing to get reward points
2021-11-29 23:17:32.013  INFO 6224 --- [ol-13-thread-92] tourGuide.service.RewardsService         : ** Processing to get reward points
2021-11-29 23:17:32.014  INFO 6224 --- [l-13-thread-153] tourGuide.service.RewardsService         : ** Processing to get reward points
2021-11-29 23:17:32.014  INFO 6224 --- [ol-13-thread-10] tourGuide.service.RewardsService         : ** Processing to get reward points
2021-11-29 23:17:32.018  INFO 6224 --- [ol-13-thread-55] tourGuide.service.RewardsService         : ** Processing to get reward points
2021-11-29 23:17:32.024  INFO 6224 --- [l-13-thread-120] tourGuide.service.RewardsService         : ** Processing to get reward points
2021-11-29 23:17:32.024  INFO 6224 --- [l-13-thread-180] tourGuide.service.RewardsService         : ** Processing to get reward points
2021-11-29 23:17:32.031  INFO 6224 --- [ol-13-thread-45] tourGuide.service.RewardsService         : ** Processing to get reward points
2021-11-29 23:17:32.032  INFO 6224 --- [l-13-thread-178] tourGuide.service.RewardsService         : ** Processing to get reward points
2021-11-29 23:17:32.035  INFO 6224 --- [ol-13-thread-16] tourGuide.service.RewardsService         : ** Processing to get reward points
2021-11-29 23:17:32.037  INFO 6224 --- [l-13-thread-150] tourGuide.service.RewardsService         : ** Processing to get reward points
2021-11-29 23:17:32.045  INFO 6224 --- [ol-13-thread-24] tourGuide.service.RewardsService         : ** Processing to get reward points
2021-11-29 23:17:32.046  INFO 6224 --- [ol-13-thread-72] tourGuide.service.RewardsService         : ** Processing to get reward points
2021-11-29 23:17:32.046  INFO 6224 --- [ol-13-thread-65] tourGuide.service.RewardsService         : ** Processing to get reward points
2021-11-29 23:17:32.047  INFO 6224 --- [ol-13-thread-89] tourGuide.service.RewardsService         : ** Processing to get reward points
2021-11-29 23:17:32.050  INFO 6224 --- [ol-13-thread-22] tourGuide.service.RewardsService         : ** Processing to get reward points
2021-11-29 23:17:32.050  INFO 6224 --- [ol-13-thread-56] tourGuide.service.RewardsService         : ** Processing to get reward points
2021-11-29 23:17:32.055  INFO 6224 --- [l-13-thread-137] tourGuide.service.RewardsService         : ** Processing to get reward points
2021-11-29 23:17:32.061  INFO 6224 --- [l-13-thread-123] tourGuide.service.RewardsService         : ** Processing to get reward points
2021-11-29 23:17:32.063  INFO 6224 --- [ol-13-thread-86] tourGuide.service.RewardsService         : ** Processing to get reward points
2021-11-29 23:17:32.067  INFO 6224 --- [l-13-thread-166] tourGuide.service.RewardsService         : ** Processing to get reward points
2021-11-29 23:17:32.070  INFO 6224 --- [ol-13-thread-83] tourGuide.service.RewardsService         : ** Processing to get reward points
2021-11-29 23:17:32.078  INFO 6224 --- [ol-13-thread-45] tourGuide.service.RewardsService         : ** Processing to get reward points
2021-11-29 23:17:32.078  INFO 6224 --- [l-13-thread-162] tourGuide.service.RewardsService         : ** Processing to get reward points
2021-11-29 23:17:32.081  INFO 6224 --- [ol-13-thread-48] tourGuide.service.RewardsService         : ** Processing to get reward points
2021-11-29 23:17:32.084  INFO 6224 --- [ool-13-thread-1] tourGuide.service.RewardsService         : ** Processing to get reward points
2021-11-29 23:17:32.087  INFO 6224 --- [ol-13-thread-58] tourGuide.service.RewardsService         : ** Processing to get reward points
2021-11-29 23:17:32.090  INFO 6224 --- [ol-13-thread-69] tourGuide.service.RewardsService         : ** Processing to get reward points
2021-11-29 23:17:32.090  INFO 6224 --- [l-13-thread-131] tourGuide.service.RewardsService         : ** Processing to get reward points
2021-11-29 23:17:32.097  INFO 6224 --- [l-13-thread-104] tourGuide.service.RewardsService         : ** Processing to get reward points
2021-11-29 23:17:32.097  INFO 6224 --- [ol-13-thread-59] tourGuide.service.RewardsService         : ** Processing to get reward points
2021-11-29 23:17:32.100  INFO 6224 --- [ol-13-thread-76] tourGuide.service.RewardsService         : ** Processing to get reward points
2021-11-29 23:17:32.103  INFO 6224 --- [ol-13-thread-90] tourGuide.service.RewardsService         : ** Processing to get reward points
2021-11-29 23:17:32.106  INFO 6224 --- [ol-13-thread-68] tourGuide.service.RewardsService         : ** Processing to get reward points
2021-11-29 23:17:32.109  INFO 6224 --- [ol-13-thread-48] tourGuide.service.RewardsService         : ** Processing to get reward points
2021-11-29 23:17:32.109  INFO 6224 --- [l-13-thread-109] tourGuide.service.RewardsService         : ** Processing to get reward points
2021-11-29 23:17:32.111  INFO 6224 --- [l-13-thread-196] tourGuide.service.RewardsService         : ** Processing to get reward points
2021-11-29 23:17:32.113  INFO 6224 --- [ol-13-thread-39] tourGuide.service.RewardsService         : ** Processing to get reward points
2021-11-29 23:17:32.114  INFO 6224 --- [ol-13-thread-82] tourGuide.service.RewardsService         : ** Processing to get reward points
2021-11-29 23:17:32.120  INFO 6224 --- [ol-13-thread-78] tourGuide.service.RewardsService         : ** Processing to get reward points
2021-11-29 23:17:32.122  INFO 6224 --- [l-13-thread-155] tourGuide.service.RewardsService         : ** Processing to get reward points
2021-11-29 23:17:32.124  INFO 6224 --- [l-13-thread-124] tourGuide.service.RewardsService         : ** Processing to get reward points
2021-11-29 23:17:32.128  INFO 6224 --- [ol-13-thread-75] tourGuide.service.RewardsService         : ** Processing to get reward points
2021-11-29 23:17:32.130  INFO 6224 --- [l-13-thread-147] tourGuide.service.RewardsService         : ** Processing to get reward points
2021-11-29 23:17:32.130  INFO 6224 --- [l-13-thread-115] tourGuide.service.RewardsService         : ** Processing to get reward points
2021-11-29 23:17:32.132  INFO 6224 --- [l-13-thread-167] tourGuide.service.RewardsService         : ** Processing to get reward points
2021-11-29 23:17:32.136  INFO 6224 --- [l-13-thread-192] tourGuide.service.RewardsService         : ** Processing to get reward points
2021-11-29 23:17:32.140  INFO 6224 --- [ol-13-thread-54] tourGuide.service.RewardsService         : ** Processing to get reward points
2021-11-29 23:17:32.146  INFO 6224 --- [l-13-thread-192] tourGuide.service.RewardsService         : ** Processing to get reward points
2021-11-29 23:17:32.148  INFO 6224 --- [l-13-thread-196] tourGuide.service.RewardsService         : ** Processing to get reward points
2021-11-29 23:17:32.154  INFO 6224 --- [ol-13-thread-91] tourGuide.service.RewardsService         : ** Processing to get reward points
2021-11-29 23:17:32.154  INFO 6224 --- [l-13-thread-169] tourGuide.service.RewardsService         : ** Processing to get reward points
2021-11-29 23:17:32.157  INFO 6224 --- [ol-13-thread-28] tourGuide.service.RewardsService         : ** Processing to get reward points
2021-11-29 23:17:32.157  INFO 6224 --- [ol-13-thread-31] tourGuide.service.RewardsService         : ** Processing to get reward points
2021-11-29 23:17:32.164  INFO 6224 --- [l-13-thread-180] tourGuide.service.RewardsService         : ** Processing to get reward points
2021-11-29 23:17:32.178  INFO 6224 --- [l-13-thread-115] tourGuide.service.RewardsService         : ** Processing to get reward points
2021-11-29 23:17:32.181  INFO 6224 --- [l-13-thread-146] tourGuide.service.RewardsService         : ** Processing to get reward points
2021-11-29 23:17:32.183  INFO 6224 --- [ol-13-thread-63] tourGuide.service.RewardsService         : ** Processing to get reward points
2021-11-29 23:17:32.187  INFO 6224 --- [l-13-thread-109] tourGuide.service.RewardsService         : ** Processing to get reward points
2021-11-29 23:17:32.187  INFO 6224 --- [l-13-thread-181] tourGuide.service.RewardsService         : ** Processing to get reward points
2021-11-29 23:17:32.189  INFO 6224 --- [l-13-thread-145] tourGuide.service.RewardsService         : ** Processing to get reward points
2021-11-29 23:17:32.192  INFO 6224 --- [l-13-thread-154] tourGuide.service.RewardsService         : ** Processing to get reward points
2021-11-29 23:17:32.199  INFO 6224 --- [ol-13-thread-69] tourGuide.service.RewardsService         : ** Processing to get reward points
2021-11-29 23:17:32.201  INFO 6224 --- [l-13-thread-148] tourGuide.service.RewardsService         : ** Processing to get reward points
2021-11-29 23:17:32.203  INFO 6224 --- [l-13-thread-126] tourGuide.service.RewardsService         : ** Processing to get reward points
2021-11-29 23:17:32.210  INFO 6224 --- [ol-13-thread-42] tourGuide.service.RewardsService         : ** Processing to get reward points
2021-11-29 23:17:32.212  INFO 6224 --- [l-13-thread-111] tourGuide.service.RewardsService         : ** Processing to get reward points
2021-11-29 23:17:32.213  INFO 6224 --- [l-13-thread-164] tourGuide.service.RewardsService         : ** Processing to get reward points
2021-11-29 23:17:32.214  INFO 6224 --- [l-13-thread-163] tourGuide.service.RewardsService         : ** Processing to get reward points
2021-11-29 23:17:32.215  INFO 6224 --- [l-13-thread-128] tourGuide.service.RewardsService         : ** Processing to get reward points
2021-11-29 23:17:32.219  INFO 6224 --- [ool-13-thread-5] tourGuide.service.RewardsService         : ** Processing to get reward points
2021-11-29 23:17:32.219  INFO 6224 --- [l-13-thread-138] tourGuide.service.RewardsService         : ** Processing to get reward points
2021-11-29 23:17:32.232  INFO 6224 --- [l-13-thread-145] tourGuide.service.RewardsService         : ** Processing to get reward points
2021-11-29 23:17:32.237  INFO 6224 --- [ol-13-thread-85] tourGuide.service.RewardsService         : ** Processing to get reward points
2021-11-29 23:17:32.240  INFO 6224 --- [ol-13-thread-62] tourGuide.service.RewardsService         : ** Processing to get reward points
2021-11-29 23:17:32.241  INFO 6224 --- [l-13-thread-161] tourGuide.service.RewardsService         : ** Processing to get reward points
2021-11-29 23:17:32.244  INFO 6224 --- [l-13-thread-158] tourGuide.service.RewardsService         : ** Processing to get reward points
2021-11-29 23:17:32.248  INFO 6224 --- [l-13-thread-171] tourGuide.service.RewardsService         : ** Processing to get reward points
2021-11-29 23:17:32.250  INFO 6224 --- [ol-13-thread-16] tourGuide.service.RewardsService         : ** Processing to get reward points
2021-11-29 23:17:32.252  INFO 6224 --- [l-13-thread-197] tourGuide.service.RewardsService         : ** Processing to get reward points
2021-11-29 23:17:32.254  INFO 6224 --- [l-13-thread-120] tourGuide.service.RewardsService         : ** Processing to get reward points
2021-11-29 23:17:32.255  INFO 6224 --- [ol-13-thread-73] tourGuide.service.RewardsService         : ** Processing to get reward points
2021-11-29 23:17:32.255  INFO 6224 --- [l-13-thread-160] tourGuide.service.RewardsService         : ** Processing to get reward points
2021-11-29 23:17:32.257  INFO 6224 --- [ol-13-thread-12] tourGuide.service.RewardsService         : ** Processing to get reward points
2021-11-29 23:17:32.260  INFO 6224 --- [l-13-thread-109] tourGuide.service.RewardsService         : ** Processing to get reward points
2021-11-29 23:17:32.260  INFO 6224 --- [ol-13-thread-65] tourGuide.service.RewardsService         : ** Processing to get reward points
2021-11-29 23:17:32.263  INFO 6224 --- [l-13-thread-184] tourGuide.service.RewardsService         : ** Processing to get reward points
2021-11-29 23:17:32.267  INFO 6224 --- [ol-13-thread-11] tourGuide.service.RewardsService         : ** Processing to get reward points
2021-11-29 23:17:32.267  INFO 6224 --- [ol-13-thread-42] tourGuide.service.RewardsService         : ** Processing to get reward points
2021-11-29 23:17:32.274  INFO 6224 --- [l-13-thread-135] tourGuide.service.RewardsService         : ** Processing to get reward points
2021-11-29 23:17:32.276  INFO 6224 --- [l-13-thread-108] tourGuide.service.RewardsService         : ** Processing to get reward points
2021-11-29 23:17:32.278  INFO 6224 --- [l-13-thread-191] tourGuide.service.RewardsService         : ** Processing to get reward points
2021-11-29 23:17:32.280  INFO 6224 --- [ol-13-thread-84] tourGuide.service.RewardsService         : ** Processing to get reward points
2021-11-29 23:17:32.281  INFO 6224 --- [ool-13-thread-3] tourGuide.service.RewardsService         : ** Processing to get reward points
2021-11-29 23:17:32.282  INFO 6224 --- [l-13-thread-112] tourGuide.service.RewardsService         : ** Processing to get reward points
2021-11-29 23:17:32.288  INFO 6224 --- [ol-13-thread-92] tourGuide.service.RewardsService         : ** Processing to get reward points
2021-11-29 23:17:32.290  INFO 6224 --- [ool-13-thread-4] tourGuide.service.RewardsService         : ** Processing to get reward points
2021-11-29 23:17:32.292  INFO 6224 --- [l-13-thread-137] tourGuide.service.RewardsService         : ** Processing to get reward points
2021-11-29 23:17:32.296  INFO 6224 --- [ol-13-thread-70] tourGuide.service.RewardsService         : ** Processing to get reward points
2021-11-29 23:17:32.296  INFO 6224 --- [ol-13-thread-93] tourGuide.service.RewardsService         : ** Processing to get reward points
2021-11-29 23:17:32.296  INFO 6224 --- [ol-13-thread-40] tourGuide.service.RewardsService         : ** Processing to get reward points
2021-11-29 23:17:32.296  INFO 6224 --- [ol-13-thread-52] tourGuide.service.RewardsService         : ** Processing to get reward points
2021-11-29 23:17:32.298  INFO 6224 --- [ol-13-thread-16] tourGuide.service.RewardsService         : ** Processing to get reward points
2021-11-29 23:17:32.302  INFO 6224 --- [ol-13-thread-46] tourGuide.service.RewardsService         : ** Processing to get reward points
2021-11-29 23:17:32.307  INFO 6224 --- [ol-13-thread-98] tourGuide.service.RewardsService         : ** Processing to get reward points
2021-11-29 23:17:32.307  INFO 6224 --- [l-13-thread-159] tourGuide.service.RewardsService         : ** Processing to get reward points
2021-11-29 23:17:32.308  INFO 6224 --- [l-13-thread-136] tourGuide.service.RewardsService         : ** Processing to get reward points
2021-11-29 23:17:32.309  INFO 6224 --- [l-13-thread-175] tourGuide.service.RewardsService         : ** Processing to get reward points
2021-11-29 23:17:32.312  INFO 6224 --- [ool-13-thread-1] tourGuide.service.RewardsService         : ** Processing to get reward points
2021-11-29 23:17:32.312  INFO 6224 --- [ol-13-thread-65] tourGuide.service.RewardsService         : ** Processing to get reward points
2021-11-29 23:17:32.315  INFO 6224 --- [l-13-thread-170] tourGuide.service.RewardsService         : ** Processing to get reward points
2021-11-29 23:17:32.319  INFO 6224 --- [l-13-thread-105] tourGuide.service.RewardsService         : ** Processing to get reward points
2021-11-29 23:17:32.326  INFO 6224 --- [l-13-thread-147] tourGuide.service.RewardsService         : ** Processing to get reward points
2021-11-29 23:17:32.327  INFO 6224 --- [ol-13-thread-58] tourGuide.service.RewardsService         : ** Processing to get reward points
2021-11-29 23:17:32.328  INFO 6224 --- [l-13-thread-168] tourGuide.service.RewardsService         : ** Processing to get reward points
2021-11-29 23:17:32.335  INFO 6224 --- [l-13-thread-200] tourGuide.service.RewardsService         : ** Processing to get reward points
2021-11-29 23:17:32.336  INFO 6224 --- [ol-13-thread-64] tourGuide.service.RewardsService         : ** Processing to get reward points
2021-11-29 23:17:32.338  INFO 6224 --- [l-13-thread-151] tourGuide.service.RewardsService         : ** Processing to get reward points
2021-11-29 23:17:32.342  INFO 6224 --- [l-13-thread-139] tourGuide.service.RewardsService         : ** Processing to get reward points
2021-11-29 23:17:32.343  INFO 6224 --- [l-13-thread-198] tourGuide.service.RewardsService         : ** Processing to get reward points
2021-11-29 23:17:32.346  INFO 6224 --- [ool-13-thread-6] tourGuide.service.RewardsService         : ** Processing to get reward points
2021-11-29 23:17:32.352  INFO 6224 --- [l-13-thread-140] tourGuide.service.RewardsService         : ** Processing to get reward points
2021-11-29 23:17:32.356  INFO 6224 --- [l-13-thread-107] tourGuide.service.RewardsService         : ** Processing to get reward points
2021-11-29 23:17:32.356  INFO 6224 --- [ol-13-thread-59] tourGuide.service.RewardsService         : ** Processing to get reward points
2021-11-29 23:17:32.356  INFO 6224 --- [ol-13-thread-96] tourGuide.service.RewardsService         : ** Processing to get reward points
2021-11-29 23:17:32.361  INFO 6224 --- [l-13-thread-161] tourGuide.service.RewardsService         : ** Processing to get reward points
2021-11-29 23:17:32.361  INFO 6224 --- [ol-13-thread-82] tourGuide.service.RewardsService         : ** Processing to get reward points
2021-11-29 23:17:32.364  INFO 6224 --- [l-13-thread-173] tourGuide.service.RewardsService         : ** Processing to get reward points
2021-11-29 23:17:32.366  INFO 6224 --- [l-13-thread-148] tourGuide.service.RewardsService         : ** Processing to get reward points
2021-11-29 23:17:32.369  INFO 6224 --- [ol-13-thread-79] tourGuide.service.RewardsService         : ** Processing to get reward points
2021-11-29 23:17:32.373  INFO 6224 --- [l-13-thread-197] tourGuide.service.RewardsService         : ** Processing to get reward points
2021-11-29 23:17:32.374  INFO 6224 --- [l-13-thread-113] tourGuide.service.RewardsService         : ** Processing to get reward points
2021-11-29 23:17:32.377  INFO 6224 --- [ol-13-thread-89] tourGuide.service.RewardsService         : ** Processing to get reward points
2021-11-29 23:17:32.377  INFO 6224 --- [l-13-thread-149] tourGuide.service.RewardsService         : ** Processing to get reward points
2021-11-29 23:17:32.377  INFO 6224 --- [ol-13-thread-29] tourGuide.service.RewardsService         : ** Processing to get reward points
2021-11-29 23:17:32.378  INFO 6224 --- [ol-13-thread-51] tourGuide.service.RewardsService         : ** Processing to get reward points
2021-11-29 23:17:32.379  INFO 6224 --- [l-13-thread-136] tourGuide.service.RewardsService         : ** Processing to get reward points
2021-11-29 23:17:32.379  INFO 6224 --- [ol-13-thread-88] tourGuide.service.RewardsService         : ** Processing to get reward points
2021-11-29 23:17:32.379  INFO 6224 --- [ol-13-thread-47] tourGuide.service.RewardsService         : ** Processing to get reward points
2021-11-29 23:17:32.382  INFO 6224 --- [l-13-thread-162] tourGuide.service.RewardsService         : ** Processing to get reward points
2021-11-29 23:17:32.382  INFO 6224 --- [l-13-thread-179] tourGuide.service.RewardsService         : ** Processing to get reward points
2021-11-29 23:17:32.388  INFO 6224 --- [ol-13-thread-88] tourGuide.service.RewardsService         : ** Processing to get reward points
2021-11-29 23:17:32.391  INFO 6224 --- [ol-13-thread-44] tourGuide.service.RewardsService         : ** Processing to get reward points
2021-11-29 23:17:32.391  INFO 6224 --- [l-13-thread-142] tourGuide.service.RewardsService         : ** Processing to get reward points
2021-11-29 23:17:32.391  INFO 6224 --- [l-13-thread-116] tourGuide.service.RewardsService         : ** Processing to get reward points
2021-11-29 23:17:32.394  INFO 6224 --- [ol-13-thread-79] tourGuide.service.RewardsService         : ** Processing to get reward points
2021-11-29 23:17:32.397  INFO 6224 --- [l-13-thread-110] tourGuide.service.RewardsService         : ** Processing to get reward points
2021-11-29 23:17:32.407  INFO 6224 --- [l-13-thread-186] tourGuide.service.RewardsService         : ** Processing to get reward points
2021-11-29 23:17:32.410  INFO 6224 --- [l-13-thread-152] tourGuide.service.RewardsService         : ** Processing to get reward points
2021-11-29 23:17:32.423  INFO 6224 --- [l-13-thread-177] tourGuide.service.RewardsService         : ** Processing to get reward points
2021-11-29 23:17:32.423  INFO 6224 --- [l-13-thread-129] tourGuide.service.RewardsService         : ** Processing to get reward points
2021-11-29 23:17:32.423  INFO 6224 --- [l-13-thread-195] tourGuide.service.RewardsService         : ** Processing to get reward points
2021-11-29 23:17:32.426  INFO 6224 --- [l-13-thread-194] tourGuide.service.RewardsService         : ** Processing to get reward points
2021-11-29 23:17:32.427  INFO 6224 --- [l-13-thread-117] tourGuide.service.RewardsService         : ** Processing to get reward points
2021-11-29 23:17:32.428  INFO 6224 --- [ool-13-thread-7] tourGuide.service.RewardsService         : ** Processing to get reward points
2021-11-29 23:17:32.428  INFO 6224 --- [l-13-thread-140] tourGuide.service.RewardsService         : ** Processing to get reward points
2021-11-29 23:17:32.431  INFO 6224 --- [l-13-thread-125] tourGuide.service.RewardsService         : ** Processing to get reward points
2021-11-29 23:17:32.433  INFO 6224 --- [l-13-thread-193] tourGuide.service.RewardsService         : ** Processing to get reward points
2021-11-29 23:17:32.435  INFO 6224 --- [ol-13-thread-50] tourGuide.service.RewardsService         : ** Processing to get reward points
2021-11-29 23:17:32.436  INFO 6224 --- [l-13-thread-168] tourGuide.service.RewardsService         : ** Processing to get reward points
2021-11-29 23:17:32.443  INFO 6224 --- [ol-13-thread-38] tourGuide.service.RewardsService         : ** Processing to get reward points
2021-11-29 23:17:32.443  INFO 6224 --- [l-13-thread-117] tourGuide.service.RewardsService         : ** Processing to get reward points
2021-11-29 23:17:32.443  INFO 6224 --- [ol-13-thread-33] tourGuide.service.RewardsService         : ** Processing to get reward points
2021-11-29 23:17:32.446  INFO 6224 --- [l-13-thread-136] tourGuide.service.RewardsService         : ** Processing to get reward points
2021-11-29 23:17:32.447  INFO 6224 --- [ol-13-thread-44] tourGuide.service.RewardsService         : ** Processing to get reward points
2021-11-29 23:17:32.452  INFO 6224 --- [ol-13-thread-27] tourGuide.service.RewardsService         : ** Processing to get reward points
2021-11-29 23:17:32.453  INFO 6224 --- [ool-13-thread-5] tourGuide.service.RewardsService         : ** Processing to get reward points
2021-11-29 23:17:32.454  INFO 6224 --- [l-13-thread-103] tourGuide.service.RewardsService         : ** Processing to get reward points
2021-11-29 23:17:32.455  INFO 6224 --- [ol-13-thread-80] tourGuide.service.RewardsService         : ** Processing to get reward points
2021-11-29 23:17:32.459  INFO 6224 --- [l-13-thread-163] tourGuide.service.RewardsService         : ** Processing to get reward points
2021-11-29 23:17:32.462  INFO 6224 --- [ool-13-thread-3] tourGuide.service.RewardsService         : ** Processing to get reward points
2021-11-29 23:17:32.464  INFO 6224 --- [l-13-thread-113] tourGuide.service.RewardsService         : ** Processing to get reward points
2021-11-29 23:17:32.464  INFO 6224 --- [l-13-thread-161] tourGuide.service.RewardsService         : ** Processing to get reward points
2021-11-29 23:17:32.464  INFO 6224 --- [ol-13-thread-54] tourGuide.service.RewardsService         : ** Processing to get reward points
2021-11-29 23:17:32.468  INFO 6224 --- [ol-13-thread-67] tourGuide.service.RewardsService         : ** Processing to get reward points
2021-11-29 23:17:32.468  INFO 6224 --- [ol-13-thread-18] tourGuide.service.RewardsService         : ** Processing to get reward points
2021-11-29 23:17:32.473  INFO 6224 --- [l-13-thread-141] tourGuide.service.RewardsService         : ** Processing to get reward points
2021-11-29 23:17:32.474  INFO 6224 --- [l-13-thread-189] tourGuide.service.RewardsService         : ** Processing to get reward points
2021-11-29 23:17:32.474  INFO 6224 --- [l-13-thread-153] tourGuide.service.RewardsService         : ** Processing to get reward points
2021-11-29 23:17:32.476  INFO 6224 --- [ol-13-thread-36] tourGuide.service.RewardsService         : ** Processing to get reward points
2021-11-29 23:17:32.476  INFO 6224 --- [l-13-thread-142] tourGuide.service.RewardsService         : ** Processing to get reward points
2021-11-29 23:17:32.480  INFO 6224 --- [ol-13-thread-26] tourGuide.service.RewardsService         : ** Processing to get reward points
2021-11-29 23:17:32.483  INFO 6224 --- [ol-13-thread-98] tourGuide.service.RewardsService         : ** Processing to get reward points
2021-11-29 23:17:32.488  INFO 6224 --- [l-13-thread-184] tourGuide.service.RewardsService         : ** Processing to get reward points
2021-11-29 23:17:32.490  INFO 6224 --- [ol-13-thread-66] tourGuide.service.RewardsService         : ** Processing to get reward points
2021-11-29 23:17:32.492  INFO 6224 --- [l-13-thread-124] tourGuide.service.RewardsService         : ** Processing to get reward points
2021-11-29 23:17:32.492  INFO 6224 --- [l-13-thread-107] tourGuide.service.RewardsService         : ** Processing to get reward points
2021-11-29 23:17:32.494  INFO 6224 --- [ol-13-thread-13] tourGuide.service.RewardsService         : ** Processing to get reward points
2021-11-29 23:17:32.498  INFO 6224 --- [ol-13-thread-74] tourGuide.service.RewardsService         : ** Processing to get reward points
2021-11-29 23:17:32.499  INFO 6224 --- [ol-13-thread-62] tourGuide.service.RewardsService         : ** Processing to get reward points
2021-11-29 23:17:32.499  INFO 6224 --- [l-13-thread-190] tourGuide.service.RewardsService         : ** Processing to get reward points
2021-11-29 23:17:32.501  INFO 6224 --- [ol-13-thread-19] tourGuide.service.RewardsService         : ** Processing to get reward points
2021-11-29 23:17:32.501  INFO 6224 --- [l-13-thread-114] tourGuide.service.RewardsService         : ** Processing to get reward points
2021-11-29 23:17:32.504  INFO 6224 --- [ol-13-thread-71] tourGuide.service.RewardsService         : ** Processing to get reward points
2021-11-29 23:17:32.507  INFO 6224 --- [l-13-thread-103] tourGuide.service.RewardsService         : ** Processing to get reward points
2021-11-29 23:17:32.512  INFO 6224 --- [ol-13-thread-49] tourGuide.service.RewardsService         : ** Processing to get reward points
2021-11-29 23:17:32.514  INFO 6224 --- [ol-13-thread-68] tourGuide.service.RewardsService         : ** Processing to get reward points
2021-11-29 23:17:32.514  INFO 6224 --- [l-13-thread-181] tourGuide.service.RewardsService         : ** Processing to get reward points
2021-11-29 23:17:32.514  INFO 6224 --- [l-13-thread-192] tourGuide.service.RewardsService         : ** Processing to get reward points
2021-11-29 23:17:32.515  INFO 6224 --- [ol-13-thread-53] tourGuide.service.RewardsService         : ** Processing to get reward points
2021-11-29 23:17:32.518  INFO 6224 --- [ool-13-thread-1] tourGuide.service.RewardsService         : ** Processing to get reward points
2021-11-29 23:17:32.520  INFO 6224 --- [ol-13-thread-72] tourGuide.service.RewardsService         : ** Processing to get reward points
2021-11-29 23:17:32.523  INFO 6224 --- [l-13-thread-125] tourGuide.service.RewardsService         : ** Processing to get reward points
2021-11-29 23:17:32.523  INFO 6224 --- [ol-13-thread-34] tourGuide.service.RewardsService         : ** Processing to get reward points
2021-11-29 23:17:32.524  INFO 6224 --- [l-13-thread-182] tourGuide.service.RewardsService         : ** Processing to get reward points
2021-11-29 23:17:32.526  INFO 6224 --- [ol-13-thread-58] tourGuide.service.RewardsService         : ** Processing to get reward points
2021-11-29 23:17:32.528  INFO 6224 --- [ol-13-thread-89] tourGuide.service.RewardsService         : ** Processing to get reward points
2021-11-29 23:17:32.543  INFO 6224 --- [l-13-thread-106] tourGuide.service.RewardsService         : ** Processing to get reward points
2021-11-29 23:17:32.546  INFO 6224 --- [ol-13-thread-77] tourGuide.service.RewardsService         : ** Processing to get reward points
2021-11-29 23:17:32.548  INFO 6224 --- [l-13-thread-157] tourGuide.service.RewardsService         : ** Processing to get reward points
2021-11-29 23:17:32.551  INFO 6224 --- [l-13-thread-183] tourGuide.service.RewardsService         : ** Processing to get reward points
2021-11-29 23:17:32.552  INFO 6224 --- [ol-13-thread-83] tourGuide.service.RewardsService         : ** Processing to get reward points
2021-11-29 23:17:32.555  INFO 6224 --- [l-13-thread-118] tourGuide.service.RewardsService         : ** Processing to get reward points
2021-11-29 23:17:32.560  INFO 6224 --- [ol-13-thread-91] tourGuide.service.RewardsService         : ** Processing to get reward points
2021-11-29 23:17:32.562  INFO 6224 --- [l-13-thread-100] tourGuide.service.RewardsService         : ** Processing to get reward points
2021-11-29 23:17:32.562  INFO 6224 --- [l-13-thread-129] tourGuide.service.RewardsService         : ** Processing to get reward points
2021-11-29 23:17:32.563  INFO 6224 --- [l-13-thread-146] tourGuide.service.RewardsService         : ** Processing to get reward points
2021-11-29 23:17:32.569  INFO 6224 --- [l-13-thread-176] tourGuide.service.RewardsService         : ** Processing to get reward points
2021-11-29 23:17:32.569  INFO 6224 --- [l-13-thread-101] tourGuide.service.RewardsService         : ** Processing to get reward points
2021-11-29 23:17:32.571  INFO 6224 --- [ol-13-thread-25] tourGuide.service.RewardsService         : ** Processing to get reward points
2021-11-29 23:17:32.575  INFO 6224 --- [ol-13-thread-17] tourGuide.service.RewardsService         : ** Processing to get reward points
2021-11-29 23:17:32.578  INFO 6224 --- [ol-13-thread-61] tourGuide.service.RewardsService         : ** Processing to get reward points
2021-11-29 23:17:32.580  INFO 6224 --- [ol-13-thread-23] tourGuide.service.RewardsService         : ** Processing to get reward points
2021-11-29 23:17:32.582  INFO 6224 --- [ol-13-thread-35] tourGuide.service.RewardsService         : ** Processing to get reward points
2021-11-29 23:17:32.585  INFO 6224 --- [ool-13-thread-9] tourGuide.service.RewardsService         : ** Processing to get reward points
2021-11-29 23:17:32.586  INFO 6224 --- [l-13-thread-138] tourGuide.service.RewardsService         : ** Processing to get reward points
2021-11-29 23:17:32.589  INFO 6224 --- [ol-13-thread-41] tourGuide.service.RewardsService         : ** Processing to get reward points
2021-11-29 23:17:32.594  INFO 6224 --- [l-13-thread-130] tourGuide.service.RewardsService         : ** Processing to get reward points
2021-11-29 23:17:32.594  INFO 6224 --- [l-13-thread-150] tourGuide.service.RewardsService         : ** Processing to get reward points
2021-11-29 23:17:32.598  INFO 6224 --- [ool-13-thread-8] tourGuide.service.RewardsService         : ** Processing to get reward points
2021-11-29 23:17:32.601  INFO 6224 --- [ol-13-thread-97] tourGuide.service.RewardsService         : ** Processing to get reward points
2021-11-29 23:17:32.608  INFO 6224 --- [l-13-thread-133] tourGuide.service.RewardsService         : ** Processing to get reward points
2021-11-29 23:17:32.607  INFO 6224 --- [ol-13-thread-19] tourGuide.service.RewardsService         : ** Processing to get reward points
2021-11-29 23:17:32.610  INFO 6224 --- [l-13-thread-188] tourGuide.service.RewardsService         : ** Processing to get reward points
2021-11-29 23:17:32.613  INFO 6224 --- [l-13-thread-199] tourGuide.service.RewardsService         : ** Processing to get reward points
2021-11-29 23:17:32.621  INFO 6224 --- [ol-13-thread-51] tourGuide.service.RewardsService         : ** Processing to get reward points
2021-11-29 23:17:32.621  INFO 6224 --- [ool-13-thread-7] tourGuide.service.RewardsService         : ** Processing to get reward points
2021-11-29 23:17:32.622  INFO 6224 --- [ol-13-thread-57] tourGuide.service.RewardsService         : ** Processing to get reward points
2021-11-29 23:17:32.623  INFO 6224 --- [l-13-thread-192] tourGuide.service.RewardsService         : ** Processing to get reward points
2021-11-29 23:17:32.623  INFO 6224 --- [l-13-thread-105] tourGuide.service.RewardsService         : ** Processing to get reward points
2021-11-29 23:17:32.624  INFO 6224 --- [ol-13-thread-56] tourGuide.service.RewardsService         : ** Processing to get reward points
2021-11-29 23:17:32.625  INFO 6224 --- [ol-13-thread-71] tourGuide.service.RewardsService         : ** Processing to get reward points
2021-11-29 23:17:32.629  INFO 6224 --- [l-13-thread-144] tourGuide.service.RewardsService         : ** Processing to get reward points
2021-11-29 23:17:32.631  INFO 6224 --- [ol-13-thread-87] tourGuide.service.RewardsService         : ** Processing to get reward points
2021-11-29 23:17:32.635  INFO 6224 --- [l-13-thread-115] tourGuide.service.RewardsService         : ** Processing to get reward points
2021-11-29 23:17:32.639  INFO 6224 --- [l-13-thread-196] tourGuide.service.RewardsService         : ** Processing to get reward points
2021-11-29 23:17:32.641  INFO 6224 --- [ol-13-thread-14] tourGuide.service.RewardsService         : ** Processing to get reward points
2021-11-29 23:17:32.642  INFO 6224 --- [l-13-thread-141] tourGuide.service.RewardsService         : ** Processing to get reward points
2021-11-29 23:17:32.642  INFO 6224 --- [l-13-thread-179] tourGuide.service.RewardsService         : ** Processing to get reward points
2021-11-29 23:17:32.644  INFO 6224 --- [l-13-thread-104] tourGuide.service.RewardsService         : ** Processing to get reward points
2021-11-29 23:17:32.644  INFO 6224 --- [l-13-thread-155] tourGuide.service.RewardsService         : ** Processing to get reward points
2021-11-29 23:17:32.647  INFO 6224 --- [ol-13-thread-28] tourGuide.service.RewardsService         : ** Processing to get reward points
2021-11-29 23:17:32.647  INFO 6224 --- [l-13-thread-174] tourGuide.service.RewardsService         : ** Processing to get reward points
2021-11-29 23:17:32.652  INFO 6224 --- [ol-13-thread-35] tourGuide.service.RewardsService         : ** Processing to get reward points
2021-11-29 23:17:32.652  INFO 6224 --- [l-13-thread-109] tourGuide.service.RewardsService         : ** Processing to get reward points
2021-11-29 23:17:32.652  INFO 6224 --- [l-13-thread-187] tourGuide.service.RewardsService         : ** Processing to get reward points
2021-11-29 23:17:32.653  INFO 6224 --- [ol-13-thread-82] tourGuide.service.RewardsService         : ** Processing to get reward points
2021-11-29 23:17:32.658  INFO 6224 --- [ol-13-thread-54] tourGuide.service.RewardsService         : ** Processing to get reward points
2021-11-29 23:17:32.658  INFO 6224 --- [ool-13-thread-2] tourGuide.service.RewardsService         : ** Processing to get reward points
2021-11-29 23:17:32.660  INFO 6224 --- [l-13-thread-147] tourGuide.service.RewardsService         : ** Processing to get reward points
2021-11-29 23:17:32.661  INFO 6224 --- [ol-13-thread-88] tourGuide.service.RewardsService         : ** Processing to get reward points
2021-11-29 23:17:32.661  INFO 6224 --- [l-13-thread-119] tourGuide.service.RewardsService         : ** Processing to get reward points
2021-11-29 23:17:32.668  INFO 6224 --- [ol-13-thread-43] tourGuide.service.RewardsService         : ** Processing to get reward points
2021-11-29 23:17:32.669  INFO 6224 --- [ool-13-thread-1] tourGuide.service.RewardsService         : ** Processing to get reward points
2021-11-29 23:17:32.670  INFO 6224 --- [l-13-thread-145] tourGuide.service.RewardsService         : ** Processing to get reward points
2021-11-29 23:17:32.672  INFO 6224 --- [ol-13-thread-90] tourGuide.service.RewardsService         : ** Processing to get reward points
2021-11-29 23:17:32.674  INFO 6224 --- [ol-13-thread-10] tourGuide.service.RewardsService         : ** Processing to get reward points
2021-11-29 23:17:32.675  INFO 6224 --- [ol-13-thread-38] tourGuide.service.RewardsService         : ** Processing to get reward points
2021-11-29 23:17:32.676  INFO 6224 --- [ol-13-thread-40] tourGuide.service.RewardsService         : ** Processing to get reward points
2021-11-29 23:17:32.677  INFO 6224 --- [ol-13-thread-95] tourGuide.service.RewardsService         : ** Processing to get reward points
2021-11-29 23:17:32.678  INFO 6224 --- [ol-13-thread-39] tourGuide.service.RewardsService         : ** Processing to get reward points
2021-11-29 23:17:32.681  INFO 6224 --- [l-13-thread-176] tourGuide.service.RewardsService         : ** Processing to get reward points
2021-11-29 23:17:32.686  INFO 6224 --- [ol-13-thread-54] tourGuide.service.RewardsService         : ** Processing to get reward points
2021-11-29 23:17:32.687  INFO 6224 --- [ol-13-thread-22] tourGuide.service.RewardsService         : ** Processing to get reward points
2021-11-29 23:17:32.688  INFO 6224 --- [ol-13-thread-81] tourGuide.service.RewardsService         : ** Processing to get reward points
2021-11-29 23:17:32.690  INFO 6224 --- [l-13-thread-118] tourGuide.service.RewardsService         : ** Processing to get reward points
2021-11-29 23:17:32.691  INFO 6224 --- [l-13-thread-156] tourGuide.service.RewardsService         : ** Processing to get reward points
2021-11-29 23:17:32.692  INFO 6224 --- [l-13-thread-117] tourGuide.service.RewardsService         : ** Processing to get reward points
2021-11-29 23:17:32.696  INFO 6224 --- [ol-13-thread-50] tourGuide.service.RewardsService         : ** Processing to get reward points
2021-11-29 23:17:32.700  INFO 6224 --- [l-13-thread-148] tourGuide.service.RewardsService         : ** Processing to get reward points
2021-11-29 23:17:32.703  INFO 6224 --- [l-13-thread-121] tourGuide.service.RewardsService         : ** Processing to get reward points
2021-11-29 23:17:32.707  INFO 6224 --- [l-13-thread-169] tourGuide.service.RewardsService         : ** Processing to get reward points
2021-11-29 23:17:32.708  INFO 6224 --- [l-13-thread-132] tourGuide.service.RewardsService         : ** Processing to get reward points
2021-11-29 23:17:32.711  INFO 6224 --- [l-13-thread-141] tourGuide.service.RewardsService         : ** Processing to get reward points
2021-11-29 23:17:32.714  INFO 6224 --- [ol-13-thread-37] tourGuide.service.RewardsService         : ** Processing to get reward points
2021-11-29 23:17:32.716  INFO 6224 --- [l-13-thread-102] tourGuide.service.RewardsService         : ** Processing to get reward points
2021-11-29 23:17:32.721  INFO 6224 --- [l-13-thread-161] tourGuide.service.RewardsService         : ** Processing to get reward points
2021-11-29 23:17:32.723  INFO 6224 --- [ol-13-thread-45] tourGuide.service.RewardsService         : ** Processing to get reward points
2021-11-29 23:17:32.725  INFO 6224 --- [ol-13-thread-20] tourGuide.service.RewardsService         : ** Processing to get reward points
2021-11-29 23:17:32.725  INFO 6224 --- [ol-13-thread-32] tourGuide.service.RewardsService         : ** Processing to get reward points
2021-11-29 23:17:32.727  INFO 6224 --- [ol-13-thread-65] tourGuide.service.RewardsService         : ** Processing to get reward points
2021-11-29 23:17:32.727  INFO 6224 --- [l-13-thread-169] tourGuide.service.RewardsService         : ** Processing to get reward points
2021-11-29 23:17:32.730  INFO 6224 --- [l-13-thread-160] tourGuide.service.RewardsService         : ** Processing to get reward points
2021-11-29 23:17:32.732  INFO 6224 --- [l-13-thread-127] tourGuide.service.RewardsService         : ** Processing to get reward points
2021-11-29 23:17:32.735  INFO 6224 --- [ol-13-thread-15] tourGuide.service.RewardsService         : ** Processing to get reward points
2021-11-29 23:17:32.736  INFO 6224 --- [ol-13-thread-84] tourGuide.service.RewardsService         : ** Processing to get reward points
2021-11-29 23:17:32.736  INFO 6224 --- [l-13-thread-166] tourGuide.service.RewardsService         : ** Processing to get reward points
2021-11-29 23:17:32.738  INFO 6224 --- [l-13-thread-161] tourGuide.service.RewardsService         : ** Processing to get reward points
2021-11-29 23:17:32.742  INFO 6224 --- [l-13-thread-196] tourGuide.service.RewardsService         : ** Processing to get reward points
2021-11-29 23:17:32.752  INFO 6224 --- [l-13-thread-197] tourGuide.service.RewardsService         : ** Processing to get reward points
2021-11-29 23:17:32.754  INFO 6224 --- [ol-13-thread-99] tourGuide.service.RewardsService         : ** Processing to get reward points
2021-11-29 23:17:32.755  INFO 6224 --- [l-13-thread-128] tourGuide.service.RewardsService         : ** Processing to get reward points
2021-11-29 23:17:32.760  INFO 6224 --- [l-13-thread-185] tourGuide.service.RewardsService         : ** Processing to get reward points
2021-11-29 23:17:32.760  INFO 6224 --- [ol-13-thread-16] tourGuide.service.RewardsService         : ** Processing to get reward points
2021-11-29 23:17:32.762  INFO 6224 --- [l-13-thread-105] tourGuide.service.RewardsService         : ** Processing to get reward points
2021-11-29 23:17:32.770  INFO 6224 --- [ol-13-thread-21] tourGuide.service.RewardsService         : ** Processing to get reward points
2021-11-29 23:17:32.778  INFO 6224 --- [l-13-thread-149] tourGuide.service.RewardsService         : ** Processing to get reward points
2021-11-29 23:17:32.781  INFO 6224 --- [ool-13-thread-7] tourGuide.service.RewardsService         : ** Processing to get reward points
2021-11-29 23:17:32.782  INFO 6224 --- [ol-13-thread-46] tourGuide.service.RewardsService         : ** Processing to get reward points
2021-11-29 23:17:32.787  INFO 6224 --- [l-13-thread-195] tourGuide.service.RewardsService         : ** Processing to get reward points
2021-11-29 23:17:32.790  INFO 6224 --- [ol-13-thread-60] tourGuide.service.RewardsService         : ** Processing to get reward points
2021-11-29 23:17:32.800  INFO 6224 --- [ol-13-thread-92] tourGuide.service.RewardsService         : ** Processing to get reward points
2021-11-29 23:17:32.800  INFO 6224 --- [l-13-thread-165] tourGuide.service.RewardsService         : ** Processing to get reward points
2021-11-29 23:17:32.805  INFO 6224 --- [l-13-thread-120] tourGuide.service.RewardsService         : ** Processing to get reward points
2021-11-29 23:17:32.807  INFO 6224 --- [ol-13-thread-66] tourGuide.service.RewardsService         : ** Processing to get reward points
2021-11-29 23:17:32.809  INFO 6224 --- [ol-13-thread-59] tourGuide.service.RewardsService         : ** Processing to get reward points
2021-11-29 23:17:32.810  INFO 6224 --- [l-13-thread-130] tourGuide.service.RewardsService         : ** Processing to get reward points
2021-11-29 23:17:32.813  INFO 6224 --- [l-13-thread-158] tourGuide.service.RewardsService         : ** Processing to get reward points
2021-11-29 23:17:32.814  INFO 6224 --- [ol-13-thread-85] tourGuide.service.RewardsService         : ** Processing to get reward points
2021-11-29 23:17:32.815  INFO 6224 --- [ol-13-thread-37] tourGuide.service.RewardsService         : ** Processing to get reward points
2021-11-29 23:17:32.815  INFO 6224 --- [l-13-thread-156] tourGuide.service.RewardsService         : ** Processing to get reward points
2021-11-29 23:17:32.825  INFO 6224 --- [ol-13-thread-48] tourGuide.service.RewardsService         : ** Processing to get reward points
2021-11-29 23:17:32.827  INFO 6224 --- [l-13-thread-160] tourGuide.service.RewardsService         : ** Processing to get reward points
2021-11-29 23:17:32.827  INFO 6224 --- [ol-13-thread-23] tourGuide.service.RewardsService         : ** Processing to get reward points
2021-11-29 23:17:32.828  INFO 6224 --- [l-13-thread-155] tourGuide.service.RewardsService         : ** Processing to get reward points
2021-11-29 23:17:32.836  INFO 6224 --- [l-13-thread-131] tourGuide.service.RewardsService         : ** Processing to get reward points
2021-11-29 23:17:32.837  INFO 6224 --- [ol-13-thread-93] tourGuide.service.RewardsService         : ** Processing to get reward points
2021-11-29 23:17:32.852  INFO 6224 --- [l-13-thread-198] tourGuide.service.RewardsService         : ** Processing to get reward points
2021-11-29 23:17:32.854  INFO 6224 --- [l-13-thread-139] tourGuide.service.RewardsService         : ** Processing to get reward points
2021-11-29 23:17:32.854  INFO 6224 --- [l-13-thread-105] tourGuide.service.RewardsService         : ** Processing to get reward points
2021-11-29 23:17:32.855  INFO 6224 --- [l-13-thread-132] tourGuide.service.RewardsService         : ** Processing to get reward points
2021-11-29 23:17:32.859  INFO 6224 --- [l-13-thread-122] tourGuide.service.RewardsService         : ** Processing to get reward points
2021-11-29 23:17:32.862  INFO 6224 --- [ool-13-thread-3] tourGuide.service.RewardsService         : ** Processing to get reward points
2021-11-29 23:17:32.863  INFO 6224 --- [ol-13-thread-66] tourGuide.service.RewardsService         : ** Processing to get reward points
2021-11-29 23:17:32.865  INFO 6224 --- [l-13-thread-141] tourGuide.service.RewardsService         : ** Processing to get reward points
2021-11-29 23:17:32.870  INFO 6224 --- [ol-13-thread-28] tourGuide.service.RewardsService         : ** Processing to get reward points
2021-11-29 23:17:32.873  INFO 6224 --- [l-13-thread-134] tourGuide.service.RewardsService         : ** Processing to get reward points
2021-11-29 23:17:32.881  INFO 6224 --- [ol-13-thread-35] tourGuide.service.RewardsService         : ** Processing to get reward points
2021-11-29 23:17:32.881  INFO 6224 --- [ol-13-thread-68] tourGuide.service.RewardsService         : ** Processing to get reward points
2021-11-29 23:17:32.881  INFO 6224 --- [ol-13-thread-94] tourGuide.service.RewardsService         : ** Processing to get reward points
2021-11-29 23:17:32.886  INFO 6224 --- [l-13-thread-124] tourGuide.service.RewardsService         : ** Processing to get reward points
2021-11-29 23:17:32.886  INFO 6224 --- [pool-7-thread-1] tourGuide.service.RewardsService         : ** Multithreading ** Processing to calculate all rewards
2021-11-29 23:17:32.889  INFO 6224 --- [ol-13-thread-75] tourGuide.service.RewardsService         : ** Processing to get reward points
2021-11-29 23:17:32.892  INFO 6224 --- [ol-13-thread-61] tourGuide.service.RewardsService         : ** Processing to get reward points
2021-11-29 23:17:32.892  INFO 6224 --- [ol-13-thread-12] tourGuide.service.RewardsService         : ** Processing to get reward points
2021-11-29 23:17:32.895  INFO 6224 --- [ol-13-thread-78] tourGuide.service.RewardsService         : ** Processing to get reward points
2021-11-29 23:17:32.899  INFO 6224 --- [ol-13-thread-30] tourGuide.service.RewardsService         : ** Processing to get reward points
2021-11-29 23:17:32.902  INFO 6224 --- [l-13-thread-140] tourGuide.service.RewardsService         : ** Processing to get reward points
2021-11-29 23:17:32.909  INFO 6224 --- [l-13-thread-172] tourGuide.service.RewardsService         : ** Processing to get reward points
2021-11-29 23:17:32.909  INFO 6224 --- [l-13-thread-129] tourGuide.service.RewardsService         : ** Processing to get reward points
2021-11-29 23:17:32.913  INFO 6224 --- [l-13-thread-111] tourGuide.service.RewardsService         : ** Processing to get reward points
2021-11-29 23:17:32.914  INFO 6224 --- [ol-13-thread-15] tourGuide.service.RewardsService         : ** Processing to get reward points
2021-11-29 23:17:32.914  INFO 6224 --- [ol-13-thread-63] tourGuide.service.RewardsService         : ** Processing to get reward points
2021-11-29 23:17:32.922  INFO 6224 --- [l-13-thread-114] tourGuide.service.RewardsService         : ** Processing to get reward points
2021-11-29 23:17:32.925  INFO 6224 --- [ol-13-thread-24] tourGuide.service.RewardsService         : ** Processing to get reward points
2021-11-29 23:17:32.925  INFO 6224 --- [l-13-thread-109] tourGuide.service.RewardsService         : ** Processing to get reward points
2021-11-29 23:17:32.928  INFO 6224 --- [l-13-thread-123] tourGuide.service.RewardsService         : ** Processing to get reward points
2021-11-29 23:17:32.932  INFO 6224 --- [l-13-thread-178] tourGuide.service.RewardsService         : ** Processing to get reward points
2021-11-29 23:17:32.937  INFO 6224 --- [ol-13-thread-79] tourGuide.service.RewardsService         : ** Processing to get reward points
2021-11-29 23:17:32.939  INFO 6224 --- [ol-13-thread-96] tourGuide.service.RewardsService         : ** Processing to get reward points
2021-11-29 23:17:32.946  INFO 6224 --- [l-13-thread-146] tourGuide.service.RewardsService         : ** Processing to get reward points
2021-11-29 23:17:32.948  INFO 6224 --- [ol-13-thread-70] tourGuide.service.RewardsService         : ** Processing to get reward points
2021-11-29 23:17:32.950  INFO 6224 --- [l-13-thread-155] tourGuide.service.RewardsService         : ** Processing to get reward points
2021-11-29 23:17:32.951  INFO 6224 --- [ol-13-thread-86] tourGuide.service.RewardsService         : ** Processing to get reward points
2021-11-29 23:17:32.951  INFO 6224 --- [l-13-thread-143] tourGuide.service.RewardsService         : ** Processing to get reward points
2021-11-29 23:17:32.951  INFO 6224 --- [l-13-thread-121] tourGuide.service.RewardsService         : ** Processing to get reward points
2021-11-29 23:17:32.955  INFO 6224 --- [ol-13-thread-91] tourGuide.service.RewardsService         : ** Processing to get reward points
2021-11-29 23:17:32.955  INFO 6224 --- [ol-13-thread-13] tourGuide.service.RewardsService         : ** Processing to get reward points
2021-11-29 23:17:32.956  INFO 6224 --- [ool-13-thread-7] tourGuide.service.RewardsService         : ** Processing to get reward points
2021-11-29 23:17:32.959  INFO 6224 --- [ol-13-thread-76] tourGuide.service.RewardsService         : ** Processing to get reward points
2021-11-29 23:17:32.961  INFO 6224 --- [l-13-thread-143] tourGuide.service.RewardsService         : ** Processing to get reward points
2021-11-29 23:17:32.963  INFO 6224 --- [l-13-thread-157] tourGuide.service.RewardsService         : ** Processing to get reward points
2021-11-29 23:17:32.967  INFO 6224 --- [l-13-thread-181] tourGuide.service.RewardsService         : ** Processing to get reward points
2021-11-29 23:17:32.971  INFO 6224 --- [l-13-thread-186] tourGuide.service.RewardsService         : ** Processing to get reward points
2021-11-29 23:17:32.974  INFO 6224 --- [ol-13-thread-49] tourGuide.service.RewardsService         : ** Processing to get reward points
2021-11-29 23:17:32.975  INFO 6224 --- [ol-13-thread-10] tourGuide.service.RewardsService         : ** Processing to get reward points
2021-11-29 23:17:32.977  INFO 6224 --- [ol-13-thread-52] tourGuide.service.RewardsService         : ** Processing to get reward points
2021-11-29 23:17:32.979  INFO 6224 --- [l-13-thread-129] tourGuide.service.RewardsService         : ** Processing to get reward points
2021-11-29 23:17:32.981  INFO 6224 --- [ol-13-thread-20] tourGuide.service.RewardsService         : ** Processing to get reward points
2021-11-29 23:17:32.983  INFO 6224 --- [l-13-thread-175] tourGuide.service.RewardsService         : ** Processing to get reward points
2021-11-29 23:17:32.984  INFO 6224 --- [l-13-thread-173] tourGuide.service.RewardsService         : ** Processing to get reward points
2021-11-29 23:17:32.985  INFO 6224 --- [l-14-thread-123] tourGuide.service.RewardsService         : ** Processing to get reward points
2021-11-29 23:17:32.989  INFO 6224 --- [ool-13-thread-1] tourGuide.service.RewardsService         : ** Processing to get reward points
2021-11-29 23:17:32.992  INFO 6224 --- [ool-13-thread-9] tourGuide.service.RewardsService         : ** Processing to get reward points
2021-11-29 23:17:32.992  INFO 6224 --- [l-13-thread-137] tourGuide.service.RewardsService         : ** Processing to get reward points
2021-11-29 23:17:32.993  INFO 6224 --- [l-13-thread-148] tourGuide.service.RewardsService         : ** Processing to get reward points
2021-11-29 23:17:32.994  INFO 6224 --- [ol-13-thread-55] tourGuide.service.RewardsService         : ** Processing to get reward points
2021-11-29 23:17:32.996  INFO 6224 --- [l-13-thread-160] tourGuide.service.RewardsService         : ** Processing to get reward points
2021-11-29 23:17:32.998  INFO 6224 --- [l-13-thread-114] tourGuide.service.RewardsService         : ** Processing to get reward points
2021-11-29 23:17:33.000  INFO 6224 --- [ol-13-thread-37] tourGuide.service.RewardsService         : ** Processing to get reward points
2021-11-29 23:17:33.005  INFO 6224 --- [ol-13-thread-94] tourGuide.service.RewardsService         : ** Processing to get reward points
2021-11-29 23:17:33.010  INFO 6224 --- [l-13-thread-153] tourGuide.service.RewardsService         : ** Processing to get reward points
2021-11-29 23:17:33.011  INFO 6224 --- [l-13-thread-110] tourGuide.service.RewardsService         : ** Processing to get reward points
2021-11-29 23:17:33.013  INFO 6224 --- [l-13-thread-200] tourGuide.service.RewardsService         : ** Processing to get reward points
2021-11-29 23:17:33.013  INFO 6224 --- [l-13-thread-109] tourGuide.service.RewardsService         : ** Processing to get reward points
2021-11-29 23:17:33.018  INFO 6224 --- [l-13-thread-164] tourGuide.service.RewardsService         : ** Processing to get reward points
2021-11-29 23:17:33.019  INFO 6224 --- [ol-13-thread-28] tourGuide.service.RewardsService         : ** Processing to get reward points
2021-11-29 23:17:33.020  INFO 6224 --- [l-13-thread-113] tourGuide.service.RewardsService         : ** Processing to get reward points
2021-11-29 23:17:33.021  INFO 6224 --- [ol-13-thread-89] tourGuide.service.RewardsService         : ** Processing to get reward points
2021-11-29 23:17:33.024  INFO 6224 --- [l-13-thread-149] tourGuide.service.RewardsService         : ** Processing to get reward points
2021-11-29 23:17:33.025  INFO 6224 --- [l-13-thread-121] tourGuide.service.RewardsService         : ** Processing to get reward points
2021-11-29 23:17:33.035  INFO 6224 --- [l-13-thread-188] tourGuide.service.RewardsService         : ** Processing to get reward points
2021-11-29 23:17:33.040  INFO 6224 --- [ool-13-thread-7] tourGuide.service.RewardsService         : ** Processing to get reward points
2021-11-29 23:17:33.040  INFO 6224 --- [ol-13-thread-84] tourGuide.service.RewardsService         : ** Processing to get reward points
2021-11-29 23:17:33.042  INFO 6224 --- [l-13-thread-152] tourGuide.service.RewardsService         : ** Processing to get reward points
2021-11-29 23:17:33.043  INFO 6224 --- [ol-13-thread-72] tourGuide.service.RewardsService         : ** Processing to get reward points
2021-11-29 23:17:33.043  INFO 6224 --- [ool-13-thread-7] tourGuide.service.RewardsService         : ** Processing to get reward points
2021-11-29 23:17:33.048  INFO 6224 --- [l-14-thread-123] tourGuide.service.RewardsService         : ** Processing to get reward points
2021-11-29 23:17:33.048  INFO 6224 --- [l-13-thread-154] tourGuide.service.RewardsService         : ** Processing to get reward points
2021-11-29 23:17:33.052  INFO 6224 --- [ol-13-thread-47] tourGuide.service.RewardsService         : ** Processing to get reward points
2021-11-29 23:17:33.052  INFO 6224 --- [l-13-thread-144] tourGuide.service.RewardsService         : ** Processing to get reward points
2021-11-29 23:17:33.054  INFO 6224 --- [l-13-thread-111] tourGuide.service.RewardsService         : ** Processing to get reward points
2021-11-29 23:17:33.055  INFO 6224 --- [ol-13-thread-73] tourGuide.service.RewardsService         : ** Processing to get reward points
2021-11-29 23:17:33.059  INFO 6224 --- [l-13-thread-171] tourGuide.service.RewardsService         : ** Processing to get reward points
2021-11-29 23:17:33.060  INFO 6224 --- [ol-13-thread-41] tourGuide.service.RewardsService         : ** Processing to get reward points
2021-11-29 23:17:33.061  INFO 6224 --- [ol-13-thread-25] tourGuide.service.RewardsService         : ** Processing to get reward points
2021-11-29 23:17:33.061  INFO 6224 --- [l-13-thread-187] tourGuide.service.RewardsService         : ** Processing to get reward points
2021-11-29 23:17:33.066  INFO 6224 --- [ol-13-thread-41] tourGuide.service.RewardsService         : ** Processing to get reward points
2021-11-29 23:17:33.070  INFO 6224 --- [ol-13-thread-34] tourGuide.service.RewardsService         : ** Processing to get reward points
2021-11-29 23:17:33.071  INFO 6224 --- [ol-13-thread-90] tourGuide.service.RewardsService         : ** Processing to get reward points
2021-11-29 23:17:33.075  INFO 6224 --- [l-13-thread-164] tourGuide.service.RewardsService         : ** Processing to get reward points
2021-11-29 23:17:33.078  INFO 6224 --- [ol-13-thread-77] tourGuide.service.RewardsService         : ** Processing to get reward points
2021-11-29 23:17:33.078  INFO 6224 --- [l-13-thread-167] tourGuide.service.RewardsService         : ** Processing to get reward points
2021-11-29 23:17:33.082  INFO 6224 --- [l-13-thread-114] tourGuide.service.RewardsService         : ** Processing to get reward points
2021-11-29 23:17:33.087  INFO 6224 --- [ol-13-thread-11] tourGuide.service.RewardsService         : ** Processing to get reward points
2021-11-29 23:17:33.088  INFO 6224 --- [ol-13-thread-40] tourGuide.service.RewardsService         : ** Processing to get reward points
2021-11-29 23:17:33.097  INFO 6224 --- [ol-13-thread-10] tourGuide.service.RewardsService         : ** Processing to get reward points
2021-11-29 23:17:33.101  INFO 6224 --- [l-13-thread-130] tourGuide.service.RewardsService         : ** Processing to get reward points
2021-11-29 23:17:33.106  INFO 6224 --- [ol-13-thread-18] tourGuide.service.RewardsService         : ** Processing to get reward points
2021-11-29 23:17:33.106  INFO 6224 --- [ol-13-thread-43] tourGuide.service.RewardsService         : ** Processing to get reward points
2021-11-29 23:17:33.106  INFO 6224 --- [ol-13-thread-69] tourGuide.service.RewardsService         : ** Processing to get reward points
2021-11-29 23:17:33.106  INFO 6224 --- [l-13-thread-126] tourGuide.service.RewardsService         : ** Processing to get reward points
2021-11-29 23:17:33.112  INFO 6224 --- [l-13-thread-143] tourGuide.service.RewardsService         : ** Processing to get reward points
2021-11-29 23:17:33.124  INFO 6224 --- [l-13-thread-171] tourGuide.service.RewardsService         : ** Processing to get reward points
2021-11-29 23:17:33.124  INFO 6224 --- [l-13-thread-170] tourGuide.service.RewardsService         : ** Processing to get reward points
2021-11-29 23:17:33.136  INFO 6224 --- [l-13-thread-119] tourGuide.service.RewardsService         : ** Processing to get reward points
2021-11-29 23:17:33.135  INFO 6224 --- [l-13-thread-149] tourGuide.service.RewardsService         : ** Processing to get reward points
2021-11-29 23:17:33.137  INFO 6224 --- [l-13-thread-191] tourGuide.service.RewardsService         : ** Processing to get reward points
2021-11-29 23:17:33.139  INFO 6224 --- [l-13-thread-105] tourGuide.service.RewardsService         : ** Processing to get reward points
2021-11-29 23:17:33.141  INFO 6224 --- [l-13-thread-183] tourGuide.service.RewardsService         : ** Processing to get reward points
2021-11-29 23:17:33.142  INFO 6224 --- [ol-13-thread-88] tourGuide.service.RewardsService         : ** Processing to get reward points
2021-11-29 23:17:33.145  INFO 6224 --- [ol-13-thread-31] tourGuide.service.RewardsService         : ** Processing to get reward points
2021-11-29 23:17:33.145  INFO 6224 --- [l-13-thread-158] tourGuide.service.RewardsService         : ** Processing to get reward points
2021-11-29 23:17:33.147  INFO 6224 --- [l-13-thread-149] tourGuide.service.RewardsService         : ** Processing to get reward points
2021-11-29 23:17:33.147  INFO 6224 --- [ol-13-thread-12] tourGuide.service.RewardsService         : ** Processing to get reward points
2021-11-29 23:17:33.153  INFO 6224 --- [ol-13-thread-36] tourGuide.service.RewardsService         : ** Processing to get reward points
2021-11-29 23:17:33.155  INFO 6224 --- [ol-13-thread-75] tourGuide.service.RewardsService         : ** Processing to get reward points
2021-11-29 23:17:33.155  INFO 6224 --- [l-13-thread-117] tourGuide.service.RewardsService         : ** Processing to get reward points
2021-11-29 23:17:33.157  INFO 6224 --- [l-13-thread-173] tourGuide.service.RewardsService         : ** Processing to get reward points
2021-11-29 23:17:33.158  INFO 6224 --- [ol-13-thread-42] tourGuide.service.RewardsService         : ** Processing to get reward points
2021-11-29 23:17:33.161  INFO 6224 --- [ol-13-thread-79] tourGuide.service.RewardsService         : ** Processing to get reward points
2021-11-29 23:17:33.162  INFO 6224 --- [ol-13-thread-99] tourGuide.service.RewardsService         : ** Processing to get reward points
2021-11-29 23:17:33.163  INFO 6224 --- [l-13-thread-193] tourGuide.service.RewardsService         : ** Processing to get reward points
2021-11-29 23:17:33.165  INFO 6224 --- [l-13-thread-180] tourGuide.service.RewardsService         : ** Processing to get reward points
2021-11-29 23:17:33.165  INFO 6224 --- [ol-13-thread-38] tourGuide.service.RewardsService         : ** Processing to get reward points
2021-11-29 23:17:33.170  INFO 6224 --- [ol-13-thread-88] tourGuide.service.RewardsService         : ** Processing to get reward points
2021-11-29 23:17:33.170  INFO 6224 --- [ol-13-thread-55] tourGuide.service.RewardsService         : ** Processing to get reward points
2021-11-29 23:17:33.174  INFO 6224 --- [ol-13-thread-74] tourGuide.service.RewardsService         : ** Processing to get reward points
2021-11-29 23:17:33.180  INFO 6224 --- [l-13-thread-134] tourGuide.service.RewardsService         : ** Processing to get reward points
2021-11-29 23:17:33.186  INFO 6224 --- [l-13-thread-106] tourGuide.service.RewardsService         : ** Processing to get reward points
2021-11-29 23:17:33.187  INFO 6224 --- [ol-13-thread-41] tourGuide.service.RewardsService         : ** Processing to get reward points
2021-11-29 23:17:33.187  INFO 6224 --- [ol-13-thread-26] tourGuide.service.RewardsService         : ** Processing to get reward points
2021-11-29 23:17:33.188  INFO 6224 --- [ol-13-thread-51] tourGuide.service.RewardsService         : ** Processing to get reward points
2021-11-29 23:17:33.190  INFO 6224 --- [l-13-thread-100] tourGuide.service.RewardsService         : ** Processing to get reward points
2021-11-29 23:17:33.192  INFO 6224 --- [l-13-thread-151] tourGuide.service.RewardsService         : ** Processing to get reward points
2021-11-29 23:17:33.193  INFO 6224 --- [ol-13-thread-42] tourGuide.service.RewardsService         : ** Processing to get reward points
2021-11-29 23:17:33.194  INFO 6224 --- [l-13-thread-150] tourGuide.service.RewardsService         : ** Processing to get reward points
2021-11-29 23:17:33.194  INFO 6224 --- [ol-13-thread-93] tourGuide.service.RewardsService         : ** Processing to get reward points
2021-11-29 23:17:33.194  INFO 6224 --- [ool-13-thread-7] tourGuide.service.RewardsService         : ** Processing to get reward points
2021-11-29 23:17:33.195  INFO 6224 --- [l-13-thread-131] tourGuide.service.RewardsService         : ** Processing to get reward points
2021-11-29 23:17:33.196  INFO 6224 --- [ol-13-thread-29] tourGuide.service.RewardsService         : ** Processing to get reward points
2021-11-29 23:17:33.201  INFO 6224 --- [ol-13-thread-40] tourGuide.service.RewardsService         : ** Processing to get reward points
2021-11-29 23:17:33.205  INFO 6224 --- [l-13-thread-135] tourGuide.service.RewardsService         : ** Processing to get reward points
2021-11-29 23:17:33.207  INFO 6224 --- [ol-13-thread-28] tourGuide.service.RewardsService         : ** Processing to get reward points
2021-11-29 23:17:33.207  INFO 6224 --- [l-13-thread-107] tourGuide.service.RewardsService         : ** Processing to get reward points
2021-11-29 23:17:33.211  INFO 6224 --- [ol-13-thread-43] tourGuide.service.RewardsService         : ** Processing to get reward points
2021-11-29 23:17:33.218  INFO 6224 --- [l-13-thread-159] tourGuide.service.RewardsService         : ** Processing to get reward points
2021-11-29 23:17:33.220  INFO 6224 --- [l-13-thread-177] tourGuide.service.RewardsService         : ** Processing to get reward points
2021-11-29 23:17:33.220  INFO 6224 --- [ol-13-thread-84] tourGuide.service.RewardsService         : ** Processing to get reward points
2021-11-29 23:17:33.222  INFO 6224 --- [l-13-thread-108] tourGuide.service.RewardsService         : ** Processing to get reward points
2021-11-29 23:17:33.227  INFO 6224 --- [l-13-thread-125] tourGuide.service.RewardsService         : ** Processing to get reward points
2021-11-29 23:17:33.229  INFO 6224 --- [ool-13-thread-4] tourGuide.service.RewardsService         : ** Processing to get reward points
2021-11-29 23:17:33.230  INFO 6224 --- [l-13-thread-162] tourGuide.service.RewardsService         : ** Processing to get reward points
2021-11-29 23:17:33.237  INFO 6224 --- [ol-13-thread-27] tourGuide.service.RewardsService         : ** Processing to get reward points
2021-11-29 23:17:33.243  INFO 6224 --- [ol-13-thread-54] tourGuide.service.RewardsService         : ** Processing to get reward points
2021-11-29 23:17:33.247  INFO 6224 --- [l-13-thread-183] tourGuide.service.RewardsService         : ** Processing to get reward points
2021-11-29 23:17:33.247  INFO 6224 --- [l-13-thread-102] tourGuide.service.RewardsService         : ** Processing to get reward points
2021-11-29 23:17:33.256  INFO 6224 --- [ol-13-thread-87] tourGuide.service.RewardsService         : ** Processing to get reward points
2021-11-29 23:17:33.259  INFO 6224 --- [ol-13-thread-64] tourGuide.service.RewardsService         : ** Processing to get reward points
2021-11-29 23:17:33.260  INFO 6224 --- [l-13-thread-169] tourGuide.service.RewardsService         : ** Processing to get reward points
2021-11-29 23:17:33.270  INFO 6224 --- [l-13-thread-104] tourGuide.service.RewardsService         : ** Processing to get reward points
2021-11-29 23:17:33.272  INFO 6224 --- [ol-13-thread-78] tourGuide.service.RewardsService         : ** Processing to get reward points
2021-11-29 23:17:33.275  INFO 6224 --- [ool-13-thread-6] tourGuide.service.RewardsService         : ** Processing to get reward points
2021-11-29 23:17:33.275  INFO 6224 --- [l-13-thread-149] tourGuide.service.RewardsService         : ** Processing to get reward points
2021-11-29 23:17:33.276  INFO 6224 --- [l-13-thread-138] tourGuide.service.RewardsService         : ** Processing to get reward points
2021-11-29 23:17:33.281  INFO 6224 --- [ol-13-thread-60] tourGuide.service.RewardsService         : ** Processing to get reward points
2021-11-29 23:17:33.281  INFO 6224 --- [l-13-thread-112] tourGuide.service.RewardsService         : ** Processing to get reward points
2021-11-29 23:17:33.282  INFO 6224 --- [l-13-thread-119] tourGuide.service.RewardsService         : ** Processing to get reward points
2021-11-29 23:17:33.286  INFO 6224 --- [l-13-thread-111] tourGuide.service.RewardsService         : ** Processing to get reward points
2021-11-29 23:17:33.292  INFO 6224 --- [l-13-thread-152] tourGuide.service.RewardsService         : ** Processing to get reward points
2021-11-29 23:17:33.295  INFO 6224 --- [ol-13-thread-65] tourGuide.service.RewardsService         : ** Processing to get reward points
2021-11-29 23:17:33.297  INFO 6224 --- [l-13-thread-133] tourGuide.service.RewardsService         : ** Processing to get reward points
2021-11-29 23:17:33.297  INFO 6224 --- [l-13-thread-160] tourGuide.service.RewardsService         : ** Processing to get reward points
2021-11-29 23:17:33.298  INFO 6224 --- [ool-13-thread-2] tourGuide.service.RewardsService         : ** Processing to get reward points
2021-11-29 23:17:33.301  INFO 6224 --- [ol-13-thread-46] tourGuide.service.RewardsService         : ** Processing to get reward points
2021-11-29 23:17:33.301  INFO 6224 --- [l-13-thread-118] tourGuide.service.RewardsService         : ** Processing to get reward points
2021-11-29 23:17:33.302  INFO 6224 --- [l-13-thread-143] tourGuide.service.RewardsService         : ** Processing to get reward points
2021-11-29 23:17:33.303  INFO 6224 --- [ol-13-thread-17] tourGuide.service.RewardsService         : ** Processing to get reward points
2021-11-29 23:17:33.307  INFO 6224 --- [l-13-thread-145] tourGuide.service.RewardsService         : ** Processing to get reward points
2021-11-29 23:17:33.308  INFO 6224 --- [ool-13-thread-5] tourGuide.service.RewardsService         : ** Processing to get reward points
2021-11-29 23:17:33.309  INFO 6224 --- [l-13-thread-162] tourGuide.service.RewardsService         : ** Processing to get reward points
2021-11-29 23:17:33.309  INFO 6224 --- [l-13-thread-172] tourGuide.service.RewardsService         : ** Processing to get reward points
2021-11-29 23:17:33.311  INFO 6224 --- [ol-13-thread-31] tourGuide.service.RewardsService         : ** Processing to get reward points
2021-11-29 23:17:33.312  INFO 6224 --- [ol-13-thread-98] tourGuide.service.RewardsService         : ** Processing to get reward points
2021-11-29 23:17:33.318  INFO 6224 --- [ol-13-thread-64] tourGuide.service.RewardsService         : ** Processing to get reward points
2021-11-29 23:17:33.322  INFO 6224 --- [ol-13-thread-83] tourGuide.service.RewardsService         : ** Processing to get reward points
2021-11-29 23:17:33.323  INFO 6224 --- [ol-13-thread-23] tourGuide.service.RewardsService         : ** Processing to get reward points
2021-11-29 23:17:33.326  INFO 6224 --- [l-13-thread-124] tourGuide.service.RewardsService         : ** Processing to get reward points
2021-11-29 23:17:33.328  INFO 6224 --- [ol-13-thread-15] tourGuide.service.RewardsService         : ** Processing to get reward points
2021-11-29 23:17:33.331  INFO 6224 --- [l-13-thread-145] tourGuide.service.RewardsService         : ** Processing to get reward points
2021-11-29 23:17:33.335  INFO 6224 --- [l-13-thread-168] tourGuide.service.RewardsService         : ** Processing to get reward points
2021-11-29 23:17:33.335  INFO 6224 --- [ol-13-thread-33] tourGuide.service.RewardsService         : ** Processing to get reward points
2021-11-29 23:17:33.336  INFO 6224 --- [ol-13-thread-64] tourGuide.service.RewardsService         : ** Processing to get reward points
2021-11-29 23:17:33.336  INFO 6224 --- [ol-13-thread-59] tourGuide.service.RewardsService         : ** Processing to get reward points
2021-11-29 23:17:33.338  INFO 6224 --- [l-13-thread-101] tourGuide.service.RewardsService         : ** Processing to get reward points
2021-11-29 23:17:33.340  INFO 6224 --- [l-13-thread-163] tourGuide.service.RewardsService         : ** Processing to get reward points
2021-11-29 23:17:33.343  INFO 6224 --- [l-13-thread-109] tourGuide.service.RewardsService         : ** Processing to get reward points
2021-11-29 23:17:33.345  INFO 6224 --- [ol-13-thread-16] tourGuide.service.RewardsService         : ** Processing to get reward points
2021-11-29 23:17:33.349  INFO 6224 --- [l-13-thread-161] tourGuide.service.RewardsService         : ** Processing to get reward points
2021-11-29 23:17:33.349  INFO 6224 --- [l-13-thread-165] tourGuide.service.RewardsService         : ** Processing to get reward points
2021-11-29 23:17:33.353  INFO 6224 --- [l-13-thread-150] tourGuide.service.RewardsService         : ** Processing to get reward points
2021-11-29 23:17:33.353  INFO 6224 --- [ool-13-thread-3] tourGuide.service.RewardsService         : ** Processing to get reward points
2021-11-29 23:17:33.354  INFO 6224 --- [l-13-thread-200] tourGuide.service.RewardsService         : ** Processing to get reward points
2021-11-29 23:17:33.355  INFO 6224 --- [l-13-thread-116] tourGuide.service.RewardsService         : ** Processing to get reward points
2021-11-29 23:17:33.355  INFO 6224 --- [ol-13-thread-31] tourGuide.service.RewardsService         : ** Processing to get reward points
2021-11-29 23:17:33.362  INFO 6224 --- [l-13-thread-189] tourGuide.service.RewardsService         : ** Processing to get reward points
2021-11-29 23:17:33.362  INFO 6224 --- [l-13-thread-105] tourGuide.service.RewardsService         : ** Processing to get reward points
2021-11-29 23:17:33.363  INFO 6224 --- [ol-13-thread-50] tourGuide.service.RewardsService         : ** Processing to get reward points
2021-11-29 23:17:33.366  INFO 6224 --- [ol-13-thread-92] tourGuide.service.RewardsService         : ** Processing to get reward points
2021-11-29 23:17:33.368  INFO 6224 --- [l-13-thread-166] tourGuide.service.RewardsService         : ** Processing to get reward points
2021-11-29 23:17:33.368  INFO 6224 --- [ol-13-thread-14] tourGuide.service.RewardsService         : ** Processing to get reward points
2021-11-29 23:17:33.370  INFO 6224 --- [l-13-thread-174] tourGuide.service.RewardsService         : ** Processing to get reward points
2021-11-29 23:17:33.370  INFO 6224 --- [l-13-thread-107] tourGuide.service.RewardsService         : ** Processing to get reward points
2021-11-29 23:17:33.370  INFO 6224 --- [l-13-thread-162] tourGuide.service.RewardsService         : ** Processing to get reward points
2021-11-29 23:17:33.373  INFO 6224 --- [ol-13-thread-84] tourGuide.service.RewardsService         : ** Processing to get reward points
2021-11-29 23:17:33.374  INFO 6224 --- [l-13-thread-193] tourGuide.service.RewardsService         : ** Processing to get reward points
2021-11-29 23:17:33.375  INFO 6224 --- [l-13-thread-136] tourGuide.service.RewardsService         : ** Processing to get reward points
2021-11-29 23:17:33.376  INFO 6224 --- [ol-13-thread-82] tourGuide.service.RewardsService         : ** Processing to get reward points
2021-11-29 23:17:33.378  INFO 6224 --- [l-13-thread-125] tourGuide.service.RewardsService         : ** Processing to get reward points
2021-11-29 23:17:33.378  INFO 6224 --- [l-13-thread-182] tourGuide.service.RewardsService         : ** Processing to get reward points
2021-11-29 23:17:33.380  INFO 6224 --- [l-13-thread-190] tourGuide.service.RewardsService         : ** Processing to get reward points
2021-11-29 23:17:33.382  INFO 6224 --- [ol-13-thread-58] tourGuide.service.RewardsService         : ** Processing to get reward points
2021-11-29 23:17:33.385  INFO 6224 --- [l-13-thread-129] tourGuide.service.RewardsService         : ** Processing to get reward points
2021-11-29 23:17:33.390  INFO 6224 --- [ol-13-thread-87] tourGuide.service.RewardsService         : ** Processing to get reward points
2021-11-29 23:17:33.390  INFO 6224 --- [l-13-thread-103] tourGuide.service.RewardsService         : ** Processing to get reward points
2021-11-29 23:17:33.390  INFO 6224 --- [l-13-thread-125] tourGuide.service.RewardsService         : ** Processing to get reward points
2021-11-29 23:17:33.394  INFO 6224 --- [ol-13-thread-62] tourGuide.service.RewardsService         : ** Processing to get reward points
2021-11-29 23:17:33.395  INFO 6224 --- [l-13-thread-194] tourGuide.service.RewardsService         : ** Processing to get reward points
2021-11-29 23:17:33.396  INFO 6224 --- [l-13-thread-135] tourGuide.service.RewardsService         : ** Processing to get reward points
2021-11-29 23:17:33.397  INFO 6224 --- [ol-13-thread-13] tourGuide.service.RewardsService         : ** Processing to get reward points
2021-11-29 23:17:33.403  INFO 6224 --- [l-13-thread-115] tourGuide.service.RewardsService         : ** Processing to get reward points
2021-11-29 23:17:33.405  INFO 6224 --- [l-13-thread-117] tourGuide.service.RewardsService         : ** Processing to get reward points
2021-11-29 23:17:33.408  INFO 6224 --- [l-13-thread-112] tourGuide.service.RewardsService         : ** Processing to get reward points
2021-11-29 23:17:33.410  INFO 6224 --- [l-13-thread-157] tourGuide.service.RewardsService         : ** Processing to get reward points
2021-11-29 23:17:33.411  INFO 6224 --- [ol-13-thread-78] tourGuide.service.RewardsService         : ** Processing to get reward points
2021-11-29 23:17:33.411  INFO 6224 --- [l-13-thread-158] tourGuide.service.RewardsService         : ** Processing to get reward points
2021-11-29 23:17:33.412  INFO 6224 --- [ol-13-thread-80] tourGuide.service.RewardsService         : ** Processing to get reward points
2021-11-29 23:17:33.414  INFO 6224 --- [ol-13-thread-52] tourGuide.service.RewardsService         : ** Processing to get reward points
2021-11-29 23:17:33.419  INFO 6224 --- [l-13-thread-141] tourGuide.service.RewardsService         : ** Processing to get reward points
2021-11-29 23:17:33.422  INFO 6224 --- [ol-13-thread-67] tourGuide.service.RewardsService         : ** Processing to get reward points
2021-11-29 23:17:33.428  INFO 6224 --- [ol-13-thread-37] tourGuide.service.RewardsService         : ** Processing to get reward points
2021-11-29 23:17:33.429  INFO 6224 --- [ol-13-thread-65] tourGuide.service.RewardsService         : ** Processing to get reward points
2021-11-29 23:17:33.430  INFO 6224 --- [ol-13-thread-96] tourGuide.service.RewardsService         : ** Processing to get reward points
2021-11-29 23:17:33.435  INFO 6224 --- [ol-13-thread-19] tourGuide.service.RewardsService         : ** Processing to get reward points
2021-11-29 23:17:33.437  INFO 6224 --- [ol-13-thread-44] tourGuide.service.RewardsService         : ** Processing to get reward points
2021-11-29 23:17:33.438  INFO 6224 --- [l-13-thread-185] tourGuide.service.RewardsService         : ** Processing to get reward points
2021-11-29 23:17:33.438  INFO 6224 --- [l-13-thread-142] tourGuide.service.RewardsService         : ** Processing to get reward points
2021-11-29 23:17:33.445  INFO 6224 --- [l-13-thread-175] tourGuide.service.RewardsService         : ** Processing to get reward points
2021-11-29 23:17:33.447  INFO 6224 --- [l-13-thread-102] tourGuide.service.RewardsService         : ** Processing to get reward points
2021-11-29 23:17:33.447  INFO 6224 --- [l-13-thread-184] tourGuide.service.RewardsService         : ** Processing to get reward points
2021-11-29 23:17:33.452  INFO 6224 --- [ol-13-thread-45] tourGuide.service.RewardsService         : ** Processing to get reward points
2021-11-29 23:17:33.456  INFO 6224 --- [ol-13-thread-80] tourGuide.service.RewardsService         : ** Processing to get reward points
2021-11-29 23:17:33.456  INFO 6224 --- [ol-13-thread-90] tourGuide.service.RewardsService         : ** Processing to get reward points
2021-11-29 23:17:33.461  INFO 6224 --- [l-13-thread-119] tourGuide.service.RewardsService         : ** Processing to get reward points
2021-11-29 23:17:33.461  INFO 6224 --- [l-13-thread-124] tourGuide.service.RewardsService         : ** Processing to get reward points
2021-11-29 23:17:33.468  INFO 6224 --- [l-13-thread-162] tourGuide.service.RewardsService         : ** Processing to get reward points
2021-11-29 23:17:33.471  INFO 6224 --- [ol-13-thread-12] tourGuide.service.RewardsService         : ** Processing to get reward points
2021-11-29 23:17:33.471  INFO 6224 --- [l-13-thread-198] tourGuide.service.RewardsService         : ** Processing to get reward points
2021-11-29 23:17:33.476  INFO 6224 --- [l-13-thread-199] tourGuide.service.RewardsService         : ** Processing to get reward points
2021-11-29 23:17:33.477  INFO 6224 --- [l-13-thread-128] tourGuide.service.RewardsService         : ** Processing to get reward points
2021-11-29 23:17:33.477  INFO 6224 --- [ol-13-thread-31] tourGuide.service.RewardsService         : ** Processing to get reward points
2021-11-29 23:17:33.481  INFO 6224 --- [l-13-thread-101] tourGuide.service.RewardsService         : ** Processing to get reward points
2021-11-29 23:17:33.489  INFO 6224 --- [ol-13-thread-53] tourGuide.service.RewardsService         : ** Processing to get reward points
2021-11-29 23:17:33.491  INFO 6224 --- [ol-13-thread-10] tourGuide.service.RewardsService         : ** Processing to get reward points
2021-11-29 23:17:33.491  INFO 6224 --- [l-13-thread-177] tourGuide.service.RewardsService         : ** Processing to get reward points
2021-11-29 23:17:33.494  INFO 6224 --- [ol-13-thread-97] tourGuide.service.RewardsService         : ** Processing to get reward points
2021-11-29 23:17:33.496  INFO 6224 --- [ol-13-thread-21] tourGuide.service.RewardsService         : ** Processing to get reward points
2021-11-29 23:17:33.506  INFO 6224 --- [l-13-thread-113] tourGuide.service.RewardsService         : ** Processing to get reward points
2021-11-29 23:17:33.509  INFO 6224 --- [l-13-thread-145] tourGuide.service.RewardsService         : ** Processing to get reward points
2021-11-29 23:17:33.509  INFO 6224 --- [ol-13-thread-95] tourGuide.service.RewardsService         : ** Processing to get reward points
2021-11-29 23:17:33.511  INFO 6224 --- [l-13-thread-110] tourGuide.service.RewardsService         : ** Processing to get reward points
2021-11-29 23:17:33.511  INFO 6224 --- [l-13-thread-118] tourGuide.service.RewardsService         : ** Processing to get reward points
2021-11-29 23:17:33.511  INFO 6224 --- [ol-13-thread-17] tourGuide.service.RewardsService         : ** Processing to get reward points
2021-11-29 23:17:33.517  INFO 6224 --- [ol-13-thread-89] tourGuide.service.RewardsService         : ** Processing to get reward points
2021-11-29 23:17:33.519  INFO 6224 --- [l-13-thread-148] tourGuide.service.RewardsService         : ** Processing to get reward points
2021-11-29 23:17:33.523  INFO 6224 --- [ol-13-thread-57] tourGuide.service.RewardsService         : ** Processing to get reward points
2021-11-29 23:17:33.525  INFO 6224 --- [ol-13-thread-68] tourGuide.service.RewardsService         : ** Processing to get reward points
2021-11-29 23:17:33.526  INFO 6224 --- [ol-13-thread-12] tourGuide.service.RewardsService         : ** Processing to get reward points
2021-11-29 23:17:33.529  INFO 6224 --- [l-13-thread-110] tourGuide.service.RewardsService         : ** Processing to get reward points
2021-11-29 23:17:33.529  INFO 6224 --- [ol-13-thread-10] tourGuide.service.RewardsService         : ** Processing to get reward points
2021-11-29 23:17:33.531  INFO 6224 --- [l-13-thread-180] tourGuide.service.RewardsService         : ** Processing to get reward points
2021-11-29 23:17:33.531  INFO 6224 --- [l-13-thread-187] tourGuide.service.RewardsService         : ** Processing to get reward points
2021-11-29 23:17:33.532  INFO 6224 --- [l-13-thread-141] tourGuide.service.RewardsService         : ** Processing to get reward points
2021-11-29 23:17:33.532  INFO 6224 --- [ool-13-thread-9] tourGuide.service.RewardsService         : ** Processing to get reward points
2021-11-29 23:17:33.534  INFO 6224 --- [ol-13-thread-72] tourGuide.service.RewardsService         : ** Processing to get reward points
2021-11-29 23:17:33.540  INFO 6224 --- [l-13-thread-166] tourGuide.service.RewardsService         : ** Processing to get reward points
2021-11-29 23:17:33.541  INFO 6224 --- [ol-13-thread-56] tourGuide.service.RewardsService         : ** Processing to get reward points
2021-11-29 23:17:33.541  INFO 6224 --- [ol-13-thread-76] tourGuide.service.RewardsService         : ** Processing to get reward points
2021-11-29 23:17:33.543  INFO 6224 --- [l-13-thread-176] tourGuide.service.RewardsService         : ** Processing to get reward points
2021-11-29 23:17:33.545  INFO 6224 --- [ol-13-thread-18] tourGuide.service.RewardsService         : ** Processing to get reward points
2021-11-29 23:17:33.546  INFO 6224 --- [l-13-thread-155] tourGuide.service.RewardsService         : ** Processing to get reward points
2021-11-29 23:17:33.547  INFO 6224 --- [l-13-thread-133] tourGuide.service.RewardsService         : ** Processing to get reward points
2021-11-29 23:17:33.547  INFO 6224 --- [ol-13-thread-46] tourGuide.service.RewardsService         : ** Processing to get reward points
2021-11-29 23:17:33.552  INFO 6224 --- [l-13-thread-192] tourGuide.service.RewardsService         : ** Processing to get reward points
2021-11-29 23:17:33.554  INFO 6224 --- [l-13-thread-121] tourGuide.service.RewardsService         : ** Processing to get reward points
2021-11-29 23:17:33.560  INFO 6224 --- [l-13-thread-110] tourGuide.service.RewardsService         : ** Processing to get reward points
2021-11-29 23:17:33.561  INFO 6224 --- [l-13-thread-151] tourGuide.service.RewardsService         : ** Processing to get reward points
2021-11-29 23:17:33.562  INFO 6224 --- [ol-13-thread-49] tourGuide.service.RewardsService         : ** Processing to get reward points
2021-11-29 23:17:33.562  INFO 6224 --- [ol-13-thread-78] tourGuide.service.RewardsService         : ** Processing to get reward points
2021-11-29 23:17:33.563  INFO 6224 --- [l-13-thread-111] tourGuide.service.RewardsService         : ** Processing to get reward points
2021-11-29 23:17:33.564  INFO 6224 --- [ol-13-thread-81] tourGuide.service.RewardsService         : ** Processing to get reward points
2021-11-29 23:17:33.569  INFO 6224 --- [l-13-thread-148] tourGuide.service.RewardsService         : ** Processing to get reward points
2021-11-29 23:17:33.572  INFO 6224 --- [ol-13-thread-46] tourGuide.service.RewardsService         : ** Processing to get reward points
2021-11-29 23:17:33.572  INFO 6224 --- [ool-13-thread-8] tourGuide.service.RewardsService         : ** Processing to get reward points
2021-11-29 23:17:33.574  INFO 6224 --- [ol-13-thread-22] tourGuide.service.RewardsService         : ** Processing to get reward points
2021-11-29 23:17:33.577  INFO 6224 --- [l-13-thread-197] tourGuide.service.RewardsService         : ** Processing to get reward points
2021-11-29 23:17:33.579  INFO 6224 --- [ol-13-thread-63] tourGuide.service.RewardsService         : ** Processing to get reward points
2021-11-29 23:17:33.584  INFO 6224 --- [l-13-thread-199] tourGuide.service.RewardsService         : ** Processing to get reward points
2021-11-29 23:17:33.588  INFO 6224 --- [ol-13-thread-38] tourGuide.service.RewardsService         : ** Processing to get reward points
2021-11-29 23:17:33.594  INFO 6224 --- [ol-13-thread-62] tourGuide.service.RewardsService         : ** Processing to get reward points
2021-11-29 23:17:33.596  INFO 6224 --- [l-13-thread-153] tourGuide.service.RewardsService         : ** Processing to get reward points
2021-11-29 23:17:33.598  INFO 6224 --- [l-13-thread-147] tourGuide.service.RewardsService         : ** Processing to get reward points
2021-11-29 23:17:33.599  INFO 6224 --- [l-13-thread-179] tourGuide.service.RewardsService         : ** Processing to get reward points
2021-11-29 23:17:33.601  INFO 6224 --- [l-13-thread-127] tourGuide.service.RewardsService         : ** Processing to get reward points
2021-11-29 23:17:33.604  INFO 6224 --- [ol-13-thread-33] tourGuide.service.RewardsService         : ** Processing to get reward points
2021-11-29 23:17:33.605  INFO 6224 --- [l-13-thread-136] tourGuide.service.RewardsService         : ** Processing to get reward points
2021-11-29 23:17:33.611  INFO 6224 --- [ol-13-thread-30] tourGuide.service.RewardsService         : ** Processing to get reward points
2021-11-29 23:17:33.615  INFO 6224 --- [ol-13-thread-71] tourGuide.service.RewardsService         : ** Processing to get reward points
2021-11-29 23:17:33.619  INFO 6224 --- [ol-13-thread-35] tourGuide.service.RewardsService         : ** Processing to get reward points
2021-11-29 23:17:33.621  INFO 6224 --- [ol-13-thread-60] tourGuide.service.RewardsService         : ** Processing to get reward points
2021-11-29 23:17:33.621  INFO 6224 --- [l-13-thread-139] tourGuide.service.RewardsService         : ** Processing to get reward points
2021-11-29 23:17:33.623  INFO 6224 --- [l-13-thread-169] tourGuide.service.RewardsService         : ** Processing to get reward points
2021-11-29 23:17:33.627  INFO 6224 --- [l-13-thread-196] tourGuide.service.RewardsService         : ** Processing to get reward points
2021-11-29 23:17:33.627  INFO 6224 --- [l-13-thread-122] tourGuide.service.RewardsService         : ** Processing to get reward points
2021-11-29 23:17:33.629  INFO 6224 --- [ol-13-thread-66] tourGuide.service.RewardsService         : ** Processing to get reward points
2021-11-29 23:17:33.635  INFO 6224 --- [l-13-thread-156] tourGuide.service.RewardsService         : ** Processing to get reward points
2021-11-29 23:17:33.641  INFO 6224 --- [l-13-thread-133] tourGuide.service.RewardsService         : ** Processing to get reward points
2021-11-29 23:17:33.643  INFO 6224 --- [ol-13-thread-39] tourGuide.service.RewardsService         : ** Processing to get reward points
2021-11-29 23:17:33.644  INFO 6224 --- [ol-13-thread-91] tourGuide.service.RewardsService         : ** Processing to get reward points
2021-11-29 23:17:33.645  INFO 6224 --- [l-13-thread-112] tourGuide.service.RewardsService         : ** Processing to get reward points
2021-11-29 23:17:33.647  INFO 6224 --- [ol-13-thread-77] tourGuide.service.RewardsService         : ** Processing to get reward points
2021-11-29 23:17:33.649  INFO 6224 --- [l-13-thread-165] tourGuide.service.RewardsService         : ** Processing to get reward points
2021-11-29 23:17:33.653  INFO 6224 --- [l-13-thread-142] tourGuide.service.RewardsService         : ** Processing to get reward points
2021-11-29 23:17:33.654  INFO 6224 --- [ol-13-thread-49] tourGuide.service.RewardsService         : ** Processing to get reward points
2021-11-29 23:17:33.654  INFO 6224 --- [l-13-thread-181] tourGuide.service.RewardsService         : ** Processing to get reward points
2021-11-29 23:17:33.662  INFO 6224 --- [l-13-thread-109] tourGuide.service.RewardsService         : ** Processing to get reward points
2021-11-29 23:17:33.663  INFO 6224 --- [ol-13-thread-48] tourGuide.service.RewardsService         : ** Processing to get reward points
2021-11-29 23:17:33.663  INFO 6224 --- [ol-13-thread-70] tourGuide.service.RewardsService         : ** Processing to get reward points
2021-11-29 23:17:33.668  INFO 6224 --- [l-13-thread-183] tourGuide.service.RewardsService         : ** Processing to get reward points
2021-11-29 23:17:33.669  INFO 6224 --- [ol-13-thread-85] tourGuide.service.RewardsService         : ** Processing to get reward points
2021-11-29 23:17:33.673  INFO 6224 --- [ol-13-thread-56] tourGuide.service.RewardsService         : ** Processing to get reward points
2021-11-29 23:17:33.680  INFO 6224 --- [l-13-thread-105] tourGuide.service.RewardsService         : ** Processing to get reward points
2021-11-29 23:17:33.686  INFO 6224 --- [l-13-thread-178] tourGuide.service.RewardsService         : ** Processing to get reward points
2021-11-29 23:17:33.686  INFO 6224 --- [ol-13-thread-32] tourGuide.service.RewardsService         : ** Processing to get reward points
2021-11-29 23:17:33.690  INFO 6224 --- [ol-13-thread-99] tourGuide.service.RewardsService         : ** Processing to get reward points
2021-11-29 23:17:33.691  INFO 6224 --- [ol-13-thread-42] tourGuide.service.RewardsService         : ** Processing to get reward points
2021-11-29 23:17:33.696  INFO 6224 --- [l-13-thread-130] tourGuide.service.RewardsService         : ** Processing to get reward points
2021-11-29 23:17:33.697  INFO 6224 --- [l-13-thread-147] tourGuide.service.RewardsService         : ** Processing to get reward points
2021-11-29 23:17:33.703  INFO 6224 --- [pool-7-thread-1] tourGuide.tracker.Tracker                : Tracker Time Elapsed: 30 seconds.
2021-11-29 23:17:33.704  INFO 6224 --- [pool-7-thread-1] tourGuide.tracker.Tracker                : Tracker sleeping
2021-11-29 23:17:33.704  INFO 6224 --- [ol-13-thread-14] tourGuide.service.RewardsService         : ** Processing to get reward points
2021-11-29 23:17:33.704  INFO 6224 --- [l-13-thread-180] tourGuide.service.RewardsService         : ** Processing to get reward points
2021-11-29 23:17:33.705  INFO 6224 --- [ol-13-thread-40] tourGuide.service.RewardsService         : ** Processing to get reward points
2021-11-29 23:17:33.708  INFO 6224 --- [ol-13-thread-58] tourGuide.service.RewardsService         : ** Processing to get reward points
2021-11-29 23:17:33.714  INFO 6224 --- [l-13-thread-123] tourGuide.service.RewardsService         : ** Processing to get reward points
2021-11-29 23:17:33.716  INFO 6224 --- [l-13-thread-117] tourGuide.service.RewardsService         : ** Processing to get reward points
2021-11-29 23:17:33.724  INFO 6224 --- [ol-13-thread-55] tourGuide.service.RewardsService         : ** Processing to get reward points
2021-11-29 23:17:33.726  INFO 6224 --- [ool-13-thread-8] tourGuide.service.RewardsService         : ** Processing to get reward points
2021-11-29 23:17:33.725  INFO 6224 --- [l-13-thread-152] tourGuide.service.RewardsService         : ** Processing to get reward points
2021-11-29 23:17:33.725  INFO 6224 --- [l-13-thread-106] tourGuide.service.RewardsService         : ** Processing to get reward points
2021-11-29 23:17:33.724  INFO 6224 --- [ol-13-thread-64] tourGuide.service.RewardsService         : ** Processing to get reward points
2021-11-29 23:17:33.729  INFO 6224 --- [l-13-thread-164] tourGuide.service.RewardsService         : ** Processing to get reward points
2021-11-29 23:17:33.730  INFO 6224 --- [l-13-thread-146] tourGuide.service.RewardsService         : ** Processing to get reward points
2021-11-29 23:17:33.731  INFO 6224 --- [ool-13-thread-4] tourGuide.service.RewardsService         : ** Processing to get reward points
2021-11-29 23:17:33.735  INFO 6224 --- [l-13-thread-187] tourGuide.service.RewardsService         : ** Processing to get reward points
2021-11-29 23:17:33.736  INFO 6224 --- [l-13-thread-195] tourGuide.service.RewardsService         : ** Processing to get reward points
2021-11-29 23:17:33.738  INFO 6224 --- [l-13-thread-182] tourGuide.service.RewardsService         : ** Processing to get reward points
2021-11-29 23:17:33.741  INFO 6224 --- [ol-13-thread-94] tourGuide.service.RewardsService         : ** Processing to get reward points
2021-11-29 23:17:33.745  INFO 6224 --- [ol-13-thread-36] tourGuide.service.RewardsService         : ** Processing to get reward points
2021-11-29 23:17:33.745  INFO 6224 --- [ol-13-thread-94] tourGuide.service.RewardsService         : ** Processing to get reward points
2021-11-29 23:17:33.746  INFO 6224 --- [ol-13-thread-55] tourGuide.service.RewardsService         : ** Processing to get reward points
2021-11-29 23:17:33.751  INFO 6224 --- [l-13-thread-141] tourGuide.service.RewardsService         : ** Processing to get reward points
2021-11-29 23:17:33.754  INFO 6224 --- [l-13-thread-156] tourGuide.service.RewardsService         : ** Processing to get reward points
2021-11-29 23:17:33.755  INFO 6224 --- [ol-13-thread-24] tourGuide.service.RewardsService         : ** Processing to get reward points
2021-11-29 23:17:33.758  INFO 6224 --- [ol-13-thread-63] tourGuide.service.RewardsService         : ** Processing to get reward points
2021-11-29 23:17:33.760  INFO 6224 --- [ol-13-thread-86] tourGuide.service.RewardsService         : ** Processing to get reward points
2021-11-29 23:17:33.763  INFO 6224 --- [ol-13-thread-64] tourGuide.service.RewardsService         : ** Processing to get reward points
2021-11-29 23:17:33.763  INFO 6224 --- [ol-13-thread-92] tourGuide.service.RewardsService         : ** Processing to get reward points
2021-11-29 23:17:33.771  INFO 6224 --- [l-13-thread-108] tourGuide.service.RewardsService         : ** Processing to get reward points
2021-11-29 23:17:33.772  INFO 6224 --- [l-13-thread-109] tourGuide.service.RewardsService         : ** Processing to get reward points
2021-11-29 23:17:33.776  INFO 6224 --- [ol-13-thread-20] tourGuide.service.RewardsService         : ** Processing to get reward points
2021-11-29 23:17:33.777  INFO 6224 --- [ol-13-thread-73] tourGuide.service.RewardsService         : ** Processing to get reward points
2021-11-29 23:17:33.778  INFO 6224 --- [l-13-thread-145] tourGuide.service.RewardsService         : ** Processing to get reward points
2021-11-29 23:17:33.779  INFO 6224 --- [ol-13-thread-29] tourGuide.service.RewardsService         : ** Processing to get reward points
2021-11-29 23:17:33.784  INFO 6224 --- [ol-13-thread-16] tourGuide.service.RewardsService         : ** Processing to get reward points
2021-11-29 23:17:33.788  INFO 6224 --- [ol-13-thread-97] tourGuide.service.RewardsService         : ** Processing to get reward points
2021-11-29 23:17:33.793  INFO 6224 --- [l-13-thread-132] tourGuide.service.RewardsService         : ** Processing to get reward points
2021-11-29 23:17:33.796  INFO 6224 --- [ol-13-thread-98] tourGuide.service.RewardsService         : ** Processing to get reward points
2021-11-29 23:17:33.796  INFO 6224 --- [l-13-thread-134] tourGuide.service.RewardsService         : ** Processing to get reward points
2021-11-29 23:17:33.797  INFO 6224 --- [l-13-thread-120] tourGuide.service.RewardsService         : ** Processing to get reward points
2021-11-29 23:17:33.802  INFO 6224 --- [l-13-thread-104] tourGuide.service.RewardsService         : ** Processing to get reward points
2021-11-29 23:17:33.802  INFO 6224 --- [ol-13-thread-79] tourGuide.service.RewardsService         : ** Processing to get reward points
2021-11-29 23:17:33.802  INFO 6224 --- [l-13-thread-143] tourGuide.service.RewardsService         : ** Processing to get reward points
2021-11-29 23:17:33.805  INFO 6224 --- [ol-13-thread-28] tourGuide.service.RewardsService         : ** Processing to get reward points
2021-11-29 23:17:33.807  INFO 6224 --- [ol-13-thread-47] tourGuide.service.RewardsService         : ** Processing to get reward points
2021-11-29 23:17:33.810  INFO 6224 --- [ol-13-thread-36] tourGuide.service.RewardsService         : ** Processing to get reward points
2021-11-29 23:17:33.811  INFO 6224 --- [l-13-thread-188] tourGuide.service.RewardsService         : ** Processing to get reward points
2021-11-29 23:17:33.813  INFO 6224 --- [l-13-thread-138] tourGuide.service.RewardsService         : ** Processing to get reward points
2021-11-29 23:17:33.813  INFO 6224 --- [l-13-thread-154] tourGuide.service.RewardsService         : ** Processing to get reward points
2021-11-29 23:17:33.815  INFO 6224 --- [l-13-thread-186] tourGuide.service.RewardsService         : ** Processing to get reward points
2021-11-29 23:17:33.818  INFO 6224 --- [ol-13-thread-76] tourGuide.service.RewardsService         : ** Processing to get reward points
2021-11-29 23:17:33.820  INFO 6224 --- [ol-13-thread-84] tourGuide.service.RewardsService         : ** Processing to get reward points
2021-11-29 23:17:33.822  INFO 6224 --- [l-13-thread-101] tourGuide.service.RewardsService         : ** Processing to get reward points
2021-11-29 23:17:33.822  INFO 6224 --- [ol-13-thread-60] tourGuide.service.RewardsService         : ** Processing to get reward points
2021-11-29 23:17:33.822  INFO 6224 --- [l-13-thread-159] tourGuide.service.RewardsService         : ** Processing to get reward points
2021-11-29 23:17:33.822  INFO 6224 --- [l-13-thread-171] tourGuide.service.RewardsService         : ** Processing to get reward points
2021-11-29 23:17:33.825  INFO 6224 --- [ol-13-thread-11] tourGuide.service.RewardsService         : ** Processing to get reward points
2021-11-29 23:17:33.829  INFO 6224 --- [ol-13-thread-64] tourGuide.service.RewardsService         : ** Processing to get reward points
2021-11-29 23:17:33.837  INFO 6224 --- [l-13-thread-200] tourGuide.service.RewardsService         : ** Processing to get reward points
2021-11-29 23:17:33.837  INFO 6224 --- [ol-13-thread-15] tourGuide.service.RewardsService         : ** Processing to get reward points
2021-11-29 23:17:33.839  INFO 6224 --- [ol-13-thread-61] tourGuide.service.RewardsService         : ** Processing to get reward points
2021-11-29 23:17:33.839  INFO 6224 --- [l-13-thread-142] tourGuide.service.RewardsService         : ** Processing to get reward points
2021-11-29 23:17:33.841  INFO 6224 --- [l-13-thread-185] tourGuide.service.RewardsService         : ** Processing to get reward points
2021-11-29 23:17:33.841  INFO 6224 --- [l-13-thread-158] tourGuide.service.RewardsService         : ** Processing to get reward points
2021-11-29 23:17:33.842  INFO 6224 --- [ol-13-thread-15] tourGuide.service.RewardsService         : ** Processing to get reward points
2021-11-29 23:17:33.842  INFO 6224 --- [l-13-thread-144] tourGuide.service.RewardsService         : ** Processing to get reward points
2021-11-29 23:17:33.845  INFO 6224 --- [ol-13-thread-22] tourGuide.service.RewardsService         : ** Processing to get reward points
2021-11-29 23:17:33.856  INFO 6224 --- [ol-13-thread-73] tourGuide.service.RewardsService         : ** Processing to get reward points
2021-11-29 23:17:33.860  INFO 6224 --- [ol-13-thread-57] tourGuide.service.RewardsService         : ** Processing to get reward points
2021-11-29 23:17:33.862  INFO 6224 --- [l-13-thread-146] tourGuide.service.RewardsService         : ** Processing to get reward points
2021-11-29 23:17:33.862  INFO 6224 --- [ol-13-thread-89] tourGuide.service.RewardsService         : ** Processing to get reward points
2021-11-29 23:17:33.862  INFO 6224 --- [ool-13-thread-5] tourGuide.service.RewardsService         : ** Processing to get reward points
2021-11-29 23:17:33.862  INFO 6224 --- [l-13-thread-198] tourGuide.service.RewardsService         : ** Processing to get reward points
2021-11-29 23:17:33.872  INFO 6224 --- [l-13-thread-163] tourGuide.service.RewardsService         : ** Processing to get reward points
2021-11-29 23:17:33.874  INFO 6224 --- [ol-13-thread-72] tourGuide.service.RewardsService         : ** Processing to get reward points
2021-11-29 23:17:33.874  INFO 6224 --- [ol-13-thread-54] tourGuide.service.RewardsService         : ** Processing to get reward points
2021-11-29 23:17:33.875  INFO 6224 --- [ol-13-thread-46] tourGuide.service.RewardsService         : ** Processing to get reward points
2021-11-29 23:17:33.875  INFO 6224 --- [ol-13-thread-34] tourGuide.service.RewardsService         : ** Processing to get reward points
2021-11-29 23:17:33.878  INFO 6224 --- [ol-13-thread-63] tourGuide.service.RewardsService         : ** Processing to get reward points
2021-11-29 23:17:33.880  INFO 6224 --- [ool-13-thread-7] tourGuide.service.RewardsService         : ** Processing to get reward points
2021-11-29 23:17:33.887  INFO 6224 --- [l-13-thread-140] tourGuide.service.RewardsService         : ** Processing to get reward points
2021-11-29 23:17:33.889  INFO 6224 --- [l-13-thread-136] tourGuide.service.RewardsService         : ** Processing to get reward points
2021-11-29 23:17:33.892  INFO 6224 --- [ol-13-thread-25] tourGuide.service.RewardsService         : ** Processing to get reward points
2021-11-29 23:17:33.892  INFO 6224 --- [l-13-thread-131] tourGuide.service.RewardsService         : ** Processing to get reward points
2021-11-29 23:17:33.896  INFO 6224 --- [ol-13-thread-82] tourGuide.service.RewardsService         : ** Processing to get reward points
2021-11-29 23:17:33.922  INFO 6224 --- [l-13-thread-167] tourGuide.service.RewardsService         : ** Processing to get reward points
2021-11-29 23:17:33.925  INFO 6224 --- [l-13-thread-149] tourGuide.service.RewardsService         : ** Processing to get reward points
2021-11-29 23:17:33.927  INFO 6224 --- [ol-13-thread-43] tourGuide.service.RewardsService         : ** Processing to get reward points
2021-11-29 23:17:33.928  INFO 6224 --- [l-13-thread-170] tourGuide.service.RewardsService         : ** Processing to get reward points
2021-11-29 23:17:33.928  INFO 6224 --- [ol-13-thread-74] tourGuide.service.RewardsService         : ** Processing to get reward points
2021-11-29 23:17:33.929  INFO 6224 --- [ol-13-thread-18] tourGuide.service.RewardsService         : ** Processing to get reward points
2021-11-29 23:17:33.948  INFO 6224 --- [ol-13-thread-81] tourGuide.service.RewardsService         : ** Processing to get reward points
2021-11-29 23:17:33.949  INFO 6224 --- [ol-13-thread-69] tourGuide.service.RewardsService         : ** Processing to get reward points
2021-11-29 23:17:33.948  INFO 6224 --- [ol-13-thread-67] tourGuide.service.RewardsService         : ** Processing to get reward points
2021-11-29 23:17:33.951  INFO 6224 --- [ol-13-thread-57] tourGuide.service.RewardsService         : ** Processing to get reward points
2021-11-29 23:17:33.951  INFO 6224 --- [ol-13-thread-87] tourGuide.service.RewardsService         : ** Processing to get reward points
2021-11-29 23:17:33.951  INFO 6224 --- [l-13-thread-137] tourGuide.service.RewardsService         : ** Processing to get reward points
2021-11-29 23:17:33.954  INFO 6224 --- [l-13-thread-163] tourGuide.service.RewardsService         : ** Processing to get reward points
2021-11-29 23:17:33.954  INFO 6224 --- [ol-13-thread-38] tourGuide.service.RewardsService         : ** Processing to get reward points
2021-11-29 23:17:33.955  INFO 6224 --- [l-13-thread-133] tourGuide.service.RewardsService         : ** Processing to get reward points
2021-11-29 23:17:33.956  INFO 6224 --- [ool-13-thread-1] tourGuide.service.RewardsService         : ** Processing to get reward points
2021-11-29 23:17:33.956  INFO 6224 --- [ol-13-thread-62] tourGuide.service.RewardsService         : ** Processing to get reward points
2021-11-29 23:17:33.967  INFO 6224 --- [ol-13-thread-48] tourGuide.service.RewardsService         : ** Processing to get reward points
2021-11-29 23:17:33.967  INFO 6224 --- [ol-13-thread-30] tourGuide.service.RewardsService         : ** Processing to get reward points
2021-11-29 23:17:33.967  INFO 6224 --- [l-13-thread-120] tourGuide.service.RewardsService         : ** Processing to get reward points
2021-11-29 23:17:33.969  INFO 6224 --- [l-13-thread-194] tourGuide.service.RewardsService         : ** Processing to get reward points
2021-11-29 23:17:33.969  INFO 6224 --- [ol-13-thread-89] tourGuide.service.RewardsService         : ** Processing to get reward points
2021-11-29 23:17:33.984  INFO 6224 --- [ol-13-thread-41] tourGuide.service.RewardsService         : ** Processing to get reward points
2021-11-29 23:17:33.985  INFO 6224 --- [ool-13-thread-3] tourGuide.service.RewardsService         : ** Processing to get reward points
2021-11-29 23:17:33.987  INFO 6224 --- [l-13-thread-180] tourGuide.service.RewardsService         : ** Processing to get reward points
2021-11-29 23:17:33.989  INFO 6224 --- [l-13-thread-186] tourGuide.service.RewardsService         : ** Processing to get reward points
2021-11-29 23:17:33.990  INFO 6224 --- [l-13-thread-121] tourGuide.service.RewardsService         : ** Processing to get reward points
2021-11-29 23:17:33.993  INFO 6224 --- [l-13-thread-126] tourGuide.service.RewardsService         : ** Processing to get reward points
2021-11-29 23:17:33.993  INFO 6224 --- [l-13-thread-176] tourGuide.service.RewardsService         : ** Processing to get reward points
2021-11-29 23:17:33.998  INFO 6224 --- [ool-13-thread-6] tourGuide.service.RewardsService         : ** Processing to get reward points
2021-11-29 23:17:33.999  INFO 6224 --- [ol-13-thread-59] tourGuide.service.RewardsService         : ** Processing to get reward points
2021-11-29 23:17:34.006  INFO 6224 --- [l-13-thread-191] tourGuide.service.RewardsService         : ** Processing to get reward points
2021-11-29 23:17:34.006  INFO 6224 --- [l-13-thread-162] tourGuide.service.RewardsService         : ** Processing to get reward points
2021-11-29 23:17:34.006  INFO 6224 --- [l-13-thread-166] tourGuide.service.RewardsService         : ** Processing to get reward points
2021-11-29 23:17:34.009  INFO 6224 --- [l-13-thread-107] tourGuide.service.RewardsService         : ** Processing to get reward points
2021-11-29 23:17:34.014  INFO 6224 --- [ol-13-thread-46] tourGuide.service.RewardsService         : ** Processing to get reward points
2021-11-29 23:17:34.026  INFO 6224 --- [l-13-thread-124] tourGuide.service.RewardsService         : ** Processing to get reward points
2021-11-29 23:17:34.026  INFO 6224 --- [ol-13-thread-60] tourGuide.service.RewardsService         : ** Processing to get reward points
2021-11-29 23:17:34.026  INFO 6224 --- [ol-13-thread-56] tourGuide.service.RewardsService         : ** Processing to get reward points
2021-11-29 23:17:34.027  INFO 6224 --- [ol-13-thread-88] tourGuide.service.RewardsService         : ** Processing to get reward points
2021-11-29 23:17:34.030  INFO 6224 --- [ol-13-thread-75] tourGuide.service.RewardsService         : ** Processing to get reward points
2021-11-29 23:17:34.035  INFO 6224 --- [ol-13-thread-19] tourGuide.service.RewardsService         : ** Processing to get reward points
2021-11-29 23:17:34.037  INFO 6224 --- [ol-13-thread-78] tourGuide.service.RewardsService         : ** Processing to get reward points
2021-11-29 23:17:34.038  INFO 6224 --- [ol-13-thread-46] tourGuide.service.RewardsService         : ** Processing to get reward points
2021-11-29 23:17:34.042  INFO 6224 --- [l-13-thread-157] tourGuide.service.RewardsService         : ** Processing to get reward points
2021-11-29 23:17:34.042  INFO 6224 --- [l-13-thread-118] tourGuide.service.RewardsService         : ** Processing to get reward points
2021-11-29 23:17:34.046  INFO 6224 --- [l-13-thread-145] tourGuide.service.RewardsService         : ** Processing to get reward points
2021-11-29 23:17:34.046  INFO 6224 --- [ol-13-thread-90] tourGuide.service.RewardsService         : ** Processing to get reward points
2021-11-29 23:17:34.050  INFO 6224 --- [l-13-thread-187] tourGuide.service.RewardsService         : ** Processing to get reward points
2021-11-29 23:17:34.052  INFO 6224 --- [l-13-thread-150] tourGuide.service.RewardsService         : ** Processing to get reward points
2021-11-29 23:17:34.053  INFO 6224 --- [ol-13-thread-77] tourGuide.service.RewardsService         : ** Processing to get reward points
2021-11-29 23:17:34.053  INFO 6224 --- [l-13-thread-173] tourGuide.service.RewardsService         : ** Processing to get reward points
2021-11-29 23:17:34.054  INFO 6224 --- [ol-13-thread-18] tourGuide.service.RewardsService         : ** Processing to get reward points
2021-11-29 23:17:34.063  INFO 6224 --- [l-13-thread-131] tourGuide.service.RewardsService         : ** Processing to get reward points
2021-11-29 23:17:34.068  INFO 6224 --- [ol-13-thread-37] tourGuide.service.RewardsService         : ** Processing to get reward points
2021-11-29 23:17:34.068  INFO 6224 --- [l-13-thread-181] tourGuide.service.RewardsService         : ** Processing to get reward points
2021-11-29 23:17:34.072  INFO 6224 --- [ol-13-thread-26] tourGuide.service.RewardsService         : ** Processing to get reward points
2021-11-29 23:17:34.074  INFO 6224 --- [l-13-thread-197] tourGuide.service.RewardsService         : ** Processing to get reward points
2021-11-29 23:17:34.078  INFO 6224 --- [ol-13-thread-45] tourGuide.service.RewardsService         : ** Processing to get reward points
2021-11-29 23:17:34.079  INFO 6224 --- [ool-13-thread-4] tourGuide.service.RewardsService         : ** Processing to get reward points
2021-11-29 23:17:34.079  INFO 6224 --- [l-13-thread-114] tourGuide.service.RewardsService         : ** Processing to get reward points
2021-11-29 23:17:34.080  INFO 6224 --- [ol-13-thread-93] tourGuide.service.RewardsService         : ** Processing to get reward points
2021-11-29 23:17:34.083  INFO 6224 --- [l-13-thread-106] tourGuide.service.RewardsService         : ** Processing to get reward points
2021-11-29 23:17:34.084  INFO 6224 --- [l-13-thread-121] tourGuide.service.RewardsService         : ** Processing to get reward points
2021-11-29 23:17:34.087  INFO 6224 --- [l-13-thread-189] tourGuide.service.RewardsService         : ** Processing to get reward points
2021-11-29 23:17:34.089  INFO 6224 --- [l-13-thread-168] tourGuide.service.RewardsService         : ** Processing to get reward points
2021-11-29 23:17:34.089  INFO 6224 --- [ol-13-thread-44] tourGuide.service.RewardsService         : ** Processing to get reward points
2021-11-29 23:17:34.089  INFO 6224 --- [ol-13-thread-57] tourGuide.service.RewardsService         : ** Processing to get reward points
2021-11-29 23:17:34.099  INFO 6224 --- [ol-13-thread-51] tourGuide.service.RewardsService         : ** Processing to get reward points
2021-11-29 23:17:34.105  INFO 6224 --- [ol-13-thread-78] tourGuide.service.RewardsService         : ** Processing to get reward points
2021-11-29 23:17:34.105  INFO 6224 --- [ol-13-thread-42] tourGuide.service.RewardsService         : ** Processing to get reward points
2021-11-29 23:17:34.105  INFO 6224 --- [ol-13-thread-33] tourGuide.service.RewardsService         : ** Processing to get reward points
2021-11-29 23:17:34.106  INFO 6224 --- [l-13-thread-145] tourGuide.service.RewardsService         : ** Processing to get reward points
2021-11-29 23:17:34.106  INFO 6224 --- [l-13-thread-190] tourGuide.service.RewardsService         : ** Processing to get reward points
2021-11-29 23:17:34.107  INFO 6224 --- [ol-13-thread-63] tourGuide.service.RewardsService         : ** Processing to get reward points
2021-11-29 23:17:34.110  INFO 6224 --- [ool-13-thread-5] tourGuide.service.RewardsService         : ** Processing to get reward points
2021-11-29 23:17:34.110  INFO 6224 --- [l-13-thread-113] tourGuide.service.RewardsService         : ** Processing to get reward points
2021-11-29 23:17:34.112  INFO 6224 --- [l-13-thread-107] tourGuide.service.RewardsService         : ** Processing to get reward points
2021-11-29 23:17:34.116  INFO 6224 --- [l-13-thread-154] tourGuide.service.RewardsService         : ** Processing to get reward points
2021-11-29 23:17:34.116  INFO 6224 --- [ol-13-thread-45] tourGuide.service.RewardsService         : ** Processing to get reward points
2021-11-29 23:17:34.119  INFO 6224 --- [ol-13-thread-96] tourGuide.service.RewardsService         : ** Processing to get reward points
2021-11-29 23:17:34.122  INFO 6224 --- [ol-13-thread-18] tourGuide.service.RewardsService         : ** Processing to get reward points
2021-11-29 23:17:34.127  INFO 6224 --- [ol-13-thread-98] tourGuide.service.RewardsService         : ** Processing to get reward points
2021-11-29 23:17:34.133  INFO 6224 --- [l-13-thread-160] tourGuide.service.RewardsService         : ** Processing to get reward points
2021-11-29 23:17:34.135  INFO 6224 --- [ool-13-thread-2] tourGuide.service.RewardsService         : ** Processing to get reward points
2021-11-29 23:17:34.137  INFO 6224 --- [l-13-thread-198] tourGuide.service.RewardsService         : ** Processing to get reward points
2021-11-29 23:17:34.139  INFO 6224 --- [ool-13-thread-7] tourGuide.service.RewardsService         : ** Processing to get reward points
2021-11-29 23:17:34.143  INFO 6224 --- [l-13-thread-134] tourGuide.service.RewardsService         : ** Processing to get reward points
2021-11-29 23:17:34.146  INFO 6224 --- [l-13-thread-116] tourGuide.service.RewardsService         : ** Processing to get reward points
2021-11-29 23:17:34.148  INFO 6224 --- [l-13-thread-100] tourGuide.service.RewardsService         : ** Processing to get reward points
2021-11-29 23:17:34.160  INFO 6224 --- [ol-13-thread-73] tourGuide.service.RewardsService         : ** Processing to get reward points
2021-11-29 23:17:34.160  INFO 6224 --- [l-13-thread-193] tourGuide.service.RewardsService         : ** Processing to get reward points
2021-11-29 23:17:34.160  INFO 6224 --- [ol-13-thread-12] tourGuide.service.RewardsService         : ** Processing to get reward points
2021-11-29 23:17:34.172  INFO 6224 --- [ol-13-thread-52] tourGuide.service.RewardsService         : ** Processing to get reward points
2021-11-29 23:17:34.173  INFO 6224 --- [ool-13-thread-8] tourGuide.service.RewardsService         : ** Processing to get reward points
2021-11-29 23:17:34.176  INFO 6224 --- [ool-13-thread-5] tourGuide.service.RewardsService         : ** Processing to get reward points
2021-11-29 23:17:34.188  INFO 6224 --- [ol-13-thread-59] tourGuide.service.RewardsService         : ** Processing to get reward points
2021-11-29 23:17:34.188  INFO 6224 --- [ol-13-thread-35] tourGuide.service.RewardsService         : ** Processing to get reward points
2021-11-29 23:17:34.188  INFO 6224 --- [ol-13-thread-74] tourGuide.service.RewardsService         : ** Processing to get reward points
2021-11-29 23:17:34.191  INFO 6224 --- [ol-13-thread-18] tourGuide.service.RewardsService         : ** Processing to get reward points
2021-11-29 23:17:34.193  INFO 6224 --- [l-13-thread-172] tourGuide.service.RewardsService         : ** Processing to get reward points
2021-11-29 23:17:34.195  INFO 6224 --- [l-13-thread-190] tourGuide.service.RewardsService         : ** Processing to get reward points
2021-11-29 23:17:34.200  INFO 6224 --- [ol-13-thread-23] tourGuide.service.RewardsService         : ** Processing to get reward points
2021-11-29 23:17:34.203  INFO 6224 --- [ol-13-thread-27] tourGuide.service.RewardsService         : ** Processing to get reward points
2021-11-29 23:17:34.213  INFO 6224 --- [l-13-thread-148] tourGuide.service.RewardsService         : ** Processing to get reward points
2021-11-29 23:17:34.215  INFO 6224 --- [l-13-thread-118] tourGuide.service.RewardsService         : ** Processing to get reward points
2021-11-29 23:17:34.218  INFO 6224 --- [ol-13-thread-49] tourGuide.service.RewardsService         : ** Processing to get reward points
2021-11-29 23:17:34.218  INFO 6224 --- [l-13-thread-128] tourGuide.service.RewardsService         : ** Processing to get reward points
2021-11-29 23:17:34.220  INFO 6224 --- [ol-13-thread-95] tourGuide.service.RewardsService         : ** Processing to get reward points
2021-11-29 23:17:34.228  INFO 6224 --- [ool-13-thread-4] tourGuide.service.RewardsService         : ** Processing to get reward points
2021-11-29 23:17:34.230  INFO 6224 --- [l-13-thread-153] tourGuide.service.RewardsService         : ** Processing to get reward points
2021-11-29 23:17:34.236  INFO 6224 --- [ol-13-thread-91] tourGuide.service.RewardsService         : ** Processing to get reward points
2021-11-29 23:17:34.236  INFO 6224 --- [l-13-thread-161] tourGuide.service.RewardsService         : ** Processing to get reward points
2021-11-29 23:17:34.239  INFO 6224 --- [ol-13-thread-12] tourGuide.service.RewardsService         : ** Processing to get reward points
2021-11-29 23:17:34.239  INFO 6224 --- [ol-13-thread-10] tourGuide.service.RewardsService         : ** Processing to get reward points
2021-11-29 23:17:34.244  INFO 6224 --- [l-13-thread-179] tourGuide.service.RewardsService         : ** Processing to get reward points
2021-11-29 23:17:34.253  INFO 6224 --- [l-13-thread-125] tourGuide.service.RewardsService         : ** Processing to get reward points
2021-11-29 23:17:34.255  INFO 6224 --- [l-13-thread-158] tourGuide.service.RewardsService         : ** Processing to get reward points
2021-11-29 23:17:34.256  INFO 6224 --- [l-13-thread-199] tourGuide.service.RewardsService         : ** Processing to get reward points
2021-11-29 23:17:34.257  INFO 6224 --- [ol-13-thread-46] tourGuide.service.RewardsService         : ** Processing to get reward points
2021-11-29 23:17:34.262  INFO 6224 --- [l-13-thread-184] tourGuide.service.RewardsService         : ** Processing to get reward points
2021-11-29 23:17:34.264  INFO 6224 --- [ol-13-thread-60] tourGuide.service.RewardsService         : ** Processing to get reward points
2021-11-29 23:17:34.264  INFO 6224 --- [ol-13-thread-50] tourGuide.service.RewardsService         : ** Processing to get reward points
2021-11-29 23:17:34.265  INFO 6224 --- [l-13-thread-113] tourGuide.service.RewardsService         : ** Processing to get reward points
2021-11-29 23:17:34.270  INFO 6224 --- [ol-13-thread-38] tourGuide.service.RewardsService         : ** Processing to get reward points
2021-11-29 23:17:34.274  INFO 6224 --- [ol-13-thread-79] tourGuide.service.RewardsService         : ** Processing to get reward points
2021-11-29 23:17:34.274  INFO 6224 --- [l-13-thread-185] tourGuide.service.RewardsService         : ** Processing to get reward points
2021-11-29 23:17:34.274  INFO 6224 --- [ool-13-thread-6] tourGuide.service.RewardsService         : ** Processing to get reward points
2021-11-29 23:17:34.275  INFO 6224 --- [l-13-thread-174] tourGuide.service.RewardsService         : ** Processing to get reward points
2021-11-29 23:17:34.277  INFO 6224 --- [ol-13-thread-16] tourGuide.service.RewardsService         : ** Processing to get reward points
2021-11-29 23:17:34.277  INFO 6224 --- [ol-13-thread-85] tourGuide.service.RewardsService         : ** Processing to get reward points
2021-11-29 23:17:34.282  INFO 6224 --- [l-13-thread-195] tourGuide.service.RewardsService         : ** Processing to get reward points
2021-11-29 23:17:34.282  INFO 6224 --- [l-13-thread-105] tourGuide.service.RewardsService         : ** Processing to get reward points
2021-11-29 23:17:34.287  INFO 6224 --- [ol-13-thread-31] tourGuide.service.RewardsService         : ** Processing to get reward points
2021-11-29 23:17:34.287  INFO 6224 --- [l-13-thread-102] tourGuide.service.RewardsService         : ** Processing to get reward points
2021-11-29 23:17:34.290  INFO 6224 --- [l-13-thread-129] tourGuide.service.RewardsService         : ** Processing to get reward points
2021-11-29 23:17:34.290  INFO 6224 --- [ol-13-thread-52] tourGuide.service.RewardsService         : ** Processing to get reward points
2021-11-29 23:17:34.292  INFO 6224 --- [ol-13-thread-83] tourGuide.service.RewardsService         : ** Processing to get reward points
2021-11-29 23:17:34.295  INFO 6224 --- [l-13-thread-103] tourGuide.service.RewardsService         : ** Processing to get reward points
2021-11-29 23:17:34.298  INFO 6224 --- [l-13-thread-119] tourGuide.service.RewardsService         : ** Processing to get reward points
2021-11-29 23:17:34.300  INFO 6224 --- [ol-13-thread-26] tourGuide.service.RewardsService         : ** Processing to get reward points
2021-11-29 23:17:34.306  INFO 6224 --- [l-13-thread-173] tourGuide.service.RewardsService         : ** Processing to get reward points
2021-11-29 23:17:34.306  INFO 6224 --- [ol-13-thread-54] tourGuide.service.RewardsService         : ** Processing to get reward points
2021-11-29 23:17:34.309  INFO 6224 --- [l-13-thread-115] tourGuide.service.RewardsService         : ** Processing to get reward points
2021-11-29 23:17:34.314  INFO 6224 --- [l-13-thread-150] tourGuide.service.RewardsService         : ** Processing to get reward points
2021-11-29 23:17:34.318  INFO 6224 --- [ol-13-thread-53] tourGuide.service.RewardsService         : ** Processing to get reward points
2021-11-29 23:17:34.323  INFO 6224 --- [l-13-thread-196] tourGuide.service.RewardsService         : ** Processing to get reward points
2021-11-29 23:17:34.327  INFO 6224 --- [ol-13-thread-41] tourGuide.service.RewardsService         : ** Processing to get reward points
2021-11-29 23:17:34.335  INFO 6224 --- [l-13-thread-127] tourGuide.service.RewardsService         : ** Processing to get reward points
2021-11-29 23:17:34.339  INFO 6224 --- [ool-13-thread-4] tourGuide.service.RewardsService         : ** Processing to get reward points
2021-11-29 23:17:34.341  INFO 6224 --- [ool-13-thread-5] tourGuide.service.RewardsService         : ** Processing to get reward points
2021-11-29 23:17:34.341  INFO 6224 --- [ol-13-thread-21] tourGuide.service.RewardsService         : ** Processing to get reward points
2021-11-29 23:17:34.341  INFO 6224 --- [ol-13-thread-37] tourGuide.service.RewardsService         : ** Processing to get reward points
2021-11-29 23:17:34.342  INFO 6224 --- [l-13-thread-175] tourGuide.service.RewardsService         : ** Processing to get reward points
2021-11-29 23:17:34.343  INFO 6224 --- [l-13-thread-153] tourGuide.service.RewardsService         : ** Processing to get reward points
2021-11-29 23:17:34.345  INFO 6224 --- [ol-13-thread-15] tourGuide.service.RewardsService         : ** Processing to get reward points
2021-11-29 23:17:34.350  INFO 6224 --- [l-13-thread-107] tourGuide.service.RewardsService         : ** Processing to get reward points
2021-11-29 23:17:34.350  INFO 6224 --- [l-13-thread-130] tourGuide.service.RewardsService         : ** Processing to get reward points
2021-11-29 23:17:34.356  INFO 6224 --- [l-13-thread-187] tourGuide.service.RewardsService         : ** Processing to get reward points
2021-11-29 23:17:34.356  INFO 6224 --- [l-13-thread-182] tourGuide.service.RewardsService         : ** Processing to get reward points
2021-11-29 23:17:34.358  INFO 6224 --- [l-13-thread-148] tourGuide.service.RewardsService         : ** Processing to get reward points
2021-11-29 23:17:34.359  INFO 6224 --- [ol-13-thread-65] tourGuide.service.RewardsService         : ** Processing to get reward points
2021-11-29 23:17:34.359  INFO 6224 --- [ol-13-thread-28] tourGuide.service.RewardsService         : ** Processing to get reward points
2021-11-29 23:17:34.360  INFO 6224 --- [l-13-thread-122] tourGuide.service.RewardsService         : ** Processing to get reward points
2021-11-29 23:17:34.361  INFO 6224 --- [l-13-thread-182] tourGuide.service.RewardsService         : ** Processing to get reward points
2021-11-29 23:17:34.364  INFO 6224 --- [ol-13-thread-81] tourGuide.service.RewardsService         : ** Processing to get reward points
2021-11-29 23:17:34.368  INFO 6224 --- [ol-13-thread-64] tourGuide.service.RewardsService         : ** Processing to get reward points
2021-11-29 23:17:34.371  INFO 6224 --- [l-13-thread-132] tourGuide.service.RewardsService         : ** Processing to get reward points
2021-11-29 23:17:34.371  INFO 6224 --- [ol-13-thread-17] tourGuide.service.RewardsService         : ** Processing to get reward points
2021-11-29 23:17:34.381  INFO 6224 --- [l-13-thread-128] tourGuide.service.RewardsService         : ** Processing to get reward points
2021-11-29 23:17:34.384  INFO 6224 --- [ol-13-thread-68] tourGuide.service.RewardsService         : ** Processing to get reward points
2021-11-29 23:17:34.388  INFO 6224 --- [ol-13-thread-74] tourGuide.service.RewardsService         : ** Processing to get reward points
2021-11-29 23:17:34.388  INFO 6224 --- [l-13-thread-110] tourGuide.service.RewardsService         : ** Processing to get reward points
2021-11-29 23:17:34.388  INFO 6224 --- [l-13-thread-135] tourGuide.service.RewardsService         : ** Processing to get reward points
2021-11-29 23:17:34.391  INFO 6224 --- [l-13-thread-165] tourGuide.service.RewardsService         : ** Processing to get reward points
2021-11-29 23:17:34.396  INFO 6224 --- [ol-13-thread-13] tourGuide.service.RewardsService         : ** Processing to get reward points
2021-11-29 23:17:34.396  INFO 6224 --- [ol-13-thread-69] tourGuide.service.RewardsService         : ** Processing to get reward points
2021-11-29 23:17:34.396  INFO 6224 --- [l-13-thread-120] tourGuide.service.RewardsService         : ** Processing to get reward points
2021-11-29 23:17:34.396  INFO 6224 --- [ol-13-thread-84] tourGuide.service.RewardsService         : ** Processing to get reward points
2021-11-29 23:17:34.401  INFO 6224 --- [l-13-thread-100] tourGuide.service.RewardsService         : ** Processing to get reward points
2021-11-29 23:17:34.402  INFO 6224 --- [l-13-thread-196] tourGuide.service.RewardsService         : ** Processing to get reward points
2021-11-29 23:17:34.403  INFO 6224 --- [ol-13-thread-11] tourGuide.service.RewardsService         : ** Processing to get reward points
2021-11-29 23:17:34.406  INFO 6224 --- [ol-13-thread-24] tourGuide.service.RewardsService         : ** Processing to get reward points
2021-11-29 23:17:34.406  INFO 6224 --- [ol-13-thread-58] tourGuide.service.RewardsService         : ** Processing to get reward points
2021-11-29 23:17:34.406  INFO 6224 --- [l-13-thread-164] tourGuide.service.RewardsService         : ** Processing to get reward points
2021-11-29 23:17:34.406  INFO 6224 --- [ol-13-thread-71] tourGuide.service.RewardsService         : ** Processing to get reward points
2021-11-29 23:17:34.407  INFO 6224 --- [ol-13-thread-80] tourGuide.service.RewardsService         : ** Processing to get reward points
2021-11-29 23:17:34.407  INFO 6224 --- [ol-13-thread-33] tourGuide.service.RewardsService         : ** Processing to get reward points
2021-11-29 23:17:34.409  INFO 6224 --- [l-13-thread-111] tourGuide.service.RewardsService         : ** Processing to get reward points
2021-11-29 23:17:34.411  INFO 6224 --- [ol-13-thread-64] tourGuide.service.RewardsService         : ** Processing to get reward points
2021-11-29 23:17:34.411  INFO 6224 --- [ol-13-thread-66] tourGuide.service.RewardsService         : ** Processing to get reward points
2021-11-29 23:17:34.414  INFO 6224 --- [ol-13-thread-27] tourGuide.service.RewardsService         : ** Processing to get reward points
2021-11-29 23:17:34.414  INFO 6224 --- [ool-13-thread-7] tourGuide.service.RewardsService         : ** Processing to get reward points
2021-11-29 23:17:34.421  INFO 6224 --- [ol-13-thread-14] tourGuide.service.RewardsService         : ** Processing to get reward points
2021-11-29 23:17:34.427  INFO 6224 --- [l-13-thread-126] tourGuide.service.RewardsService         : ** Processing to get reward points
2021-11-29 23:17:34.429  INFO 6224 --- [ool-13-thread-9] tourGuide.service.RewardsService         : ** Processing to get reward points
2021-11-29 23:17:34.434  INFO 6224 --- [l-13-thread-192] tourGuide.service.RewardsService         : ** Processing to get reward points
2021-11-29 23:17:34.436  INFO 6224 --- [l-13-thread-120] tourGuide.service.RewardsService         : ** Processing to get reward points
2021-11-29 23:17:34.437  INFO 6224 --- [ol-13-thread-22] tourGuide.service.RewardsService         : ** Processing to get reward points
2021-11-29 23:17:34.441  INFO 6224 --- [l-13-thread-180] tourGuide.service.RewardsService         : ** Processing to get reward points
2021-11-29 23:17:34.442  INFO 6224 --- [l-13-thread-143] tourGuide.service.RewardsService         : ** Processing to get reward points
2021-11-29 23:17:34.449  INFO 6224 --- [l-13-thread-147] tourGuide.service.RewardsService         : ** Processing to get reward points
2021-11-29 23:17:34.452  INFO 6224 --- [l-13-thread-116] tourGuide.service.RewardsService         : ** Processing to get reward points
2021-11-29 23:17:34.455  INFO 6224 --- [l-13-thread-129] tourGuide.service.RewardsService         : ** Processing to get reward points
2021-11-29 23:17:34.457  INFO 6224 --- [ol-13-thread-29] tourGuide.service.RewardsService         : ** Processing to get reward points
2021-11-29 23:17:34.462  INFO 6224 --- [ol-13-thread-32] tourGuide.service.RewardsService         : ** Processing to get reward points
2021-11-29 23:17:34.494  INFO 6224 --- [ol-13-thread-61] tourGuide.service.RewardsService         : ** Processing to get reward points
2021-11-29 23:17:34.494  INFO 6224 --- [ol-13-thread-69] tourGuide.service.RewardsService         : ** Processing to get reward points
2021-11-29 23:17:34.494  INFO 6224 --- [ol-13-thread-62] tourGuide.service.RewardsService         : ** Processing to get reward points
2021-11-29 23:17:34.496  INFO 6224 --- [ol-13-thread-40] tourGuide.service.RewardsService         : ** Processing to get reward points
2021-11-29 23:17:34.496  INFO 6224 --- [ol-13-thread-99] tourGuide.service.RewardsService         : ** Processing to get reward points
2021-11-29 23:17:34.496  INFO 6224 --- [l-13-thread-139] tourGuide.service.RewardsService         : ** Processing to get reward points
2021-11-29 23:17:34.497  INFO 6224 --- [ool-13-thread-6] tourGuide.service.RewardsService         : ** Processing to get reward points
2021-11-29 23:17:34.497  INFO 6224 --- [ol-13-thread-12] tourGuide.service.RewardsService         : ** Processing to get reward points
2021-11-29 23:17:34.497  INFO 6224 --- [ol-13-thread-58] tourGuide.service.RewardsService         : ** Processing to get reward points
2021-11-29 23:17:34.499  INFO 6224 --- [l-13-thread-177] tourGuide.service.RewardsService         : ** Processing to get reward points
2021-11-29 23:17:34.499  INFO 6224 --- [l-13-thread-152] tourGuide.service.RewardsService         : ** Processing to get reward points
2021-11-29 23:17:34.502  INFO 6224 --- [l-13-thread-124] tourGuide.service.RewardsService         : ** Processing to get reward points
2021-11-29 23:17:34.502  INFO 6224 --- [l-13-thread-162] tourGuide.service.RewardsService         : ** Processing to get reward points
2021-11-29 23:17:34.503  INFO 6224 --- [ool-13-thread-1] tourGuide.service.RewardsService         : ** Processing to get reward points
2021-11-29 23:17:34.505  INFO 6224 --- [l-13-thread-113] tourGuide.service.RewardsService         : ** Processing to get reward points
2021-11-29 23:17:34.506  INFO 6224 --- [ol-13-thread-71] tourGuide.service.RewardsService         : ** Processing to get reward points
2021-11-29 23:17:34.508  INFO 6224 --- [l-13-thread-147] tourGuide.service.RewardsService         : ** Processing to get reward points
2021-11-29 23:17:34.508  INFO 6224 --- [l-13-thread-128] tourGuide.service.RewardsService         : ** Processing to get reward points
2021-11-29 23:17:34.508  INFO 6224 --- [ol-13-thread-77] tourGuide.service.RewardsService         : ** Processing to get reward points
2021-11-29 23:17:34.508  INFO 6224 --- [l-13-thread-135] tourGuide.service.RewardsService         : ** Processing to get reward points
2021-11-29 23:17:34.511  INFO 6224 --- [ol-13-thread-55] tourGuide.service.RewardsService         : ** Processing to get reward points
2021-11-29 23:17:34.520  INFO 6224 --- [l-13-thread-187] tourGuide.service.RewardsService         : ** Processing to get reward points
2021-11-29 23:17:34.521  INFO 6224 --- [l-13-thread-169] tourGuide.service.RewardsService         : ** Processing to get reward points
2021-11-29 23:17:34.522  INFO 6224 --- [ol-13-thread-42] tourGuide.service.RewardsService         : ** Processing to get reward points
2021-11-29 23:17:34.530  INFO 6224 --- [l-13-thread-144] tourGuide.service.RewardsService         : ** Processing to get reward points
2021-11-29 23:17:34.538  INFO 6224 --- [ol-13-thread-37] tourGuide.service.RewardsService         : ** Processing to get reward points
2021-11-29 23:17:34.540  INFO 6224 --- [l-13-thread-155] tourGuide.service.RewardsService         : ** Processing to get reward points
2021-11-29 23:17:34.552  INFO 6224 --- [ool-13-thread-2] tourGuide.service.RewardsService         : ** Processing to get reward points
2021-11-29 23:17:34.552  INFO 6224 --- [ol-13-thread-11] tourGuide.service.RewardsService         : ** Processing to get reward points
2021-11-29 23:17:34.553  INFO 6224 --- [l-13-thread-180] tourGuide.service.RewardsService         : ** Processing to get reward points
2021-11-29 23:17:34.556  INFO 6224 --- [l-13-thread-141] tourGuide.service.RewardsService         : ** Processing to get reward points
2021-11-29 23:17:34.557  INFO 6224 --- [l-13-thread-178] tourGuide.service.RewardsService         : ** Processing to get reward points
2021-11-29 23:17:34.560  INFO 6224 --- [l-13-thread-167] tourGuide.service.RewardsService         : ** Processing to get reward points
2021-11-29 23:17:34.560  INFO 6224 --- [l-13-thread-131] tourGuide.service.RewardsService         : ** Processing to get reward points
2021-11-29 23:17:34.560  INFO 6224 --- [l-13-thread-151] tourGuide.service.RewardsService         : ** Processing to get reward points
2021-11-29 23:17:34.561  INFO 6224 --- [l-13-thread-156] tourGuide.service.RewardsService         : ** Processing to get reward points
2021-11-29 23:17:34.561  INFO 6224 --- [l-13-thread-126] tourGuide.service.RewardsService         : ** Processing to get reward points
2021-11-29 23:17:34.570  INFO 6224 --- [ol-13-thread-37] tourGuide.service.RewardsService         : ** Processing to get reward points
2021-11-29 23:17:34.572  INFO 6224 --- [ol-13-thread-77] tourGuide.service.RewardsService         : ** Processing to get reward points
2021-11-29 23:17:34.572  INFO 6224 --- [ol-13-thread-25] tourGuide.service.RewardsService         : ** Processing to get reward points
2021-11-29 23:17:34.576  INFO 6224 --- [ol-13-thread-76] tourGuide.service.RewardsService         : ** Processing to get reward points
2021-11-29 23:17:34.578  INFO 6224 --- [ol-13-thread-49] tourGuide.service.RewardsService         : ** Processing to get reward points
2021-11-29 23:17:34.580  INFO 6224 --- [ol-13-thread-91] tourGuide.service.RewardsService         : ** Processing to get reward points
2021-11-29 23:17:34.583  INFO 6224 --- [ol-13-thread-20] tourGuide.service.RewardsService         : ** Processing to get reward points
2021-11-29 23:17:34.585  INFO 6224 --- [l-13-thread-191] tourGuide.service.RewardsService         : ** Processing to get reward points
2021-11-29 23:17:34.585  INFO 6224 --- [ol-13-thread-34] tourGuide.service.RewardsService         : ** Processing to get reward points
2021-11-29 23:17:34.585  INFO 6224 --- [ol-13-thread-42] tourGuide.service.RewardsService         : ** Processing to get reward points
2021-11-29 23:17:34.589  INFO 6224 --- [ol-13-thread-35] tourGuide.service.RewardsService         : ** Processing to get reward points
2021-11-29 23:17:34.590  INFO 6224 --- [ol-13-thread-39] tourGuide.service.RewardsService         : ** Processing to get reward points
2021-11-29 23:17:34.592  INFO 6224 --- [ol-13-thread-53] tourGuide.service.RewardsService         : ** Processing to get reward points
2021-11-29 23:17:34.594  INFO 6224 --- [l-13-thread-133] tourGuide.service.RewardsService         : ** Processing to get reward points
2021-11-29 23:17:34.594  INFO 6224 --- [l-13-thread-148] tourGuide.service.RewardsService         : ** Processing to get reward points
2021-11-29 23:17:34.595  INFO 6224 --- [l-13-thread-198] tourGuide.service.RewardsService         : ** Processing to get reward points
2021-11-29 23:17:34.600  INFO 6224 --- [ol-13-thread-67] tourGuide.service.RewardsService         : ** Processing to get reward points
2021-11-29 23:17:34.602  INFO 6224 --- [l-13-thread-116] tourGuide.service.RewardsService         : ** Processing to get reward points
2021-11-29 23:17:34.603  INFO 6224 --- [ol-13-thread-39] tourGuide.service.RewardsService         : ** Processing to get reward points
2021-11-29 23:17:34.604  INFO 6224 --- [l-13-thread-183] tourGuide.service.RewardsService         : ** Processing to get reward points
2021-11-29 23:17:34.605  INFO 6224 --- [l-13-thread-171] tourGuide.service.RewardsService         : ** Processing to get reward points
2021-11-29 23:17:34.605  INFO 6224 --- [ol-13-thread-99] tourGuide.service.RewardsService         : ** Processing to get reward points
2021-11-29 23:17:34.619  INFO 6224 --- [ol-13-thread-70] tourGuide.service.RewardsService         : ** Processing to get reward points
2021-11-29 23:17:34.619  INFO 6224 --- [ol-13-thread-73] tourGuide.service.RewardsService         : ** Processing to get reward points
2021-11-29 23:17:34.626  INFO 6224 --- [l-13-thread-112] tourGuide.service.RewardsService         : ** Processing to get reward points
2021-11-29 23:17:34.629  INFO 6224 --- [l-13-thread-154] tourGuide.service.RewardsService         : ** Processing to get reward points
2021-11-29 23:17:34.634  INFO 6224 --- [l-13-thread-146] tourGuide.service.RewardsService         : ** Processing to get reward points
2021-11-29 23:17:34.637  INFO 6224 --- [ol-13-thread-28] tourGuide.service.RewardsService         : ** Processing to get reward points
2021-11-29 23:17:34.637  INFO 6224 --- [l-13-thread-189] tourGuide.service.RewardsService         : ** Processing to get reward points
2021-11-29 23:17:34.637  INFO 6224 --- [ol-13-thread-86] tourGuide.service.RewardsService         : ** Processing to get reward points
2021-11-29 23:17:34.638  INFO 6224 --- [ol-13-thread-92] tourGuide.service.RewardsService         : ** Processing to get reward points
2021-11-29 23:17:34.646  INFO 6224 --- [l-13-thread-153] tourGuide.service.RewardsService         : ** Processing to get reward points
2021-11-29 23:17:34.647  INFO 6224 --- [ol-13-thread-95] tourGuide.service.RewardsService         : ** Processing to get reward points
2021-11-29 23:17:34.658  INFO 6224 --- [l-13-thread-198] tourGuide.service.RewardsService         : ** Processing to get reward points
2021-11-29 23:17:34.662  INFO 6224 --- [l-13-thread-117] tourGuide.service.RewardsService         : ** Processing to get reward points
2021-11-29 23:17:34.666  INFO 6224 --- [l-13-thread-108] tourGuide.service.RewardsService         : ** Processing to get reward points
2021-11-29 23:17:34.666  INFO 6224 --- [l-13-thread-138] tourGuide.service.RewardsService         : ** Processing to get reward points
2021-11-29 23:17:34.668  INFO 6224 --- [l-13-thread-123] tourGuide.service.RewardsService         : ** Processing to get reward points
2021-11-29 23:17:34.668  INFO 6224 --- [ol-13-thread-97] tourGuide.service.RewardsService         : ** Processing to get reward points
2021-11-29 23:17:34.670  INFO 6224 --- [l-13-thread-188] tourGuide.service.RewardsService         : ** Processing to get reward points
2021-11-29 23:17:34.672  INFO 6224 --- [l-13-thread-109] tourGuide.service.RewardsService         : ** Processing to get reward points
2021-11-29 23:17:34.676  INFO 6224 --- [ol-13-thread-19] tourGuide.service.RewardsService         : ** Processing to get reward points
2021-11-29 23:17:34.677  INFO 6224 --- [l-13-thread-176] tourGuide.service.RewardsService         : ** Processing to get reward points
2021-11-29 23:17:34.679  INFO 6224 --- [l-13-thread-119] tourGuide.service.RewardsService         : ** Processing to get reward points
2021-11-29 23:17:34.679  INFO 6224 --- [ol-13-thread-39] tourGuide.service.RewardsService         : ** Processing to get reward points
2021-11-29 23:17:34.681  INFO 6224 --- [ol-13-thread-80] tourGuide.service.RewardsService         : ** Processing to get reward points
2021-11-29 23:17:34.685  INFO 6224 --- [l-13-thread-140] tourGuide.service.RewardsService         : ** Processing to get reward points
2021-11-29 23:17:34.688  INFO 6224 --- [l-13-thread-160] tourGuide.service.RewardsService         : ** Processing to get reward points
2021-11-29 23:17:34.691  INFO 6224 --- [ol-13-thread-66] tourGuide.service.RewardsService         : ** Processing to get reward points
2021-11-29 23:17:34.691  INFO 6224 --- [l-13-thread-194] tourGuide.service.RewardsService         : ** Processing to get reward points
2021-11-29 23:17:34.693  INFO 6224 --- [l-13-thread-111] tourGuide.service.RewardsService         : ** Processing to get reward points
2021-11-29 23:17:34.694  INFO 6224 --- [l-13-thread-124] tourGuide.service.RewardsService         : ** Processing to get reward points
2021-11-29 23:17:34.701  INFO 6224 --- [l-13-thread-200] tourGuide.service.RewardsService         : ** Processing to get reward points
2021-11-29 23:17:34.704  INFO 6224 --- [ol-13-thread-71] tourGuide.service.RewardsService         : ** Processing to get reward points
2021-11-29 23:17:34.705  INFO 6224 --- [l-13-thread-120] tourGuide.service.RewardsService         : ** Processing to get reward points
2021-11-29 23:17:34.709  INFO 6224 --- [ol-13-thread-94] tourGuide.service.RewardsService         : ** Processing to get reward points
2021-11-29 23:17:34.710  INFO 6224 --- [ol-13-thread-14] tourGuide.service.RewardsService         : ** Processing to get reward points
2021-11-29 23:17:34.712  INFO 6224 --- [l-13-thread-107] tourGuide.service.RewardsService         : ** Processing to get reward points
2021-11-29 23:17:34.719  INFO 6224 --- [ol-13-thread-21] tourGuide.service.RewardsService         : ** Processing to get reward points
2021-11-29 23:17:34.719  INFO 6224 --- [ol-13-thread-37] tourGuide.service.RewardsService         : ** Processing to get reward points
2021-11-29 23:17:34.721  INFO 6224 --- [ol-13-thread-72] tourGuide.service.RewardsService         : ** Processing to get reward points
2021-11-29 23:17:34.721  INFO 6224 --- [ol-13-thread-51] tourGuide.service.RewardsService         : ** Processing to get reward points
2021-11-29 23:17:34.724  INFO 6224 --- [l-13-thread-169] tourGuide.service.RewardsService         : ** Processing to get reward points
2021-11-29 23:17:34.728  INFO 6224 --- [l-13-thread-118] tourGuide.service.RewardsService         : ** Processing to get reward points
2021-11-29 23:17:34.730  INFO 6224 --- [l-13-thread-170] tourGuide.service.RewardsService         : ** Processing to get reward points
2021-11-29 23:17:34.730  INFO 6224 --- [ol-13-thread-92] tourGuide.service.RewardsService         : ** Processing to get reward points
2021-11-29 23:17:34.732  INFO 6224 --- [ol-13-thread-84] tourGuide.service.RewardsService         : ** Processing to get reward points
2021-11-29 23:17:34.739  INFO 6224 --- [ol-13-thread-54] tourGuide.service.RewardsService         : ** Processing to get reward points
2021-11-29 23:17:34.739  INFO 6224 --- [l-13-thread-164] tourGuide.service.RewardsService         : ** Processing to get reward points
2021-11-29 23:17:34.748  INFO 6224 --- [ol-13-thread-49] tourGuide.service.RewardsService         : ** Processing to get reward points
2021-11-29 23:17:34.748  INFO 6224 --- [l-13-thread-104] tourGuide.service.RewardsService         : ** Processing to get reward points
2021-11-29 23:17:34.748  INFO 6224 --- [l-13-thread-183] tourGuide.service.RewardsService         : ** Processing to get reward points
2021-11-29 23:17:34.748  INFO 6224 --- [l-13-thread-180] tourGuide.service.RewardsService         : ** Processing to get reward points
2021-11-29 23:17:34.750  INFO 6224 --- [l-13-thread-159] tourGuide.service.RewardsService         : ** Processing to get reward points
2021-11-29 23:17:34.752  INFO 6224 --- [ol-13-thread-32] tourGuide.service.RewardsService         : ** Processing to get reward points
2021-11-29 23:17:34.753  INFO 6224 --- [l-13-thread-194] tourGuide.service.RewardsService         : ** Processing to get reward points
2021-11-29 23:17:34.755  INFO 6224 --- [ol-13-thread-81] tourGuide.service.RewardsService         : ** Processing to get reward points
2021-11-29 23:17:34.757  INFO 6224 --- [ol-13-thread-86] tourGuide.service.RewardsService         : ** Processing to get reward points
2021-11-29 23:17:34.758  INFO 6224 --- [l-13-thread-138] tourGuide.service.RewardsService         : ** Processing to get reward points
2021-11-29 23:17:34.759  INFO 6224 --- [ol-13-thread-13] tourGuide.service.RewardsService         : ** Processing to get reward points
2021-11-29 23:17:34.759  INFO 6224 --- [l-13-thread-149] tourGuide.service.RewardsService         : ** Processing to get reward points
2021-11-29 23:17:34.762  INFO 6224 --- [ol-13-thread-45] tourGuide.service.RewardsService         : ** Processing to get reward points
2021-11-29 23:17:34.769  INFO 6224 --- [ol-13-thread-12] tourGuide.service.RewardsService         : ** Processing to get reward points
2021-11-29 23:17:34.771  INFO 6224 --- [ol-13-thread-36] tourGuide.service.RewardsService         : ** Processing to get reward points
2021-11-29 23:17:34.775  INFO 6224 --- [l-13-thread-130] tourGuide.service.RewardsService         : ** Processing to get reward points
2021-11-29 23:17:34.776  INFO 6224 --- [l-13-thread-122] tourGuide.service.RewardsService         : ** Processing to get reward points
2021-11-29 23:17:34.776  INFO 6224 --- [l-13-thread-195] tourGuide.service.RewardsService         : ** Processing to get reward points
2021-11-29 23:17:34.779  INFO 6224 --- [l-13-thread-142] tourGuide.service.RewardsService         : ** Processing to get reward points
2021-11-29 23:17:34.786  INFO 6224 --- [ol-13-thread-47] tourGuide.service.RewardsService         : ** Processing to get reward points
2021-11-29 23:17:34.786  INFO 6224 --- [l-13-thread-125] tourGuide.service.RewardsService         : ** Processing to get reward points
2021-11-29 23:17:34.795  INFO 6224 --- [l-13-thread-147] tourGuide.service.RewardsService         : ** Processing to get reward points
2021-11-29 23:17:34.795  INFO 6224 --- [ol-13-thread-75] tourGuide.service.RewardsService         : ** Processing to get reward points
2021-11-29 23:17:34.795  INFO 6224 --- [ol-13-thread-68] tourGuide.service.RewardsService         : ** Processing to get reward points
2021-11-29 23:17:34.795  INFO 6224 --- [l-13-thread-176] tourGuide.service.RewardsService         : ** Processing to get reward points
2021-11-29 23:17:34.795  INFO 6224 --- [l-13-thread-197] tourGuide.service.RewardsService         : ** Processing to get reward points
2021-11-29 23:17:34.796  INFO 6224 --- [ol-13-thread-51] tourGuide.service.RewardsService         : ** Processing to get reward points
2021-11-29 23:17:34.798  INFO 6224 --- [l-13-thread-181] tourGuide.service.RewardsService         : ** Processing to get reward points
2021-11-29 23:17:34.801  INFO 6224 --- [ol-13-thread-97] tourGuide.service.RewardsService         : ** Processing to get reward points
2021-11-29 23:17:34.808  INFO 6224 --- [ol-13-thread-87] tourGuide.service.RewardsService         : ** Processing to get reward points
2021-11-29 23:17:34.809  INFO 6224 --- [ol-13-thread-57] tourGuide.service.RewardsService         : ** Processing to get reward points
2021-11-29 23:17:34.813  INFO 6224 --- [l-13-thread-101] tourGuide.service.RewardsService         : ** Processing to get reward points
2021-11-29 23:17:34.815  INFO 6224 --- [ol-13-thread-94] tourGuide.service.RewardsService         : ** Processing to get reward points
2021-11-29 23:17:34.821  INFO 6224 --- [l-13-thread-136] tourGuide.service.RewardsService         : ** Processing to get reward points
2021-11-29 23:17:34.823  INFO 6224 --- [l-13-thread-122] tourGuide.service.RewardsService         : ** Processing to get reward points
2021-11-29 23:17:34.827  INFO 6224 --- [ol-13-thread-94] tourGuide.service.RewardsService         : ** Processing to get reward points
2021-11-29 23:17:34.828  INFO 6224 --- [ool-13-thread-7] tourGuide.service.RewardsService         : ** Processing to get reward points
2021-11-29 23:17:34.828  INFO 6224 --- [ol-13-thread-96] tourGuide.service.RewardsService         : ** Processing to get reward points
2021-11-29 23:17:34.830  INFO 6224 --- [l-13-thread-182] tourGuide.service.RewardsService         : ** Processing to get reward points
2021-11-29 23:17:34.830  INFO 6224 --- [ol-13-thread-56] tourGuide.service.RewardsService         : ** Processing to get reward points
2021-11-29 23:17:34.836  INFO 6224 --- [ol-13-thread-46] tourGuide.service.RewardsService         : ** Processing to get reward points
2021-11-29 23:17:34.837  INFO 6224 --- [ol-13-thread-70] tourGuide.service.RewardsService         : ** Processing to get reward points
2021-11-29 23:17:34.838  INFO 6224 --- [l-13-thread-145] tourGuide.service.RewardsService         : ** Processing to get reward points
2021-11-29 23:17:34.839  INFO 6224 --- [ol-13-thread-82] tourGuide.service.RewardsService         : ** Processing to get reward points
2021-11-29 23:17:34.846  INFO 6224 --- [l-13-thread-121] tourGuide.service.RewardsService         : ** Processing to get reward points
2021-11-29 23:17:34.849  INFO 6224 --- [l-13-thread-137] tourGuide.service.RewardsService         : ** Processing to get reward points
2021-11-29 23:17:34.849  INFO 6224 --- [l-13-thread-122] tourGuide.service.RewardsService         : ** Processing to get reward points
2021-11-29 23:17:34.849  INFO 6224 --- [ol-13-thread-65] tourGuide.service.RewardsService         : ** Processing to get reward points
2021-11-29 23:17:34.856  INFO 6224 --- [ol-13-thread-45] tourGuide.service.RewardsService         : ** Processing to get reward points
2021-11-29 23:17:34.864  INFO 6224 --- [l-13-thread-141] tourGuide.service.RewardsService         : ** Processing to get reward points
2021-11-29 23:17:34.866  INFO 6224 --- [ol-13-thread-64] tourGuide.service.RewardsService         : ** Processing to get reward points
2021-11-29 23:17:34.869  INFO 6224 --- [ol-13-thread-29] tourGuide.service.RewardsService         : ** Processing to get reward points
2021-11-29 23:17:34.875  INFO 6224 --- [ol-13-thread-55] tourGuide.service.RewardsService         : ** Processing to get reward points
2021-11-29 23:17:34.877  INFO 6224 --- [l-13-thread-132] tourGuide.service.RewardsService         : ** Processing to get reward points
2021-11-29 23:17:34.878  INFO 6224 --- [l-13-thread-103] tourGuide.service.RewardsService         : ** Processing to get reward points
2021-11-29 23:17:34.881  INFO 6224 --- [l-13-thread-186] tourGuide.service.RewardsService         : ** Processing to get reward points
2021-11-29 23:17:34.886  INFO 6224 --- [ol-13-thread-93] tourGuide.service.RewardsService         : ** Processing to get reward points
2021-11-29 23:17:34.888  INFO 6224 --- [l-13-thread-124] tourGuide.service.RewardsService         : ** Processing to get reward points
2021-11-29 23:17:34.888  INFO 6224 --- [ol-13-thread-37] tourGuide.service.RewardsService         : ** Processing to get reward points
2021-11-29 23:17:34.891  INFO 6224 --- [ol-13-thread-39] tourGuide.service.RewardsService         : ** Processing to get reward points
2021-11-29 23:17:34.892  INFO 6224 --- [ol-13-thread-25] tourGuide.service.RewardsService         : ** Processing to get reward points
2021-11-29 23:17:34.893  INFO 6224 --- [ol-13-thread-43] tourGuide.service.RewardsService         : ** Processing to get reward points
2021-11-29 23:17:34.893  INFO 6224 --- [ol-13-thread-21] tourGuide.service.RewardsService         : ** Processing to get reward points
2021-11-29 23:17:34.894  INFO 6224 --- [ol-13-thread-72] tourGuide.service.RewardsService         : ** Processing to get reward points
2021-11-29 23:17:34.894  INFO 6224 --- [l-13-thread-163] tourGuide.service.RewardsService         : ** Processing to get reward points
2021-11-29 23:17:34.898  INFO 6224 --- [l-13-thread-166] tourGuide.service.RewardsService         : ** Processing to get reward points
2021-11-29 23:17:34.898  INFO 6224 --- [l-13-thread-135] tourGuide.service.RewardsService         : ** Processing to get reward points
2021-11-29 23:17:34.903  INFO 6224 --- [ol-13-thread-22] tourGuide.service.RewardsService         : ** Processing to get reward points
2021-11-29 23:17:34.907  INFO 6224 --- [ol-13-thread-89] tourGuide.service.RewardsService         : ** Processing to get reward points
2021-11-29 23:17:34.907  INFO 6224 --- [ol-13-thread-92] tourGuide.service.RewardsService         : ** Processing to get reward points
2021-11-29 23:17:34.907  INFO 6224 --- [l-13-thread-194] tourGuide.service.RewardsService         : ** Processing to get reward points
2021-11-29 23:17:34.912  INFO 6224 --- [ool-13-thread-3] tourGuide.service.RewardsService         : ** Processing to get reward points
2021-11-29 23:17:34.914  INFO 6224 --- [l-13-thread-190] tourGuide.service.RewardsService         : ** Processing to get reward points
2021-11-29 23:17:34.916  INFO 6224 --- [l-13-thread-185] tourGuide.service.RewardsService         : ** Processing to get reward points
2021-11-29 23:17:34.918  INFO 6224 --- [ol-13-thread-60] tourGuide.service.RewardsService         : ** Processing to get reward points
2021-11-29 23:17:34.919  INFO 6224 --- [l-13-thread-175] tourGuide.service.RewardsService         : ** Processing to get reward points
2021-11-29 23:17:34.921  INFO 6224 --- [ool-13-thread-7] tourGuide.service.RewardsService         : ** Processing to get reward points
2021-11-29 23:17:34.921  INFO 6224 --- [ol-13-thread-48] tourGuide.service.RewardsService         : ** Processing to get reward points
2021-11-29 23:17:34.922  INFO 6224 --- [ol-13-thread-30] tourGuide.service.RewardsService         : ** Processing to get reward points
2021-11-29 23:17:34.925  INFO 6224 --- [l-13-thread-129] tourGuide.service.RewardsService         : ** Processing to get reward points
2021-11-29 23:17:34.926  INFO 6224 --- [ol-13-thread-17] tourGuide.service.RewardsService         : ** Processing to get reward points
2021-11-29 23:17:34.930  INFO 6224 --- [l-13-thread-150] tourGuide.service.RewardsService         : ** Processing to get reward points
2021-11-29 23:17:34.930  INFO 6224 --- [l-13-thread-105] tourGuide.service.RewardsService         : ** Processing to get reward points
2021-11-29 23:17:34.934  INFO 6224 --- [ol-13-thread-10] tourGuide.service.RewardsService         : ** Processing to get reward points
2021-11-29 23:17:34.937  INFO 6224 --- [l-13-thread-130] tourGuide.service.RewardsService         : ** Processing to get reward points
2021-11-29 23:17:34.945  INFO 6224 --- [l-13-thread-110] tourGuide.service.RewardsService         : ** Processing to get reward points
2021-11-29 23:17:34.947  INFO 6224 --- [ol-13-thread-71] tourGuide.service.RewardsService         : ** Processing to get reward points
2021-11-29 23:17:34.949  INFO 6224 --- [l-13-thread-168] tourGuide.service.RewardsService         : ** Processing to get reward points
2021-11-29 23:17:34.950  INFO 6224 --- [ol-13-thread-74] tourGuide.service.RewardsService         : ** Processing to get reward points
2021-11-29 23:17:34.951  INFO 6224 --- [l-13-thread-106] tourGuide.service.RewardsService         : ** Processing to get reward points
2021-11-29 23:17:34.956  INFO 6224 --- [l-13-thread-149] tourGuide.service.RewardsService         : ** Processing to get reward points
2021-11-29 23:17:34.961  INFO 6224 --- [l-13-thread-187] tourGuide.service.RewardsService         : ** Processing to get reward points
2021-11-29 23:17:34.967  INFO 6224 --- [l-13-thread-113] tourGuide.service.RewardsService         : ** Processing to get reward points
2021-11-29 23:17:34.968  INFO 6224 --- [ol-13-thread-46] tourGuide.service.RewardsService         : ** Processing to get reward points
2021-11-29 23:17:34.977  INFO 6224 --- [ol-13-thread-75] tourGuide.service.RewardsService         : ** Processing to get reward points
2021-11-29 23:17:34.977  INFO 6224 --- [l-13-thread-120] tourGuide.service.RewardsService         : ** Processing to get reward points
2021-11-29 23:17:34.977  INFO 6224 --- [l-13-thread-128] tourGuide.service.RewardsService         : ** Processing to get reward points
2021-11-29 23:17:34.978  INFO 6224 --- [ol-13-thread-86] tourGuide.service.RewardsService         : ** Processing to get reward points
2021-11-29 23:17:34.980  INFO 6224 --- [l-13-thread-156] tourGuide.service.RewardsService         : ** Processing to get reward points
2021-11-29 23:17:34.981  INFO 6224 --- [l-13-thread-151] tourGuide.service.RewardsService         : ** Processing to get reward points
2021-11-29 23:17:34.986  INFO 6224 --- [l-13-thread-157] tourGuide.service.RewardsService         : ** Processing to get reward points
2021-11-29 23:17:34.986  INFO 6224 --- [ol-13-thread-22] tourGuide.service.RewardsService         : ** Processing to get reward points
2021-11-29 23:17:34.986  INFO 6224 --- [l-13-thread-169] tourGuide.service.RewardsService         : ** Processing to get reward points
2021-11-29 23:17:34.986  INFO 6224 --- [ol-13-thread-96] tourGuide.service.RewardsService         : ** Processing to get reward points
2021-11-29 23:17:34.988  INFO 6224 --- [ol-13-thread-24] tourGuide.service.RewardsService         : ** Processing to get reward points
2021-11-29 23:17:34.988  INFO 6224 --- [l-13-thread-161] tourGuide.service.RewardsService         : ** Processing to get reward points
2021-11-29 23:17:34.995  INFO 6224 --- [ool-13-thread-9] tourGuide.service.RewardsService         : ** Processing to get reward points
2021-11-29 23:17:34.998  INFO 6224 --- [l-13-thread-179] tourGuide.service.RewardsService         : ** Processing to get reward points
2021-11-29 23:17:35.009  INFO 6224 --- [ol-13-thread-99] tourGuide.service.RewardsService         : ** Processing to get reward points
2021-11-29 23:17:35.011  INFO 6224 --- [l-13-thread-118] tourGuide.service.RewardsService         : ** Processing to get reward points
2021-11-29 23:17:35.012  INFO 6224 --- [ol-13-thread-90] tourGuide.service.RewardsService         : ** Processing to get reward points
2021-11-29 23:17:35.014  INFO 6224 --- [ol-13-thread-79] tourGuide.service.RewardsService         : ** Processing to get reward points
2021-11-29 23:17:35.019  INFO 6224 --- [ol-13-thread-44] tourGuide.service.RewardsService         : ** Processing to get reward points
2021-11-29 23:17:35.019  INFO 6224 --- [ol-13-thread-89] tourGuide.service.RewardsService         : ** Processing to get reward points
2021-11-29 23:17:35.019  INFO 6224 --- [ool-13-thread-8] tourGuide.service.RewardsService         : ** Processing to get reward points
2021-11-29 23:17:35.021  INFO 6224 --- [ol-13-thread-84] tourGuide.service.RewardsService         : ** Processing to get reward points
2021-11-29 23:17:35.022  INFO 6224 --- [l-13-thread-134] tourGuide.service.RewardsService         : ** Processing to get reward points
2021-11-29 23:17:35.024  INFO 6224 --- [ol-13-thread-20] tourGuide.service.RewardsService         : ** Processing to get reward points
2021-11-29 23:17:35.024  INFO 6224 --- [ol-13-thread-88] tourGuide.service.RewardsService         : ** Processing to get reward points
2021-11-29 23:17:35.027  INFO 6224 --- [ol-13-thread-98] tourGuide.service.RewardsService         : ** Processing to get reward points
2021-11-29 23:17:35.027  INFO 6224 --- [l-13-thread-114] tourGuide.service.RewardsService         : ** Processing to get reward points
2021-11-29 23:17:35.029  INFO 6224 --- [ool-13-thread-6] tourGuide.service.RewardsService         : ** Processing to get reward points
2021-11-29 23:17:35.036  INFO 6224 --- [l-13-thread-115] tourGuide.service.RewardsService         : ** Processing to get reward points
2021-11-29 23:17:35.036  INFO 6224 --- [ol-13-thread-23] tourGuide.service.RewardsService         : ** Processing to get reward points
2021-11-29 23:17:35.038  INFO 6224 --- [ool-13-thread-1] tourGuide.service.RewardsService         : ** Processing to get reward points
2021-11-29 23:17:35.038  INFO 6224 --- [l-13-thread-173] tourGuide.service.RewardsService         : ** Processing to get reward points
2021-11-29 23:17:35.042  INFO 6224 --- [l-13-thread-193] tourGuide.service.RewardsService         : ** Processing to get reward points
2021-11-29 23:17:35.045  INFO 6224 --- [l-13-thread-199] tourGuide.service.RewardsService         : ** Processing to get reward points
2021-11-29 23:17:35.046  INFO 6224 --- [ol-13-thread-21] tourGuide.service.RewardsService         : ** Processing to get reward points
2021-11-29 23:17:35.047  INFO 6224 --- [l-13-thread-124] tourGuide.service.RewardsService         : ** Processing to get reward points
2021-11-29 23:17:35.047  INFO 6224 --- [ol-13-thread-18] tourGuide.service.RewardsService         : ** Processing to get reward points
2021-11-29 23:17:35.051  INFO 6224 --- [ol-13-thread-52] tourGuide.service.RewardsService         : ** Processing to get reward points
2021-11-29 23:17:35.056  INFO 6224 --- [ol-13-thread-60] tourGuide.service.RewardsService         : ** Processing to get reward points
2021-11-29 23:17:35.059  INFO 6224 --- [ol-13-thread-73] tourGuide.service.RewardsService         : ** Processing to get reward points
2021-11-29 23:17:35.060  INFO 6224 --- [l-13-thread-126] tourGuide.service.RewardsService         : ** Processing to get reward points
2021-11-29 23:17:35.063  INFO 6224 --- [ol-13-thread-85] tourGuide.service.RewardsService         : ** Processing to get reward points
2021-11-29 23:17:35.063  INFO 6224 --- [ol-13-thread-31] tourGuide.service.RewardsService         : ** Processing to get reward points
2021-11-29 23:17:35.065  INFO 6224 --- [l-13-thread-127] tourGuide.service.RewardsService         : ** Processing to get reward points
2021-11-29 23:17:35.069  INFO 6224 --- [l-13-thread-197] tourGuide.service.RewardsService         : ** Processing to get reward points
2021-11-29 23:17:35.070  INFO 6224 --- [l-13-thread-143] tourGuide.service.RewardsService         : ** Processing to get reward points
2021-11-29 23:17:35.071  INFO 6224 --- [l-13-thread-153] tourGuide.service.RewardsService         : ** Processing to get reward points
2021-11-29 23:17:35.073  INFO 6224 --- [l-13-thread-189] tourGuide.service.RewardsService         : ** Processing to get reward points
2021-11-29 23:17:35.074  INFO 6224 --- [l-13-thread-188] tourGuide.service.RewardsService         : ** Processing to get reward points
2021-11-29 23:17:35.081  INFO 6224 --- [ol-13-thread-67] tourGuide.service.RewardsService         : ** Processing to get reward points
2021-11-29 23:17:35.081  INFO 6224 --- [ol-13-thread-63] tourGuide.service.RewardsService         : ** Processing to get reward points
2021-11-29 23:17:35.086  INFO 6224 --- [ol-13-thread-78] tourGuide.service.RewardsService         : ** Processing to get reward points
2021-11-29 23:17:35.086  INFO 6224 --- [ol-13-thread-65] tourGuide.service.RewardsService         : ** Processing to get reward points
2021-11-29 23:17:35.092  INFO 6224 --- [l-13-thread-145] tourGuide.service.RewardsService         : ** Processing to get reward points
2021-11-29 23:17:35.096  INFO 6224 --- [l-13-thread-113] tourGuide.service.RewardsService         : ** Processing to get reward points
2021-11-29 23:17:35.100  INFO 6224 --- [l-13-thread-182] tourGuide.service.RewardsService         : ** Processing to get reward points
2021-11-29 23:17:35.100  INFO 6224 --- [ol-13-thread-21] tourGuide.service.RewardsService         : ** Processing to get reward points
2021-11-29 23:17:35.102  INFO 6224 --- [ool-13-thread-3] tourGuide.service.RewardsService         : ** Processing to get reward points
2021-11-29 23:17:35.102  INFO 6224 --- [ol-13-thread-25] tourGuide.service.RewardsService         : ** Processing to get reward points
2021-11-29 23:17:35.106  INFO 6224 --- [l-13-thread-184] tourGuide.service.RewardsService         : ** Processing to get reward points
2021-11-29 23:17:35.109  INFO 6224 --- [ol-13-thread-19] tourGuide.service.RewardsService         : ** Processing to get reward points
2021-11-29 23:17:35.111  INFO 6224 --- [ol-13-thread-59] tourGuide.service.RewardsService         : ** Processing to get reward points
2021-11-29 23:17:35.111  INFO 6224 --- [l-13-thread-172] tourGuide.service.RewardsService         : ** Processing to get reward points
2021-11-29 23:17:35.113  INFO 6224 --- [l-13-thread-158] tourGuide.service.RewardsService         : ** Processing to get reward points
2021-11-29 23:17:35.114  INFO 6224 --- [l-13-thread-173] tourGuide.service.RewardsService         : ** Processing to get reward points
2021-11-29 23:17:35.116  INFO 6224 --- [ol-13-thread-33] tourGuide.service.RewardsService         : ** Processing to get reward points
2021-11-29 23:17:35.117  INFO 6224 --- [ol-13-thread-54] tourGuide.service.RewardsService         : ** Processing to get reward points
2021-11-29 23:17:35.119  INFO 6224 --- [l-13-thread-181] tourGuide.service.RewardsService         : ** Processing to get reward points
2021-11-29 23:17:35.121  INFO 6224 --- [ol-13-thread-88] tourGuide.service.RewardsService         : ** Processing to get reward points
2021-11-29 23:17:35.123  INFO 6224 --- [ol-13-thread-50] tourGuide.service.RewardsService         : ** Processing to get reward points
2021-11-29 23:17:35.127  INFO 6224 --- [l-13-thread-189] tourGuide.service.RewardsService         : ** Processing to get reward points
2021-11-29 23:17:35.128  INFO 6224 --- [ol-13-thread-83] tourGuide.service.RewardsService         : ** Processing to get reward points
2021-11-29 23:17:35.129  INFO 6224 --- [l-13-thread-188] tourGuide.service.RewardsService         : ** Processing to get reward points
2021-11-29 23:17:35.129  INFO 6224 --- [l-13-thread-174] tourGuide.service.RewardsService         : ** Processing to get reward points
2021-11-29 23:17:35.139  INFO 6224 --- [ol-13-thread-11] tourGuide.service.RewardsService         : ** Processing to get reward points
2021-11-29 23:17:35.139  INFO 6224 --- [ool-13-thread-2] tourGuide.service.RewardsService         : ** Processing to get reward points
2021-11-29 23:17:35.140  INFO 6224 --- [l-13-thread-139] tourGuide.service.RewardsService         : ** Processing to get reward points
2021-11-29 23:17:35.163  INFO 6224 --- [l-13-thread-161] tourGuide.service.RewardsService         : ** Processing to get reward points
2021-11-29 23:17:35.168  INFO 6224 --- [ol-13-thread-63] tourGuide.service.RewardsService         : ** Processing to get reward points
2021-11-29 23:17:35.169  INFO 6224 --- [ool-13-thread-4] tourGuide.service.RewardsService         : ** Processing to get reward points
2021-11-29 23:17:35.175  INFO 6224 --- [ol-13-thread-26] tourGuide.service.RewardsService         : ** Processing to get reward points
2021-11-29 23:17:35.180  INFO 6224 --- [l-13-thread-185] tourGuide.service.RewardsService         : ** Processing to get reward points
2021-11-29 23:17:35.183  INFO 6224 --- [ol-13-thread-91] tourGuide.service.RewardsService         : ** Processing to get reward points
2021-11-29 23:17:35.186  INFO 6224 --- [ol-13-thread-35] tourGuide.service.RewardsService         : ** Processing to get reward points
2021-11-29 23:17:35.190  INFO 6224 --- [l-13-thread-136] tourGuide.service.RewardsService         : ** Processing to get reward points
2021-11-29 23:17:35.191  INFO 6224 --- [l-13-thread-135] tourGuide.service.RewardsService         : ** Processing to get reward points
2021-11-29 23:17:35.193  INFO 6224 --- [l-13-thread-187] tourGuide.service.RewardsService         : ** Processing to get reward points
2021-11-29 23:17:35.193  INFO 6224 --- [l-13-thread-157] tourGuide.service.RewardsService         : ** Processing to get reward points
2021-11-29 23:17:35.196  INFO 6224 --- [ol-13-thread-46] tourGuide.service.RewardsService         : ** Processing to get reward points
2021-11-29 23:17:35.206  INFO 6224 --- [ol-13-thread-41] tourGuide.service.RewardsService         : ** Processing to get reward points
2021-11-29 23:17:35.208  INFO 6224 --- [ol-13-thread-40] tourGuide.service.RewardsService         : ** Processing to get reward points
2021-11-29 23:17:35.209  INFO 6224 --- [ool-13-thread-8] tourGuide.service.RewardsService         : ** Processing to get reward points
2021-11-29 23:17:35.214  INFO 6224 --- [ol-13-thread-29] tourGuide.service.RewardsService         : ** Processing to get reward points
2021-11-29 23:17:35.220  INFO 6224 --- [ol-13-thread-72] tourGuide.service.RewardsService         : ** Processing to get reward points
2021-11-29 23:17:35.221  INFO 6224 --- [l-13-thread-165] tourGuide.service.RewardsService         : ** Processing to get reward points
2021-11-29 23:17:35.223  INFO 6224 --- [l-13-thread-196] tourGuide.service.RewardsService         : ** Processing to get reward points
2021-11-29 23:17:35.225  INFO 6224 --- [l-13-thread-102] tourGuide.service.RewardsService         : ** Processing to get reward points
2021-11-29 23:17:35.227  INFO 6224 --- [ol-13-thread-15] tourGuide.service.RewardsService         : ** Processing to get reward points
2021-11-29 23:17:35.230  INFO 6224 --- [l-13-thread-100] tourGuide.service.RewardsService         : ** Processing to get reward points
2021-11-29 23:17:35.233  INFO 6224 --- [ol-13-thread-58] tourGuide.service.RewardsService         : ** Processing to get reward points
2021-11-29 23:17:35.235  INFO 6224 --- [ol-13-thread-48] tourGuide.service.RewardsService         : ** Processing to get reward points
2021-11-29 23:17:35.236  INFO 6224 --- [l-13-thread-120] tourGuide.service.RewardsService         : ** Processing to get reward points
2021-11-29 23:17:35.236  INFO 6224 --- [ol-13-thread-38] tourGuide.service.RewardsService         : ** Processing to get reward points
2021-11-29 23:17:35.240  INFO 6224 --- [l-13-thread-186] tourGuide.service.RewardsService         : ** Processing to get reward points
2021-11-29 23:17:35.243  INFO 6224 --- [ol-13-thread-16] tourGuide.service.RewardsService         : ** Processing to get reward points
2021-11-29 23:17:35.243  INFO 6224 --- [ol-13-thread-76] tourGuide.service.RewardsService         : ** Processing to get reward points
2021-11-29 23:17:35.248  INFO 6224 --- [ol-13-thread-81] tourGuide.service.RewardsService         : ** Processing to get reward points
2021-11-29 23:17:35.250  INFO 6224 --- [ol-13-thread-97] tourGuide.service.RewardsService         : ** Processing to get reward points
2021-11-29 23:17:35.255  INFO 6224 --- [ol-13-thread-66] tourGuide.service.RewardsService         : ** Processing to get reward points
2021-11-29 23:17:35.255  INFO 6224 --- [ol-13-thread-34] tourGuide.service.RewardsService         : ** Processing to get reward points
2021-11-29 23:17:35.259  INFO 6224 --- [l-13-thread-177] tourGuide.service.RewardsService         : ** Processing to get reward points
2021-11-29 23:17:35.260  INFO 6224 --- [ol-13-thread-70] tourGuide.service.RewardsService         : ** Processing to get reward points
2021-11-29 23:17:35.268  INFO 6224 --- [l-13-thread-152] tourGuide.service.RewardsService         : ** Processing to get reward points
2021-11-29 23:17:35.272  INFO 6224 --- [l-13-thread-148] tourGuide.service.RewardsService         : ** Processing to get reward points
2021-11-29 23:17:35.274  INFO 6224 --- [ol-13-thread-69] tourGuide.service.RewardsService         : ** Processing to get reward points
2021-11-29 23:17:35.276  INFO 6224 --- [l-13-thread-119] tourGuide.service.RewardsService         : ** Processing to get reward points
2021-11-29 23:17:35.277  INFO 6224 --- [ol-13-thread-41] tourGuide.service.RewardsService         : ** Processing to get reward points
2021-11-29 23:17:35.280  INFO 6224 --- [l-13-thread-192] tourGuide.service.RewardsService         : ** Processing to get reward points
2021-11-29 23:17:35.280  INFO 6224 --- [ol-13-thread-92] tourGuide.service.RewardsService         : ** Processing to get reward points
2021-11-29 23:17:35.280  INFO 6224 --- [l-13-thread-195] tourGuide.service.RewardsService         : ** Processing to get reward points
2021-11-29 23:17:35.286  INFO 6224 --- [ol-13-thread-71] tourGuide.service.RewardsService         : ** Processing to get reward points
2021-11-29 23:17:35.286  INFO 6224 --- [l-13-thread-120] tourGuide.service.RewardsService         : ** Processing to get reward points
2021-11-29 23:17:35.294  INFO 6224 --- [l-13-thread-123] tourGuide.service.RewardsService         : ** Processing to get reward points
2021-11-29 23:17:35.295  INFO 6224 --- [l-13-thread-104] tourGuide.service.RewardsService         : ** Processing to get reward points
2021-11-29 23:17:35.295  INFO 6224 --- [l-13-thread-163] tourGuide.service.RewardsService         : ** Processing to get reward points
2021-11-29 23:17:35.299  INFO 6224 --- [ol-13-thread-98] tourGuide.service.RewardsService         : ** Processing to get reward points
2021-11-29 23:17:35.303  INFO 6224 --- [l-13-thread-152] tourGuide.service.RewardsService         : ** Processing to get reward points
2021-11-29 23:17:35.307  INFO 6224 --- [ol-13-thread-79] tourGuide.service.RewardsService         : ** Processing to get reward points
2021-11-29 23:17:35.310  INFO 6224 --- [ol-13-thread-18] tourGuide.service.RewardsService         : ** Processing to get reward points
2021-11-29 23:17:35.311  INFO 6224 --- [l-13-thread-119] tourGuide.service.RewardsService         : ** Processing to get reward points
2021-11-29 23:17:35.315  INFO 6224 --- [ol-13-thread-27] tourGuide.service.RewardsService         : ** Processing to get reward points
2021-11-29 23:17:35.318  INFO 6224 --- [l-13-thread-112] tourGuide.service.RewardsService         : ** Processing to get reward points
2021-11-29 23:17:35.320  INFO 6224 --- [l-13-thread-182] tourGuide.service.RewardsService         : ** Processing to get reward points
2021-11-29 23:17:35.320  INFO 6224 --- [ool-13-thread-5] tourGuide.service.RewardsService         : ** Processing to get reward points
2021-11-29 23:17:35.320  INFO 6224 --- [ol-13-thread-61] tourGuide.service.RewardsService         : ** Processing to get reward points
2021-11-29 23:17:35.320  INFO 6224 --- [l-13-thread-170] tourGuide.service.RewardsService         : ** Processing to get reward points
2021-11-29 23:17:35.321  INFO 6224 --- [ol-13-thread-22] tourGuide.service.RewardsService         : ** Processing to get reward points
2021-11-29 23:17:35.323  INFO 6224 --- [l-13-thread-147] tourGuide.service.RewardsService         : ** Processing to get reward points
2021-11-29 23:17:35.324  INFO 6224 --- [ol-13-thread-12] tourGuide.service.RewardsService         : ** Processing to get reward points
2021-11-29 23:17:35.325  INFO 6224 --- [l-13-thread-200] tourGuide.service.RewardsService         : ** Processing to get reward points
2021-11-29 23:17:35.334  INFO 6224 --- [ol-13-thread-53] tourGuide.service.RewardsService         : ** Processing to get reward points
2021-11-29 23:17:35.337  INFO 6224 --- [ol-13-thread-58] tourGuide.service.RewardsService         : ** Processing to get reward points
2021-11-29 23:17:35.337  INFO 6224 --- [ol-13-thread-43] tourGuide.service.RewardsService         : ** Processing to get reward points
2021-11-29 23:17:35.339  INFO 6224 --- [ol-13-thread-27] tourGuide.service.RewardsService         : ** Processing to get reward points
2021-11-29 23:17:35.343  INFO 6224 --- [l-13-thread-157] tourGuide.service.RewardsService         : ** Processing to get reward points
2021-11-29 23:17:35.345  INFO 6224 --- [ol-13-thread-31] tourGuide.service.RewardsService         : ** Processing to get reward points
2021-11-29 23:17:35.352  INFO 6224 --- [ol-13-thread-37] tourGuide.service.RewardsService         : ** Processing to get reward points
2021-11-29 23:17:35.359  INFO 6224 --- [l-13-thread-126] tourGuide.service.RewardsService         : ** Processing to get reward points
2021-11-29 23:17:35.364  INFO 6224 --- [l-13-thread-144] tourGuide.service.RewardsService         : ** Processing to get reward points
2021-11-29 23:17:35.364  INFO 6224 --- [l-13-thread-132] tourGuide.service.RewardsService         : ** Processing to get reward points
2021-11-29 23:17:35.365  INFO 6224 --- [l-13-thread-169] tourGuide.service.RewardsService         : ** Processing to get reward points
2021-11-29 23:17:35.367  INFO 6224 --- [ol-13-thread-17] tourGuide.service.RewardsService         : ** Processing to get reward points
2021-11-29 23:17:35.371  INFO 6224 --- [ol-13-thread-16] tourGuide.service.RewardsService         : ** Processing to get reward points
2021-11-29 23:17:35.372  INFO 6224 --- [l-13-thread-186] tourGuide.service.RewardsService         : ** Processing to get reward points
2021-11-29 23:17:35.373  INFO 6224 --- [l-13-thread-177] tourGuide.service.RewardsService         : ** Processing to get reward points
2021-11-29 23:17:35.375  INFO 6224 --- [l-13-thread-131] tourGuide.service.RewardsService         : ** Processing to get reward points
2021-11-29 23:17:35.375  INFO 6224 --- [l-13-thread-109] tourGuide.service.RewardsService         : ** Processing to get reward points
2021-11-29 23:17:35.375  INFO 6224 --- [l-13-thread-162] tourGuide.service.RewardsService         : ** Processing to get reward points
2021-11-29 23:17:35.377  INFO 6224 --- [l-13-thread-154] tourGuide.service.RewardsService         : ** Processing to get reward points
2021-11-29 23:17:35.377  INFO 6224 --- [l-13-thread-155] tourGuide.service.RewardsService         : ** Processing to get reward points
2021-11-29 23:17:35.384  INFO 6224 --- [l-13-thread-150] tourGuide.service.RewardsService         : ** Processing to get reward points
2021-11-29 23:17:35.384  INFO 6224 --- [ol-13-thread-10] tourGuide.service.RewardsService         : ** Processing to get reward points
2021-11-29 23:17:35.384  INFO 6224 --- [ol-13-thread-34] tourGuide.service.RewardsService         : ** Processing to get reward points
2021-11-29 23:17:35.384  INFO 6224 --- [ol-13-thread-28] tourGuide.service.RewardsService         : ** Processing to get reward points
2021-11-29 23:17:35.391  INFO 6224 --- [l-13-thread-115] tourGuide.service.RewardsService         : ** Processing to get reward points
2021-11-29 23:17:35.392  INFO 6224 --- [ol-13-thread-41] tourGuide.service.RewardsService         : ** Processing to get reward points
2021-11-29 23:17:35.392  INFO 6224 --- [ol-13-thread-30] tourGuide.service.RewardsService         : ** Processing to get reward points
2021-11-29 23:17:35.393  INFO 6224 --- [ol-13-thread-62] tourGuide.service.RewardsService         : ** Processing to get reward points
2021-11-29 23:17:35.393  INFO 6224 --- [ol-13-thread-49] tourGuide.service.RewardsService         : ** Processing to get reward points
2021-11-29 23:17:35.396  INFO 6224 --- [ol-13-thread-18] tourGuide.service.RewardsService         : ** Processing to get reward points
2021-11-29 23:17:35.402  INFO 6224 --- [ool-13-thread-8] tourGuide.service.RewardsService         : ** Processing to get reward points
2021-11-29 23:17:35.406  INFO 6224 --- [l-13-thread-179] tourGuide.service.RewardsService         : ** Processing to get reward points
2021-11-29 23:17:35.406  INFO 6224 --- [ol-13-thread-31] tourGuide.service.RewardsService         : ** Processing to get reward points
2021-11-29 23:17:35.407  INFO 6224 --- [l-13-thread-160] tourGuide.service.RewardsService         : ** Processing to get reward points
2021-11-29 23:17:35.407  INFO 6224 --- [ol-13-thread-12] tourGuide.service.RewardsService         : ** Processing to get reward points
2021-11-29 23:17:35.408  INFO 6224 --- [ol-13-thread-73] tourGuide.service.RewardsService         : ** Processing to get reward points
2021-11-29 23:17:35.410  INFO 6224 --- [l-13-thread-186] tourGuide.service.RewardsService         : ** Processing to get reward points
2021-11-29 23:17:35.413  INFO 6224 --- [ol-13-thread-93] tourGuide.service.RewardsService         : ** Processing to get reward points
2021-11-29 23:17:35.417  INFO 6224 --- [l-13-thread-173] tourGuide.service.RewardsService         : ** Processing to get reward points
2021-11-29 23:17:35.417  INFO 6224 --- [ol-13-thread-33] tourGuide.service.RewardsService         : ** Processing to get reward points
2021-11-29 23:17:35.421  INFO 6224 --- [l-13-thread-116] tourGuide.service.RewardsService         : ** Processing to get reward points
2021-11-29 23:17:35.423  INFO 6224 --- [l-13-thread-146] tourGuide.service.RewardsService         : ** Processing to get reward points
2021-11-29 23:17:35.428  INFO 6224 --- [l-13-thread-197] tourGuide.service.RewardsService         : ** Processing to get reward points
2021-11-29 23:17:35.428  INFO 6224 --- [l-13-thread-178] tourGuide.service.RewardsService         : ** Processing to get reward points
2021-11-29 23:17:35.433  INFO 6224 --- [ol-13-thread-74] tourGuide.service.RewardsService         : ** Processing to get reward points
2021-11-29 23:17:35.435  INFO 6224 --- [ol-13-thread-80] tourGuide.service.RewardsService         : ** Processing to get reward points
2021-11-29 23:17:35.438  INFO 6224 --- [l-13-thread-199] tourGuide.service.RewardsService         : ** Processing to get reward points
2021-11-29 23:17:35.438  INFO 6224 --- [l-13-thread-171] tourGuide.service.RewardsService         : ** Processing to get reward points
2021-11-29 23:17:35.439  INFO 6224 --- [l-13-thread-167] tourGuide.service.RewardsService         : ** Processing to get reward points
2021-11-29 23:17:35.440  INFO 6224 --- [ol-13-thread-87] tourGuide.service.RewardsService         : ** Processing to get reward points
2021-11-29 23:17:35.442  INFO 6224 --- [ol-13-thread-32] tourGuide.service.RewardsService         : ** Processing to get reward points
2021-11-29 23:17:35.442  INFO 6224 --- [l-13-thread-194] tourGuide.service.RewardsService         : ** Processing to get reward points
2021-11-29 23:17:35.444  INFO 6224 --- [ol-13-thread-55] tourGuide.service.RewardsService         : ** Processing to get reward points
2021-11-29 23:17:35.449  INFO 6224 --- [l-13-thread-168] tourGuide.service.RewardsService         : ** Processing to get reward points
2021-11-29 23:17:35.453  INFO 6224 --- [ool-13-thread-3] tourGuide.service.RewardsService         : ** Processing to get reward points
2021-11-29 23:17:35.453  INFO 6224 --- [l-13-thread-153] tourGuide.service.RewardsService         : ** Processing to get reward points
2021-11-29 23:17:35.462  INFO 6224 --- [l-13-thread-149] tourGuide.service.RewardsService         : ** Processing to get reward points
2021-11-29 23:17:35.462  INFO 6224 --- [l-13-thread-142] tourGuide.service.RewardsService         : ** Processing to get reward points
2021-11-29 23:17:35.462  INFO 6224 --- [ol-13-thread-42] tourGuide.service.RewardsService         : ** Processing to get reward points
2021-11-29 23:17:35.463  INFO 6224 --- [ool-13-thread-3] tourGuide.service.RewardsService         : ** Processing to get reward points
2021-11-29 23:17:35.463  INFO 6224 --- [l-13-thread-141] tourGuide.service.RewardsService         : ** Processing to get reward points
2021-11-29 23:17:35.466  INFO 6224 --- [l-13-thread-189] tourGuide.service.RewardsService         : ** Processing to get reward points
2021-11-29 23:17:35.466  INFO 6224 --- [ol-13-thread-44] tourGuide.service.RewardsService         : ** Processing to get reward points
2021-11-29 23:17:35.467  INFO 6224 --- [ol-13-thread-91] tourGuide.service.RewardsService         : ** Processing to get reward points
2021-11-29 23:17:35.469  INFO 6224 --- [ol-13-thread-84] tourGuide.service.RewardsService         : ** Processing to get reward points
2021-11-29 23:17:35.469  INFO 6224 --- [l-13-thread-158] tourGuide.service.RewardsService         : ** Processing to get reward points
2021-11-29 23:17:35.496  INFO 6224 --- [ol-13-thread-77] tourGuide.service.RewardsService         : ** Processing to get reward points
2021-11-29 23:17:35.498  INFO 6224 --- [ol-13-thread-54] tourGuide.service.RewardsService         : ** Processing to get reward points
2021-11-29 23:17:35.505  INFO 6224 --- [ol-13-thread-38] tourGuide.service.RewardsService         : ** Processing to get reward points
2021-11-29 23:17:35.505  INFO 6224 --- [ol-13-thread-47] tourGuide.service.RewardsService         : ** Processing to get reward points
2021-11-29 23:17:35.507  INFO 6224 --- [l-13-thread-171] tourGuide.service.RewardsService         : ** Processing to get reward points
2021-11-29 23:17:35.507  INFO 6224 --- [l-13-thread-182] tourGuide.service.RewardsService         : ** Processing to get reward points
2021-11-29 23:17:35.508  INFO 6224 --- [l-13-thread-113] tourGuide.service.RewardsService         : ** Processing to get reward points
2021-11-29 23:17:35.514  INFO 6224 --- [ol-13-thread-20] tourGuide.service.RewardsService         : ** Processing to get reward points
2021-11-29 23:17:35.514  INFO 6224 --- [l-13-thread-159] tourGuide.service.RewardsService         : ** Processing to get reward points
2021-11-29 23:17:35.518  INFO 6224 --- [ol-13-thread-19] tourGuide.service.RewardsService         : ** Processing to get reward points
2021-11-29 23:17:35.518  INFO 6224 --- [ol-13-thread-45] tourGuide.service.RewardsService         : ** Processing to get reward points
2021-11-29 23:17:35.530  INFO 6224 --- [l-13-thread-107] tourGuide.service.RewardsService         : ** Processing to get reward points
2021-11-29 23:17:35.530  INFO 6224 --- [ol-13-thread-79] tourGuide.service.RewardsService         : ** Processing to get reward points
2021-11-29 23:17:35.530  INFO 6224 --- [l-13-thread-136] tourGuide.service.RewardsService         : ** Processing to get reward points
2021-11-29 23:17:35.532  INFO 6224 --- [l-13-thread-130] tourGuide.service.RewardsService         : ** Processing to get reward points
2021-11-29 23:17:35.532  INFO 6224 --- [l-13-thread-181] tourGuide.service.RewardsService         : ** Processing to get reward points
2021-11-29 23:17:35.535  INFO 6224 --- [ol-13-thread-10] tourGuide.service.RewardsService         : ** Processing to get reward points
2021-11-29 23:17:35.535  INFO 6224 --- [l-13-thread-155] tourGuide.service.RewardsService         : ** Processing to get reward points
2021-11-29 23:17:35.535  INFO 6224 --- [l-13-thread-127] tourGuide.service.RewardsService         : ** Processing to get reward points
2021-11-29 23:17:35.538  INFO 6224 --- [l-13-thread-176] tourGuide.service.RewardsService         : ** Processing to get reward points
2021-11-29 23:17:35.538  INFO 6224 --- [l-13-thread-195] tourGuide.service.RewardsService         : ** Processing to get reward points
2021-11-29 23:17:35.540  INFO 6224 --- [l-13-thread-108] tourGuide.service.RewardsService         : ** Processing to get reward points
2021-11-29 23:17:35.540  INFO 6224 --- [ol-13-thread-57] tourGuide.service.RewardsService         : ** Processing to get reward points
2021-11-29 23:17:35.540  INFO 6224 --- [ol-13-thread-24] tourGuide.service.RewardsService         : ** Processing to get reward points
2021-11-29 23:17:35.544  INFO 6224 --- [ol-13-thread-83] tourGuide.service.RewardsService         : ** Processing to get reward points
2021-11-29 23:17:35.544  INFO 6224 --- [l-13-thread-151] tourGuide.service.RewardsService         : ** Processing to get reward points
2021-11-29 23:17:35.554  INFO 6224 --- [ol-13-thread-61] tourGuide.service.RewardsService         : ** Processing to get reward points
2021-11-29 23:17:35.556  INFO 6224 --- [ool-13-thread-7] tourGuide.service.RewardsService         : ** Processing to get reward points
2021-11-29 23:17:35.558  INFO 6224 --- [l-13-thread-191] tourGuide.service.RewardsService         : ** Processing to get reward points
2021-11-29 23:17:35.558  INFO 6224 --- [l-13-thread-187] tourGuide.service.RewardsService         : ** Processing to get reward points
2021-11-29 23:17:35.560  INFO 6224 --- [ol-13-thread-91] tourGuide.service.RewardsService         : ** Processing to get reward points
2021-11-29 23:17:35.560  INFO 6224 --- [ol-13-thread-14] tourGuide.service.RewardsService         : ** Processing to get reward points
2021-11-29 23:17:35.561  INFO 6224 --- [l-13-thread-133] tourGuide.service.RewardsService         : ** Processing to get reward points
2021-11-29 23:17:35.568  INFO 6224 --- [ol-13-thread-95] tourGuide.service.RewardsService         : ** Processing to get reward points
2021-11-29 23:17:35.569  INFO 6224 --- [ool-13-thread-6] tourGuide.service.RewardsService         : ** Processing to get reward points
2021-11-29 23:17:35.569  INFO 6224 --- [l-13-thread-154] tourGuide.service.RewardsService         : ** Processing to get reward points
2021-11-29 23:17:35.574  INFO 6224 --- [ol-13-thread-26] tourGuide.service.RewardsService         : ** Processing to get reward points
2021-11-29 23:17:35.574  INFO 6224 --- [l-13-thread-160] tourGuide.service.RewardsService         : ** Processing to get reward points
2021-11-29 23:17:35.574  INFO 6224 --- [l-13-thread-187] tourGuide.service.RewardsService         : ** Processing to get reward points
2021-11-29 23:17:35.578  INFO 6224 --- [ol-13-thread-56] tourGuide.service.RewardsService         : ** Processing to get reward points
2021-11-29 23:17:35.580  INFO 6224 --- [l-13-thread-154] tourGuide.service.RewardsService         : ** Processing to get reward points
2021-11-29 23:17:35.586  INFO 6224 --- [l-13-thread-135] tourGuide.service.RewardsService         : ** Processing to get reward points
2021-11-29 23:17:35.587  INFO 6224 --- [l-13-thread-183] tourGuide.service.RewardsService         : ** Processing to get reward points
2021-11-29 23:17:35.588  INFO 6224 --- [l-13-thread-174] tourGuide.service.RewardsService         : ** Processing to get reward points
2021-11-29 23:17:35.589  INFO 6224 --- [ol-13-thread-36] tourGuide.service.RewardsService         : ** Processing to get reward points
2021-11-29 23:17:35.590  INFO 6224 --- [ol-13-thread-68] tourGuide.service.RewardsService         : ** Processing to get reward points
2021-11-29 23:17:35.597  INFO 6224 --- [l-13-thread-192] tourGuide.service.RewardsService         : ** Processing to get reward points
2021-11-29 23:17:35.597  INFO 6224 --- [ol-13-thread-40] tourGuide.service.RewardsService         : ** Processing to get reward points
2021-11-29 23:17:35.598  INFO 6224 --- [ol-13-thread-85] tourGuide.service.RewardsService         : ** Processing to get reward points
2021-11-29 23:17:35.598  INFO 6224 --- [l-13-thread-164] tourGuide.service.RewardsService         : ** Processing to get reward points
2021-11-29 23:17:35.601  INFO 6224 --- [ol-13-thread-14] tourGuide.service.RewardsService         : ** Processing to get reward points
2021-11-29 23:17:35.601  INFO 6224 --- [ol-13-thread-21] tourGuide.service.RewardsService         : ** Processing to get reward points
2021-11-29 23:17:35.603  INFO 6224 --- [l-13-thread-180] tourGuide.service.RewardsService         : ** Processing to get reward points
2021-11-29 23:17:35.606  INFO 6224 --- [l-13-thread-171] tourGuide.service.RewardsService         : ** Processing to get reward points
2021-11-29 23:17:35.608  INFO 6224 --- [ol-13-thread-94] tourGuide.service.RewardsService         : ** Processing to get reward points
2021-11-29 23:17:35.609  INFO 6224 --- [l-13-thread-134] tourGuide.service.RewardsService         : ** Processing to get reward points
2021-11-29 23:17:35.611  INFO 6224 --- [l-13-thread-120] tourGuide.service.RewardsService         : ** Processing to get reward points
2021-11-29 23:17:35.613  INFO 6224 --- [ol-13-thread-84] tourGuide.service.RewardsService         : ** Processing to get reward points
2021-11-29 23:17:35.622  INFO 6224 --- [ol-13-thread-99] tourGuide.service.RewardsService         : ** Processing to get reward points
2021-11-29 23:17:35.626  INFO 6224 --- [ol-13-thread-34] tourGuide.service.RewardsService         : ** Processing to get reward points
2021-11-29 23:17:35.627  INFO 6224 --- [l-13-thread-171] tourGuide.service.RewardsService         : ** Processing to get reward points
2021-11-29 23:17:35.628  INFO 6224 --- [l-13-thread-103] tourGuide.service.RewardsService         : ** Processing to get reward points
2021-11-29 23:17:35.630  INFO 6224 --- [ol-13-thread-88] tourGuide.service.RewardsService         : ** Processing to get reward points
2021-11-29 23:17:35.631  INFO 6224 --- [l-13-thread-163] tourGuide.service.RewardsService         : ** Processing to get reward points
2021-11-29 23:17:35.635  INFO 6224 --- [l-13-thread-175] tourGuide.service.RewardsService         : ** Processing to get reward points
2021-11-29 23:17:35.636  INFO 6224 --- [l-13-thread-145] tourGuide.service.RewardsService         : ** Processing to get reward points
2021-11-29 23:17:35.636  INFO 6224 --- [l-13-thread-138] tourGuide.service.RewardsService         : ** Processing to get reward points
2021-11-29 23:17:35.636  INFO 6224 --- [l-13-thread-200] tourGuide.service.RewardsService         : ** Processing to get reward points
2021-11-29 23:17:35.641  INFO 6224 --- [ol-13-thread-83] tourGuide.service.RewardsService         : ** Processing to get reward points
2021-11-29 23:17:35.641  INFO 6224 --- [l-13-thread-137] tourGuide.service.RewardsService         : ** Processing to get reward points
2021-11-29 23:17:35.641  INFO 6224 --- [ol-13-thread-80] tourGuide.service.RewardsService         : ** Processing to get reward points
2021-11-29 23:17:35.643  INFO 6224 --- [ol-13-thread-96] tourGuide.service.RewardsService         : ** Processing to get reward points
2021-11-29 23:17:35.647  INFO 6224 --- [l-13-thread-177] tourGuide.service.RewardsService         : ** Processing to get reward points
2021-11-29 23:17:35.650  INFO 6224 --- [l-13-thread-198] tourGuide.service.RewardsService         : ** Processing to get reward points
2021-11-29 23:17:35.656  INFO 6224 --- [l-13-thread-117] tourGuide.service.RewardsService         : ** Processing to get reward points
2021-11-29 23:17:35.659  INFO 6224 --- [l-13-thread-111] tourGuide.service.RewardsService         : ** Processing to get reward points
2021-11-29 23:17:35.665  INFO 6224 --- [l-13-thread-140] tourGuide.service.RewardsService         : ** Processing to get reward points
2021-11-29 23:17:35.670  INFO 6224 --- [ool-13-thread-1] tourGuide.service.RewardsService         : ** Processing to get reward points
2021-11-29 23:17:35.672  INFO 6224 --- [l-13-thread-110] tourGuide.service.RewardsService         : ** Processing to get reward points
2021-11-29 23:17:35.673  INFO 6224 --- [l-13-thread-143] tourGuide.service.RewardsService         : ** Processing to get reward points
2021-11-29 23:17:35.673  INFO 6224 --- [l-13-thread-183] tourGuide.service.RewardsService         : ** Processing to get reward points
2021-11-29 23:17:35.676  INFO 6224 --- [l-13-thread-131] tourGuide.service.RewardsService         : ** Processing to get reward points
2021-11-29 23:17:35.676  INFO 6224 --- [l-13-thread-163] tourGuide.service.RewardsService         : ** Processing to get reward points
2021-11-29 23:17:35.681  INFO 6224 --- [l-13-thread-164] tourGuide.service.RewardsService         : ** Processing to get reward points
2021-11-29 23:17:35.682  INFO 6224 --- [ol-13-thread-13] tourGuide.service.RewardsService         : ** Processing to get reward points
2021-11-29 23:17:35.688  INFO 6224 --- [ol-13-thread-21] tourGuide.service.RewardsService         : ** Processing to get reward points
2021-11-29 23:17:35.693  INFO 6224 --- [l-13-thread-149] tourGuide.service.RewardsService         : ** Processing to get reward points
2021-11-29 23:17:35.693  INFO 6224 --- [ol-13-thread-69] tourGuide.service.RewardsService         : ** Processing to get reward points
2021-11-29 23:17:35.695  INFO 6224 --- [ol-13-thread-75] tourGuide.service.RewardsService         : ** Processing to get reward points
2021-11-29 23:17:35.695  INFO 6224 --- [ol-13-thread-83] tourGuide.service.RewardsService         : ** Processing to get reward points
2021-11-29 23:17:35.697  INFO 6224 --- [ol-13-thread-28] tourGuide.service.RewardsService         : ** Processing to get reward points
2021-11-29 23:17:35.700  INFO 6224 --- [l-13-thread-101] tourGuide.service.RewardsService         : ** Processing to get reward points
2021-11-29 23:17:35.703  INFO 6224 --- [ol-13-thread-81] tourGuide.service.RewardsService         : ** Processing to get reward points
2021-11-29 23:17:35.704  INFO 6224 --- [l-13-thread-102] tourGuide.service.RewardsService         : ** Processing to get reward points
2021-11-29 23:17:35.707  INFO 6224 --- [l-13-thread-172] tourGuide.service.RewardsService         : ** Processing to get reward points
2021-11-29 23:17:35.709  INFO 6224 --- [l-13-thread-125] tourGuide.service.RewardsService         : ** Processing to get reward points
2021-11-29 23:17:35.715  INFO 6224 --- [l-13-thread-158] tourGuide.service.RewardsService         : ** Processing to get reward points
2021-11-29 23:17:35.719  INFO 6224 --- [l-13-thread-181] tourGuide.service.RewardsService         : ** Processing to get reward points
2021-11-29 23:17:35.727  INFO 6224 --- [l-13-thread-188] tourGuide.service.RewardsService         : ** Processing to get reward points
2021-11-29 23:17:35.727  INFO 6224 --- [l-13-thread-105] tourGuide.service.RewardsService         : ** Processing to get reward points
2021-11-29 23:17:35.729  INFO 6224 --- [l-13-thread-178] tourGuide.service.RewardsService         : ** Processing to get reward points
2021-11-29 23:17:35.731  INFO 6224 --- [ol-13-thread-13] tourGuide.service.RewardsService         : ** Processing to get reward points
2021-11-29 23:17:35.731  INFO 6224 --- [ol-13-thread-90] tourGuide.service.RewardsService         : ** Processing to get reward points
2021-11-29 23:17:35.737  INFO 6224 --- [ol-13-thread-38] tourGuide.service.RewardsService         : ** Processing to get reward points
2021-11-29 23:17:35.741  INFO 6224 --- [l-13-thread-182] tourGuide.service.RewardsService         : ** Processing to get reward points
2021-11-29 23:17:35.745  INFO 6224 --- [l-13-thread-190] tourGuide.service.RewardsService         : ** Processing to get reward points
2021-11-29 23:17:35.752  INFO 6224 --- [l-13-thread-106] tourGuide.service.RewardsService         : ** Processing to get reward points
2021-11-29 23:17:35.752  INFO 6224 --- [ol-13-thread-20] tourGuide.service.RewardsService         : ** Processing to get reward points
2021-11-29 23:17:35.757  INFO 6224 --- [ol-13-thread-95] tourGuide.service.RewardsService         : ** Processing to get reward points
2021-11-29 23:17:35.758  INFO 6224 --- [l-13-thread-150] tourGuide.service.RewardsService         : ** Processing to get reward points
2021-11-29 23:17:35.761  INFO 6224 --- [ol-13-thread-86] tourGuide.service.RewardsService         : ** Processing to get reward points
2021-11-29 23:17:35.761  INFO 6224 --- [l-13-thread-177] tourGuide.service.RewardsService         : ** Processing to get reward points
2021-11-29 23:17:35.765  INFO 6224 --- [l-13-thread-145] tourGuide.service.RewardsService         : ** Processing to get reward points
2021-11-29 23:17:35.768  INFO 6224 --- [ol-13-thread-71] tourGuide.service.RewardsService         : ** Processing to get reward points
2021-11-29 23:17:35.769  INFO 6224 --- [ol-13-thread-48] tourGuide.service.RewardsService         : ** Processing to get reward points
2021-11-29 23:17:35.770  INFO 6224 --- [l-13-thread-122] tourGuide.service.RewardsService         : ** Processing to get reward points
2021-11-29 23:17:35.770  INFO 6224 --- [l-13-thread-118] tourGuide.service.RewardsService         : ** Processing to get reward points
2021-11-29 23:17:35.773  INFO 6224 --- [ol-13-thread-59] tourGuide.service.RewardsService         : ** Processing to get reward points
2021-11-29 23:17:35.777  INFO 6224 --- [ol-13-thread-49] tourGuide.service.RewardsService         : ** Processing to get reward points
2021-11-29 23:17:35.778  INFO 6224 --- [ool-13-thread-4] tourGuide.service.RewardsService         : ** Processing to get reward points
2021-11-29 23:17:35.778  INFO 6224 --- [l-13-thread-102] tourGuide.service.RewardsService         : ** Processing to get reward points
2021-11-29 23:17:35.779  INFO 6224 --- [l-13-thread-182] tourGuide.service.RewardsService         : ** Processing to get reward points
2021-11-29 23:17:35.780  INFO 6224 --- [l-13-thread-114] tourGuide.service.RewardsService         : ** Processing to get reward points
2021-11-29 23:17:35.780  INFO 6224 --- [ol-13-thread-76] tourGuide.service.RewardsService         : ** Processing to get reward points
2021-11-29 23:17:35.781  INFO 6224 --- [ol-13-thread-87] tourGuide.service.RewardsService         : ** Processing to get reward points
2021-11-29 23:17:35.783  INFO 6224 --- [l-13-thread-180] tourGuide.service.RewardsService         : ** Processing to get reward points
2021-11-29 23:17:35.787  INFO 6224 --- [l-13-thread-161] tourGuide.service.RewardsService         : ** Processing to get reward points
2021-11-29 23:17:35.787  INFO 6224 --- [l-13-thread-165] tourGuide.service.RewardsService         : ** Processing to get reward points
2021-11-29 23:17:35.789  INFO 6224 --- [l-13-thread-196] tourGuide.service.RewardsService         : ** Processing to get reward points
2021-11-29 23:17:35.789  INFO 6224 --- [l-13-thread-134] tourGuide.service.RewardsService         : ** Processing to get reward points
2021-11-29 23:17:35.791  INFO 6224 --- [ol-13-thread-89] tourGuide.service.RewardsService         : ** Processing to get reward points
2021-11-29 23:17:35.791  INFO 6224 --- [l-13-thread-119] tourGuide.service.RewardsService         : ** Processing to get reward points
2021-11-29 23:17:35.793  INFO 6224 --- [l-13-thread-158] tourGuide.service.RewardsService         : ** Processing to get reward points
2021-11-29 23:17:35.793  INFO 6224 --- [ol-13-thread-51] tourGuide.service.RewardsService         : ** Processing to get reward points
2021-11-29 23:17:35.796  INFO 6224 --- [l-13-thread-104] tourGuide.service.RewardsService         : ** Processing to get reward points
2021-11-29 23:17:35.801  INFO 6224 --- [l-13-thread-177] tourGuide.service.RewardsService         : ** Processing to get reward points
2021-11-29 23:17:35.802  INFO 6224 --- [l-13-thread-152] tourGuide.service.RewardsService         : ** Processing to get reward points
2021-11-29 23:17:35.806  INFO 6224 --- [l-13-thread-177] tourGuide.service.RewardsService         : ** Processing to get reward points
2021-11-29 23:17:35.806  INFO 6224 --- [l-13-thread-165] tourGuide.service.RewardsService         : ** Processing to get reward points
2021-11-29 23:17:35.817  INFO 6224 --- [l-13-thread-121] tourGuide.service.RewardsService         : ** Processing to get reward points
2021-11-29 23:17:35.820  INFO 6224 --- [l-13-thread-139] tourGuide.service.RewardsService         : ** Processing to get reward points
2021-11-29 23:17:35.822  INFO 6224 --- [ol-13-thread-61] tourGuide.service.RewardsService         : ** Processing to get reward points
2021-11-29 23:17:35.824  INFO 6224 --- [ol-13-thread-82] tourGuide.service.RewardsService         : ** Processing to get reward points
2021-11-29 23:17:35.825  INFO 6224 --- [ol-13-thread-39] tourGuide.service.RewardsService         : ** Processing to get reward points
2021-11-29 23:17:35.831  INFO 6224 --- [ol-13-thread-97] tourGuide.service.RewardsService         : ** Processing to get reward points
2021-11-29 23:17:35.834  INFO 6224 --- [ol-13-thread-78] tourGuide.service.RewardsService         : ** Processing to get reward points
2021-11-29 23:17:35.837  INFO 6224 --- [ol-13-thread-35] tourGuide.service.RewardsService         : ** Processing to get reward points
2021-11-29 23:17:35.838  INFO 6224 --- [l-13-thread-160] tourGuide.service.RewardsService         : ** Processing to get reward points
2021-11-29 23:17:35.843  INFO 6224 --- [ol-13-thread-54] tourGuide.service.RewardsService         : ** Processing to get reward points
2021-11-29 23:17:35.844  INFO 6224 --- [l-13-thread-175] tourGuide.service.RewardsService         : ** Processing to get reward points
2021-11-29 23:17:35.846  INFO 6224 --- [ol-13-thread-96] tourGuide.service.RewardsService         : ** Processing to get reward points
2021-11-29 23:17:35.853  INFO 6224 --- [l-13-thread-124] tourGuide.service.RewardsService         : ** Processing to get reward points
2021-11-29 23:17:35.853  INFO 6224 --- [l-13-thread-128] tourGuide.service.RewardsService         : ** Processing to get reward points
2021-11-29 23:17:35.855  INFO 6224 --- [ol-13-thread-64] tourGuide.service.RewardsService         : ** Processing to get reward points
2021-11-29 23:17:35.869  INFO 6224 --- [l-13-thread-199] tourGuide.service.RewardsService         : ** Processing to get reward points
2021-11-29 23:17:35.874  INFO 6224 --- [ol-13-thread-82] tourGuide.service.RewardsService         : ** Processing to get reward points
2021-11-29 23:17:35.876  INFO 6224 --- [l-13-thread-166] tourGuide.service.RewardsService         : ** Processing to get reward points
2021-11-29 23:17:35.876  INFO 6224 --- [ol-13-thread-85] tourGuide.service.RewardsService         : ** Processing to get reward points
2021-11-29 23:17:35.877  INFO 6224 --- [l-13-thread-109] tourGuide.service.RewardsService         : ** Processing to get reward points
2021-11-29 23:17:35.880  INFO 6224 --- [ol-13-thread-90] tourGuide.service.RewardsService         : ** Processing to get reward points
2021-11-29 23:17:35.885  INFO 6224 --- [l-13-thread-179] tourGuide.service.RewardsService         : ** Processing to get reward points
2021-11-29 23:17:35.894  INFO 6224 --- [ol-13-thread-70] tourGuide.service.RewardsService         : ** Processing to get reward points
2021-11-29 23:17:35.896  INFO 6224 --- [l-13-thread-129] tourGuide.service.RewardsService         : ** Processing to get reward points
2021-11-29 23:17:35.897  INFO 6224 --- [l-13-thread-198] tourGuide.service.RewardsService         : ** Processing to get reward points
2021-11-29 23:17:35.899  INFO 6224 --- [l-13-thread-132] tourGuide.service.RewardsService         : ** Processing to get reward points
2021-11-29 23:17:35.901  INFO 6224 --- [l-13-thread-102] tourGuide.service.RewardsService         : ** Processing to get reward points
2021-11-29 23:17:35.902  INFO 6224 --- [ol-13-thread-73] tourGuide.service.RewardsService         : ** Processing to get reward points
2021-11-29 23:17:35.904  INFO 6224 --- [ol-13-thread-86] tourGuide.service.RewardsService         : ** Processing to get reward points
2021-11-29 23:17:35.906  INFO 6224 --- [ol-13-thread-85] tourGuide.service.RewardsService         : ** Processing to get reward points
2021-11-29 23:17:35.910  INFO 6224 --- [ol-13-thread-46] tourGuide.service.RewardsService         : ** Processing to get reward points
2021-11-29 23:17:35.911  INFO 6224 --- [ol-13-thread-43] tourGuide.service.RewardsService         : ** Processing to get reward points
2021-11-29 23:17:35.913  INFO 6224 --- [ol-13-thread-40] tourGuide.service.RewardsService         : ** Processing to get reward points
2021-11-29 23:17:35.913  INFO 6224 --- [ol-13-thread-11] tourGuide.service.RewardsService         : ** Processing to get reward points
2021-11-29 23:17:35.916  INFO 6224 --- [ol-13-thread-60] tourGuide.service.RewardsService         : ** Processing to get reward points
2021-11-29 23:17:35.916  INFO 6224 --- [ol-13-thread-37] tourGuide.service.RewardsService         : ** Processing to get reward points
2021-11-29 23:17:35.924  INFO 6224 --- [ol-13-thread-12] tourGuide.service.RewardsService         : ** Processing to get reward points
2021-11-29 23:17:35.924  INFO 6224 --- [ol-13-thread-51] tourGuide.service.RewardsService         : ** Processing to get reward points
2021-11-29 23:17:35.926  INFO 6224 --- [l-13-thread-156] tourGuide.service.RewardsService         : ** Processing to get reward points
2021-11-29 23:17:35.930  INFO 6224 --- [ol-13-thread-67] tourGuide.service.RewardsService         : ** Processing to get reward points
2021-11-29 23:17:35.932  INFO 6224 --- [l-13-thread-124] tourGuide.service.RewardsService         : ** Processing to get reward points
2021-11-29 23:17:35.936  INFO 6224 --- [l-13-thread-111] tourGuide.service.RewardsService         : ** Processing to get reward points
2021-11-29 23:17:35.953  INFO 6224 --- [l-13-thread-172] tourGuide.service.RewardsService         : ** Processing to get reward points
2021-11-29 23:17:35.953  INFO 6224 --- [l-13-thread-184] tourGuide.service.RewardsService         : ** Processing to get reward points
2021-11-29 23:17:35.953  INFO 6224 --- [ol-13-thread-30] tourGuide.service.RewardsService         : ** Processing to get reward points
2021-11-29 23:17:35.953  INFO 6224 --- [ol-13-thread-41] tourGuide.service.RewardsService         : ** Processing to get reward points
2021-11-29 23:17:35.953  INFO 6224 --- [l-13-thread-189] tourGuide.service.RewardsService         : ** Processing to get reward points
2021-11-29 23:17:35.954  INFO 6224 --- [ool-13-thread-9] tourGuide.service.RewardsService         : ** Processing to get reward points
2021-11-29 23:17:35.954  INFO 6224 --- [ol-13-thread-25] tourGuide.service.RewardsService         : ** Processing to get reward points
2021-11-29 23:17:35.955  INFO 6224 --- [ol-13-thread-34] tourGuide.service.RewardsService         : ** Processing to get reward points
2021-11-29 23:17:35.956  INFO 6224 --- [ol-13-thread-18] tourGuide.service.RewardsService         : ** Processing to get reward points
2021-11-29 23:17:35.965  INFO 6224 --- [ol-13-thread-52] tourGuide.service.RewardsService         : ** Processing to get reward points
2021-11-29 23:17:35.968  INFO 6224 --- [ol-13-thread-19] tourGuide.service.RewardsService         : ** Processing to get reward points
2021-11-29 23:17:35.970  INFO 6224 --- [l-13-thread-100] tourGuide.service.RewardsService         : ** Processing to get reward points
2021-11-29 23:17:35.971  INFO 6224 --- [ol-13-thread-72] tourGuide.service.RewardsService         : ** Processing to get reward points
2021-11-29 23:17:35.972  INFO 6224 --- [ol-13-thread-65] tourGuide.service.RewardsService         : ** Processing to get reward points
2021-11-29 23:17:35.973  INFO 6224 --- [ol-13-thread-22] tourGuide.service.RewardsService         : ** Processing to get reward points
2021-11-29 23:17:35.987  INFO 6224 --- [l-13-thread-197] tourGuide.service.RewardsService         : ** Processing to get reward points
2021-11-29 23:17:35.991  INFO 6224 --- [ol-13-thread-99] tourGuide.service.RewardsService         : ** Processing to get reward points
2021-11-29 23:17:35.993  INFO 6224 --- [ol-13-thread-50] tourGuide.service.RewardsService         : ** Processing to get reward points
2021-11-29 23:17:35.996  INFO 6224 --- [l-13-thread-148] tourGuide.service.RewardsService         : ** Processing to get reward points
2021-11-29 23:17:36.006  INFO 6224 --- [ol-13-thread-20] tourGuide.service.RewardsService         : ** Processing to get reward points
2021-11-29 23:17:36.014  INFO 6224 --- [ol-13-thread-24] tourGuide.service.RewardsService         : ** Processing to get reward points
2021-11-29 23:17:36.014  INFO 6224 --- [l-13-thread-164] tourGuide.service.RewardsService         : ** Processing to get reward points
2021-11-29 23:17:36.018  INFO 6224 --- [ool-13-thread-2] tourGuide.service.RewardsService         : ** Processing to get reward points
2021-11-29 23:17:36.018  INFO 6224 --- [ool-13-thread-5] tourGuide.service.RewardsService         : ** Processing to get reward points
2021-11-29 23:17:36.024  INFO 6224 --- [l-13-thread-195] tourGuide.service.RewardsService         : ** Processing to get reward points
2021-11-29 23:17:36.028  INFO 6224 --- [ol-13-thread-59] tourGuide.service.RewardsService         : ** Processing to get reward points
2021-11-29 23:17:36.028  INFO 6224 --- [l-13-thread-187] tourGuide.service.RewardsService         : ** Processing to get reward points
2021-11-29 23:17:36.031  INFO 6224 --- [l-13-thread-193] tourGuide.service.RewardsService         : ** Processing to get reward points
2021-11-29 23:17:36.034  INFO 6224 --- [ol-13-thread-23] tourGuide.service.RewardsService         : ** Processing to get reward points
2021-11-29 23:17:36.038  INFO 6224 --- [ol-13-thread-97] tourGuide.service.RewardsService         : ** Processing to get reward points
2021-11-29 23:17:36.049  INFO 6224 --- [l-13-thread-112] tourGuide.service.RewardsService         : ** Processing to get reward points
2021-11-29 23:17:36.049  INFO 6224 --- [l-13-thread-103] tourGuide.service.RewardsService         : ** Processing to get reward points
2021-11-29 23:17:36.051  INFO 6224 --- [ol-13-thread-56] tourGuide.service.RewardsService         : ** Processing to get reward points
2021-11-29 23:17:36.051  INFO 6224 --- [ol-13-thread-20] tourGuide.service.RewardsService         : ** Processing to get reward points
2021-11-29 23:17:36.054  INFO 6224 --- [ol-13-thread-57] tourGuide.service.RewardsService         : ** Processing to get reward points
2021-11-29 23:17:36.054  INFO 6224 --- [ol-13-thread-99] tourGuide.service.RewardsService         : ** Processing to get reward points
2021-11-29 23:17:36.058  INFO 6224 --- [l-13-thread-113] tourGuide.service.RewardsService         : ** Processing to get reward points
2021-11-29 23:17:36.062  INFO 6224 --- [ol-13-thread-92] tourGuide.service.RewardsService         : ** Processing to get reward points
2021-11-29 23:17:36.064  INFO 6224 --- [l-13-thread-164] tourGuide.service.RewardsService         : ** Processing to get reward points
2021-11-29 23:17:36.068  INFO 6224 --- [l-13-thread-185] tourGuide.service.RewardsService         : ** Processing to get reward points
2021-11-29 23:17:36.077  INFO 6224 --- [ol-13-thread-60] tourGuide.service.RewardsService         : ** Processing to get reward points
2021-11-29 23:17:36.084  INFO 6224 --- [l-13-thread-161] tourGuide.service.RewardsService         : ** Processing to get reward points
2021-11-29 23:17:36.085  INFO 6224 --- [l-13-thread-126] tourGuide.service.RewardsService         : ** Processing to get reward points
2021-11-29 23:17:36.087  INFO 6224 --- [ol-13-thread-85] tourGuide.service.RewardsService         : ** Processing to get reward points
2021-11-29 23:17:36.089  INFO 6224 --- [l-13-thread-105] tourGuide.service.RewardsService         : ** Processing to get reward points
2021-11-29 23:17:36.089  INFO 6224 --- [ol-13-thread-63] tourGuide.service.RewardsService         : ** Processing to get reward points
2021-11-29 23:17:36.092  INFO 6224 --- [l-13-thread-113] tourGuide.service.RewardsService         : ** Processing to get reward points
2021-11-29 23:17:36.094  INFO 6224 --- [ol-13-thread-91] tourGuide.service.RewardsService         : ** Processing to get reward points
2021-11-29 23:17:36.097  INFO 6224 --- [l-13-thread-106] tourGuide.service.RewardsService         : ** Processing to get reward points
2021-11-29 23:17:36.105  INFO 6224 --- [l-13-thread-166] tourGuide.service.RewardsService         : ** Processing to get reward points
2021-11-29 23:17:36.105  INFO 6224 --- [l-13-thread-145] tourGuide.service.RewardsService         : ** Processing to get reward points
2021-11-29 23:17:36.108  INFO 6224 --- [ol-13-thread-47] tourGuide.service.RewardsService         : ** Processing to get reward points
2021-11-29 23:17:36.110  INFO 6224 --- [ol-13-thread-66] tourGuide.service.RewardsService         : ** Processing to get reward points
2021-11-29 23:17:36.110  INFO 6224 --- [ol-13-thread-13] tourGuide.service.RewardsService         : ** Processing to get reward points
2021-11-29 23:17:36.110  INFO 6224 --- [ool-13-thread-3] tourGuide.service.RewardsService         : ** Processing to get reward points
2021-11-29 23:17:36.112  INFO 6224 --- [ol-13-thread-39] tourGuide.service.RewardsService         : ** Processing to get reward points
2021-11-29 23:17:36.112  INFO 6224 --- [ol-13-thread-55] tourGuide.service.RewardsService         : ** Processing to get reward points
2021-11-29 23:17:36.120  INFO 6224 --- [ol-13-thread-15] tourGuide.service.RewardsService         : ** Processing to get reward points
2021-11-29 23:17:36.120  INFO 6224 --- [ol-13-thread-62] tourGuide.service.RewardsService         : ** Processing to get reward points
2021-11-29 23:17:36.125  INFO 6224 --- [ol-13-thread-15] tourGuide.service.RewardsService         : ** Processing to get reward points
2021-11-29 23:17:36.128  INFO 6224 --- [l-13-thread-192] tourGuide.service.RewardsService         : ** Processing to get reward points
2021-11-29 23:17:36.131  INFO 6224 --- [ol-13-thread-52] tourGuide.service.RewardsService         : ** Processing to get reward points
2021-11-29 23:17:36.136  INFO 6224 --- [l-13-thread-182] tourGuide.service.RewardsService         : ** Processing to get reward points
2021-11-29 23:17:36.141  INFO 6224 --- [l-13-thread-148] tourGuide.service.RewardsService         : ** Processing to get reward points
2021-11-29 23:17:36.141  INFO 6224 --- [ol-13-thread-68] tourGuide.service.RewardsService         : ** Processing to get reward points
2021-11-29 23:17:36.141  INFO 6224 --- [ol-13-thread-73] tourGuide.service.RewardsService         : ** Processing to get reward points
2021-11-29 23:17:36.144  INFO 6224 --- [ol-13-thread-94] tourGuide.service.RewardsService         : ** Processing to get reward points
2021-11-29 23:17:36.146  INFO 6224 --- [ol-13-thread-53] tourGuide.service.RewardsService         : ** Processing to get reward points
2021-11-29 23:17:36.150  INFO 6224 --- [l-13-thread-174] tourGuide.service.RewardsService         : ** Processing to get reward points
2021-11-29 23:17:36.153  INFO 6224 --- [l-13-thread-188] tourGuide.service.RewardsService         : ** Processing to get reward points
2021-11-29 23:17:36.155  INFO 6224 --- [l-13-thread-102] tourGuide.service.RewardsService         : ** Processing to get reward points
2021-11-29 23:17:36.156  INFO 6224 --- [l-13-thread-154] tourGuide.service.RewardsService         : ** Processing to get reward points
2021-11-29 23:17:36.159  INFO 6224 --- [l-13-thread-105] tourGuide.service.RewardsService         : ** Processing to get reward points
2021-11-29 23:17:36.171  INFO 6224 --- [l-13-thread-135] tourGuide.service.RewardsService         : ** Processing to get reward points
2021-11-29 23:17:36.173  INFO 6224 --- [l-13-thread-175] tourGuide.service.RewardsService         : ** Processing to get reward points
2021-11-29 23:17:36.173  INFO 6224 --- [ol-13-thread-27] tourGuide.service.RewardsService         : ** Processing to get reward points
2021-11-29 23:17:36.182  INFO 6224 --- [l-13-thread-146] tourGuide.service.RewardsService         : ** Processing to get reward points
2021-11-29 23:17:36.182  INFO 6224 --- [l-13-thread-127] tourGuide.service.RewardsService         : ** Processing to get reward points
2021-11-29 23:17:36.189  INFO 6224 --- [ol-13-thread-13] tourGuide.service.RewardsService         : ** Processing to get reward points
2021-11-29 23:17:36.192  INFO 6224 --- [l-13-thread-101] tourGuide.service.RewardsService         : ** Processing to get reward points
2021-11-29 23:17:36.193  INFO 6224 --- [ol-13-thread-89] tourGuide.service.RewardsService         : ** Processing to get reward points
2021-11-29 23:17:36.197  INFO 6224 --- [ool-13-thread-8] tourGuide.service.RewardsService         : ** Processing to get reward points
2021-11-29 23:17:36.201  INFO 6224 --- [ol-13-thread-29] tourGuide.service.RewardsService         : ** Processing to get reward points
2021-11-29 23:17:36.201  INFO 6224 --- [ol-13-thread-34] tourGuide.service.RewardsService         : ** Processing to get reward points
2021-11-29 23:17:36.203  INFO 6224 --- [ol-13-thread-47] tourGuide.service.RewardsService         : ** Processing to get reward points
2021-11-29 23:17:36.206  INFO 6224 --- [l-13-thread-105] tourGuide.service.RewardsService         : ** Processing to get reward points
2021-11-29 23:17:36.206  INFO 6224 --- [ol-13-thread-24] tourGuide.service.RewardsService         : ** Processing to get reward points
2021-11-29 23:17:36.209  INFO 6224 --- [l-13-thread-157] tourGuide.service.RewardsService         : ** Processing to get reward points
2021-11-29 23:17:36.209  INFO 6224 --- [l-13-thread-123] tourGuide.service.RewardsService         : ** Processing to get reward points
2021-11-29 23:17:36.213  INFO 6224 --- [l-13-thread-196] tourGuide.service.RewardsService         : ** Processing to get reward points
2021-11-29 23:17:36.214  INFO 6224 --- [ol-13-thread-81] tourGuide.service.RewardsService         : ** Processing to get reward points
2021-11-29 23:17:36.215  INFO 6224 --- [l-13-thread-170] tourGuide.service.RewardsService         : ** Processing to get reward points
2021-11-29 23:17:36.217  INFO 6224 --- [ol-13-thread-99] tourGuide.service.RewardsService         : ** Processing to get reward points
2021-11-29 23:17:36.217  INFO 6224 --- [ol-13-thread-86] tourGuide.service.RewardsService         : ** Processing to get reward points
2021-11-29 23:17:36.220  INFO 6224 --- [ol-13-thread-31] tourGuide.service.RewardsService         : ** Processing to get reward points
2021-11-29 23:17:36.220  INFO 6224 --- [l-13-thread-153] tourGuide.service.RewardsService         : ** Processing to get reward points
2021-11-29 23:17:36.222  INFO 6224 --- [ool-13-thread-4] tourGuide.service.RewardsService         : ** Processing to get reward points
2021-11-29 23:17:36.222  INFO 6224 --- [l-13-thread-105] tourGuide.service.RewardsService         : ** Processing to get reward points
2021-11-29 23:17:36.226  INFO 6224 --- [l-13-thread-141] tourGuide.service.RewardsService         : ** Processing to get reward points
2021-11-29 23:17:36.226  INFO 6224 --- [l-13-thread-114] tourGuide.service.RewardsService         : ** Processing to get reward points
2021-11-29 23:17:36.226  INFO 6224 --- [ol-13-thread-44] tourGuide.service.RewardsService         : ** Processing to get reward points
2021-11-29 23:17:36.228  INFO 6224 --- [l-13-thread-147] tourGuide.service.RewardsService         : ** Processing to get reward points
2021-11-29 23:17:36.230  INFO 6224 --- [ol-13-thread-69] tourGuide.service.RewardsService         : ** Processing to get reward points
2021-11-29 23:17:36.231  INFO 6224 --- [ol-13-thread-45] tourGuide.service.RewardsService         : ** Processing to get reward points
2021-11-29 23:17:36.234  INFO 6224 --- [ol-13-thread-98] tourGuide.service.RewardsService         : ** Processing to get reward points
2021-11-29 23:17:36.236  INFO 6224 --- [l-13-thread-135] tourGuide.service.RewardsService         : ** Processing to get reward points
2021-11-29 23:17:36.238  INFO 6224 --- [ol-13-thread-17] tourGuide.service.RewardsService         : ** Processing to get reward points
2021-11-29 23:17:36.238  INFO 6224 --- [ol-13-thread-23] tourGuide.service.RewardsService         : ** Processing to get reward points
2021-11-29 23:17:36.240  INFO 6224 --- [ol-13-thread-55] tourGuide.service.RewardsService         : ** Processing to get reward points
2021-11-29 23:17:36.240  INFO 6224 --- [ol-13-thread-90] tourGuide.service.RewardsService         : ** Processing to get reward points
2021-11-29 23:17:36.242  INFO 6224 --- [ol-13-thread-65] tourGuide.service.RewardsService         : ** Processing to get reward points
2021-11-29 23:17:36.245  INFO 6224 --- [l-13-thread-186] tourGuide.service.RewardsService         : ** Processing to get reward points
2021-11-29 23:17:36.247  INFO 6224 --- [l-13-thread-181] tourGuide.service.RewardsService         : ** Processing to get reward points
2021-11-29 23:17:36.248  INFO 6224 --- [l-13-thread-136] tourGuide.service.RewardsService         : ** Processing to get reward points
2021-11-29 23:17:36.249  INFO 6224 --- [ol-13-thread-14] tourGuide.service.RewardsService         : ** Processing to get reward points
2021-11-29 23:17:36.250  INFO 6224 --- [ol-13-thread-81] tourGuide.service.RewardsService         : ** Processing to get reward points
2021-11-29 23:17:36.250  INFO 6224 --- [ol-13-thread-30] tourGuide.service.RewardsService         : ** Processing to get reward points
2021-11-29 23:17:36.253  INFO 6224 --- [ol-13-thread-16] tourGuide.service.RewardsService         : ** Processing to get reward points
2021-11-29 23:17:36.259  INFO 6224 --- [l-13-thread-168] tourGuide.service.RewardsService         : ** Processing to get reward points
2021-11-29 23:17:36.261  INFO 6224 --- [l-13-thread-147] tourGuide.service.RewardsService         : ** Processing to get reward points
2021-11-29 23:17:36.261  INFO 6224 --- [ol-13-thread-37] tourGuide.service.RewardsService         : ** Processing to get reward points
2021-11-29 23:17:36.262  INFO 6224 --- [l-13-thread-190] tourGuide.service.RewardsService         : ** Processing to get reward points
2021-11-29 23:17:36.263  INFO 6224 --- [ol-13-thread-74] tourGuide.service.RewardsService         : ** Processing to get reward points
2021-11-29 23:17:36.266  INFO 6224 --- [l-13-thread-193] tourGuide.service.RewardsService         : ** Processing to get reward points
2021-11-29 23:17:36.270  INFO 6224 --- [l-13-thread-160] tourGuide.service.RewardsService         : ** Processing to get reward points
2021-11-29 23:17:36.274  INFO 6224 --- [ol-13-thread-25] tourGuide.service.RewardsService         : ** Processing to get reward points
2021-11-29 23:17:36.279  INFO 6224 --- [l-13-thread-169] tourGuide.service.RewardsService         : ** Processing to get reward points
2021-11-29 23:17:36.281  INFO 6224 --- [l-13-thread-162] tourGuide.service.RewardsService         : ** Processing to get reward points
2021-11-29 23:17:36.281  INFO 6224 --- [ool-13-thread-3] tourGuide.service.RewardsService         : ** Processing to get reward points
2021-11-29 23:17:36.281  INFO 6224 --- [l-13-thread-153] tourGuide.service.RewardsService         : ** Processing to get reward points
2021-11-29 23:17:36.286  INFO 6224 --- [l-13-thread-150] tourGuide.service.RewardsService         : ** Processing to get reward points
2021-11-29 23:17:36.289  INFO 6224 --- [ol-13-thread-63] tourGuide.service.RewardsService         : ** Processing to get reward points
2021-11-29 23:17:36.291  INFO 6224 --- [ol-13-thread-64] tourGuide.service.RewardsService         : ** Processing to get reward points
2021-11-29 23:17:36.291  INFO 6224 --- [l-13-thread-152] tourGuide.service.RewardsService         : ** Processing to get reward points
2021-11-29 23:17:36.295  INFO 6224 --- [ol-13-thread-58] tourGuide.service.RewardsService         : ** Processing to get reward points
2021-11-29 23:17:36.299  INFO 6224 --- [l-13-thread-181] tourGuide.service.RewardsService         : ** Processing to get reward points
2021-11-29 23:17:36.299  INFO 6224 --- [ol-13-thread-77] tourGuide.service.RewardsService         : ** Processing to get reward points
2021-11-29 23:17:36.302  INFO 6224 --- [ol-13-thread-40] tourGuide.service.RewardsService         : ** Processing to get reward points
2021-11-29 23:17:36.305  INFO 6224 --- [l-13-thread-194] tourGuide.service.RewardsService         : ** Processing to get reward points
2021-11-29 23:17:36.308  INFO 6224 --- [ool-13-thread-6] tourGuide.service.RewardsService         : ** Processing to get reward points
2021-11-29 23:17:36.309  INFO 6224 --- [l-13-thread-144] tourGuide.service.RewardsService         : ** Processing to get reward points
2021-11-29 23:17:36.313  INFO 6224 --- [l-13-thread-173] tourGuide.service.RewardsService         : ** Processing to get reward points
2021-11-29 23:17:36.323  INFO 6224 --- [ol-13-thread-35] tourGuide.service.RewardsService         : ** Processing to get reward points
2021-11-29 23:17:36.323  INFO 6224 --- [l-13-thread-163] tourGuide.service.RewardsService         : ** Processing to get reward points
2021-11-29 23:17:36.323  INFO 6224 --- [ol-13-thread-33] tourGuide.service.RewardsService         : ** Processing to get reward points
2021-11-29 23:17:36.324  INFO 6224 --- [l-13-thread-107] tourGuide.service.RewardsService         : ** Processing to get reward points
2021-11-29 23:17:36.324  INFO 6224 --- [ol-13-thread-71] tourGuide.service.RewardsService         : ** Processing to get reward points
2021-11-29 23:17:36.326  INFO 6224 --- [l-13-thread-115] tourGuide.service.RewardsService         : ** Processing to get reward points
2021-11-29 23:17:36.326  INFO 6224 --- [ol-13-thread-90] tourGuide.service.RewardsService         : ** Processing to get reward points
2021-11-29 23:17:36.329  INFO 6224 --- [ol-13-thread-64] tourGuide.service.RewardsService         : ** Processing to get reward points
2021-11-29 23:17:36.333  INFO 6224 --- [ol-13-thread-93] tourGuide.service.RewardsService         : ** Processing to get reward points
2021-11-29 23:17:36.333  INFO 6224 --- [l-13-thread-177] tourGuide.service.RewardsService         : ** Processing to get reward points
2021-11-29 23:17:36.333  INFO 6224 --- [ol-13-thread-23] tourGuide.service.RewardsService         : ** Processing to get reward points
2021-11-29 23:17:36.337  INFO 6224 --- [ol-13-thread-28] tourGuide.service.RewardsService         : ** Processing to get reward points
2021-11-29 23:17:36.337  INFO 6224 --- [l-13-thread-121] tourGuide.service.RewardsService         : ** Processing to get reward points
2021-11-29 23:17:36.337  INFO 6224 --- [l-13-thread-178] tourGuide.service.RewardsService         : ** Processing to get reward points
2021-11-29 23:17:36.339  INFO 6224 --- [ol-13-thread-79] tourGuide.service.RewardsService         : ** Processing to get reward points
2021-11-29 23:17:36.340  INFO 6224 --- [ol-13-thread-43] tourGuide.service.RewardsService         : ** Processing to get reward points
2021-11-29 23:17:36.341  INFO 6224 --- [l-13-thread-109] tourGuide.service.RewardsService         : ** Processing to get reward points
2021-11-29 23:17:36.343  INFO 6224 --- [ol-13-thread-96] tourGuide.service.RewardsService         : ** Processing to get reward points
2021-11-29 23:17:36.344  INFO 6224 --- [l-13-thread-124] tourGuide.service.RewardsService         : ** Processing to get reward points
2021-11-29 23:17:36.344  INFO 6224 --- [l-13-thread-120] tourGuide.service.RewardsService         : ** Processing to get reward points
2021-11-29 23:17:36.346  INFO 6224 --- [ol-13-thread-87] tourGuide.service.RewardsService         : ** Processing to get reward points
2021-11-29 23:17:36.350  INFO 6224 --- [l-13-thread-151] tourGuide.service.RewardsService         : ** Processing to get reward points
2021-11-29 23:17:36.352  INFO 6224 --- [l-13-thread-191] tourGuide.service.RewardsService         : ** Processing to get reward points
2021-11-29 23:17:36.354  INFO 6224 --- [ol-13-thread-15] tourGuide.service.RewardsService         : ** Processing to get reward points
2021-11-29 23:17:36.356  INFO 6224 --- [ol-13-thread-98] tourGuide.service.RewardsService         : ** Processing to get reward points
2021-11-29 23:17:36.357  INFO 6224 --- [l-13-thread-177] tourGuide.service.RewardsService         : ** Processing to get reward points
2021-11-29 23:17:36.357  INFO 6224 --- [ool-13-thread-3] tourGuide.service.RewardsService         : ** Processing to get reward points
2021-11-29 23:17:36.358  INFO 6224 --- [l-13-thread-176] tourGuide.service.RewardsService         : ** Processing to get reward points
2021-11-29 23:17:36.359  INFO 6224 --- [ol-13-thread-22] tourGuide.service.RewardsService         : ** Processing to get reward points
2021-11-29 23:17:36.363  INFO 6224 --- [l-13-thread-184] tourGuide.service.RewardsService         : ** Processing to get reward points
2021-11-29 23:17:36.375  INFO 6224 --- [l-13-thread-167] tourGuide.service.RewardsService         : ** Processing to get reward points
2021-11-29 23:17:36.376  INFO 6224 --- [l-13-thread-189] tourGuide.service.RewardsService         : ** Processing to get reward points
2021-11-29 23:17:36.376  INFO 6224 --- [l-13-thread-155] tourGuide.service.RewardsService         : ** Processing to get reward points
2021-11-29 23:17:36.377  INFO 6224 --- [l-13-thread-119] tourGuide.service.RewardsService         : ** Processing to get reward points
2021-11-29 23:17:36.378  INFO 6224 --- [ol-13-thread-91] tourGuide.service.RewardsService         : ** Processing to get reward points
2021-11-29 23:17:36.378  INFO 6224 --- [l-13-thread-117] tourGuide.service.RewardsService         : ** Processing to get reward points
2021-11-29 23:17:36.380  INFO 6224 --- [l-13-thread-188] tourGuide.service.RewardsService         : ** Processing to get reward points
2021-11-29 23:17:36.385  INFO 6224 --- [l-13-thread-141] tourGuide.service.RewardsService         : ** Processing to get reward points
2021-11-29 23:17:36.387  INFO 6224 --- [l-13-thread-101] tourGuide.service.RewardsService         : ** Processing to get reward points
2021-11-29 23:17:36.388  INFO 6224 --- [l-13-thread-142] tourGuide.service.RewardsService         : ** Processing to get reward points
2021-11-29 23:17:36.391  INFO 6224 --- [ol-13-thread-51] tourGuide.service.RewardsService         : ** Processing to get reward points
2021-11-29 23:17:36.396  INFO 6224 --- [l-13-thread-120] tourGuide.service.RewardsService         : ** Processing to get reward points
2021-11-29 23:17:36.398  INFO 6224 --- [ol-13-thread-80] tourGuide.service.RewardsService         : ** Processing to get reward points
2021-11-29 23:17:36.399  INFO 6224 --- [ol-13-thread-32] tourGuide.service.RewardsService         : ** Processing to get reward points
2021-11-29 23:17:36.399  INFO 6224 --- [ol-13-thread-34] tourGuide.service.RewardsService         : ** Processing to get reward points
2021-11-29 23:17:36.404  INFO 6224 --- [l-13-thread-110] tourGuide.service.RewardsService         : ** Processing to get reward points
2021-11-29 23:17:36.408  INFO 6224 --- [ol-13-thread-13] tourGuide.service.RewardsService         : ** Processing to get reward points
2021-11-29 23:17:36.409  INFO 6224 --- [ol-13-thread-41] tourGuide.service.RewardsService         : ** Processing to get reward points
2021-11-29 23:17:36.409  INFO 6224 --- [l-13-thread-116] tourGuide.service.RewardsService         : ** Processing to get reward points
2021-11-29 23:17:36.411  INFO 6224 --- [l-13-thread-171] tourGuide.service.RewardsService         : ** Processing to get reward points
2021-11-29 23:17:36.415  INFO 6224 --- [ol-13-thread-10] tourGuide.service.RewardsService         : ** Processing to get reward points
2021-11-29 23:17:36.415  INFO 6224 --- [l-13-thread-121] tourGuide.service.RewardsService         : ** Processing to get reward points
2021-11-29 23:17:36.418  INFO 6224 --- [ol-13-thread-72] tourGuide.service.RewardsService         : ** Processing to get reward points
2021-11-29 23:17:36.419  INFO 6224 --- [l-13-thread-184] tourGuide.service.RewardsService         : ** Processing to get reward points
2021-11-29 23:17:36.422  INFO 6224 --- [ol-13-thread-42] tourGuide.service.RewardsService         : ** Processing to get reward points
2021-11-29 23:17:36.423  INFO 6224 --- [ool-13-thread-7] tourGuide.service.RewardsService         : ** Processing to get reward points
2021-11-29 23:17:36.425  INFO 6224 --- [l-13-thread-185] tourGuide.service.RewardsService         : ** Processing to get reward points
2021-11-29 23:17:36.428  INFO 6224 --- [l-13-thread-146] tourGuide.service.RewardsService         : ** Processing to get reward points
2021-11-29 23:17:36.428  INFO 6224 --- [l-13-thread-108] tourGuide.service.RewardsService         : ** Processing to get reward points
2021-11-29 23:17:36.429  INFO 6224 --- [ol-13-thread-43] tourGuide.service.RewardsService         : ** Processing to get reward points
2021-11-29 23:17:36.435  INFO 6224 --- [l-13-thread-127] tourGuide.service.RewardsService         : ** Processing to get reward points
2021-11-29 23:17:36.435  INFO 6224 --- [ool-13-thread-2] tourGuide.service.RewardsService         : ** Processing to get reward points
2021-11-29 23:17:36.439  INFO 6224 --- [ol-13-thread-92] tourGuide.service.RewardsService         : ** Processing to get reward points
2021-11-29 23:17:36.440  INFO 6224 --- [l-13-thread-181] tourGuide.service.RewardsService         : ** Processing to get reward points
2021-11-29 23:17:36.445  INFO 6224 --- [l-13-thread-138] tourGuide.service.RewardsService         : ** Processing to get reward points
2021-11-29 23:17:36.448  INFO 6224 --- [l-13-thread-102] tourGuide.service.RewardsService         : ** Processing to get reward points
2021-11-29 23:17:36.449  INFO 6224 --- [l-13-thread-178] tourGuide.service.RewardsService         : ** Processing to get reward points
2021-11-29 23:17:36.453  INFO 6224 --- [l-13-thread-159] tourGuide.service.RewardsService         : ** Processing to get reward points
2021-11-29 23:17:36.457  INFO 6224 --- [ol-13-thread-81] tourGuide.service.RewardsService         : ** Processing to get reward points
2021-11-29 23:17:36.461  INFO 6224 --- [ol-13-thread-26] tourGuide.service.RewardsService         : ** Processing to get reward points
2021-11-29 23:17:36.464  INFO 6224 --- [ol-13-thread-92] tourGuide.service.RewardsService         : ** Processing to get reward points
2021-11-29 23:17:36.467  INFO 6224 --- [ol-13-thread-48] tourGuide.service.RewardsService         : ** Processing to get reward points
2021-11-29 23:17:36.470  INFO 6224 --- [l-13-thread-100] tourGuide.service.RewardsService         : ** Processing to get reward points
2021-11-29 23:17:36.474  INFO 6224 --- [l-13-thread-141] tourGuide.service.RewardsService         : ** Processing to get reward points
2021-11-29 23:17:36.477  INFO 6224 --- [l-13-thread-129] tourGuide.service.RewardsService         : ** Processing to get reward points
2021-11-29 23:17:36.478  INFO 6224 --- [ool-13-thread-1] tourGuide.service.RewardsService         : ** Processing to get reward points
2021-11-29 23:17:36.480  INFO 6224 --- [ol-13-thread-96] tourGuide.service.RewardsService         : ** Processing to get reward points
2021-11-29 23:17:36.484  INFO 6224 --- [ol-13-thread-76] tourGuide.service.RewardsService         : ** Processing to get reward points
2021-11-29 23:17:36.486  INFO 6224 --- [ol-13-thread-60] tourGuide.service.RewardsService         : ** Processing to get reward points
2021-11-29 23:17:36.486  INFO 6224 --- [l-13-thread-124] tourGuide.service.RewardsService         : ** Processing to get reward points
2021-11-29 23:17:36.489  INFO 6224 --- [ol-13-thread-96] tourGuide.service.RewardsService         : ** Processing to get reward points
2021-11-29 23:17:36.495  INFO 6224 --- [l-13-thread-189] tourGuide.service.RewardsService         : ** Processing to get reward points
2021-11-29 23:17:36.495  INFO 6224 --- [ol-13-thread-17] tourGuide.service.RewardsService         : ** Processing to get reward points
2021-11-29 23:17:36.503  INFO 6224 --- [ol-13-thread-95] tourGuide.service.RewardsService         : ** Processing to get reward points
2021-11-29 23:17:36.504  INFO 6224 --- [l-13-thread-143] tourGuide.service.RewardsService         : ** Processing to get reward points
2021-11-29 23:17:36.508  INFO 6224 --- [l-13-thread-181] tourGuide.service.RewardsService         : ** Processing to get reward points
2021-11-29 23:17:36.508  INFO 6224 --- [l-13-thread-133] tourGuide.service.RewardsService         : ** Processing to get reward points
2021-11-29 23:17:36.508  INFO 6224 --- [ol-13-thread-88] tourGuide.service.RewardsService         : ** Processing to get reward points
2021-11-29 23:17:36.509  INFO 6224 --- [l-13-thread-184] tourGuide.service.RewardsService         : ** Processing to get reward points
2021-11-29 23:17:36.509  INFO 6224 --- [l-13-thread-140] tourGuide.service.RewardsService         : ** Processing to get reward points
2021-11-29 23:17:36.510  INFO 6224 --- [ol-13-thread-82] tourGuide.service.RewardsService         : ** Processing to get reward points
2021-11-29 23:17:36.515  INFO 6224 --- [l-13-thread-140] tourGuide.service.RewardsService         : ** Processing to get reward points
2021-11-29 23:17:36.515  INFO 6224 --- [l-13-thread-187] tourGuide.service.RewardsService         : ** Processing to get reward points
2021-11-29 23:17:36.515  INFO 6224 --- [ol-13-thread-22] tourGuide.service.RewardsService         : ** Processing to get reward points
2021-11-29 23:17:36.516  INFO 6224 --- [l-13-thread-148] tourGuide.service.RewardsService         : ** Processing to get reward points
2021-11-29 23:17:36.518  INFO 6224 --- [l-13-thread-188] tourGuide.service.RewardsService         : ** Processing to get reward points
2021-11-29 23:17:36.520  INFO 6224 --- [ool-13-thread-5] tourGuide.service.RewardsService         : ** Processing to get reward points
2021-11-29 23:17:36.523  INFO 6224 --- [l-13-thread-183] tourGuide.service.RewardsService         : ** Processing to get reward points
2021-11-29 23:17:36.527  INFO 6224 --- [ol-13-thread-37] tourGuide.service.RewardsService         : ** Processing to get reward points
2021-11-29 23:17:36.527  INFO 6224 --- [l-13-thread-169] tourGuide.service.RewardsService         : ** Processing to get reward points
2021-11-29 23:17:36.528  INFO 6224 --- [ol-13-thread-75] tourGuide.service.RewardsService         : ** Processing to get reward points
2021-11-29 23:17:36.531  INFO 6224 --- [l-13-thread-130] tourGuide.service.RewardsService         : ** Processing to get reward points
2021-11-29 23:17:36.532  INFO 6224 --- [l-13-thread-114] tourGuide.service.RewardsService         : ** Processing to get reward points
2021-11-29 23:17:36.535  INFO 6224 --- [ol-13-thread-13] tourGuide.service.RewardsService         : ** Processing to get reward points
2021-11-29 23:17:36.536  INFO 6224 --- [ol-13-thread-25] tourGuide.service.RewardsService         : ** Processing to get reward points
2021-11-29 23:17:36.538  INFO 6224 --- [l-13-thread-183] tourGuide.service.RewardsService         : ** Processing to get reward points
2021-11-29 23:17:36.539  INFO 6224 --- [l-13-thread-106] tourGuide.service.RewardsService         : ** Processing to get reward points
2021-11-29 23:17:36.540  INFO 6224 --- [l-13-thread-123] tourGuide.service.RewardsService         : ** Processing to get reward points
2021-11-29 23:17:36.542  INFO 6224 --- [l-13-thread-111] tourGuide.service.RewardsService         : ** Processing to get reward points
2021-11-29 23:17:36.545  INFO 6224 --- [l-13-thread-137] tourGuide.service.RewardsService         : ** Processing to get reward points
2021-11-29 23:17:36.548  INFO 6224 --- [ol-13-thread-21] tourGuide.service.RewardsService         : ** Processing to get reward points
2021-11-29 23:17:36.548  INFO 6224 --- [ol-13-thread-87] tourGuide.service.RewardsService         : ** Processing to get reward points
2021-11-29 23:17:36.552  INFO 6224 --- [ol-13-thread-36] tourGuide.service.RewardsService         : ** Processing to get reward points
2021-11-29 23:17:36.553  INFO 6224 --- [l-13-thread-200] tourGuide.service.RewardsService         : ** Processing to get reward points
2021-11-29 23:17:36.554  INFO 6224 --- [ol-13-thread-73] tourGuide.service.RewardsService         : ** Processing to get reward points
2021-11-29 23:17:36.559  INFO 6224 --- [ol-13-thread-51] tourGuide.service.RewardsService         : ** Processing to get reward points
2021-11-29 23:17:36.559  INFO 6224 --- [l-13-thread-128] tourGuide.service.RewardsService         : ** Processing to get reward points
2021-11-29 23:17:36.560  INFO 6224 --- [ol-13-thread-84] tourGuide.service.RewardsService         : ** Processing to get reward points
2021-11-29 23:17:36.571  INFO 6224 --- [l-13-thread-169] tourGuide.service.RewardsService         : ** Processing to get reward points
2021-11-29 23:17:36.573  INFO 6224 --- [l-13-thread-180] tourGuide.service.RewardsService         : ** Processing to get reward points
2021-11-29 23:17:36.575  INFO 6224 --- [ool-13-thread-8] tourGuide.service.RewardsService         : ** Processing to get reward points
2021-11-29 23:17:36.582  INFO 6224 --- [l-13-thread-163] tourGuide.service.RewardsService         : ** Processing to get reward points
2021-11-29 23:17:36.587  INFO 6224 --- [ol-13-thread-19] tourGuide.service.RewardsService         : ** Processing to get reward points
2021-11-29 23:17:36.590  INFO 6224 --- [l-13-thread-185] tourGuide.service.RewardsService         : ** Processing to get reward points
2021-11-29 23:17:36.592  INFO 6224 --- [ol-13-thread-63] tourGuide.service.RewardsService         : ** Processing to get reward points
2021-11-29 23:17:36.593  INFO 6224 --- [ol-13-thread-38] tourGuide.service.RewardsService         : ** Processing to get reward points
2021-11-29 23:17:36.594  INFO 6224 --- [l-13-thread-109] tourGuide.service.RewardsService         : ** Processing to get reward points
2021-11-29 23:17:36.598  INFO 6224 --- [ol-13-thread-62] tourGuide.service.RewardsService         : ** Processing to get reward points
2021-11-29 23:17:36.598  INFO 6224 --- [ol-13-thread-83] tourGuide.service.RewardsService         : ** Processing to get reward points
2021-11-29 23:17:36.600  INFO 6224 --- [ol-13-thread-41] tourGuide.service.RewardsService         : ** Processing to get reward points
2021-11-29 23:17:36.601  INFO 6224 --- [ol-13-thread-14] tourGuide.service.RewardsService         : ** Processing to get reward points
2021-11-29 23:17:36.612  INFO 6224 --- [l-13-thread-177] tourGuide.service.RewardsService         : ** Processing to get reward points
2021-11-29 23:17:36.612  INFO 6224 --- [l-13-thread-122] tourGuide.service.RewardsService         : ** Processing to get reward points
2021-11-29 23:17:36.613  INFO 6224 --- [l-13-thread-165] tourGuide.service.RewardsService         : ** Processing to get reward points
2021-11-29 23:17:36.614  INFO 6224 --- [l-13-thread-194] tourGuide.service.RewardsService         : ** Processing to get reward points
2021-11-29 23:17:36.618  INFO 6224 --- [l-13-thread-108] tourGuide.service.RewardsService         : ** Processing to get reward points
2021-11-29 23:17:36.619  INFO 6224 --- [l-13-thread-129] tourGuide.service.RewardsService         : ** Processing to get reward points
2021-11-29 23:17:36.621  INFO 6224 --- [ol-13-thread-54] tourGuide.service.RewardsService         : ** Processing to get reward points
2021-11-29 23:17:36.623  INFO 6224 --- [ol-13-thread-24] tourGuide.service.RewardsService         : ** Processing to get reward points
2021-11-29 23:17:36.624  INFO 6224 --- [l-13-thread-125] tourGuide.service.RewardsService         : ** Processing to get reward points
2021-11-29 23:17:36.629  INFO 6224 --- [ol-13-thread-89] tourGuide.service.RewardsService         : ** Processing to get reward points
2021-11-29 23:17:36.631  INFO 6224 --- [ol-13-thread-90] tourGuide.service.RewardsService         : ** Processing to get reward points
2021-11-29 23:17:36.632  INFO 6224 --- [ol-13-thread-64] tourGuide.service.RewardsService         : ** Processing to get reward points
2021-11-29 23:17:36.632  INFO 6224 --- [l-13-thread-199] tourGuide.service.RewardsService         : ** Processing to get reward points
2021-11-29 23:17:36.633  INFO 6224 --- [l-13-thread-115] tourGuide.service.RewardsService         : ** Processing to get reward points
2021-11-29 23:17:36.635  INFO 6224 --- [ol-13-thread-49] tourGuide.service.RewardsService         : ** Processing to get reward points
2021-11-29 23:17:36.635  INFO 6224 --- [ol-13-thread-18] tourGuide.service.RewardsService         : ** Processing to get reward points
2021-11-29 23:17:36.635  INFO 6224 --- [l-13-thread-198] tourGuide.service.RewardsService         : ** Processing to get reward points
2021-11-29 23:17:36.636  INFO 6224 --- [l-13-thread-131] tourGuide.service.RewardsService         : ** Processing to get reward points
2021-11-29 23:17:36.636  INFO 6224 --- [l-13-thread-132] tourGuide.service.RewardsService         : ** Processing to get reward points
2021-11-29 23:17:36.641  INFO 6224 --- [l-13-thread-139] tourGuide.service.RewardsService         : ** Processing to get reward points
2021-11-29 23:17:36.647  INFO 6224 --- [l-13-thread-127] tourGuide.service.RewardsService         : ** Processing to get reward points
2021-11-29 23:17:36.647  INFO 6224 --- [l-13-thread-104] tourGuide.service.RewardsService         : ** Processing to get reward points
2021-11-29 23:17:36.653  INFO 6224 --- [ol-13-thread-16] tourGuide.service.RewardsService         : ** Processing to get reward points
2021-11-29 23:17:36.653  INFO 6224 --- [ol-13-thread-50] tourGuide.service.RewardsService         : ** Processing to get reward points
2021-11-29 23:17:36.653  INFO 6224 --- [ol-13-thread-21] tourGuide.service.RewardsService         : ** Processing to get reward points
2021-11-29 23:17:36.658  INFO 6224 --- [ol-13-thread-30] tourGuide.service.RewardsService         : ** Processing to get reward points
2021-11-29 23:17:36.661  INFO 6224 --- [l-13-thread-149] tourGuide.service.RewardsService         : ** Processing to get reward points
2021-11-29 23:17:36.663  INFO 6224 --- [ol-13-thread-61] tourGuide.service.RewardsService         : ** Processing to get reward points
2021-11-29 23:17:36.664  INFO 6224 --- [l-13-thread-194] tourGuide.service.RewardsService         : ** Processing to get reward points
2021-11-29 23:17:36.670  INFO 6224 --- [l-13-thread-194] tourGuide.service.RewardsService         : ** Processing to get reward points
2021-11-29 23:17:36.673  INFO 6224 --- [l-13-thread-168] tourGuide.service.RewardsService         : ** Processing to get reward points
2021-11-29 23:17:36.676  INFO 6224 --- [ol-13-thread-32] tourGuide.service.RewardsService         : ** Processing to get reward points
2021-11-29 23:17:36.678  INFO 6224 --- [ol-13-thread-51] tourGuide.service.RewardsService         : ** Processing to get reward points
2021-11-29 23:17:36.679  INFO 6224 --- [ool-13-thread-3] tourGuide.service.RewardsService         : ** Processing to get reward points
2021-11-29 23:17:36.679  INFO 6224 --- [ol-13-thread-97] tourGuide.service.RewardsService         : ** Processing to get reward points
2021-11-29 23:17:36.680  INFO 6224 --- [l-13-thread-105] tourGuide.service.RewardsService         : ** Processing to get reward points
2021-11-29 23:17:36.686  INFO 6224 --- [ol-13-thread-77] tourGuide.service.RewardsService         : ** Processing to get reward points
2021-11-29 23:17:36.686  INFO 6224 --- [l-13-thread-149] tourGuide.service.RewardsService         : ** Processing to get reward points
2021-11-29 23:17:36.690  INFO 6224 --- [l-13-thread-104] tourGuide.service.RewardsService         : ** Processing to get reward points
2021-11-29 23:17:36.691  INFO 6224 --- [l-13-thread-179] tourGuide.service.RewardsService         : ** Processing to get reward points
2021-11-29 23:17:36.691  INFO 6224 --- [l-13-thread-172] tourGuide.service.RewardsService         : ** Processing to get reward points
2021-11-29 23:17:36.703  INFO 6224 --- [ool-13-thread-9] tourGuide.service.RewardsService         : ** Processing to get reward points
2021-11-29 23:17:36.707  INFO 6224 --- [l-13-thread-122] tourGuide.service.RewardsService         : ** Processing to get reward points
2021-11-29 23:17:36.707  INFO 6224 --- [ol-13-thread-28] tourGuide.service.RewardsService         : ** Processing to get reward points
2021-11-29 23:17:36.712  INFO 6224 --- [l-13-thread-134] tourGuide.service.RewardsService         : ** Processing to get reward points
2021-11-29 23:17:36.713  INFO 6224 --- [l-13-thread-103] tourGuide.service.RewardsService         : ** Processing to get reward points
2021-11-29 23:17:36.713  INFO 6224 --- [ol-13-thread-71] tourGuide.service.RewardsService         : ** Processing to get reward points
2021-11-29 23:17:36.717  INFO 6224 --- [ol-13-thread-21] tourGuide.service.RewardsService         : ** Processing to get reward points
2021-11-29 23:17:36.725  INFO 6224 --- [ol-13-thread-59] tourGuide.service.RewardsService         : ** Processing to get reward points
2021-11-29 23:17:36.727  INFO 6224 --- [ol-13-thread-29] tourGuide.service.RewardsService         : ** Processing to get reward points
2021-11-29 23:17:36.730  INFO 6224 --- [l-13-thread-187] tourGuide.service.RewardsService         : ** Processing to get reward points
2021-11-29 23:17:36.730  INFO 6224 --- [l-13-thread-166] tourGuide.service.RewardsService         : ** Processing to get reward points
2021-11-29 23:17:36.732  INFO 6224 --- [l-13-thread-183] tourGuide.service.RewardsService         : ** Processing to get reward points
2021-11-29 23:17:36.736  INFO 6224 --- [ol-13-thread-95] tourGuide.service.RewardsService         : ** Processing to get reward points
2021-11-29 23:17:36.740  INFO 6224 --- [l-13-thread-156] tourGuide.service.RewardsService         : ** Processing to get reward points
2021-11-29 23:17:36.748  INFO 6224 --- [ol-13-thread-72] tourGuide.service.RewardsService         : ** Processing to get reward points
2021-11-29 23:17:36.756  INFO 6224 --- [l-13-thread-118] tourGuide.service.RewardsService         : ** Processing to get reward points
2021-11-29 23:17:36.762  INFO 6224 --- [ol-13-thread-21] tourGuide.service.RewardsService         : ** Processing to get reward points
2021-11-29 23:17:36.762  INFO 6224 --- [l-13-thread-150] tourGuide.service.RewardsService         : ** Processing to get reward points
2021-11-29 23:17:36.768  INFO 6224 --- [ol-13-thread-74] tourGuide.service.RewardsService         : ** Processing to get reward points
2021-11-29 23:17:36.768  INFO 6224 --- [l-13-thread-198] tourGuide.service.RewardsService         : ** Processing to get reward points
2021-11-29 23:17:36.769  INFO 6224 --- [l-13-thread-147] tourGuide.service.RewardsService         : ** Processing to get reward points
2021-11-29 23:17:36.770  INFO 6224 --- [ol-13-thread-34] tourGuide.service.RewardsService         : ** Processing to get reward points
2021-11-29 23:17:36.774  INFO 6224 --- [ol-13-thread-10] tourGuide.service.RewardsService         : ** Processing to get reward points
2021-11-29 23:17:36.774  INFO 6224 --- [l-13-thread-113] tourGuide.service.RewardsService         : ** Processing to get reward points
2021-11-29 23:17:36.780  INFO 6224 --- [ol-13-thread-78] tourGuide.service.RewardsService         : ** Processing to get reward points
2021-11-29 23:17:36.785  INFO 6224 --- [l-13-thread-171] tourGuide.service.RewardsService         : ** Processing to get reward points
2021-11-29 23:17:36.788  INFO 6224 --- [l-13-thread-158] tourGuide.service.RewardsService         : ** Processing to get reward points
2021-11-29 23:17:36.788  INFO 6224 --- [l-13-thread-137] tourGuide.service.RewardsService         : ** Processing to get reward points
2021-11-29 23:17:36.790  INFO 6224 --- [ol-13-thread-53] tourGuide.service.RewardsService         : ** Processing to get reward points
2021-11-29 23:17:36.792  INFO 6224 --- [l-13-thread-117] tourGuide.service.RewardsService         : ** Processing to get reward points
2021-11-29 23:17:36.797  INFO 6224 --- [l-13-thread-136] tourGuide.service.RewardsService         : ** Processing to get reward points
2021-11-29 23:17:36.801  INFO 6224 --- [ol-13-thread-46] tourGuide.service.RewardsService         : ** Processing to get reward points
2021-11-29 23:17:36.804  INFO 6224 --- [l-13-thread-197] tourGuide.service.RewardsService         : ** Processing to get reward points
2021-11-29 23:17:36.809  INFO 6224 --- [l-13-thread-132] tourGuide.service.RewardsService         : ** Processing to get reward points
2021-11-29 23:17:36.810  INFO 6224 --- [l-13-thread-165] tourGuide.service.RewardsService         : ** Processing to get reward points
2021-11-29 23:17:36.812  INFO 6224 --- [l-13-thread-123] tourGuide.service.RewardsService         : ** Processing to get reward points
2021-11-29 23:17:36.814  INFO 6224 --- [ol-13-thread-98] tourGuide.service.RewardsService         : ** Processing to get reward points
2021-11-29 23:17:36.814  INFO 6224 --- [ol-13-thread-99] tourGuide.service.RewardsService         : ** Processing to get reward points
2021-11-29 23:17:36.815  INFO 6224 --- [l-13-thread-169] tourGuide.service.RewardsService         : ** Processing to get reward points
2021-11-29 23:17:36.818  INFO 6224 --- [l-13-thread-192] tourGuide.service.RewardsService         : ** Processing to get reward points
2021-11-29 23:17:36.818  INFO 6224 --- [ol-13-thread-11] tourGuide.service.RewardsService         : ** Processing to get reward points
2021-11-29 23:17:36.826  INFO 6224 --- [ol-13-thread-67] tourGuide.service.RewardsService         : ** Processing to get reward points
2021-11-29 23:17:36.826  INFO 6224 --- [l-13-thread-175] tourGuide.service.RewardsService         : ** Processing to get reward points
2021-11-29 23:17:36.831  INFO 6224 --- [l-13-thread-164] tourGuide.service.RewardsService         : ** Processing to get reward points
2021-11-29 23:17:36.835  INFO 6224 --- [ol-13-thread-88] tourGuide.service.RewardsService         : ** Processing to get reward points
2021-11-29 23:17:36.835  INFO 6224 --- [l-13-thread-173] tourGuide.service.RewardsService         : ** Processing to get reward points
2021-11-29 23:17:36.840  INFO 6224 --- [l-13-thread-139] tourGuide.service.RewardsService         : ** Processing to get reward points
2021-11-29 23:17:36.841  INFO 6224 --- [ool-13-thread-1] tourGuide.service.RewardsService         : ** Processing to get reward points
2021-11-29 23:17:36.841  INFO 6224 --- [ol-13-thread-50] tourGuide.service.RewardsService         : ** Processing to get reward points
2021-11-29 23:17:36.844  INFO 6224 --- [ol-13-thread-44] tourGuide.service.RewardsService         : ** Processing to get reward points
2021-11-29 23:17:36.848  INFO 6224 --- [ol-13-thread-70] tourGuide.service.RewardsService         : ** Processing to get reward points
2021-11-29 23:17:36.851  INFO 6224 --- [l-13-thread-191] tourGuide.service.RewardsService         : ** Processing to get reward points
2021-11-29 23:17:36.860  INFO 6224 --- [ol-13-thread-12] tourGuide.service.RewardsService         : ** Processing to get reward points
2021-11-29 23:17:36.860  INFO 6224 --- [l-13-thread-119] tourGuide.service.RewardsService         : ** Processing to get reward points
2021-11-29 23:17:36.862  INFO 6224 --- [ol-13-thread-29] tourGuide.service.RewardsService         : ** Processing to get reward points
2021-11-29 23:17:36.864  INFO 6224 --- [l-13-thread-100] tourGuide.service.RewardsService         : ** Processing to get reward points
2021-11-29 23:17:36.864  INFO 6224 --- [l-13-thread-153] tourGuide.service.RewardsService         : ** Processing to get reward points
2021-11-29 23:17:36.865  INFO 6224 --- [l-13-thread-193] tourGuide.service.RewardsService         : ** Processing to get reward points
2021-11-29 23:17:36.865  INFO 6224 --- [l-13-thread-137] tourGuide.service.RewardsService         : ** Processing to get reward points
2021-11-29 23:17:36.876  INFO 6224 --- [ol-13-thread-89] tourGuide.service.RewardsService         : ** Processing to get reward points
2021-11-29 23:17:36.877  INFO 6224 --- [l-13-thread-160] tourGuide.service.RewardsService         : ** Processing to get reward points
2021-11-29 23:17:36.879  INFO 6224 --- [ol-13-thread-57] tourGuide.service.RewardsService         : ** Processing to get reward points
2021-11-29 23:17:36.887  INFO 6224 --- [l-13-thread-144] tourGuide.service.RewardsService         : ** Processing to get reward points
2021-11-29 23:17:36.890  INFO 6224 --- [l-13-thread-142] tourGuide.service.RewardsService         : ** Processing to get reward points
2021-11-29 23:17:36.891  INFO 6224 --- [ol-13-thread-72] tourGuide.service.RewardsService         : ** Processing to get reward points
2021-11-29 23:17:36.895  INFO 6224 --- [ol-13-thread-93] tourGuide.service.RewardsService         : ** Processing to get reward points
2021-11-29 23:17:36.898  INFO 6224 --- [ol-13-thread-66] tourGuide.service.RewardsService         : ** Processing to get reward points
2021-11-29 23:17:36.902  INFO 6224 --- [l-13-thread-133] tourGuide.service.RewardsService         : ** Processing to get reward points
2021-11-29 23:17:36.902  INFO 6224 --- [l-13-thread-172] tourGuide.service.RewardsService         : ** Processing to get reward points
2021-11-29 23:17:36.903  INFO 6224 --- [ol-13-thread-99] tourGuide.service.RewardsService         : ** Processing to get reward points
2021-11-29 23:17:36.906  INFO 6224 --- [ol-13-thread-47] tourGuide.service.RewardsService         : ** Processing to get reward points
2021-11-29 23:17:36.906  INFO 6224 --- [l-13-thread-104] tourGuide.service.RewardsService         : ** Processing to get reward points
2021-11-29 23:17:36.908  INFO 6224 --- [ol-13-thread-73] tourGuide.service.RewardsService         : ** Processing to get reward points
2021-11-29 23:17:36.909  INFO 6224 --- [ol-13-thread-90] tourGuide.service.RewardsService         : ** Processing to get reward points
2021-11-29 23:17:36.917  INFO 6224 --- [ol-13-thread-74] tourGuide.service.RewardsService         : ** Processing to get reward points
2021-11-29 23:17:36.918  INFO 6224 --- [l-13-thread-158] tourGuide.service.RewardsService         : ** Processing to get reward points
2021-11-29 23:17:36.920  INFO 6224 --- [l-13-thread-195] tourGuide.service.RewardsService         : ** Processing to get reward points
2021-11-29 23:17:36.929  INFO 6224 --- [ol-13-thread-92] tourGuide.service.RewardsService         : ** Processing to get reward points
2021-11-29 23:17:36.930  INFO 6224 --- [ol-13-thread-91] tourGuide.service.RewardsService         : ** Processing to get reward points
2021-11-29 23:17:36.930  INFO 6224 --- [ol-13-thread-56] tourGuide.service.RewardsService         : ** Processing to get reward points
2021-11-29 23:17:36.930  INFO 6224 --- [l-13-thread-114] tourGuide.service.RewardsService         : ** Processing to get reward points
2021-11-29 23:17:36.931  INFO 6224 --- [ol-13-thread-65] tourGuide.service.RewardsService         : ** Processing to get reward points
2021-11-29 23:17:36.938  INFO 6224 --- [l-13-thread-103] tourGuide.service.RewardsService         : ** Processing to get reward points
2021-11-29 23:17:36.945  INFO 6224 --- [ool-13-thread-1] tourGuide.service.RewardsService         : ** Processing to get reward points
2021-11-29 23:17:36.947  INFO 6224 --- [ol-13-thread-74] tourGuide.service.RewardsService         : ** Processing to get reward points
2021-11-29 23:17:36.953  INFO 6224 --- [l-13-thread-146] tourGuide.service.RewardsService         : ** Processing to get reward points
2021-11-29 23:17:36.953  INFO 6224 --- [l-13-thread-199] tourGuide.service.RewardsService         : ** Processing to get reward points
2021-11-29 23:17:36.954  INFO 6224 --- [ol-13-thread-13] tourGuide.service.RewardsService         : ** Processing to get reward points
2021-11-29 23:17:36.955  INFO 6224 --- [ol-13-thread-20] tourGuide.service.RewardsService         : ** Processing to get reward points
2021-11-29 23:17:36.960  INFO 6224 --- [ol-13-thread-83] tourGuide.service.RewardsService         : ** Processing to get reward points
2021-11-29 23:17:36.970  INFO 6224 --- [ol-13-thread-48] tourGuide.service.RewardsService         : ** Processing to get reward points
2021-11-29 23:17:36.973  INFO 6224 --- [ol-13-thread-18] tourGuide.service.RewardsService         : ** Processing to get reward points
2021-11-29 23:17:36.975  INFO 6224 --- [ol-13-thread-15] tourGuide.service.RewardsService         : ** Processing to get reward points
2021-11-29 23:17:36.976  INFO 6224 --- [ool-13-thread-2] tourGuide.service.RewardsService         : ** Processing to get reward points
2021-11-29 23:17:36.980  INFO 6224 --- [ol-13-thread-35] tourGuide.service.RewardsService         : ** Processing to get reward points
2021-11-29 23:17:36.982  INFO 6224 --- [l-13-thread-143] tourGuide.service.RewardsService         : ** Processing to get reward points
2021-11-29 23:17:36.985  INFO 6224 --- [l-13-thread-145] tourGuide.service.RewardsService         : ** Processing to get reward points
2021-11-29 23:17:36.985  INFO 6224 --- [l-13-thread-167] tourGuide.service.RewardsService         : ** Processing to get reward points
2021-11-29 23:17:36.986  INFO 6224 --- [l-13-thread-126] tourGuide.service.RewardsService         : ** Processing to get reward points
2021-11-29 23:17:36.989  INFO 6224 --- [l-13-thread-165] tourGuide.service.RewardsService         : ** Processing to get reward points
2021-11-29 23:17:36.992  INFO 6224 --- [ol-13-thread-41] tourGuide.service.RewardsService         : ** Processing to get reward points
2021-11-29 23:17:36.998  INFO 6224 --- [l-13-thread-154] tourGuide.service.RewardsService         : ** Processing to get reward points
2021-11-29 23:17:37.006  INFO 6224 --- [l-13-thread-114] tourGuide.service.RewardsService         : ** Processing to get reward points
2021-11-29 23:17:37.006  INFO 6224 --- [ol-13-thread-85] tourGuide.service.RewardsService         : ** Processing to get reward points
2021-11-29 23:17:37.007  INFO 6224 --- [l-13-thread-141] tourGuide.service.RewardsService         : ** Processing to get reward points
2021-11-29 23:17:37.008  INFO 6224 --- [ol-13-thread-22] tourGuide.service.RewardsService         : ** Processing to get reward points
2021-11-29 23:17:37.011  INFO 6224 --- [l-13-thread-100] tourGuide.service.RewardsService         : ** Processing to get reward points
2021-11-29 23:17:37.012  INFO 6224 --- [ol-13-thread-95] tourGuide.service.RewardsService         : ** Processing to get reward points
2021-11-29 23:17:37.017  INFO 6224 --- [l-13-thread-104] tourGuide.service.RewardsService         : ** Processing to get reward points
2021-11-29 23:17:37.017  INFO 6224 --- [ol-13-thread-67] tourGuide.service.RewardsService         : ** Processing to get reward points
2021-11-29 23:17:37.019  INFO 6224 --- [ool-13-thread-4] tourGuide.service.RewardsService         : ** Processing to get reward points
2021-11-29 23:17:37.022  INFO 6224 --- [l-13-thread-130] tourGuide.service.RewardsService         : ** Processing to get reward points
2021-11-29 23:17:37.025  INFO 6224 --- [ol-13-thread-22] tourGuide.service.RewardsService         : ** Processing to get reward points
2021-11-29 23:17:37.025  INFO 6224 --- [l-13-thread-111] tourGuide.service.RewardsService         : ** Processing to get reward points
2021-11-29 23:17:37.025  INFO 6224 --- [ol-13-thread-83] tourGuide.service.RewardsService         : ** Processing to get reward points
2021-11-29 23:17:37.026  INFO 6224 --- [ol-13-thread-55] tourGuide.service.RewardsService         : ** Processing to get reward points
2021-11-29 23:17:37.029  INFO 6224 --- [ol-13-thread-60] tourGuide.service.RewardsService         : ** Processing to get reward points
2021-11-29 23:17:37.031  INFO 6224 --- [ol-13-thread-39] tourGuide.service.RewardsService         : ** Processing to get reward points
2021-11-29 23:17:37.034  INFO 6224 --- [ol-13-thread-68] tourGuide.service.RewardsService         : ** Processing to get reward points
2021-11-29 23:17:37.036  INFO 6224 --- [l-13-thread-161] tourGuide.service.RewardsService         : ** Processing to get reward points
2021-11-29 23:17:37.038  INFO 6224 --- [l-13-thread-111] tourGuide.service.RewardsService         : ** Processing to get reward points
2021-11-29 23:17:37.040  INFO 6224 --- [l-13-thread-112] tourGuide.service.RewardsService         : ** Processing to get reward points
2021-11-29 23:17:37.041  INFO 6224 --- [l-13-thread-163] tourGuide.service.RewardsService         : ** Processing to get reward points
2021-11-29 23:17:37.041  INFO 6224 --- [l-13-thread-168] tourGuide.service.RewardsService         : ** Processing to get reward points
2021-11-29 23:17:37.044  INFO 6224 --- [l-13-thread-176] tourGuide.service.RewardsService         : ** Processing to get reward points
2021-11-29 23:17:37.044  INFO 6224 --- [ol-13-thread-77] tourGuide.service.RewardsService         : ** Processing to get reward points
2021-11-29 23:17:37.045  INFO 6224 --- [ol-13-thread-94] tourGuide.service.RewardsService         : ** Processing to get reward points
2021-11-29 23:17:37.045  INFO 6224 --- [ol-13-thread-72] tourGuide.service.RewardsService         : ** Processing to get reward points
2021-11-29 23:17:37.046  INFO 6224 --- [l-13-thread-103] tourGuide.service.RewardsService         : ** Processing to get reward points
2021-11-29 23:17:37.047  INFO 6224 --- [l-13-thread-170] tourGuide.service.RewardsService         : ** Processing to get reward points
2021-11-29 23:17:37.049  INFO 6224 --- [l-13-thread-151] tourGuide.service.RewardsService         : ** Processing to get reward points
2021-11-29 23:17:37.051  INFO 6224 --- [l-13-thread-157] tourGuide.service.RewardsService         : ** Processing to get reward points
2021-11-29 23:17:37.053  INFO 6224 --- [l-13-thread-182] tourGuide.service.RewardsService         : ** Processing to get reward points
2021-11-29 23:17:37.056  INFO 6224 --- [ol-13-thread-76] tourGuide.service.RewardsService         : ** Processing to get reward points
2021-11-29 23:17:37.057  INFO 6224 --- [l-13-thread-198] tourGuide.service.RewardsService         : ** Processing to get reward points
2021-11-29 23:17:37.058  INFO 6224 --- [ol-13-thread-56] tourGuide.service.RewardsService         : ** Processing to get reward points
2021-11-29 23:17:37.063  INFO 6224 --- [l-13-thread-155] tourGuide.service.RewardsService         : ** Processing to get reward points
2021-11-29 23:17:37.065  INFO 6224 --- [l-13-thread-146] tourGuide.service.RewardsService         : ** Processing to get reward points
2021-11-29 23:17:37.071  INFO 6224 --- [ol-13-thread-33] tourGuide.service.RewardsService         : ** Processing to get reward points
2021-11-29 23:17:37.074  INFO 6224 --- [l-13-thread-136] tourGuide.service.RewardsService         : ** Processing to get reward points
2021-11-29 23:17:37.085  INFO 6224 --- [ol-13-thread-37] tourGuide.service.RewardsService         : ** Processing to get reward points
2021-11-29 23:17:37.086  INFO 6224 --- [ol-13-thread-69] tourGuide.service.RewardsService         : ** Processing to get reward points
2021-11-29 23:17:37.087  INFO 6224 --- [l-13-thread-189] tourGuide.service.RewardsService         : ** Processing to get reward points
2021-11-29 23:17:37.088  INFO 6224 --- [ol-13-thread-71] tourGuide.service.RewardsService         : ** Processing to get reward points
2021-11-29 23:17:37.089  INFO 6224 --- [ol-13-thread-45] tourGuide.service.RewardsService         : ** Processing to get reward points
2021-11-29 23:17:37.093  INFO 6224 --- [ol-13-thread-26] tourGuide.service.RewardsService         : ** Processing to get reward points
2021-11-29 23:17:37.093  INFO 6224 --- [l-13-thread-183] tourGuide.service.RewardsService         : ** Processing to get reward points
2021-11-29 23:17:37.094  INFO 6224 --- [l-13-thread-179] tourGuide.service.RewardsService         : ** Processing to get reward points
2021-11-29 23:17:37.097  INFO 6224 --- [l-13-thread-123] tourGuide.service.RewardsService         : ** Processing to get reward points
2021-11-29 23:17:37.097  INFO 6224 --- [l-13-thread-196] tourGuide.service.RewardsService         : ** Processing to get reward points
2021-11-29 23:17:37.100  INFO 6224 --- [ool-13-thread-8] tourGuide.service.RewardsService         : ** Processing to get reward points
2021-11-29 23:17:37.103  INFO 6224 --- [ol-13-thread-86] tourGuide.service.RewardsService         : ** Processing to get reward points
2021-11-29 23:17:37.107  INFO 6224 --- [l-13-thread-195] tourGuide.service.RewardsService         : ** Processing to get reward points
2021-11-29 23:17:37.107  INFO 6224 --- [l-13-thread-161] tourGuide.service.RewardsService         : ** Processing to get reward points
2021-11-29 23:17:37.110  INFO 6224 --- [ol-13-thread-60] tourGuide.service.RewardsService         : ** Processing to get reward points
2021-11-29 23:17:37.119  INFO 6224 --- [l-13-thread-150] tourGuide.service.RewardsService         : ** Processing to get reward points
2021-11-29 23:17:37.122  INFO 6224 --- [l-13-thread-116] tourGuide.service.RewardsService         : ** Processing to get reward points
2021-11-29 23:17:37.124  INFO 6224 --- [ol-13-thread-52] tourGuide.service.RewardsService         : ** Processing to get reward points
2021-11-29 23:17:37.125  INFO 6224 --- [ol-13-thread-79] tourGuide.service.RewardsService         : ** Processing to get reward points
2021-11-29 23:17:37.130  INFO 6224 --- [ol-13-thread-23] tourGuide.service.RewardsService         : ** Processing to get reward points
2021-11-29 23:17:37.133  INFO 6224 --- [ol-13-thread-13] tourGuide.service.RewardsService         : ** Processing to get reward points
2021-11-29 23:17:37.136  INFO 6224 --- [ol-13-thread-27] tourGuide.service.RewardsService         : ** Processing to get reward points
2021-11-29 23:17:37.136  INFO 6224 --- [l-13-thread-151] tourGuide.service.RewardsService         : ** Processing to get reward points
2021-11-29 23:17:37.136  INFO 6224 --- [l-13-thread-179] tourGuide.service.RewardsService         : ** Processing to get reward points
2021-11-29 23:17:37.137  INFO 6224 --- [l-13-thread-186] tourGuide.service.RewardsService         : ** Processing to get reward points
2021-11-29 23:17:37.143  INFO 6224 --- [l-13-thread-191] tourGuide.service.RewardsService         : ** Processing to get reward points
2021-11-29 23:17:37.143  INFO 6224 --- [l-13-thread-140] tourGuide.service.RewardsService         : ** Processing to get reward points
2021-11-29 23:17:37.143  INFO 6224 --- [ol-13-thread-17] tourGuide.service.RewardsService         : ** Processing to get reward points
2021-11-29 23:17:37.148  INFO 6224 --- [l-13-thread-186] tourGuide.service.RewardsService         : ** Processing to get reward points
2021-11-29 23:17:37.148  INFO 6224 --- [l-13-thread-115] tourGuide.service.RewardsService         : ** Processing to get reward points
2021-11-29 23:17:37.149  INFO 6224 --- [l-13-thread-162] tourGuide.service.RewardsService         : ** Processing to get reward points
2021-11-29 23:17:37.149  INFO 6224 --- [l-13-thread-174] tourGuide.service.RewardsService         : ** Processing to get reward points
2021-11-29 23:17:37.152  INFO 6224 --- [l-13-thread-163] tourGuide.service.RewardsService         : ** Processing to get reward points
2021-11-29 23:17:37.153  INFO 6224 --- [ol-13-thread-31] tourGuide.service.RewardsService         : ** Processing to get reward points
2021-11-29 23:17:37.158  INFO 6224 --- [l-13-thread-135] tourGuide.service.RewardsService         : ** Processing to get reward points
2021-11-29 23:17:37.163  INFO 6224 --- [l-13-thread-178] tourGuide.service.RewardsService         : ** Processing to get reward points
2021-11-29 23:17:37.165  INFO 6224 --- [ol-13-thread-59] tourGuide.service.RewardsService         : ** Processing to get reward points
2021-11-29 23:17:37.166  INFO 6224 --- [l-13-thread-120] tourGuide.service.RewardsService         : ** Processing to get reward points
2021-11-29 23:17:37.166  INFO 6224 --- [ol-13-thread-90] tourGuide.service.RewardsService         : ** Processing to get reward points
2021-11-29 23:17:37.170  INFO 6224 --- [ol-13-thread-23] tourGuide.service.RewardsService         : ** Processing to get reward points
2021-11-29 23:17:37.171  INFO 6224 --- [l-13-thread-121] tourGuide.service.RewardsService         : ** Processing to get reward points
2021-11-29 23:17:37.176  INFO 6224 --- [l-13-thread-102] tourGuide.service.RewardsService         : ** Processing to get reward points
2021-11-29 23:17:37.176  INFO 6224 --- [ol-13-thread-33] tourGuide.service.RewardsService         : ** Processing to get reward points
2021-11-29 23:17:37.177  INFO 6224 --- [l-13-thread-103] tourGuide.service.RewardsService         : ** Processing to get reward points
2021-11-29 23:17:37.181  INFO 6224 --- [l-13-thread-187] tourGuide.service.RewardsService         : ** Processing to get reward points
2021-11-29 23:17:37.186  INFO 6224 --- [l-13-thread-101] tourGuide.service.RewardsService         : ** Processing to get reward points
2021-11-29 23:17:37.186  INFO 6224 --- [ool-13-thread-4] tourGuide.service.RewardsService         : ** Processing to get reward points
2021-11-29 23:17:37.198  INFO 6224 --- [ol-13-thread-10] tourGuide.service.RewardsService         : ** Processing to get reward points
2021-11-29 23:17:37.203  INFO 6224 --- [l-13-thread-138] tourGuide.service.RewardsService         : ** Processing to get reward points
2021-11-29 23:17:37.212  INFO 6224 --- [ol-13-thread-94] tourGuide.service.RewardsService         : ** Processing to get reward points
2021-11-29 23:17:37.212  INFO 6224 --- [ol-13-thread-29] tourGuide.service.RewardsService         : ** Processing to get reward points
2021-11-29 23:17:37.214  INFO 6224 --- [l-13-thread-131] tourGuide.service.RewardsService         : ** Processing to get reward points
2021-11-29 23:17:37.218  INFO 6224 --- [ol-13-thread-56] tourGuide.service.RewardsService         : ** Processing to get reward points
2021-11-29 23:17:37.223  INFO 6224 --- [l-13-thread-110] tourGuide.service.RewardsService         : ** Processing to get reward points
2021-11-29 23:17:37.225  INFO 6224 --- [l-13-thread-119] tourGuide.service.RewardsService         : ** Processing to get reward points
2021-11-29 23:17:37.225  INFO 6224 --- [ool-13-thread-3] tourGuide.service.RewardsService         : ** Processing to get reward points
2021-11-29 23:17:37.225  INFO 6224 --- [ol-13-thread-29] tourGuide.service.RewardsService         : ** Processing to get reward points
2021-11-29 23:17:37.231  INFO 6224 --- [l-13-thread-190] tourGuide.service.RewardsService         : ** Processing to get reward points
2021-11-29 23:17:37.231  INFO 6224 --- [l-13-thread-150] tourGuide.service.RewardsService         : ** Processing to get reward points
2021-11-29 23:17:37.232  INFO 6224 --- [ol-13-thread-78] tourGuide.service.RewardsService         : ** Processing to get reward points
2021-11-29 23:17:37.234  INFO 6224 --- [ol-13-thread-81] tourGuide.service.RewardsService         : ** Processing to get reward points
2021-11-29 23:17:37.234  INFO 6224 --- [l-13-thread-194] tourGuide.service.RewardsService         : ** Processing to get reward points
2021-11-29 23:17:37.237  INFO 6224 --- [ol-13-thread-25] tourGuide.service.RewardsService         : ** Processing to get reward points
2021-11-29 23:17:37.238  INFO 6224 --- [l-13-thread-106] tourGuide.service.RewardsService         : ** Processing to get reward points
2021-11-29 23:17:37.239  INFO 6224 --- [ol-13-thread-30] tourGuide.service.RewardsService         : ** Processing to get reward points
2021-11-29 23:17:37.245  INFO 6224 --- [ol-13-thread-58] tourGuide.service.RewardsService         : ** Processing to get reward points
2021-11-29 23:17:37.245  INFO 6224 --- [ol-13-thread-80] tourGuide.service.RewardsService         : ** Processing to get reward points
2021-11-29 23:17:37.247  INFO 6224 --- [l-13-thread-152] tourGuide.service.RewardsService         : ** Processing to get reward points
2021-11-29 23:17:37.247  INFO 6224 --- [ool-13-thread-7] tourGuide.service.RewardsService         : ** Processing to get reward points
2021-11-29 23:17:37.251  INFO 6224 --- [ol-13-thread-16] tourGuide.service.RewardsService         : ** Processing to get reward points
2021-11-29 23:17:37.253  INFO 6224 --- [ol-13-thread-58] tourGuide.service.RewardsService         : ** Processing to get reward points
2021-11-29 23:17:37.258  INFO 6224 --- [l-13-thread-102] tourGuide.service.RewardsService         : ** Processing to get reward points
2021-11-29 23:17:37.259  INFO 6224 --- [ol-13-thread-81] tourGuide.service.RewardsService         : ** Processing to get reward points
2021-11-29 23:17:37.260  INFO 6224 --- [ool-13-thread-6] tourGuide.service.RewardsService         : ** Processing to get reward points
2021-11-29 23:17:37.263  INFO 6224 --- [ool-13-thread-8] tourGuide.service.RewardsService         : ** Processing to get reward points
2021-11-29 23:17:37.263  INFO 6224 --- [ol-13-thread-36] tourGuide.service.RewardsService         : ** Processing to get reward points
2021-11-29 23:17:37.268  INFO 6224 --- [l-13-thread-159] tourGuide.service.RewardsService         : ** Processing to get reward points
2021-11-29 23:17:37.273  INFO 6224 --- [l-13-thread-115] tourGuide.service.RewardsService         : ** Processing to get reward points
2021-11-29 23:17:37.273  INFO 6224 --- [l-13-thread-158] tourGuide.service.RewardsService         : ** Processing to get reward points
2021-11-29 23:17:37.276  INFO 6224 --- [ol-13-thread-53] tourGuide.service.RewardsService         : ** Processing to get reward points
2021-11-29 23:17:37.277  INFO 6224 --- [ol-13-thread-40] tourGuide.service.RewardsService         : ** Processing to get reward points
2021-11-29 23:17:37.277  INFO 6224 --- [l-13-thread-107] tourGuide.service.RewardsService         : ** Processing to get reward points
2021-11-29 23:17:37.278  INFO 6224 --- [l-13-thread-110] tourGuide.service.RewardsService         : ** Processing to get reward points
2021-11-29 23:17:37.280  INFO 6224 --- [l-13-thread-116] tourGuide.service.RewardsService         : ** Processing to get reward points
2021-11-29 23:17:37.280  INFO 6224 --- [l-13-thread-120] tourGuide.service.RewardsService         : ** Processing to get reward points
2021-11-29 23:17:37.281  INFO 6224 --- [ol-13-thread-61] tourGuide.service.RewardsService         : ** Processing to get reward points
2021-11-29 23:17:37.282  INFO 6224 --- [l-13-thread-200] tourGuide.service.RewardsService         : ** Processing to get reward points
2021-11-29 23:17:37.283  INFO 6224 --- [ol-13-thread-69] tourGuide.service.RewardsService         : ** Processing to get reward points
2021-11-29 23:17:37.283  INFO 6224 --- [ol-13-thread-84] tourGuide.service.RewardsService         : ** Processing to get reward points
2021-11-29 23:17:37.286  INFO 6224 --- [ol-13-thread-25] tourGuide.service.RewardsService         : ** Processing to get reward points
2021-11-29 23:17:37.286  INFO 6224 --- [l-13-thread-110] tourGuide.service.RewardsService         : ** Processing to get reward points
2021-11-29 23:17:37.288  INFO 6224 --- [l-13-thread-176] tourGuide.service.RewardsService         : ** Processing to get reward points
2021-11-29 23:17:37.300  INFO 6224 --- [ool-13-thread-1] tourGuide.service.RewardsService         : ** Processing to get reward points
2021-11-29 23:17:37.303  INFO 6224 --- [ol-13-thread-54] tourGuide.service.RewardsService         : ** Processing to get reward points
2021-11-29 23:17:37.306  INFO 6224 --- [l-13-thread-168] tourGuide.service.RewardsService         : ** Processing to get reward points
2021-11-29 23:17:37.308  INFO 6224 --- [ol-13-thread-67] tourGuide.service.RewardsService         : ** Processing to get reward points
2021-11-29 23:17:37.313  INFO 6224 --- [ol-13-thread-21] tourGuide.service.RewardsService         : ** Processing to get reward points
2021-11-29 23:17:37.314  INFO 6224 --- [l-13-thread-137] tourGuide.service.RewardsService         : ** Processing to get reward points
2021-11-29 23:17:37.319  INFO 6224 --- [ol-13-thread-34] tourGuide.service.RewardsService         : ** Processing to get reward points
2021-11-29 23:17:37.319  INFO 6224 --- [ol-13-thread-39] tourGuide.service.RewardsService         : ** Processing to get reward points
2021-11-29 23:17:37.321  INFO 6224 --- [l-13-thread-184] tourGuide.service.RewardsService         : ** Processing to get reward points
2021-11-29 23:17:37.325  INFO 6224 --- [ol-13-thread-43] tourGuide.service.RewardsService         : ** Processing to get reward points
2021-11-29 23:17:37.351  INFO 6224 --- [l-13-thread-163] tourGuide.service.RewardsService         : ** Processing to get reward points
2021-11-29 23:17:37.351  INFO 6224 --- [ol-13-thread-65] tourGuide.service.RewardsService         : ** Processing to get reward points
2021-11-29 23:17:37.351  INFO 6224 --- [l-13-thread-175] tourGuide.service.RewardsService         : ** Processing to get reward points
2021-11-29 23:17:37.352  INFO 6224 --- [l-13-thread-146] tourGuide.service.RewardsService         : ** Processing to get reward points
2021-11-29 23:17:37.354  INFO 6224 --- [l-13-thread-166] tourGuide.service.RewardsService         : ** Processing to get reward points
2021-11-29 23:17:37.354  INFO 6224 --- [l-13-thread-139] tourGuide.service.RewardsService         : ** Processing to get reward points
2021-11-29 23:17:37.358  INFO 6224 --- [ol-13-thread-13] tourGuide.service.RewardsService         : ** Processing to get reward points
2021-11-29 23:17:37.358  INFO 6224 --- [l-13-thread-156] tourGuide.service.RewardsService         : ** Processing to get reward points
2021-11-29 23:17:37.358  INFO 6224 --- [ool-13-thread-5] tourGuide.service.RewardsService         : ** Processing to get reward points
2021-11-29 23:17:37.361  INFO 6224 --- [l-13-thread-125] tourGuide.service.RewardsService         : ** Processing to get reward points
2021-11-29 23:17:37.361  INFO 6224 --- [l-13-thread-141] tourGuide.service.RewardsService         : ** Processing to get reward points
2021-11-29 23:17:37.362  INFO 6224 --- [ol-13-thread-96] tourGuide.service.RewardsService         : ** Processing to get reward points
2021-11-29 23:17:37.363  INFO 6224 --- [l-13-thread-187] tourGuide.service.RewardsService         : ** Processing to get reward points
2021-11-29 23:17:37.363  INFO 6224 --- [l-13-thread-132] tourGuide.service.RewardsService         : ** Processing to get reward points
2021-11-29 23:17:37.364  INFO 6224 --- [l-13-thread-165] tourGuide.service.RewardsService         : ** Processing to get reward points
2021-11-29 23:17:37.366  INFO 6224 --- [ol-13-thread-98] tourGuide.service.RewardsService         : ** Processing to get reward points
2021-11-29 23:17:37.366  INFO 6224 --- [ol-13-thread-17] tourGuide.service.RewardsService         : ** Processing to get reward points
2021-11-29 23:17:37.368  INFO 6224 --- [l-13-thread-165] tourGuide.service.RewardsService         : ** Processing to get reward points
2021-11-29 23:17:37.373  INFO 6224 --- [ol-13-thread-72] tourGuide.service.RewardsService         : ** Processing to get reward points
2021-11-29 23:17:37.375  INFO 6224 --- [l-13-thread-149] tourGuide.service.RewardsService         : ** Processing to get reward points
2021-11-29 23:17:37.378  INFO 6224 --- [l-13-thread-110] tourGuide.service.RewardsService         : ** Processing to get reward points
2021-11-29 23:17:37.379  INFO 6224 --- [ol-13-thread-60] tourGuide.service.RewardsService         : ** Processing to get reward points
2021-11-29 23:17:37.383  INFO 6224 --- [l-13-thread-147] tourGuide.service.RewardsService         : ** Processing to get reward points
2021-11-29 23:17:37.390  INFO 6224 --- [l-13-thread-134] tourGuide.service.RewardsService         : ** Processing to get reward points
2021-11-29 23:17:37.390  INFO 6224 --- [ol-13-thread-82] tourGuide.service.RewardsService         : ** Processing to get reward points
2021-11-29 23:17:37.394  INFO 6224 --- [l-13-thread-133] tourGuide.service.RewardsService         : ** Processing to get reward points
2021-11-29 23:17:37.398  INFO 6224 --- [l-13-thread-174] tourGuide.service.RewardsService         : ** Processing to get reward points
2021-11-29 23:17:37.399  INFO 6224 --- [ol-13-thread-12] tourGuide.service.RewardsService         : ** Processing to get reward points
2021-11-29 23:17:37.402  INFO 6224 --- [l-13-thread-151] tourGuide.service.RewardsService         : ** Processing to get reward points
2021-11-29 23:17:37.402  INFO 6224 --- [l-13-thread-162] tourGuide.service.RewardsService         : ** Processing to get reward points
2021-11-29 23:17:37.404  INFO 6224 --- [ol-13-thread-35] tourGuide.service.RewardsService         : ** Processing to get reward points
2021-11-29 23:17:37.405  INFO 6224 --- [l-13-thread-110] tourGuide.service.RewardsService         : ** Processing to get reward points
2021-11-29 23:17:37.410  INFO 6224 --- [l-13-thread-148] tourGuide.service.RewardsService         : ** Processing to get reward points
2021-11-29 23:17:37.410  INFO 6224 --- [l-13-thread-164] tourGuide.service.RewardsService         : ** Processing to get reward points
2021-11-29 23:17:37.413  INFO 6224 --- [ol-13-thread-42] tourGuide.service.RewardsService         : ** Processing to get reward points
2021-11-29 23:17:37.414  INFO 6224 --- [l-13-thread-120] tourGuide.service.RewardsService         : ** Processing to get reward points
2021-11-29 23:17:37.418  INFO 6224 --- [l-13-thread-163] tourGuide.service.RewardsService         : ** Processing to get reward points
2021-11-29 23:17:37.419  INFO 6224 --- [l-13-thread-113] tourGuide.service.RewardsService         : ** Processing to get reward points
2021-11-29 23:17:37.425  INFO 6224 --- [l-13-thread-177] tourGuide.service.RewardsService         : ** Processing to get reward points
2021-11-29 23:17:37.425  INFO 6224 --- [ol-13-thread-69] tourGuide.service.RewardsService         : ** Processing to get reward points
2021-11-29 23:17:37.426  INFO 6224 --- [l-13-thread-170] tourGuide.service.RewardsService         : ** Processing to get reward points
2021-11-29 23:17:37.427  INFO 6224 --- [l-13-thread-180] tourGuide.service.RewardsService         : ** Processing to get reward points
2021-11-29 23:17:37.436  INFO 6224 --- [l-13-thread-128] tourGuide.service.RewardsService         : ** Processing to get reward points
2021-11-29 23:17:37.436  INFO 6224 --- [l-13-thread-118] tourGuide.service.RewardsService         : ** Processing to get reward points
2021-11-29 23:17:37.437  INFO 6224 --- [ol-13-thread-92] tourGuide.service.RewardsService         : ** Processing to get reward points
2021-11-29 23:17:37.441  INFO 6224 --- [l-13-thread-184] tourGuide.service.RewardsService         : ** Processing to get reward points
2021-11-29 23:17:37.446  INFO 6224 --- [ol-13-thread-63] tourGuide.service.RewardsService         : ** Processing to get reward points
2021-11-29 23:17:37.448  INFO 6224 --- [l-13-thread-124] tourGuide.service.RewardsService         : ** Processing to get reward points
2021-11-29 23:17:37.449  INFO 6224 --- [ol-13-thread-11] tourGuide.service.RewardsService         : ** Processing to get reward points
2021-11-29 23:17:37.450  INFO 6224 --- [ol-13-thread-75] tourGuide.service.RewardsService         : ** Processing to get reward points
2021-11-29 23:17:37.452  INFO 6224 --- [l-13-thread-188] tourGuide.service.RewardsService         : ** Processing to get reward points
2021-11-29 23:17:37.452  INFO 6224 --- [l-13-thread-169] tourGuide.service.RewardsService         : ** Processing to get reward points
2021-11-29 23:17:37.460  INFO 6224 --- [l-13-thread-123] tourGuide.service.RewardsService         : ** Processing to get reward points
2021-11-29 23:17:37.460  INFO 6224 --- [ol-13-thread-46] tourGuide.service.RewardsService         : ** Processing to get reward points
2021-11-29 23:17:37.460  INFO 6224 --- [ol-13-thread-89] tourGuide.service.RewardsService         : ** Processing to get reward points
2021-11-29 23:17:37.463  INFO 6224 --- [l-13-thread-181] tourGuide.service.RewardsService         : ** Processing to get reward points
2021-11-29 23:17:37.464  INFO 6224 --- [ol-13-thread-80] tourGuide.service.RewardsService         : ** Processing to get reward points
2021-11-29 23:17:37.465  INFO 6224 --- [ol-13-thread-84] tourGuide.service.RewardsService         : ** Processing to get reward points
2021-11-29 23:17:37.472  INFO 6224 --- [l-13-thread-190] tourGuide.service.RewardsService         : ** Processing to get reward points
2021-11-29 23:17:37.473  INFO 6224 --- [l-13-thread-117] tourGuide.service.RewardsService         : ** Processing to get reward points
2021-11-29 23:17:37.477  INFO 6224 --- [ol-13-thread-99] tourGuide.service.RewardsService         : ** Processing to get reward points
2021-11-29 23:17:37.482  INFO 6224 --- [ol-13-thread-51] tourGuide.service.RewardsService         : ** Processing to get reward points
2021-11-29 23:17:37.485  INFO 6224 --- [ol-13-thread-31] tourGuide.service.RewardsService         : ** Processing to get reward points
2021-11-29 23:17:37.485  INFO 6224 --- [l-13-thread-129] tourGuide.service.RewardsService         : ** Processing to get reward points
2021-11-29 23:17:37.487  INFO 6224 --- [ol-13-thread-85] tourGuide.service.RewardsService         : ** Processing to get reward points
2021-11-29 23:17:37.487  INFO 6224 --- [ol-13-thread-72] tourGuide.service.RewardsService         : ** Processing to get reward points
2021-11-29 23:17:37.490  INFO 6224 --- [l-13-thread-108] tourGuide.service.RewardsService         : ** Processing to get reward points
2021-11-29 23:17:37.490  INFO 6224 --- [ol-13-thread-62] tourGuide.service.RewardsService         : ** Processing to get reward points
2021-11-29 23:17:37.493  INFO 6224 --- [ol-13-thread-77] tourGuide.service.RewardsService         : ** Processing to get reward points
2021-11-29 23:17:37.495  INFO 6224 --- [ool-13-thread-9] tourGuide.service.RewardsService         : ** Processing to get reward points
2021-11-29 23:17:37.495  INFO 6224 --- [l-13-thread-107] tourGuide.service.RewardsService         : ** Processing to get reward points
2021-11-29 23:17:37.496  INFO 6224 --- [l-13-thread-154] tourGuide.service.RewardsService         : ** Processing to get reward points
2021-11-29 23:17:37.497  INFO 6224 --- [ol-13-thread-88] tourGuide.service.RewardsService         : ** Processing to get reward points
2021-11-29 23:17:37.499  INFO 6224 --- [l-13-thread-197] tourGuide.service.RewardsService         : ** Processing to get reward points
2021-11-29 23:17:37.502  INFO 6224 --- [ool-13-thread-5] tourGuide.service.RewardsService         : ** Processing to get reward points
2021-11-29 23:17:37.503  INFO 6224 --- [l-13-thread-101] tourGuide.service.RewardsService         : ** Processing to get reward points
2021-11-29 23:17:37.506  INFO 6224 --- [ol-13-thread-56] tourGuide.service.RewardsService         : ** Processing to get reward points
2021-11-29 23:17:37.506  INFO 6224 --- [ol-13-thread-66] tourGuide.service.RewardsService         : ** Processing to get reward points
2021-11-29 23:17:37.511  INFO 6224 --- [ol-13-thread-24] tourGuide.service.RewardsService         : ** Processing to get reward points
2021-11-29 23:17:37.511  INFO 6224 --- [l-13-thread-176] tourGuide.service.RewardsService         : ** Processing to get reward points
2021-11-29 23:17:37.513  INFO 6224 --- [l-13-thread-147] tourGuide.service.RewardsService         : ** Processing to get reward points
2021-11-29 23:17:37.519  INFO 6224 --- [ol-13-thread-44] tourGuide.service.RewardsService         : ** Processing to get reward points
2021-11-29 23:17:37.519  INFO 6224 --- [ol-13-thread-95] tourGuide.service.RewardsService         : ** Processing to get reward points
2021-11-29 23:17:37.521  INFO 6224 --- [ol-13-thread-52] tourGuide.service.RewardsService         : ** Processing to get reward points
2021-11-29 23:17:37.523  INFO 6224 --- [ol-13-thread-93] tourGuide.service.RewardsService         : ** Processing to get reward points
2021-11-29 23:17:37.523  INFO 6224 --- [ol-13-thread-68] tourGuide.service.RewardsService         : ** Processing to get reward points
2021-11-29 23:17:37.529  INFO 6224 --- [l-13-thread-127] tourGuide.service.RewardsService         : ** Processing to get reward points
2021-11-29 23:17:37.529  INFO 6224 --- [ol-13-thread-74] tourGuide.service.RewardsService         : ** Processing to get reward points
2021-11-29 23:17:37.536  INFO 6224 --- [ol-13-thread-25] tourGuide.service.RewardsService         : ** Processing to get reward points
2021-11-29 23:17:37.537  INFO 6224 --- [l-13-thread-106] tourGuide.service.RewardsService         : ** Processing to get reward points
2021-11-29 23:17:37.540  INFO 6224 --- [ol-13-thread-49] tourGuide.service.RewardsService         : ** Processing to get reward points
2021-11-29 23:17:37.540  INFO 6224 --- [ol-13-thread-38] tourGuide.service.RewardsService         : ** Processing to get reward points
2021-11-29 23:17:37.544  INFO 6224 --- [l-13-thread-173] tourGuide.service.RewardsService         : ** Processing to get reward points
2021-11-29 23:17:37.546  INFO 6224 --- [ol-13-thread-28] tourGuide.service.RewardsService         : ** Processing to get reward points
2021-11-29 23:17:37.547  INFO 6224 --- [l-13-thread-144] tourGuide.service.RewardsService         : ** Processing to get reward points
2021-11-29 23:17:37.547  INFO 6224 --- [ol-13-thread-87] tourGuide.service.RewardsService         : ** Processing to get reward points
2021-11-29 23:17:37.548  INFO 6224 --- [l-13-thread-131] tourGuide.service.RewardsService         : ** Processing to get reward points
2021-11-29 23:17:37.549  INFO 6224 --- [ol-13-thread-57] tourGuide.service.RewardsService         : ** Processing to get reward points
2021-11-29 23:17:37.549  INFO 6224 --- [l-13-thread-185] tourGuide.service.RewardsService         : ** Processing to get reward points
2021-11-29 23:17:37.550  INFO 6224 --- [ol-13-thread-19] tourGuide.service.RewardsService         : ** Processing to get reward points
2021-11-29 23:17:37.551  INFO 6224 --- [l-13-thread-105] tourGuide.service.RewardsService         : ** Processing to get reward points
2021-11-29 23:17:37.553  INFO 6224 --- [l-13-thread-114] tourGuide.service.RewardsService         : ** Processing to get reward points
2021-11-29 23:17:37.557  INFO 6224 --- [ol-13-thread-14] tourGuide.service.RewardsService         : ** Processing to get reward points
2021-11-29 23:17:37.559  INFO 6224 --- [ol-13-thread-26] tourGuide.service.RewardsService         : ** Processing to get reward points
2021-11-29 23:17:37.559  INFO 6224 --- [l-13-thread-200] tourGuide.service.RewardsService         : ** Processing to get reward points
2021-11-29 23:17:37.559  INFO 6224 --- [ol-13-thread-11] tourGuide.service.RewardsService         : ** Processing to get reward points
2021-11-29 23:17:37.561  INFO 6224 --- [l-13-thread-153] tourGuide.service.RewardsService         : ** Processing to get reward points
2021-11-29 23:17:37.581  INFO 6224 --- [l-13-thread-133] tourGuide.service.RewardsService         : ** Processing to get reward points
2021-11-29 23:17:37.581  INFO 6224 --- [l-13-thread-180] tourGuide.service.RewardsService         : ** Processing to get reward points
2021-11-29 23:17:37.582  INFO 6224 --- [l-13-thread-199] tourGuide.service.RewardsService         : ** Processing to get reward points
2021-11-29 23:17:37.583  INFO 6224 --- [l-13-thread-167] tourGuide.service.RewardsService         : ** Processing to get reward points
2021-11-29 23:17:37.589  INFO 6224 --- [l-13-thread-126] tourGuide.service.RewardsService         : ** Processing to get reward points
2021-11-29 23:17:37.590  INFO 6224 --- [l-13-thread-109] tourGuide.service.RewardsService         : ** Processing to get reward points
2021-11-29 23:17:37.593  INFO 6224 --- [l-13-thread-130] tourGuide.service.RewardsService         : ** Processing to get reward points
2021-11-29 23:17:37.593  INFO 6224 --- [l-13-thread-186] tourGuide.service.RewardsService         : ** Processing to get reward points
2021-11-29 23:17:37.595  INFO 6224 --- [ol-13-thread-40] tourGuide.service.RewardsService         : ** Processing to get reward points
2021-11-29 23:17:37.599  INFO 6224 --- [ool-13-thread-2] tourGuide.service.RewardsService         : ** Processing to get reward points
2021-11-29 23:17:37.601  INFO 6224 --- [ol-13-thread-47] tourGuide.service.RewardsService         : ** Processing to get reward points
2021-11-29 23:17:37.604  INFO 6224 --- [l-13-thread-122] tourGuide.service.RewardsService         : ** Processing to get reward points
2021-11-29 23:17:37.609  INFO 6224 --- [l-13-thread-122] tourGuide.service.RewardsService         : ** Processing to get reward points
2021-11-29 23:17:37.613  INFO 6224 --- [ol-13-thread-50] tourGuide.service.RewardsService         : ** Processing to get reward points
2021-11-29 23:17:37.613  INFO 6224 --- [ol-13-thread-86] tourGuide.service.RewardsService         : ** Processing to get reward points
2021-11-29 23:17:37.613  INFO 6224 --- [ol-13-thread-30] tourGuide.service.RewardsService         : ** Processing to get reward points
2021-11-29 23:17:37.620  INFO 6224 --- [ol-13-thread-45] tourGuide.service.RewardsService         : ** Processing to get reward points
2021-11-29 23:17:37.624  INFO 6224 --- [ol-13-thread-58] tourGuide.service.RewardsService         : ** Processing to get reward points
2021-11-29 23:17:37.624  INFO 6224 --- [ool-13-thread-7] tourGuide.service.RewardsService         : ** Processing to get reward points
2021-11-29 23:17:37.626  INFO 6224 --- [ol-13-thread-61] tourGuide.service.RewardsService         : ** Processing to get reward points
2021-11-29 23:17:37.627  INFO 6224 --- [l-13-thread-196] tourGuide.service.RewardsService         : ** Processing to get reward points
2021-11-29 23:17:37.627  INFO 6224 --- [ol-13-thread-64] tourGuide.service.RewardsService         : ** Processing to get reward points
2021-11-29 23:17:37.629  INFO 6224 --- [l-13-thread-134] tourGuide.service.RewardsService         : ** Processing to get reward points
2021-11-29 23:17:37.629  INFO 6224 --- [ol-13-thread-17] tourGuide.service.RewardsService         : ** Processing to get reward points
2021-11-29 23:17:37.629  INFO 6224 --- [l-13-thread-155] tourGuide.service.RewardsService         : ** Processing to get reward points
2021-11-29 23:17:37.630  INFO 6224 --- [ol-13-thread-83] tourGuide.service.RewardsService         : ** Processing to get reward points
2021-11-29 23:17:37.631  INFO 6224 --- [l-13-thread-184] tourGuide.service.RewardsService         : ** Processing to get reward points
2021-11-29 23:17:37.631  INFO 6224 --- [l-13-thread-122] tourGuide.service.RewardsService         : ** Processing to get reward points
2021-11-29 23:17:37.636  INFO 6224 --- [ol-13-thread-73] tourGuide.service.RewardsService         : ** Processing to get reward points
2021-11-29 23:17:37.636  INFO 6224 --- [ol-13-thread-94] tourGuide.service.RewardsService         : ** Processing to get reward points
2021-11-29 23:17:37.637  INFO 6224 --- [l-13-thread-125] tourGuide.service.RewardsService         : ** Processing to get reward points
2021-11-29 23:17:37.641  INFO 6224 --- [l-13-thread-178] tourGuide.service.RewardsService         : ** Processing to get reward points
2021-11-29 23:17:37.641  INFO 6224 --- [ol-13-thread-97] tourGuide.service.RewardsService         : ** Processing to get reward points
2021-11-29 23:17:37.646  INFO 6224 --- [ol-13-thread-36] tourGuide.service.RewardsService         : ** Processing to get reward points
2021-11-29 23:17:37.647  INFO 6224 --- [ol-13-thread-48] tourGuide.service.RewardsService         : ** Processing to get reward points
2021-11-29 23:17:37.650  INFO 6224 --- [ol-13-thread-32] tourGuide.service.RewardsService         : ** Processing to get reward points
2021-11-29 23:17:37.654  INFO 6224 --- [ol-13-thread-52] tourGuide.service.RewardsService         : ** Processing to get reward points
2021-11-29 23:17:37.656  INFO 6224 --- [l-13-thread-181] tourGuide.service.RewardsService         : ** Processing to get reward points
2021-11-29 23:17:37.657  INFO 6224 --- [l-13-thread-162] tourGuide.service.RewardsService         : ** Processing to get reward points
2021-11-29 23:17:37.658  INFO 6224 --- [ol-13-thread-76] tourGuide.service.RewardsService         : ** Processing to get reward points
2021-11-29 23:17:37.660  INFO 6224 --- [l-13-thread-197] tourGuide.service.RewardsService         : ** Processing to get reward points
2021-11-29 23:17:37.662  INFO 6224 --- [ol-13-thread-26] tourGuide.service.RewardsService         : ** Processing to get reward points
2021-11-29 23:17:37.670  INFO 6224 --- [l-13-thread-179] tourGuide.service.RewardsService         : ** Processing to get reward points
2021-11-29 23:17:37.681  INFO 6224 --- [ool-13-thread-5] tourGuide.service.RewardsService         : ** Processing to get reward points
2021-11-29 23:17:37.683  INFO 6224 --- [l-13-thread-140] tourGuide.service.RewardsService         : ** Processing to get reward points
2021-11-29 23:17:37.688  INFO 6224 --- [ol-13-thread-91] tourGuide.service.RewardsService         : ** Processing to get reward points
2021-11-29 23:17:37.688  INFO 6224 --- [l-13-thread-143] tourGuide.service.RewardsService         : ** Processing to get reward points
2021-11-29 23:17:37.692  INFO 6224 --- [l-13-thread-160] tourGuide.service.RewardsService         : ** Processing to get reward points
2021-11-29 23:17:37.693  INFO 6224 --- [ol-13-thread-26] tourGuide.service.RewardsService         : ** Processing to get reward points
2021-11-29 23:17:37.696  INFO 6224 --- [ol-13-thread-33] tourGuide.service.RewardsService         : ** Processing to get reward points
2021-11-29 23:17:37.696  INFO 6224 --- [ool-13-thread-8] tourGuide.service.RewardsService         : ** Processing to get reward points
2021-11-29 23:17:37.696  INFO 6224 --- [ol-13-thread-83] tourGuide.service.RewardsService         : ** Processing to get reward points
2021-11-29 23:17:37.699  INFO 6224 --- [ol-13-thread-86] tourGuide.service.RewardsService         : ** Processing to get reward points
2021-11-29 23:17:37.699  INFO 6224 --- [ol-13-thread-41] tourGuide.service.RewardsService         : ** Processing to get reward points
2021-11-29 23:17:37.703  INFO 6224 --- [ol-13-thread-97] tourGuide.service.RewardsService         : ** Processing to get reward points
2021-11-29 23:17:37.704  INFO 6224 --- [l-13-thread-142] tourGuide.service.RewardsService         : ** Processing to get reward points
2021-11-29 23:17:37.704  INFO 6224 --- [l-13-thread-181] tourGuide.service.RewardsService         : ** Processing to get reward points
2021-11-29 23:17:37.704  INFO 6224 --- [l-13-thread-110] tourGuide.service.RewardsService         : ** Processing to get reward points
2021-11-29 23:17:37.707  INFO 6224 --- [l-13-thread-137] tourGuide.service.RewardsService         : ** Processing to get reward points
2021-11-29 23:17:37.709  INFO 6224 --- [l-13-thread-195] tourGuide.service.RewardsService         : ** Processing to get reward points
2021-11-29 23:17:37.710  INFO 6224 --- [ol-13-thread-23] tourGuide.service.RewardsService         : ** Processing to get reward points
2021-11-29 23:17:37.711  INFO 6224 --- [ol-13-thread-93] tourGuide.service.RewardsService         : ** Processing to get reward points
2021-11-29 23:17:37.711  INFO 6224 --- [ol-13-thread-58] tourGuide.service.RewardsService         : ** Processing to get reward points
2021-11-29 23:17:37.714  INFO 6224 --- [l-13-thread-102] tourGuide.service.RewardsService         : ** Processing to get reward points
2021-11-29 23:17:37.714  INFO 6224 --- [l-13-thread-198] tourGuide.service.RewardsService         : ** Processing to get reward points
2021-11-29 23:17:37.714  INFO 6224 --- [l-13-thread-192] tourGuide.service.RewardsService         : ** Processing to get reward points
2021-11-29 23:17:37.715  INFO 6224 --- [ol-13-thread-18] tourGuide.service.RewardsService         : ** Processing to get reward points
2021-11-29 23:17:37.720  INFO 6224 --- [ol-13-thread-24] tourGuide.service.RewardsService         : ** Processing to get reward points
2021-11-29 23:17:37.722  INFO 6224 --- [ol-13-thread-71] tourGuide.service.RewardsService         : ** Processing to get reward points
2021-11-29 23:17:37.726  INFO 6224 --- [ol-13-thread-55] tourGuide.service.RewardsService         : ** Processing to get reward points
2021-11-29 23:17:37.730  INFO 6224 --- [l-13-thread-193] tourGuide.service.RewardsService         : ** Processing to get reward points
2021-11-29 23:17:37.731  INFO 6224 --- [l-13-thread-170] tourGuide.service.RewardsService         : ** Processing to get reward points
2021-11-29 23:17:37.739  INFO 6224 --- [l-13-thread-165] tourGuide.service.RewardsService         : ** Processing to get reward points
2021-11-29 23:17:37.739  INFO 6224 --- [l-13-thread-192] tourGuide.service.RewardsService         : ** Processing to get reward points
2021-11-29 23:17:37.741  INFO 6224 --- [l-13-thread-189] tourGuide.service.RewardsService         : ** Processing to get reward points
2021-11-29 23:17:37.744  INFO 6224 --- [l-13-thread-111] tourGuide.service.RewardsService         : ** Processing to get reward points
2021-11-29 23:17:37.745  INFO 6224 --- [l-13-thread-172] tourGuide.service.RewardsService         : ** Processing to get reward points
2021-11-29 23:17:37.750  INFO 6224 --- [ol-13-thread-44] tourGuide.service.RewardsService         : ** Processing to get reward points
2021-11-29 23:17:37.750  INFO 6224 --- [l-13-thread-172] tourGuide.service.RewardsService         : ** Processing to get reward points
2021-11-29 23:17:37.762  INFO 6224 --- [ol-13-thread-14] tourGuide.service.RewardsService         : ** Processing to get reward points
2021-11-29 23:17:37.763  INFO 6224 --- [ol-13-thread-44] tourGuide.service.RewardsService         : ** Processing to get reward points
2021-11-29 23:17:37.769  INFO 6224 --- [l-13-thread-171] tourGuide.service.RewardsService         : ** Processing to get reward points
2021-11-29 23:17:37.770  INFO 6224 --- [l-13-thread-123] tourGuide.service.RewardsService         : ** Processing to get reward points
2021-11-29 23:17:37.774  INFO 6224 --- [ol-13-thread-15] tourGuide.service.RewardsService         : ** Processing to get reward points
2021-11-29 23:17:37.775  INFO 6224 --- [ol-13-thread-63] tourGuide.service.RewardsService         : ** Processing to get reward points
2021-11-29 23:17:37.776  INFO 6224 --- [l-13-thread-136] tourGuide.service.RewardsService         : ** Processing to get reward points
2021-11-29 23:17:37.780  INFO 6224 --- [l-13-thread-138] tourGuide.service.RewardsService         : ** Processing to get reward points
2021-11-29 23:17:37.793  INFO 6224 --- [ol-13-thread-70] tourGuide.service.RewardsService         : ** Processing to get reward points
2021-11-29 23:17:37.794  INFO 6224 --- [l-13-thread-195] tourGuide.service.RewardsService         : ** Processing to get reward points
2021-11-29 23:17:37.795  INFO 6224 --- [ol-13-thread-78] tourGuide.service.RewardsService         : ** Processing to get reward points
2021-11-29 23:17:37.803  INFO 6224 --- [l-13-thread-168] tourGuide.service.RewardsService         : ** Processing to get reward points
2021-11-29 23:17:37.804  INFO 6224 --- [ol-13-thread-34] tourGuide.service.RewardsService         : ** Processing to get reward points
2021-11-29 23:17:37.813  INFO 6224 --- [l-13-thread-128] tourGuide.service.RewardsService         : ** Processing to get reward points
2021-11-29 23:17:37.818  INFO 6224 --- [l-13-thread-196] tourGuide.service.RewardsService         : ** Processing to get reward points
2021-11-29 23:17:37.819  INFO 6224 --- [l-13-thread-136] tourGuide.service.RewardsService         : ** Processing to get reward points
2021-11-29 23:17:37.822  INFO 6224 --- [l-13-thread-130] tourGuide.service.RewardsService         : ** Processing to get reward points
2021-11-29 23:17:37.826  INFO 6224 --- [l-13-thread-135] tourGuide.service.RewardsService         : ** Processing to get reward points
2021-11-29 23:17:37.827  INFO 6224 --- [l-13-thread-103] tourGuide.service.RewardsService         : ** Processing to get reward points
2021-11-29 23:17:37.830  INFO 6224 --- [l-13-thread-101] tourGuide.service.RewardsService         : ** Processing to get reward points
2021-11-29 23:17:37.831  INFO 6224 --- [l-13-thread-141] tourGuide.service.RewardsService         : ** Processing to get reward points
2021-11-29 23:17:37.831  INFO 6224 --- [ol-13-thread-35] tourGuide.service.RewardsService         : ** Processing to get reward points
2021-11-29 23:17:37.835  INFO 6224 --- [l-13-thread-105] tourGuide.service.RewardsService         : ** Processing to get reward points
2021-11-29 23:17:37.837  INFO 6224 --- [l-13-thread-104] tourGuide.service.RewardsService         : ** Processing to get reward points
2021-11-29 23:17:37.837  INFO 6224 --- [l-13-thread-177] tourGuide.service.RewardsService         : ** Processing to get reward points
2021-11-29 23:17:37.840  INFO 6224 --- [ol-13-thread-22] tourGuide.service.RewardsService         : ** Processing to get reward points
2021-11-29 23:17:37.844  INFO 6224 --- [l-13-thread-112] tourGuide.service.RewardsService         : ** Processing to get reward points
2021-11-29 23:17:37.845  INFO 6224 --- [l-13-thread-197] tourGuide.service.RewardsService         : ** Processing to get reward points
2021-11-29 23:17:37.845  INFO 6224 --- [ol-13-thread-82] tourGuide.service.RewardsService         : ** Processing to get reward points
2021-11-29 23:17:37.862  INFO 6224 --- [l-13-thread-181] tourGuide.service.RewardsService         : ** Processing to get reward points
2021-11-29 23:17:37.865  INFO 6224 --- [ol-13-thread-53] tourGuide.service.RewardsService         : ** Processing to get reward points
2021-11-29 23:17:37.867  INFO 6224 --- [l-13-thread-157] tourGuide.service.RewardsService         : ** Processing to get reward points
2021-11-29 23:17:37.868  INFO 6224 --- [ol-13-thread-39] tourGuide.service.RewardsService         : ** Processing to get reward points
2021-11-29 23:17:37.870  INFO 6224 --- [l-13-thread-189] tourGuide.service.RewardsService         : ** Processing to get reward points
2021-11-29 23:17:37.874  INFO 6224 --- [ool-13-thread-5] tourGuide.service.RewardsService         : ** Processing to get reward points
2021-11-29 23:17:37.878  INFO 6224 --- [ol-13-thread-20] tourGuide.service.RewardsService         : ** Processing to get reward points
2021-11-29 23:17:37.881  INFO 6224 --- [ol-13-thread-96] tourGuide.service.RewardsService         : ** Processing to get reward points
2021-11-29 23:17:37.881  INFO 6224 --- [l-13-thread-164] tourGuide.service.RewardsService         : ** Processing to get reward points
2021-11-29 23:17:37.881  INFO 6224 --- [ol-13-thread-87] tourGuide.service.RewardsService         : ** Processing to get reward points
2021-11-29 23:17:37.882  INFO 6224 --- [l-13-thread-127] tourGuide.service.RewardsService         : ** Processing to get reward points
2021-11-29 23:17:37.888  INFO 6224 --- [ool-13-thread-7] tourGuide.service.RewardsService         : ** Processing to get reward points
2021-11-29 23:17:37.889  INFO 6224 --- [ol-13-thread-55] tourGuide.service.RewardsService         : ** Processing to get reward points
2021-11-29 23:17:37.892  INFO 6224 --- [ol-13-thread-11] tourGuide.service.RewardsService         : ** Processing to get reward points
2021-11-29 23:17:37.894  INFO 6224 --- [ol-13-thread-14] tourGuide.service.RewardsService         : ** Processing to get reward points
2021-11-29 23:17:37.895  INFO 6224 --- [l-13-thread-178] tourGuide.service.RewardsService         : ** Processing to get reward points
2021-11-29 23:17:37.903  INFO 6224 --- [l-13-thread-176] tourGuide.service.RewardsService         : ** Processing to get reward points
2021-11-29 23:17:37.903  INFO 6224 --- [ol-13-thread-21] tourGuide.service.RewardsService         : ** Processing to get reward points
2021-11-29 23:17:37.906  INFO 6224 --- [ol-13-thread-76] tourGuide.service.RewardsService         : ** Processing to get reward points
2021-11-29 23:17:37.906  INFO 6224 --- [ol-13-thread-85] tourGuide.service.RewardsService         : ** Processing to get reward points
2021-11-29 23:17:37.908  INFO 6224 --- [l-13-thread-158] tourGuide.service.RewardsService         : ** Processing to get reward points
2021-11-29 23:17:37.911  INFO 6224 --- [l-13-thread-154] tourGuide.service.RewardsService         : ** Processing to get reward points
2021-11-29 23:17:37.911  INFO 6224 --- [ol-13-thread-17] tourGuide.service.RewardsService         : ** Processing to get reward points
2021-11-29 23:17:37.913  INFO 6224 --- [ol-13-thread-91] tourGuide.service.RewardsService         : ** Processing to get reward points
2021-11-29 23:17:37.913  INFO 6224 --- [l-13-thread-149] tourGuide.service.RewardsService         : ** Processing to get reward points
2021-11-29 23:17:37.919  INFO 6224 --- [l-13-thread-180] tourGuide.service.RewardsService         : ** Processing to get reward points
2021-11-29 23:17:37.920  INFO 6224 --- [l-13-thread-102] tourGuide.service.RewardsService         : ** Processing to get reward points
2021-11-29 23:17:37.921  INFO 6224 --- [ool-13-thread-4] tourGuide.service.RewardsService         : ** Processing to get reward points
2021-11-29 23:17:37.922  INFO 6224 --- [l-13-thread-129] tourGuide.service.RewardsService         : ** Processing to get reward points
2021-11-29 23:17:37.926  INFO 6224 --- [ol-13-thread-51] tourGuide.service.RewardsService         : ** Processing to get reward points
2021-11-29 23:17:37.927  INFO 6224 --- [l-13-thread-100] tourGuide.service.RewardsService         : ** Processing to get reward points
2021-11-29 23:17:37.929  INFO 6224 --- [l-13-thread-115] tourGuide.service.RewardsService         : ** Processing to get reward points
2021-11-29 23:17:37.929  INFO 6224 --- [ol-13-thread-47] tourGuide.service.RewardsService         : ** Processing to get reward points
2021-11-29 23:17:37.929  INFO 6224 --- [l-13-thread-148] tourGuide.service.RewardsService         : ** Processing to get reward points
2021-11-29 23:17:37.931  INFO 6224 --- [ol-13-thread-13] tourGuide.service.RewardsService         : ** Processing to get reward points
2021-11-29 23:17:37.933  INFO 6224 --- [l-13-thread-152] tourGuide.service.RewardsService         : ** Processing to get reward points
2021-11-29 23:17:37.948  INFO 6224 --- [ol-13-thread-90] tourGuide.service.RewardsService         : ** Processing to get reward points
2021-11-29 23:17:37.955  INFO 6224 --- [ol-13-thread-23] tourGuide.service.RewardsService         : ** Processing to get reward points
2021-11-29 23:17:37.956  INFO 6224 --- [ol-13-thread-58] tourGuide.service.RewardsService         : ** Processing to get reward points
2021-11-29 23:17:37.961  INFO 6224 --- [l-13-thread-108] tourGuide.service.RewardsService         : ** Processing to get reward points
2021-11-29 23:17:37.962  INFO 6224 --- [ol-13-thread-64] tourGuide.service.RewardsService         : ** Processing to get reward points
2021-11-29 23:17:37.964  INFO 6224 --- [l-13-thread-151] tourGuide.service.RewardsService         : ** Processing to get reward points
2021-11-29 23:17:37.965  INFO 6224 --- [l-13-thread-103] tourGuide.service.RewardsService         : ** Processing to get reward points
2021-11-29 23:17:37.965  INFO 6224 --- [ol-13-thread-89] tourGuide.service.RewardsService         : ** Processing to get reward points
2021-11-29 23:17:37.968  INFO 6224 --- [l-13-thread-159] tourGuide.service.RewardsService         : ** Processing to get reward points
2021-11-29 23:17:37.971  INFO 6224 --- [ol-13-thread-96] tourGuide.service.RewardsService         : ** Processing to get reward points
2021-11-29 23:17:37.972  INFO 6224 --- [l-13-thread-145] tourGuide.service.RewardsService         : ** Processing to get reward points
2021-11-29 23:17:37.975  INFO 6224 --- [l-13-thread-182] tourGuide.service.RewardsService         : ** Processing to get reward points
2021-11-29 23:17:37.982  INFO 6224 --- [ool-13-thread-5] tourGuide.service.RewardsService         : ** Processing to get reward points
2021-11-29 23:17:37.982  INFO 6224 --- [ol-13-thread-74] tourGuide.service.RewardsService         : ** Processing to get reward points
2021-11-29 23:17:37.986  INFO 6224 --- [ol-13-thread-60] tourGuide.service.RewardsService         : ** Processing to get reward points
2021-11-29 23:17:37.989  INFO 6224 --- [l-13-thread-179] tourGuide.service.RewardsService         : ** Processing to get reward points
2021-11-29 23:17:37.993  INFO 6224 --- [ol-13-thread-67] tourGuide.service.RewardsService         : ** Processing to get reward points
2021-11-29 23:17:37.996  INFO 6224 --- [l-13-thread-179] tourGuide.service.RewardsService         : ** Processing to get reward points
2021-11-29 23:17:37.999  INFO 6224 --- [ol-13-thread-33] tourGuide.service.RewardsService         : ** Processing to get reward points
2021-11-29 23:17:38.000  INFO 6224 --- [ol-13-thread-13] tourGuide.service.RewardsService         : ** Processing to get reward points
2021-11-29 23:17:38.002  INFO 6224 --- [l-13-thread-194] tourGuide.service.RewardsService         : ** Processing to get reward points
2021-11-29 23:17:38.003  INFO 6224 --- [l-13-thread-124] tourGuide.service.RewardsService         : ** Processing to get reward points
2021-11-29 23:17:38.004  INFO 6224 --- [l-13-thread-101] tourGuide.service.RewardsService         : ** Processing to get reward points
2021-11-29 23:17:38.006  INFO 6224 --- [ol-13-thread-70] tourGuide.service.RewardsService         : ** Processing to get reward points
2021-11-29 23:17:38.007  INFO 6224 --- [l-13-thread-161] tourGuide.service.RewardsService         : ** Processing to get reward points
2021-11-29 23:17:38.010  INFO 6224 --- [ool-13-thread-2] tourGuide.service.RewardsService         : ** Processing to get reward points
2021-11-29 23:17:38.011  INFO 6224 --- [ol-13-thread-95] tourGuide.service.RewardsService         : ** Processing to get reward points
2021-11-29 23:17:38.012  INFO 6224 --- [l-13-thread-125] tourGuide.service.RewardsService         : ** Processing to get reward points
2021-11-29 23:17:38.018  INFO 6224 --- [ol-13-thread-79] tourGuide.service.RewardsService         : ** Processing to get reward points
2021-11-29 23:17:38.018  INFO 6224 --- [ol-13-thread-99] tourGuide.service.RewardsService         : ** Processing to get reward points
2021-11-29 23:17:38.022  INFO 6224 --- [ol-13-thread-73] tourGuide.service.RewardsService         : ** Processing to get reward points
2021-11-29 23:17:38.024  INFO 6224 --- [l-13-thread-199] tourGuide.service.RewardsService         : ** Processing to get reward points
2021-11-29 23:17:38.118  INFO 6224 --- [l-13-thread-105] tourGuide.service.RewardsService         : ** Processing to get reward points
2021-11-29 23:17:38.119  INFO 6224 --- [ol-13-thread-98] tourGuide.service.RewardsService         : ** Processing to get reward points
2021-11-29 23:17:38.120  INFO 6224 --- [ol-13-thread-59] tourGuide.service.RewardsService         : ** Processing to get reward points
2021-11-29 23:17:38.121  INFO 6224 --- [l-13-thread-147] tourGuide.service.RewardsService         : ** Processing to get reward points
2021-11-29 23:17:38.121  INFO 6224 --- [ol-13-thread-11] tourGuide.service.RewardsService         : ** Processing to get reward points
2021-11-29 23:17:38.121  INFO 6224 --- [l-13-thread-191] tourGuide.service.RewardsService         : ** Processing to get reward points
2021-11-29 23:17:38.122  INFO 6224 --- [l-13-thread-183] tourGuide.service.RewardsService         : ** Processing to get reward points
2021-11-29 23:17:38.123  INFO 6224 --- [ol-13-thread-82] tourGuide.service.RewardsService         : ** Processing to get reward points
2021-11-29 23:17:38.123  INFO 6224 --- [l-13-thread-166] tourGuide.service.RewardsService         : ** Processing to get reward points
2021-11-29 23:17:38.123  INFO 6224 --- [ol-13-thread-43] tourGuide.service.RewardsService         : ** Processing to get reward points
2021-11-29 23:17:38.123  INFO 6224 --- [ol-13-thread-87] tourGuide.service.RewardsService         : ** Processing to get reward points
2021-11-29 23:17:38.123  INFO 6224 --- [l-13-thread-107] tourGuide.service.RewardsService         : ** Processing to get reward points
2021-11-29 23:17:38.123  INFO 6224 --- [ol-13-thread-54] tourGuide.service.RewardsService         : ** Processing to get reward points
2021-11-29 23:17:38.124  INFO 6224 --- [ol-13-thread-27] tourGuide.service.RewardsService         : ** Processing to get reward points
2021-11-29 23:17:38.124  INFO 6224 --- [l-13-thread-171] tourGuide.service.RewardsService         : ** Processing to get reward points
2021-11-29 23:17:38.124  INFO 6224 --- [ol-13-thread-39] tourGuide.service.RewardsService         : ** Processing to get reward points
2021-11-29 23:17:38.125  INFO 6224 --- [ol-13-thread-63] tourGuide.service.RewardsService         : ** Processing to get reward points
2021-11-29 23:17:38.126  INFO 6224 --- [l-13-thread-185] tourGuide.service.RewardsService         : ** Processing to get reward points
2021-11-29 23:17:38.126  INFO 6224 --- [ol-13-thread-37] tourGuide.service.RewardsService         : ** Processing to get reward points
2021-11-29 23:17:38.126  INFO 6224 --- [ol-13-thread-24] tourGuide.service.RewardsService         : ** Processing to get reward points
2021-11-29 23:17:38.128  INFO 6224 --- [l-13-thread-156] tourGuide.service.RewardsService         : ** Processing to get reward points
2021-11-29 23:17:38.129  INFO 6224 --- [l-13-thread-120] tourGuide.service.RewardsService         : ** Processing to get reward points
2021-11-29 23:17:38.128  INFO 6224 --- [ol-13-thread-65] tourGuide.service.RewardsService         : ** Processing to get reward points
2021-11-29 23:17:38.129  INFO 6224 --- [ol-13-thread-48] tourGuide.service.RewardsService         : ** Processing to get reward points
2021-11-29 23:17:38.129  INFO 6224 --- [ol-13-thread-92] tourGuide.service.RewardsService         : ** Processing to get reward points
2021-11-29 23:17:38.130  INFO 6224 --- [l-13-thread-121] tourGuide.service.RewardsService         : ** Processing to get reward points
2021-11-29 23:17:38.130  INFO 6224 --- [l-13-thread-116] tourGuide.service.RewardsService         : ** Processing to get reward points
2021-11-29 23:17:38.130  INFO 6224 --- [ol-13-thread-68] tourGuide.service.RewardsService         : ** Processing to get reward points
2021-11-29 23:17:38.136  INFO 6224 --- [ol-13-thread-45] tourGuide.service.RewardsService         : ** Processing to get reward points
2021-11-29 23:17:38.139  INFO 6224 --- [ool-13-thread-3] tourGuide.service.RewardsService         : ** Processing to get reward points
2021-11-29 23:17:38.140  INFO 6224 --- [l-13-thread-165] tourGuide.service.RewardsService         : ** Processing to get reward points
2021-11-29 23:17:38.145  INFO 6224 --- [l-13-thread-113] tourGuide.service.RewardsService         : ** Processing to get reward points
2021-11-29 23:17:38.148  INFO 6224 --- [l-13-thread-198] tourGuide.service.RewardsService         : ** Processing to get reward points
2021-11-29 23:17:38.148  INFO 6224 --- [ol-13-thread-93] tourGuide.service.RewardsService         : ** Processing to get reward points
2021-11-29 23:17:38.152  INFO 6224 --- [l-13-thread-133] tourGuide.service.RewardsService         : ** Processing to get reward points
2021-11-29 23:17:38.155  INFO 6224 --- [l-13-thread-159] tourGuide.service.RewardsService         : ** Processing to get reward points
2021-11-29 23:17:38.159  INFO 6224 --- [l-13-thread-103] tourGuide.service.RewardsService         : ** Processing to get reward points
2021-11-29 23:17:38.159  INFO 6224 --- [ol-13-thread-14] tourGuide.service.RewardsService         : ** Processing to get reward points
2021-11-29 23:17:38.160  INFO 6224 --- [l-13-thread-124] tourGuide.service.RewardsService         : ** Processing to get reward points
2021-11-29 23:17:38.162  INFO 6224 --- [ol-13-thread-29] tourGuide.service.RewardsService         : ** Processing to get reward points
2021-11-29 23:17:38.162  INFO 6224 --- [l-13-thread-146] tourGuide.service.RewardsService         : ** Processing to get reward points
2021-11-29 23:17:38.163  INFO 6224 --- [ol-13-thread-30] tourGuide.service.RewardsService         : ** Processing to get reward points
2021-11-29 23:17:38.163  INFO 6224 --- [l-13-thread-182] tourGuide.service.RewardsService         : ** Processing to get reward points
2021-11-29 23:17:38.164  INFO 6224 --- [l-13-thread-169] tourGuide.service.RewardsService         : ** Processing to get reward points
2021-11-29 23:17:38.164  INFO 6224 --- [ool-13-thread-6] tourGuide.service.RewardsService         : ** Processing to get reward points
2021-11-29 23:17:38.164  INFO 6224 --- [ol-13-thread-62] tourGuide.service.RewardsService         : ** Processing to get reward points
2021-11-29 23:17:38.165  INFO 6224 --- [ol-13-thread-70] tourGuide.service.RewardsService         : ** Processing to get reward points
2021-11-29 23:17:38.165  INFO 6224 --- [l-13-thread-189] tourGuide.service.RewardsService         : ** Processing to get reward points
2021-11-29 23:17:38.165  INFO 6224 --- [l-13-thread-101] tourGuide.service.RewardsService         : ** Processing to get reward points
2021-11-29 23:17:38.166  INFO 6224 --- [l-13-thread-119] tourGuide.service.RewardsService         : ** Processing to get reward points
2021-11-29 23:17:38.166  INFO 6224 --- [l-13-thread-168] tourGuide.service.RewardsService         : ** Processing to get reward points
2021-11-29 23:17:38.171  INFO 6224 --- [l-13-thread-171] tourGuide.service.RewardsService         : ** Processing to get reward points
2021-11-29 23:17:38.173  INFO 6224 --- [l-13-thread-175] tourGuide.service.RewardsService         : ** Processing to get reward points
2021-11-29 23:17:38.173  INFO 6224 --- [ol-13-thread-56] tourGuide.service.RewardsService         : ** Processing to get reward points
2021-11-29 23:17:38.174  INFO 6224 --- [l-13-thread-170] tourGuide.service.RewardsService         : ** Processing to get reward points
2021-11-29 23:17:38.174  INFO 6224 --- [ol-13-thread-77] tourGuide.service.RewardsService         : ** Processing to get reward points
2021-11-29 23:17:38.175  INFO 6224 --- [l-13-thread-134] tourGuide.service.RewardsService         : ** Processing to get reward points
2021-11-29 23:17:38.176  INFO 6224 --- [ol-13-thread-59] tourGuide.service.RewardsService         : ** Processing to get reward points
2021-11-29 23:17:38.177  INFO 6224 --- [ol-13-thread-36] tourGuide.service.RewardsService         : ** Processing to get reward points
2021-11-29 23:17:38.177  INFO 6224 --- [l-13-thread-131] tourGuide.service.RewardsService         : ** Processing to get reward points
2021-11-29 23:17:38.177  INFO 6224 --- [ol-13-thread-10] tourGuide.service.RewardsService         : ** Processing to get reward points
2021-11-29 23:17:38.178  INFO 6224 --- [l-13-thread-150] tourGuide.service.RewardsService         : ** Processing to get reward points
2021-11-29 23:17:38.180  INFO 6224 --- [l-13-thread-109] tourGuide.service.RewardsService         : ** Processing to get reward points
2021-11-29 23:17:38.181  INFO 6224 --- [ol-13-thread-66] tourGuide.service.RewardsService         : ** Processing to get reward points
2021-11-29 23:17:38.188  INFO 6224 --- [ol-13-thread-59] tourGuide.service.RewardsService         : ** Processing to get reward points
2021-11-29 23:17:38.189  INFO 6224 --- [l-13-thread-188] tourGuide.service.RewardsService         : ** Processing to get reward points
2021-11-29 23:17:38.190  INFO 6224 --- [l-13-thread-186] tourGuide.service.RewardsService         : ** Processing to get reward points
2021-11-29 23:17:38.192  INFO 6224 --- [l-13-thread-144] tourGuide.service.RewardsService         : ** Processing to get reward points
2021-11-29 23:17:38.192  INFO 6224 --- [l-13-thread-131] tourGuide.service.RewardsService         : ** Processing to get reward points
2021-11-29 23:17:38.195  INFO 6224 --- [l-13-thread-184] tourGuide.service.RewardsService         : ** Processing to get reward points
2021-11-29 23:17:38.195  INFO 6224 --- [l-13-thread-117] tourGuide.service.RewardsService         : ** Processing to get reward points
2021-11-29 23:17:38.195  INFO 6224 --- [ol-13-thread-81] tourGuide.service.RewardsService         : ** Processing to get reward points
2021-11-29 23:17:38.197  INFO 6224 --- [l-13-thread-154] tourGuide.service.RewardsService         : ** Processing to get reward points
2021-11-29 23:17:38.206  INFO 6224 --- [l-13-thread-152] tourGuide.service.RewardsService         : ** Processing to get reward points
2021-11-29 23:17:38.206  INFO 6224 --- [l-13-thread-189] tourGuide.service.RewardsService         : ** Processing to get reward points
2021-11-29 23:17:38.208  INFO 6224 --- [ol-13-thread-31] tourGuide.service.RewardsService         : ** Processing to get reward points
2021-11-29 23:17:38.209  INFO 6224 --- [ol-13-thread-16] tourGuide.service.RewardsService         : ** Processing to get reward points
2021-11-29 23:17:38.214  INFO 6224 --- [ol-13-thread-76] tourGuide.service.RewardsService         : ** Processing to get reward points
2021-11-29 23:17:38.216  INFO 6224 --- [l-13-thread-139] tourGuide.service.RewardsService         : ** Processing to get reward points
2021-11-29 23:17:38.216  INFO 6224 --- [l-13-thread-165] tourGuide.service.RewardsService         : ** Processing to get reward points
2021-11-29 23:17:38.218  INFO 6224 --- [l-13-thread-121] tourGuide.service.RewardsService         : ** Processing to get reward points
2021-11-29 23:17:38.226  INFO 6224 --- [l-13-thread-174] tourGuide.service.RewardsService         : ** Processing to get reward points
2021-11-29 23:17:38.227  INFO 6224 --- [ol-13-thread-86] tourGuide.service.RewardsService         : ** Processing to get reward points
2021-11-29 23:17:38.229  INFO 6224 --- [ool-13-thread-1] tourGuide.service.RewardsService         : ** Processing to get reward points
2021-11-29 23:17:38.234  INFO 6224 --- [l-13-thread-162] tourGuide.service.RewardsService         : ** Processing to get reward points
2021-11-29 23:17:38.237  INFO 6224 --- [ol-13-thread-75] tourGuide.service.RewardsService         : ** Processing to get reward points
2021-11-29 23:17:38.237  INFO 6224 --- [ol-13-thread-70] tourGuide.service.RewardsService         : ** Processing to get reward points
2021-11-29 23:17:38.247  INFO 6224 --- [ol-13-thread-61] tourGuide.service.RewardsService         : ** Processing to get reward points
2021-11-29 23:17:38.255  INFO 6224 --- [l-13-thread-151] tourGuide.service.RewardsService         : ** Processing to get reward points
2021-11-29 23:17:38.255  INFO 6224 --- [l-13-thread-140] tourGuide.service.RewardsService         : ** Processing to get reward points
2021-11-29 23:17:38.256  INFO 6224 --- [l-13-thread-192] tourGuide.service.RewardsService         : ** Processing to get reward points
2021-11-29 23:17:38.261  INFO 6224 --- [ol-13-thread-80] tourGuide.service.RewardsService         : ** Processing to get reward points
2021-11-29 23:17:38.262  INFO 6224 --- [ol-13-thread-12] tourGuide.service.RewardsService         : ** Processing to get reward points
2021-11-29 23:17:38.271  INFO 6224 --- [l-13-thread-177] tourGuide.service.RewardsService         : ** Processing to get reward points
2021-11-29 23:17:38.272  INFO 6224 --- [l-13-thread-172] tourGuide.service.RewardsService         : ** Processing to get reward points
2021-11-29 23:17:38.274  INFO 6224 --- [l-13-thread-190] tourGuide.service.RewardsService         : ** Processing to get reward points
2021-11-29 23:17:38.277  INFO 6224 --- [l-13-thread-193] tourGuide.service.RewardsService         : ** Processing to get reward points
2021-11-29 23:17:38.278  INFO 6224 --- [ol-13-thread-68] tourGuide.service.RewardsService         : ** Processing to get reward points
2021-11-29 23:17:38.279  INFO 6224 --- [l-13-thread-110] tourGuide.service.RewardsService         : ** Processing to get reward points
2021-11-29 23:17:38.279  INFO 6224 --- [ol-13-thread-94] tourGuide.service.RewardsService         : ** Processing to get reward points
2021-11-29 23:17:38.281  INFO 6224 --- [l-13-thread-125] tourGuide.service.RewardsService         : ** Processing to get reward points
2021-11-29 23:17:38.282  INFO 6224 --- [ol-13-thread-62] tourGuide.service.RewardsService         : ** Processing to get reward points
2021-11-29 23:17:38.282  INFO 6224 --- [ol-13-thread-36] tourGuide.service.RewardsService         : ** Processing to get reward points
2021-11-29 23:17:38.285  INFO 6224 --- [l-13-thread-106] tourGuide.service.RewardsService         : ** Processing to get reward points
2021-11-29 23:17:38.285  INFO 6224 --- [l-13-thread-163] tourGuide.service.RewardsService         : ** Processing to get reward points
2021-11-29 23:17:38.291  INFO 6224 --- [l-13-thread-188] tourGuide.service.RewardsService         : ** Processing to get reward points
2021-11-29 23:17:38.295  INFO 6224 --- [ol-13-thread-32] tourGuide.service.RewardsService         : ** Processing to get reward points
2021-11-29 23:17:38.298  INFO 6224 --- [l-13-thread-143] tourGuide.service.RewardsService         : ** Processing to get reward points
2021-11-29 23:17:38.302  INFO 6224 --- [l-13-thread-178] tourGuide.service.RewardsService         : ** Processing to get reward points
2021-11-29 23:17:38.303  INFO 6224 --- [l-13-thread-187] tourGuide.service.RewardsService         : ** Processing to get reward points
2021-11-29 23:17:38.306  INFO 6224 --- [ol-13-thread-42] tourGuide.service.RewardsService         : ** Processing to get reward points
2021-11-29 23:17:38.308  INFO 6224 --- [ol-13-thread-19] tourGuide.service.RewardsService         : ** Processing to get reward points
2021-11-29 23:17:38.311  INFO 6224 --- [ol-13-thread-25] tourGuide.service.RewardsService         : ** Processing to get reward points
2021-11-29 23:17:38.311  INFO 6224 --- [l-13-thread-171] tourGuide.service.RewardsService         : ** Processing to get reward points
2021-11-29 23:17:38.315  INFO 6224 --- [ol-13-thread-56] tourGuide.service.RewardsService         : ** Processing to get reward points
2021-11-29 23:17:38.318  INFO 6224 --- [ol-13-thread-40] tourGuide.service.RewardsService         : ** Processing to get reward points
2021-11-29 23:17:38.318  INFO 6224 --- [ol-13-thread-46] tourGuide.service.RewardsService         : ** Processing to get reward points
2021-11-29 23:17:38.321  INFO 6224 --- [l-13-thread-118] tourGuide.service.RewardsService         : ** Processing to get reward points
2021-11-29 23:17:38.321  INFO 6224 --- [l-13-thread-132] tourGuide.service.RewardsService         : ** Processing to get reward points
2021-11-29 23:17:38.321  INFO 6224 --- [ool-13-thread-5] tourGuide.service.RewardsService         : ** Processing to get reward points
2021-11-29 23:17:38.323  INFO 6224 --- [l-13-thread-189] tourGuide.service.RewardsService         : ** Processing to get reward points
2021-11-29 23:17:38.324  INFO 6224 --- [ol-13-thread-13] tourGuide.service.RewardsService         : ** Processing to get reward points
2021-11-29 23:17:38.325  INFO 6224 --- [l-13-thread-112] tourGuide.service.RewardsService         : ** Processing to get reward points
2021-11-29 23:17:38.326  INFO 6224 --- [l-13-thread-175] tourGuide.service.RewardsService         : ** Processing to get reward points
2021-11-29 23:17:38.326  INFO 6224 --- [ol-13-thread-69] tourGuide.service.RewardsService         : ** Processing to get reward points
2021-11-29 23:17:38.339  INFO 6224 --- [ol-13-thread-49] tourGuide.service.RewardsService         : ** Processing to get reward points
2021-11-29 23:17:38.339  INFO 6224 --- [ol-13-thread-50] tourGuide.service.RewardsService         : ** Processing to get reward points
2021-11-29 23:17:38.342  INFO 6224 --- [l-13-thread-106] tourGuide.service.RewardsService         : ** Processing to get reward points
2021-11-29 23:17:38.347  INFO 6224 --- [l-13-thread-106] tourGuide.service.RewardsService         : ** Processing to get reward points
2021-11-29 23:17:38.359  INFO 6224 --- [ol-13-thread-14] tourGuide.service.RewardsService         : ** Processing to get reward points
2021-11-29 23:17:38.359  INFO 6224 --- [l-13-thread-137] tourGuide.service.RewardsService         : ** Processing to get reward points
2021-11-29 23:17:38.360  INFO 6224 --- [l-13-thread-153] tourGuide.service.RewardsService         : ** Processing to get reward points
2021-11-29 23:17:38.363  INFO 6224 --- [ol-13-thread-42] tourGuide.service.RewardsService         : ** Processing to get reward points
2021-11-29 23:17:38.368  INFO 6224 --- [ol-13-thread-84] tourGuide.service.RewardsService         : ** Processing to get reward points
2021-11-29 23:17:38.373  INFO 6224 --- [ol-13-thread-52] tourGuide.service.RewardsService         : ** Processing to get reward points
2021-11-29 23:17:38.374  INFO 6224 --- [ol-13-thread-85] tourGuide.service.RewardsService         : ** Processing to get reward points
2021-11-29 23:17:38.377  INFO 6224 --- [l-13-thread-122] tourGuide.service.RewardsService         : ** Processing to get reward points
2021-11-29 23:17:38.377  INFO 6224 --- [l-13-thread-196] tourGuide.service.RewardsService         : ** Processing to get reward points
2021-11-29 23:17:38.379  INFO 6224 --- [ol-13-thread-63] tourGuide.service.RewardsService         : ** Processing to get reward points
2021-11-29 23:17:38.380  INFO 6224 --- [l-13-thread-115] tourGuide.service.RewardsService         : ** Processing to get reward points
2021-11-29 23:17:38.380  INFO 6224 --- [l-13-thread-155] tourGuide.service.RewardsService         : ** Processing to get reward points
2021-11-29 23:17:38.388  INFO 6224 --- [l-13-thread-144] tourGuide.service.RewardsService         : ** Processing to get reward points
2021-11-29 23:17:38.390  INFO 6224 --- [l-13-thread-120] tourGuide.service.RewardsService         : ** Processing to get reward points
2021-11-29 23:17:38.393  INFO 6224 --- [ol-13-thread-88] tourGuide.service.RewardsService         : ** Processing to get reward points
2021-11-29 23:17:38.393  INFO 6224 --- [l-13-thread-102] tourGuide.service.RewardsService         : ** Processing to get reward points
2021-11-29 23:17:38.395  INFO 6224 --- [ol-13-thread-50] tourGuide.service.RewardsService         : ** Processing to get reward points
2021-11-29 23:17:38.395  INFO 6224 --- [ol-13-thread-27] tourGuide.service.RewardsService         : ** Processing to get reward points
2021-11-29 23:17:38.396  INFO 6224 --- [l-13-thread-148] tourGuide.service.RewardsService         : ** Processing to get reward points
2021-11-29 23:17:38.397  INFO 6224 --- [l-13-thread-151] tourGuide.service.RewardsService         : ** Processing to get reward points
2021-11-29 23:17:38.398  INFO 6224 --- [l-13-thread-177] tourGuide.service.RewardsService         : ** Processing to get reward points
2021-11-29 23:17:38.403  INFO 6224 --- [l-13-thread-106] tourGuide.service.RewardsService         : ** Processing to get reward points
2021-11-29 23:17:38.410  INFO 6224 --- [l-13-thread-135] tourGuide.service.RewardsService         : ** Processing to get reward points
2021-11-29 23:17:38.413  INFO 6224 --- [l-13-thread-187] tourGuide.service.RewardsService         : ** Processing to get reward points
2021-11-29 23:17:38.414  INFO 6224 --- [l-13-thread-198] tourGuide.service.RewardsService         : ** Processing to get reward points
2021-11-29 23:17:38.416  INFO 6224 --- [l-13-thread-138] tourGuide.service.RewardsService         : ** Processing to get reward points
2021-11-29 23:17:38.417  INFO 6224 --- [ol-13-thread-13] tourGuide.service.RewardsService         : ** Processing to get reward points
2021-11-29 23:17:38.426  INFO 6224 --- [ol-13-thread-91] tourGuide.service.RewardsService         : ** Processing to get reward points
2021-11-29 23:17:38.426  INFO 6224 --- [ol-13-thread-72] tourGuide.service.RewardsService         : ** Processing to get reward points
2021-11-29 23:17:38.427  INFO 6224 --- [ol-13-thread-39] tourGuide.service.RewardsService         : ** Processing to get reward points
2021-11-29 23:17:38.435  INFO 6224 --- [l-13-thread-128] tourGuide.service.RewardsService         : ** Processing to get reward points
2021-11-29 23:17:38.435  INFO 6224 --- [ol-13-thread-86] tourGuide.service.RewardsService         : ** Processing to get reward points
2021-11-29 23:17:38.437  INFO 6224 --- [ool-13-thread-8] tourGuide.service.RewardsService         : ** Processing to get reward points
2021-11-29 23:17:38.439  INFO 6224 --- [l-13-thread-160] tourGuide.service.RewardsService         : ** Processing to get reward points
2021-11-29 23:17:38.439  INFO 6224 --- [l-13-thread-168] tourGuide.service.RewardsService         : ** Processing to get reward points
2021-11-29 23:17:38.439  INFO 6224 --- [l-13-thread-169] tourGuide.service.RewardsService         : ** Processing to get reward points
2021-11-29 23:17:38.446  INFO 6224 --- [l-13-thread-181] tourGuide.service.RewardsService         : ** Processing to get reward points
2021-11-29 23:17:38.446  INFO 6224 --- [ol-13-thread-97] tourGuide.service.RewardsService         : ** Processing to get reward points
2021-11-29 23:17:38.446  INFO 6224 --- [ol-13-thread-68] tourGuide.service.RewardsService         : ** Processing to get reward points
2021-11-29 23:17:38.450  INFO 6224 --- [ool-13-thread-9] tourGuide.service.RewardsService         : ** Processing to get reward points
2021-11-29 23:17:38.453  INFO 6224 --- [l-13-thread-173] tourGuide.service.RewardsService         : ** Processing to get reward points
2021-11-29 23:17:38.459  INFO 6224 --- [ol-13-thread-47] tourGuide.service.RewardsService         : ** Processing to get reward points
2021-11-29 23:17:38.461  INFO 6224 --- [ol-13-thread-10] tourGuide.service.RewardsService         : ** Processing to get reward points
2021-11-29 23:17:38.461  INFO 6224 --- [ol-13-thread-21] tourGuide.service.RewardsService         : ** Processing to get reward points
2021-11-29 23:17:38.464  INFO 6224 --- [l-13-thread-167] tourGuide.service.RewardsService         : ** Processing to get reward points
2021-11-29 23:17:38.469  INFO 6224 --- [l-13-thread-131] tourGuide.service.RewardsService         : ** Processing to get reward points
2021-11-29 23:17:38.473  INFO 6224 --- [ol-13-thread-38] tourGuide.service.RewardsService         : ** Processing to get reward points
2021-11-29 23:17:38.473  INFO 6224 --- [l-13-thread-177] tourGuide.service.RewardsService         : ** Processing to get reward points
2021-11-29 23:17:38.478  INFO 6224 --- [ol-13-thread-57] tourGuide.service.RewardsService         : ** Processing to get reward points
2021-11-29 23:17:38.479  INFO 6224 --- [ol-13-thread-71] tourGuide.service.RewardsService         : ** Processing to get reward points
2021-11-29 23:17:38.481  INFO 6224 --- [l-13-thread-186] tourGuide.service.RewardsService         : ** Processing to get reward points
2021-11-29 23:17:38.482  INFO 6224 --- [ool-13-thread-2] tourGuide.service.RewardsService         : ** Processing to get reward points
2021-11-29 23:17:38.488  INFO 6224 --- [l-13-thread-175] tourGuide.service.RewardsService         : ** Processing to get reward points
2021-11-29 23:17:38.489  INFO 6224 --- [ol-13-thread-12] tourGuide.service.RewardsService         : ** Processing to get reward points
2021-11-29 23:17:38.492  INFO 6224 --- [l-13-thread-108] tourGuide.service.RewardsService         : ** Processing to get reward points
2021-11-29 23:17:38.492  INFO 6224 --- [l-13-thread-200] tourGuide.service.RewardsService         : ** Processing to get reward points
2021-11-29 23:17:38.495  INFO 6224 --- [l-13-thread-114] tourGuide.service.RewardsService         : ** Processing to get reward points
2021-11-29 23:17:38.498  INFO 6224 --- [ol-13-thread-99] tourGuide.service.RewardsService         : ** Processing to get reward points
2021-11-29 23:17:38.498  INFO 6224 --- [ool-13-thread-1] tourGuide.service.RewardsService         : ** Processing to get reward points
2021-11-29 23:17:38.501  INFO 6224 --- [ol-13-thread-55] tourGuide.service.RewardsService         : ** Processing to get reward points
2021-11-29 23:17:38.504  INFO 6224 --- [ol-13-thread-91] tourGuide.service.RewardsService         : ** Processing to get reward points
2021-11-29 23:17:38.511  INFO 6224 --- [ol-13-thread-36] tourGuide.service.RewardsService         : ** Processing to get reward points
2021-11-29 23:17:38.513  INFO 6224 --- [l-13-thread-123] tourGuide.service.RewardsService         : ** Processing to get reward points
2021-11-29 23:17:38.516  INFO 6224 --- [l-13-thread-166] tourGuide.service.RewardsService         : ** Processing to get reward points
2021-11-29 23:17:38.519  INFO 6224 --- [l-13-thread-126] tourGuide.service.RewardsService         : ** Processing to get reward points
2021-11-29 23:17:38.527  INFO 6224 --- [ool-13-thread-1] tourGuide.service.RewardsService         : ** Processing to get reward points
2021-11-29 23:17:38.531  INFO 6224 --- [l-13-thread-158] tourGuide.service.RewardsService         : ** Processing to get reward points
2021-11-29 23:17:38.533  INFO 6224 --- [l-13-thread-197] tourGuide.service.RewardsService         : ** Processing to get reward points
2021-11-29 23:17:38.535  INFO 6224 --- [ol-13-thread-28] tourGuide.service.RewardsService         : ** Processing to get reward points
2021-11-29 23:17:38.547  INFO 6224 --- [ol-13-thread-83] tourGuide.service.RewardsService         : ** Processing to get reward points
2021-11-29 23:17:38.551  INFO 6224 --- [l-13-thread-192] tourGuide.service.RewardsService         : ** Processing to get reward points
2021-11-29 23:17:38.553  INFO 6224 --- [l-13-thread-183] tourGuide.service.RewardsService         : ** Processing to get reward points
2021-11-29 23:17:38.553  INFO 6224 --- [ol-13-thread-67] tourGuide.service.RewardsService         : ** Processing to get reward points
2021-11-29 23:17:38.558  INFO 6224 --- [ol-13-thread-59] tourGuide.service.RewardsService         : ** Processing to get reward points
2021-11-29 23:17:38.563  INFO 6224 --- [ol-13-thread-18] tourGuide.service.RewardsService         : ** Processing to get reward points
2021-11-29 23:17:38.563  INFO 6224 --- [ol-13-thread-63] tourGuide.service.RewardsService         : ** Processing to get reward points
2021-11-29 23:17:38.564  INFO 6224 --- [ol-13-thread-77] tourGuide.service.RewardsService         : ** Processing to get reward points
2021-11-29 23:17:38.564  INFO 6224 --- [l-13-thread-130] tourGuide.service.RewardsService         : ** Processing to get reward points
2021-11-29 23:17:38.572  INFO 6224 --- [ol-13-thread-62] tourGuide.service.RewardsService         : ** Processing to get reward points
2021-11-29 23:17:38.572  INFO 6224 --- [ol-13-thread-26] tourGuide.service.RewardsService         : ** Processing to get reward points
2021-11-29 23:17:38.572  INFO 6224 --- [ol-13-thread-41] tourGuide.service.RewardsService         : ** Processing to get reward points
2021-11-29 23:17:38.573  INFO 6224 --- [ol-13-thread-49] tourGuide.service.RewardsService         : ** Processing to get reward points
2021-11-29 23:17:38.576  INFO 6224 --- [l-13-thread-168] tourGuide.service.RewardsService         : ** Processing to get reward points
2021-11-29 23:17:38.578  INFO 6224 --- [ol-13-thread-23] tourGuide.service.RewardsService         : ** Processing to get reward points
2021-11-29 23:17:38.581  INFO 6224 --- [l-13-thread-104] tourGuide.service.RewardsService         : ** Processing to get reward points
2021-11-29 23:17:38.591  INFO 6224 --- [l-13-thread-117] tourGuide.service.RewardsService         : ** Processing to get reward points
2021-11-29 23:17:38.593  INFO 6224 --- [l-13-thread-124] tourGuide.service.RewardsService         : ** Processing to get reward points
2021-11-29 23:17:38.591  INFO 6224 --- [l-13-thread-141] tourGuide.service.RewardsService         : ** Processing to get reward points
2021-11-29 23:17:38.599  INFO 6224 --- [l-13-thread-200] tourGuide.service.RewardsService         : ** Processing to get reward points
2021-11-29 23:17:38.602  INFO 6224 --- [ol-13-thread-32] tourGuide.service.RewardsService         : ** Processing to get reward points
2021-11-29 23:17:38.604  INFO 6224 --- [l-13-thread-161] tourGuide.service.RewardsService         : ** Processing to get reward points
2021-11-29 23:17:38.608  INFO 6224 --- [ool-13-thread-1] tourGuide.service.RewardsService         : ** Processing to get reward points
2021-11-29 23:17:38.608  INFO 6224 --- [l-13-thread-159] tourGuide.service.RewardsService         : ** Processing to get reward points
2021-11-29 23:17:38.611  INFO 6224 --- [ol-13-thread-15] tourGuide.service.RewardsService         : ** Processing to get reward points
2021-11-29 23:17:38.612  INFO 6224 --- [l-13-thread-181] tourGuide.service.RewardsService         : ** Processing to get reward points
2021-11-29 23:17:38.615  INFO 6224 --- [ol-13-thread-70] tourGuide.service.RewardsService         : ** Processing to get reward points
2021-11-29 23:17:38.615  INFO 6224 --- [l-13-thread-154] tourGuide.service.RewardsService         : ** Processing to get reward points
2021-11-29 23:17:38.616  INFO 6224 --- [l-13-thread-169] tourGuide.service.RewardsService         : ** Processing to get reward points
2021-11-29 23:17:38.616  INFO 6224 --- [l-13-thread-171] tourGuide.service.RewardsService         : ** Processing to get reward points
2021-11-29 23:17:38.620  INFO 6224 --- [ol-13-thread-74] tourGuide.service.RewardsService         : ** Processing to get reward points
2021-11-29 23:17:38.622  INFO 6224 --- [l-13-thread-114] tourGuide.service.RewardsService         : ** Processing to get reward points
2021-11-29 23:17:38.624  INFO 6224 --- [l-13-thread-160] tourGuide.service.RewardsService         : ** Processing to get reward points
2021-11-29 23:17:38.626  INFO 6224 --- [ol-13-thread-64] tourGuide.service.RewardsService         : ** Processing to get reward points
2021-11-29 23:17:38.629  INFO 6224 --- [l-13-thread-180] tourGuide.service.RewardsService         : ** Processing to get reward points
2021-11-29 23:17:38.629  INFO 6224 --- [l-13-thread-130] tourGuide.service.RewardsService         : ** Processing to get reward points
2021-11-29 23:17:38.630  INFO 6224 --- [ol-13-thread-39] tourGuide.service.RewardsService         : ** Processing to get reward points
2021-11-29 23:17:38.633  INFO 6224 --- [ol-13-thread-51] tourGuide.service.RewardsService         : ** Processing to get reward points
2021-11-29 23:17:38.635  INFO 6224 --- [ol-13-thread-86] tourGuide.service.RewardsService         : ** Processing to get reward points
2021-11-29 23:17:38.636  INFO 6224 --- [ol-13-thread-22] tourGuide.service.RewardsService         : ** Processing to get reward points
2021-11-29 23:17:38.640  INFO 6224 --- [ol-13-thread-27] tourGuide.service.RewardsService         : ** Processing to get reward points
2021-11-29 23:17:38.644  INFO 6224 --- [ol-13-thread-89] tourGuide.service.RewardsService         : ** Processing to get reward points
2021-11-29 23:17:38.649  INFO 6224 --- [l-13-thread-176] tourGuide.service.RewardsService         : ** Processing to get reward points
2021-11-29 23:17:38.658  INFO 6224 --- [l-13-thread-136] tourGuide.service.RewardsService         : ** Processing to get reward points
2021-11-29 23:17:38.659  INFO 6224 --- [l-13-thread-186] tourGuide.service.RewardsService         : ** Processing to get reward points
2021-11-29 23:17:38.662  INFO 6224 --- [l-13-thread-133] tourGuide.service.RewardsService         : ** Processing to get reward points
2021-11-29 23:17:38.669  INFO 6224 --- [ol-13-thread-89] tourGuide.service.RewardsService         : ** Processing to get reward points
2021-11-29 23:17:38.669  INFO 6224 --- [ol-13-thread-82] tourGuide.service.RewardsService         : ** Processing to get reward points
2021-11-29 23:17:38.669  INFO 6224 --- [ool-13-thread-4] tourGuide.service.RewardsService         : ** Processing to get reward points
2021-11-29 23:17:38.671  INFO 6224 --- [ol-13-thread-99] tourGuide.service.RewardsService         : ** Processing to get reward points
2021-11-29 23:17:38.672  INFO 6224 --- [ol-13-thread-35] tourGuide.service.RewardsService         : ** Processing to get reward points
2021-11-29 23:17:38.674  INFO 6224 --- [ool-13-thread-5] tourGuide.service.RewardsService         : ** Processing to get reward points
2021-11-29 23:17:38.676  INFO 6224 --- [ol-13-thread-15] tourGuide.service.RewardsService         : ** Processing to get reward points
2021-11-29 23:17:38.684  INFO 6224 --- [l-13-thread-164] tourGuide.service.RewardsService         : ** Processing to get reward points
2021-11-29 23:17:38.684  INFO 6224 --- [l-13-thread-142] tourGuide.service.RewardsService         : ** Processing to get reward points
2021-11-29 23:17:38.685  INFO 6224 --- [ol-13-thread-24] tourGuide.service.RewardsService         : ** Processing to get reward points
2021-11-29 23:17:38.685  INFO 6224 --- [l-13-thread-115] tourGuide.service.RewardsService         : ** Processing to get reward points
2021-11-29 23:17:38.691  INFO 6224 --- [l-13-thread-117] tourGuide.service.RewardsService         : ** Processing to get reward points
2021-11-29 23:17:38.693  INFO 6224 --- [l-13-thread-128] tourGuide.service.RewardsService         : ** Processing to get reward points
2021-11-29 23:17:38.694  INFO 6224 --- [l-13-thread-103] tourGuide.service.RewardsService         : ** Processing to get reward points
2021-11-29 23:17:38.696  INFO 6224 --- [l-13-thread-102] tourGuide.service.RewardsService         : ** Processing to get reward points
2021-11-29 23:17:38.700  INFO 6224 --- [ol-13-thread-81] tourGuide.service.RewardsService         : ** Processing to get reward points
2021-11-29 23:17:38.703  INFO 6224 --- [l-13-thread-122] tourGuide.service.RewardsService         : ** Processing to get reward points
2021-11-29 23:17:38.704  INFO 6224 --- [l-13-thread-129] tourGuide.service.RewardsService         : ** Processing to get reward points
2021-11-29 23:17:38.709  INFO 6224 --- [l-13-thread-195] tourGuide.service.RewardsService         : ** Processing to get reward points
2021-11-29 23:17:38.711  INFO 6224 --- [ool-13-thread-1] tourGuide.service.RewardsService         : ** Processing to get reward points
2021-11-29 23:17:38.711  INFO 6224 --- [ool-13-thread-5] tourGuide.service.RewardsService         : ** Processing to get reward points
2021-11-29 23:17:38.715  INFO 6224 --- [ol-13-thread-98] tourGuide.service.RewardsService         : ** Processing to get reward points
2021-11-29 23:17:38.718  INFO 6224 --- [ol-13-thread-78] tourGuide.service.RewardsService         : ** Processing to get reward points
2021-11-29 23:17:38.718  INFO 6224 --- [l-13-thread-160] tourGuide.service.RewardsService         : ** Processing to get reward points
2021-11-29 23:17:38.724  INFO 6224 --- [l-13-thread-150] tourGuide.service.RewardsService         : ** Processing to get reward points
2021-11-29 23:17:38.724  INFO 6224 --- [ol-13-thread-53] tourGuide.service.RewardsService         : ** Processing to get reward points
2021-11-29 23:17:38.725  INFO 6224 --- [ol-13-thread-44] tourGuide.service.RewardsService         : ** Processing to get reward points
2021-11-29 23:17:38.725  INFO 6224 --- [l-13-thread-152] tourGuide.service.RewardsService         : ** Processing to get reward points
2021-11-29 23:17:38.728  INFO 6224 --- [l-13-thread-168] tourGuide.service.RewardsService         : ** Processing to get reward points
2021-11-29 23:17:38.728  INFO 6224 --- [ol-13-thread-48] tourGuide.service.RewardsService         : ** Processing to get reward points
2021-11-29 23:17:38.729  INFO 6224 --- [l-13-thread-183] tourGuide.service.RewardsService         : ** Processing to get reward points
2021-11-29 23:17:38.735  INFO 6224 --- [l-13-thread-111] tourGuide.service.RewardsService         : ** Processing to get reward points
2021-11-29 23:17:38.736  INFO 6224 --- [ol-13-thread-31] tourGuide.service.RewardsService         : ** Processing to get reward points
2021-11-29 23:17:38.737  INFO 6224 --- [ol-13-thread-20] tourGuide.service.RewardsService         : ** Processing to get reward points
2021-11-29 23:17:38.740  INFO 6224 --- [l-13-thread-170] tourGuide.service.RewardsService         : ** Processing to get reward points
2021-11-29 23:17:38.740  INFO 6224 --- [ol-13-thread-11] tourGuide.service.RewardsService         : ** Processing to get reward points
2021-11-29 23:17:38.742  INFO 6224 --- [l-13-thread-145] tourGuide.service.RewardsService         : ** Processing to get reward points
2021-11-29 23:17:38.753  INFO 6224 --- [ol-13-thread-76] tourGuide.service.RewardsService         : ** Processing to get reward points
2021-11-29 23:17:38.757  INFO 6224 --- [ol-13-thread-66] tourGuide.service.RewardsService         : ** Processing to get reward points
2021-11-29 23:17:38.759  INFO 6224 --- [l-13-thread-101] tourGuide.service.RewardsService         : ** Processing to get reward points
2021-11-29 23:17:38.764  INFO 6224 --- [l-13-thread-116] tourGuide.service.RewardsService         : ** Processing to get reward points
2021-11-29 23:17:38.764  INFO 6224 --- [ol-13-thread-60] tourGuide.service.RewardsService         : ** Processing to get reward points
2021-11-29 23:17:38.769  INFO 6224 --- [ol-13-thread-64] tourGuide.service.RewardsService         : ** Processing to get reward points
2021-11-29 23:17:38.773  INFO 6224 --- [l-13-thread-146] tourGuide.service.RewardsService         : ** Processing to get reward points
2021-11-29 23:17:38.773  INFO 6224 --- [ol-13-thread-25] tourGuide.service.RewardsService         : ** Processing to get reward points
2021-11-29 23:17:38.775  INFO 6224 --- [ol-13-thread-30] tourGuide.service.RewardsService         : ** Processing to get reward points
2021-11-29 23:17:38.776  INFO 6224 --- [ol-13-thread-24] tourGuide.service.RewardsService         : ** Processing to get reward points
2021-11-29 23:17:38.779  INFO 6224 --- [l-13-thread-119] tourGuide.service.RewardsService         : ** Processing to get reward points
2021-11-29 23:17:38.779  INFO 6224 --- [l-13-thread-117] tourGuide.service.RewardsService         : ** Processing to get reward points
2021-11-29 23:17:38.781  INFO 6224 --- [ol-13-thread-35] tourGuide.service.RewardsService         : ** Processing to get reward points
2021-11-29 23:17:38.781  INFO 6224 --- [ol-13-thread-40] tourGuide.service.RewardsService         : ** Processing to get reward points
2021-11-29 23:17:38.786  INFO 6224 --- [ol-13-thread-30] tourGuide.service.RewardsService         : ** Processing to get reward points
2021-11-29 23:17:38.793  INFO 6224 --- [l-13-thread-156] tourGuide.service.RewardsService         : ** Processing to get reward points
2021-11-29 23:17:38.793  INFO 6224 --- [ol-13-thread-86] tourGuide.service.RewardsService         : ** Processing to get reward points
2021-11-29 23:17:38.797  INFO 6224 --- [ol-13-thread-34] tourGuide.service.RewardsService         : ** Processing to get reward points
2021-11-29 23:17:38.798  INFO 6224 --- [ol-13-thread-29] tourGuide.service.RewardsService         : ** Processing to get reward points
2021-11-29 23:17:38.799  INFO 6224 --- [l-13-thread-167] tourGuide.service.RewardsService         : ** Processing to get reward points
2021-11-29 23:17:38.802  INFO 6224 --- [ol-13-thread-61] tourGuide.service.RewardsService         : ** Processing to get reward points
2021-11-29 23:17:38.806  INFO 6224 --- [l-13-thread-124] tourGuide.service.RewardsService         : ** Processing to get reward points
2021-11-29 23:17:38.807  INFO 6224 --- [ol-13-thread-95] tourGuide.service.RewardsService         : ** Processing to get reward points
2021-11-29 23:17:38.808  INFO 6224 --- [l-13-thread-170] tourGuide.service.RewardsService         : ** Processing to get reward points
2021-11-29 23:17:38.811  INFO 6224 --- [l-13-thread-106] tourGuide.service.RewardsService         : ** Processing to get reward points
2021-11-29 23:17:38.813  INFO 6224 --- [ol-13-thread-16] tourGuide.service.RewardsService         : ** Processing to get reward points
2021-11-29 23:17:38.814  INFO 6224 --- [l-13-thread-197] tourGuide.service.RewardsService         : ** Processing to get reward points
2021-11-29 23:17:38.821  INFO 6224 --- [l-13-thread-196] tourGuide.service.RewardsService         : ** Processing to get reward points
2021-11-29 23:17:38.831  INFO 6224 --- [l-13-thread-173] tourGuide.service.RewardsService         : ** Processing to get reward points
2021-11-29 23:17:38.833  INFO 6224 --- [ol-13-thread-90] tourGuide.service.RewardsService         : ** Processing to get reward points
2021-11-29 23:17:38.836  INFO 6224 --- [l-13-thread-178] tourGuide.service.RewardsService         : ** Processing to get reward points
2021-11-29 23:17:38.842  INFO 6224 --- [ol-13-thread-28] tourGuide.service.RewardsService         : ** Processing to get reward points
2021-11-29 23:17:38.844  INFO 6224 --- [l-13-thread-103] tourGuide.service.RewardsService         : ** Processing to get reward points
2021-11-29 23:17:38.849  INFO 6224 --- [l-13-thread-149] tourGuide.service.RewardsService         : ** Processing to get reward points
2021-11-29 23:17:38.849  INFO 6224 --- [l-13-thread-179] tourGuide.service.RewardsService         : ** Processing to get reward points
2021-11-29 23:17:38.852  INFO 6224 --- [ol-13-thread-87] tourGuide.service.RewardsService         : ** Processing to get reward points
2021-11-29 23:17:38.854  INFO 6224 --- [ol-13-thread-30] tourGuide.service.RewardsService         : ** Processing to get reward points
2021-11-29 23:17:38.854  INFO 6224 --- [l-13-thread-112] tourGuide.service.RewardsService         : ** Processing to get reward points
2021-11-29 23:17:38.855  INFO 6224 --- [l-13-thread-194] tourGuide.service.RewardsService         : ** Processing to get reward points
2021-11-29 23:17:38.856  INFO 6224 --- [l-13-thread-140] tourGuide.service.RewardsService         : ** Processing to get reward points
2021-11-29 23:17:38.860  INFO 6224 --- [ool-13-thread-7] tourGuide.service.RewardsService         : ** Processing to get reward points
2021-11-29 23:17:38.861  INFO 6224 --- [l-13-thread-160] tourGuide.service.RewardsService         : ** Processing to get reward points
2021-11-29 23:17:38.862  INFO 6224 --- [ol-13-thread-14] tourGuide.service.RewardsService         : ** Processing to get reward points
2021-11-29 23:17:38.862  INFO 6224 --- [ol-13-thread-35] tourGuide.service.RewardsService         : ** Processing to get reward points
2021-11-29 23:17:38.863  INFO 6224 --- [ol-13-thread-17] tourGuide.service.RewardsService         : ** Processing to get reward points
2021-11-29 23:17:38.864  INFO 6224 --- [l-13-thread-157] tourGuide.service.RewardsService         : ** Processing to get reward points
2021-11-29 23:17:38.865  INFO 6224 --- [l-13-thread-127] tourGuide.service.RewardsService         : ** Processing to get reward points
2021-11-29 23:17:38.867  INFO 6224 --- [l-13-thread-141] tourGuide.service.RewardsService         : ** Processing to get reward points
2021-11-29 23:17:38.867  INFO 6224 --- [l-13-thread-144] tourGuide.service.RewardsService         : ** Processing to get reward points
2021-11-29 23:17:38.869  INFO 6224 --- [l-13-thread-154] tourGuide.service.RewardsService         : ** Processing to get reward points
2021-11-29 23:17:38.869  INFO 6224 --- [l-13-thread-190] tourGuide.service.RewardsService         : ** Processing to get reward points
2021-11-29 23:17:38.872  INFO 6224 --- [ol-13-thread-72] tourGuide.service.RewardsService         : ** Processing to get reward points
2021-11-29 23:17:38.873  INFO 6224 --- [ol-13-thread-58] tourGuide.service.RewardsService         : ** Processing to get reward points
2021-11-29 23:17:38.877  INFO 6224 --- [ol-13-thread-63] tourGuide.service.RewardsService         : ** Processing to get reward points
2021-11-29 23:17:38.880  INFO 6224 --- [l-13-thread-132] tourGuide.service.RewardsService         : ** Processing to get reward points
2021-11-29 23:17:38.880  INFO 6224 --- [ol-13-thread-96] tourGuide.service.RewardsService         : ** Processing to get reward points
2021-11-29 23:17:38.881  INFO 6224 --- [ol-13-thread-26] tourGuide.service.RewardsService         : ** Processing to get reward points
2021-11-29 23:17:38.881  INFO 6224 --- [ool-13-thread-3] tourGuide.service.RewardsService         : ** Processing to get reward points
2021-11-29 23:17:38.885  INFO 6224 --- [ol-13-thread-79] tourGuide.service.RewardsService         : ** Processing to get reward points
2021-11-29 23:17:38.885  INFO 6224 --- [l-13-thread-182] tourGuide.service.RewardsService         : ** Processing to get reward points
2021-11-29 23:17:38.886  INFO 6224 --- [ol-13-thread-76] tourGuide.service.RewardsService         : ** Processing to get reward points
2021-11-29 23:17:38.889  INFO 6224 --- [ol-13-thread-12] tourGuide.service.RewardsService         : ** Processing to get reward points
2021-11-29 23:17:38.889  INFO 6224 --- [l-13-thread-137] tourGuide.service.RewardsService         : ** Processing to get reward points
2021-11-29 23:17:38.891  INFO 6224 --- [ol-13-thread-33] tourGuide.service.RewardsService         : ** Processing to get reward points
2021-11-29 23:17:38.895  INFO 6224 --- [ol-13-thread-65] tourGuide.service.RewardsService         : ** Processing to get reward points
2021-11-29 23:17:38.895  INFO 6224 --- [ol-13-thread-80] tourGuide.service.RewardsService         : ** Processing to get reward points
2021-11-29 23:17:38.895  INFO 6224 --- [l-13-thread-107] tourGuide.service.RewardsService         : ** Processing to get reward points
2021-11-29 23:17:38.897  INFO 6224 --- [ol-13-thread-12] tourGuide.service.RewardsService         : ** Processing to get reward points
2021-11-29 23:17:38.897  INFO 6224 --- [ol-13-thread-11] tourGuide.service.RewardsService         : ** Processing to get reward points
2021-11-29 23:17:38.901  INFO 6224 --- [l-13-thread-188] tourGuide.service.RewardsService         : ** Processing to get reward points
2021-11-29 23:17:38.905  INFO 6224 --- [ol-13-thread-49] tourGuide.service.RewardsService         : ** Processing to get reward points
2021-11-29 23:17:38.909  INFO 6224 --- [l-13-thread-100] tourGuide.service.RewardsService         : ** Processing to get reward points
2021-11-29 23:17:38.909  INFO 6224 --- [ol-13-thread-93] tourGuide.service.RewardsService         : ** Processing to get reward points
2021-11-29 23:17:38.911  INFO 6224 --- [l-13-thread-182] tourGuide.service.RewardsService         : ** Processing to get reward points
2021-11-29 23:17:38.912  INFO 6224 --- [ol-13-thread-43] tourGuide.service.RewardsService         : ** Processing to get reward points
2021-11-29 23:17:38.913  INFO 6224 --- [l-13-thread-118] tourGuide.service.RewardsService         : ** Processing to get reward points
2021-11-29 23:17:38.915  INFO 6224 --- [l-13-thread-173] tourGuide.service.RewardsService         : ** Processing to get reward points
2021-11-29 23:17:38.918  INFO 6224 --- [l-13-thread-114] tourGuide.service.RewardsService         : ** Processing to get reward points
2021-11-29 23:17:38.921  INFO 6224 --- [ol-13-thread-67] tourGuide.service.RewardsService         : ** Processing to get reward points
2021-11-29 23:17:38.925  INFO 6224 --- [ol-13-thread-21] tourGuide.service.RewardsService         : ** Processing to get reward points
2021-11-29 23:17:38.925  INFO 6224 --- [ol-13-thread-88] tourGuide.service.RewardsService         : ** Processing to get reward points
2021-11-29 23:17:38.925  INFO 6224 --- [ol-13-thread-34] tourGuide.service.RewardsService         : ** Processing to get reward points
2021-11-29 23:17:38.927  INFO 6224 --- [ol-13-thread-62] tourGuide.service.RewardsService         : ** Processing to get reward points
2021-11-29 23:17:38.931  INFO 6224 --- [l-13-thread-199] tourGuide.service.RewardsService         : ** Processing to get reward points
2021-11-29 23:17:38.932  INFO 6224 --- [ol-13-thread-40] tourGuide.service.RewardsService         : ** Processing to get reward points
2021-11-29 23:17:38.935  INFO 6224 --- [ol-13-thread-52] tourGuide.service.RewardsService         : ** Processing to get reward points
2021-11-29 23:17:38.942  INFO 6224 --- [ool-13-thread-9] tourGuide.service.RewardsService         : ** Processing to get reward points
2021-11-29 23:17:38.945  INFO 6224 --- [l-13-thread-139] tourGuide.service.RewardsService         : ** Processing to get reward points
2021-11-29 23:17:38.947  INFO 6224 --- [l-13-thread-192] tourGuide.service.RewardsService         : ** Processing to get reward points
2021-11-29 23:17:38.949  INFO 6224 --- [l-13-thread-185] tourGuide.service.RewardsService         : ** Processing to get reward points
2021-11-29 23:17:38.949  INFO 6224 --- [l-13-thread-179] tourGuide.service.RewardsService         : ** Processing to get reward points
2021-11-29 23:17:38.953  INFO 6224 --- [l-13-thread-177] tourGuide.service.RewardsService         : ** Processing to get reward points
2021-11-29 23:17:38.963  INFO 6224 --- [ol-13-thread-85] tourGuide.service.RewardsService         : ** Processing to get reward points
2021-11-29 23:17:38.966  INFO 6224 --- [ol-13-thread-33] tourGuide.service.RewardsService         : ** Processing to get reward points
2021-11-29 23:17:38.967  INFO 6224 --- [l-13-thread-109] tourGuide.service.RewardsService         : ** Processing to get reward points
2021-11-29 23:17:38.971  INFO 6224 --- [l-13-thread-159] tourGuide.service.RewardsService         : ** Processing to get reward points
2021-11-29 23:17:38.971  INFO 6224 --- [ol-13-thread-90] tourGuide.service.RewardsService         : ** Processing to get reward points
2021-11-29 23:17:38.974  INFO 6224 --- [l-13-thread-113] tourGuide.service.RewardsService         : ** Processing to get reward points
2021-11-29 23:17:38.976  INFO 6224 --- [ol-13-thread-37] tourGuide.service.RewardsService         : ** Processing to get reward points
2021-11-29 23:17:38.980  INFO 6224 --- [ol-13-thread-10] tourGuide.service.RewardsService         : ** Processing to get reward points
2021-11-29 23:17:38.985  INFO 6224 --- [l-13-thread-134] tourGuide.service.RewardsService         : ** Processing to get reward points
2021-11-29 23:17:38.985  INFO 6224 --- [ol-13-thread-31] tourGuide.service.RewardsService         : ** Processing to get reward points
2021-11-29 23:17:38.985  INFO 6224 --- [ol-13-thread-73] tourGuide.service.RewardsService         : ** Processing to get reward points
2021-11-29 23:17:38.987  INFO 6224 --- [l-13-thread-172] tourGuide.service.RewardsService         : ** Processing to get reward points
2021-11-29 23:17:38.987  INFO 6224 --- [l-13-thread-108] tourGuide.service.RewardsService         : ** Processing to get reward points
2021-11-29 23:17:38.991  INFO 6224 --- [ol-13-thread-36] tourGuide.service.RewardsService         : ** Processing to get reward points
2021-11-29 23:17:38.995  INFO 6224 --- [l-13-thread-166] tourGuide.service.RewardsService         : ** Processing to get reward points
2021-11-29 23:17:38.995  INFO 6224 --- [ol-13-thread-65] tourGuide.service.RewardsService         : ** Processing to get reward points
2021-11-29 23:17:38.997  INFO 6224 --- [ol-13-thread-67] tourGuide.service.RewardsService         : ** Processing to get reward points
2021-11-29 23:17:38.999  INFO 6224 --- [l-13-thread-144] tourGuide.service.RewardsService         : ** Processing to get reward points
2021-11-29 23:17:39.002  INFO 6224 --- [ool-13-thread-8] tourGuide.service.RewardsService         : ** Processing to get reward points
2021-11-29 23:17:39.008  INFO 6224 --- [l-13-thread-147] tourGuide.service.RewardsService         : ** Processing to get reward points
2021-11-29 23:17:39.008  INFO 6224 --- [l-13-thread-121] tourGuide.service.RewardsService         : ** Processing to get reward points
2021-11-29 23:17:39.008  INFO 6224 --- [ol-13-thread-94] tourGuide.service.RewardsService         : ** Processing to get reward points
2021-11-29 23:17:39.011  INFO 6224 --- [ol-13-thread-97] tourGuide.service.RewardsService         : ** Processing to get reward points
2021-11-29 23:17:39.013  INFO 6224 --- [ool-13-thread-4] tourGuide.service.RewardsService         : ** Processing to get reward points
2021-11-29 23:17:39.017  INFO 6224 --- [l-13-thread-148] tourGuide.service.RewardsService         : ** Processing to get reward points
2021-11-29 23:17:39.026  INFO 6224 --- [l-13-thread-151] tourGuide.service.RewardsService         : ** Processing to get reward points
2021-11-29 23:17:39.032  INFO 6224 --- [ol-13-thread-22] tourGuide.service.RewardsService         : ** Processing to get reward points
2021-11-29 23:17:39.037  INFO 6224 --- [ol-13-thread-54] tourGuide.service.RewardsService         : ** Processing to get reward points
2021-11-29 23:17:39.038  INFO 6224 --- [l-13-thread-131] tourGuide.service.RewardsService         : ** Processing to get reward points
2021-11-29 23:17:39.038  INFO 6224 --- [l-13-thread-133] tourGuide.service.RewardsService         : ** Processing to get reward points
2021-11-29 23:17:39.038  INFO 6224 --- [ol-13-thread-44] tourGuide.service.RewardsService         : ** Processing to get reward points
2021-11-29 23:17:39.039  INFO 6224 --- [l-13-thread-170] tourGuide.service.RewardsService         : ** Processing to get reward points
2021-11-29 23:17:39.043  INFO 6224 --- [ol-13-thread-75] tourGuide.service.RewardsService         : ** Processing to get reward points
2021-11-29 23:17:39.043  INFO 6224 --- [l-13-thread-143] tourGuide.service.RewardsService         : ** Processing to get reward points
2021-11-29 23:17:39.049  INFO 6224 --- [ol-13-thread-74] tourGuide.service.RewardsService         : ** Processing to get reward points
2021-11-29 23:17:39.055  INFO 6224 --- [l-13-thread-138] tourGuide.service.RewardsService         : ** Processing to get reward points
2021-11-29 23:17:39.057  INFO 6224 --- [l-13-thread-193] tourGuide.service.RewardsService         : ** Processing to get reward points
2021-11-29 23:17:39.057  INFO 6224 --- [ol-13-thread-59] tourGuide.service.RewardsService         : ** Processing to get reward points
2021-11-29 23:17:39.059  INFO 6224 --- [ol-13-thread-45] tourGuide.service.RewardsService         : ** Processing to get reward points
2021-11-29 23:17:39.063  INFO 6224 --- [l-13-thread-116] tourGuide.service.RewardsService         : ** Processing to get reward points
2021-11-29 23:17:39.069  INFO 6224 --- [l-13-thread-184] tourGuide.service.RewardsService         : ** Processing to get reward points
2021-11-29 23:17:39.069  INFO 6224 --- [l-13-thread-191] tourGuide.service.RewardsService         : ** Processing to get reward points
2021-11-29 23:17:39.073  INFO 6224 --- [l-13-thread-132] tourGuide.service.RewardsService         : ** Processing to get reward points
2021-11-29 23:17:39.073  INFO 6224 --- [l-13-thread-171] tourGuide.service.RewardsService         : ** Processing to get reward points
2021-11-29 23:17:39.075  INFO 6224 --- [l-13-thread-139] tourGuide.service.RewardsService         : ** Processing to get reward points
2021-11-29 23:17:39.077  INFO 6224 --- [l-13-thread-158] tourGuide.service.RewardsService         : ** Processing to get reward points
2021-11-29 23:17:39.078  INFO 6224 --- [l-13-thread-107] tourGuide.service.RewardsService         : ** Processing to get reward points
2021-11-29 23:17:39.078  INFO 6224 --- [ol-13-thread-91] tourGuide.service.RewardsService         : ** Processing to get reward points
2021-11-29 23:17:39.080  INFO 6224 --- [l-13-thread-174] tourGuide.service.RewardsService         : ** Processing to get reward points
2021-11-29 23:17:39.083  INFO 6224 --- [l-13-thread-149] tourGuide.service.RewardsService         : ** Processing to get reward points
2021-11-29 23:17:39.087  INFO 6224 --- [ol-13-thread-46] tourGuide.service.RewardsService         : ** Processing to get reward points
2021-11-29 23:17:39.088  INFO 6224 --- [l-13-thread-165] tourGuide.service.RewardsService         : ** Processing to get reward points
2021-11-29 23:17:39.090  INFO 6224 --- [l-13-thread-106] tourGuide.service.RewardsService         : ** Processing to get reward points
2021-11-29 23:17:39.093  INFO 6224 --- [ol-13-thread-92] tourGuide.service.RewardsService         : ** Processing to get reward points
2021-11-29 23:17:39.093  INFO 6224 --- [ol-13-thread-69] tourGuide.service.RewardsService         : ** Processing to get reward points
2021-11-29 23:17:39.095  INFO 6224 --- [l-13-thread-120] tourGuide.service.RewardsService         : ** Processing to get reward points
2021-11-29 23:17:39.104  INFO 6224 --- [ol-13-thread-80] tourGuide.service.RewardsService         : ** Processing to get reward points
2021-11-29 23:17:39.108  INFO 6224 --- [l-13-thread-102] tourGuide.service.RewardsService         : ** Processing to get reward points
2021-11-29 23:17:39.109  INFO 6224 --- [l-13-thread-105] tourGuide.service.RewardsService         : ** Processing to get reward points
2021-11-29 23:17:39.114  INFO 6224 --- [l-13-thread-127] tourGuide.service.RewardsService         : ** Processing to get reward points
2021-11-29 23:17:39.120  INFO 6224 --- [ol-13-thread-63] tourGuide.service.RewardsService         : ** Processing to get reward points
2021-11-29 23:17:39.121  INFO 6224 --- [ol-13-thread-89] tourGuide.service.RewardsService         : ** Processing to get reward points
2021-11-29 23:17:39.121  INFO 6224 --- [ol-13-thread-56] tourGuide.service.RewardsService         : ** Processing to get reward points
2021-11-29 23:17:39.127  INFO 6224 --- [ol-13-thread-11] tourGuide.service.RewardsService         : ** Processing to get reward points
2021-11-29 23:17:39.129  INFO 6224 --- [l-13-thread-119] tourGuide.service.RewardsService         : ** Processing to get reward points
2021-11-29 23:17:39.131  INFO 6224 --- [ol-13-thread-45] tourGuide.service.RewardsService         : ** Processing to get reward points
2021-11-29 23:17:39.133  INFO 6224 --- [l-13-thread-123] tourGuide.service.RewardsService         : ** Processing to get reward points
2021-11-29 23:17:39.133  INFO 6224 --- [ol-13-thread-67] tourGuide.service.RewardsService         : ** Processing to get reward points
2021-11-29 23:17:39.137  INFO 6224 --- [l-13-thread-163] tourGuide.service.RewardsService         : ** Processing to get reward points
2021-11-29 23:17:39.137  INFO 6224 --- [l-13-thread-101] tourGuide.service.RewardsService         : ** Processing to get reward points
2021-11-29 23:17:39.138  INFO 6224 --- [ol-13-thread-21] tourGuide.service.RewardsService         : ** Processing to get reward points
2021-11-29 23:17:39.138  INFO 6224 --- [l-13-thread-162] tourGuide.service.RewardsService         : ** Processing to get reward points
2021-11-29 23:17:39.140  INFO 6224 --- [l-13-thread-140] tourGuide.service.RewardsService         : ** Processing to get reward points
2021-11-29 23:17:39.142  INFO 6224 --- [ol-13-thread-41] tourGuide.service.RewardsService         : ** Processing to get reward points
2021-11-29 23:17:39.156  INFO 6224 --- [ol-13-thread-99] tourGuide.service.RewardsService         : ** Processing to get reward points
2021-11-29 23:17:39.159  INFO 6224 --- [ol-13-thread-57] tourGuide.service.RewardsService         : ** Processing to get reward points
2021-11-29 23:17:39.163  INFO 6224 --- [ol-13-thread-12] tourGuide.service.RewardsService         : ** Processing to get reward points
2021-11-29 23:17:39.169  INFO 6224 --- [ol-13-thread-19] tourGuide.service.RewardsService         : ** Processing to get reward points
2021-11-29 23:17:39.169  INFO 6224 --- [l-13-thread-200] tourGuide.service.RewardsService         : ** Processing to get reward points
2021-11-29 23:17:39.169  INFO 6224 --- [ol-13-thread-69] tourGuide.service.RewardsService         : ** Processing to get reward points
2021-11-29 23:17:39.172  INFO 6224 --- [ool-13-thread-6] tourGuide.service.RewardsService         : ** Processing to get reward points
2021-11-29 23:17:39.173  INFO 6224 --- [l-13-thread-122] tourGuide.service.RewardsService         : ** Processing to get reward points
2021-11-29 23:17:39.174  INFO 6224 --- [ol-13-thread-71] tourGuide.service.RewardsService         : ** Processing to get reward points
2021-11-29 23:17:39.175  INFO 6224 --- [l-13-thread-170] tourGuide.service.RewardsService         : ** Processing to get reward points
2021-11-29 23:17:39.178  INFO 6224 --- [ol-13-thread-96] tourGuide.service.RewardsService         : ** Processing to get reward points
2021-11-29 23:17:39.183  INFO 6224 --- [l-13-thread-130] tourGuide.service.RewardsService         : ** Processing to get reward points
2021-11-29 23:17:39.189  INFO 6224 --- [l-13-thread-177] tourGuide.service.RewardsService         : ** Processing to get reward points
2021-11-29 23:17:39.190  INFO 6224 --- [l-13-thread-155] tourGuide.service.RewardsService         : ** Processing to get reward points
2021-11-29 23:17:39.192  INFO 6224 --- [l-13-thread-162] tourGuide.service.RewardsService         : ** Processing to get reward points
2021-11-29 23:17:39.192  INFO 6224 --- [l-13-thread-124] tourGuide.service.RewardsService         : ** Processing to get reward points
2021-11-29 23:17:39.192  INFO 6224 --- [l-13-thread-117] tourGuide.service.RewardsService         : ** Processing to get reward points
2021-11-29 23:17:39.197  INFO 6224 --- [l-13-thread-182] tourGuide.service.RewardsService         : ** Processing to get reward points
2021-11-29 23:17:39.202  INFO 6224 --- [l-13-thread-168] tourGuide.service.RewardsService         : ** Processing to get reward points
2021-11-29 23:17:39.202  INFO 6224 --- [ol-13-thread-68] tourGuide.service.RewardsService         : ** Processing to get reward points
2021-11-29 23:17:39.209  INFO 6224 --- [l-13-thread-151] tourGuide.service.RewardsService         : ** Processing to get reward points
2021-11-29 23:17:39.217  INFO 6224 --- [l-13-thread-162] tourGuide.service.RewardsService         : ** Processing to get reward points
2021-11-29 23:17:39.220  INFO 6224 --- [ol-13-thread-20] tourGuide.service.RewardsService         : ** Processing to get reward points
2021-11-29 23:17:39.220  INFO 6224 --- [l-13-thread-164] tourGuide.service.RewardsService         : ** Processing to get reward points
2021-11-29 23:17:39.221  INFO 6224 --- [l-13-thread-155] tourGuide.service.RewardsService         : ** Processing to get reward points
2021-11-29 23:17:39.227  INFO 6224 --- [l-13-thread-125] tourGuide.service.RewardsService         : ** Processing to get reward points
2021-11-29 23:17:39.228  INFO 6224 --- [ol-13-thread-35] tourGuide.service.RewardsService         : ** Processing to get reward points
2021-11-29 23:17:39.229  INFO 6224 --- [ol-13-thread-34] tourGuide.service.RewardsService         : ** Processing to get reward points
2021-11-29 23:17:39.236  INFO 6224 --- [ol-13-thread-55] tourGuide.service.RewardsService         : ** Processing to get reward points
2021-11-29 23:17:39.238  INFO 6224 --- [l-13-thread-165] tourGuide.service.RewardsService         : ** Processing to get reward points
2021-11-29 23:17:39.240  INFO 6224 --- [ol-13-thread-83] tourGuide.service.RewardsService         : ** Processing to get reward points
2021-11-29 23:17:39.240  INFO 6224 --- [l-13-thread-167] tourGuide.service.RewardsService         : ** Processing to get reward points
2021-11-29 23:17:39.243  INFO 6224 --- [l-13-thread-194] tourGuide.service.RewardsService         : ** Processing to get reward points
2021-11-29 23:17:39.244  INFO 6224 --- [ool-13-thread-7] tourGuide.service.RewardsService         : ** Processing to get reward points
2021-11-29 23:17:39.244  INFO 6224 --- [l-13-thread-143] tourGuide.service.RewardsService         : ** Processing to get reward points
2021-11-29 23:17:39.245  INFO 6224 --- [l-13-thread-145] tourGuide.service.RewardsService         : ** Processing to get reward points
2021-11-29 23:17:39.248  INFO 6224 --- [ol-13-thread-43] tourGuide.service.RewardsService         : ** Processing to get reward points
2021-11-29 23:17:39.249  INFO 6224 --- [l-13-thread-110] tourGuide.service.RewardsService         : ** Processing to get reward points
2021-11-29 23:17:39.252  INFO 6224 --- [l-13-thread-122] tourGuide.service.RewardsService         : ** Processing to get reward points
2021-11-29 23:17:39.254  INFO 6224 --- [l-13-thread-176] tourGuide.service.RewardsService         : ** Processing to get reward points
2021-11-29 23:17:39.254  INFO 6224 --- [l-13-thread-142] tourGuide.service.RewardsService         : ** Processing to get reward points
2021-11-29 23:17:39.255  INFO 6224 --- [ol-13-thread-36] tourGuide.service.RewardsService         : ** Processing to get reward points
2021-11-29 23:17:39.259  INFO 6224 --- [ol-13-thread-42] tourGuide.service.RewardsService         : ** Processing to get reward points
2021-11-29 23:17:39.263  INFO 6224 --- [l-13-thread-159] tourGuide.service.RewardsService         : ** Processing to get reward points
2021-11-29 23:17:39.263  INFO 6224 --- [ol-13-thread-76] tourGuide.service.RewardsService         : ** Processing to get reward points
2021-11-29 23:17:39.265  INFO 6224 --- [ol-13-thread-30] tourGuide.service.RewardsService         : ** Processing to get reward points
2021-11-29 23:17:39.269  INFO 6224 --- [l-13-thread-158] tourGuide.service.RewardsService         : ** Processing to get reward points
2021-11-29 23:17:39.271  INFO 6224 --- [ol-13-thread-49] tourGuide.service.RewardsService         : ** Processing to get reward points
2021-11-29 23:17:39.276  INFO 6224 --- [ol-13-thread-75] tourGuide.service.RewardsService         : ** Processing to get reward points
2021-11-29 23:17:39.280  INFO 6224 --- [l-13-thread-186] tourGuide.service.RewardsService         : ** Processing to get reward points
2021-11-29 23:17:39.280  INFO 6224 --- [l-13-thread-184] tourGuide.service.RewardsService         : ** Processing to get reward points
2021-11-29 23:17:39.280  INFO 6224 --- [ol-13-thread-39] tourGuide.service.RewardsService         : ** Processing to get reward points
2021-11-29 23:17:39.281  INFO 6224 --- [ol-13-thread-22] tourGuide.service.RewardsService         : ** Processing to get reward points
2021-11-29 23:17:39.284  INFO 6224 --- [ol-13-thread-84] tourGuide.service.RewardsService         : ** Processing to get reward points
2021-11-29 23:17:39.284  INFO 6224 --- [l-13-thread-111] tourGuide.service.RewardsService         : ** Processing to get reward points
2021-11-29 23:17:39.287  INFO 6224 --- [l-13-thread-153] tourGuide.service.RewardsService         : ** Processing to get reward points
2021-11-29 23:17:39.287  INFO 6224 --- [ol-13-thread-44] tourGuide.service.RewardsService         : ** Processing to get reward points
2021-11-29 23:17:39.293  INFO 6224 --- [ol-13-thread-64] tourGuide.service.RewardsService         : ** Processing to get reward points
2021-11-29 23:17:39.302  INFO 6224 --- [l-13-thread-187] tourGuide.service.RewardsService         : ** Processing to get reward points
2021-11-29 23:17:39.318  INFO 6224 --- [l-13-thread-128] tourGuide.service.RewardsService         : ** Processing to get reward points
2021-11-29 23:17:39.318  INFO 6224 --- [ool-13-thread-1] tourGuide.service.RewardsService         : ** Processing to get reward points
2021-11-29 23:17:39.318  INFO 6224 --- [ool-13-thread-5] tourGuide.service.RewardsService         : ** Processing to get reward points
2021-11-29 23:17:39.319  INFO 6224 --- [l-13-thread-189] tourGuide.service.RewardsService         : ** Processing to get reward points
2021-11-29 23:17:39.321  INFO 6224 --- [l-13-thread-104] tourGuide.service.RewardsService         : ** Processing to get reward points
2021-11-29 23:17:39.321  INFO 6224 --- [ol-13-thread-50] tourGuide.service.RewardsService         : ** Processing to get reward points
2021-11-29 23:17:39.322  INFO 6224 --- [ol-13-thread-91] tourGuide.service.RewardsService         : ** Processing to get reward points
2021-11-29 23:17:39.329  INFO 6224 --- [ol-13-thread-23] tourGuide.service.RewardsService         : ** Processing to get reward points
2021-11-29 23:17:39.330  INFO 6224 --- [ol-13-thread-38] tourGuide.service.RewardsService         : ** Processing to get reward points
2021-11-29 23:17:39.334  INFO 6224 --- [l-13-thread-102] tourGuide.service.RewardsService         : ** Processing to get reward points
2021-11-29 23:17:39.336  INFO 6224 --- [l-13-thread-152] tourGuide.service.RewardsService         : ** Processing to get reward points
2021-11-29 23:17:39.343  INFO 6224 --- [ol-13-thread-20] tourGuide.service.RewardsService         : ** Processing to get reward points
2021-11-29 23:17:39.348  INFO 6224 --- [ol-13-thread-90] tourGuide.service.RewardsService         : ** Processing to get reward points
2021-11-29 23:17:39.359  INFO 6224 --- [l-13-thread-115] tourGuide.service.RewardsService         : ** Processing to get reward points
2021-11-29 23:17:39.360  INFO 6224 --- [ol-13-thread-19] tourGuide.service.RewardsService         : ** Processing to get reward points
2021-11-29 23:17:39.362  INFO 6224 --- [ol-13-thread-55] tourGuide.service.RewardsService         : ** Processing to get reward points
2021-11-29 23:17:39.365  INFO 6224 --- [l-13-thread-196] tourGuide.service.RewardsService         : ** Processing to get reward points
2021-11-29 23:17:39.369  INFO 6224 --- [ol-13-thread-57] tourGuide.service.RewardsService         : ** Processing to get reward points
2021-11-29 23:17:39.373  INFO 6224 --- [l-13-thread-162] tourGuide.service.RewardsService         : ** Processing to get reward points
2021-11-29 23:17:39.373  INFO 6224 --- [ol-13-thread-20] tourGuide.service.RewardsService         : ** Processing to get reward points
2021-11-29 23:17:39.377  INFO 6224 --- [ol-13-thread-47] tourGuide.service.RewardsService         : ** Processing to get reward points
2021-11-29 23:17:39.378  INFO 6224 --- [ol-13-thread-78] tourGuide.service.RewardsService         : ** Processing to get reward points
2021-11-29 23:17:39.383  INFO 6224 --- [l-13-thread-103] tourGuide.service.RewardsService         : ** Processing to get reward points
2021-11-29 23:17:39.383  INFO 6224 --- [l-13-thread-198] tourGuide.service.RewardsService         : ** Processing to get reward points
2021-11-29 23:17:39.386  INFO 6224 --- [l-13-thread-100] tourGuide.service.RewardsService         : ** Processing to get reward points
2021-11-29 23:17:39.387  INFO 6224 --- [l-13-thread-136] tourGuide.service.RewardsService         : ** Processing to get reward points
2021-11-29 23:17:39.389  INFO 6224 --- [l-13-thread-159] tourGuide.service.RewardsService         : ** Processing to get reward points
2021-11-29 23:17:39.394  INFO 6224 --- [ol-13-thread-20] tourGuide.service.RewardsService         : ** Processing to get reward points
2021-11-29 23:17:39.394  INFO 6224 --- [ol-13-thread-13] tourGuide.service.RewardsService         : ** Processing to get reward points
2021-11-29 23:17:39.402  INFO 6224 --- [l-13-thread-154] tourGuide.service.RewardsService         : ** Processing to get reward points
2021-11-29 23:17:39.402  INFO 6224 --- [l-13-thread-135] tourGuide.service.RewardsService         : ** Processing to get reward points
2021-11-29 23:17:39.407  INFO 6224 --- [ol-13-thread-80] tourGuide.service.RewardsService         : ** Processing to get reward points
2021-11-29 23:17:39.407  INFO 6224 --- [ol-13-thread-87] tourGuide.service.RewardsService         : ** Processing to get reward points
2021-11-29 23:17:39.411  INFO 6224 --- [ol-13-thread-46] tourGuide.service.RewardsService         : ** Processing to get reward points
2021-11-29 23:17:39.411  INFO 6224 --- [l-13-thread-180] tourGuide.service.RewardsService         : ** Processing to get reward points
2021-11-29 23:17:39.415  INFO 6224 --- [l-13-thread-158] tourGuide.service.RewardsService         : ** Processing to get reward points
2021-11-29 23:17:39.420  INFO 6224 --- [ol-13-thread-77] tourGuide.service.RewardsService         : ** Processing to get reward points
2021-11-29 23:17:39.421  INFO 6224 --- [ol-13-thread-73] tourGuide.service.RewardsService         : ** Processing to get reward points
2021-11-29 23:17:39.422  INFO 6224 --- [ol-13-thread-38] tourGuide.service.RewardsService         : ** Processing to get reward points
2021-11-29 23:17:39.425  INFO 6224 --- [l-13-thread-130] tourGuide.service.RewardsService         : ** Processing to get reward points
2021-11-29 23:17:39.434  INFO 6224 --- [l-13-thread-175] tourGuide.service.RewardsService         : ** Processing to get reward points
2021-11-29 23:17:39.435  INFO 6224 --- [ol-13-thread-95] tourGuide.service.RewardsService         : ** Processing to get reward points
2021-11-29 23:17:39.436  INFO 6224 --- [ol-13-thread-18] tourGuide.service.RewardsService         : ** Processing to get reward points
2021-11-29 23:17:39.441  INFO 6224 --- [ol-13-thread-79] tourGuide.service.RewardsService         : ** Processing to get reward points
2021-11-29 23:17:39.445  INFO 6224 --- [ol-13-thread-94] tourGuide.service.RewardsService         : ** Processing to get reward points
2021-11-29 23:17:39.445  INFO 6224 --- [l-13-thread-167] tourGuide.service.RewardsService         : ** Processing to get reward points
2021-11-29 23:17:39.456  INFO 6224 --- [ol-13-thread-10] tourGuide.service.RewardsService         : ** Processing to get reward points
2021-11-29 23:17:39.458  INFO 6224 --- [l-13-thread-134] tourGuide.service.RewardsService         : ** Processing to get reward points
2021-11-29 23:17:39.462  INFO 6224 --- [ol-13-thread-77] tourGuide.service.RewardsService         : ** Processing to get reward points
2021-11-29 23:17:39.462  INFO 6224 --- [l-13-thread-188] tourGuide.service.RewardsService         : ** Processing to get reward points
2021-11-29 23:17:39.467  INFO 6224 --- [ool-13-thread-9] tourGuide.service.RewardsService         : ** Processing to get reward points
2021-11-29 23:17:39.468  INFO 6224 --- [ol-13-thread-26] tourGuide.service.RewardsService         : ** Processing to get reward points
2021-11-29 23:17:39.470  INFO 6224 --- [ol-13-thread-51] tourGuide.service.RewardsService         : ** Processing to get reward points
2021-11-29 23:17:39.474  INFO 6224 --- [l-13-thread-186] tourGuide.service.RewardsService         : ** Processing to get reward points
2021-11-29 23:17:39.477  INFO 6224 --- [l-13-thread-119] tourGuide.service.RewardsService         : ** Processing to get reward points
2021-11-29 23:17:39.480  INFO 6224 --- [l-13-thread-161] tourGuide.service.RewardsService         : ** Processing to get reward points
2021-11-29 23:17:39.480  INFO 6224 --- [l-13-thread-133] tourGuide.service.RewardsService         : ** Processing to get reward points
2021-11-29 23:17:39.481  INFO 6224 --- [ol-13-thread-61] tourGuide.service.RewardsService         : ** Processing to get reward points
2021-11-29 23:17:39.481  INFO 6224 --- [ool-13-thread-2] tourGuide.service.RewardsService         : ** Processing to get reward points
2021-11-29 23:17:39.487  INFO 6224 --- [l-13-thread-174] tourGuide.service.RewardsService         : ** Processing to get reward points
2021-11-29 23:17:39.488  INFO 6224 --- [l-13-thread-128] tourGuide.service.RewardsService         : ** Processing to get reward points
2021-11-29 23:17:39.490  INFO 6224 --- [l-13-thread-118] tourGuide.service.RewardsService         : ** Processing to get reward points
2021-11-29 23:17:39.494  INFO 6224 --- [l-13-thread-187] tourGuide.service.RewardsService         : ** Processing to get reward points
2021-11-29 23:17:39.495  INFO 6224 --- [l-13-thread-143] tourGuide.service.RewardsService         : ** Processing to get reward points
2021-11-29 23:17:39.500  INFO 6224 --- [ol-13-thread-66] tourGuide.service.RewardsService         : ** Processing to get reward points
2021-11-29 23:17:39.502  INFO 6224 --- [ol-13-thread-82] tourGuide.service.RewardsService         : ** Processing to get reward points
2021-11-29 23:17:39.502  INFO 6224 --- [ol-13-thread-92] tourGuide.service.RewardsService         : ** Processing to get reward points
2021-11-29 23:17:39.502  INFO 6224 --- [ol-13-thread-48] tourGuide.service.RewardsService         : ** Processing to get reward points
2021-11-29 23:17:39.504  INFO 6224 --- [ol-13-thread-12] tourGuide.service.RewardsService         : ** Processing to get reward points
2021-11-29 23:17:39.506  INFO 6224 --- [l-13-thread-122] tourGuide.service.RewardsService         : ** Processing to get reward points
2021-11-29 23:17:39.507  INFO 6224 --- [ol-13-thread-81] tourGuide.service.RewardsService         : ** Processing to get reward points
2021-11-29 23:17:39.509  INFO 6224 --- [l-13-thread-112] tourGuide.service.RewardsService         : ** Processing to get reward points
2021-11-29 23:17:39.511  INFO 6224 --- [l-13-thread-199] tourGuide.service.RewardsService         : ** Processing to get reward points
2021-11-29 23:17:39.518  INFO 6224 --- [ol-13-thread-38] tourGuide.service.RewardsService         : ** Processing to get reward points
2021-11-29 23:17:39.519  INFO 6224 --- [ol-13-thread-74] tourGuide.service.RewardsService         : ** Processing to get reward points
2021-11-29 23:17:39.519  INFO 6224 --- [l-13-thread-126] tourGuide.service.RewardsService         : ** Processing to get reward points
2021-11-29 23:17:39.521  INFO 6224 --- [l-13-thread-180] tourGuide.service.RewardsService         : ** Processing to get reward points
2021-11-29 23:17:39.521  INFO 6224 --- [l-13-thread-108] tourGuide.service.RewardsService         : ** Processing to get reward points
2021-11-29 23:17:39.527  INFO 6224 --- [l-13-thread-195] tourGuide.service.RewardsService         : ** Processing to get reward points
2021-11-29 23:17:39.528  INFO 6224 --- [ol-13-thread-27] tourGuide.service.RewardsService         : ** Processing to get reward points
2021-11-29 23:17:39.533  INFO 6224 --- [l-13-thread-189] tourGuide.service.RewardsService         : ** Processing to get reward points
2021-11-29 23:17:39.535  INFO 6224 --- [ol-13-thread-33] tourGuide.service.RewardsService         : ** Processing to get reward points
2021-11-29 23:17:39.537  INFO 6224 --- [ol-13-thread-38] tourGuide.service.RewardsService         : ** Processing to get reward points
2021-11-29 23:17:39.542  INFO 6224 --- [l-13-thread-169] tourGuide.service.RewardsService         : ** Processing to get reward points
2021-11-29 23:17:39.549  INFO 6224 --- [l-13-thread-101] tourGuide.service.RewardsService         : ** Processing to get reward points
2021-11-29 23:17:39.549  INFO 6224 --- [l-13-thread-121] tourGuide.service.RewardsService         : ** Processing to get reward points
2021-11-29 23:17:39.557  INFO 6224 --- [ol-13-thread-85] tourGuide.service.RewardsService         : ** Processing to get reward points
2021-11-29 23:17:39.557  INFO 6224 --- [l-13-thread-181] tourGuide.service.RewardsService         : ** Processing to get reward points
2021-11-29 23:17:39.558  INFO 6224 --- [ol-13-thread-32] tourGuide.service.RewardsService         : ** Processing to get reward points
2021-11-29 23:17:39.567  INFO 6224 --- [ol-13-thread-70] tourGuide.service.RewardsService         : ** Processing to get reward points
2021-11-29 23:17:39.572  INFO 6224 --- [l-13-thread-105] tourGuide.service.RewardsService         : ** Processing to get reward points
2021-11-29 23:17:39.572  INFO 6224 --- [l-13-thread-157] tourGuide.service.RewardsService         : ** Processing to get reward points
2021-11-29 23:17:39.572  INFO 6224 --- [ol-13-thread-37] tourGuide.service.RewardsService         : ** Processing to get reward points
2021-11-29 23:17:39.581  INFO 6224 --- [ol-13-thread-60] tourGuide.service.RewardsService         : ** Processing to get reward points
2021-11-29 23:17:39.584  INFO 6224 --- [l-13-thread-149] tourGuide.service.RewardsService         : ** Processing to get reward points
2021-11-29 23:17:39.585  INFO 6224 --- [ol-13-thread-54] tourGuide.service.RewardsService         : ** Processing to get reward points
2021-11-29 23:17:39.588  INFO 6224 --- [l-13-thread-178] tourGuide.service.RewardsService         : ** Processing to get reward points
2021-11-29 23:17:39.590  INFO 6224 --- [l-13-thread-168] tourGuide.service.RewardsService         : ** Processing to get reward points
2021-11-29 23:17:39.595  INFO 6224 --- [ol-13-thread-25] tourGuide.service.RewardsService         : ** Processing to get reward points
2021-11-29 23:17:39.595  INFO 6224 --- [l-13-thread-128] tourGuide.service.RewardsService         : ** Processing to get reward points
2021-11-29 23:17:39.598  INFO 6224 --- [l-13-thread-131] tourGuide.service.RewardsService         : ** Processing to get reward points
2021-11-29 23:17:39.598  INFO 6224 --- [l-13-thread-173] tourGuide.service.RewardsService         : ** Processing to get reward points
2021-11-29 23:17:39.604  INFO 6224 --- [l-13-thread-129] tourGuide.service.RewardsService         : ** Processing to get reward points
2021-11-29 23:17:39.608  INFO 6224 --- [l-13-thread-185] tourGuide.service.RewardsService         : ** Processing to get reward points
2021-11-29 23:17:39.611  INFO 6224 --- [ol-13-thread-68] tourGuide.service.RewardsService         : ** Processing to get reward points
2021-11-29 23:17:39.612  INFO 6224 --- [ol-13-thread-39] tourGuide.service.RewardsService         : ** Processing to get reward points
2021-11-29 23:17:39.612  INFO 6224 --- [ol-13-thread-53] tourGuide.service.RewardsService         : ** Processing to get reward points
2021-11-29 23:17:39.614  INFO 6224 --- [ool-13-thread-4] tourGuide.service.RewardsService         : ** Processing to get reward points
2021-11-29 23:17:39.621  INFO 6224 --- [l-13-thread-141] tourGuide.service.RewardsService         : ** Processing to get reward points
2021-11-29 23:17:39.621  INFO 6224 --- [l-13-thread-122] tourGuide.service.RewardsService         : ** Processing to get reward points
2021-11-29 23:17:39.625  INFO 6224 --- [ol-13-thread-86] tourGuide.service.RewardsService         : ** Processing to get reward points
2021-11-29 23:17:39.626  INFO 6224 --- [ol-13-thread-98] tourGuide.service.RewardsService         : ** Processing to get reward points
2021-11-29 23:17:39.626  INFO 6224 --- [ol-13-thread-69] tourGuide.service.RewardsService         : ** Processing to get reward points
2021-11-29 23:17:39.627  INFO 6224 --- [l-13-thread-126] tourGuide.service.RewardsService         : ** Processing to get reward points
2021-11-29 23:17:39.628  INFO 6224 --- [ol-13-thread-14] tourGuide.service.RewardsService         : ** Processing to get reward points
2021-11-29 23:17:39.648  INFO 6224 --- [ol-13-thread-15] tourGuide.service.RewardsService         : ** Processing to get reward points
2021-11-29 23:17:39.651  INFO 6224 --- [l-13-thread-179] tourGuide.service.RewardsService         : ** Processing to get reward points
2021-11-29 23:17:39.653  INFO 6224 --- [l-13-thread-175] tourGuide.service.RewardsService         : ** Processing to get reward points
2021-11-29 23:17:39.656  INFO 6224 --- [ol-13-thread-34] tourGuide.service.RewardsService         : ** Processing to get reward points
2021-11-29 23:17:39.657  INFO 6224 --- [ool-13-thread-3] tourGuide.service.RewardsService         : ** Processing to get reward points
2021-11-29 23:17:39.659  INFO 6224 --- [ol-13-thread-13] tourGuide.service.RewardsService         : ** Processing to get reward points
2021-11-29 23:17:39.661  INFO 6224 --- [ol-13-thread-23] tourGuide.service.RewardsService         : ** Processing to get reward points
2021-11-29 23:17:39.667  INFO 6224 --- [l-13-thread-137] tourGuide.service.RewardsService         : ** Processing to get reward points
2021-11-29 23:17:39.667  INFO 6224 --- [l-13-thread-129] tourGuide.service.RewardsService         : ** Processing to get reward points
2021-11-29 23:17:39.677  INFO 6224 --- [l-13-thread-190] tourGuide.service.RewardsService         : ** Processing to get reward points
2021-11-29 23:17:39.685  INFO 6224 --- [l-13-thread-192] tourGuide.service.RewardsService         : ** Processing to get reward points
2021-11-29 23:17:39.686  INFO 6224 --- [ol-13-thread-80] tourGuide.service.RewardsService         : ** Processing to get reward points
2021-11-29 23:17:39.690  INFO 6224 --- [ol-13-thread-40] tourGuide.service.RewardsService         : ** Processing to get reward points
2021-11-29 23:17:39.693  INFO 6224 --- [ol-13-thread-52] tourGuide.service.RewardsService         : ** Processing to get reward points
2021-11-29 23:17:39.699  INFO 6224 --- [l-13-thread-114] tourGuide.service.RewardsService         : ** Processing to get reward points
2021-11-29 23:17:39.702  INFO 6224 --- [l-13-thread-183] tourGuide.service.RewardsService         : ** Processing to get reward points
2021-11-29 23:17:39.703  INFO 6224 --- [l-13-thread-121] tourGuide.service.RewardsService         : ** Processing to get reward points
2021-11-29 23:17:39.707  INFO 6224 --- [ol-13-thread-71] tourGuide.service.RewardsService         : ** Processing to get reward points
2021-11-29 23:17:39.707  INFO 6224 --- [ol-13-thread-58] tourGuide.service.RewardsService         : ** Processing to get reward points
2021-11-29 23:17:39.707  INFO 6224 --- [ol-13-thread-16] tourGuide.service.RewardsService         : ** Processing to get reward points
2021-11-29 23:17:39.712  INFO 6224 --- [l-13-thread-150] tourGuide.service.RewardsService         : ** Processing to get reward points
2021-11-29 23:17:39.717  INFO 6224 --- [l-13-thread-106] tourGuide.service.RewardsService         : ** Processing to get reward points
2021-11-29 23:17:39.718  INFO 6224 --- [l-13-thread-170] tourGuide.service.RewardsService         : ** Processing to get reward points
2021-11-29 23:17:39.719  INFO 6224 --- [l-13-thread-135] tourGuide.service.RewardsService         : ** Processing to get reward points
2021-11-29 23:17:39.719  INFO 6224 --- [l-13-thread-169] tourGuide.service.RewardsService         : ** Processing to get reward points
2021-11-29 23:17:39.726  INFO 6224 --- [l-13-thread-171] tourGuide.service.RewardsService         : ** Processing to get reward points
2021-11-29 23:17:39.726  INFO 6224 --- [l-13-thread-113] tourGuide.service.RewardsService         : ** Processing to get reward points
2021-11-29 23:17:39.729  INFO 6224 --- [l-13-thread-186] tourGuide.service.RewardsService         : ** Processing to get reward points
2021-11-29 23:17:39.731  INFO 6224 --- [ol-13-thread-47] tourGuide.service.RewardsService         : ** Processing to get reward points
2021-11-29 23:17:39.731  INFO 6224 --- [l-13-thread-148] tourGuide.service.RewardsService         : ** Processing to get reward points
2021-11-29 23:17:39.735  INFO 6224 --- [l-13-thread-154] tourGuide.service.RewardsService         : ** Processing to get reward points
2021-11-29 23:17:39.735  INFO 6224 --- [ol-13-thread-31] tourGuide.service.RewardsService         : ** Processing to get reward points
2021-11-29 23:17:39.739  INFO 6224 --- [ol-13-thread-55] tourGuide.service.RewardsService         : ** Processing to get reward points
2021-11-29 23:17:39.740  INFO 6224 --- [l-13-thread-192] tourGuide.service.RewardsService         : ** Processing to get reward points
2021-11-29 23:17:39.744  INFO 6224 --- [ol-13-thread-30] tourGuide.service.RewardsService         : ** Processing to get reward points
2021-11-29 23:17:39.744  INFO 6224 --- [l-13-thread-142] tourGuide.service.RewardsService         : ** Processing to get reward points
2021-11-29 23:17:39.747  INFO 6224 --- [ol-13-thread-78] tourGuide.service.RewardsService         : ** Processing to get reward points
2021-11-29 23:17:39.751  INFO 6224 --- [ol-13-thread-14] tourGuide.service.RewardsService         : ** Processing to get reward points
2021-11-29 23:17:39.752  INFO 6224 --- [ol-13-thread-70] tourGuide.service.RewardsService         : ** Processing to get reward points
2021-11-29 23:17:39.753  INFO 6224 --- [ol-13-thread-61] tourGuide.service.RewardsService         : ** Processing to get reward points
2021-11-29 23:17:39.754  INFO 6224 --- [l-13-thread-135] tourGuide.service.RewardsService         : ** Processing to get reward points
2021-11-29 23:17:39.755  INFO 6224 --- [l-13-thread-145] tourGuide.service.RewardsService         : ** Processing to get reward points
2021-11-29 23:17:39.757  INFO 6224 --- [l-13-thread-143] tourGuide.service.RewardsService         : ** Processing to get reward points
2021-11-29 23:17:39.757  INFO 6224 --- [l-13-thread-120] tourGuide.service.RewardsService         : ** Processing to get reward points
2021-11-29 23:17:39.760  INFO 6224 --- [ol-13-thread-24] tourGuide.service.RewardsService         : ** Processing to get reward points
2021-11-29 23:17:39.762  INFO 6224 --- [ool-13-thread-5] tourGuide.service.RewardsService         : ** Processing to get reward points
2021-11-29 23:17:39.762  INFO 6224 --- [l-13-thread-166] tourGuide.service.RewardsService         : ** Processing to get reward points
2021-11-29 23:17:39.763  INFO 6224 --- [l-13-thread-140] tourGuide.service.RewardsService         : ** Processing to get reward points
2021-11-29 23:17:39.768  INFO 6224 --- [l-13-thread-123] tourGuide.service.RewardsService         : ** Processing to get reward points
2021-11-29 23:17:39.768  INFO 6224 --- [l-13-thread-146] tourGuide.service.RewardsService         : ** Processing to get reward points
2021-11-29 23:17:39.768  INFO 6224 --- [ol-13-thread-23] tourGuide.service.RewardsService         : ** Processing to get reward points
2021-11-29 23:17:39.772  INFO 6224 --- [l-13-thread-156] tourGuide.service.RewardsService         : ** Processing to get reward points
2021-11-29 23:17:39.773  INFO 6224 --- [ol-13-thread-32] tourGuide.service.RewardsService         : ** Processing to get reward points
2021-11-29 23:17:39.775  INFO 6224 --- [ol-13-thread-56] tourGuide.service.RewardsService         : ** Processing to get reward points
2021-11-29 23:17:39.777  INFO 6224 --- [l-13-thread-198] tourGuide.service.RewardsService         : ** Processing to get reward points
2021-11-29 23:17:39.782  INFO 6224 --- [ol-13-thread-74] tourGuide.service.RewardsService         : ** Processing to get reward points
2021-11-29 23:17:39.789  INFO 6224 --- [l-13-thread-200] tourGuide.service.RewardsService         : ** Processing to get reward points
2021-11-29 23:17:39.792  INFO 6224 --- [l-13-thread-159] tourGuide.service.RewardsService         : ** Processing to get reward points
2021-11-29 23:17:39.794  INFO 6224 --- [ol-13-thread-72] tourGuide.service.RewardsService         : ** Processing to get reward points
2021-11-29 23:17:39.794  INFO 6224 --- [ol-13-thread-59] tourGuide.service.RewardsService         : ** Processing to get reward points
2021-11-29 23:17:39.794  INFO 6224 --- [l-13-thread-160] tourGuide.service.RewardsService         : ** Processing to get reward points
2021-11-29 23:17:39.797  INFO 6224 --- [ol-13-thread-29] tourGuide.service.RewardsService         : ** Processing to get reward points
2021-11-29 23:17:39.797  INFO 6224 --- [ol-13-thread-94] tourGuide.service.RewardsService         : ** Processing to get reward points
2021-11-29 23:17:39.800  INFO 6224 --- [ol-13-thread-57] tourGuide.service.RewardsService         : ** Processing to get reward points
2021-11-29 23:17:39.803  INFO 6224 --- [ol-13-thread-79] tourGuide.service.RewardsService         : ** Processing to get reward points
2021-11-29 23:17:39.810  INFO 6224 --- [ool-13-thread-5] tourGuide.service.RewardsService         : ** Processing to get reward points
2021-11-29 23:17:39.812  INFO 6224 --- [l-13-thread-151] tourGuide.service.RewardsService         : ** Processing to get reward points
2021-11-29 23:17:39.815  INFO 6224 --- [l-13-thread-197] tourGuide.service.RewardsService         : ** Processing to get reward points
2021-11-29 23:17:39.815  INFO 6224 --- [ol-13-thread-17] tourGuide.service.RewardsService         : ** Processing to get reward points
2021-11-29 23:17:39.818  INFO 6224 --- [l-13-thread-104] tourGuide.service.RewardsService         : ** Processing to get reward points
2021-11-29 23:17:39.819  INFO 6224 --- [ol-13-thread-71] tourGuide.service.RewardsService         : ** Processing to get reward points
2021-11-29 23:17:39.824  INFO 6224 --- [l-13-thread-190] tourGuide.service.RewardsService         : ** Processing to get reward points
2021-11-29 23:17:39.827  INFO 6224 --- [ol-13-thread-54] tourGuide.service.RewardsService         : ** Processing to get reward points
2021-11-29 23:17:39.832  INFO 6224 --- [ol-13-thread-96] tourGuide.service.RewardsService         : ** Processing to get reward points
2021-11-29 23:17:39.832  INFO 6224 --- [l-13-thread-152] tourGuide.service.RewardsService         : ** Processing to get reward points
2021-11-29 23:17:39.836  INFO 6224 --- [ol-13-thread-28] tourGuide.service.RewardsService         : ** Processing to get reward points
2021-11-29 23:17:39.836  INFO 6224 --- [l-13-thread-174] tourGuide.service.RewardsService         : ** Processing to get reward points
2021-11-29 23:17:39.840  INFO 6224 --- [l-13-thread-172] tourGuide.service.RewardsService         : ** Processing to get reward points
2021-11-29 23:17:39.848  INFO 6224 --- [l-13-thread-125] tourGuide.service.RewardsService         : ** Processing to get reward points
2021-11-29 23:17:39.862  INFO 6224 --- [l-13-thread-132] tourGuide.service.RewardsService         : ** Processing to get reward points
2021-11-29 23:17:39.862  INFO 6224 --- [ol-13-thread-65] tourGuide.service.RewardsService         : ** Processing to get reward points
2021-11-29 23:17:39.865  INFO 6224 --- [ol-13-thread-66] tourGuide.service.RewardsService         : ** Processing to get reward points
2021-11-29 23:17:39.866  INFO 6224 --- [ol-13-thread-81] tourGuide.service.RewardsService         : ** Processing to get reward points
2021-11-29 23:17:39.871  INFO 6224 --- [ol-13-thread-35] tourGuide.service.RewardsService         : ** Processing to get reward points
2021-11-29 23:17:39.873  INFO 6224 --- [ol-13-thread-93] tourGuide.service.RewardsService         : ** Processing to get reward points
2021-11-29 23:17:39.874  INFO 6224 --- [ol-13-thread-42] tourGuide.service.RewardsService         : ** Processing to get reward points
2021-11-29 23:17:39.878  INFO 6224 --- [l-13-thread-144] tourGuide.service.RewardsService         : ** Processing to get reward points
2021-11-29 23:17:39.888  INFO 6224 --- [l-13-thread-163] tourGuide.service.RewardsService         : ** Processing to get reward points
2021-11-29 23:17:39.891  INFO 6224 --- [l-13-thread-117] tourGuide.service.RewardsService         : ** Processing to get reward points
2021-11-29 23:17:39.891  INFO 6224 --- [ol-13-thread-23] tourGuide.service.RewardsService         : ** Processing to get reward points
2021-11-29 23:17:39.891  INFO 6224 --- [l-13-thread-153] tourGuide.service.RewardsService         : ** Processing to get reward points
2021-11-29 23:17:39.892  INFO 6224 --- [ol-13-thread-62] tourGuide.service.RewardsService         : ** Processing to get reward points
2021-11-29 23:17:39.900  INFO 6224 --- [l-13-thread-191] tourGuide.service.RewardsService         : ** Processing to get reward points
2021-11-29 23:17:39.903  INFO 6224 --- [ol-13-thread-70] tourGuide.service.RewardsService         : ** Processing to get reward points
2021-11-29 23:17:39.904  INFO 6224 --- [ol-13-thread-55] tourGuide.service.RewardsService         : ** Processing to get reward points
2021-11-29 23:17:39.904  INFO 6224 --- [l-13-thread-147] tourGuide.service.RewardsService         : ** Processing to get reward points
2021-11-29 23:17:39.909  INFO 6224 --- [ol-13-thread-86] tourGuide.service.RewardsService         : ** Processing to get reward points
2021-11-29 23:17:39.911  INFO 6224 --- [l-13-thread-199] tourGuide.service.RewardsService         : ** Processing to get reward points
2021-11-29 23:17:39.919  INFO 6224 --- [ol-13-thread-21] tourGuide.service.RewardsService         : ** Processing to get reward points
2021-11-29 23:17:39.919  INFO 6224 --- [ool-13-thread-8] tourGuide.service.RewardsService         : ** Processing to get reward points
2021-11-29 23:17:39.923  INFO 6224 --- [l-13-thread-116] tourGuide.service.RewardsService         : ** Processing to get reward points
2021-11-29 23:17:39.923  INFO 6224 --- [l-13-thread-194] tourGuide.service.RewardsService         : ** Processing to get reward points
2021-11-29 23:17:39.924  INFO 6224 --- [ol-13-thread-14] tourGuide.service.RewardsService         : ** Processing to get reward points
2021-11-29 23:17:39.925  INFO 6224 --- [ol-13-thread-88] tourGuide.service.RewardsService         : ** Processing to get reward points
2021-11-29 23:17:39.926  INFO 6224 --- [ol-13-thread-79] tourGuide.service.RewardsService         : ** Processing to get reward points
2021-11-29 23:17:39.927  INFO 6224 --- [ol-13-thread-35] tourGuide.service.RewardsService         : ** Processing to get reward points
2021-11-29 23:17:39.927  INFO 6224 --- [l-13-thread-186] tourGuide.service.RewardsService         : ** Processing to get reward points
2021-11-29 23:17:39.930  INFO 6224 --- [l-13-thread-179] tourGuide.service.RewardsService         : ** Processing to get reward points
2021-11-29 23:17:39.932  INFO 6224 --- [l-13-thread-194] tourGuide.service.RewardsService         : ** Processing to get reward points
2021-11-29 23:17:39.933  INFO 6224 --- [ol-13-thread-22] tourGuide.service.RewardsService         : ** Processing to get reward points
2021-11-29 23:17:39.934  INFO 6224 --- [l-13-thread-131] tourGuide.service.RewardsService         : ** Processing to get reward points
2021-11-29 23:17:39.937  INFO 6224 --- [ol-13-thread-27] tourGuide.service.RewardsService         : ** Processing to get reward points
2021-11-29 23:17:39.937  INFO 6224 --- [l-13-thread-108] tourGuide.service.RewardsService         : ** Processing to get reward points
2021-11-29 23:17:39.940  INFO 6224 --- [l-13-thread-105] tourGuide.service.RewardsService         : ** Processing to get reward points
2021-11-29 23:17:39.940  INFO 6224 --- [ol-13-thread-67] tourGuide.service.RewardsService         : ** Processing to get reward points
2021-11-29 23:17:39.940  INFO 6224 --- [l-13-thread-138] tourGuide.service.RewardsService         : ** Processing to get reward points
2021-11-29 23:17:39.941  INFO 6224 --- [l-13-thread-109] tourGuide.service.RewardsService         : ** Processing to get reward points
2021-11-29 23:17:39.941  INFO 6224 --- [ol-13-thread-41] tourGuide.service.RewardsService         : ** Processing to get reward points
2021-11-29 23:17:39.947  INFO 6224 --- [l-13-thread-107] tourGuide.service.RewardsService         : ** Processing to get reward points
2021-11-29 23:17:39.957  INFO 6224 --- [l-13-thread-158] tourGuide.service.RewardsService         : ** Processing to get reward points
2021-11-29 23:17:39.958  INFO 6224 --- [ol-13-thread-97] tourGuide.service.RewardsService         : ** Processing to get reward points
2021-11-29 23:17:39.961  INFO 6224 --- [ol-13-thread-77] tourGuide.service.RewardsService         : ** Processing to get reward points
2021-11-29 23:17:39.962  INFO 6224 --- [l-13-thread-153] tourGuide.service.RewardsService         : ** Processing to get reward points
2021-11-29 23:17:39.963  INFO 6224 --- [ol-13-thread-99] tourGuide.service.RewardsService         : ** Processing to get reward points
2021-11-29 23:17:39.971  INFO 6224 --- [ol-13-thread-63] tourGuide.service.RewardsService         : ** Processing to get reward points
2021-11-29 23:17:39.971  INFO 6224 --- [l-13-thread-110] tourGuide.service.RewardsService         : ** Processing to get reward points
2021-11-29 23:17:39.974  INFO 6224 --- [l-13-thread-124] tourGuide.service.RewardsService         : ** Processing to get reward points
2021-11-29 23:17:39.982  INFO 6224 --- [l-13-thread-139] tourGuide.service.RewardsService         : ** Processing to get reward points
2021-11-29 23:17:39.983  INFO 6224 --- [ol-13-thread-55] tourGuide.service.RewardsService         : ** Processing to get reward points
2021-11-29 23:17:39.990  INFO 6224 --- [l-13-thread-176] tourGuide.service.RewardsService         : ** Processing to get reward points
2021-11-29 23:17:39.991  INFO 6224 --- [l-13-thread-177] tourGuide.service.RewardsService         : ** Processing to get reward points
2021-11-29 23:17:39.993  INFO 6224 --- [l-13-thread-166] tourGuide.service.RewardsService         : ** Processing to get reward points
2021-11-29 23:17:40.003  INFO 6224 --- [ol-13-thread-60] tourGuide.service.RewardsService         : ** Processing to get reward points
2021-11-29 23:17:40.004  INFO 6224 --- [ol-13-thread-89] tourGuide.service.RewardsService         : ** Processing to get reward points
2021-11-29 23:17:40.006  INFO 6224 --- [ol-13-thread-11] tourGuide.service.RewardsService         : ** Processing to get reward points
2021-11-29 23:17:40.009  INFO 6224 --- [l-13-thread-124] tourGuide.service.RewardsService         : ** Processing to get reward points
2021-11-29 23:17:40.011  INFO 6224 --- [l-13-thread-116] tourGuide.service.RewardsService         : ** Processing to get reward points
2021-11-29 23:17:40.011  INFO 6224 --- [l-13-thread-196] tourGuide.service.RewardsService         : ** Processing to get reward points
2021-11-29 23:17:40.014  INFO 6224 --- [ol-13-thread-49] tourGuide.service.RewardsService         : ** Processing to get reward points
2021-11-29 23:17:40.020  INFO 6224 --- [ol-13-thread-33] tourGuide.service.RewardsService         : ** Processing to get reward points
2021-11-29 23:17:40.020  INFO 6224 --- [ool-13-thread-6] tourGuide.service.RewardsService         : ** Processing to get reward points
2021-11-29 23:17:40.023  INFO 6224 --- [l-13-thread-193] tourGuide.service.RewardsService         : ** Processing to get reward points
2021-11-29 23:17:40.026  INFO 6224 --- [l-13-thread-110] tourGuide.service.RewardsService         : ** Processing to get reward points
2021-11-29 23:17:40.028  INFO 6224 --- [ol-13-thread-50] tourGuide.service.RewardsService         : ** Processing to get reward points
2021-11-29 23:17:40.029  INFO 6224 --- [ol-13-thread-75] tourGuide.service.RewardsService         : ** Processing to get reward points
2021-11-29 23:17:40.031  INFO 6224 --- [l-13-thread-126] tourGuide.service.RewardsService         : ** Processing to get reward points
2021-11-29 23:17:40.031  INFO 6224 --- [l-13-thread-117] tourGuide.service.RewardsService         : ** Processing to get reward points
2021-11-29 23:17:40.034  INFO 6224 --- [ol-13-thread-59] tourGuide.service.RewardsService         : ** Processing to get reward points
2021-11-29 23:17:40.037  INFO 6224 --- [ol-13-thread-92] tourGuide.service.RewardsService         : ** Processing to get reward points
2021-11-29 23:17:40.040  INFO 6224 --- [ol-13-thread-85] tourGuide.service.RewardsService         : ** Processing to get reward points
2021-11-29 23:17:40.040  INFO 6224 --- [ol-13-thread-30] tourGuide.service.RewardsService         : ** Processing to get reward points
2021-11-29 23:17:40.045  INFO 6224 --- [ool-13-thread-1] tourGuide.service.RewardsService         : ** Processing to get reward points
2021-11-29 23:17:40.059  INFO 6224 --- [ol-13-thread-26] tourGuide.service.RewardsService         : ** Processing to get reward points
2021-11-29 23:17:40.059  INFO 6224 --- [ol-13-thread-44] tourGuide.service.RewardsService         : ** Processing to get reward points
2021-11-29 23:17:40.059  INFO 6224 --- [l-13-thread-126] tourGuide.service.RewardsService         : ** Processing to get reward points
2021-11-29 23:17:40.063  INFO 6224 --- [ool-13-thread-2] tourGuide.service.RewardsService         : ** Processing to get reward points
2021-11-29 23:17:40.068  INFO 6224 --- [l-13-thread-168] tourGuide.service.RewardsService         : ** Processing to get reward points
2021-11-29 23:17:40.068  INFO 6224 --- [l-13-thread-127] tourGuide.service.RewardsService         : ** Processing to get reward points
2021-11-29 23:17:40.071  INFO 6224 --- [l-13-thread-191] tourGuide.service.RewardsService         : ** Processing to get reward points
2021-11-29 23:17:40.085  INFO 6224 --- [l-13-thread-197] tourGuide.service.RewardsService         : ** Processing to get reward points
2021-11-29 23:17:40.089  INFO 6224 --- [ol-13-thread-45] tourGuide.service.RewardsService         : ** Processing to get reward points
2021-11-29 23:17:40.089  INFO 6224 --- [l-13-thread-190] tourGuide.service.RewardsService         : ** Processing to get reward points
2021-11-29 23:17:40.089  INFO 6224 --- [l-13-thread-161] tourGuide.service.RewardsService         : ** Processing to get reward points
2021-11-29 23:17:40.090  INFO 6224 --- [l-13-thread-126] tourGuide.service.RewardsService         : ** Processing to get reward points
2021-11-29 23:17:40.092  INFO 6224 --- [l-13-thread-111] tourGuide.service.RewardsService         : ** Processing to get reward points
2021-11-29 23:17:40.097  INFO 6224 --- [l-13-thread-164] tourGuide.service.RewardsService         : ** Processing to get reward points
2021-11-29 23:17:40.102  INFO 6224 --- [ol-13-thread-84] tourGuide.service.RewardsService         : ** Processing to get reward points
2021-11-29 23:17:40.103  INFO 6224 --- [ol-13-thread-97] tourGuide.service.RewardsService         : ** Processing to get reward points
2021-11-29 23:17:40.103  INFO 6224 --- [l-13-thread-155] tourGuide.service.RewardsService         : ** Processing to get reward points
2021-11-29 23:17:40.107  INFO 6224 --- [l-13-thread-103] tourGuide.service.RewardsService         : ** Processing to get reward points
2021-11-29 23:17:40.108  INFO 6224 --- [ol-13-thread-25] tourGuide.service.RewardsService         : ** Processing to get reward points
2021-11-29 23:17:40.109  INFO 6224 --- [l-13-thread-184] tourGuide.service.RewardsService         : ** Processing to get reward points
2021-11-29 23:17:40.110  INFO 6224 --- [ol-13-thread-14] tourGuide.service.RewardsService         : ** Processing to get reward points
2021-11-29 23:17:40.113  INFO 6224 --- [l-13-thread-194] tourGuide.service.RewardsService         : ** Processing to get reward points
2021-11-29 23:17:40.116  INFO 6224 --- [ol-13-thread-95] tourGuide.service.RewardsService         : ** Processing to get reward points
2021-11-29 23:17:40.116  INFO 6224 --- [ol-13-thread-83] tourGuide.service.RewardsService         : ** Processing to get reward points
2021-11-29 23:17:40.116  INFO 6224 --- [ool-13-thread-7] tourGuide.service.RewardsService         : ** Processing to get reward points
2021-11-29 23:17:40.120  INFO 6224 --- [l-13-thread-182] tourGuide.service.RewardsService         : ** Processing to get reward points
2021-11-29 23:17:40.120  INFO 6224 --- [ol-13-thread-38] tourGuide.service.RewardsService         : ** Processing to get reward points
2021-11-29 23:17:40.120  INFO 6224 --- [ol-13-thread-64] tourGuide.service.RewardsService         : ** Processing to get reward points
2021-11-29 23:17:40.120  INFO 6224 --- [l-13-thread-185] tourGuide.service.RewardsService         : ** Processing to get reward points
2021-11-29 23:17:40.131  INFO 6224 --- [l-13-thread-152] tourGuide.service.RewardsService         : ** Processing to get reward points
2021-11-29 23:17:40.136  INFO 6224 --- [l-13-thread-188] tourGuide.service.RewardsService         : ** Processing to get reward points
2021-11-29 23:17:40.136  INFO 6224 --- [l-13-thread-136] tourGuide.service.RewardsService         : ** Processing to get reward points
2021-11-29 23:17:40.139  INFO 6224 --- [l-13-thread-175] tourGuide.service.RewardsService         : ** Processing to get reward points
2021-11-29 23:17:40.144  INFO 6224 --- [l-13-thread-178] tourGuide.service.RewardsService         : ** Processing to get reward points
2021-11-29 23:17:40.147  INFO 6224 --- [l-13-thread-112] tourGuide.service.RewardsService         : ** Processing to get reward points
2021-11-29 23:17:40.147  INFO 6224 --- [ol-13-thread-43] tourGuide.service.RewardsService         : ** Processing to get reward points
2021-11-29 23:17:40.153  INFO 6224 --- [ol-13-thread-81] tourGuide.service.RewardsService         : ** Processing to get reward points
2021-11-29 23:17:40.154  INFO 6224 --- [ol-13-thread-86] tourGuide.service.RewardsService         : ** Processing to get reward points
2021-11-29 23:17:40.160  INFO 6224 --- [ol-13-thread-53] tourGuide.service.RewardsService         : ** Processing to get reward points
2021-11-29 23:17:40.164  INFO 6224 --- [ol-13-thread-20] tourGuide.service.RewardsService         : ** Processing to get reward points
2021-11-29 23:17:40.164  INFO 6224 --- [ol-13-thread-94] tourGuide.service.RewardsService         : ** Processing to get reward points
2021-11-29 23:17:40.170  INFO 6224 --- [ol-13-thread-91] tourGuide.service.RewardsService         : ** Processing to get reward points
2021-11-29 23:17:40.172  INFO 6224 --- [l-13-thread-139] tourGuide.service.RewardsService         : ** Processing to get reward points
2021-11-29 23:17:40.173  INFO 6224 --- [ol-13-thread-50] tourGuide.service.RewardsService         : ** Processing to get reward points
2021-11-29 23:17:40.179  INFO 6224 --- [ol-13-thread-76] tourGuide.service.RewardsService         : ** Processing to get reward points
2021-11-29 23:17:40.179  INFO 6224 --- [ol-13-thread-10] tourGuide.service.RewardsService         : ** Processing to get reward points
2021-11-29 23:17:40.181  INFO 6224 --- [l-13-thread-104] tourGuide.service.RewardsService         : ** Processing to get reward points
2021-11-29 23:17:40.186  INFO 6224 --- [ol-13-thread-87] tourGuide.service.RewardsService         : ** Processing to get reward points
2021-11-29 23:17:40.186  INFO 6224 --- [ol-13-thread-15] tourGuide.service.RewardsService         : ** Processing to get reward points
2021-11-29 23:17:40.188  INFO 6224 --- [ol-13-thread-85] tourGuide.service.RewardsService         : ** Processing to get reward points
2021-11-29 23:17:40.198  INFO 6224 --- [l-13-thread-165] tourGuide.service.RewardsService         : ** Processing to get reward points
2021-11-29 23:17:40.201  INFO 6224 --- [l-13-thread-193] tourGuide.service.RewardsService         : ** Processing to get reward points
2021-11-29 23:17:40.204  INFO 6224 --- [l-13-thread-180] tourGuide.service.RewardsService         : ** Processing to get reward points
2021-11-29 23:17:40.210  INFO 6224 --- [l-13-thread-195] tourGuide.service.RewardsService         : ** Processing to get reward points
2021-11-29 23:17:40.212  INFO 6224 --- [ol-13-thread-46] tourGuide.service.RewardsService         : ** Processing to get reward points
2021-11-29 23:17:40.214  INFO 6224 --- [ol-13-thread-36] tourGuide.service.RewardsService         : ** Processing to get reward points
2021-11-29 23:17:40.214  INFO 6224 --- [ol-13-thread-34] tourGuide.service.RewardsService         : ** Processing to get reward points
2021-11-29 23:17:40.221  INFO 6224 --- [l-13-thread-102] tourGuide.service.RewardsService         : ** Processing to get reward points
2021-11-29 23:17:40.224  INFO 6224 --- [l-13-thread-170] tourGuide.service.RewardsService         : ** Processing to get reward points
2021-11-29 23:17:40.225  INFO 6224 --- [ol-13-thread-48] tourGuide.service.RewardsService         : ** Processing to get reward points
2021-11-29 23:17:40.230  INFO 6224 --- [ol-13-thread-42] tourGuide.service.RewardsService         : ** Processing to get reward points
2021-11-29 23:17:40.230  INFO 6224 --- [l-13-thread-130] tourGuide.service.RewardsService         : ** Processing to get reward points
2021-11-29 23:17:40.233  INFO 6224 --- [ol-13-thread-19] tourGuide.service.RewardsService         : ** Processing to get reward points
2021-11-29 23:17:40.239  INFO 6224 --- [ol-13-thread-28] tourGuide.service.RewardsService         : ** Processing to get reward points
2021-11-29 23:17:40.242  INFO 6224 --- [l-13-thread-157] tourGuide.service.RewardsService         : ** Processing to get reward points
2021-11-29 23:17:40.251  INFO 6224 --- [ol-13-thread-95] tourGuide.service.RewardsService         : ** Processing to get reward points
2021-11-29 23:17:40.251  INFO 6224 --- [ol-13-thread-23] tourGuide.service.RewardsService         : ** Processing to get reward points
2021-11-29 23:17:40.253  INFO 6224 --- [l-13-thread-187] tourGuide.service.RewardsService         : ** Processing to get reward points
2021-11-29 23:17:40.253  INFO 6224 --- [l-13-thread-115] tourGuide.service.RewardsService         : ** Processing to get reward points
2021-11-29 23:17:40.254  INFO 6224 --- [ol-13-thread-51] tourGuide.service.RewardsService         : ** Processing to get reward points
2021-11-29 23:17:40.260  INFO 6224 --- [ol-13-thread-40] tourGuide.service.RewardsService         : ** Processing to get reward points
2021-11-29 23:17:40.267  INFO 6224 --- [l-13-thread-167] tourGuide.service.RewardsService         : ** Processing to get reward points
2021-11-29 23:17:40.269  INFO 6224 --- [l-13-thread-197] tourGuide.service.RewardsService         : ** Processing to get reward points
2021-11-29 23:17:40.281  INFO 6224 --- [ol-13-thread-42] tourGuide.service.RewardsService         : ** Processing to get reward points
2021-11-29 23:17:40.287  INFO 6224 --- [ol-13-thread-82] tourGuide.service.RewardsService         : ** Processing to get reward points
2021-11-29 23:17:40.292  INFO 6224 --- [ool-13-thread-2] tourGuide.service.RewardsService         : ** Processing to get reward points
2021-11-29 23:17:40.292  INFO 6224 --- [ol-13-thread-35] tourGuide.service.RewardsService         : ** Processing to get reward points
2021-11-29 23:17:40.293  INFO 6224 --- [l-13-thread-145] tourGuide.service.RewardsService         : ** Processing to get reward points
2021-11-29 23:17:40.294  INFO 6224 --- [ol-13-thread-46] tourGuide.service.RewardsService         : ** Processing to get reward points
2021-11-29 23:17:40.295  INFO 6224 --- [l-13-thread-186] tourGuide.service.RewardsService         : ** Processing to get reward points
2021-11-29 23:17:40.297  INFO 6224 --- [ol-13-thread-90] tourGuide.service.RewardsService         : ** Processing to get reward points
2021-11-29 23:17:40.297  INFO 6224 --- [ol-13-thread-96] tourGuide.service.RewardsService         : ** Processing to get reward points
2021-11-29 23:17:40.297  INFO 6224 --- [l-13-thread-149] tourGuide.service.RewardsService         : ** Processing to get reward points
2021-11-29 23:17:40.297  INFO 6224 --- [l-13-thread-134] tourGuide.service.RewardsService         : ** Processing to get reward points
2021-11-29 23:17:40.301  INFO 6224 --- [ool-13-thread-4] tourGuide.service.RewardsService         : ** Processing to get reward points
2021-11-29 23:17:40.301  INFO 6224 --- [l-13-thread-118] tourGuide.service.RewardsService         : ** Processing to get reward points
2021-11-29 23:17:40.304  INFO 6224 --- [ol-13-thread-18] tourGuide.service.RewardsService         : ** Processing to get reward points
2021-11-29 23:17:40.304  INFO 6224 --- [ol-13-thread-89] tourGuide.service.RewardsService         : ** Processing to get reward points
2021-11-29 23:17:40.306  INFO 6224 --- [l-13-thread-193] tourGuide.service.RewardsService         : ** Processing to get reward points
2021-11-29 23:17:40.308  INFO 6224 --- [ol-13-thread-99] tourGuide.service.RewardsService         : ** Processing to get reward points
2021-11-29 23:17:40.308  INFO 6224 --- [l-13-thread-100] tourGuide.service.RewardsService         : ** Processing to get reward points
2021-11-29 23:17:40.309  INFO 6224 --- [l-13-thread-122] tourGuide.service.RewardsService         : ** Processing to get reward points
2021-11-29 23:17:40.313  INFO 6224 --- [ol-13-thread-40] tourGuide.service.RewardsService         : ** Processing to get reward points
2021-11-29 23:17:40.317  INFO 6224 --- [l-13-thread-184] tourGuide.service.RewardsService         : ** Processing to get reward points
2021-11-29 23:17:40.320  INFO 6224 --- [l-13-thread-183] tourGuide.service.RewardsService         : ** Processing to get reward points
2021-11-29 23:17:40.320  INFO 6224 --- [l-13-thread-117] tourGuide.service.RewardsService         : ** Processing to get reward points
2021-11-29 23:17:40.322  INFO 6224 --- [l-13-thread-180] tourGuide.service.RewardsService         : ** Processing to get reward points
2021-11-29 23:17:40.326  INFO 6224 --- [ol-13-thread-54] tourGuide.service.RewardsService         : ** Processing to get reward points
2021-11-29 23:17:40.327  INFO 6224 --- [l-13-thread-135] tourGuide.service.RewardsService         : ** Processing to get reward points
2021-11-29 23:17:40.329  INFO 6224 --- [ol-13-thread-32] tourGuide.service.RewardsService         : ** Processing to get reward points
2021-11-29 23:17:40.331  INFO 6224 --- [l-13-thread-171] tourGuide.service.RewardsService         : ** Processing to get reward points
2021-11-29 23:17:40.331  INFO 6224 --- [ool-13-thread-9] tourGuide.service.RewardsService         : ** Processing to get reward points
2021-11-29 23:17:40.337  INFO 6224 --- [ol-13-thread-11] tourGuide.service.RewardsService         : ** Processing to get reward points
2021-11-29 23:17:40.337  INFO 6224 --- [ol-13-thread-29] tourGuide.service.RewardsService         : ** Processing to get reward points
2021-11-29 23:17:40.345  INFO 6224 --- [ol-13-thread-36] tourGuide.service.RewardsService         : ** Processing to get reward points
2021-11-29 23:17:40.349  INFO 6224 --- [l-13-thread-162] tourGuide.service.RewardsService         : ** Processing to get reward points
2021-11-29 23:17:40.351  INFO 6224 --- [ol-13-thread-47] tourGuide.service.RewardsService         : ** Processing to get reward points
2021-11-29 23:17:40.351  INFO 6224 --- [ol-13-thread-73] tourGuide.service.RewardsService         : ** Processing to get reward points
2021-11-29 23:17:40.352  INFO 6224 --- [ol-13-thread-13] tourGuide.service.RewardsService         : ** Processing to get reward points
2021-11-29 23:17:40.353  INFO 6224 --- [l-13-thread-143] tourGuide.service.RewardsService         : ** Processing to get reward points
2021-11-29 23:17:40.359  INFO 6224 --- [l-13-thread-133] tourGuide.service.RewardsService         : ** Processing to get reward points
2021-11-29 23:17:40.362  INFO 6224 --- [l-13-thread-197] tourGuide.service.RewardsService         : ** Processing to get reward points
2021-11-29 23:17:40.364  INFO 6224 --- [l-13-thread-167] tourGuide.service.RewardsService         : ** Processing to get reward points
2021-11-29 23:17:40.368  INFO 6224 --- [ol-13-thread-48] tourGuide.service.RewardsService         : ** Processing to get reward points
2021-11-29 23:17:40.368  INFO 6224 --- [ol-13-thread-95] tourGuide.service.RewardsService         : ** Processing to get reward points
2021-11-29 23:17:40.378  INFO 6224 --- [ol-13-thread-86] tourGuide.service.RewardsService         : ** Processing to get reward points
2021-11-29 23:17:40.379  INFO 6224 --- [l-13-thread-182] tourGuide.service.RewardsService         : ** Processing to get reward points
2021-11-29 23:17:40.385  INFO 6224 --- [l-13-thread-158] tourGuide.service.RewardsService         : ** Processing to get reward points
2021-11-29 23:17:40.386  INFO 6224 --- [l-13-thread-119] tourGuide.service.RewardsService         : ** Processing to get reward points
2021-11-29 23:17:40.388  INFO 6224 --- [ol-13-thread-39] tourGuide.service.RewardsService         : ** Processing to get reward points
2021-11-29 23:17:40.388  INFO 6224 --- [l-13-thread-198] tourGuide.service.RewardsService         : ** Processing to get reward points
2021-11-29 23:17:40.392  INFO 6224 --- [ol-13-thread-43] tourGuide.service.RewardsService         : ** Processing to get reward points
2021-11-29 23:17:40.393  INFO 6224 --- [ol-13-thread-99] tourGuide.service.RewardsService         : ** Processing to get reward points
2021-11-29 23:17:40.395  INFO 6224 --- [l-13-thread-114] tourGuide.service.RewardsService         : ** Processing to get reward points
2021-11-29 23:17:40.395  INFO 6224 --- [l-13-thread-185] tourGuide.service.RewardsService         : ** Processing to get reward points
2021-11-29 23:17:40.397  INFO 6224 --- [l-13-thread-119] tourGuide.service.RewardsService         : ** Processing to get reward points
2021-11-29 23:17:40.397  INFO 6224 --- [l-13-thread-166] tourGuide.service.RewardsService         : ** Processing to get reward points
2021-11-29 23:17:40.406  INFO 6224 --- [l-13-thread-129] tourGuide.service.RewardsService         : ** Processing to get reward points
2021-11-29 23:17:40.409  INFO 6224 --- [l-13-thread-103] tourGuide.service.RewardsService         : ** Processing to get reward points
2021-11-29 23:17:40.409  INFO 6224 --- [l-13-thread-186] tourGuide.service.RewardsService         : ** Processing to get reward points
2021-11-29 23:17:40.409  INFO 6224 --- [l-13-thread-177] tourGuide.service.RewardsService         : ** Processing to get reward points
2021-11-29 23:17:40.415  INFO 6224 --- [ol-13-thread-81] tourGuide.service.RewardsService         : ** Processing to get reward points
2021-11-29 23:17:40.417  INFO 6224 --- [l-13-thread-101] tourGuide.service.RewardsService         : ** Processing to get reward points
2021-11-29 23:17:40.419  INFO 6224 --- [ol-13-thread-94] tourGuide.service.RewardsService         : ** Processing to get reward points
2021-11-29 23:17:40.420  INFO 6224 --- [ol-13-thread-24] tourGuide.service.RewardsService         : ** Processing to get reward points
2021-11-29 23:17:40.427  INFO 6224 --- [ol-13-thread-21] tourGuide.service.RewardsService         : ** Processing to get reward points
2021-11-29 23:17:40.427  INFO 6224 --- [l-13-thread-171] tourGuide.service.RewardsService         : ** Processing to get reward points
2021-11-29 23:17:40.427  INFO 6224 --- [ol-13-thread-23] tourGuide.service.RewardsService         : ** Processing to get reward points
2021-11-29 23:17:40.429  INFO 6224 --- [l-13-thread-102] tourGuide.service.RewardsService         : ** Processing to get reward points
2021-11-29 23:17:40.435  INFO 6224 --- [l-13-thread-140] tourGuide.service.RewardsService         : ** Processing to get reward points
2021-11-29 23:17:40.435  INFO 6224 --- [l-13-thread-192] tourGuide.service.RewardsService         : ** Processing to get reward points
2021-11-29 23:17:40.437  INFO 6224 --- [l-13-thread-170] tourGuide.service.RewardsService         : ** Processing to get reward points
2021-11-29 23:17:40.438  INFO 6224 --- [ol-13-thread-97] tourGuide.service.RewardsService         : ** Processing to get reward points
2021-11-29 23:17:40.439  INFO 6224 --- [ol-13-thread-24] tourGuide.service.RewardsService         : ** Processing to get reward points
2021-11-29 23:17:40.441  INFO 6224 --- [l-13-thread-189] tourGuide.service.RewardsService         : ** Processing to get reward points
2021-11-29 23:17:40.442  INFO 6224 --- [l-13-thread-174] tourGuide.service.RewardsService         : ** Processing to get reward points
2021-11-29 23:17:40.451  INFO 6224 --- [ol-13-thread-12] tourGuide.service.RewardsService         : ** Processing to get reward points
2021-11-29 23:17:40.453  INFO 6224 --- [ol-13-thread-91] tourGuide.service.RewardsService         : ** Processing to get reward points
2021-11-29 23:17:40.458  INFO 6224 --- [l-13-thread-153] tourGuide.service.RewardsService         : ** Processing to get reward points
2021-11-29 23:17:40.463  INFO 6224 --- [ol-13-thread-98] tourGuide.service.RewardsService         : ** Processing to get reward points
2021-11-29 23:17:40.465  INFO 6224 --- [l-13-thread-126] tourGuide.service.RewardsService         : ** Processing to get reward points
2021-11-29 23:17:40.466  INFO 6224 --- [ol-13-thread-69] tourGuide.service.RewardsService         : ** Processing to get reward points
2021-11-29 23:17:40.468  INFO 6224 --- [ool-13-thread-6] tourGuide.service.RewardsService         : ** Processing to get reward points
2021-11-29 23:17:40.468  INFO 6224 --- [l-13-thread-125] tourGuide.service.RewardsService         : ** Processing to get reward points
2021-11-29 23:17:40.470  INFO 6224 --- [ol-13-thread-22] tourGuide.service.RewardsService         : ** Processing to get reward points
2021-11-29 23:17:40.470  INFO 6224 --- [ol-13-thread-12] tourGuide.service.RewardsService         : ** Processing to get reward points
2021-11-29 23:17:40.473  INFO 6224 --- [l-13-thread-173] tourGuide.service.RewardsService         : ** Processing to get reward points
2021-11-29 23:17:40.473  INFO 6224 --- [l-13-thread-132] tourGuide.service.RewardsService         : ** Processing to get reward points
2021-11-29 23:17:40.473  INFO 6224 --- [l-13-thread-191] tourGuide.service.RewardsService         : ** Processing to get reward points
2021-11-29 23:17:40.475  INFO 6224 --- [ol-13-thread-58] tourGuide.service.RewardsService         : ** Processing to get reward points
2021-11-29 23:17:40.477  INFO 6224 --- [l-13-thread-187] tourGuide.service.RewardsService         : ** Processing to get reward points
2021-11-29 23:17:40.477  INFO 6224 --- [l-13-thread-172] tourGuide.service.RewardsService         : ** Processing to get reward points
2021-11-29 23:17:40.480  INFO 6224 --- [ol-13-thread-84] tourGuide.service.RewardsService         : ** Processing to get reward points
2021-11-29 23:17:40.485  INFO 6224 --- [ol-13-thread-73] tourGuide.service.RewardsService         : ** Processing to get reward points
2021-11-29 23:17:40.491  INFO 6224 --- [l-13-thread-123] tourGuide.service.RewardsService         : ** Processing to get reward points
2021-11-29 23:17:40.491  INFO 6224 --- [ol-13-thread-37] tourGuide.service.RewardsService         : ** Processing to get reward points
2021-11-29 23:17:40.496  INFO 6224 --- [ol-13-thread-71] tourGuide.service.RewardsService         : ** Processing to get reward points
2021-11-29 23:17:40.496  INFO 6224 --- [l-13-thread-120] tourGuide.service.RewardsService         : ** Processing to get reward points
2021-11-29 23:17:40.502  INFO 6224 --- [ol-13-thread-21] tourGuide.service.RewardsService         : ** Processing to get reward points
2021-11-29 23:17:40.505  INFO 6224 --- [ol-13-thread-72] tourGuide.service.RewardsService         : ** Processing to get reward points
2021-11-29 23:17:40.505  INFO 6224 --- [l-13-thread-163] tourGuide.service.RewardsService         : ** Processing to get reward points
2021-11-29 23:17:40.507  INFO 6224 --- [ol-13-thread-33] tourGuide.service.RewardsService         : ** Processing to get reward points
2021-11-29 23:17:40.507  INFO 6224 --- [l-13-thread-168] tourGuide.service.RewardsService         : ** Processing to get reward points
2021-11-29 23:17:40.508  INFO 6224 --- [l-13-thread-122] tourGuide.service.RewardsService         : ** Processing to get reward points
2021-11-29 23:17:40.508  INFO 6224 --- [l-13-thread-160] tourGuide.service.RewardsService         : ** Processing to get reward points
2021-11-29 23:17:40.514  INFO 6224 --- [ol-13-thread-40] tourGuide.service.RewardsService         : ** Processing to get reward points
2021-11-29 23:17:40.518  INFO 6224 --- [l-13-thread-137] tourGuide.service.RewardsService         : ** Processing to get reward points
2021-11-29 23:17:40.528  INFO 6224 --- [l-13-thread-141] tourGuide.service.RewardsService         : ** Processing to get reward points
2021-11-29 23:17:40.529  INFO 6224 --- [l-13-thread-172] tourGuide.service.RewardsService         : ** Processing to get reward points
2021-11-29 23:17:40.531  INFO 6224 --- [l-13-thread-128] tourGuide.service.RewardsService         : ** Processing to get reward points
2021-11-29 23:17:40.535  INFO 6224 --- [ol-13-thread-44] tourGuide.service.RewardsService         : ** Processing to get reward points
2021-11-29 23:17:40.537  INFO 6224 --- [ol-13-thread-62] tourGuide.service.RewardsService         : ** Processing to get reward points
2021-11-29 23:17:40.538  INFO 6224 --- [ol-13-thread-14] tourGuide.service.RewardsService         : ** Processing to get reward points
2021-11-29 23:17:40.540  INFO 6224 --- [ol-13-thread-26] tourGuide.service.RewardsService         : ** Processing to get reward points
2021-11-29 23:17:40.553  INFO 6224 --- [l-13-thread-181] tourGuide.service.RewardsService         : ** Processing to get reward points
2021-11-29 23:17:40.553  INFO 6224 --- [l-13-thread-199] tourGuide.service.RewardsService         : ** Processing to get reward points
2021-11-29 23:17:40.553  INFO 6224 --- [ol-13-thread-55] tourGuide.service.RewardsService         : ** Processing to get reward points
2021-11-29 23:17:40.559  INFO 6224 --- [l-13-thread-146] tourGuide.service.RewardsService         : ** Processing to get reward points
2021-11-29 23:17:40.564  INFO 6224 --- [l-13-thread-121] tourGuide.service.RewardsService         : ** Processing to get reward points
2021-11-29 23:17:40.568  INFO 6224 --- [l-13-thread-150] tourGuide.service.RewardsService         : ** Processing to get reward points
2021-11-29 23:17:40.570  INFO 6224 --- [l-13-thread-178] tourGuide.service.RewardsService         : ** Processing to get reward points
2021-11-29 23:17:40.574  INFO 6224 --- [ool-13-thread-1] tourGuide.service.RewardsService         : ** Processing to get reward points
2021-11-29 23:17:40.576  INFO 6224 --- [ol-13-thread-78] tourGuide.service.RewardsService         : ** Processing to get reward points
2021-11-29 23:17:40.582  INFO 6224 --- [l-13-thread-100] tourGuide.service.RewardsService         : ** Processing to get reward points
2021-11-29 23:17:40.582  INFO 6224 --- [l-13-thread-183] tourGuide.service.RewardsService         : ** Processing to get reward points
2021-11-29 23:17:40.584  INFO 6224 --- [ol-13-thread-59] tourGuide.service.RewardsService         : ** Processing to get reward points
2021-11-29 23:17:40.587  INFO 6224 --- [ol-13-thread-68] tourGuide.service.RewardsService         : ** Processing to get reward points
2021-11-29 23:17:40.590  INFO 6224 --- [l-13-thread-172] tourGuide.service.RewardsService         : ** Processing to get reward points
2021-11-29 23:17:40.593  INFO 6224 --- [l-13-thread-153] tourGuide.service.RewardsService         : ** Processing to get reward points
2021-11-29 23:17:40.593  INFO 6224 --- [l-13-thread-112] tourGuide.service.RewardsService         : ** Processing to get reward points
2021-11-29 23:17:40.596  INFO 6224 --- [ol-13-thread-52] tourGuide.service.RewardsService         : ** Processing to get reward points
2021-11-29 23:17:40.599  INFO 6224 --- [l-13-thread-142] tourGuide.service.RewardsService         : ** Processing to get reward points
2021-11-29 23:17:40.601  INFO 6224 --- [l-13-thread-171] tourGuide.service.RewardsService         : ** Processing to get reward points
2021-11-29 23:17:40.603  INFO 6224 --- [ol-13-thread-38] tourGuide.service.RewardsService         : ** Processing to get reward points
2021-11-29 23:17:40.609  INFO 6224 --- [l-13-thread-104] tourGuide.service.RewardsService         : ** Processing to get reward points
2021-11-29 23:17:40.609  INFO 6224 --- [l-13-thread-169] tourGuide.service.RewardsService         : ** Processing to get reward points
2021-11-29 23:17:40.609  INFO 6224 --- [ool-13-thread-3] tourGuide.service.RewardsService         : ** Processing to get reward points
2021-11-29 23:17:40.609  INFO 6224 --- [ol-13-thread-29] tourGuide.service.RewardsService         : ** Processing to get reward points
2021-11-29 23:17:40.611  INFO 6224 --- [ol-13-thread-96] tourGuide.service.RewardsService         : ** Processing to get reward points
2021-11-29 23:17:40.611  INFO 6224 --- [ol-13-thread-16] tourGuide.service.RewardsService         : ** Processing to get reward points
2021-11-29 23:17:40.613  INFO 6224 --- [l-13-thread-140] tourGuide.service.RewardsService         : ** Processing to get reward points
2021-11-29 23:17:40.615  INFO 6224 --- [ol-13-thread-80] tourGuide.service.RewardsService         : ** Processing to get reward points
2021-11-29 23:17:40.615  INFO 6224 --- [l-13-thread-106] tourGuide.service.RewardsService         : ** Processing to get reward points
2021-11-29 23:17:40.616  INFO 6224 --- [l-13-thread-161] tourGuide.service.RewardsService         : ** Processing to get reward points
2021-11-29 23:17:40.620  INFO 6224 --- [ol-13-thread-20] tourGuide.service.RewardsService         : ** Processing to get reward points
2021-11-29 23:17:40.620  INFO 6224 --- [l-13-thread-124] tourGuide.service.RewardsService         : ** Processing to get reward points
2021-11-29 23:17:40.622  INFO 6224 --- [ol-13-thread-31] tourGuide.service.RewardsService         : ** Processing to get reward points
2021-11-29 23:17:40.625  INFO 6224 --- [l-13-thread-151] tourGuide.service.RewardsService         : ** Processing to get reward points
2021-11-29 23:17:40.627  INFO 6224 --- [ol-13-thread-88] tourGuide.service.RewardsService         : ** Processing to get reward points
2021-11-29 23:17:40.628  INFO 6224 --- [l-13-thread-113] tourGuide.service.RewardsService         : ** Processing to get reward points
2021-11-29 23:17:40.629  INFO 6224 --- [ool-13-thread-9] tourGuide.service.RewardsService         : ** Processing to get reward points
2021-11-29 23:17:40.629  INFO 6224 --- [l-13-thread-173] tourGuide.service.RewardsService         : ** Processing to get reward points
2021-11-29 23:17:40.629  INFO 6224 --- [ol-13-thread-84] tourGuide.service.RewardsService         : ** Processing to get reward points
2021-11-29 23:17:40.629  INFO 6224 --- [l-13-thread-187] tourGuide.service.RewardsService         : ** Processing to get reward points
2021-11-29 23:17:40.635  INFO 6224 --- [ool-13-thread-5] tourGuide.service.RewardsService         : ** Processing to get reward points
2021-11-29 23:17:40.636  INFO 6224 --- [ol-13-thread-76] tourGuide.service.RewardsService         : ** Processing to get reward points
2021-11-29 23:17:40.639  INFO 6224 --- [ol-13-thread-67] tourGuide.service.RewardsService         : ** Processing to get reward points
2021-11-29 23:17:40.641  INFO 6224 --- [ol-13-thread-64] tourGuide.service.RewardsService         : ** Processing to get reward points
2021-11-29 23:17:40.643  INFO 6224 --- [l-13-thread-117] tourGuide.service.RewardsService         : ** Processing to get reward points
2021-11-29 23:17:40.643  INFO 6224 --- [l-13-thread-105] tourGuide.service.RewardsService         : ** Processing to get reward points
2021-11-29 23:17:40.654  INFO 6224 --- [ol-13-thread-48] tourGuide.service.RewardsService         : ** Processing to get reward points
2021-11-29 23:17:40.655  INFO 6224 --- [l-13-thread-139] tourGuide.service.RewardsService         : ** Processing to get reward points
2021-11-29 23:17:40.659  INFO 6224 --- [ol-13-thread-65] tourGuide.service.RewardsService         : ** Processing to get reward points
2021-11-29 23:17:40.660  INFO 6224 --- [l-13-thread-163] tourGuide.service.RewardsService         : ** Processing to get reward points
2021-11-29 23:17:40.661  INFO 6224 --- [ol-13-thread-57] tourGuide.service.RewardsService         : ** Processing to get reward points
2021-11-29 23:17:40.662  INFO 6224 --- [ol-13-thread-17] tourGuide.service.RewardsService         : ** Processing to get reward points
2021-11-29 23:17:40.662  INFO 6224 --- [l-13-thread-154] tourGuide.service.RewardsService         : ** Processing to get reward points
2021-11-29 23:17:40.665  INFO 6224 --- [l-13-thread-189] tourGuide.service.RewardsService         : ** Processing to get reward points
2021-11-29 23:17:40.672  INFO 6224 --- [l-13-thread-111] tourGuide.service.RewardsService         : ** Processing to get reward points
2021-11-29 23:17:40.673  INFO 6224 --- [l-13-thread-187] tourGuide.service.RewardsService         : ** Processing to get reward points
2021-11-29 23:17:40.674  INFO 6224 --- [ol-13-thread-53] tourGuide.service.RewardsService         : ** Processing to get reward points
2021-11-29 23:17:40.675  INFO 6224 --- [ol-13-thread-20] tourGuide.service.RewardsService         : ** Processing to get reward points
2021-11-29 23:17:40.678  INFO 6224 --- [ol-13-thread-77] tourGuide.service.RewardsService         : ** Processing to get reward points
2021-11-29 23:17:40.681  INFO 6224 --- [l-13-thread-108] tourGuide.service.RewardsService         : ** Processing to get reward points
2021-11-29 23:17:40.683  INFO 6224 --- [l-13-thread-117] tourGuide.service.RewardsService         : ** Processing to get reward points
2021-11-29 23:17:40.685  INFO 6224 --- [l-13-thread-159] tourGuide.service.RewardsService         : ** Processing to get reward points
2021-11-29 23:17:40.687  INFO 6224 --- [l-13-thread-111] tourGuide.service.RewardsService         : ** Processing to get reward points
2021-11-29 23:17:40.687  INFO 6224 --- [l-13-thread-131] tourGuide.service.RewardsService         : ** Processing to get reward points
2021-11-29 23:17:40.691  INFO 6224 --- [l-13-thread-162] tourGuide.service.RewardsService         : ** Processing to get reward points
2021-11-29 23:17:40.691  INFO 6224 --- [l-13-thread-142] tourGuide.service.RewardsService         : ** Processing to get reward points
2021-11-29 23:17:40.693  INFO 6224 --- [l-13-thread-200] tourGuide.service.RewardsService         : ** Processing to get reward points
2021-11-29 23:17:40.699  INFO 6224 --- [ol-13-thread-27] tourGuide.service.RewardsService         : ** Processing to get reward points
2021-11-29 23:17:40.703  INFO 6224 --- [l-13-thread-190] tourGuide.service.RewardsService         : ** Processing to get reward points
2021-11-29 23:17:40.706  INFO 6224 --- [ol-13-thread-96] tourGuide.service.RewardsService         : ** Processing to get reward points
2021-11-29 23:17:40.706  INFO 6224 --- [l-13-thread-148] tourGuide.service.RewardsService         : ** Processing to get reward points
2021-11-29 23:17:40.706  INFO 6224 --- [ol-13-thread-56] tourGuide.service.RewardsService         : ** Processing to get reward points
2021-11-29 23:17:40.708  INFO 6224 --- [ol-13-thread-73] tourGuide.service.RewardsService         : ** Processing to get reward points
2021-11-29 23:17:40.709  INFO 6224 --- [l-13-thread-165] tourGuide.service.RewardsService         : ** Processing to get reward points
2021-11-29 23:17:40.709  INFO 6224 --- [ol-13-thread-26] tourGuide.service.RewardsService         : ** Processing to get reward points
2021-11-29 23:17:40.712  INFO 6224 --- [ol-13-thread-70] tourGuide.service.RewardsService         : ** Processing to get reward points
2021-11-29 23:17:40.715  INFO 6224 --- [l-13-thread-145] tourGuide.service.RewardsService         : ** Processing to get reward points
2021-11-29 23:17:40.715  INFO 6224 --- [ol-13-thread-61] tourGuide.service.RewardsService         : ** Processing to get reward points
2021-11-29 23:17:40.719  INFO 6224 --- [ol-13-thread-45] tourGuide.service.RewardsService         : ** Processing to get reward points
2021-11-29 23:17:40.723  INFO 6224 --- [l-13-thread-195] tourGuide.service.RewardsService         : ** Processing to get reward points
2021-11-29 23:17:40.725  INFO 6224 --- [ol-13-thread-12] tourGuide.service.RewardsService         : ** Processing to get reward points
2021-11-29 23:17:40.728  INFO 6224 --- [l-13-thread-179] tourGuide.service.RewardsService         : ** Processing to get reward points
2021-11-29 23:17:40.735  INFO 6224 --- [l-13-thread-141] tourGuide.service.RewardsService         : ** Processing to get reward points
2021-11-29 23:17:40.743  INFO 6224 --- [ol-13-thread-60] tourGuide.service.RewardsService         : ** Processing to get reward points
2021-11-29 23:17:40.743  INFO 6224 --- [ol-13-thread-15] tourGuide.service.RewardsService         : ** Processing to get reward points
2021-11-29 23:17:40.746  INFO 6224 --- [l-13-thread-156] tourGuide.service.RewardsService         : ** Processing to get reward points
2021-11-29 23:17:40.746  INFO 6224 --- [ol-13-thread-37] tourGuide.service.RewardsService         : ** Processing to get reward points
2021-11-29 23:17:40.754  INFO 6224 --- [l-13-thread-150] tourGuide.service.RewardsService         : ** Processing to get reward points
2021-11-29 23:17:40.754  INFO 6224 --- [ol-13-thread-50] tourGuide.service.RewardsService         : ** Processing to get reward points
2021-11-29 23:17:40.769  INFO 6224 --- [ol-13-thread-25] tourGuide.service.RewardsService         : ** Processing to get reward points
2021-11-29 23:17:40.777  INFO 6224 --- [ol-13-thread-23] tourGuide.service.RewardsService         : ** Processing to get reward points
2021-11-29 23:17:40.781  INFO 6224 --- [l-13-thread-140] tourGuide.service.RewardsService         : ** Processing to get reward points
2021-11-29 23:17:40.784  INFO 6224 --- [ol-13-thread-74] tourGuide.service.RewardsService         : ** Processing to get reward points
2021-11-29 23:17:40.788  INFO 6224 --- [ol-13-thread-16] tourGuide.service.RewardsService         : ** Processing to get reward points
2021-11-29 23:17:40.788  INFO 6224 --- [ol-13-thread-66] tourGuide.service.RewardsService         : ** Processing to get reward points
2021-11-29 23:17:40.792  INFO 6224 --- [ol-13-thread-77] tourGuide.service.RewardsService         : ** Processing to get reward points
2021-11-29 23:17:40.794  INFO 6224 --- [ol-13-thread-26] tourGuide.service.RewardsService         : ** Processing to get reward points
2021-11-29 23:17:40.796  INFO 6224 --- [ol-13-thread-93] tourGuide.service.RewardsService         : ** Processing to get reward points
2021-11-29 23:17:40.797  INFO 6224 --- [ol-13-thread-40] tourGuide.service.RewardsService         : ** Processing to get reward points
2021-11-29 23:17:40.797  INFO 6224 --- [ol-13-thread-51] tourGuide.service.RewardsService         : ** Processing to get reward points
2021-11-29 23:17:40.798  INFO 6224 --- [ol-13-thread-24] tourGuide.service.RewardsService         : ** Processing to get reward points
2021-11-29 23:17:40.801  INFO 6224 --- [l-13-thread-116] tourGuide.service.RewardsService         : ** Processing to get reward points
2021-11-29 23:17:40.801  INFO 6224 --- [ol-13-thread-36] tourGuide.service.RewardsService         : ** Processing to get reward points
2021-11-29 23:17:40.801  INFO 6224 --- [ol-13-thread-10] tourGuide.service.RewardsService         : ** Processing to get reward points
2021-11-29 23:17:40.805  INFO 6224 --- [l-13-thread-131] tourGuide.service.RewardsService         : ** Processing to get reward points
2021-11-29 23:17:40.807  INFO 6224 --- [l-13-thread-147] tourGuide.service.RewardsService         : ** Processing to get reward points
2021-11-29 23:17:40.807  INFO 6224 --- [ol-13-thread-41] tourGuide.service.RewardsService         : ** Processing to get reward points
2021-11-29 23:17:40.809  INFO 6224 --- [l-13-thread-146] tourGuide.service.RewardsService         : ** Processing to get reward points
2021-11-29 23:17:40.815  INFO 6224 --- [ol-13-thread-93] tourGuide.service.RewardsService         : ** Processing to get reward points
2021-11-29 23:17:40.815  INFO 6224 --- [l-13-thread-151] tourGuide.service.RewardsService         : ** Processing to get reward points
2021-11-29 23:17:40.817  INFO 6224 --- [l-13-thread-190] tourGuide.service.RewardsService         : ** Processing to get reward points
2021-11-29 23:17:40.817  INFO 6224 --- [ol-13-thread-49] tourGuide.service.RewardsService         : ** Processing to get reward points
2021-11-29 23:17:40.819  INFO 6224 --- [l-13-thread-143] tourGuide.service.RewardsService         : ** Processing to get reward points
2021-11-29 23:17:40.819  INFO 6224 --- [ol-13-thread-87] tourGuide.service.RewardsService         : ** Processing to get reward points
2021-11-29 23:17:40.821  INFO 6224 --- [ol-13-thread-92] tourGuide.service.RewardsService         : ** Processing to get reward points
2021-11-29 23:17:40.824  INFO 6224 --- [ol-13-thread-57] tourGuide.service.RewardsService         : ** Processing to get reward points
2021-11-29 23:17:40.824  INFO 6224 --- [ool-13-thread-3] tourGuide.service.RewardsService         : ** Processing to get reward points
2021-11-29 23:17:40.827  INFO 6224 --- [l-13-thread-164] tourGuide.service.RewardsService         : ** Processing to get reward points
2021-11-29 23:17:40.828  INFO 6224 --- [ool-13-thread-4] tourGuide.service.RewardsService         : ** Processing to get reward points
2021-11-29 23:17:40.828  INFO 6224 --- [l-13-thread-138] tourGuide.service.RewardsService         : ** Processing to get reward points
2021-11-29 23:17:40.830  INFO 6224 --- [ol-13-thread-91] tourGuide.service.RewardsService         : ** Processing to get reward points
2021-11-29 23:17:40.831  INFO 6224 --- [ol-13-thread-87] tourGuide.service.RewardsService         : ** Processing to get reward points
2021-11-29 23:17:40.835  INFO 6224 --- [ol-13-thread-67] tourGuide.service.RewardsService         : ** Processing to get reward points
2021-11-29 23:17:40.836  INFO 6224 --- [ol-13-thread-97] tourGuide.service.RewardsService         : ** Processing to get reward points
2021-11-29 23:17:40.837  INFO 6224 --- [l-13-thread-151] tourGuide.service.RewardsService         : ** Processing to get reward points
2021-11-29 23:17:40.839  INFO 6224 --- [l-13-thread-106] tourGuide.service.RewardsService         : ** Processing to get reward points
2021-11-29 23:17:40.849  INFO 6224 --- [l-13-thread-143] tourGuide.service.RewardsService         : ** Processing to get reward points
2021-11-29 23:17:40.853  INFO 6224 --- [l-13-thread-161] tourGuide.service.RewardsService         : ** Processing to get reward points
2021-11-29 23:17:40.853  INFO 6224 --- [l-13-thread-122] tourGuide.service.RewardsService         : ** Processing to get reward points
2021-11-29 23:17:40.854  INFO 6224 --- [l-13-thread-144] tourGuide.service.RewardsService         : ** Processing to get reward points
2021-11-29 23:17:40.856  INFO 6224 --- [ol-13-thread-81] tourGuide.service.RewardsService         : ** Processing to get reward points
2021-11-29 23:17:40.858  INFO 6224 --- [ool-13-thread-9] tourGuide.service.RewardsService         : ** Processing to get reward points
2021-11-29 23:17:40.858  INFO 6224 --- [ol-13-thread-78] tourGuide.service.RewardsService         : ** Processing to get reward points
2021-11-29 23:17:40.862  INFO 6224 --- [l-13-thread-111] tourGuide.service.RewardsService         : ** Processing to get reward points
2021-11-29 23:17:40.862  INFO 6224 --- [l-13-thread-107] tourGuide.service.RewardsService         : ** Processing to get reward points
2021-11-29 23:17:40.862  INFO 6224 --- [ol-13-thread-17] tourGuide.service.RewardsService         : ** Processing to get reward points
2021-11-29 23:17:40.863  INFO 6224 --- [ol-13-thread-51] tourGuide.service.RewardsService         : ** Processing to get reward points
2021-11-29 23:17:40.864  INFO 6224 --- [l-13-thread-157] tourGuide.service.RewardsService         : ** Processing to get reward points
2021-11-29 23:17:40.864  INFO 6224 --- [l-13-thread-155] tourGuide.service.RewardsService         : ** Processing to get reward points
2021-11-29 23:17:40.865  INFO 6224 --- [ol-13-thread-43] tourGuide.service.RewardsService         : ** Processing to get reward points
2021-11-29 23:17:40.865  INFO 6224 --- [l-13-thread-127] tourGuide.service.RewardsService         : ** Processing to get reward points
2021-11-29 23:17:40.867  INFO 6224 --- [ol-13-thread-16] tourGuide.service.RewardsService         : ** Processing to get reward points
2021-11-29 23:17:40.870  INFO 6224 --- [l-13-thread-136] tourGuide.service.RewardsService         : ** Processing to get reward points
2021-11-29 23:17:40.870  INFO 6224 --- [l-13-thread-103] tourGuide.service.RewardsService         : ** Processing to get reward points
2021-11-29 23:17:40.871  INFO 6224 --- [l-13-thread-196] tourGuide.service.RewardsService         : ** Processing to get reward points
2021-11-29 23:17:40.873  INFO 6224 --- [l-13-thread-166] tourGuide.service.RewardsService         : ** Processing to get reward points
2021-11-29 23:17:40.875  INFO 6224 --- [l-13-thread-129] tourGuide.service.RewardsService         : ** Processing to get reward points
2021-11-29 23:17:40.882  INFO 6224 --- [ol-13-thread-70] tourGuide.service.RewardsService         : ** Processing to get reward points
2021-11-29 23:17:40.886  INFO 6224 --- [l-13-thread-109] tourGuide.service.RewardsService         : ** Processing to get reward points
2021-11-29 23:17:40.890  INFO 6224 --- [ol-13-thread-81] tourGuide.service.RewardsService         : ** Processing to get reward points
2021-11-29 23:17:40.893  INFO 6224 --- [l-13-thread-115] tourGuide.service.RewardsService         : ** Processing to get reward points
2021-11-29 23:17:40.900  INFO 6224 --- [ool-13-thread-8] tourGuide.service.RewardsService         : ** Processing to get reward points
2021-11-29 23:17:40.901  INFO 6224 --- [ol-13-thread-38] tourGuide.service.RewardsService         : ** Processing to get reward points
2021-11-29 23:17:40.903  INFO 6224 --- [l-13-thread-110] tourGuide.service.RewardsService         : ** Processing to get reward points
2021-11-29 23:17:40.905  INFO 6224 --- [ol-13-thread-33] tourGuide.service.RewardsService         : ** Processing to get reward points
2021-11-29 23:17:40.905  INFO 6224 --- [ol-13-thread-63] tourGuide.service.RewardsService         : ** Processing to get reward points
2021-11-29 23:17:40.910  INFO 6224 --- [l-13-thread-128] tourGuide.service.RewardsService         : ** Processing to get reward points
2021-11-29 23:17:40.913  INFO 6224 --- [ol-13-thread-78] tourGuide.service.RewardsService         : ** Processing to get reward points
2021-11-29 23:17:40.913  INFO 6224 --- [ol-13-thread-18] tourGuide.service.RewardsService         : ** Processing to get reward points
2021-11-29 23:17:40.914  INFO 6224 --- [l-13-thread-167] tourGuide.service.RewardsService         : ** Processing to get reward points
2021-11-29 23:17:40.914  INFO 6224 --- [l-13-thread-175] tourGuide.service.RewardsService         : ** Processing to get reward points
2021-11-29 23:17:40.918  INFO 6224 --- [ol-13-thread-42] tourGuide.service.RewardsService         : ** Processing to get reward points
2021-11-29 23:17:40.918  INFO 6224 --- [l-13-thread-173] tourGuide.service.RewardsService         : ** Processing to get reward points
2021-11-29 23:17:40.919  INFO 6224 --- [ol-13-thread-79] tourGuide.service.RewardsService         : ** Processing to get reward points
2021-11-29 23:17:40.921  INFO 6224 --- [l-13-thread-180] tourGuide.service.RewardsService         : ** Processing to get reward points
2021-11-29 23:17:40.925  INFO 6224 --- [l-13-thread-188] tourGuide.service.RewardsService         : ** Processing to get reward points
2021-11-29 23:17:40.935  INFO 6224 --- [ol-13-thread-37] tourGuide.service.RewardsService         : ** Processing to get reward points
2021-11-29 23:17:40.938  INFO 6224 --- [ol-13-thread-23] tourGuide.service.RewardsService         : ** Processing to get reward points
2021-11-29 23:17:40.946  INFO 6224 --- [l-13-thread-194] tourGuide.service.RewardsService         : ** Processing to get reward points
2021-11-29 23:17:40.956  INFO 6224 --- [l-13-thread-176] tourGuide.service.RewardsService         : ** Processing to get reward points
2021-11-29 23:17:40.959  INFO 6224 --- [ol-13-thread-75] tourGuide.service.RewardsService         : ** Processing to get reward points
2021-11-29 23:17:40.965  INFO 6224 --- [ol-13-thread-26] tourGuide.service.RewardsService         : ** Processing to get reward points
2021-11-29 23:17:40.965  INFO 6224 --- [ol-13-thread-13] tourGuide.service.RewardsService         : ** Processing to get reward points
2021-11-29 23:17:40.967  INFO 6224 --- [ol-13-thread-16] tourGuide.service.RewardsService         : ** Processing to get reward points
2021-11-29 23:17:40.970  INFO 6224 --- [ol-13-thread-63] tourGuide.service.RewardsService         : ** Processing to get reward points
2021-11-29 23:17:40.972  INFO 6224 --- [l-13-thread-191] tourGuide.service.RewardsService         : ** Processing to get reward points
2021-11-29 23:17:40.975  INFO 6224 --- [ol-13-thread-54] tourGuide.service.RewardsService         : ** Processing to get reward points
2021-11-29 23:17:40.977  INFO 6224 --- [ool-13-thread-5] tourGuide.service.RewardsService         : ** Processing to get reward points
2021-11-29 23:17:40.978  INFO 6224 --- [l-13-thread-153] tourGuide.service.RewardsService         : ** Processing to get reward points
2021-11-29 23:17:40.983  INFO 6224 --- [l-13-thread-110] tourGuide.service.RewardsService         : ** Processing to get reward points
2021-11-29 23:17:40.986  INFO 6224 --- [l-13-thread-109] tourGuide.service.RewardsService         : ** Processing to get reward points
2021-11-29 23:17:40.988  INFO 6224 --- [l-13-thread-161] tourGuide.service.RewardsService         : ** Processing to get reward points
2021-11-29 23:17:40.991  INFO 6224 --- [ol-13-thread-30] tourGuide.service.RewardsService         : ** Processing to get reward points
2021-11-29 23:17:40.993  INFO 6224 --- [ol-13-thread-90] tourGuide.service.RewardsService         : ** Processing to get reward points
2021-11-29 23:17:40.994  INFO 6224 --- [l-13-thread-124] tourGuide.service.RewardsService         : ** Processing to get reward points
2021-11-29 23:17:40.994  INFO 6224 --- [l-13-thread-148] tourGuide.service.RewardsService         : ** Processing to get reward points
2021-11-29 23:17:41.001  INFO 6224 --- [ol-13-thread-36] tourGuide.service.RewardsService         : ** Processing to get reward points
2021-11-29 23:17:41.004  INFO 6224 --- [ool-13-thread-2] tourGuide.service.RewardsService         : ** Processing to get reward points
2021-11-29 23:17:41.006  INFO 6224 --- [l-13-thread-135] tourGuide.service.RewardsService         : ** Processing to get reward points
2021-11-29 23:17:41.008  INFO 6224 --- [ol-13-thread-88] tourGuide.service.RewardsService         : ** Processing to get reward points
2021-11-29 23:17:41.013  INFO 6224 --- [ol-13-thread-70] tourGuide.service.RewardsService         : ** Processing to get reward points
2021-11-29 23:17:41.014  INFO 6224 --- [l-13-thread-154] tourGuide.service.RewardsService         : ** Processing to get reward points
2021-11-29 23:17:41.015  INFO 6224 --- [ol-13-thread-51] tourGuide.service.RewardsService         : ** Processing to get reward points
2021-11-29 23:17:41.018  INFO 6224 --- [ol-13-thread-83] tourGuide.service.RewardsService         : ** Processing to get reward points
2021-11-29 23:17:41.028  INFO 6224 --- [l-13-thread-184] tourGuide.service.RewardsService         : ** Processing to get reward points
2021-11-29 23:17:41.028  INFO 6224 --- [l-13-thread-130] tourGuide.service.RewardsService         : ** Processing to get reward points
2021-11-29 23:17:41.029  INFO 6224 --- [l-13-thread-104] tourGuide.service.RewardsService         : ** Processing to get reward points
2021-11-29 23:17:41.033  INFO 6224 --- [l-13-thread-151] tourGuide.service.RewardsService         : ** Processing to get reward points
2021-11-29 23:17:41.037  INFO 6224 --- [ol-13-thread-41] tourGuide.service.RewardsService         : ** Processing to get reward points
2021-11-29 23:17:41.039  INFO 6224 --- [ol-13-thread-35] tourGuide.service.RewardsService         : ** Processing to get reward points
2021-11-29 23:17:41.039  INFO 6224 --- [ol-13-thread-19] tourGuide.service.RewardsService         : ** Processing to get reward points
2021-11-29 23:17:41.045  INFO 6224 --- [l-13-thread-123] tourGuide.service.RewardsService         : ** Processing to get reward points
2021-11-29 23:17:41.045  INFO 6224 --- [l-13-thread-152] tourGuide.service.RewardsService         : ** Processing to get reward points
2021-11-29 23:17:41.050  INFO 6224 --- [l-13-thread-105] tourGuide.service.RewardsService         : ** Processing to get reward points
2021-11-29 23:17:41.050  INFO 6224 --- [l-13-thread-169] tourGuide.service.RewardsService         : ** Processing to get reward points
2021-11-29 23:17:41.055  INFO 6224 --- [l-13-thread-119] tourGuide.service.RewardsService         : ** Processing to get reward points
2021-11-29 23:17:41.056  INFO 6224 --- [l-13-thread-146] tourGuide.service.RewardsService         : ** Processing to get reward points
2021-11-29 23:17:41.059  INFO 6224 --- [ol-13-thread-86] tourGuide.service.RewardsService         : ** Processing to get reward points
2021-11-29 23:17:41.059  INFO 6224 --- [ol-13-thread-96] tourGuide.service.RewardsService         : ** Processing to get reward points
2021-11-29 23:17:41.059  INFO 6224 --- [l-13-thread-136] tourGuide.service.RewardsService         : ** Processing to get reward points
2021-11-29 23:17:41.061  INFO 6224 --- [l-13-thread-180] tourGuide.service.RewardsService         : ** Processing to get reward points
2021-11-29 23:17:41.065  INFO 6224 --- [ol-13-thread-37] tourGuide.service.RewardsService         : ** Processing to get reward points
2021-11-29 23:17:41.066  INFO 6224 --- [ol-13-thread-28] tourGuide.service.RewardsService         : ** Processing to get reward points
2021-11-29 23:17:41.068  INFO 6224 --- [ol-13-thread-15] tourGuide.service.RewardsService         : ** Processing to get reward points
2021-11-29 23:17:41.068  INFO 6224 --- [l-13-thread-156] tourGuide.service.RewardsService         : ** Processing to get reward points
2021-11-29 23:17:41.071  INFO 6224 --- [l-13-thread-138] tourGuide.service.RewardsService         : ** Processing to get reward points
2021-11-29 23:17:41.071  INFO 6224 --- [ool-13-thread-7] tourGuide.service.RewardsService         : ** Processing to get reward points
2021-11-29 23:17:41.073  INFO 6224 --- [ol-13-thread-40] tourGuide.service.RewardsService         : ** Processing to get reward points
2021-11-29 23:17:41.078  INFO 6224 --- [l-13-thread-158] tourGuide.service.RewardsService         : ** Processing to get reward points
2021-11-29 23:17:41.079  INFO 6224 --- [l-13-thread-115] tourGuide.service.RewardsService         : ** Processing to get reward points
2021-11-29 23:17:41.080  INFO 6224 --- [ol-13-thread-82] tourGuide.service.RewardsService         : ** Processing to get reward points
2021-11-29 23:17:41.087  INFO 6224 --- [ol-13-thread-47] tourGuide.service.RewardsService         : ** Processing to get reward points
2021-11-29 23:17:41.092  INFO 6224 --- [ol-13-thread-46] tourGuide.service.RewardsService         : ** Processing to get reward points
2021-11-29 23:17:41.101  INFO 6224 --- [l-13-thread-186] tourGuide.service.RewardsService         : ** Processing to get reward points
2021-11-29 23:17:41.102  INFO 6224 --- [l-13-thread-153] tourGuide.service.RewardsService         : ** Processing to get reward points
2021-11-29 23:17:41.106  INFO 6224 --- [l-13-thread-169] tourGuide.service.RewardsService         : ** Processing to get reward points
2021-11-29 23:17:41.109  INFO 6224 --- [ol-13-thread-20] tourGuide.service.RewardsService         : ** Processing to get reward points
2021-11-29 23:17:41.112  INFO 6224 --- [ol-13-thread-49] tourGuide.service.RewardsService         : ** Processing to get reward points
2021-11-29 23:17:41.112  INFO 6224 --- [ol-13-thread-85] tourGuide.service.RewardsService         : ** Processing to get reward points
2021-11-29 23:17:41.120  INFO 6224 --- [ol-13-thread-21] tourGuide.service.RewardsService         : ** Processing to get reward points
2021-11-29 23:17:41.120  INFO 6224 --- [ol-13-thread-87] tourGuide.service.RewardsService         : ** Processing to get reward points
2021-11-29 23:17:41.120  INFO 6224 --- [ol-13-thread-56] tourGuide.service.RewardsService         : ** Processing to get reward points
2021-11-29 23:17:41.123  INFO 6224 --- [l-13-thread-147] tourGuide.service.RewardsService         : ** Processing to get reward points
2021-11-29 23:17:41.136  INFO 6224 --- [ol-13-thread-89] tourGuide.service.RewardsService         : ** Processing to get reward points
2021-11-29 23:17:41.138  INFO 6224 --- [ool-13-thread-6] tourGuide.service.RewardsService         : ** Processing to get reward points
2021-11-29 23:17:41.143  INFO 6224 --- [l-13-thread-114] tourGuide.service.RewardsService         : ** Processing to get reward points
2021-11-29 23:17:41.145  INFO 6224 --- [l-13-thread-177] tourGuide.service.RewardsService         : ** Processing to get reward points
2021-11-29 23:17:41.148  INFO 6224 --- [l-13-thread-132] tourGuide.service.RewardsService         : ** Processing to get reward points
2021-11-29 23:17:41.152  INFO 6224 --- [ol-13-thread-19] tourGuide.service.RewardsService         : ** Processing to get reward points
2021-11-29 23:17:41.155  INFO 6224 --- [l-13-thread-117] tourGuide.service.RewardsService         : ** Processing to get reward points
2021-11-29 23:17:41.155  INFO 6224 --- [l-13-thread-148] tourGuide.service.RewardsService         : ** Processing to get reward points
2021-11-29 23:17:41.157  INFO 6224 --- [l-13-thread-149] tourGuide.service.RewardsService         : ** Processing to get reward points
2021-11-29 23:17:41.157  INFO 6224 --- [l-13-thread-167] tourGuide.service.RewardsService         : ** Processing to get reward points
2021-11-29 23:17:41.158  INFO 6224 --- [l-13-thread-110] tourGuide.service.RewardsService         : ** Processing to get reward points
2021-11-29 23:17:41.164  INFO 6224 --- [ol-13-thread-34] tourGuide.service.RewardsService         : ** Processing to get reward points
2021-11-29 23:17:41.174  INFO 6224 --- [l-13-thread-200] tourGuide.service.RewardsService         : ** Processing to get reward points
2021-11-29 23:17:41.176  INFO 6224 --- [l-13-thread-182] tourGuide.service.RewardsService         : ** Processing to get reward points
2021-11-29 23:17:41.176  INFO 6224 --- [ol-13-thread-58] tourGuide.service.RewardsService         : ** Processing to get reward points
2021-11-29 23:17:41.178  INFO 6224 --- [ol-13-thread-75] tourGuide.service.RewardsService         : ** Processing to get reward points
2021-11-29 23:17:41.178  INFO 6224 --- [l-13-thread-183] tourGuide.service.RewardsService         : ** Processing to get reward points
2021-11-29 23:17:41.180  INFO 6224 --- [l-13-thread-103] tourGuide.service.RewardsService         : ** Processing to get reward points
2021-11-29 23:17:41.182  INFO 6224 --- [l-13-thread-185] tourGuide.service.RewardsService         : ** Processing to get reward points
2021-11-29 23:17:41.183  INFO 6224 --- [l-13-thread-179] tourGuide.service.RewardsService         : ** Processing to get reward points
2021-11-29 23:17:41.183  INFO 6224 --- [l-13-thread-166] tourGuide.service.RewardsService         : ** Processing to get reward points
2021-11-29 23:17:41.186  INFO 6224 --- [l-13-thread-198] tourGuide.service.RewardsService         : ** Processing to get reward points
2021-11-29 23:17:41.187  INFO 6224 --- [l-13-thread-178] tourGuide.service.RewardsService         : ** Processing to get reward points
2021-11-29 23:17:41.187  INFO 6224 --- [l-13-thread-125] tourGuide.service.RewardsService         : ** Processing to get reward points
2021-11-29 23:17:41.189  INFO 6224 --- [l-13-thread-134] tourGuide.service.RewardsService         : ** Processing to get reward points
2021-11-29 23:17:41.191  INFO 6224 --- [l-13-thread-172] tourGuide.service.RewardsService         : ** Processing to get reward points
2021-11-29 23:17:41.191  INFO 6224 --- [l-13-thread-133] tourGuide.service.RewardsService         : ** Processing to get reward points
2021-11-29 23:17:41.191  INFO 6224 --- [l-13-thread-167] tourGuide.service.RewardsService         : ** Processing to get reward points
2021-11-29 23:17:41.193  INFO 6224 --- [l-13-thread-139] tourGuide.service.RewardsService         : ** Processing to get reward points
2021-11-29 23:17:41.196  INFO 6224 --- [l-13-thread-101] tourGuide.service.RewardsService         : ** Processing to get reward points
2021-11-29 23:17:41.202  INFO 6224 --- [ol-13-thread-94] tourGuide.service.RewardsService         : ** Processing to get reward points
2021-11-29 23:17:41.203  INFO 6224 --- [l-13-thread-137] tourGuide.service.RewardsService         : ** Processing to get reward points
2021-11-29 23:17:41.207  INFO 6224 --- [ool-13-thread-1] tourGuide.service.RewardsService         : ** Processing to get reward points
2021-11-29 23:17:41.208  INFO 6224 --- [ol-13-thread-11] tourGuide.service.RewardsService         : ** Processing to get reward points
2021-11-29 23:17:41.208  INFO 6224 --- [l-13-thread-150] tourGuide.service.RewardsService         : ** Processing to get reward points
2021-11-29 23:17:41.208  INFO 6224 --- [ol-13-thread-17] tourGuide.service.RewardsService         : ** Processing to get reward points
2021-11-29 23:17:41.209  INFO 6224 --- [ool-13-thread-1] tourGuide.service.RewardsService         : ** Processing to get reward points
2021-11-29 23:17:41.218  INFO 6224 --- [l-13-thread-101] tourGuide.service.RewardsService         : ** Processing to get reward points
2021-11-29 23:17:41.218  INFO 6224 --- [l-13-thread-197] tourGuide.service.RewardsService         : ** Processing to get reward points
2021-11-29 23:17:41.218  INFO 6224 --- [l-13-thread-192] tourGuide.service.RewardsService         : ** Processing to get reward points
2021-11-29 23:17:41.224  INFO 6224 --- [l-13-thread-118] tourGuide.service.RewardsService         : ** Processing to get reward points
2021-11-29 23:17:41.224  INFO 6224 --- [ol-13-thread-24] tourGuide.service.RewardsService         : ** Processing to get reward points
2021-11-29 23:17:41.226  INFO 6224 --- [l-13-thread-170] tourGuide.service.RewardsService         : ** Processing to get reward points
2021-11-29 23:17:41.238  INFO 6224 --- [ol-13-thread-71] tourGuide.service.RewardsService         : ** Processing to get reward points
2021-11-29 23:17:41.240  INFO 6224 --- [l-13-thread-115] tourGuide.service.RewardsService         : ** Processing to get reward points
2021-11-29 23:17:41.245  INFO 6224 --- [ol-13-thread-20] tourGuide.service.RewardsService         : ** Processing to get reward points
2021-11-29 23:17:41.256  INFO 6224 --- [ol-13-thread-67] tourGuide.service.RewardsService         : ** Processing to get reward points
2021-11-29 23:17:41.256  INFO 6224 --- [l-13-thread-193] tourGuide.service.RewardsService         : ** Processing to get reward points
2021-11-29 23:17:41.256  INFO 6224 --- [l-13-thread-171] tourGuide.service.RewardsService         : ** Processing to get reward points
2021-11-29 23:17:41.261  INFO 6224 --- [l-13-thread-174] tourGuide.service.RewardsService         : ** Processing to get reward points
2021-11-29 23:17:41.266  INFO 6224 --- [ol-13-thread-29] tourGuide.service.RewardsService         : ** Processing to get reward points
2021-11-29 23:17:41.268  INFO 6224 --- [ol-13-thread-92] tourGuide.service.RewardsService         : ** Processing to get reward points
2021-11-29 23:17:41.269  INFO 6224 --- [l-13-thread-172] tourGuide.service.RewardsService         : ** Processing to get reward points
2021-11-29 23:17:41.269  INFO 6224 --- [ool-13-thread-2] tourGuide.service.RewardsService         : ** Processing to get reward points
2021-11-29 23:17:41.273  INFO 6224 --- [l-13-thread-151] tourGuide.service.RewardsService         : ** Processing to get reward points
2021-11-29 23:17:41.273  INFO 6224 --- [l-13-thread-108] tourGuide.service.RewardsService         : ** Processing to get reward points
2021-11-29 23:17:41.274  INFO 6224 --- [l-13-thread-195] tourGuide.service.RewardsService         : ** Processing to get reward points
2021-11-29 23:17:41.274  INFO 6224 --- [ol-13-thread-44] tourGuide.service.RewardsService         : ** Processing to get reward points
2021-11-29 23:17:41.281  INFO 6224 --- [ol-13-thread-10] tourGuide.service.RewardsService         : ** Processing to get reward points
2021-11-29 23:17:41.284  INFO 6224 --- [ol-13-thread-39] tourGuide.service.RewardsService         : ** Processing to get reward points
2021-11-29 23:17:41.285  INFO 6224 --- [ol-13-thread-84] tourGuide.service.RewardsService         : ** Processing to get reward points
2021-11-29 23:17:41.287  INFO 6224 --- [l-13-thread-100] tourGuide.service.RewardsService         : ** Processing to get reward points
2021-11-29 23:17:41.293  INFO 6224 --- [ol-13-thread-41] tourGuide.service.RewardsService         : ** Processing to get reward points
2021-11-29 23:17:41.294  INFO 6224 --- [l-13-thread-148] tourGuide.service.RewardsService         : ** Processing to get reward points
2021-11-29 23:17:41.296  INFO 6224 --- [l-13-thread-122] tourGuide.service.RewardsService         : ** Processing to get reward points
2021-11-29 23:17:41.301  INFO 6224 --- [ol-13-thread-32] tourGuide.service.RewardsService         : ** Processing to get reward points
2021-11-29 23:17:41.301  INFO 6224 --- [ol-13-thread-74] tourGuide.service.RewardsService         : ** Processing to get reward points
2021-11-29 23:17:41.304  INFO 6224 --- [ol-13-thread-26] tourGuide.service.RewardsService         : ** Processing to get reward points
2021-11-29 23:17:41.309  INFO 6224 --- [ol-13-thread-42] tourGuide.service.RewardsService         : ** Processing to get reward points
2021-11-29 23:17:41.309  INFO 6224 --- [ool-13-thread-7] tourGuide.service.RewardsService         : ** Processing to get reward points
2021-11-29 23:17:41.318  INFO 6224 --- [l-13-thread-118] tourGuide.service.RewardsService         : ** Processing to get reward points
2021-11-29 23:17:41.321  INFO 6224 --- [l-13-thread-121] tourGuide.service.RewardsService         : ** Processing to get reward points
2021-11-29 23:17:41.323  INFO 6224 --- [ol-13-thread-72] tourGuide.service.RewardsService         : ** Processing to get reward points
2021-11-29 23:17:41.324  INFO 6224 --- [ol-13-thread-64] tourGuide.service.RewardsService         : ** Processing to get reward points
2021-11-29 23:17:41.325  INFO 6224 --- [l-13-thread-102] tourGuide.service.RewardsService         : ** Processing to get reward points
2021-11-29 23:17:41.325  INFO 6224 --- [ol-13-thread-76] tourGuide.service.RewardsService         : ** Processing to get reward points
2021-11-29 23:17:41.333  INFO 6224 --- [ol-13-thread-95] tourGuide.service.RewardsService         : ** Processing to get reward points
2021-11-29 23:17:41.337  INFO 6224 --- [ol-13-thread-50] tourGuide.service.RewardsService         : ** Processing to get reward points
2021-11-29 23:17:41.337  INFO 6224 --- [ol-13-thread-62] tourGuide.service.RewardsService         : ** Processing to get reward points
2021-11-29 23:17:41.339  INFO 6224 --- [ol-13-thread-69] tourGuide.service.RewardsService         : ** Processing to get reward points
2021-11-29 23:17:41.348  INFO 6224 --- [l-13-thread-165] tourGuide.service.RewardsService         : ** Processing to get reward points
2021-11-29 23:17:41.350  INFO 6224 --- [ol-13-thread-59] tourGuide.service.RewardsService         : ** Processing to get reward points
2021-11-29 23:17:41.352  INFO 6224 --- [l-13-thread-161] tourGuide.service.RewardsService         : ** Processing to get reward points
2021-11-29 23:17:41.354  INFO 6224 --- [l-13-thread-162] tourGuide.service.RewardsService         : ** Processing to get reward points
2021-11-29 23:17:41.356  INFO 6224 --- [l-13-thread-172] tourGuide.service.RewardsService         : ** Processing to get reward points
2021-11-29 23:17:41.356  INFO 6224 --- [l-13-thread-194] tourGuide.service.RewardsService         : ** Processing to get reward points
2021-11-29 23:17:41.360  INFO 6224 --- [ol-13-thread-22] tourGuide.service.RewardsService         : ** Processing to get reward points
2021-11-29 23:17:41.362  INFO 6224 --- [ol-13-thread-86] tourGuide.service.RewardsService         : ** Processing to get reward points
2021-11-29 23:17:41.362  INFO 6224 --- [ol-13-thread-38] tourGuide.service.RewardsService         : ** Processing to get reward points
2021-11-29 23:17:41.363  INFO 6224 --- [ol-13-thread-99] tourGuide.service.RewardsService         : ** Processing to get reward points
2021-11-29 23:17:41.367  INFO 6224 --- [l-13-thread-120] tourGuide.service.RewardsService         : ** Processing to get reward points
2021-11-29 23:17:41.367  INFO 6224 --- [ol-13-thread-79] tourGuide.service.RewardsService         : ** Processing to get reward points
2021-11-29 23:17:41.370  INFO 6224 --- [ol-13-thread-80] tourGuide.service.RewardsService         : ** Processing to get reward points
2021-11-29 23:17:41.371  INFO 6224 --- [ol-13-thread-31] tourGuide.service.RewardsService         : ** Processing to get reward points
2021-11-29 23:17:41.371  INFO 6224 --- [ol-13-thread-93] tourGuide.service.RewardsService         : ** Processing to get reward points
2021-11-29 23:17:41.373  INFO 6224 --- [l-13-thread-168] tourGuide.service.RewardsService         : ** Processing to get reward points
2021-11-29 23:17:41.373  INFO 6224 --- [ol-13-thread-68] tourGuide.service.RewardsService         : ** Processing to get reward points
2021-11-29 23:17:41.378  INFO 6224 --- [ol-13-thread-74] tourGuide.service.RewardsService         : ** Processing to get reward points
2021-11-29 23:17:41.383  INFO 6224 --- [ol-13-thread-55] tourGuide.service.RewardsService         : ** Processing to get reward points
2021-11-29 23:17:41.388  INFO 6224 --- [l-13-thread-187] tourGuide.service.RewardsService         : ** Processing to get reward points
2021-11-29 23:17:41.388  INFO 6224 --- [l-13-thread-112] tourGuide.service.RewardsService         : ** Processing to get reward points
2021-11-29 23:17:41.399  INFO 6224 --- [l-13-thread-102] tourGuide.service.RewardsService         : ** Processing to get reward points
2021-11-29 23:17:41.403  INFO 6224 --- [ol-13-thread-14] tourGuide.service.RewardsService         : ** Processing to get reward points
2021-11-29 23:17:41.405  INFO 6224 --- [l-13-thread-145] tourGuide.service.RewardsService         : ** Processing to get reward points
2021-11-29 23:17:41.405  INFO 6224 --- [ool-13-thread-9] tourGuide.service.RewardsService         : ** Processing to get reward points
2021-11-29 23:17:41.407  INFO 6224 --- [ol-13-thread-53] tourGuide.service.RewardsService         : ** Processing to get reward points
2021-11-29 23:17:41.407  INFO 6224 --- [ol-13-thread-24] tourGuide.service.RewardsService         : ** Processing to get reward points
2021-11-29 23:17:41.413  INFO 6224 --- [l-13-thread-147] tourGuide.service.RewardsService         : ** Processing to get reward points
2021-11-29 23:17:41.414  INFO 6224 --- [l-13-thread-151] tourGuide.service.RewardsService         : ** Processing to get reward points
2021-11-29 23:17:41.417  INFO 6224 --- [l-13-thread-160] tourGuide.service.RewardsService         : ** Processing to get reward points
2021-11-29 23:17:41.418  INFO 6224 --- [ol-13-thread-66] tourGuide.service.RewardsService         : ** Processing to get reward points
2021-11-29 23:17:41.423  INFO 6224 --- [ol-13-thread-98] tourGuide.service.RewardsService         : ** Processing to get reward points
2021-11-29 23:17:41.425  INFO 6224 --- [ool-13-thread-4] tourGuide.service.RewardsService         : ** Processing to get reward points
2021-11-29 23:17:41.429  INFO 6224 --- [ol-13-thread-83] tourGuide.service.RewardsService         : ** Processing to get reward points
2021-11-29 23:17:41.429  INFO 6224 --- [l-13-thread-154] tourGuide.service.RewardsService         : ** Processing to get reward points
2021-11-29 23:17:41.431  INFO 6224 --- [ol-13-thread-75] tourGuide.service.RewardsService         : ** Processing to get reward points
2021-11-29 23:17:41.431  INFO 6224 --- [ol-13-thread-72] tourGuide.service.RewardsService         : ** Processing to get reward points
2021-11-29 23:17:41.433  INFO 6224 --- [l-13-thread-129] tourGuide.service.RewardsService         : ** Processing to get reward points
2021-11-29 23:17:41.436  INFO 6224 --- [l-13-thread-123] tourGuide.service.RewardsService         : ** Processing to get reward points
2021-11-29 23:17:41.438  INFO 6224 --- [ol-13-thread-88] tourGuide.service.RewardsService         : ** Processing to get reward points
2021-11-29 23:17:41.438  INFO 6224 --- [l-13-thread-111] tourGuide.service.RewardsService         : ** Processing to get reward points
2021-11-29 23:17:41.440  INFO 6224 --- [l-13-thread-152] tourGuide.service.RewardsService         : ** Processing to get reward points
2021-11-29 23:17:41.445  INFO 6224 --- [l-13-thread-181] tourGuide.service.RewardsService         : ** Processing to get reward points
2021-11-29 23:17:41.447  INFO 6224 --- [ol-13-thread-33] tourGuide.service.RewardsService         : ** Processing to get reward points
2021-11-29 23:17:41.448  INFO 6224 --- [l-13-thread-199] tourGuide.service.RewardsService         : ** Processing to get reward points
2021-11-29 23:17:41.448  INFO 6224 --- [l-13-thread-126] tourGuide.service.RewardsService         : ** Processing to get reward points
2021-11-29 23:17:41.462  INFO 6224 --- [ol-13-thread-68] tourGuide.service.RewardsService         : ** Processing to get reward points
2021-11-29 23:17:41.465  INFO 6224 --- [l-13-thread-179] tourGuide.service.RewardsService         : ** Processing to get reward points
2021-11-29 23:17:41.475  INFO 6224 --- [ol-13-thread-76] tourGuide.service.RewardsService         : ** Processing to get reward points
2021-11-29 23:17:41.475  INFO 6224 --- [ol-13-thread-52] tourGuide.service.RewardsService         : ** Processing to get reward points
2021-11-29 23:17:41.475  INFO 6224 --- [l-13-thread-159] tourGuide.service.RewardsService         : ** Processing to get reward points
2021-11-29 23:17:41.477  INFO 6224 --- [l-13-thread-183] tourGuide.service.RewardsService         : ** Processing to get reward points
2021-11-29 23:17:41.477  INFO 6224 --- [ol-13-thread-65] tourGuide.service.RewardsService         : ** Processing to get reward points
2021-11-29 23:17:41.478  INFO 6224 --- [ol-13-thread-67] tourGuide.service.RewardsService         : ** Processing to get reward points
2021-11-29 23:17:41.479  INFO 6224 --- [l-13-thread-139] tourGuide.service.RewardsService         : ** Processing to get reward points
2021-11-29 23:17:41.482  INFO 6224 --- [ol-13-thread-58] tourGuide.service.RewardsService         : ** Processing to get reward points
2021-11-29 23:17:41.485  INFO 6224 --- [ol-13-thread-37] tourGuide.service.RewardsService         : ** Processing to get reward points
2021-11-29 23:17:41.491  INFO 6224 --- [ol-13-thread-77] tourGuide.service.RewardsService         : ** Processing to get reward points
2021-11-29 23:17:41.493  INFO 6224 --- [l-13-thread-128] tourGuide.service.RewardsService         : ** Processing to get reward points
2021-11-29 23:17:41.493  INFO 6224 --- [l-13-thread-116] tourGuide.service.RewardsService         : ** Processing to get reward points
2021-11-29 23:17:41.494  INFO 6224 --- [l-13-thread-124] tourGuide.service.RewardsService         : ** Processing to get reward points
2021-11-29 23:17:41.496  INFO 6224 --- [ol-13-thread-51] tourGuide.service.RewardsService         : ** Processing to get reward points
2021-11-29 23:17:41.502  INFO 6224 --- [ol-13-thread-31] tourGuide.service.RewardsService         : ** Processing to get reward points
2021-11-29 23:17:41.504  INFO 6224 --- [ol-13-thread-73] tourGuide.service.RewardsService         : ** Processing to get reward points
2021-11-29 23:17:41.504  INFO 6224 --- [ool-13-thread-3] tourGuide.service.RewardsService         : ** Processing to get reward points
2021-11-29 23:17:41.505  INFO 6224 --- [l-13-thread-167] tourGuide.service.RewardsService         : ** Processing to get reward points
2021-11-29 23:17:41.506  INFO 6224 --- [ol-13-thread-91] tourGuide.service.RewardsService         : ** Processing to get reward points
2021-11-29 23:17:41.513  INFO 6224 --- [l-13-thread-139] tourGuide.service.RewardsService         : ** Processing to get reward points
2021-11-29 23:17:41.517  INFO 6224 --- [ol-13-thread-21] tourGuide.service.RewardsService         : ** Processing to get reward points
2021-11-29 23:17:41.517  INFO 6224 --- [l-13-thread-113] tourGuide.service.RewardsService         : ** Processing to get reward points
2021-11-29 23:17:41.519  INFO 6224 --- [ol-13-thread-85] tourGuide.service.RewardsService         : ** Processing to get reward points
2021-11-29 23:17:41.519  INFO 6224 --- [l-13-thread-114] tourGuide.service.RewardsService         : ** Processing to get reward points
2021-11-29 23:17:41.519  INFO 6224 --- [l-13-thread-108] tourGuide.service.RewardsService         : ** Processing to get reward points
2021-11-29 23:17:41.523  INFO 6224 --- [l-13-thread-111] tourGuide.service.RewardsService         : ** Processing to get reward points
2021-11-29 23:17:41.524  INFO 6224 --- [ol-13-thread-70] tourGuide.service.RewardsService         : ** Processing to get reward points
2021-11-29 23:17:41.533  INFO 6224 --- [l-13-thread-189] tourGuide.service.RewardsService         : ** Processing to get reward points
2021-11-29 23:17:41.533  INFO 6224 --- [ol-13-thread-40] tourGuide.service.RewardsService         : ** Processing to get reward points
2021-11-29 23:17:41.534  INFO 6224 --- [ol-13-thread-57] tourGuide.service.RewardsService         : ** Processing to get reward points
2021-11-29 23:17:41.542  INFO 6224 --- [ol-13-thread-51] tourGuide.service.RewardsService         : ** Processing to get reward points
2021-11-29 23:17:41.542  INFO 6224 --- [ol-13-thread-73] tourGuide.service.RewardsService         : ** Processing to get reward points
2021-11-29 23:17:41.546  INFO 6224 --- [l-13-thread-160] tourGuide.service.RewardsService         : ** Processing to get reward points
2021-11-29 23:17:41.546  INFO 6224 --- [ool-13-thread-4] tourGuide.service.RewardsService         : ** Processing to get reward points
2021-11-29 23:17:41.547  INFO 6224 --- [l-13-thread-170] tourGuide.service.RewardsService         : ** Processing to get reward points
2021-11-29 23:17:41.547  INFO 6224 --- [ol-13-thread-82] tourGuide.service.RewardsService         : ** Processing to get reward points
2021-11-29 23:17:41.550  INFO 6224 --- [l-13-thread-156] tourGuide.service.RewardsService         : ** Processing to get reward points
2021-11-29 23:17:41.550  INFO 6224 --- [ool-13-thread-6] tourGuide.service.RewardsService         : ** Processing to get reward points
2021-11-29 23:17:41.553  INFO 6224 --- [ol-13-thread-61] tourGuide.service.RewardsService         : ** Processing to get reward points
2021-11-29 23:17:41.555  INFO 6224 --- [l-13-thread-194] tourGuide.service.RewardsService         : ** Processing to get reward points
2021-11-29 23:17:41.555  INFO 6224 --- [l-13-thread-127] tourGuide.service.RewardsService         : ** Processing to get reward points
2021-11-29 23:17:41.558  INFO 6224 --- [l-13-thread-173] tourGuide.service.RewardsService         : ** Processing to get reward points
2021-11-29 23:17:41.559  INFO 6224 --- [ol-13-thread-28] tourGuide.service.RewardsService         : ** Processing to get reward points
2021-11-29 23:17:41.563  INFO 6224 --- [ol-13-thread-10] tourGuide.service.RewardsService         : ** Processing to get reward points
2021-11-29 23:17:41.571  INFO 6224 --- [l-13-thread-122] tourGuide.service.RewardsService         : ** Processing to get reward points
2021-11-29 23:17:41.582  INFO 6224 --- [ol-13-thread-18] tourGuide.service.RewardsService         : ** Processing to get reward points
2021-11-29 23:17:41.590  INFO 6224 --- [l-13-thread-176] tourGuide.service.RewardsService         : ** Processing to get reward points
2021-11-29 23:17:41.595  INFO 6224 --- [l-13-thread-182] tourGuide.service.RewardsService         : ** Processing to get reward points
2021-11-29 23:17:41.597  INFO 6224 --- [l-13-thread-197] tourGuide.service.RewardsService         : ** Processing to get reward points
2021-11-29 23:17:41.603  INFO 6224 --- [l-13-thread-180] tourGuide.service.RewardsService         : ** Processing to get reward points
2021-11-29 23:17:41.604  INFO 6224 --- [l-13-thread-104] tourGuide.service.RewardsService         : ** Processing to get reward points
2021-11-29 23:17:41.606  INFO 6224 --- [ol-13-thread-56] tourGuide.service.RewardsService         : ** Processing to get reward points
2021-11-29 23:17:41.607  INFO 6224 --- [ol-13-thread-48] tourGuide.service.RewardsService         : ** Processing to get reward points
2021-11-29 23:17:41.607  INFO 6224 --- [l-13-thread-196] tourGuide.service.RewardsService         : ** Processing to get reward points
2021-11-29 23:17:41.609  INFO 6224 --- [l-13-thread-150] tourGuide.service.RewardsService         : ** Processing to get reward points
2021-11-29 23:17:41.617  INFO 6224 --- [ol-13-thread-70] tourGuide.service.RewardsService         : ** Processing to get reward points
2021-11-29 23:17:41.617  INFO 6224 --- [ol-13-thread-63] tourGuide.service.RewardsService         : ** Processing to get reward points
2021-11-29 23:17:41.617  INFO 6224 --- [l-13-thread-131] tourGuide.service.RewardsService         : ** Processing to get reward points
2021-11-29 23:17:41.622  INFO 6224 --- [ol-13-thread-17] tourGuide.service.RewardsService         : ** Processing to get reward points
2021-11-29 23:17:41.624  INFO 6224 --- [ol-13-thread-76] tourGuide.service.RewardsService         : ** Processing to get reward points
2021-11-29 23:17:41.627  INFO 6224 --- [l-13-thread-168] tourGuide.service.RewardsService         : ** Processing to get reward points
2021-11-29 23:17:41.632  INFO 6224 --- [l-13-thread-146] tourGuide.service.RewardsService         : ** Processing to get reward points
2021-11-29 23:17:41.635  INFO 6224 --- [l-13-thread-146] tourGuide.service.RewardsService         : ** Processing to get reward points
2021-11-29 23:17:41.637  INFO 6224 --- [l-13-thread-136] tourGuide.service.RewardsService         : ** Processing to get reward points
2021-11-29 23:17:41.637  INFO 6224 --- [l-13-thread-142] tourGuide.service.RewardsService         : ** Processing to get reward points
2021-11-29 23:17:41.639  INFO 6224 --- [l-13-thread-163] tourGuide.service.RewardsService         : ** Processing to get reward points
2021-11-29 23:17:41.640  INFO 6224 --- [ol-13-thread-89] tourGuide.service.RewardsService         : ** Processing to get reward points
2021-11-29 23:17:41.644  INFO 6224 --- [l-13-thread-121] tourGuide.service.RewardsService         : ** Processing to get reward points
2021-11-29 23:17:41.645  INFO 6224 --- [l-13-thread-141] tourGuide.service.RewardsService         : ** Processing to get reward points
2021-11-29 23:17:41.646  INFO 6224 --- [l-13-thread-172] tourGuide.service.RewardsService         : ** Processing to get reward points
2021-11-29 23:17:41.647  INFO 6224 --- [ol-13-thread-27] tourGuide.service.RewardsService         : ** Processing to get reward points
2021-11-29 23:17:41.647  INFO 6224 --- [ol-13-thread-81] tourGuide.service.RewardsService         : ** Processing to get reward points
2021-11-29 23:17:41.650  INFO 6224 --- [ol-13-thread-12] tourGuide.service.RewardsService         : ** Processing to get reward points
2021-11-29 23:17:41.651  INFO 6224 --- [ol-13-thread-31] tourGuide.service.RewardsService         : ** Processing to get reward points
2021-11-29 23:17:41.655  INFO 6224 --- [ol-13-thread-97] tourGuide.service.RewardsService         : ** Processing to get reward points
2021-11-29 23:17:41.657  INFO 6224 --- [l-13-thread-175] tourGuide.service.RewardsService         : ** Processing to get reward points
2021-11-29 23:17:41.661  INFO 6224 --- [ol-13-thread-60] tourGuide.service.RewardsService         : ** Processing to get reward points
2021-11-29 23:17:41.672  INFO 6224 --- [ol-13-thread-31] tourGuide.service.RewardsService         : ** Processing to get reward points
2021-11-29 23:17:41.700  INFO 6224 --- [ol-13-thread-56] tourGuide.service.RewardsService         : ** Processing to get reward points
2021-11-29 23:17:41.700  INFO 6224 --- [ol-13-thread-19] tourGuide.service.RewardsService         : ** Processing to get reward points
2021-11-29 23:17:41.701  INFO 6224 --- [l-13-thread-179] tourGuide.service.RewardsService         : ** Processing to get reward points
2021-11-29 23:17:41.701  INFO 6224 --- [l-13-thread-107] tourGuide.service.RewardsService         : ** Processing to get reward points
2021-11-29 23:17:41.702  INFO 6224 --- [l-13-thread-143] tourGuide.service.RewardsService         : ** Processing to get reward points
2021-11-29 23:17:41.703  INFO 6224 --- [l-13-thread-164] tourGuide.service.RewardsService         : ** Processing to get reward points
2021-11-29 23:17:41.703  INFO 6224 --- [ol-13-thread-22] tourGuide.service.RewardsService         : ** Processing to get reward points
2021-11-29 23:17:41.704  INFO 6224 --- [ol-13-thread-13] tourGuide.service.RewardsService         : ** Processing to get reward points
2021-11-29 23:17:41.705  INFO 6224 --- [ol-13-thread-15] tourGuide.service.RewardsService         : ** Processing to get reward points
2021-11-29 23:17:41.706  INFO 6224 --- [l-13-thread-193] tourGuide.service.RewardsService         : ** Processing to get reward points
2021-11-29 23:17:41.706  INFO 6224 --- [ol-13-thread-52] tourGuide.service.RewardsService         : ** Processing to get reward points
2021-11-29 23:17:41.707  INFO 6224 --- [ol-13-thread-45] tourGuide.service.RewardsService         : ** Processing to get reward points
2021-11-29 23:17:41.709  INFO 6224 --- [ool-13-thread-4] tourGuide.service.RewardsService         : ** Processing to get reward points
2021-11-29 23:17:41.711  INFO 6224 --- [l-13-thread-100] tourGuide.service.RewardsService         : ** Processing to get reward points
2021-11-29 23:17:41.712  INFO 6224 --- [ol-13-thread-15] tourGuide.service.RewardsService         : ** Processing to get reward points
2021-11-29 23:17:41.712  INFO 6224 --- [ol-13-thread-69] tourGuide.service.RewardsService         : ** Processing to get reward points
2021-11-29 23:17:41.712  INFO 6224 --- [l-13-thread-198] tourGuide.service.RewardsService         : ** Processing to get reward points
2021-11-29 23:17:41.713  INFO 6224 --- [ol-13-thread-28] tourGuide.service.RewardsService         : ** Processing to get reward points
2021-11-29 23:17:41.716  INFO 6224 --- [l-13-thread-191] tourGuide.service.RewardsService         : ** Processing to get reward points
2021-11-29 23:17:41.717  INFO 6224 --- [l-13-thread-144] tourGuide.service.RewardsService         : ** Processing to get reward points
2021-11-29 23:17:41.718  INFO 6224 --- [ol-13-thread-25] tourGuide.service.RewardsService         : ** Processing to get reward points
2021-11-29 23:17:41.720  INFO 6224 --- [l-13-thread-148] tourGuide.service.RewardsService         : ** Processing to get reward points
2021-11-29 23:17:41.720  INFO 6224 --- [ol-13-thread-16] tourGuide.service.RewardsService         : ** Processing to get reward points
2021-11-29 23:17:41.721  INFO 6224 --- [l-13-thread-172] tourGuide.service.RewardsService         : ** Processing to get reward points
2021-11-29 23:17:41.721  INFO 6224 --- [l-13-thread-105] tourGuide.service.RewardsService         : ** Processing to get reward points
2021-11-29 23:17:41.723  INFO 6224 --- [l-13-thread-130] tourGuide.service.RewardsService         : ** Processing to get reward points
2021-11-29 23:17:41.726  INFO 6224 --- [l-13-thread-187] tourGuide.service.RewardsService         : ** Processing to get reward points
2021-11-29 23:17:41.735  INFO 6224 --- [ol-13-thread-81] tourGuide.service.RewardsService         : ** Processing to get reward points
2021-11-29 23:17:41.736  INFO 6224 --- [ol-13-thread-40] tourGuide.service.RewardsService         : ** Processing to get reward points
2021-11-29 23:17:41.738  INFO 6224 --- [l-13-thread-109] tourGuide.service.RewardsService         : ** Processing to get reward points
2021-11-29 23:17:41.739  INFO 6224 --- [l-13-thread-129] tourGuide.service.RewardsService         : ** Processing to get reward points
2021-11-29 23:17:41.742  INFO 6224 --- [ool-13-thread-4] tourGuide.service.RewardsService         : ** Processing to get reward points
2021-11-29 23:17:41.746  INFO 6224 --- [l-13-thread-190] tourGuide.service.RewardsService         : ** Processing to get reward points
2021-11-29 23:17:41.754  INFO 6224 --- [ool-13-thread-7] tourGuide.service.RewardsService         : ** Processing to get reward points
2021-11-29 23:17:41.759  INFO 6224 --- [ol-13-thread-71] tourGuide.service.RewardsService         : ** Processing to get reward points
2021-11-29 23:17:41.759  INFO 6224 --- [l-13-thread-139] tourGuide.service.RewardsService         : ** Processing to get reward points
2021-11-29 23:17:41.760  INFO 6224 --- [ol-13-thread-90] tourGuide.service.RewardsService         : ** Processing to get reward points
2021-11-29 23:17:41.765  INFO 6224 --- [ool-13-thread-5] tourGuide.service.RewardsService         : ** Processing to get reward points
2021-11-29 23:17:41.769  INFO 6224 --- [l-13-thread-188] tourGuide.service.RewardsService         : ** Processing to get reward points
2021-11-29 23:17:41.774  INFO 6224 --- [l-13-thread-120] tourGuide.service.RewardsService         : ** Processing to get reward points
2021-11-29 23:17:41.782  INFO 6224 --- [l-13-thread-140] tourGuide.service.RewardsService         : ** Processing to get reward points
2021-11-29 23:17:41.792  INFO 6224 --- [ol-13-thread-89] tourGuide.service.RewardsService         : ** Processing to get reward points
2021-11-29 23:17:41.796  INFO 6224 --- [ol-13-thread-62] tourGuide.service.RewardsService         : ** Processing to get reward points
2021-11-29 23:17:41.797  INFO 6224 --- [l-13-thread-161] tourGuide.service.RewardsService         : ** Processing to get reward points
2021-11-29 23:17:41.798  INFO 6224 --- [l-13-thread-138] tourGuide.service.RewardsService         : ** Processing to get reward points
2021-11-29 23:17:41.800  INFO 6224 --- [l-13-thread-149] tourGuide.service.RewardsService         : ** Processing to get reward points
2021-11-29 23:17:41.805  INFO 6224 --- [l-13-thread-155] tourGuide.service.RewardsService         : ** Processing to get reward points
2021-11-29 23:17:41.805  INFO 6224 --- [l-13-thread-184] tourGuide.service.RewardsService         : ** Processing to get reward points
2021-11-29 23:17:41.809  INFO 6224 --- [ol-13-thread-36] tourGuide.service.RewardsService         : ** Processing to get reward points
2021-11-29 23:17:41.809  INFO 6224 --- [l-13-thread-166] tourGuide.service.RewardsService         : ** Processing to get reward points
2021-11-29 23:17:41.810  INFO 6224 --- [ol-13-thread-94] tourGuide.service.RewardsService         : ** Processing to get reward points
2021-11-29 23:17:41.817  INFO 6224 --- [ol-13-thread-80] tourGuide.service.RewardsService         : ** Processing to get reward points
2021-11-29 23:17:41.819  INFO 6224 --- [ol-13-thread-36] tourGuide.service.RewardsService         : ** Processing to get reward points
2021-11-29 23:17:41.823  INFO 6224 --- [l-13-thread-157] tourGuide.service.RewardsService         : ** Processing to get reward points
2021-11-29 23:17:41.823  INFO 6224 --- [l-13-thread-106] tourGuide.service.RewardsService         : ** Processing to get reward points
2021-11-29 23:17:41.825  INFO 6224 --- [l-13-thread-168] tourGuide.service.RewardsService         : ** Processing to get reward points
2021-11-29 23:17:41.827  INFO 6224 --- [l-13-thread-166] tourGuide.service.RewardsService         : ** Processing to get reward points
2021-11-29 23:17:41.828  INFO 6224 --- [ol-13-thread-10] tourGuide.service.RewardsService         : ** Processing to get reward points
2021-11-29 23:17:41.829  INFO 6224 --- [ol-13-thread-46] tourGuide.service.RewardsService         : ** Processing to get reward points
2021-11-29 23:17:41.830  INFO 6224 --- [l-13-thread-132] tourGuide.service.RewardsService         : ** Processing to get reward points
2021-11-29 23:17:41.833  INFO 6224 --- [l-13-thread-179] tourGuide.service.RewardsService         : ** Processing to get reward points
2021-11-29 23:17:41.833  INFO 6224 --- [ol-13-thread-35] tourGuide.service.RewardsService         : ** Processing to get reward points
2021-11-29 23:17:41.836  INFO 6224 --- [l-13-thread-147] tourGuide.service.RewardsService         : ** Processing to get reward points
2021-11-29 23:17:41.839  INFO 6224 --- [l-13-thread-117] tourGuide.service.RewardsService         : ** Processing to get reward points
2021-11-29 23:17:41.845  INFO 6224 --- [ol-13-thread-43] tourGuide.service.RewardsService         : ** Processing to get reward points
2021-11-29 23:17:41.845  INFO 6224 --- [l-13-thread-185] tourGuide.service.RewardsService         : ** Processing to get reward points
2021-11-29 23:17:41.849  INFO 6224 --- [ol-13-thread-66] tourGuide.service.RewardsService         : ** Processing to get reward points
2021-11-29 23:17:41.854  INFO 6224 --- [ol-13-thread-70] tourGuide.service.RewardsService         : ** Processing to get reward points
2021-11-29 23:17:41.856  INFO 6224 --- [ol-13-thread-88] tourGuide.service.RewardsService         : ** Processing to get reward points
2021-11-29 23:17:41.858  INFO 6224 --- [ol-13-thread-80] tourGuide.service.RewardsService         : ** Processing to get reward points
2021-11-29 23:17:41.858  INFO 6224 --- [ool-13-thread-8] tourGuide.service.RewardsService         : ** Processing to get reward points
2021-11-29 23:17:41.868  INFO 6224 --- [ol-13-thread-78] tourGuide.service.RewardsService         : ** Processing to get reward points
2021-11-29 23:17:41.871  INFO 6224 --- [ol-13-thread-77] tourGuide.service.RewardsService         : ** Processing to get reward points
2021-11-29 23:17:41.873  INFO 6224 --- [ol-13-thread-87] tourGuide.service.RewardsService         : ** Processing to get reward points
2021-11-29 23:17:41.873  INFO 6224 --- [ol-13-thread-47] tourGuide.service.RewardsService         : ** Processing to get reward points
2021-11-29 23:17:41.874  INFO 6224 --- [l-13-thread-151] tourGuide.service.RewardsService         : ** Processing to get reward points
2021-11-29 23:17:41.874  INFO 6224 --- [l-13-thread-111] tourGuide.service.RewardsService         : ** Processing to get reward points
2021-11-29 23:17:41.879  INFO 6224 --- [l-13-thread-133] tourGuide.service.RewardsService         : ** Processing to get reward points
2021-11-29 23:17:41.879  INFO 6224 --- [ol-13-thread-20] tourGuide.service.RewardsService         : ** Processing to get reward points
2021-11-29 23:17:41.882  INFO 6224 --- [l-13-thread-115] tourGuide.service.RewardsService         : ** Processing to get reward points
2021-11-29 23:17:41.888  INFO 6224 --- [ol-13-thread-54] tourGuide.service.RewardsService         : ** Processing to get reward points
2021-11-29 23:17:41.898  INFO 6224 --- [l-13-thread-169] tourGuide.service.RewardsService         : ** Processing to get reward points
2021-11-29 23:17:41.899  INFO 6224 --- [ol-13-thread-34] tourGuide.service.RewardsService         : ** Processing to get reward points
2021-11-29 23:17:41.899  INFO 6224 --- [ol-13-thread-24] tourGuide.service.RewardsService         : ** Processing to get reward points
2021-11-29 23:17:41.911  INFO 6224 --- [l-13-thread-140] tourGuide.service.RewardsService         : ** Processing to get reward points
2021-11-29 23:17:41.911  INFO 6224 --- [ol-13-thread-73] tourGuide.service.RewardsService         : ** Processing to get reward points
2021-11-29 23:17:41.919  INFO 6224 --- [l-13-thread-117] tourGuide.service.RewardsService         : ** Processing to get reward points
2021-11-29 23:17:41.919  INFO 6224 --- [ol-13-thread-23] tourGuide.service.RewardsService         : ** Processing to get reward points
2021-11-29 23:17:41.919  INFO 6224 --- [l-13-thread-124] tourGuide.service.RewardsService         : ** Processing to get reward points
2021-11-29 23:17:41.919  INFO 6224 --- [l-13-thread-191] tourGuide.service.RewardsService         : ** Processing to get reward points
2021-11-29 23:17:41.922  INFO 6224 --- [ol-13-thread-75] tourGuide.service.RewardsService         : ** Processing to get reward points
2021-11-29 23:17:41.922  INFO 6224 --- [ol-13-thread-51] tourGuide.service.RewardsService         : ** Processing to get reward points
2021-11-29 23:17:41.922  INFO 6224 --- [l-13-thread-119] tourGuide.service.RewardsService         : ** Processing to get reward points
2021-11-29 23:17:41.924  INFO 6224 --- [ol-13-thread-39] tourGuide.service.RewardsService         : ** Processing to get reward points
2021-11-29 23:17:41.928  INFO 6224 --- [l-13-thread-146] tourGuide.service.RewardsService         : ** Processing to get reward points
2021-11-29 23:17:41.932  INFO 6224 --- [ol-13-thread-72] tourGuide.service.RewardsService         : ** Processing to get reward points
2021-11-29 23:17:41.933  INFO 6224 --- [ool-13-thread-5] tourGuide.service.RewardsService         : ** Processing to get reward points
2021-11-29 23:17:41.933  INFO 6224 --- [ol-13-thread-95] tourGuide.service.RewardsService         : ** Processing to get reward points
2021-11-29 23:17:41.938  INFO 6224 --- [ool-13-thread-1] tourGuide.service.RewardsService         : ** Processing to get reward points
2021-11-29 23:17:41.938  INFO 6224 --- [ol-13-thread-11] tourGuide.service.RewardsService         : ** Processing to get reward points
2021-11-29 23:17:41.941  INFO 6224 --- [l-13-thread-135] tourGuide.service.RewardsService         : ** Processing to get reward points
2021-11-29 23:17:41.941  INFO 6224 --- [ol-13-thread-93] tourGuide.service.RewardsService         : ** Processing to get reward points
2021-11-29 23:17:41.941  INFO 6224 --- [l-13-thread-186] tourGuide.service.RewardsService         : ** Processing to get reward points
2021-11-29 23:17:41.945  INFO 6224 --- [l-13-thread-126] tourGuide.service.RewardsService         : ** Processing to get reward points
2021-11-29 23:17:41.947  INFO 6224 --- [ol-13-thread-93] tourGuide.service.RewardsService         : ** Processing to get reward points
2021-11-29 23:17:41.952  INFO 6224 --- [l-13-thread-105] tourGuide.service.RewardsService         : ** Processing to get reward points
2021-11-29 23:17:41.952  INFO 6224 --- [l-13-thread-137] tourGuide.service.RewardsService         : ** Processing to get reward points
2021-11-29 23:17:41.952  INFO 6224 --- [ol-13-thread-41] tourGuide.service.RewardsService         : ** Processing to get reward points
2021-11-29 23:17:41.953  INFO 6224 --- [l-13-thread-118] tourGuide.service.RewardsService         : ** Processing to get reward points
2021-11-29 23:17:41.954  INFO 6224 --- [ol-13-thread-21] tourGuide.service.RewardsService         : ** Processing to get reward points
2021-11-29 23:17:41.958  INFO 6224 --- [l-13-thread-101] tourGuide.service.RewardsService         : ** Processing to get reward points
2021-11-29 23:17:41.963  INFO 6224 --- [ol-13-thread-65] tourGuide.service.RewardsService         : ** Processing to get reward points
2021-11-29 23:17:41.967  INFO 6224 --- [l-13-thread-135] tourGuide.service.RewardsService         : ** Processing to get reward points
2021-11-29 23:17:41.967  INFO 6224 --- [l-13-thread-102] tourGuide.service.RewardsService         : ** Processing to get reward points
2021-11-29 23:17:41.973  INFO 6224 --- [ol-13-thread-30] tourGuide.service.RewardsService         : ** Processing to get reward points
2021-11-29 23:17:41.980  INFO 6224 --- [l-13-thread-177] tourGuide.service.RewardsService         : ** Processing to get reward points
2021-11-29 23:17:41.980  INFO 6224 --- [ool-13-thread-9] tourGuide.service.RewardsService         : ** Processing to get reward points
2021-11-29 23:17:41.983  INFO 6224 --- [ol-13-thread-42] tourGuide.service.RewardsService         : ** Processing to get reward points
2021-11-29 23:17:41.986  INFO 6224 --- [l-13-thread-114] tourGuide.service.RewardsService         : ** Processing to get reward points
2021-11-29 23:17:41.997  INFO 6224 --- [l-13-thread-195] tourGuide.service.RewardsService         : ** Processing to get reward points
2021-11-29 23:17:42.003  INFO 6224 --- [l-13-thread-125] tourGuide.service.RewardsService         : ** Processing to get reward points
2021-11-29 23:17:42.003  INFO 6224 --- [ol-13-thread-94] tourGuide.service.RewardsService         : ** Processing to get reward points
2021-11-29 23:17:42.003  INFO 6224 --- [ol-13-thread-91] tourGuide.service.RewardsService         : ** Processing to get reward points
2021-11-29 23:17:42.004  INFO 6224 --- [ol-13-thread-96] tourGuide.service.RewardsService         : ** Processing to get reward points
2021-11-29 23:17:42.005  INFO 6224 --- [ol-13-thread-49] tourGuide.service.RewardsService         : ** Processing to get reward points
2021-11-29 23:17:42.007  INFO 6224 --- [l-13-thread-188] tourGuide.service.RewardsService         : ** Processing to get reward points
2021-11-29 23:17:42.007  INFO 6224 --- [l-13-thread-199] tourGuide.service.RewardsService         : ** Processing to get reward points
2021-11-29 23:17:42.010  INFO 6224 --- [l-13-thread-110] tourGuide.service.RewardsService         : ** Processing to get reward points
2021-11-29 23:17:42.018  INFO 6224 --- [ol-13-thread-92] tourGuide.service.RewardsService         : ** Processing to get reward points
2021-11-29 23:17:42.020  INFO 6224 --- [ol-13-thread-89] tourGuide.service.RewardsService         : ** Processing to get reward points
2021-11-29 23:17:42.026  INFO 6224 --- [ol-13-thread-39] tourGuide.service.RewardsService         : ** Processing to get reward points
2021-11-29 23:17:42.027  INFO 6224 --- [l-13-thread-160] tourGuide.service.RewardsService         : ** Processing to get reward points
2021-11-29 23:17:42.030  INFO 6224 --- [ol-13-thread-89] tourGuide.service.RewardsService         : ** Processing to get reward points
2021-11-29 23:17:42.037  INFO 6224 --- [ol-13-thread-15] tourGuide.service.RewardsService         : ** Processing to get reward points
2021-11-29 23:17:42.042  INFO 6224 --- [ol-13-thread-82] tourGuide.service.RewardsService         : ** Processing to get reward points
2021-11-29 23:17:42.045  INFO 6224 --- [l-13-thread-164] tourGuide.service.RewardsService         : ** Processing to get reward points
2021-11-29 23:17:42.045  INFO 6224 --- [ol-13-thread-76] tourGuide.service.RewardsService         : ** Processing to get reward points
2021-11-29 23:17:42.046  INFO 6224 --- [ol-13-thread-90] tourGuide.service.RewardsService         : ** Processing to get reward points
2021-11-29 23:17:42.047  INFO 6224 --- [ol-13-thread-50] tourGuide.service.RewardsService         : ** Processing to get reward points
2021-11-29 23:17:42.053  INFO 6224 --- [ol-13-thread-76] tourGuide.service.RewardsService         : ** Processing to get reward points
2021-11-29 23:17:42.053  INFO 6224 --- [ol-13-thread-53] tourGuide.service.RewardsService         : ** Processing to get reward points
2021-11-29 23:17:42.053  INFO 6224 --- [ol-13-thread-31] tourGuide.service.RewardsService         : ** Processing to get reward points
2021-11-29 23:17:42.053  INFO 6224 --- [l-13-thread-135] tourGuide.service.RewardsService         : ** Processing to get reward points
2021-11-29 23:17:42.057  INFO 6224 --- [ol-13-thread-52] tourGuide.service.RewardsService         : ** Processing to get reward points
2021-11-29 23:17:42.061  INFO 6224 --- [l-13-thread-171] tourGuide.service.RewardsService         : ** Processing to get reward points
2021-11-29 23:17:42.064  INFO 6224 --- [ol-13-thread-39] tourGuide.service.RewardsService         : ** Processing to get reward points
2021-11-29 23:17:42.065  INFO 6224 --- [l-13-thread-100] tourGuide.service.RewardsService         : ** Processing to get reward points
2021-11-29 23:17:42.065  INFO 6224 --- [ol-13-thread-74] tourGuide.service.RewardsService         : ** Processing to get reward points
2021-11-29 23:17:42.065  INFO 6224 --- [l-13-thread-158] tourGuide.service.RewardsService         : ** Processing to get reward points
2021-11-29 23:17:42.069  INFO 6224 --- [l-13-thread-174] tourGuide.service.RewardsService         : ** Processing to get reward points
2021-11-29 23:17:42.072  INFO 6224 --- [ol-13-thread-36] tourGuide.service.RewardsService         : ** Processing to get reward points
2021-11-29 23:17:42.076  INFO 6224 --- [l-13-thread-159] tourGuide.service.RewardsService         : ** Processing to get reward points
2021-11-29 23:17:42.076  INFO 6224 --- [ol-13-thread-97] tourGuide.service.RewardsService         : ** Processing to get reward points
2021-11-29 23:17:42.077  INFO 6224 --- [l-13-thread-181] tourGuide.service.RewardsService         : ** Processing to get reward points
2021-11-29 23:17:42.078  INFO 6224 --- [l-13-thread-200] tourGuide.service.RewardsService         : ** Processing to get reward points
2021-11-29 23:17:42.088  INFO 6224 --- [l-13-thread-182] tourGuide.service.RewardsService         : ** Processing to get reward points
2021-11-29 23:17:42.088  INFO 6224 --- [l-13-thread-119] tourGuide.service.RewardsService         : ** Processing to get reward points
2021-11-29 23:17:42.092  INFO 6224 --- [l-13-thread-153] tourGuide.service.RewardsService         : ** Processing to get reward points
2021-11-29 23:17:42.094  INFO 6224 --- [ool-13-thread-3] tourGuide.service.RewardsService         : ** Processing to get reward points
2021-11-29 23:17:42.097  INFO 6224 --- [ol-13-thread-35] tourGuide.service.RewardsService         : ** Processing to get reward points
2021-11-29 23:17:42.106  INFO 6224 --- [l-13-thread-163] tourGuide.service.RewardsService         : ** Processing to get reward points
2021-11-29 23:17:42.111  INFO 6224 --- [ol-13-thread-30] tourGuide.service.RewardsService         : ** Processing to get reward points
2021-11-29 23:17:42.113  INFO 6224 --- [ol-13-thread-73] tourGuide.service.RewardsService         : ** Processing to get reward points
2021-11-29 23:17:42.113  INFO 6224 --- [l-13-thread-189] tourGuide.service.RewardsService         : ** Processing to get reward points
2021-11-29 23:17:42.115  INFO 6224 --- [l-13-thread-192] tourGuide.service.RewardsService         : ** Processing to get reward points
2021-11-29 23:17:42.115  INFO 6224 --- [ol-13-thread-87] tourGuide.service.RewardsService         : ** Processing to get reward points
2021-11-29 23:17:42.119  INFO 6224 --- [l-13-thread-103] tourGuide.service.RewardsService         : ** Processing to get reward points
2021-11-29 23:17:42.124  INFO 6224 --- [l-13-thread-103] tourGuide.service.RewardsService         : ** Processing to get reward points
2021-11-29 23:17:42.127  INFO 6224 --- [l-13-thread-138] tourGuide.service.RewardsService         : ** Processing to get reward points
2021-11-29 23:17:42.127  INFO 6224 --- [ol-13-thread-79] tourGuide.service.RewardsService         : ** Processing to get reward points
2021-11-29 23:17:42.131  INFO 6224 --- [ol-13-thread-67] tourGuide.service.RewardsService         : ** Processing to get reward points
2021-11-29 23:17:42.137  INFO 6224 --- [l-13-thread-141] tourGuide.service.RewardsService         : ** Processing to get reward points
2021-11-29 23:17:42.138  INFO 6224 --- [ol-13-thread-58] tourGuide.service.RewardsService         : ** Processing to get reward points
2021-11-29 23:17:42.139  INFO 6224 --- [ol-13-thread-67] tourGuide.service.RewardsService         : ** Processing to get reward points
2021-11-29 23:17:42.140  INFO 6224 --- [l-13-thread-164] tourGuide.service.RewardsService         : ** Processing to get reward points
2021-11-29 23:17:42.141  INFO 6224 --- [l-13-thread-178] tourGuide.service.RewardsService         : ** Processing to get reward points
2021-11-29 23:17:42.148  INFO 6224 --- [l-13-thread-200] tourGuide.service.RewardsService         : ** Processing to get reward points
2021-11-29 23:17:42.156  INFO 6224 --- [l-13-thread-165] tourGuide.service.RewardsService         : ** Processing to get reward points
2021-11-29 23:17:42.157  INFO 6224 --- [ol-13-thread-29] tourGuide.service.RewardsService         : ** Processing to get reward points
2021-11-29 23:17:42.158  INFO 6224 --- [l-13-thread-152] tourGuide.service.RewardsService         : ** Processing to get reward points
2021-11-29 23:17:42.164  INFO 6224 --- [l-13-thread-148] tourGuide.service.RewardsService         : ** Processing to get reward points
2021-11-29 23:17:42.168  INFO 6224 --- [ol-13-thread-99] tourGuide.service.RewardsService         : ** Processing to get reward points
2021-11-29 23:17:42.169  INFO 6224 --- [l-13-thread-108] tourGuide.service.RewardsService         : ** Processing to get reward points
2021-11-29 23:17:42.173  INFO 6224 --- [l-13-thread-143] tourGuide.service.RewardsService         : ** Processing to get reward points
2021-11-29 23:17:42.179  INFO 6224 --- [l-13-thread-143] tourGuide.service.RewardsService         : ** Processing to get reward points
2021-11-29 23:17:42.182  INFO 6224 --- [ol-13-thread-86] tourGuide.service.RewardsService         : ** Processing to get reward points
2021-11-29 23:17:42.187  INFO 6224 --- [l-13-thread-134] tourGuide.service.RewardsService         : ** Processing to get reward points
2021-11-29 23:17:42.189  INFO 6224 --- [l-13-thread-125] tourGuide.service.RewardsService         : ** Processing to get reward points
2021-11-29 23:17:42.190  INFO 6224 --- [ol-13-thread-57] tourGuide.service.RewardsService         : ** Processing to get reward points
2021-11-29 23:17:42.190  INFO 6224 --- [ol-13-thread-35] tourGuide.service.RewardsService         : ** Processing to get reward points
2021-11-29 23:17:42.190  INFO 6224 --- [l-13-thread-185] tourGuide.service.RewardsService         : ** Processing to get reward points
2021-11-29 23:17:42.190  INFO 6224 --- [l-13-thread-137] tourGuide.service.RewardsService         : ** Processing to get reward points
2021-11-29 23:17:42.193  INFO 6224 --- [ol-13-thread-85] tourGuide.service.RewardsService         : ** Processing to get reward points
2021-11-29 23:17:42.194  INFO 6224 --- [ol-13-thread-64] tourGuide.service.RewardsService         : ** Processing to get reward points
2021-11-29 23:17:42.195  INFO 6224 --- [ol-13-thread-54] tourGuide.service.RewardsService         : ** Processing to get reward points
2021-11-29 23:17:42.196  INFO 6224 --- [ol-13-thread-35] tourGuide.service.RewardsService         : ** Processing to get reward points
2021-11-29 23:17:42.198  INFO 6224 --- [ol-13-thread-40] tourGuide.service.RewardsService         : ** Processing to get reward points
2021-11-29 23:17:42.198  INFO 6224 --- [ol-13-thread-21] tourGuide.service.RewardsService         : ** Processing to get reward points
2021-11-29 23:17:42.198  INFO 6224 --- [l-13-thread-135] tourGuide.service.RewardsService         : ** Processing to get reward points
2021-11-29 23:17:42.200  INFO 6224 --- [l-13-thread-131] tourGuide.service.RewardsService         : ** Processing to get reward points
2021-11-29 23:17:42.203  INFO 6224 --- [ol-13-thread-91] tourGuide.service.RewardsService         : ** Processing to get reward points
2021-11-29 23:17:42.209  INFO 6224 --- [ool-13-thread-2] tourGuide.service.RewardsService         : ** Processing to get reward points
2021-11-29 23:17:42.211  INFO 6224 --- [l-13-thread-197] tourGuide.service.RewardsService         : ** Processing to get reward points
2021-11-29 23:17:42.212  INFO 6224 --- [ol-13-thread-59] tourGuide.service.RewardsService         : ** Processing to get reward points
2021-11-29 23:17:42.215  INFO 6224 --- [l-13-thread-151] tourGuide.service.RewardsService         : ** Processing to get reward points
2021-11-29 23:17:42.222  INFO 6224 --- [ol-13-thread-84] tourGuide.service.RewardsService         : ** Processing to get reward points
2021-11-29 23:17:42.225  INFO 6224 --- [l-13-thread-133] tourGuide.service.RewardsService         : ** Processing to get reward points
2021-11-29 23:17:42.227  INFO 6224 --- [l-13-thread-109] tourGuide.service.RewardsService         : ** Processing to get reward points
2021-11-29 23:17:42.232  INFO 6224 --- [l-13-thread-131] tourGuide.service.RewardsService         : ** Processing to get reward points
2021-11-29 23:17:42.234  INFO 6224 --- [ol-13-thread-60] tourGuide.service.RewardsService         : ** Processing to get reward points
2021-11-29 23:17:42.237  INFO 6224 --- [l-13-thread-155] tourGuide.service.RewardsService         : ** Processing to get reward points
2021-11-29 23:17:42.237  INFO 6224 --- [ol-13-thread-82] tourGuide.service.RewardsService         : ** Processing to get reward points
2021-11-29 23:17:42.240  INFO 6224 --- [l-13-thread-120] tourGuide.service.RewardsService         : ** Processing to get reward points
2021-11-29 23:17:42.244  INFO 6224 --- [l-13-thread-110] tourGuide.service.RewardsService         : ** Processing to get reward points
2021-11-29 23:17:42.247  INFO 6224 --- [l-13-thread-121] tourGuide.service.RewardsService         : ** Processing to get reward points
2021-11-29 23:17:42.247  INFO 6224 --- [l-13-thread-171] tourGuide.service.RewardsService         : ** Processing to get reward points
2021-11-29 23:17:42.252  INFO 6224 --- [l-13-thread-140] tourGuide.service.RewardsService         : ** Processing to get reward points
2021-11-29 23:17:42.256  INFO 6224 --- [l-13-thread-148] tourGuide.service.RewardsService         : ** Processing to get reward points
2021-11-29 23:17:42.258  INFO 6224 --- [ol-13-thread-37] tourGuide.service.RewardsService         : ** Processing to get reward points
2021-11-29 23:17:42.262  INFO 6224 --- [ol-13-thread-32] tourGuide.service.RewardsService         : ** Processing to get reward points
2021-11-29 23:17:42.263  INFO 6224 --- [l-13-thread-103] tourGuide.service.RewardsService         : ** Processing to get reward points
2021-11-29 23:17:42.263  INFO 6224 --- [ol-13-thread-92] tourGuide.service.RewardsService         : ** Processing to get reward points
2021-11-29 23:17:42.266  INFO 6224 --- [ol-13-thread-44] tourGuide.service.RewardsService         : ** Processing to get reward points
2021-11-29 23:17:42.270  INFO 6224 --- [ol-13-thread-78] tourGuide.service.RewardsService         : ** Processing to get reward points
2021-11-29 23:17:42.270  INFO 6224 --- [ol-13-thread-33] tourGuide.service.RewardsService         : ** Processing to get reward points
2021-11-29 23:17:42.273  INFO 6224 --- [ol-13-thread-98] tourGuide.service.RewardsService         : ** Processing to get reward points
2021-11-29 23:17:42.277  INFO 6224 --- [ol-13-thread-23] tourGuide.service.RewardsService         : ** Processing to get reward points
2021-11-29 23:17:42.281  INFO 6224 --- [ol-13-thread-83] tourGuide.service.RewardsService         : ** Processing to get reward points
2021-11-29 23:17:42.281  INFO 6224 --- [ol-13-thread-63] tourGuide.service.RewardsService         : ** Processing to get reward points
2021-11-29 23:17:42.285  INFO 6224 --- [l-13-thread-169] tourGuide.service.RewardsService         : ** Processing to get reward points
2021-11-29 23:17:42.285  INFO 6224 --- [l-13-thread-106] tourGuide.service.RewardsService         : ** Processing to get reward points
2021-11-29 23:17:42.287  INFO 6224 --- [l-13-thread-155] tourGuide.service.RewardsService         : ** Processing to get reward points
2021-11-29 23:17:42.288  INFO 6224 --- [l-13-thread-198] tourGuide.service.RewardsService         : ** Processing to get reward points
2021-11-29 23:17:42.288  INFO 6224 --- [l-13-thread-145] tourGuide.service.RewardsService         : ** Processing to get reward points
2021-11-29 23:17:42.295  INFO 6224 --- [ol-13-thread-26] tourGuide.service.RewardsService         : ** Processing to get reward points
2021-11-29 23:17:42.299  INFO 6224 --- [ol-13-thread-39] tourGuide.service.RewardsService         : ** Processing to get reward points
2021-11-29 23:17:42.302  INFO 6224 --- [ol-13-thread-87] tourGuide.service.RewardsService         : ** Processing to get reward points
2021-11-29 23:17:42.304  INFO 6224 --- [ol-13-thread-32] tourGuide.service.RewardsService         : ** Processing to get reward points
2021-11-29 23:17:42.306  INFO 6224 --- [ol-13-thread-55] tourGuide.service.RewardsService         : ** Processing to get reward points
2021-11-29 23:17:42.310  INFO 6224 --- [l-13-thread-136] tourGuide.service.RewardsService         : ** Processing to get reward points
2021-11-29 23:17:42.318  INFO 6224 --- [l-13-thread-162] tourGuide.service.RewardsService         : ** Processing to get reward points
2021-11-29 23:17:42.318  INFO 6224 --- [ol-13-thread-60] tourGuide.service.RewardsService         : ** Processing to get reward points
2021-11-29 23:17:42.320  INFO 6224 --- [l-13-thread-109] tourGuide.service.RewardsService         : ** Processing to get reward points
2021-11-29 23:17:42.324  INFO 6224 --- [l-13-thread-112] tourGuide.service.RewardsService         : ** Processing to get reward points
2021-11-29 23:17:42.331  INFO 6224 --- [ol-13-thread-60] tourGuide.service.RewardsService         : ** Processing to get reward points
2021-11-29 23:17:42.335  INFO 6224 --- [l-13-thread-156] tourGuide.service.RewardsService         : ** Processing to get reward points
2021-11-29 23:17:42.339  INFO 6224 --- [ol-13-thread-61] tourGuide.service.RewardsService         : ** Processing to get reward points
2021-11-29 23:17:42.340  INFO 6224 --- [ol-13-thread-56] tourGuide.service.RewardsService         : ** Processing to get reward points
2021-11-29 23:17:42.340  INFO 6224 --- [l-13-thread-173] tourGuide.service.RewardsService         : ** Processing to get reward points
2021-11-29 23:17:42.341  INFO 6224 --- [ool-13-thread-1] tourGuide.service.RewardsService         : ** Processing to get reward points
2021-11-29 23:17:42.345  INFO 6224 --- [l-13-thread-105] tourGuide.service.RewardsService         : ** Processing to get reward points
2021-11-29 23:17:42.348  INFO 6224 --- [ol-13-thread-23] tourGuide.service.RewardsService         : ** Processing to get reward points
2021-11-29 23:17:42.351  INFO 6224 --- [ol-13-thread-92] tourGuide.service.RewardsService         : ** Processing to get reward points
2021-11-29 23:17:42.351  INFO 6224 --- [ol-13-thread-15] tourGuide.service.RewardsService         : ** Processing to get reward points
2021-11-29 23:17:42.351  INFO 6224 --- [ol-13-thread-42] tourGuide.service.RewardsService         : ** Processing to get reward points
2021-11-29 23:17:42.351  INFO 6224 --- [ol-13-thread-69] tourGuide.service.RewardsService         : ** Processing to get reward points
2021-11-29 23:17:42.355  INFO 6224 --- [ol-13-thread-50] tourGuide.service.RewardsService         : ** Processing to get reward points
2021-11-29 23:17:42.359  INFO 6224 --- [ol-13-thread-38] tourGuide.service.RewardsService         : ** Processing to get reward points
2021-11-29 23:17:42.365  INFO 6224 --- [ol-13-thread-81] tourGuide.service.RewardsService         : ** Processing to get reward points
2021-11-29 23:17:42.369  INFO 6224 --- [l-13-thread-150] tourGuide.service.RewardsService         : ** Processing to get reward points
2021-11-29 23:17:42.369  INFO 6224 --- [ol-13-thread-60] tourGuide.service.RewardsService         : ** Processing to get reward points
2021-11-29 23:17:42.369  INFO 6224 --- [l-13-thread-107] tourGuide.service.RewardsService         : ** Processing to get reward points
2021-11-29 23:17:42.370  INFO 6224 --- [ol-13-thread-11] tourGuide.service.RewardsService         : ** Processing to get reward points
2021-11-29 23:17:42.370  INFO 6224 --- [ol-13-thread-72] tourGuide.service.RewardsService         : ** Processing to get reward points
2021-11-29 23:17:42.373  INFO 6224 --- [ool-13-thread-7] tourGuide.service.RewardsService         : ** Processing to get reward points
2021-11-29 23:17:42.385  INFO 6224 --- [l-13-thread-186] tourGuide.service.RewardsService         : ** Processing to get reward points
2021-11-29 23:17:42.385  INFO 6224 --- [l-13-thread-146] tourGuide.service.RewardsService         : ** Processing to get reward points
2021-11-29 23:17:42.386  INFO 6224 --- [l-13-thread-183] tourGuide.service.RewardsService         : ** Processing to get reward points
2021-11-29 23:17:42.389  INFO 6224 --- [ol-13-thread-21] tourGuide.service.RewardsService         : ** Processing to get reward points
2021-11-29 23:17:42.392  INFO 6224 --- [ol-13-thread-86] tourGuide.service.RewardsService         : ** Processing to get reward points
2021-11-29 23:17:42.392  INFO 6224 --- [ol-13-thread-82] tourGuide.service.RewardsService         : ** Processing to get reward points
2021-11-29 23:17:42.394  INFO 6224 --- [l-13-thread-116] tourGuide.service.RewardsService         : ** Processing to get reward points
2021-11-29 23:17:42.396  INFO 6224 --- [ol-13-thread-14] tourGuide.service.RewardsService         : ** Processing to get reward points
2021-11-29 23:17:42.396  INFO 6224 --- [l-13-thread-123] tourGuide.service.RewardsService         : ** Processing to get reward points
2021-11-29 23:17:42.396  INFO 6224 --- [l-13-thread-154] tourGuide.service.RewardsService         : ** Processing to get reward points
2021-11-29 23:17:42.397  INFO 6224 --- [ol-13-thread-88] tourGuide.service.RewardsService         : ** Processing to get reward points
2021-11-29 23:17:42.401  INFO 6224 --- [ol-13-thread-68] tourGuide.service.RewardsService         : ** Processing to get reward points
2021-11-29 23:17:42.403  INFO 6224 --- [ol-13-thread-62] tourGuide.service.RewardsService         : ** Processing to get reward points
2021-11-29 23:17:42.407  INFO 6224 --- [l-13-thread-109] tourGuide.service.RewardsService         : ** Processing to get reward points
2021-11-29 23:17:42.409  INFO 6224 --- [l-13-thread-125] tourGuide.service.RewardsService         : ** Processing to get reward points
2021-11-29 23:17:42.409  INFO 6224 --- [l-13-thread-189] tourGuide.service.RewardsService         : ** Processing to get reward points
2021-11-29 23:17:42.411  INFO 6224 --- [ol-13-thread-56] tourGuide.service.RewardsService         : ** Processing to get reward points
2021-11-29 23:17:42.412  INFO 6224 --- [ool-13-thread-8] tourGuide.service.RewardsService         : ** Processing to get reward points
2021-11-29 23:17:42.412  INFO 6224 --- [ol-13-thread-12] tourGuide.service.RewardsService         : ** Processing to get reward points
2021-11-29 23:17:42.413  INFO 6224 --- [l-13-thread-113] tourGuide.service.RewardsService         : ** Processing to get reward points
2021-11-29 23:17:42.418  INFO 6224 --- [l-13-thread-149] tourGuide.service.RewardsService         : ** Processing to get reward points
2021-11-29 23:17:42.420  INFO 6224 --- [l-13-thread-196] tourGuide.service.RewardsService         : ** Processing to get reward points
2021-11-29 23:17:42.420  INFO 6224 --- [ol-13-thread-54] tourGuide.service.RewardsService         : ** Processing to get reward points
2021-11-29 23:17:42.420  INFO 6224 --- [l-13-thread-103] tourGuide.service.RewardsService         : ** Processing to get reward points
2021-11-29 23:17:42.421  INFO 6224 --- [l-13-thread-194] tourGuide.service.RewardsService         : ** Processing to get reward points
2021-11-29 23:17:42.426  INFO 6224 --- [l-13-thread-142] tourGuide.service.RewardsService         : ** Processing to get reward points
2021-11-29 23:17:42.426  INFO 6224 --- [ool-13-thread-1] tourGuide.service.RewardsService         : ** Processing to get reward points
2021-11-29 23:17:42.430  INFO 6224 --- [l-13-thread-118] tourGuide.service.RewardsService         : ** Processing to get reward points
2021-11-29 23:17:42.432  INFO 6224 --- [l-13-thread-101] tourGuide.service.RewardsService         : ** Processing to get reward points
2021-11-29 23:17:42.437  INFO 6224 --- [l-13-thread-188] tourGuide.service.RewardsService         : ** Processing to get reward points
2021-11-29 23:17:42.440  INFO 6224 --- [l-13-thread-182] tourGuide.service.RewardsService         : ** Processing to get reward points
2021-11-29 23:17:42.441  INFO 6224 --- [l-13-thread-128] tourGuide.service.RewardsService         : ** Processing to get reward points
2021-11-29 23:17:42.445  INFO 6224 --- [ol-13-thread-18] tourGuide.service.RewardsService         : ** Processing to get reward points
2021-11-29 23:17:42.452  INFO 6224 --- [ool-13-thread-2] tourGuide.service.RewardsService         : ** Processing to get reward points
2021-11-29 23:17:42.452  INFO 6224 --- [ol-13-thread-81] tourGuide.service.RewardsService         : ** Processing to get reward points
2021-11-29 23:17:42.452  INFO 6224 --- [l-13-thread-127] tourGuide.service.RewardsService         : ** Processing to get reward points
2021-11-29 23:17:42.453  INFO 6224 --- [l-13-thread-139] tourGuide.service.RewardsService         : ** Processing to get reward points
2021-11-29 23:17:42.456  INFO 6224 --- [ol-13-thread-46] tourGuide.service.RewardsService         : ** Processing to get reward points
2021-11-29 23:17:42.460  INFO 6224 --- [l-13-thread-170] tourGuide.service.RewardsService         : ** Processing to get reward points
2021-11-29 23:17:42.462  INFO 6224 --- [l-13-thread-176] tourGuide.service.RewardsService         : ** Processing to get reward points
2021-11-29 23:17:42.462  INFO 6224 --- [ol-13-thread-70] tourGuide.service.RewardsService         : ** Processing to get reward points
2021-11-29 23:17:42.464  INFO 6224 --- [l-13-thread-163] tourGuide.service.RewardsService         : ** Processing to get reward points
2021-11-29 23:17:42.465  INFO 6224 --- [l-13-thread-104] tourGuide.service.RewardsService         : ** Processing to get reward points
2021-11-29 23:17:42.465  INFO 6224 --- [ol-13-thread-25] tourGuide.service.RewardsService         : ** Processing to get reward points
2021-11-29 23:17:42.467  INFO 6224 --- [l-13-thread-195] tourGuide.service.RewardsService         : ** Processing to get reward points
2021-11-29 23:17:42.467  INFO 6224 --- [l-13-thread-191] tourGuide.service.RewardsService         : ** Processing to get reward points
2021-11-29 23:17:42.469  INFO 6224 --- [ol-13-thread-77] tourGuide.service.RewardsService         : ** Processing to get reward points
2021-11-29 23:17:42.470  INFO 6224 --- [ol-13-thread-38] tourGuide.service.RewardsService         : ** Processing to get reward points
2021-11-29 23:17:42.471  INFO 6224 --- [l-13-thread-113] tourGuide.service.RewardsService         : ** Processing to get reward points
2021-11-29 23:17:42.475  INFO 6224 --- [ol-13-thread-17] tourGuide.service.RewardsService         : ** Processing to get reward points
2021-11-29 23:17:42.477  INFO 6224 --- [ool-13-thread-6] tourGuide.service.RewardsService         : ** Processing to get reward points
2021-11-29 23:17:42.479  INFO 6224 --- [ol-13-thread-86] tourGuide.service.RewardsService         : ** Processing to get reward points
2021-11-29 23:17:42.480  INFO 6224 --- [ol-13-thread-87] tourGuide.service.RewardsService         : ** Processing to get reward points
2021-11-29 23:17:42.485  INFO 6224 --- [ol-13-thread-62] tourGuide.service.RewardsService         : ** Processing to get reward points
2021-11-29 23:17:42.490  INFO 6224 --- [ol-13-thread-85] tourGuide.service.RewardsService         : ** Processing to get reward points
2021-11-29 23:17:42.494  INFO 6224 --- [l-13-thread-167] tourGuide.service.RewardsService         : ** Processing to get reward points
2021-11-29 23:17:42.500  INFO 6224 --- [ol-13-thread-88] tourGuide.service.RewardsService         : ** Processing to get reward points
2021-11-29 23:17:42.500  INFO 6224 --- [l-13-thread-180] tourGuide.service.RewardsService         : ** Processing to get reward points
2021-11-29 23:17:42.502  INFO 6224 --- [l-13-thread-128] tourGuide.service.RewardsService         : ** Processing to get reward points
2021-11-29 23:17:42.506  INFO 6224 --- [l-13-thread-146] tourGuide.service.RewardsService         : ** Processing to get reward points
2021-11-29 23:17:42.510  INFO 6224 --- [l-13-thread-102] tourGuide.service.RewardsService         : ** Processing to get reward points
2021-11-29 23:17:42.510  INFO 6224 --- [l-13-thread-110] tourGuide.service.RewardsService         : ** Processing to get reward points
2021-11-29 23:17:42.510  INFO 6224 --- [ol-13-thread-40] tourGuide.service.RewardsService         : ** Processing to get reward points
2021-11-29 23:17:42.515  INFO 6224 --- [ol-13-thread-19] tourGuide.service.RewardsService         : ** Processing to get reward points
2021-11-29 23:17:42.515  INFO 6224 --- [ol-13-thread-66] tourGuide.service.RewardsService         : ** Processing to get reward points
2021-11-29 23:17:42.516  INFO 6224 --- [ol-13-thread-63] tourGuide.service.RewardsService         : ** Processing to get reward points
2021-11-29 23:17:42.517  INFO 6224 --- [ol-13-thread-53] tourGuide.service.RewardsService         : ** Processing to get reward points
2021-11-29 23:17:42.519  INFO 6224 --- [l-13-thread-170] tourGuide.service.RewardsService         : ** Processing to get reward points
2021-11-29 23:17:42.523  INFO 6224 --- [l-13-thread-124] tourGuide.service.RewardsService         : ** Processing to get reward points
2021-11-29 23:17:42.523  INFO 6224 --- [ol-13-thread-35] tourGuide.service.RewardsService         : ** Processing to get reward points
2021-11-29 23:17:42.524  INFO 6224 --- [ol-13-thread-75] tourGuide.service.RewardsService         : ** Processing to get reward points
2021-11-29 23:17:42.537  INFO 6224 --- [l-13-thread-166] tourGuide.service.RewardsService         : ** Processing to get reward points
2021-11-29 23:17:42.539  INFO 6224 --- [l-13-thread-157] tourGuide.service.RewardsService         : ** Processing to get reward points
2021-11-29 23:17:42.543  INFO 6224 --- [ol-13-thread-73] tourGuide.service.RewardsService         : ** Processing to get reward points
2021-11-29 23:17:42.545  INFO 6224 --- [l-13-thread-122] tourGuide.service.RewardsService         : ** Processing to get reward points
2021-11-29 23:17:42.546  INFO 6224 --- [ool-13-thread-1] tourGuide.service.RewardsService         : ** Processing to get reward points
2021-11-29 23:17:42.547  INFO 6224 --- [l-13-thread-124] tourGuide.service.RewardsService         : ** Processing to get reward points
2021-11-29 23:17:42.553  INFO 6224 --- [ol-13-thread-60] tourGuide.service.RewardsService         : ** Processing to get reward points
2021-11-29 23:17:42.558  INFO 6224 --- [l-13-thread-148] tourGuide.service.RewardsService         : ** Processing to get reward points
2021-11-29 23:17:42.559  INFO 6224 --- [l-13-thread-160] tourGuide.service.RewardsService         : ** Processing to get reward points
2021-11-29 23:17:42.568  INFO 6224 --- [ol-13-thread-13] tourGuide.service.RewardsService         : ** Processing to get reward points
2021-11-29 23:17:42.568  INFO 6224 --- [ol-13-thread-54] tourGuide.service.RewardsService         : ** Processing to get reward points
2021-11-29 23:17:42.569  INFO 6224 --- [ol-13-thread-30] tourGuide.service.RewardsService         : ** Processing to get reward points
2021-11-29 23:17:42.571  INFO 6224 --- [ol-13-thread-34] tourGuide.service.RewardsService         : ** Processing to get reward points
2021-11-29 23:17:42.573  INFO 6224 --- [ol-13-thread-25] tourGuide.service.RewardsService         : ** Processing to get reward points
2021-11-29 23:17:42.573  INFO 6224 --- [l-13-thread-182] tourGuide.service.RewardsService         : ** Processing to get reward points
2021-11-29 23:17:42.577  INFO 6224 --- [ol-13-thread-27] tourGuide.service.RewardsService         : ** Processing to get reward points
2021-11-29 23:17:42.578  INFO 6224 --- [l-13-thread-166] tourGuide.service.RewardsService         : ** Processing to get reward points
2021-11-29 23:17:42.583  INFO 6224 --- [ol-13-thread-91] tourGuide.service.RewardsService         : ** Processing to get reward points
2021-11-29 23:17:42.584  INFO 6224 --- [ol-13-thread-94] tourGuide.service.RewardsService         : ** Processing to get reward points
2021-11-29 23:17:42.587  INFO 6224 --- [l-13-thread-193] tourGuide.service.RewardsService         : ** Processing to get reward points
2021-11-29 23:17:42.589  INFO 6224 --- [l-13-thread-165] tourGuide.service.RewardsService         : ** Processing to get reward points
2021-11-29 23:17:42.593  INFO 6224 --- [ol-13-thread-46] tourGuide.service.RewardsService         : ** Processing to get reward points
2021-11-29 23:17:42.604  INFO 6224 --- [l-13-thread-130] tourGuide.service.RewardsService         : ** Processing to get reward points
2021-11-29 23:17:42.606  INFO 6224 --- [l-13-thread-159] tourGuide.service.RewardsService         : ** Processing to get reward points
2021-11-29 23:17:42.606  INFO 6224 --- [l-13-thread-200] tourGuide.service.RewardsService         : ** Processing to get reward points
2021-11-29 23:17:42.606  INFO 6224 --- [ol-13-thread-28] tourGuide.service.RewardsService         : ** Processing to get reward points
2021-11-29 23:17:42.606  INFO 6224 --- [l-13-thread-125] tourGuide.service.RewardsService         : ** Processing to get reward points
2021-11-29 23:17:42.606  INFO 6224 --- [ol-13-thread-92] tourGuide.service.RewardsService         : ** Processing to get reward points
2021-11-29 23:17:42.608  INFO 6224 --- [l-13-thread-175] tourGuide.service.RewardsService         : ** Processing to get reward points
2021-11-29 23:17:42.608  INFO 6224 --- [ol-13-thread-48] tourGuide.service.RewardsService         : ** Processing to get reward points
2021-11-29 23:17:42.609  INFO 6224 --- [l-13-thread-169] tourGuide.service.RewardsService         : ** Processing to get reward points
2021-11-29 23:17:42.611  INFO 6224 --- [l-13-thread-144] tourGuide.service.RewardsService         : ** Processing to get reward points
2021-11-29 23:17:42.612  INFO 6224 --- [l-13-thread-187] tourGuide.service.RewardsService         : ** Processing to get reward points
2021-11-29 23:17:42.612  INFO 6224 --- [l-13-thread-192] tourGuide.service.RewardsService         : ** Processing to get reward points
2021-11-29 23:17:42.613  INFO 6224 --- [ool-13-thread-4] tourGuide.service.RewardsService         : ** Processing to get reward points
2021-11-29 23:17:42.613  INFO 6224 --- [ol-13-thread-94] tourGuide.service.RewardsService         : ** Processing to get reward points
2021-11-29 23:17:42.620  INFO 6224 --- [l-13-thread-106] tourGuide.service.RewardsService         : ** Processing to get reward points
2021-11-29 23:17:42.625  INFO 6224 --- [ol-13-thread-37] tourGuide.service.RewardsService         : ** Processing to get reward points
2021-11-29 23:17:42.626  INFO 6224 --- [l-13-thread-171] tourGuide.service.RewardsService         : ** Processing to get reward points
2021-11-29 23:17:42.628  INFO 6224 --- [l-13-thread-109] tourGuide.service.RewardsService         : ** Processing to get reward points
2021-11-29 23:17:42.628  INFO 6224 --- [l-13-thread-101] tourGuide.service.RewardsService         : ** Processing to get reward points
2021-11-29 23:17:42.632  INFO 6224 --- [l-13-thread-118] tourGuide.service.RewardsService         : ** Processing to get reward points
2021-11-29 23:17:42.634  INFO 6224 --- [l-13-thread-143] tourGuide.service.RewardsService         : ** Processing to get reward points
2021-11-29 23:17:42.636  INFO 6224 --- [l-13-thread-104] tourGuide.service.RewardsService         : ** Processing to get reward points
2021-11-29 23:17:42.638  INFO 6224 --- [l-13-thread-128] tourGuide.service.RewardsService         : ** Processing to get reward points
2021-11-29 23:17:42.639  INFO 6224 --- [l-13-thread-132] tourGuide.service.RewardsService         : ** Processing to get reward points
2021-11-29 23:17:42.640  INFO 6224 --- [l-13-thread-111] tourGuide.service.RewardsService         : ** Processing to get reward points
2021-11-29 23:17:42.641  INFO 6224 --- [l-13-thread-129] tourGuide.service.RewardsService         : ** Processing to get reward points
2021-11-29 23:17:42.644  INFO 6224 --- [ol-13-thread-45] tourGuide.service.RewardsService         : ** Processing to get reward points
2021-11-29 23:17:42.644  INFO 6224 --- [ol-13-thread-95] tourGuide.service.RewardsService         : ** Processing to get reward points
2021-11-29 23:17:42.645  INFO 6224 --- [ol-13-thread-16] tourGuide.service.RewardsService         : ** Processing to get reward points
2021-11-29 23:17:42.652  INFO 6224 --- [l-13-thread-185] tourGuide.service.RewardsService         : ** Processing to get reward points
2021-11-29 23:17:42.653  INFO 6224 --- [ol-13-thread-46] tourGuide.service.RewardsService         : ** Processing to get reward points
2021-11-29 23:17:42.656  INFO 6224 --- [ol-13-thread-43] tourGuide.service.RewardsService         : ** Processing to get reward points
2021-11-29 23:17:42.660  INFO 6224 --- [ol-13-thread-22] tourGuide.service.RewardsService         : ** Processing to get reward points
2021-11-29 23:17:42.662  INFO 6224 --- [ol-13-thread-41] tourGuide.service.RewardsService         : ** Processing to get reward points
2021-11-29 23:17:42.663  INFO 6224 --- [l-13-thread-117] tourGuide.service.RewardsService         : ** Processing to get reward points
2021-11-29 23:17:42.664  INFO 6224 --- [l-13-thread-173] tourGuide.service.RewardsService         : ** Processing to get reward points
2021-11-29 23:17:42.668  INFO 6224 --- [ol-13-thread-70] tourGuide.service.RewardsService         : ** Processing to get reward points
2021-11-29 23:17:42.668  INFO 6224 --- [ol-13-thread-16] tourGuide.service.RewardsService         : ** Processing to get reward points
2021-11-29 23:17:42.669  INFO 6224 --- [ol-13-thread-79] tourGuide.service.RewardsService         : ** Processing to get reward points
2021-11-29 23:17:42.671  INFO 6224 --- [ol-13-thread-51] tourGuide.service.RewardsService         : ** Processing to get reward points
2021-11-29 23:17:42.674  INFO 6224 --- [l-13-thread-112] tourGuide.service.RewardsService         : ** Processing to get reward points
2021-11-29 23:17:42.681  INFO 6224 --- [l-13-thread-193] tourGuide.service.RewardsService         : ** Processing to get reward points
2021-11-29 23:17:42.685  INFO 6224 --- [ol-13-thread-43] tourGuide.service.RewardsService         : ** Processing to get reward points
2021-11-29 23:17:42.685  INFO 6224 --- [ol-13-thread-50] tourGuide.service.RewardsService         : ** Processing to get reward points
2021-11-29 23:17:42.688  INFO 6224 --- [ol-13-thread-82] tourGuide.service.RewardsService         : ** Processing to get reward points
2021-11-29 23:17:42.690  INFO 6224 --- [l-13-thread-127] tourGuide.service.RewardsService         : ** Processing to get reward points
2021-11-29 23:17:42.691  INFO 6224 --- [ol-13-thread-64] tourGuide.service.RewardsService         : ** Processing to get reward points
2021-11-29 23:17:42.691  INFO 6224 --- [ol-13-thread-12] tourGuide.service.RewardsService         : ** Processing to get reward points
2021-11-29 23:17:42.692  INFO 6224 --- [l-13-thread-170] tourGuide.service.RewardsService         : ** Processing to get reward points
2021-11-29 23:17:42.692  INFO 6224 --- [ol-13-thread-85] tourGuide.service.RewardsService         : ** Processing to get reward points
2021-11-29 23:17:42.692  INFO 6224 --- [l-13-thread-120] tourGuide.service.RewardsService         : ** Processing to get reward points
2021-11-29 23:17:42.693  INFO 6224 --- [l-13-thread-137] tourGuide.service.RewardsService         : ** Processing to get reward points
2021-11-29 23:17:42.693  INFO 6224 --- [l-13-thread-172] tourGuide.service.RewardsService         : ** Processing to get reward points
2021-11-29 23:17:42.695  INFO 6224 --- [ol-13-thread-71] tourGuide.service.RewardsService         : ** Processing to get reward points
2021-11-29 23:17:42.696  INFO 6224 --- [ol-13-thread-10] tourGuide.service.RewardsService         : ** Processing to get reward points
2021-11-29 23:17:42.703  INFO 6224 --- [ol-13-thread-87] tourGuide.service.RewardsService         : ** Processing to get reward points
2021-11-29 23:17:42.705  INFO 6224 --- [l-13-thread-190] tourGuide.service.RewardsService         : ** Processing to get reward points
2021-11-29 23:17:42.709  INFO 6224 --- [l-13-thread-145] tourGuide.service.RewardsService         : ** Processing to get reward points
2021-11-29 23:17:42.711  INFO 6224 --- [ol-13-thread-44] tourGuide.service.RewardsService         : ** Processing to get reward points
2021-11-29 23:17:42.711  INFO 6224 --- [ol-13-thread-55] tourGuide.service.RewardsService         : ** Processing to get reward points
2021-11-29 23:17:42.711  INFO 6224 --- [ol-13-thread-24] tourGuide.service.RewardsService         : ** Processing to get reward points
2021-11-29 23:17:42.714  INFO 6224 --- [ol-13-thread-33] tourGuide.service.RewardsService         : ** Processing to get reward points
2021-11-29 23:17:42.714  INFO 6224 --- [l-13-thread-181] tourGuide.service.RewardsService         : ** Processing to get reward points
2021-11-29 23:17:42.714  INFO 6224 --- [l-13-thread-154] tourGuide.service.RewardsService         : ** Processing to get reward points
2021-11-29 23:17:42.715  INFO 6224 --- [l-13-thread-148] tourGuide.service.RewardsService         : ** Processing to get reward points
2021-11-29 23:17:42.730  INFO 6224 --- [l-13-thread-148] tourGuide.service.RewardsService         : ** Processing to get reward points
2021-11-29 23:17:42.733  INFO 6224 --- [l-13-thread-184] tourGuide.service.RewardsService         : ** Processing to get reward points
2021-11-29 23:17:42.736  INFO 6224 --- [l-13-thread-171] tourGuide.service.RewardsService         : ** Processing to get reward points
2021-11-29 23:17:42.737  INFO 6224 --- [ol-13-thread-21] tourGuide.service.RewardsService         : ** Processing to get reward points
2021-11-29 23:17:42.739  INFO 6224 --- [l-13-thread-161] tourGuide.service.RewardsService         : ** Processing to get reward points
2021-11-29 23:17:42.744  INFO 6224 --- [ol-13-thread-97] tourGuide.service.RewardsService         : ** Processing to get reward points
2021-11-29 23:17:42.744  INFO 6224 --- [l-13-thread-185] tourGuide.service.RewardsService         : ** Processing to get reward points
2021-11-29 23:17:42.757  INFO 6224 --- [l-13-thread-179] tourGuide.service.RewardsService         : ** Processing to get reward points
2021-11-29 23:17:42.759  INFO 6224 --- [l-13-thread-185] tourGuide.service.RewardsService         : ** Processing to get reward points
2021-11-29 23:17:42.764  INFO 6224 --- [ol-13-thread-60] tourGuide.service.RewardsService         : ** Processing to get reward points
2021-11-29 23:17:42.764  INFO 6224 --- [ol-13-thread-31] tourGuide.service.RewardsService         : ** Processing to get reward points
2021-11-29 23:17:42.769  INFO 6224 --- [l-13-thread-126] tourGuide.service.RewardsService         : ** Processing to get reward points
2021-11-29 23:17:42.771  INFO 6224 --- [l-13-thread-168] tourGuide.service.RewardsService         : ** Processing to get reward points
2021-11-29 23:17:42.771  INFO 6224 --- [ol-13-thread-68] tourGuide.service.RewardsService         : ** Processing to get reward points
2021-11-29 23:17:42.778  INFO 6224 --- [ol-13-thread-76] tourGuide.service.RewardsService         : ** Processing to get reward points
2021-11-29 23:17:42.778  INFO 6224 --- [ol-13-thread-29] tourGuide.service.RewardsService         : ** Processing to get reward points
2021-11-29 23:17:42.779  INFO 6224 --- [ol-13-thread-49] tourGuide.service.RewardsService         : ** Processing to get reward points
2021-11-29 23:17:42.780  INFO 6224 --- [ol-13-thread-56] tourGuide.service.RewardsService         : ** Processing to get reward points
2021-11-29 23:17:42.780  INFO 6224 --- [ol-13-thread-47] tourGuide.service.RewardsService         : ** Processing to get reward points
2021-11-29 23:17:42.781  INFO 6224 --- [ol-13-thread-65] tourGuide.service.RewardsService         : ** Processing to get reward points
2021-11-29 23:17:42.788  INFO 6224 --- [ol-13-thread-80] tourGuide.service.RewardsService         : ** Processing to get reward points
2021-11-29 23:17:42.789  INFO 6224 --- [l-13-thread-182] tourGuide.service.RewardsService         : ** Processing to get reward points
2021-11-29 23:17:42.793  INFO 6224 --- [ool-13-thread-8] tourGuide.service.RewardsService         : ** Processing to get reward points
2021-11-29 23:17:42.795  INFO 6224 --- [l-13-thread-189] tourGuide.service.RewardsService         : ** Processing to get reward points
2021-11-29 23:17:42.796  INFO 6224 --- [l-13-thread-177] tourGuide.service.RewardsService         : ** Processing to get reward points
2021-11-29 23:17:42.796  INFO 6224 --- [l-13-thread-197] tourGuide.service.RewardsService         : ** Processing to get reward points
2021-11-29 23:17:42.797  INFO 6224 --- [l-13-thread-124] tourGuide.service.RewardsService         : ** Processing to get reward points
2021-11-29 23:17:42.801  INFO 6224 --- [l-13-thread-192] tourGuide.service.RewardsService         : ** Processing to get reward points
2021-11-29 23:17:42.810  INFO 6224 --- [l-13-thread-115] tourGuide.service.RewardsService         : ** Processing to get reward points
2021-11-29 23:17:42.812  INFO 6224 --- [l-13-thread-141] tourGuide.service.RewardsService         : ** Processing to get reward points
2021-11-29 23:17:42.814  INFO 6224 --- [l-13-thread-129] tourGuide.service.RewardsService         : ** Processing to get reward points
2021-11-29 23:17:42.815  INFO 6224 --- [l-13-thread-164] tourGuide.service.RewardsService         : ** Processing to get reward points
2021-11-29 23:17:42.819  INFO 6224 --- [l-13-thread-147] tourGuide.service.RewardsService         : ** Processing to get reward points
2021-11-29 23:17:42.821  INFO 6224 --- [l-13-thread-169] tourGuide.service.RewardsService         : ** Processing to get reward points
2021-11-29 23:17:42.826  INFO 6224 --- [ol-13-thread-93] tourGuide.service.RewardsService         : ** Processing to get reward points
2021-11-29 23:17:42.834  INFO 6224 --- [ol-13-thread-58] tourGuide.service.RewardsService         : ** Processing to get reward points
2021-11-29 23:17:42.837  INFO 6224 --- [ol-13-thread-52] tourGuide.service.RewardsService         : ** Processing to get reward points
2021-11-29 23:17:42.841  INFO 6224 --- [ol-13-thread-99] tourGuide.service.RewardsService         : ** Processing to get reward points
2021-11-29 23:17:42.841  INFO 6224 --- [l-13-thread-166] tourGuide.service.RewardsService         : ** Processing to get reward points
2021-11-29 23:17:42.843  INFO 6224 --- [l-13-thread-114] tourGuide.service.RewardsService         : ** Processing to get reward points
2021-11-29 23:17:42.844  INFO 6224 --- [ool-13-thread-5] tourGuide.service.RewardsService         : ** Processing to get reward points
2021-11-29 23:17:42.844  INFO 6224 --- [ol-13-thread-83] tourGuide.service.RewardsService         : ** Processing to get reward points
2021-11-29 23:17:42.845  INFO 6224 --- [ol-13-thread-41] tourGuide.service.RewardsService         : ** Processing to get reward points
2021-11-29 23:17:42.845  INFO 6224 --- [ol-13-thread-99] tourGuide.service.RewardsService         : ** Processing to get reward points
2021-11-29 23:17:42.847  INFO 6224 --- [l-13-thread-174] tourGuide.service.RewardsService         : ** Processing to get reward points
2021-11-29 23:17:42.854  INFO 6224 --- [l-13-thread-181] tourGuide.service.RewardsService         : ** Processing to get reward points
2021-11-29 23:17:42.854  INFO 6224 --- [l-13-thread-185] tourGuide.service.RewardsService         : ** Processing to get reward points
2021-11-29 23:17:42.860  INFO 6224 --- [l-13-thread-116] tourGuide.service.RewardsService         : ** Processing to get reward points
2021-11-29 23:17:42.861  INFO 6224 --- [l-13-thread-122] tourGuide.service.RewardsService         : ** Processing to get reward points
2021-11-29 23:17:42.868  INFO 6224 --- [ol-13-thread-20] tourGuide.service.RewardsService         : ** Processing to get reward points
2021-11-29 23:17:42.875  INFO 6224 --- [l-13-thread-103] tourGuide.service.RewardsService         : ** Processing to get reward points
2021-11-29 23:17:42.877  INFO 6224 --- [l-13-thread-117] tourGuide.service.RewardsService         : ** Processing to get reward points
2021-11-29 23:17:42.879  INFO 6224 --- [l-13-thread-139] tourGuide.service.RewardsService         : ** Processing to get reward points
2021-11-29 23:17:42.884  INFO 6224 --- [ol-13-thread-89] tourGuide.service.RewardsService         : ** Processing to get reward points
2021-11-29 23:17:42.887  INFO 6224 --- [l-13-thread-117] tourGuide.service.RewardsService         : ** Processing to get reward points
2021-11-29 23:17:42.898  INFO 6224 --- [l-13-thread-144] tourGuide.service.RewardsService         : ** Processing to get reward points
2021-11-29 23:17:42.898  INFO 6224 --- [l-13-thread-103] tourGuide.service.RewardsService         : ** Processing to get reward points
2021-11-29 23:17:42.901  INFO 6224 --- [ol-13-thread-91] tourGuide.service.RewardsService         : ** Processing to get reward points
2021-11-29 23:17:42.901  INFO 6224 --- [l-13-thread-100] tourGuide.service.RewardsService         : ** Processing to get reward points
2021-11-29 23:17:42.906  INFO 6224 --- [l-13-thread-149] tourGuide.service.RewardsService         : ** Processing to get reward points
2021-11-29 23:17:42.908  INFO 6224 --- [ol-13-thread-59] tourGuide.service.RewardsService         : ** Processing to get reward points
2021-11-29 23:17:42.912  INFO 6224 --- [ol-13-thread-28] tourGuide.service.RewardsService         : ** Processing to get reward points
2021-11-29 23:17:42.915  INFO 6224 --- [l-13-thread-197] tourGuide.service.RewardsService         : ** Processing to get reward points
2021-11-29 23:17:42.920  INFO 6224 --- [l-13-thread-178] tourGuide.service.RewardsService         : ** Processing to get reward points
2021-11-29 23:17:42.921  INFO 6224 --- [l-13-thread-138] tourGuide.service.RewardsService         : ** Processing to get reward points
2021-11-29 23:17:42.923  INFO 6224 --- [l-13-thread-153] tourGuide.service.RewardsService         : ** Processing to get reward points
2021-11-29 23:17:42.923  INFO 6224 --- [l-13-thread-151] tourGuide.service.RewardsService         : ** Processing to get reward points
2021-11-29 23:17:42.929  INFO 6224 --- [l-13-thread-123] tourGuide.service.RewardsService         : ** Processing to get reward points
2021-11-29 23:17:42.930  INFO 6224 --- [l-13-thread-191] tourGuide.service.RewardsService         : ** Processing to get reward points
2021-11-29 23:17:42.932  INFO 6224 --- [ol-13-thread-37] tourGuide.service.RewardsService         : ** Processing to get reward points
2021-11-29 23:17:42.933  INFO 6224 --- [ol-13-thread-46] tourGuide.service.RewardsService         : ** Processing to get reward points
2021-11-29 23:17:42.935  INFO 6224 --- [ool-13-thread-9] tourGuide.service.RewardsService         : ** Processing to get reward points
2021-11-29 23:17:42.936  INFO 6224 --- [ol-13-thread-29] tourGuide.service.RewardsService         : ** Processing to get reward points
2021-11-29 23:17:42.938  INFO 6224 --- [ol-13-thread-51] tourGuide.service.RewardsService         : ** Processing to get reward points
2021-11-29 23:17:42.942  INFO 6224 --- [l-13-thread-182] tourGuide.service.RewardsService         : ** Processing to get reward points
2021-11-29 23:17:42.942  INFO 6224 --- [l-13-thread-128] tourGuide.service.RewardsService         : ** Processing to get reward points
2021-11-29 23:17:42.944  INFO 6224 --- [l-13-thread-163] tourGuide.service.RewardsService         : ** Processing to get reward points
2021-11-29 23:17:42.946  INFO 6224 --- [l-13-thread-199] tourGuide.service.RewardsService         : ** Processing to get reward points
2021-11-29 23:17:42.952  INFO 6224 --- [ol-13-thread-12] tourGuide.service.RewardsService         : ** Processing to get reward points
2021-11-29 23:17:42.962  INFO 6224 --- [l-13-thread-104] tourGuide.service.RewardsService         : ** Processing to get reward points
2021-11-29 23:17:42.964  INFO 6224 --- [ol-13-thread-22] tourGuide.service.RewardsService         : ** Processing to get reward points
2021-11-29 23:17:42.964  INFO 6224 --- [ol-13-thread-60] tourGuide.service.RewardsService         : ** Processing to get reward points
2021-11-29 23:17:42.967  INFO 6224 --- [ol-13-thread-26] tourGuide.service.RewardsService         : ** Processing to get reward points
2021-11-29 23:17:42.969  INFO 6224 --- [l-13-thread-106] tourGuide.service.RewardsService         : ** Processing to get reward points
2021-11-29 23:17:42.969  INFO 6224 --- [ol-13-thread-17] tourGuide.service.RewardsService         : ** Processing to get reward points
2021-11-29 23:17:42.977  INFO 6224 --- [ol-13-thread-96] tourGuide.service.RewardsService         : ** Processing to get reward points
2021-11-29 23:17:42.979  INFO 6224 --- [l-13-thread-186] tourGuide.service.RewardsService         : ** Processing to get reward points
2021-11-29 23:17:42.986  INFO 6224 --- [l-13-thread-139] tourGuide.service.RewardsService         : ** Processing to get reward points
2021-11-29 23:17:42.987  INFO 6224 --- [l-13-thread-180] tourGuide.service.RewardsService         : ** Processing to get reward points
2021-11-29 23:17:42.988  INFO 6224 --- [ol-13-thread-44] tourGuide.service.RewardsService         : ** Processing to get reward points
2021-11-29 23:17:42.990  INFO 6224 --- [l-13-thread-162] tourGuide.service.RewardsService         : ** Processing to get reward points
2021-11-29 23:17:42.994  INFO 6224 --- [l-13-thread-140] tourGuide.service.RewardsService         : ** Processing to get reward points
2021-11-29 23:17:42.997  INFO 6224 --- [l-13-thread-170] tourGuide.service.RewardsService         : ** Processing to get reward points
2021-11-29 23:17:42.998  INFO 6224 --- [l-13-thread-157] tourGuide.service.RewardsService         : ** Processing to get reward points
2021-11-29 23:17:42.999  INFO 6224 --- [l-13-thread-104] tourGuide.service.RewardsService         : ** Processing to get reward points
2021-11-29 23:17:43.001  INFO 6224 --- [l-13-thread-108] tourGuide.service.RewardsService         : ** Processing to get reward points
2021-11-29 23:17:43.002  INFO 6224 --- [ol-13-thread-36] tourGuide.service.RewardsService         : ** Processing to get reward points
2021-11-29 23:17:43.008  INFO 6224 --- [ol-13-thread-54] tourGuide.service.RewardsService         : ** Processing to get reward points
2021-11-29 23:17:43.011  INFO 6224 --- [l-13-thread-108] tourGuide.service.RewardsService         : ** Processing to get reward points
2021-11-29 23:17:43.011  INFO 6224 --- [l-13-thread-119] tourGuide.service.RewardsService         : ** Processing to get reward points
2021-11-29 23:17:43.015  INFO 6224 --- [ol-13-thread-67] tourGuide.service.RewardsService         : ** Processing to get reward points
2021-11-29 23:17:43.019  INFO 6224 --- [ol-13-thread-53] tourGuide.service.RewardsService         : ** Processing to get reward points
2021-11-29 23:17:43.023  INFO 6224 --- [ol-13-thread-84] tourGuide.service.RewardsService         : ** Processing to get reward points
2021-11-29 23:17:43.026  INFO 6224 --- [ol-13-thread-90] tourGuide.service.RewardsService         : ** Processing to get reward points
2021-11-29 23:17:43.031  INFO 6224 --- [ol-13-thread-18] tourGuide.service.RewardsService         : ** Processing to get reward points
2021-11-29 23:17:43.034  INFO 6224 --- [l-13-thread-107] tourGuide.service.RewardsService         : ** Processing to get reward points
2021-11-29 23:17:43.042  INFO 6224 --- [ol-13-thread-52] tourGuide.service.RewardsService         : ** Processing to get reward points
2021-11-29 23:17:43.042  INFO 6224 --- [l-13-thread-113] tourGuide.service.RewardsService         : ** Processing to get reward points
2021-11-29 23:17:43.043  INFO 6224 --- [ol-13-thread-97] tourGuide.service.RewardsService         : ** Processing to get reward points
2021-11-29 23:17:43.046  INFO 6224 --- [l-13-thread-150] tourGuide.service.RewardsService         : ** Processing to get reward points
2021-11-29 23:17:43.048  INFO 6224 --- [l-13-thread-100] tourGuide.service.RewardsService         : ** Processing to get reward points
2021-11-29 23:17:43.048  INFO 6224 --- [ol-13-thread-74] tourGuide.service.RewardsService         : ** Processing to get reward points
2021-11-29 23:17:43.057  INFO 6224 --- [ol-13-thread-57] tourGuide.service.RewardsService         : ** Processing to get reward points
2021-11-29 23:17:43.063  INFO 6224 --- [l-13-thread-158] tourGuide.service.RewardsService         : ** Processing to get reward points
2021-11-29 23:17:43.064  INFO 6224 --- [ol-13-thread-99] tourGuide.service.RewardsService         : ** Processing to get reward points
2021-11-29 23:17:43.067  INFO 6224 --- [l-13-thread-169] tourGuide.service.RewardsService         : ** Processing to get reward points
2021-11-29 23:17:43.070  INFO 6224 --- [l-13-thread-196] tourGuide.service.RewardsService         : ** Processing to get reward points
2021-11-29 23:17:43.070  INFO 6224 --- [ol-13-thread-32] tourGuide.service.RewardsService         : ** Processing to get reward points
2021-11-29 23:17:43.073  INFO 6224 --- [l-13-thread-111] tourGuide.service.RewardsService         : ** Processing to get reward points
2021-11-29 23:17:43.079  INFO 6224 --- [ol-13-thread-77] tourGuide.service.RewardsService         : ** Processing to get reward points
2021-11-29 23:17:43.079  INFO 6224 --- [ol-13-thread-86] tourGuide.service.RewardsService         : ** Processing to get reward points
2021-11-29 23:17:43.082  INFO 6224 --- [ol-13-thread-31] tourGuide.service.RewardsService         : ** Processing to get reward points
2021-11-29 23:17:43.082  INFO 6224 --- [l-13-thread-155] tourGuide.service.RewardsService         : ** Processing to get reward points
2021-11-29 23:17:43.082  INFO 6224 --- [ol-13-thread-50] tourGuide.service.RewardsService         : ** Processing to get reward points
2021-11-29 23:17:43.082  INFO 6224 --- [ool-13-thread-3] tourGuide.service.RewardsService         : ** Processing to get reward points
2021-11-29 23:17:43.088  INFO 6224 --- [l-13-thread-134] tourGuide.service.RewardsService         : ** Processing to get reward points
2021-11-29 23:17:43.090  INFO 6224 --- [l-13-thread-109] tourGuide.service.RewardsService         : ** Processing to get reward points
2021-11-29 23:17:43.097  INFO 6224 --- [ol-13-thread-47] tourGuide.service.RewardsService         : ** Processing to get reward points
2021-11-29 23:17:43.103  INFO 6224 --- [l-13-thread-143] tourGuide.service.RewardsService         : ** Processing to get reward points
2021-11-29 23:17:43.103  INFO 6224 --- [l-13-thread-199] tourGuide.service.RewardsService         : ** Processing to get reward points
2021-11-29 23:17:43.106  INFO 6224 --- [ol-13-thread-21] tourGuide.service.RewardsService         : ** Processing to get reward points
2021-11-29 23:17:43.109  INFO 6224 --- [l-13-thread-136] tourGuide.service.RewardsService         : ** Processing to get reward points
2021-11-29 23:17:43.109  INFO 6224 --- [l-13-thread-165] tourGuide.service.RewardsService         : ** Processing to get reward points
2021-11-29 23:17:43.109  INFO 6224 --- [ol-13-thread-40] tourGuide.service.RewardsService         : ** Processing to get reward points
2021-11-29 23:17:43.112  INFO 6224 --- [l-13-thread-152] tourGuide.service.RewardsService         : ** Processing to get reward points
2021-11-29 23:17:43.114  INFO 6224 --- [ol-13-thread-98] tourGuide.service.RewardsService         : ** Processing to get reward points
2021-11-29 23:17:43.118  INFO 6224 --- [ol-13-thread-24] tourGuide.service.RewardsService         : ** Processing to get reward points
2021-11-29 23:17:43.123  INFO 6224 --- [l-13-thread-142] tourGuide.service.RewardsService         : ** Processing to get reward points
2021-11-29 23:17:43.132  INFO 6224 --- [l-13-thread-188] tourGuide.service.RewardsService         : ** Processing to get reward points
2021-11-29 23:17:43.136  INFO 6224 --- [ol-13-thread-29] tourGuide.service.RewardsService         : ** Processing to get reward points
2021-11-29 23:17:43.148  INFO 6224 --- [l-13-thread-199] tourGuide.service.RewardsService         : ** Processing to get reward points
2021-11-29 23:17:43.149  INFO 6224 --- [l-13-thread-156] tourGuide.service.RewardsService         : ** Processing to get reward points
2021-11-29 23:17:43.149  INFO 6224 --- [l-13-thread-190] tourGuide.service.RewardsService         : ** Processing to get reward points
2021-11-29 23:17:43.149  INFO 6224 --- [ol-13-thread-69] tourGuide.service.RewardsService         : ** Processing to get reward points
2021-11-29 23:17:43.151  INFO 6224 --- [ol-13-thread-25] tourGuide.service.RewardsService         : ** Processing to get reward points
2021-11-29 23:17:43.153  INFO 6224 --- [l-13-thread-123] tourGuide.service.RewardsService         : ** Processing to get reward points
2021-11-29 23:17:43.154  INFO 6224 --- [l-13-thread-135] tourGuide.service.RewardsService         : ** Processing to get reward points
2021-11-29 23:17:43.156  INFO 6224 --- [l-13-thread-130] tourGuide.service.RewardsService         : ** Processing to get reward points
2021-11-29 23:17:43.158  INFO 6224 --- [l-13-thread-120] tourGuide.service.RewardsService         : ** Processing to get reward points
2021-11-29 23:17:43.165  INFO 6224 --- [ol-13-thread-78] tourGuide.service.RewardsService         : ** Processing to get reward points
2021-11-29 23:17:43.166  INFO 6224 --- [ool-13-thread-2] tourGuide.service.RewardsService         : ** Processing to get reward points
2021-11-29 23:17:43.169  INFO 6224 --- [ol-13-thread-38] tourGuide.service.RewardsService         : ** Processing to get reward points
2021-11-29 23:17:43.173  INFO 6224 --- [l-13-thread-129] tourGuide.service.RewardsService         : ** Processing to get reward points
2021-11-29 23:17:43.175  INFO 6224 --- [ol-13-thread-33] tourGuide.service.RewardsService         : ** Processing to get reward points
2021-11-29 23:17:43.184  INFO 6224 --- [ol-13-thread-91] tourGuide.service.RewardsService         : ** Processing to get reward points
2021-11-29 23:17:43.186  INFO 6224 --- [l-13-thread-133] tourGuide.service.RewardsService         : ** Processing to get reward points
2021-11-29 23:17:43.191  INFO 6224 --- [ol-13-thread-19] tourGuide.service.RewardsService         : ** Processing to get reward points
2021-11-29 23:17:43.191  INFO 6224 --- [ol-13-thread-79] tourGuide.service.RewardsService         : ** Processing to get reward points
2021-11-29 23:17:43.191  INFO 6224 --- [ol-13-thread-35] tourGuide.service.RewardsService         : ** Processing to get reward points
2021-11-29 23:17:43.193  INFO 6224 --- [l-13-thread-131] tourGuide.service.RewardsService         : ** Processing to get reward points
2021-11-29 23:17:43.193  INFO 6224 --- [l-13-thread-150] tourGuide.service.RewardsService         : ** Processing to get reward points
2021-11-29 23:17:43.193  INFO 6224 --- [l-13-thread-178] tourGuide.service.RewardsService         : ** Processing to get reward points
2021-11-29 23:17:43.197  INFO 6224 --- [ol-13-thread-80] tourGuide.service.RewardsService         : ** Processing to get reward points
2021-11-29 23:17:43.199  INFO 6224 --- [l-13-thread-107] tourGuide.service.RewardsService         : ** Processing to get reward points
2021-11-29 23:17:43.200  INFO 6224 --- [ol-13-thread-15] tourGuide.service.RewardsService         : ** Processing to get reward points
2021-11-29 23:17:43.202  INFO 6224 --- [ol-13-thread-25] tourGuide.service.RewardsService         : ** Processing to get reward points
2021-11-29 23:17:43.205  INFO 6224 --- [ool-13-thread-5] tourGuide.service.RewardsService         : ** Processing to get reward points
2021-11-29 23:17:43.207  INFO 6224 --- [ool-13-thread-1] tourGuide.service.RewardsService         : ** Processing to get reward points
2021-11-29 23:17:43.208  INFO 6224 --- [ol-13-thread-67] tourGuide.service.RewardsService         : ** Processing to get reward points
2021-11-29 23:17:43.208  INFO 6224 --- [ol-13-thread-88] tourGuide.service.RewardsService         : ** Processing to get reward points
2021-11-29 23:17:43.209  INFO 6224 --- [l-13-thread-144] tourGuide.service.RewardsService         : ** Processing to get reward points
2021-11-29 23:17:43.211  INFO 6224 --- [l-13-thread-139] tourGuide.service.RewardsService         : ** Processing to get reward points
2021-11-29 23:17:43.211  INFO 6224 --- [ol-13-thread-39] tourGuide.service.RewardsService         : ** Processing to get reward points
2021-11-29 23:17:43.219  INFO 6224 --- [l-13-thread-127] tourGuide.service.RewardsService         : ** Processing to get reward points
2021-11-29 23:17:43.220  INFO 6224 --- [ol-13-thread-21] tourGuide.service.RewardsService         : ** Processing to get reward points
2021-11-29 23:17:43.229  INFO 6224 --- [l-13-thread-183] tourGuide.service.RewardsService         : ** Processing to get reward points
2021-11-29 23:17:43.233  INFO 6224 --- [ol-13-thread-45] tourGuide.service.RewardsService         : ** Processing to get reward points
2021-11-29 23:17:43.237  INFO 6224 --- [l-13-thread-121] tourGuide.service.RewardsService         : ** Processing to get reward points
2021-11-29 23:17:43.239  INFO 6224 --- [ol-13-thread-10] tourGuide.service.RewardsService         : ** Processing to get reward points
2021-11-29 23:17:43.241  INFO 6224 --- [l-13-thread-101] tourGuide.service.RewardsService         : ** Processing to get reward points
2021-11-29 23:17:43.243  INFO 6224 --- [l-13-thread-187] tourGuide.service.RewardsService         : ** Processing to get reward points
2021-11-29 23:17:43.244  INFO 6224 --- [l-13-thread-196] tourGuide.service.RewardsService         : ** Processing to get reward points
2021-11-29 23:17:43.253  INFO 6224 --- [l-13-thread-169] tourGuide.service.RewardsService         : ** Processing to get reward points
2021-11-29 23:17:43.254  INFO 6224 --- [ol-13-thread-41] tourGuide.service.RewardsService         : ** Processing to get reward points
2021-11-29 23:17:43.256  INFO 6224 --- [ol-13-thread-39] tourGuide.service.RewardsService         : ** Processing to get reward points
2021-11-29 23:17:43.259  INFO 6224 --- [ol-13-thread-23] tourGuide.service.RewardsService         : ** Processing to get reward points
2021-11-29 23:17:43.259  INFO 6224 --- [l-13-thread-195] tourGuide.service.RewardsService         : ** Processing to get reward points
2021-11-29 23:17:43.260  INFO 6224 --- [l-13-thread-146] tourGuide.service.RewardsService         : ** Processing to get reward points
2021-11-29 23:17:43.267  INFO 6224 --- [ol-13-thread-56] tourGuide.service.RewardsService         : ** Processing to get reward points
2021-11-29 23:17:43.270  INFO 6224 --- [l-13-thread-102] tourGuide.service.RewardsService         : ** Processing to get reward points
2021-11-29 23:17:43.272  INFO 6224 --- [l-13-thread-141] tourGuide.service.RewardsService         : ** Processing to get reward points
2021-11-29 23:17:43.274  INFO 6224 --- [l-13-thread-144] tourGuide.service.RewardsService         : ** Processing to get reward points
2021-11-29 23:17:43.274  INFO 6224 --- [l-13-thread-105] tourGuide.service.RewardsService         : ** Processing to get reward points
2021-11-29 23:17:43.275  INFO 6224 --- [l-13-thread-134] tourGuide.service.RewardsService         : ** Processing to get reward points
2021-11-29 23:17:43.275  INFO 6224 --- [ol-13-thread-60] tourGuide.service.RewardsService         : ** Processing to get reward points
2021-11-29 23:17:43.277  INFO 6224 --- [ol-13-thread-11] tourGuide.service.RewardsService         : ** Processing to get reward points
2021-11-29 23:17:43.278  INFO 6224 --- [ol-13-thread-71] tourGuide.service.RewardsService         : ** Processing to get reward points
2021-11-29 23:17:43.282  INFO 6224 --- [ol-13-thread-53] tourGuide.service.RewardsService         : ** Processing to get reward points
2021-11-29 23:17:43.282  INFO 6224 --- [ol-13-thread-42] tourGuide.service.RewardsService         : ** Processing to get reward points
2021-11-29 23:17:43.286  INFO 6224 --- [l-13-thread-198] tourGuide.service.RewardsService         : ** Processing to get reward points
2021-11-29 23:17:43.289  INFO 6224 --- [ol-13-thread-58] tourGuide.service.RewardsService         : ** Processing to get reward points
2021-11-29 23:17:43.293  INFO 6224 --- [ol-13-thread-55] tourGuide.service.RewardsService         : ** Processing to get reward points
2021-11-29 23:17:43.293  INFO 6224 --- [l-13-thread-177] tourGuide.service.RewardsService         : ** Processing to get reward points
2021-11-29 23:17:43.296  INFO 6224 --- [ol-13-thread-61] tourGuide.service.RewardsService         : ** Processing to get reward points
2021-11-29 23:17:43.302  INFO 6224 --- [ool-13-thread-6] tourGuide.service.RewardsService         : ** Processing to get reward points
2021-11-29 23:17:43.303  INFO 6224 --- [l-13-thread-135] tourGuide.service.RewardsService         : ** Processing to get reward points
2021-11-29 23:17:43.314  INFO 6224 --- [ol-13-thread-13] tourGuide.service.RewardsService         : ** Processing to get reward points
2021-11-29 23:17:43.314  INFO 6224 --- [ol-13-thread-14] tourGuide.service.RewardsService         : ** Processing to get reward points
2021-11-29 23:17:43.315  INFO 6224 --- [ol-13-thread-46] tourGuide.service.RewardsService         : ** Processing to get reward points
2021-11-29 23:17:43.319  INFO 6224 --- [l-13-thread-172] tourGuide.service.RewardsService         : ** Processing to get reward points
2021-11-29 23:17:43.319  INFO 6224 --- [l-13-thread-108] tourGuide.service.RewardsService         : ** Processing to get reward points
2021-11-29 23:17:43.320  INFO 6224 --- [ol-13-thread-92] tourGuide.service.RewardsService         : ** Processing to get reward points
2021-11-29 23:17:43.326  INFO 6224 --- [ol-13-thread-43] tourGuide.service.RewardsService         : ** Processing to get reward points
2021-11-29 23:17:43.326  INFO 6224 --- [l-13-thread-101] tourGuide.service.RewardsService         : ** Processing to get reward points
2021-11-29 23:17:43.328  INFO 6224 --- [ol-13-thread-13] tourGuide.service.RewardsService         : ** Processing to get reward points
2021-11-29 23:17:43.329  INFO 6224 --- [l-13-thread-169] tourGuide.service.RewardsService         : ** Processing to get reward points
2021-11-29 23:17:43.331  INFO 6224 --- [l-13-thread-173] tourGuide.service.RewardsService         : ** Processing to get reward points
2021-11-29 23:17:43.334  INFO 6224 --- [l-13-thread-134] tourGuide.service.RewardsService         : ** Processing to get reward points
2021-11-29 23:17:43.337  INFO 6224 --- [l-13-thread-122] tourGuide.service.RewardsService         : ** Processing to get reward points
2021-11-29 23:17:43.339  INFO 6224 --- [l-13-thread-194] tourGuide.service.RewardsService         : ** Processing to get reward points
2021-11-29 23:17:43.340  INFO 6224 --- [ol-13-thread-63] tourGuide.service.RewardsService         : ** Processing to get reward points
2021-11-29 23:17:43.343  INFO 6224 --- [ol-13-thread-72] tourGuide.service.RewardsService         : ** Processing to get reward points
2021-11-29 23:17:43.348  INFO 6224 --- [l-13-thread-146] tourGuide.service.RewardsService         : ** Processing to get reward points
2021-11-29 23:17:43.348  INFO 6224 --- [l-13-thread-174] tourGuide.service.RewardsService         : ** Processing to get reward points
2021-11-29 23:17:43.352  INFO 6224 --- [ol-13-thread-52] tourGuide.service.RewardsService         : ** Processing to get reward points
2021-11-29 23:17:43.353  INFO 6224 --- [ol-13-thread-24] tourGuide.service.RewardsService         : ** Processing to get reward points
2021-11-29 23:17:43.354  INFO 6224 --- [ol-13-thread-96] tourGuide.service.RewardsService         : ** Processing to get reward points
2021-11-29 23:17:43.359  INFO 6224 --- [l-13-thread-170] tourGuide.service.RewardsService         : ** Processing to get reward points
2021-11-29 23:17:43.359  INFO 6224 --- [l-13-thread-192] tourGuide.service.RewardsService         : ** Processing to get reward points
2021-11-29 23:17:43.361  INFO 6224 --- [ol-13-thread-38] tourGuide.service.RewardsService         : ** Processing to get reward points
2021-11-29 23:17:43.362  INFO 6224 --- [ol-13-thread-36] tourGuide.service.RewardsService         : ** Processing to get reward points
2021-11-29 23:17:43.364  INFO 6224 --- [ool-13-thread-7] tourGuide.service.RewardsService         : ** Processing to get reward points
2021-11-29 23:17:43.364  INFO 6224 --- [l-13-thread-188] tourGuide.service.RewardsService         : ** Processing to get reward points
2021-11-29 23:17:43.371  INFO 6224 --- [l-13-thread-176] tourGuide.service.RewardsService         : ** Processing to get reward points
2021-11-29 23:17:43.371  INFO 6224 --- [l-13-thread-136] tourGuide.service.RewardsService         : ** Processing to get reward points
2021-11-29 23:17:43.371  INFO 6224 --- [ol-13-thread-30] tourGuide.service.RewardsService         : ** Processing to get reward points
2021-11-29 23:17:43.382  INFO 6224 --- [l-13-thread-182] tourGuide.service.RewardsService         : ** Processing to get reward points
2021-11-29 23:17:43.382  INFO 6224 --- [l-13-thread-195] tourGuide.service.RewardsService         : ** Processing to get reward points
2021-11-29 23:17:43.388  INFO 6224 --- [ol-13-thread-62] tourGuide.service.RewardsService         : ** Processing to get reward points
2021-11-29 23:17:43.392  INFO 6224 --- [ol-13-thread-70] tourGuide.service.RewardsService         : ** Processing to get reward points
2021-11-29 23:17:43.397  INFO 6224 --- [l-13-thread-118] tourGuide.service.RewardsService         : ** Processing to get reward points
2021-11-29 23:17:43.406  INFO 6224 --- [ol-13-thread-87] tourGuide.service.RewardsService         : ** Processing to get reward points
2021-11-29 23:17:43.407  INFO 6224 --- [l-13-thread-191] tourGuide.service.RewardsService         : ** Processing to get reward points
2021-11-29 23:17:43.408  INFO 6224 --- [ol-13-thread-76] tourGuide.service.RewardsService         : ** Processing to get reward points
2021-11-29 23:17:43.408  INFO 6224 --- [l-13-thread-167] tourGuide.service.RewardsService         : ** Processing to get reward points
2021-11-29 23:17:43.413  INFO 6224 --- [l-13-thread-151] tourGuide.service.RewardsService         : ** Processing to get reward points
2021-11-29 23:17:43.417  INFO 6224 --- [l-13-thread-187] tourGuide.service.RewardsService         : ** Processing to get reward points
2021-11-29 23:17:43.419  INFO 6224 --- [l-13-thread-183] tourGuide.service.RewardsService         : ** Processing to get reward points
2021-11-29 23:17:43.421  INFO 6224 --- [ol-13-thread-73] tourGuide.service.RewardsService         : ** Processing to get reward points
2021-11-29 23:17:43.422  INFO 6224 --- [ol-13-thread-36] tourGuide.service.RewardsService         : ** Processing to get reward points
2021-11-29 23:17:43.424  INFO 6224 --- [l-13-thread-130] tourGuide.service.RewardsService         : ** Processing to get reward points
2021-11-29 23:17:43.425  INFO 6224 --- [ol-13-thread-38] tourGuide.service.RewardsService         : ** Processing to get reward points
2021-11-29 23:17:43.425  INFO 6224 --- [ol-13-thread-73] tourGuide.service.RewardsService         : ** Processing to get reward points
2021-11-29 23:17:43.431  INFO 6224 --- [l-13-thread-164] tourGuide.service.RewardsService         : ** Processing to get reward points
2021-11-29 23:17:43.435  INFO 6224 --- [ol-13-thread-81] tourGuide.service.RewardsService         : ** Processing to get reward points
2021-11-29 23:17:43.436  INFO 6224 --- [l-13-thread-171] tourGuide.service.RewardsService         : ** Processing to get reward points
2021-11-29 23:17:43.436  INFO 6224 --- [l-13-thread-100] tourGuide.service.RewardsService         : ** Processing to get reward points
2021-11-29 23:17:43.443  INFO 6224 --- [ol-13-thread-33] tourGuide.service.RewardsService         : ** Processing to get reward points
2021-11-29 23:17:43.443  INFO 6224 --- [l-13-thread-135] tourGuide.service.RewardsService         : ** Processing to get reward points
2021-11-29 23:17:43.446  INFO 6224 --- [l-13-thread-193] tourGuide.service.RewardsService         : ** Processing to get reward points
2021-11-29 23:17:43.452  INFO 6224 --- [ol-13-thread-27] tourGuide.service.RewardsService         : ** Processing to get reward points
2021-11-29 23:17:43.454  INFO 6224 --- [ol-13-thread-65] tourGuide.service.RewardsService         : ** Processing to get reward points
2021-11-29 23:17:43.454  INFO 6224 --- [l-13-thread-168] tourGuide.service.RewardsService         : ** Processing to get reward points
2021-11-29 23:17:43.456  INFO 6224 --- [l-13-thread-142] tourGuide.service.RewardsService         : ** Processing to get reward points
2021-11-29 23:17:43.464  INFO 6224 --- [l-13-thread-110] tourGuide.service.RewardsService         : ** Processing to get reward points
2021-11-29 23:17:43.464  INFO 6224 --- [l-13-thread-125] tourGuide.service.RewardsService         : ** Processing to get reward points
2021-11-29 23:17:43.464  INFO 6224 --- [l-13-thread-195] tourGuide.service.RewardsService         : ** Processing to get reward points
2021-11-29 23:17:43.468  INFO 6224 --- [ool-13-thread-6] tourGuide.service.RewardsService         : ** Processing to get reward points
2021-11-29 23:17:43.469  INFO 6224 --- [l-13-thread-148] tourGuide.service.RewardsService         : ** Processing to get reward points
2021-11-29 23:17:43.470  INFO 6224 --- [ool-13-thread-9] tourGuide.service.RewardsService         : ** Processing to get reward points
2021-11-29 23:17:43.471  INFO 6224 --- [ol-13-thread-66] tourGuide.service.RewardsService         : ** Processing to get reward points
2021-11-29 23:17:43.471  INFO 6224 --- [ol-13-thread-29] tourGuide.service.RewardsService         : ** Processing to get reward points
2021-11-29 23:17:43.473  INFO 6224 --- [l-13-thread-161] tourGuide.service.RewardsService         : ** Processing to get reward points
2021-11-29 23:17:43.478  INFO 6224 --- [l-13-thread-153] tourGuide.service.RewardsService         : ** Processing to get reward points
2021-11-29 23:17:43.478  INFO 6224 --- [l-13-thread-157] tourGuide.service.RewardsService         : ** Processing to get reward points
2021-11-29 23:17:43.479  INFO 6224 --- [l-13-thread-173] tourGuide.service.RewardsService         : ** Processing to get reward points
2021-11-29 23:17:43.487  INFO 6224 --- [ol-13-thread-34] tourGuide.service.RewardsService         : ** Processing to get reward points
2021-11-29 23:17:43.490  INFO 6224 --- [ol-13-thread-40] tourGuide.service.RewardsService         : ** Processing to get reward points
2021-11-29 23:17:43.491  INFO 6224 --- [ol-13-thread-94] tourGuide.service.RewardsService         : ** Processing to get reward points
2021-11-29 23:17:43.496  INFO 6224 --- [ol-13-thread-31] tourGuide.service.RewardsService         : ** Processing to get reward points
2021-11-29 23:17:43.496  INFO 6224 --- [ool-13-thread-8] tourGuide.service.RewardsService         : ** Processing to get reward points
2021-11-29 23:17:43.498  INFO 6224 --- [ol-13-thread-95] tourGuide.service.RewardsService         : ** Processing to get reward points
2021-11-29 23:17:43.498  INFO 6224 --- [ool-13-thread-4] tourGuide.service.RewardsService         : ** Processing to get reward points
2021-11-29 23:17:43.503  INFO 6224 --- [l-13-thread-154] tourGuide.service.RewardsService         : ** Processing to get reward points
2021-11-29 23:17:43.505  INFO 6224 --- [l-13-thread-177] tourGuide.service.RewardsService         : ** Processing to get reward points
2021-11-29 23:17:43.505  INFO 6224 --- [l-13-thread-195] tourGuide.service.RewardsService         : ** Processing to get reward points
2021-11-29 23:17:43.510  INFO 6224 --- [ol-13-thread-71] tourGuide.service.RewardsService         : ** Processing to get reward points
2021-11-29 23:17:43.511  INFO 6224 --- [ol-13-thread-21] tourGuide.service.RewardsService         : ** Processing to get reward points
2021-11-29 23:17:43.512  INFO 6224 --- [ol-13-thread-54] tourGuide.service.RewardsService         : ** Processing to get reward points
2021-11-29 23:17:43.512  INFO 6224 --- [l-13-thread-160] tourGuide.service.RewardsService         : ** Processing to get reward points
2021-11-29 23:17:43.513  INFO 6224 --- [l-13-thread-180] tourGuide.service.RewardsService         : ** Processing to get reward points
2021-11-29 23:17:43.515  INFO 6224 --- [ol-13-thread-53] tourGuide.service.RewardsService         : ** Processing to get reward points
2021-11-29 23:17:43.515  INFO 6224 --- [l-13-thread-160] tourGuide.service.RewardsService         : ** Processing to get reward points
2021-11-29 23:17:43.515  INFO 6224 --- [ol-13-thread-74] tourGuide.service.RewardsService         : ** Processing to get reward points
2021-11-29 23:17:43.515  INFO 6224 --- [ol-13-thread-75] tourGuide.service.RewardsService         : ** Processing to get reward points
2021-11-29 23:17:43.516  INFO 6224 --- [ol-13-thread-67] tourGuide.service.RewardsService         : ** Processing to get reward points
2021-11-29 23:17:43.517  INFO 6224 --- [l-13-thread-157] tourGuide.service.RewardsService         : ** Processing to get reward points
2021-11-29 23:17:43.521  INFO 6224 --- [ool-13-thread-2] tourGuide.service.RewardsService         : ** Processing to get reward points
2021-11-29 23:17:43.522  INFO 6224 --- [l-13-thread-124] tourGuide.service.RewardsService         : ** Processing to get reward points
2021-11-29 23:17:43.523  INFO 6224 --- [ol-13-thread-44] tourGuide.service.RewardsService         : ** Processing to get reward points
2021-11-29 23:17:43.524  INFO 6224 --- [ol-13-thread-48] tourGuide.service.RewardsService         : ** Processing to get reward points
2021-11-29 23:17:43.525  INFO 6224 --- [l-13-thread-145] tourGuide.service.RewardsService         : ** Processing to get reward points
2021-11-29 23:17:43.526  INFO 6224 --- [ol-13-thread-26] tourGuide.service.RewardsService         : ** Processing to get reward points
2021-11-29 23:17:43.528  INFO 6224 --- [l-13-thread-197] tourGuide.service.RewardsService         : ** Processing to get reward points
2021-11-29 23:17:43.532  INFO 6224 --- [l-13-thread-179] tourGuide.service.RewardsService         : ** Processing to get reward points
2021-11-29 23:17:43.543  INFO 6224 --- [ol-13-thread-65] tourGuide.service.RewardsService         : ** Processing to get reward points
2021-11-29 23:17:43.544  INFO 6224 --- [l-13-thread-200] tourGuide.service.RewardsService         : ** Processing to get reward points
2021-11-29 23:17:43.546  INFO 6224 --- [ol-13-thread-79] tourGuide.service.RewardsService         : ** Processing to get reward points
2021-11-29 23:17:43.546  INFO 6224 --- [l-13-thread-189] tourGuide.service.RewardsService         : ** Processing to get reward points
2021-11-29 23:17:43.547  INFO 6224 --- [ol-13-thread-53] tourGuide.service.RewardsService         : ** Processing to get reward points
2021-11-29 23:17:43.552  INFO 6224 --- [l-13-thread-100] tourGuide.service.RewardsService         : ** Processing to get reward points
2021-11-29 23:17:43.553  INFO 6224 --- [ol-13-thread-94] tourGuide.service.RewardsService         : ** Processing to get reward points
2021-11-29 23:17:43.558  INFO 6224 --- [l-13-thread-159] tourGuide.service.RewardsService         : ** Processing to get reward points
2021-11-29 23:17:43.558  INFO 6224 --- [l-13-thread-128] tourGuide.service.RewardsService         : ** Processing to get reward points
2021-11-29 23:17:43.561  INFO 6224 --- [l-13-thread-132] tourGuide.service.RewardsService         : ** Processing to get reward points
2021-11-29 23:17:43.563  INFO 6224 --- [ol-13-thread-30] tourGuide.service.RewardsService         : ** Processing to get reward points
2021-11-29 23:17:43.564  INFO 6224 --- [ol-13-thread-58] tourGuide.service.RewardsService         : ** Processing to get reward points
2021-11-29 23:17:43.565  INFO 6224 --- [l-13-thread-175] tourGuide.service.RewardsService         : ** Processing to get reward points
2021-11-29 23:17:43.566  INFO 6224 --- [ol-13-thread-37] tourGuide.service.RewardsService         : ** Processing to get reward points
2021-11-29 23:17:43.567  INFO 6224 --- [l-13-thread-186] tourGuide.service.RewardsService         : ** Processing to get reward points
2021-11-29 23:17:43.569  INFO 6224 --- [l-13-thread-100] tourGuide.service.RewardsService         : ** Processing to get reward points
2021-11-29 23:17:43.571  INFO 6224 --- [l-13-thread-150] tourGuide.service.RewardsService         : ** Processing to get reward points
2021-11-29 23:17:43.573  INFO 6224 --- [ol-13-thread-89] tourGuide.service.RewardsService         : ** Processing to get reward points
2021-11-29 23:17:43.576  INFO 6224 --- [ool-13-thread-1] tourGuide.service.RewardsService         : ** Processing to get reward points
2021-11-29 23:17:43.580  INFO 6224 --- [ol-13-thread-26] tourGuide.service.RewardsService         : ** Processing to get reward points
2021-11-29 23:17:43.582  INFO 6224 --- [ol-13-thread-64] tourGuide.service.RewardsService         : ** Processing to get reward points
2021-11-29 23:17:43.582  INFO 6224 --- [l-13-thread-168] tourGuide.service.RewardsService         : ** Processing to get reward points
2021-11-29 23:17:43.583  INFO 6224 --- [ol-13-thread-83] tourGuide.service.RewardsService         : ** Processing to get reward points
2021-11-29 23:17:43.584  INFO 6224 --- [l-13-thread-104] tourGuide.service.RewardsService         : ** Processing to get reward points
2021-11-29 23:17:43.584  INFO 6224 --- [ool-13-thread-4] tourGuide.service.RewardsService         : ** Processing to get reward points
2021-11-29 23:17:43.586  INFO 6224 --- [ol-13-thread-85] tourGuide.service.RewardsService         : ** Processing to get reward points
2021-11-29 23:17:43.594  INFO 6224 --- [l-13-thread-184] tourGuide.service.RewardsService         : ** Processing to get reward points
2021-11-29 23:17:43.595  INFO 6224 --- [ol-13-thread-24] tourGuide.service.RewardsService         : ** Processing to get reward points
2021-11-29 23:17:43.596  INFO 6224 --- [l-13-thread-133] tourGuide.service.RewardsService         : ** Processing to get reward points
2021-11-29 23:17:43.596  INFO 6224 --- [l-13-thread-112] tourGuide.service.RewardsService         : ** Processing to get reward points
2021-11-29 23:17:43.597  INFO 6224 --- [ol-13-thread-39] tourGuide.service.RewardsService         : ** Processing to get reward points
2021-11-29 23:17:43.598  INFO 6224 --- [l-13-thread-137] tourGuide.service.RewardsService         : ** Processing to get reward points
2021-11-29 23:17:43.601  INFO 6224 --- [ol-13-thread-66] tourGuide.service.RewardsService         : ** Processing to get reward points
2021-11-29 23:17:43.609  INFO 6224 --- [l-13-thread-117] tourGuide.service.RewardsService         : ** Processing to get reward points
2021-11-29 23:17:43.614  INFO 6224 --- [l-13-thread-120] tourGuide.service.RewardsService         : ** Processing to get reward points
2021-11-29 23:17:43.614  INFO 6224 --- [l-13-thread-149] tourGuide.service.RewardsService         : ** Processing to get reward points
2021-11-29 23:17:43.615  INFO 6224 --- [l-13-thread-166] tourGuide.service.RewardsService         : ** Processing to get reward points
2021-11-29 23:17:43.618  INFO 6224 --- [ol-13-thread-49] tourGuide.service.RewardsService         : ** Processing to get reward points
2021-11-29 23:17:43.619  INFO 6224 --- [ol-13-thread-18] tourGuide.service.RewardsService         : ** Processing to get reward points
2021-11-29 23:17:43.622  INFO 6224 --- [ol-13-thread-55] tourGuide.service.RewardsService         : ** Processing to get reward points
2021-11-29 23:17:43.623  INFO 6224 --- [l-13-thread-136] tourGuide.service.RewardsService         : ** Processing to get reward points
2021-11-29 23:17:43.624  INFO 6224 --- [ol-13-thread-19] tourGuide.service.RewardsService         : ** Processing to get reward points
2021-11-29 23:17:43.631  INFO 6224 --- [l-13-thread-193] tourGuide.service.RewardsService         : ** Processing to get reward points
2021-11-29 23:17:43.636  INFO 6224 --- [ol-13-thread-21] tourGuide.service.RewardsService         : ** Processing to get reward points
2021-11-29 23:17:43.636  INFO 6224 --- [ol-13-thread-79] tourGuide.service.RewardsService         : ** Processing to get reward points
2021-11-29 23:17:43.640  INFO 6224 --- [ol-13-thread-87] tourGuide.service.RewardsService         : ** Processing to get reward points
2021-11-29 23:17:43.640  INFO 6224 --- [l-13-thread-115] tourGuide.service.RewardsService         : ** Processing to get reward points
2021-11-29 23:17:43.641  INFO 6224 --- [l-13-thread-144] tourGuide.service.RewardsService         : ** Processing to get reward points
2021-11-29 23:17:43.643  INFO 6224 --- [ool-13-thread-4] tourGuide.service.RewardsService         : ** Processing to get reward points
2021-11-29 23:17:43.652  INFO 6224 --- [ol-13-thread-68] tourGuide.service.RewardsService         : ** Processing to get reward points
2021-11-29 23:17:43.652  INFO 6224 --- [l-13-thread-111] tourGuide.service.RewardsService         : ** Processing to get reward points
2021-11-29 23:17:43.655  INFO 6224 --- [ol-13-thread-99] tourGuide.service.RewardsService         : ** Processing to get reward points
2021-11-29 23:17:43.656  INFO 6224 --- [ool-13-thread-6] tourGuide.service.RewardsService         : ** Processing to get reward points
2021-11-29 23:17:43.662  INFO 6224 --- [ol-13-thread-82] tourGuide.service.RewardsService         : ** Processing to get reward points
2021-11-29 23:17:43.662  INFO 6224 --- [ol-13-thread-16] tourGuide.service.RewardsService         : ** Processing to get reward points
2021-11-29 23:17:43.663  INFO 6224 --- [ol-13-thread-28] tourGuide.service.RewardsService         : ** Processing to get reward points
2021-11-29 23:17:43.667  INFO 6224 --- [ol-13-thread-45] tourGuide.service.RewardsService         : ** Processing to get reward points
2021-11-29 23:17:43.667  INFO 6224 --- [ol-13-thread-66] tourGuide.service.RewardsService         : ** Processing to get reward points
2021-11-29 23:17:43.670  INFO 6224 --- [ol-13-thread-44] tourGuide.service.RewardsService         : ** Processing to get reward points
2021-11-29 23:17:43.671  INFO 6224 --- [ol-13-thread-10] tourGuide.service.RewardsService         : ** Processing to get reward points
2021-11-29 23:17:43.675  INFO 6224 --- [l-13-thread-119] tourGuide.service.RewardsService         : ** Processing to get reward points
2021-11-29 23:17:43.676  INFO 6224 --- [l-13-thread-171] tourGuide.service.RewardsService         : ** Processing to get reward points
2021-11-29 23:17:43.677  INFO 6224 --- [ol-13-thread-43] tourGuide.service.RewardsService         : ** Processing to get reward points
2021-11-29 23:17:43.678  INFO 6224 --- [l-13-thread-120] tourGuide.service.RewardsService         : ** Processing to get reward points
2021-11-29 23:17:43.683  INFO 6224 --- [ol-13-thread-75] tourGuide.service.RewardsService         : ** Processing to get reward points
2021-11-29 23:17:43.683  INFO 6224 --- [ol-13-thread-77] tourGuide.service.RewardsService         : ** Processing to get reward points
2021-11-29 23:17:43.686  INFO 6224 --- [l-13-thread-114] tourGuide.service.RewardsService         : ** Processing to get reward points
2021-11-29 23:17:43.687  INFO 6224 --- [l-13-thread-100] tourGuide.service.RewardsService         : ** Processing to get reward points
2021-11-29 23:17:43.690  INFO 6224 --- [ol-13-thread-12] tourGuide.service.RewardsService         : ** Processing to get reward points
2021-11-29 23:17:43.690  INFO 6224 --- [ol-13-thread-82] tourGuide.service.RewardsService         : ** Processing to get reward points
2021-11-29 23:17:43.690  INFO 6224 --- [ol-13-thread-34] tourGuide.service.RewardsService         : ** Processing to get reward points
2021-11-29 23:17:43.692  INFO 6224 --- [ool-13-thread-7] tourGuide.service.RewardsService         : ** Processing to get reward points
2021-11-29 23:17:43.692  INFO 6224 --- [ol-13-thread-85] tourGuide.service.RewardsService         : ** Processing to get reward points
2021-11-29 23:17:43.696  INFO 6224 --- [ol-13-thread-18] tourGuide.service.RewardsService         : ** Processing to get reward points
2021-11-29 23:17:43.696  INFO 6224 --- [l-13-thread-175] tourGuide.service.RewardsService         : ** Processing to get reward points
2021-11-29 23:17:43.700  INFO 6224 --- [l-13-thread-155] tourGuide.service.RewardsService         : ** Processing to get reward points
2021-11-29 23:17:43.702  INFO 6224 --- [l-13-thread-197] tourGuide.service.RewardsService         : ** Processing to get reward points
2021-11-29 23:17:43.705  INFO 6224 --- [l-13-thread-116] tourGuide.service.RewardsService         : ** Processing to get reward points
2021-11-29 23:17:43.707  INFO 6224 --- [ol-13-thread-56] tourGuide.service.RewardsService         : ** Processing to get reward points
2021-11-29 23:17:43.710  INFO 6224 --- [ol-13-thread-80] tourGuide.service.RewardsService         : ** Processing to get reward points
2021-11-29 23:17:43.710  INFO 6224 --- [ol-13-thread-98] tourGuide.service.RewardsService         : ** Processing to get reward points
2021-11-29 23:17:43.711  INFO 6224 --- [l-13-thread-180] tourGuide.service.RewardsService         : ** Processing to get reward points
2021-11-29 23:17:43.714  INFO 6224 --- [l-13-thread-174] tourGuide.service.RewardsService         : ** Processing to get reward points
2021-11-29 23:17:43.718  INFO 6224 --- [l-13-thread-122] tourGuide.service.RewardsService         : ** Processing to get reward points
2021-11-29 23:17:43.720  INFO 6224 --- [l-13-thread-146] tourGuide.service.RewardsService         : ** Processing to get reward points
2021-11-29 23:17:43.721  INFO 6224 --- [l-13-thread-155] tourGuide.service.RewardsService         : ** Processing to get reward points
2021-11-29 23:17:43.722  INFO 6224 --- [l-13-thread-171] tourGuide.service.RewardsService         : ** Processing to get reward points
2021-11-29 23:17:43.724  INFO 6224 --- [ool-13-thread-5] tourGuide.service.RewardsService         : ** Processing to get reward points
2021-11-29 23:17:43.724  INFO 6224 --- [l-13-thread-194] tourGuide.service.RewardsService         : ** Processing to get reward points
2021-11-29 23:17:43.724  INFO 6224 --- [l-13-thread-181] tourGuide.service.RewardsService         : ** Processing to get reward points
2021-11-29 23:17:43.725  INFO 6224 --- [ol-13-thread-71] tourGuide.service.RewardsService         : ** Processing to get reward points
2021-11-29 23:17:43.725  INFO 6224 --- [ol-13-thread-57] tourGuide.service.RewardsService         : ** Processing to get reward points
2021-11-29 23:17:43.729  INFO 6224 --- [ool-13-thread-7] tourGuide.service.RewardsService         : ** Processing to get reward points
2021-11-29 23:17:43.731  INFO 6224 --- [l-13-thread-126] tourGuide.service.RewardsService         : ** Processing to get reward points
2021-11-29 23:17:43.732  INFO 6224 --- [l-13-thread-107] tourGuide.service.RewardsService         : ** Processing to get reward points
2021-11-29 23:17:43.732  INFO 6224 --- [ol-13-thread-90] tourGuide.service.RewardsService         : ** Processing to get reward points
2021-11-29 23:17:43.735  INFO 6224 --- [ol-13-thread-91] tourGuide.service.RewardsService         : ** Processing to get reward points
2021-11-29 23:17:43.739  INFO 6224 --- [l-13-thread-102] tourGuide.service.RewardsService         : ** Processing to get reward points
2021-11-29 23:17:43.739  INFO 6224 --- [l-13-thread-147] tourGuide.service.RewardsService         : ** Processing to get reward points
2021-11-29 23:17:43.744  INFO 6224 --- [l-13-thread-174] tourGuide.service.RewardsService         : ** Processing to get reward points
2021-11-29 23:17:43.746  INFO 6224 --- [l-13-thread-161] tourGuide.service.RewardsService         : ** Processing to get reward points
2021-11-29 23:17:43.746  INFO 6224 --- [l-13-thread-158] tourGuide.service.RewardsService         : ** Processing to get reward points
2021-11-29 23:17:43.749  INFO 6224 --- [ol-13-thread-99] tourGuide.service.RewardsService         : ** Processing to get reward points
2021-11-29 23:17:43.749  INFO 6224 --- [l-13-thread-148] tourGuide.service.RewardsService         : ** Processing to get reward points
2021-11-29 23:17:43.750  INFO 6224 --- [ol-13-thread-14] tourGuide.service.RewardsService         : ** Processing to get reward points
2021-11-29 23:17:43.752  INFO 6224 --- [l-13-thread-185] tourGuide.service.RewardsService         : ** Processing to get reward points
2021-11-29 23:17:43.753  INFO 6224 --- [l-13-thread-101] tourGuide.service.RewardsService         : ** Processing to get reward points
2021-11-29 23:17:43.755  INFO 6224 --- [l-13-thread-103] tourGuide.service.RewardsService         : ** Processing to get reward points
2021-11-29 23:17:43.756  INFO 6224 --- [ol-13-thread-78] tourGuide.service.RewardsService         : ** Processing to get reward points
2021-11-29 23:17:43.768  INFO 6224 --- [l-13-thread-121] tourGuide.service.RewardsService         : ** Processing to get reward points
2021-11-29 23:17:43.770  INFO 6224 --- [ol-13-thread-10] tourGuide.service.RewardsService         : ** Processing to get reward points
2021-11-29 23:17:43.772  INFO 6224 --- [ol-13-thread-44] tourGuide.service.RewardsService         : ** Processing to get reward points
2021-11-29 23:17:43.774  INFO 6224 --- [ol-13-thread-24] tourGuide.service.RewardsService         : ** Processing to get reward points
2021-11-29 23:17:43.787  INFO 6224 --- [l-13-thread-113] tourGuide.service.RewardsService         : ** Processing to get reward points
2021-11-29 23:17:43.787  INFO 6224 --- [ol-13-thread-42] tourGuide.service.RewardsService         : ** Processing to get reward points
2021-11-29 23:17:43.789  INFO 6224 --- [ol-13-thread-59] tourGuide.service.RewardsService         : ** Processing to get reward points
2021-11-29 23:17:43.793  INFO 6224 --- [ol-13-thread-11] tourGuide.service.RewardsService         : ** Processing to get reward points
2021-11-29 23:17:43.796  INFO 6224 --- [l-13-thread-109] tourGuide.service.RewardsService         : ** Processing to get reward points
2021-11-29 23:17:43.799  INFO 6224 --- [l-13-thread-104] tourGuide.service.RewardsService         : ** Processing to get reward points
2021-11-29 23:17:43.800  INFO 6224 --- [ol-13-thread-13] tourGuide.service.RewardsService         : ** Processing to get reward points
2021-11-29 23:17:43.803  INFO 6224 --- [l-13-thread-141] tourGuide.service.RewardsService         : ** Processing to get reward points
2021-11-29 23:17:43.806  INFO 6224 --- [ol-13-thread-75] tourGuide.service.RewardsService         : ** Processing to get reward points
2021-11-29 23:17:43.808  INFO 6224 --- [ol-13-thread-20] tourGuide.service.RewardsService         : ** Processing to get reward points
2021-11-29 23:17:43.811  INFO 6224 --- [ol-13-thread-56] tourGuide.service.RewardsService         : ** Processing to get reward points
2021-11-29 23:17:43.811  INFO 6224 --- [ool-13-thread-6] tourGuide.service.RewardsService         : ** Processing to get reward points
2021-11-29 23:17:43.811  INFO 6224 --- [l-13-thread-199] tourGuide.service.RewardsService         : ** Processing to get reward points
2021-11-29 23:17:43.812  INFO 6224 --- [ol-13-thread-93] tourGuide.service.RewardsService         : ** Processing to get reward points
2021-11-29 23:17:43.812  INFO 6224 --- [ol-13-thread-21] tourGuide.service.RewardsService         : ** Processing to get reward points
2021-11-29 23:17:43.816  INFO 6224 --- [l-13-thread-152] tourGuide.service.RewardsService         : ** Processing to get reward points
2021-11-29 23:17:43.816  INFO 6224 --- [ol-13-thread-23] tourGuide.service.RewardsService         : ** Processing to get reward points
2021-11-29 23:17:43.818  INFO 6224 --- [l-13-thread-140] tourGuide.service.RewardsService         : ** Processing to get reward points
2021-11-29 23:17:43.818  INFO 6224 --- [l-13-thread-182] tourGuide.service.RewardsService         : ** Processing to get reward points
2021-11-29 23:17:43.818  INFO 6224 --- [ol-13-thread-51] tourGuide.service.RewardsService         : ** Processing to get reward points
2021-11-29 23:17:43.822  INFO 6224 --- [l-13-thread-173] tourGuide.service.RewardsService         : ** Processing to get reward points
2021-11-29 23:17:43.824  INFO 6224 --- [ol-13-thread-84] tourGuide.service.RewardsService         : ** Processing to get reward points
2021-11-29 23:17:43.824  INFO 6224 --- [ol-13-thread-76] tourGuide.service.RewardsService         : ** Processing to get reward points
2021-11-29 23:17:43.830  INFO 6224 --- [ol-13-thread-50] tourGuide.service.RewardsService         : ** Processing to get reward points
2021-11-29 23:17:43.831  INFO 6224 --- [ol-13-thread-27] tourGuide.service.RewardsService         : ** Processing to get reward points
2021-11-29 23:17:43.838  INFO 6224 --- [l-13-thread-108] tourGuide.service.RewardsService         : ** Processing to get reward points
2021-11-29 23:17:43.838  INFO 6224 --- [l-13-thread-133] tourGuide.service.RewardsService         : ** Processing to get reward points
2021-11-29 23:17:43.845  INFO 6224 --- [l-13-thread-124] tourGuide.service.RewardsService         : ** Processing to get reward points
2021-11-29 23:17:43.846  INFO 6224 --- [ol-13-thread-77] tourGuide.service.RewardsService         : ** Processing to get reward points
2021-11-29 23:17:43.847  INFO 6224 --- [l-13-thread-197] tourGuide.service.RewardsService         : ** Processing to get reward points
2021-11-29 23:17:43.853  INFO 6224 --- [l-13-thread-105] tourGuide.service.RewardsService         : ** Processing to get reward points
2021-11-29 23:17:43.853  INFO 6224 --- [l-13-thread-121] tourGuide.service.RewardsService         : ** Processing to get reward points
2021-11-29 23:17:43.855  INFO 6224 --- [l-13-thread-187] tourGuide.service.RewardsService         : ** Processing to get reward points
2021-11-29 23:17:43.858  INFO 6224 --- [ol-13-thread-17] tourGuide.service.RewardsService         : ** Processing to get reward points
2021-11-29 23:17:43.862  INFO 6224 --- [l-13-thread-134] tourGuide.service.RewardsService         : ** Processing to get reward points
2021-11-29 23:17:43.862  INFO 6224 --- [ol-13-thread-56] tourGuide.service.RewardsService         : ** Processing to get reward points
2021-11-29 23:17:43.867  INFO 6224 --- [l-13-thread-151] tourGuide.service.RewardsService         : ** Processing to get reward points
2021-11-29 23:17:43.867  INFO 6224 --- [l-13-thread-100] tourGuide.service.RewardsService         : ** Processing to get reward points
2021-11-29 23:17:43.869  INFO 6224 --- [l-13-thread-131] tourGuide.service.RewardsService         : ** Processing to get reward points
2021-11-29 23:17:43.870  INFO 6224 --- [l-13-thread-177] tourGuide.service.RewardsService         : ** Processing to get reward points
2021-11-29 23:17:43.871  INFO 6224 --- [ol-13-thread-89] tourGuide.service.RewardsService         : ** Processing to get reward points
2021-11-29 23:17:43.872  INFO 6224 --- [ol-13-thread-50] tourGuide.service.RewardsService         : ** Processing to get reward points
2021-11-29 23:17:43.874  INFO 6224 --- [ol-13-thread-61] tourGuide.service.RewardsService         : ** Processing to get reward points
2021-11-29 23:17:43.877  INFO 6224 --- [ool-13-thread-5] tourGuide.service.RewardsService         : ** Processing to get reward points
2021-11-29 23:17:43.879  INFO 6224 --- [ol-13-thread-47] tourGuide.service.RewardsService         : ** Processing to get reward points
2021-11-29 23:17:43.880  INFO 6224 --- [ol-13-thread-53] tourGuide.service.RewardsService         : ** Processing to get reward points
2021-11-29 23:17:43.887  INFO 6224 --- [l-13-thread-163] tourGuide.service.RewardsService         : ** Processing to get reward points
2021-11-29 23:17:43.887  INFO 6224 --- [l-13-thread-132] tourGuide.service.RewardsService         : ** Processing to get reward points
2021-11-29 23:17:43.887  INFO 6224 --- [l-13-thread-145] tourGuide.service.RewardsService         : ** Processing to get reward points
2021-11-29 23:17:43.888  INFO 6224 --- [ol-13-thread-23] tourGuide.service.RewardsService         : ** Processing to get reward points
2021-11-29 23:17:43.901  INFO 6224 --- [l-13-thread-115] tourGuide.service.RewardsService         : ** Processing to get reward points
2021-11-29 23:17:43.901  INFO 6224 --- [l-13-thread-158] tourGuide.service.RewardsService         : ** Processing to get reward points
2021-11-29 23:17:43.902  INFO 6224 --- [ol-13-thread-69] tourGuide.service.RewardsService         : ** Processing to get reward points
2021-11-29 23:17:43.906  INFO 6224 --- [ol-13-thread-68] tourGuide.service.RewardsService         : ** Processing to get reward points
2021-11-29 23:17:43.910  INFO 6224 --- [l-13-thread-116] tourGuide.service.RewardsService         : ** Processing to get reward points
2021-11-29 23:17:43.910  INFO 6224 --- [l-13-thread-180] tourGuide.service.RewardsService         : ** Processing to get reward points
2021-11-29 23:17:43.912  INFO 6224 --- [ol-13-thread-74] tourGuide.service.RewardsService         : ** Processing to get reward points
2021-11-29 23:17:43.912  INFO 6224 --- [l-13-thread-109] tourGuide.service.RewardsService         : ** Processing to get reward points
2021-11-29 23:17:43.914  INFO 6224 --- [l-13-thread-138] tourGuide.service.RewardsService         : ** Processing to get reward points
2021-11-29 23:17:43.917  INFO 6224 --- [ol-13-thread-20] tourGuide.service.RewardsService         : ** Processing to get reward points
2021-11-29 23:17:43.926  INFO 6224 --- [l-13-thread-140] tourGuide.service.RewardsService         : ** Processing to get reward points
2021-11-29 23:17:43.931  INFO 6224 --- [l-13-thread-106] tourGuide.service.RewardsService         : ** Processing to get reward points
2021-11-29 23:17:43.938  INFO 6224 --- [l-13-thread-185] tourGuide.service.RewardsService         : ** Processing to get reward points
2021-11-29 23:17:43.939  INFO 6224 --- [ol-13-thread-96] tourGuide.service.RewardsService         : ** Processing to get reward points
2021-11-29 23:17:43.943  INFO 6224 --- [ol-13-thread-74] tourGuide.service.RewardsService         : ** Processing to get reward points
2021-11-29 23:17:43.945  INFO 6224 --- [ol-13-thread-22] tourGuide.service.RewardsService         : ** Processing to get reward points
2021-11-29 23:17:43.947  INFO 6224 --- [l-13-thread-118] tourGuide.service.RewardsService         : ** Processing to get reward points
2021-11-29 23:17:43.947  INFO 6224 --- [ol-13-thread-86] tourGuide.service.RewardsService         : ** Processing to get reward points
2021-11-29 23:17:43.948  INFO 6224 --- [l-13-thread-198] tourGuide.service.RewardsService         : ** Processing to get reward points
2021-11-29 23:17:43.953  INFO 6224 --- [l-13-thread-159] tourGuide.service.RewardsService         : ** Processing to get reward points
2021-11-29 23:17:43.955  INFO 6224 --- [l-13-thread-162] tourGuide.service.RewardsService         : ** Processing to get reward points
2021-11-29 23:17:43.958  INFO 6224 --- [ol-13-thread-87] tourGuide.service.RewardsService         : ** Processing to get reward points
2021-11-29 23:17:43.965  INFO 6224 --- [ol-13-thread-42] tourGuide.service.RewardsService         : ** Processing to get reward points
2021-11-29 23:17:43.976  INFO 6224 --- [l-13-thread-164] tourGuide.service.RewardsService         : ** Processing to get reward points
2021-11-29 23:17:43.979  INFO 6224 --- [l-13-thread-191] tourGuide.service.RewardsService         : ** Processing to get reward points
2021-11-29 23:17:43.981  INFO 6224 --- [l-13-thread-143] tourGuide.service.RewardsService         : ** Processing to get reward points
2021-11-29 23:17:43.982  INFO 6224 --- [ool-13-thread-4] tourGuide.service.RewardsService         : ** Processing to get reward points
2021-11-29 23:17:43.989  INFO 6224 --- [l-13-thread-191] tourGuide.service.RewardsService         : ** Processing to get reward points
2021-11-29 23:17:43.989  INFO 6224 --- [l-13-thread-196] tourGuide.service.RewardsService         : ** Processing to get reward points
2021-11-29 23:17:43.989  INFO 6224 --- [ol-13-thread-35] tourGuide.service.RewardsService         : ** Processing to get reward points
2021-11-29 23:17:43.992  INFO 6224 --- [ol-13-thread-48] tourGuide.service.RewardsService         : ** Processing to get reward points
2021-11-29 23:17:43.992  INFO 6224 --- [ol-13-thread-80] tourGuide.service.RewardsService         : ** Processing to get reward points
2021-11-29 23:17:43.993  INFO 6224 --- [ol-13-thread-97] tourGuide.service.RewardsService         : ** Processing to get reward points
2021-11-29 23:17:43.995  INFO 6224 --- [l-13-thread-157] tourGuide.service.RewardsService         : ** Processing to get reward points
2021-11-29 23:17:43.995  INFO 6224 --- [l-13-thread-173] tourGuide.service.RewardsService         : ** Processing to get reward points
2021-11-29 23:17:43.997  INFO 6224 --- [l-13-thread-194] tourGuide.service.RewardsService         : ** Processing to get reward points
2021-11-29 23:17:43.999  INFO 6224 --- [ool-13-thread-3] tourGuide.service.RewardsService         : ** Processing to get reward points
2021-11-29 23:17:44.001  INFO 6224 --- [l-13-thread-117] tourGuide.service.RewardsService         : ** Processing to get reward points
2021-11-29 23:17:44.003  INFO 6224 --- [ol-13-thread-15] tourGuide.service.RewardsService         : ** Processing to get reward points
2021-11-29 23:17:44.005  INFO 6224 --- [l-13-thread-180] tourGuide.service.RewardsService         : ** Processing to get reward points
2021-11-29 23:17:44.006  INFO 6224 --- [ol-13-thread-32] tourGuide.service.RewardsService         : ** Processing to get reward points
2021-11-29 23:17:44.008  INFO 6224 --- [ol-13-thread-16] tourGuide.service.RewardsService         : ** Processing to get reward points
2021-11-29 23:17:44.011  INFO 6224 --- [l-13-thread-119] tourGuide.service.RewardsService         : ** Processing to get reward points
2021-11-29 23:17:44.015  INFO 6224 --- [ol-13-thread-63] tourGuide.service.RewardsService         : ** Processing to get reward points
2021-11-29 23:17:44.016  INFO 6224 --- [l-13-thread-160] tourGuide.service.RewardsService         : ** Processing to get reward points
2021-11-29 23:17:44.018  INFO 6224 --- [l-13-thread-195] tourGuide.service.RewardsService         : ** Processing to get reward points
2021-11-29 23:17:44.019  INFO 6224 --- [ol-13-thread-88] tourGuide.service.RewardsService         : ** Processing to get reward points
2021-11-29 23:17:44.019  INFO 6224 --- [l-13-thread-190] tourGuide.service.RewardsService         : ** Processing to get reward points
2021-11-29 23:17:44.021  INFO 6224 --- [l-13-thread-175] tourGuide.service.RewardsService         : ** Processing to get reward points
2021-11-29 23:17:44.031  INFO 6224 --- [l-13-thread-165] tourGuide.service.RewardsService         : ** Processing to get reward points
2021-11-29 23:17:44.034  INFO 6224 --- [ol-13-thread-52] tourGuide.service.RewardsService         : ** Processing to get reward points
2021-11-29 23:17:44.034  INFO 6224 --- [ol-13-thread-82] tourGuide.service.RewardsService         : ** Processing to get reward points
2021-11-29 23:17:44.036  INFO 6224 --- [l-13-thread-123] tourGuide.service.RewardsService         : ** Processing to get reward points
2021-11-29 23:17:44.037  INFO 6224 --- [ol-13-thread-86] tourGuide.service.RewardsService         : ** Processing to get reward points
2021-11-29 23:17:44.041  INFO 6224 --- [l-13-thread-156] tourGuide.service.RewardsService         : ** Processing to get reward points
2021-11-29 23:17:44.044  INFO 6224 --- [ol-13-thread-29] tourGuide.service.RewardsService         : ** Processing to get reward points
2021-11-29 23:17:44.049  INFO 6224 --- [l-13-thread-129] tourGuide.service.RewardsService         : ** Processing to get reward points
2021-11-29 23:17:44.052  INFO 6224 --- [ol-13-thread-32] tourGuide.service.RewardsService         : ** Processing to get reward points
2021-11-29 23:17:44.054  INFO 6224 --- [l-13-thread-103] tourGuide.service.RewardsService         : ** Processing to get reward points
2021-11-29 23:17:44.058  INFO 6224 --- [ol-13-thread-68] tourGuide.service.RewardsService         : ** Processing to get reward points
2021-11-29 23:17:44.065  INFO 6224 --- [l-13-thread-188] tourGuide.service.RewardsService         : ** Processing to get reward points
2021-11-29 23:17:44.065  INFO 6224 --- [ol-13-thread-62] tourGuide.service.RewardsService         : ** Processing to get reward points
2021-11-29 23:17:44.065  INFO 6224 --- [ol-13-thread-11] tourGuide.service.RewardsService         : ** Processing to get reward points
2021-11-29 23:17:44.065  INFO 6224 --- [l-13-thread-172] tourGuide.service.RewardsService         : ** Processing to get reward points
2021-11-29 23:17:44.068  INFO 6224 --- [l-13-thread-153] tourGuide.service.RewardsService         : ** Processing to get reward points
2021-11-29 23:17:44.075  INFO 6224 --- [ol-13-thread-92] tourGuide.service.RewardsService         : ** Processing to get reward points
2021-11-29 23:17:44.084  INFO 6224 --- [ol-13-thread-24] tourGuide.service.RewardsService         : ** Processing to get reward points
2021-11-29 23:17:44.084  INFO 6224 --- [l-13-thread-167] tourGuide.service.RewardsService         : ** Processing to get reward points
2021-11-29 23:17:44.086  INFO 6224 --- [l-13-thread-109] tourGuide.service.RewardsService         : ** Processing to get reward points
2021-11-29 23:17:44.092  INFO 6224 --- [l-13-thread-139] tourGuide.service.RewardsService         : ** Processing to get reward points
2021-11-29 23:17:44.105  INFO 6224 --- [ool-13-thread-2] tourGuide.service.RewardsService         : ** Processing to get reward points
2021-11-29 23:17:44.106  INFO 6224 --- [l-13-thread-198] tourGuide.service.RewardsService         : ** Processing to get reward points
2021-11-29 23:17:44.110  INFO 6224 --- [ol-13-thread-94] tourGuide.service.RewardsService         : ** Processing to get reward points
2021-11-29 23:17:44.110  INFO 6224 --- [l-13-thread-125] tourGuide.service.RewardsService         : ** Processing to get reward points
2021-11-29 23:17:44.112  INFO 6224 --- [ol-13-thread-40] tourGuide.service.RewardsService         : ** Processing to get reward points
2021-11-29 23:17:44.120  INFO 6224 --- [l-13-thread-178] tourGuide.service.RewardsService         : ** Processing to get reward points
2021-11-29 23:17:44.124  INFO 6224 --- [ol-13-thread-62] tourGuide.service.RewardsService         : ** Processing to get reward points
2021-11-29 23:17:44.127  INFO 6224 --- [ol-13-thread-46] tourGuide.service.RewardsService         : ** Processing to get reward points
2021-11-29 23:17:44.127  INFO 6224 --- [ol-13-thread-86] tourGuide.service.RewardsService         : ** Processing to get reward points
2021-11-29 23:17:44.128  INFO 6224 --- [ol-13-thread-39] tourGuide.service.RewardsService         : ** Processing to get reward points
2021-11-29 23:17:44.135  INFO 6224 --- [ol-13-thread-25] tourGuide.service.RewardsService         : ** Processing to get reward points
2021-11-29 23:17:44.135  INFO 6224 --- [l-13-thread-133] tourGuide.service.RewardsService         : ** Processing to get reward points
2021-11-29 23:17:44.139  INFO 6224 --- [ol-13-thread-20] tourGuide.service.RewardsService         : ** Processing to get reward points
2021-11-29 23:17:44.139  INFO 6224 --- [l-13-thread-149] tourGuide.service.RewardsService         : ** Processing to get reward points
2021-11-29 23:17:44.140  INFO 6224 --- [l-13-thread-199] tourGuide.service.RewardsService         : ** Processing to get reward points
2021-11-29 23:17:44.141  INFO 6224 --- [l-13-thread-121] tourGuide.service.RewardsService         : ** Processing to get reward points
2021-11-29 23:17:44.141  INFO 6224 --- [l-13-thread-169] tourGuide.service.RewardsService         : ** Processing to get reward points
2021-11-29 23:17:44.142  INFO 6224 --- [l-13-thread-199] tourGuide.service.RewardsService         : ** Processing to get reward points
2021-11-29 23:17:44.144  INFO 6224 --- [l-13-thread-146] tourGuide.service.RewardsService         : ** Processing to get reward points
2021-11-29 23:17:44.145  INFO 6224 --- [ol-13-thread-23] tourGuide.service.RewardsService         : ** Processing to get reward points
2021-11-29 23:17:44.145  INFO 6224 --- [l-13-thread-141] tourGuide.service.RewardsService         : ** Processing to get reward points
2021-11-29 23:17:44.145  INFO 6224 --- [ool-13-thread-9] tourGuide.service.RewardsService         : ** Processing to get reward points
2021-11-29 23:17:44.147  INFO 6224 --- [l-13-thread-137] tourGuide.service.RewardsService         : ** Processing to get reward points
2021-11-29 23:17:44.151  INFO 6224 --- [l-13-thread-158] tourGuide.service.RewardsService         : ** Processing to get reward points
2021-11-29 23:17:44.151  INFO 6224 --- [ol-13-thread-57] tourGuide.service.RewardsService         : ** Processing to get reward points
2021-11-29 23:17:44.153  INFO 6224 --- [l-13-thread-145] tourGuide.service.RewardsService         : ** Processing to get reward points
2021-11-29 23:17:44.154  INFO 6224 --- [ol-13-thread-17] tourGuide.service.RewardsService         : ** Processing to get reward points
2021-11-29 23:17:44.163  INFO 6224 --- [ol-13-thread-29] tourGuide.service.RewardsService         : ** Processing to get reward points
2021-11-29 23:17:44.163  INFO 6224 --- [ol-13-thread-82] tourGuide.service.RewardsService         : ** Processing to get reward points
2021-11-29 23:17:44.165  INFO 6224 --- [l-13-thread-167] tourGuide.service.RewardsService         : ** Processing to get reward points
2021-11-29 23:17:44.167  INFO 6224 --- [ol-13-thread-23] tourGuide.service.RewardsService         : ** Processing to get reward points
2021-11-29 23:17:44.170  INFO 6224 --- [l-13-thread-152] tourGuide.service.RewardsService         : ** Processing to get reward points
2021-11-29 23:17:44.170  INFO 6224 --- [ol-13-thread-86] tourGuide.service.RewardsService         : ** Processing to get reward points
2021-11-29 23:17:44.174  INFO 6224 --- [ol-13-thread-29] tourGuide.service.RewardsService         : ** Processing to get reward points
2021-11-29 23:17:44.175  INFO 6224 --- [ol-13-thread-91] tourGuide.service.RewardsService         : ** Processing to get reward points
2021-11-29 23:17:44.176  INFO 6224 --- [ol-13-thread-88] tourGuide.service.RewardsService         : ** Processing to get reward points
2021-11-29 23:17:44.176  INFO 6224 --- [ol-13-thread-61] tourGuide.service.RewardsService         : ** Processing to get reward points
2021-11-29 23:17:44.181  INFO 6224 --- [ol-13-thread-33] tourGuide.service.RewardsService         : ** Processing to get reward points
2021-11-29 23:17:44.184  INFO 6224 --- [ol-13-thread-70] tourGuide.service.RewardsService         : ** Processing to get reward points
2021-11-29 23:17:44.198  INFO 6224 --- [l-13-thread-186] tourGuide.service.RewardsService         : ** Processing to get reward points
2021-11-29 23:17:44.198  INFO 6224 --- [l-13-thread-200] tourGuide.service.RewardsService         : ** Processing to get reward points
2021-11-29 23:17:44.203  INFO 6224 --- [l-13-thread-122] tourGuide.service.RewardsService         : ** Processing to get reward points
2021-11-29 23:17:44.203  INFO 6224 --- [l-13-thread-165] tourGuide.service.RewardsService         : ** Processing to get reward points
2021-11-29 23:17:44.209  INFO 6224 --- [l-13-thread-116] tourGuide.service.RewardsService         : ** Processing to get reward points
2021-11-29 23:17:44.210  INFO 6224 --- [ol-13-thread-41] tourGuide.service.RewardsService         : ** Processing to get reward points
2021-11-29 23:17:44.211  INFO 6224 --- [ool-13-thread-7] tourGuide.service.RewardsService         : ** Processing to get reward points
2021-11-29 23:17:44.215  INFO 6224 --- [l-13-thread-127] tourGuide.service.RewardsService         : ** Processing to get reward points
2021-11-29 23:17:44.220  INFO 6224 --- [l-13-thread-174] tourGuide.service.RewardsService         : ** Processing to get reward points
2021-11-29 23:17:44.226  INFO 6224 --- [l-13-thread-131] tourGuide.service.RewardsService         : ** Processing to get reward points
2021-11-29 23:17:44.228  INFO 6224 --- [l-13-thread-144] tourGuide.service.RewardsService         : ** Processing to get reward points
2021-11-29 23:17:44.232  INFO 6224 --- [l-13-thread-135] tourGuide.service.RewardsService         : ** Processing to get reward points
2021-11-29 23:17:44.237  INFO 6224 --- [ol-13-thread-60] tourGuide.service.RewardsService         : ** Processing to get reward points
2021-11-29 23:17:44.240  INFO 6224 --- [ol-13-thread-38] tourGuide.service.RewardsService         : ** Processing to get reward points
2021-11-29 23:17:44.241  INFO 6224 --- [ol-13-thread-73] tourGuide.service.RewardsService         : ** Processing to get reward points
2021-11-29 23:17:44.247  INFO 6224 --- [ol-13-thread-22] tourGuide.service.RewardsService         : ** Processing to get reward points
2021-11-29 23:17:44.252  INFO 6224 --- [l-13-thread-170] tourGuide.service.RewardsService         : ** Processing to get reward points
2021-11-29 23:17:44.252  INFO 6224 --- [l-13-thread-192] tourGuide.service.RewardsService         : ** Processing to get reward points
2021-11-29 23:17:44.252  INFO 6224 --- [l-13-thread-179] tourGuide.service.RewardsService         : ** Processing to get reward points
2021-11-29 23:17:44.255  INFO 6224 --- [ol-13-thread-37] tourGuide.service.RewardsService         : ** Processing to get reward points
2021-11-29 23:17:44.256  INFO 6224 --- [ol-13-thread-67] tourGuide.service.RewardsService         : ** Processing to get reward points
2021-11-29 23:17:44.258  INFO 6224 --- [ol-13-thread-31] tourGuide.service.RewardsService         : ** Processing to get reward points
2021-11-29 23:17:44.261  INFO 6224 --- [l-13-thread-136] tourGuide.service.RewardsService         : ** Processing to get reward points
2021-11-29 23:17:44.266  INFO 6224 --- [ol-13-thread-27] tourGuide.service.RewardsService         : ** Processing to get reward points
2021-11-29 23:17:44.272  INFO 6224 --- [l-13-thread-184] tourGuide.service.RewardsService         : ** Processing to get reward points
2021-11-29 23:17:44.272  INFO 6224 --- [ol-13-thread-62] tourGuide.service.RewardsService         : ** Processing to get reward points
2021-11-29 23:17:44.281  INFO 6224 --- [l-13-thread-122] tourGuide.service.RewardsService         : ** Processing to get reward points
2021-11-29 23:17:44.284  INFO 6224 --- [l-13-thread-153] tourGuide.service.RewardsService         : ** Processing to get reward points
2021-11-29 23:17:44.295  INFO 6224 --- [ool-13-thread-1] tourGuide.service.RewardsService         : ** Processing to get reward points
2021-11-29 23:17:44.302  INFO 6224 --- [ol-13-thread-59] tourGuide.service.RewardsService         : ** Processing to get reward points
2021-11-29 23:17:44.303  INFO 6224 --- [ol-13-thread-64] tourGuide.service.RewardsService         : ** Processing to get reward points
2021-11-29 23:17:44.304  INFO 6224 --- [ool-13-thread-6] tourGuide.service.RewardsService         : ** Processing to get reward points
2021-11-29 23:17:44.306  INFO 6224 --- [l-13-thread-184] tourGuide.service.RewardsService         : ** Processing to get reward points
2021-11-29 23:17:44.307  INFO 6224 --- [l-13-thread-159] tourGuide.service.RewardsService         : ** Processing to get reward points
2021-11-29 23:17:44.309  INFO 6224 --- [l-13-thread-142] tourGuide.service.RewardsService         : ** Processing to get reward points
2021-11-29 23:17:44.310  INFO 6224 --- [ool-13-thread-9] tourGuide.service.RewardsService         : ** Processing to get reward points
2021-11-29 23:17:44.311  INFO 6224 --- [l-13-thread-173] tourGuide.service.RewardsService         : ** Processing to get reward points
2021-11-29 23:17:44.314  INFO 6224 --- [l-13-thread-154] tourGuide.service.RewardsService         : ** Processing to get reward points
2021-11-29 23:17:44.315  INFO 6224 --- [l-13-thread-189] tourGuide.service.RewardsService         : ** Processing to get reward points
2021-11-29 23:17:44.317  INFO 6224 --- [l-13-thread-111] tourGuide.service.RewardsService         : ** Processing to get reward points
2021-11-29 23:17:44.318  INFO 6224 --- [l-13-thread-182] tourGuide.service.RewardsService         : ** Processing to get reward points
2021-11-29 23:17:44.319  INFO 6224 --- [ool-13-thread-1] tourGuide.service.RewardsService         : ** Processing to get reward points
2021-11-29 23:17:44.325  INFO 6224 --- [l-13-thread-140] tourGuide.service.RewardsService         : ** Processing to get reward points
2021-11-29 23:17:44.325  INFO 6224 --- [ol-13-thread-14] tourGuide.service.RewardsService         : ** Processing to get reward points
2021-11-29 23:17:44.331  INFO 6224 --- [l-13-thread-130] tourGuide.service.RewardsService         : ** Processing to get reward points
2021-11-29 23:17:44.331  INFO 6224 --- [ol-13-thread-72] tourGuide.service.RewardsService         : ** Processing to get reward points
2021-11-29 23:17:44.339  INFO 6224 --- [l-13-thread-132] tourGuide.service.RewardsService         : ** Processing to get reward points
2021-11-29 23:17:44.339  INFO 6224 --- [l-13-thread-183] tourGuide.service.RewardsService         : ** Processing to get reward points
2021-11-29 23:17:44.340  INFO 6224 --- [ol-13-thread-48] tourGuide.service.RewardsService         : ** Processing to get reward points
2021-11-29 23:17:44.348  INFO 6224 --- [ool-13-thread-8] tourGuide.service.RewardsService         : ** Processing to get reward points
2021-11-29 23:17:44.352  INFO 6224 --- [ol-13-thread-28] tourGuide.service.RewardsService         : ** Processing to get reward points
2021-11-29 23:17:44.357  INFO 6224 --- [ol-13-thread-36] tourGuide.service.RewardsService         : ** Processing to get reward points
2021-11-29 23:17:44.357  INFO 6224 --- [l-13-thread-176] tourGuide.service.RewardsService         : ** Processing to get reward points
2021-11-29 23:17:44.359  INFO 6224 --- [ool-13-thread-3] tourGuide.service.RewardsService         : ** Processing to get reward points
2021-11-29 23:17:44.361  INFO 6224 --- [ol-13-thread-75] tourGuide.service.RewardsService         : ** Processing to get reward points
2021-11-29 23:17:44.363  INFO 6224 --- [l-13-thread-155] tourGuide.service.RewardsService         : ** Processing to get reward points
2021-11-29 23:17:44.365  INFO 6224 --- [ol-13-thread-90] tourGuide.service.RewardsService         : ** Processing to get reward points
2021-11-29 23:17:44.376  INFO 6224 --- [ol-13-thread-92] tourGuide.service.RewardsService         : ** Processing to get reward points
2021-11-29 23:17:44.386  INFO 6224 --- [l-13-thread-133] tourGuide.service.RewardsService         : ** Processing to get reward points
2021-11-29 23:17:44.387  INFO 6224 --- [l-13-thread-143] tourGuide.service.RewardsService         : ** Processing to get reward points
2021-11-29 23:17:44.387  INFO 6224 --- [l-13-thread-114] tourGuide.service.RewardsService         : ** Processing to get reward points
2021-11-29 23:17:44.389  INFO 6224 --- [ol-13-thread-81] tourGuide.service.RewardsService         : ** Processing to get reward points
2021-11-29 23:17:44.390  INFO 6224 --- [ol-13-thread-32] tourGuide.service.RewardsService         : ** Processing to get reward points
2021-11-29 23:17:44.400  INFO 6224 --- [l-13-thread-102] tourGuide.service.RewardsService         : ** Processing to get reward points
2021-11-29 23:17:44.401  INFO 6224 --- [ol-13-thread-26] tourGuide.service.RewardsService         : ** Processing to get reward points
2021-11-29 23:17:44.402  INFO 6224 --- [l-13-thread-123] tourGuide.service.RewardsService         : ** Processing to get reward points
2021-11-29 23:17:44.403  INFO 6224 --- [l-13-thread-197] tourGuide.service.RewardsService         : ** Processing to get reward points
2021-11-29 23:17:44.406  INFO 6224 --- [l-13-thread-161] tourGuide.service.RewardsService         : ** Processing to get reward points
2021-11-29 23:17:44.406  INFO 6224 --- [ol-13-thread-95] tourGuide.service.RewardsService         : ** Processing to get reward points
2021-11-29 23:17:44.408  INFO 6224 --- [ool-13-thread-5] tourGuide.service.RewardsService         : ** Processing to get reward points
2021-11-29 23:17:44.419  INFO 6224 --- [ol-13-thread-39] tourGuide.service.RewardsService         : ** Processing to get reward points
2021-11-29 23:17:44.422  INFO 6224 --- [l-13-thread-180] tourGuide.service.RewardsService         : ** Processing to get reward points
2021-11-29 23:17:44.423  INFO 6224 --- [ol-13-thread-78] tourGuide.service.RewardsService         : ** Processing to get reward points
2021-11-29 23:17:44.435  INFO 6224 --- [l-13-thread-149] tourGuide.service.RewardsService         : ** Processing to get reward points
2021-11-29 23:17:44.436  INFO 6224 --- [l-13-thread-105] tourGuide.service.RewardsService         : ** Processing to get reward points
2021-11-29 23:17:44.441  INFO 6224 --- [l-13-thread-175] tourGuide.service.RewardsService         : ** Processing to get reward points
2021-11-29 23:17:44.441  INFO 6224 --- [ol-13-thread-40] tourGuide.service.RewardsService         : ** Processing to get reward points
2021-11-29 23:17:44.442  INFO 6224 --- [l-13-thread-110] tourGuide.service.RewardsService         : ** Processing to get reward points
2021-11-29 23:17:44.442  INFO 6224 --- [ol-13-thread-99] tourGuide.service.RewardsService         : ** Processing to get reward points
2021-11-29 23:17:44.446  INFO 6224 --- [l-13-thread-124] tourGuide.service.RewardsService         : ** Processing to get reward points
2021-11-29 23:17:44.446  INFO 6224 --- [ol-13-thread-72] tourGuide.service.RewardsService         : ** Processing to get reward points
2021-11-29 23:17:44.446  INFO 6224 --- [l-13-thread-115] tourGuide.service.RewardsService         : ** Processing to get reward points
2021-11-29 23:17:44.449  INFO 6224 --- [ol-13-thread-12] tourGuide.service.RewardsService         : ** Processing to get reward points
2021-11-29 23:17:44.455  INFO 6224 --- [l-13-thread-148] tourGuide.service.RewardsService         : ** Processing to get reward points
2021-11-29 23:17:44.457  INFO 6224 --- [l-13-thread-165] tourGuide.service.RewardsService         : ** Processing to get reward points
2021-11-29 23:17:44.457  INFO 6224 --- [l-13-thread-156] tourGuide.service.RewardsService         : ** Processing to get reward points
2021-11-29 23:17:44.459  INFO 6224 --- [ol-13-thread-63] tourGuide.service.RewardsService         : ** Processing to get reward points
2021-11-29 23:17:44.459  INFO 6224 --- [ol-13-thread-95] tourGuide.service.RewardsService         : ** Processing to get reward points
2021-11-29 23:17:44.463  INFO 6224 --- [ol-13-thread-44] tourGuide.service.RewardsService         : ** Processing to get reward points
2021-11-29 23:17:44.463  INFO 6224 --- [l-13-thread-195] tourGuide.service.RewardsService         : ** Processing to get reward points
2021-11-29 23:17:44.464  INFO 6224 --- [ol-13-thread-65] tourGuide.service.RewardsService         : ** Processing to get reward points
2021-11-29 23:17:44.466  INFO 6224 --- [l-13-thread-184] tourGuide.service.RewardsService         : ** Processing to get reward points
2021-11-29 23:17:44.469  INFO 6224 --- [l-13-thread-158] tourGuide.service.RewardsService         : ** Processing to get reward points
2021-11-29 23:17:44.470  INFO 6224 --- [ol-13-thread-30] tourGuide.service.RewardsService         : ** Processing to get reward points
2021-11-29 23:17:44.471  INFO 6224 --- [l-13-thread-178] tourGuide.service.RewardsService         : ** Processing to get reward points
2021-11-29 23:17:44.471  INFO 6224 --- [ol-13-thread-54] tourGuide.service.RewardsService         : ** Processing to get reward points
2021-11-29 23:17:44.474  INFO 6224 --- [l-13-thread-181] tourGuide.service.RewardsService         : ** Processing to get reward points
2021-11-29 23:17:44.477  INFO 6224 --- [l-13-thread-117] tourGuide.service.RewardsService         : ** Processing to get reward points
2021-11-29 23:17:44.478  INFO 6224 --- [ol-13-thread-39] tourGuide.service.RewardsService         : ** Processing to get reward points
2021-11-29 23:17:44.484  INFO 6224 --- [ol-13-thread-66] tourGuide.service.RewardsService         : ** Processing to get reward points
2021-11-29 23:17:44.484  INFO 6224 --- [ol-13-thread-70] tourGuide.service.RewardsService         : ** Processing to get reward points
2021-11-29 23:17:44.486  INFO 6224 --- [ol-13-thread-49] tourGuide.service.RewardsService         : ** Processing to get reward points
2021-11-29 23:17:44.486  INFO 6224 --- [l-13-thread-121] tourGuide.service.RewardsService         : ** Processing to get reward points
2021-11-29 23:17:44.486  INFO 6224 --- [ol-13-thread-57] tourGuide.service.RewardsService         : ** Processing to get reward points
2021-11-29 23:17:44.489  INFO 6224 --- [l-13-thread-172] tourGuide.service.RewardsService         : ** Processing to get reward points
2021-11-29 23:17:44.490  INFO 6224 --- [ol-13-thread-74] tourGuide.service.RewardsService         : ** Processing to get reward points
2021-11-29 23:17:44.490  INFO 6224 --- [ol-13-thread-55] tourGuide.service.RewardsService         : ** Processing to get reward points
2021-11-29 23:17:44.498  INFO 6224 --- [l-13-thread-193] tourGuide.service.RewardsService         : ** Processing to get reward points
2021-11-29 23:17:44.500  INFO 6224 --- [l-13-thread-178] tourGuide.service.RewardsService         : ** Processing to get reward points
2021-11-29 23:17:44.500  INFO 6224 --- [l-13-thread-128] tourGuide.service.RewardsService         : ** Processing to get reward points
2021-11-29 23:17:44.504  INFO 6224 --- [l-13-thread-110] tourGuide.service.RewardsService         : ** Processing to get reward points
2021-11-29 23:17:44.507  INFO 6224 --- [l-13-thread-112] tourGuide.service.RewardsService         : ** Processing to get reward points
2021-11-29 23:17:44.507  INFO 6224 --- [l-13-thread-164] tourGuide.service.RewardsService         : ** Processing to get reward points
2021-11-29 23:17:44.513  INFO 6224 --- [ol-13-thread-43] tourGuide.service.RewardsService         : ** Processing to get reward points
2021-11-29 23:17:44.517  INFO 6224 --- [ol-13-thread-77] tourGuide.service.RewardsService         : ** Processing to get reward points
2021-11-29 23:17:44.517  INFO 6224 --- [l-13-thread-200] tourGuide.service.RewardsService         : ** Processing to get reward points
2021-11-29 23:17:44.517  INFO 6224 --- [l-13-thread-168] tourGuide.service.RewardsService         : ** Processing to get reward points
2021-11-29 23:17:44.519  INFO 6224 --- [l-13-thread-119] tourGuide.service.RewardsService         : ** Processing to get reward points
2021-11-29 23:17:44.519  INFO 6224 --- [ol-13-thread-79] tourGuide.service.RewardsService         : ** Processing to get reward points
2021-11-29 23:17:44.523  INFO 6224 --- [l-13-thread-189] tourGuide.service.RewardsService         : ** Processing to get reward points
2021-11-29 23:17:44.528  INFO 6224 --- [ol-13-thread-47] tourGuide.service.RewardsService         : ** Processing to get reward points
2021-11-29 23:17:44.529  INFO 6224 --- [l-13-thread-102] tourGuide.service.RewardsService         : ** Processing to get reward points
2021-11-29 23:17:44.531  INFO 6224 --- [l-13-thread-189] tourGuide.service.RewardsService         : ** Processing to get reward points
2021-11-29 23:17:44.531  INFO 6224 --- [l-13-thread-187] tourGuide.service.RewardsService         : ** Processing to get reward points
2021-11-29 23:17:44.532  INFO 6224 --- [l-13-thread-147] tourGuide.service.RewardsService         : ** Processing to get reward points
2021-11-29 23:17:44.533  INFO 6224 --- [l-13-thread-160] tourGuide.service.RewardsService         : ** Processing to get reward points
2021-11-29 23:17:44.535  INFO 6224 --- [l-13-thread-113] tourGuide.service.RewardsService         : ** Processing to get reward points
2021-11-29 23:17:44.539  INFO 6224 --- [l-13-thread-167] tourGuide.service.RewardsService         : ** Processing to get reward points
2021-11-29 23:17:44.542  INFO 6224 --- [ol-13-thread-25] tourGuide.service.RewardsService         : ** Processing to get reward points
2021-11-29 23:17:44.542  INFO 6224 --- [l-13-thread-145] tourGuide.service.RewardsService         : ** Processing to get reward points
2021-11-29 23:17:44.542  INFO 6224 --- [ol-13-thread-81] tourGuide.service.RewardsService         : ** Processing to get reward points
2021-11-29 23:17:44.552  INFO 6224 --- [l-13-thread-187] tourGuide.service.RewardsService         : ** Processing to get reward points
2021-11-29 23:17:44.556  INFO 6224 --- [l-13-thread-141] tourGuide.service.RewardsService         : ** Processing to get reward points
2021-11-29 23:17:44.556  INFO 6224 --- [ol-13-thread-93] tourGuide.service.RewardsService         : ** Processing to get reward points
2021-11-29 23:17:44.557  INFO 6224 --- [ol-13-thread-58] tourGuide.service.RewardsService         : ** Processing to get reward points
2021-11-29 23:17:44.560  INFO 6224 --- [ol-13-thread-98] tourGuide.service.RewardsService         : ** Processing to get reward points
2021-11-29 23:17:44.564  INFO 6224 --- [l-13-thread-124] tourGuide.service.RewardsService         : ** Processing to get reward points
2021-11-29 23:17:44.568  INFO 6224 --- [ool-13-thread-7] tourGuide.service.RewardsService         : ** Processing to get reward points
2021-11-29 23:17:44.569  INFO 6224 --- [l-13-thread-150] tourGuide.service.RewardsService         : ** Processing to get reward points
2021-11-29 23:17:44.569  INFO 6224 --- [l-13-thread-125] tourGuide.service.RewardsService         : ** Processing to get reward points
2021-11-29 23:17:44.571  INFO 6224 --- [l-13-thread-166] tourGuide.service.RewardsService         : ** Processing to get reward points
2021-11-29 23:17:44.572  INFO 6224 --- [ol-13-thread-18] tourGuide.service.RewardsService         : ** Processing to get reward points
2021-11-29 23:17:44.574  INFO 6224 --- [ol-13-thread-31] tourGuide.service.RewardsService         : ** Processing to get reward points
2021-11-29 23:17:44.575  INFO 6224 --- [ol-13-thread-83] tourGuide.service.RewardsService         : ** Processing to get reward points
2021-11-29 23:17:44.577  INFO 6224 --- [ol-13-thread-19] tourGuide.service.RewardsService         : ** Processing to get reward points
2021-11-29 23:17:44.579  INFO 6224 --- [l-13-thread-186] tourGuide.service.RewardsService         : ** Processing to get reward points
2021-11-29 23:17:44.583  INFO 6224 --- [ol-13-thread-16] tourGuide.service.RewardsService         : ** Processing to get reward points
2021-11-29 23:17:44.583  INFO 6224 --- [ol-13-thread-76] tourGuide.service.RewardsService         : ** Processing to get reward points
2021-11-29 23:17:44.591  INFO 6224 --- [l-13-thread-120] tourGuide.service.RewardsService         : ** Processing to get reward points
2021-11-29 23:17:44.594  INFO 6224 --- [l-13-thread-198] tourGuide.service.RewardsService         : ** Processing to get reward points
2021-11-29 23:17:44.597  INFO 6224 --- [ol-13-thread-45] tourGuide.service.RewardsService         : ** Processing to get reward points
2021-11-29 23:17:44.606  INFO 6224 --- [l-13-thread-164] tourGuide.service.RewardsService         : ** Processing to get reward points
2021-11-29 23:17:44.609  INFO 6224 --- [l-13-thread-101] tourGuide.service.RewardsService         : ** Processing to get reward points
2021-11-29 23:17:44.609  INFO 6224 --- [ol-13-thread-10] tourGuide.service.RewardsService         : ** Processing to get reward points
2021-11-29 23:17:44.610  INFO 6224 --- [ol-13-thread-91] tourGuide.service.RewardsService         : ** Processing to get reward points
2021-11-29 23:17:44.611  INFO 6224 --- [ol-13-thread-57] tourGuide.service.RewardsService         : ** Processing to get reward points
2021-11-29 23:17:44.616  INFO 6224 --- [l-13-thread-169] tourGuide.service.RewardsService         : ** Processing to get reward points
2021-11-29 23:17:44.624  INFO 6224 --- [ol-13-thread-35] tourGuide.service.RewardsService         : ** Processing to get reward points
2021-11-29 23:17:44.624  INFO 6224 --- [ol-13-thread-70] tourGuide.service.RewardsService         : ** Processing to get reward points
2021-11-29 23:17:44.626  INFO 6224 --- [l-13-thread-182] tourGuide.service.RewardsService         : ** Processing to get reward points
2021-11-29 23:17:44.632  INFO 6224 --- [l-13-thread-171] tourGuide.service.RewardsService         : ** Processing to get reward points
2021-11-29 23:17:44.632  INFO 6224 --- [ol-13-thread-37] tourGuide.service.RewardsService         : ** Processing to get reward points
2021-11-29 23:17:44.635  INFO 6224 --- [l-13-thread-124] tourGuide.service.RewardsService         : ** Processing to get reward points
2021-11-29 23:17:44.635  INFO 6224 --- [l-13-thread-138] tourGuide.service.RewardsService         : ** Processing to get reward points
2021-11-29 23:17:44.636  INFO 6224 --- [l-13-thread-107] tourGuide.service.RewardsService         : ** Processing to get reward points
2021-11-29 23:17:44.641  INFO 6224 --- [ol-13-thread-41] tourGuide.service.RewardsService         : ** Processing to get reward points
2021-11-29 23:17:44.641  INFO 6224 --- [ol-13-thread-89] tourGuide.service.RewardsService         : ** Processing to get reward points
2021-11-29 23:17:44.643  INFO 6224 --- [ol-13-thread-71] tourGuide.service.RewardsService         : ** Processing to get reward points
2021-11-29 23:17:44.643  INFO 6224 --- [ol-13-thread-34] tourGuide.service.RewardsService         : ** Processing to get reward points
2021-11-29 23:17:44.647  INFO 6224 --- [l-13-thread-199] tourGuide.service.RewardsService         : ** Processing to get reward points
2021-11-29 23:17:44.648  INFO 6224 --- [l-13-thread-104] tourGuide.service.RewardsService         : ** Processing to get reward points
2021-11-29 23:17:44.651  INFO 6224 --- [l-13-thread-139] tourGuide.service.RewardsService         : ** Processing to get reward points
2021-11-29 23:17:44.651  INFO 6224 --- [l-13-thread-127] tourGuide.service.RewardsService         : ** Processing to get reward points
2021-11-29 23:17:44.655  INFO 6224 --- [ol-13-thread-41] tourGuide.service.RewardsService         : ** Processing to get reward points
2021-11-29 23:17:44.658  INFO 6224 --- [ol-13-thread-49] tourGuide.service.RewardsService         : ** Processing to get reward points
2021-11-29 23:17:44.661  INFO 6224 --- [l-13-thread-126] tourGuide.service.RewardsService         : ** Processing to get reward points
2021-11-29 23:17:44.661  INFO 6224 --- [l-13-thread-142] tourGuide.service.RewardsService         : ** Processing to get reward points
2021-11-29 23:17:44.661  INFO 6224 --- [ol-13-thread-56] tourGuide.service.RewardsService         : ** Processing to get reward points
2021-11-29 23:17:44.663  INFO 6224 --- [l-13-thread-196] tourGuide.service.RewardsService         : ** Processing to get reward points
2021-11-29 23:17:44.663  INFO 6224 --- [ol-13-thread-13] tourGuide.service.RewardsService         : ** Processing to get reward points
2021-11-29 23:17:44.666  INFO 6224 --- [ol-13-thread-51] tourGuide.service.RewardsService         : ** Processing to get reward points
2021-11-29 23:17:44.666  INFO 6224 --- [l-13-thread-193] tourGuide.service.RewardsService         : ** Processing to get reward points
2021-11-29 23:17:44.667  INFO 6224 --- [ol-13-thread-85] tourGuide.service.RewardsService         : ** Processing to get reward points
2021-11-29 23:17:44.670  INFO 6224 --- [ol-13-thread-21] tourGuide.service.RewardsService         : ** Processing to get reward points
2021-11-29 23:17:44.672  INFO 6224 --- [l-13-thread-106] tourGuide.service.RewardsService         : ** Processing to get reward points
2021-11-29 23:17:44.677  INFO 6224 --- [l-13-thread-134] tourGuide.service.RewardsService         : ** Processing to get reward points
2021-11-29 23:17:44.680  INFO 6224 --- [l-13-thread-137] tourGuide.service.RewardsService         : ** Processing to get reward points
2021-11-29 23:17:44.684  INFO 6224 --- [l-13-thread-180] tourGuide.service.RewardsService         : ** Processing to get reward points
2021-11-29 23:17:44.684  INFO 6224 --- [l-13-thread-185] tourGuide.service.RewardsService         : ** Processing to get reward points
2021-11-29 23:17:44.687  INFO 6224 --- [l-13-thread-179] tourGuide.service.RewardsService         : ** Processing to get reward points
2021-11-29 23:17:44.687  INFO 6224 --- [ol-13-thread-23] tourGuide.service.RewardsService         : ** Processing to get reward points
2021-11-29 23:17:44.687  INFO 6224 --- [l-13-thread-100] tourGuide.service.RewardsService         : ** Processing to get reward points
2021-11-29 23:17:44.691  INFO 6224 --- [l-13-thread-108] tourGuide.service.RewardsService         : ** Processing to get reward points
2021-11-29 23:17:44.698  INFO 6224 --- [ol-13-thread-58] tourGuide.service.RewardsService         : ** Processing to get reward points
2021-11-29 23:17:44.698  INFO 6224 --- [l-13-thread-176] tourGuide.service.RewardsService         : ** Processing to get reward points
2021-11-29 23:17:44.701  INFO 6224 --- [l-13-thread-138] tourGuide.service.RewardsService         : ** Processing to get reward points
2021-11-29 23:17:44.702  INFO 6224 --- [ol-13-thread-34] tourGuide.service.RewardsService         : ** Processing to get reward points
2021-11-29 23:17:44.702  INFO 6224 --- [l-13-thread-105] tourGuide.service.RewardsService         : ** Processing to get reward points
2021-11-29 23:17:44.708  INFO 6224 --- [l-13-thread-117] tourGuide.service.RewardsService         : ** Processing to get reward points
2021-11-29 23:17:44.713  INFO 6224 --- [l-13-thread-180] tourGuide.service.RewardsService         : ** Processing to get reward points
2021-11-29 23:17:44.719  INFO 6224 --- [ol-13-thread-46] tourGuide.service.RewardsService         : ** Processing to get reward points
2021-11-29 23:17:44.726  INFO 6224 --- [l-13-thread-151] tourGuide.service.RewardsService         : ** Processing to get reward points
2021-11-29 23:17:44.730  INFO 6224 --- [ol-13-thread-96] tourGuide.service.RewardsService         : ** Processing to get reward points
2021-11-29 23:17:44.731  INFO 6224 --- [l-13-thread-158] tourGuide.service.RewardsService         : ** Processing to get reward points
2021-11-29 23:17:44.741  INFO 6224 --- [l-13-thread-114] tourGuide.service.RewardsService         : ** Processing to get reward points
2021-11-29 23:17:44.741  INFO 6224 --- [ol-13-thread-37] tourGuide.service.RewardsService         : ** Processing to get reward points
2021-11-29 23:17:44.743  INFO 6224 --- [ol-13-thread-71] tourGuide.service.RewardsService         : ** Processing to get reward points
2021-11-29 23:17:44.743  INFO 6224 --- [ol-13-thread-80] tourGuide.service.RewardsService         : ** Processing to get reward points
2021-11-29 23:17:44.745  INFO 6224 --- [l-13-thread-167] tourGuide.service.RewardsService         : ** Processing to get reward points
2021-11-29 23:17:44.749  INFO 6224 --- [ol-13-thread-87] tourGuide.service.RewardsService         : ** Processing to get reward points
2021-11-29 23:17:44.749  INFO 6224 --- [l-13-thread-111] tourGuide.service.RewardsService         : ** Processing to get reward points
2021-11-29 23:17:44.754  INFO 6224 --- [l-13-thread-148] tourGuide.service.RewardsService         : ** Processing to get reward points
2021-11-29 23:17:44.763  INFO 6224 --- [ol-13-thread-81] tourGuide.service.RewardsService         : ** Processing to get reward points
2021-11-29 23:17:44.764  INFO 6224 --- [ol-13-thread-70] tourGuide.service.RewardsService         : ** Processing to get reward points
2021-11-29 23:17:44.765  INFO 6224 --- [ol-13-thread-18] tourGuide.service.RewardsService         : ** Processing to get reward points
2021-11-29 23:17:44.770  INFO 6224 --- [ol-13-thread-11] tourGuide.service.RewardsService         : ** Processing to get reward points
2021-11-29 23:17:44.773  INFO 6224 --- [l-13-thread-163] tourGuide.service.RewardsService         : ** Processing to get reward points
2021-11-29 23:17:44.773  INFO 6224 --- [ol-13-thread-78] tourGuide.service.RewardsService         : ** Processing to get reward points
2021-11-29 23:17:44.776  INFO 6224 --- [ol-13-thread-42] tourGuide.service.RewardsService         : ** Processing to get reward points
2021-11-29 23:17:44.776  INFO 6224 --- [l-13-thread-144] tourGuide.service.RewardsService         : ** Processing to get reward points
2021-11-29 23:17:44.781  INFO 6224 --- [l-13-thread-194] tourGuide.service.RewardsService         : ** Processing to get reward points
2021-11-29 23:17:44.783  INFO 6224 --- [l-13-thread-131] tourGuide.service.RewardsService         : ** Processing to get reward points
2021-11-29 23:17:44.783  INFO 6224 --- [ol-13-thread-15] tourGuide.service.RewardsService         : ** Processing to get reward points
2021-11-29 23:17:44.787  INFO 6224 --- [ol-13-thread-25] tourGuide.service.RewardsService         : ** Processing to get reward points
2021-11-29 23:17:44.788  INFO 6224 --- [l-13-thread-174] tourGuide.service.RewardsService         : ** Processing to get reward points
2021-11-29 23:17:44.789  INFO 6224 --- [ol-13-thread-47] tourGuide.service.RewardsService         : ** Processing to get reward points
2021-11-29 23:17:44.797  INFO 6224 --- [ol-13-thread-30] tourGuide.service.RewardsService         : ** Processing to get reward points
2021-11-29 23:17:44.806  INFO 6224 --- [ol-13-thread-53] tourGuide.service.RewardsService         : ** Processing to get reward points
2021-11-29 23:17:44.806  INFO 6224 --- [l-13-thread-175] tourGuide.service.RewardsService         : ** Processing to get reward points
2021-11-29 23:17:44.806  INFO 6224 --- [l-13-thread-132] tourGuide.service.RewardsService         : ** Processing to get reward points
2021-11-29 23:17:44.806  INFO 6224 --- [ol-13-thread-44] tourGuide.service.RewardsService         : ** Processing to get reward points
2021-11-29 23:17:44.808  INFO 6224 --- [l-13-thread-177] tourGuide.service.RewardsService         : ** Processing to get reward points
2021-11-29 23:17:44.811  INFO 6224 --- [ol-13-thread-13] tourGuide.service.RewardsService         : ** Processing to get reward points
2021-11-29 23:17:44.811  INFO 6224 --- [ol-13-thread-60] tourGuide.service.RewardsService         : ** Processing to get reward points
2021-11-29 23:17:44.812  INFO 6224 --- [ol-13-thread-96] tourGuide.service.RewardsService         : ** Processing to get reward points
2021-11-29 23:17:44.812  INFO 6224 --- [l-13-thread-188] tourGuide.service.RewardsService         : ** Processing to get reward points
2021-11-29 23:17:44.813  INFO 6224 --- [ol-13-thread-48] tourGuide.service.RewardsService         : ** Processing to get reward points
2021-11-29 23:17:44.814  INFO 6224 --- [l-13-thread-200] tourGuide.service.RewardsService         : ** Processing to get reward points
2021-11-29 23:17:44.815  INFO 6224 --- [ol-13-thread-62] tourGuide.service.RewardsService         : ** Processing to get reward points
2021-11-29 23:17:44.823  INFO 6224 --- [ol-13-thread-68] tourGuide.service.RewardsService         : ** Processing to get reward points
2021-11-29 23:17:44.823  INFO 6224 --- [ol-13-thread-84] tourGuide.service.RewardsService         : ** Processing to get reward points
2021-11-29 23:17:44.825  INFO 6224 --- [ol-13-thread-14] tourGuide.service.RewardsService         : ** Processing to get reward points
2021-11-29 23:17:44.826  INFO 6224 --- [ol-13-thread-78] tourGuide.service.RewardsService         : ** Processing to get reward points
2021-11-29 23:17:44.829  INFO 6224 --- [ol-13-thread-80] tourGuide.service.RewardsService         : ** Processing to get reward points
2021-11-29 23:17:44.835  INFO 6224 --- [l-13-thread-190] tourGuide.service.RewardsService         : ** Processing to get reward points
2021-11-29 23:17:44.836  INFO 6224 --- [ol-13-thread-69] tourGuide.service.RewardsService         : ** Processing to get reward points
2021-11-29 23:17:44.836  INFO 6224 --- [ol-13-thread-24] tourGuide.service.RewardsService         : ** Processing to get reward points
2021-11-29 23:17:44.840  INFO 6224 --- [l-13-thread-159] tourGuide.service.RewardsService         : ** Processing to get reward points
2021-11-29 23:17:44.843  INFO 6224 --- [ol-13-thread-22] tourGuide.service.RewardsService         : ** Processing to get reward points
2021-11-29 23:17:44.847  INFO 6224 --- [ol-13-thread-50] tourGuide.service.RewardsService         : ** Processing to get reward points
2021-11-29 23:17:44.849  INFO 6224 --- [ol-13-thread-76] tourGuide.service.RewardsService         : ** Processing to get reward points
2021-11-29 23:17:44.854  INFO 6224 --- [ol-13-thread-56] tourGuide.service.RewardsService         : ** Processing to get reward points
2021-11-29 23:17:44.857  INFO 6224 --- [l-13-thread-162] tourGuide.service.RewardsService         : ** Processing to get reward points
2021-11-29 23:17:44.862  INFO 6224 --- [l-13-thread-103] tourGuide.service.RewardsService         : ** Processing to get reward points
2021-11-29 23:17:44.862  INFO 6224 --- [ol-13-thread-76] tourGuide.service.RewardsService         : ** Processing to get reward points
2021-11-29 23:17:44.870  INFO 6224 --- [l-13-thread-118] tourGuide.service.RewardsService         : ** Processing to get reward points
2021-11-29 23:17:44.875  INFO 6224 --- [ol-13-thread-80] tourGuide.service.RewardsService         : ** Processing to get reward points
2021-11-29 23:17:44.881  INFO 6224 --- [l-13-thread-185] tourGuide.service.RewardsService         : ** Processing to get reward points
2021-11-29 23:17:44.882  INFO 6224 --- [l-13-thread-154] tourGuide.service.RewardsService         : ** Processing to get reward points
2021-11-29 23:17:44.883  INFO 6224 --- [l-13-thread-140] tourGuide.service.RewardsService         : ** Processing to get reward points
2021-11-29 23:17:44.886  INFO 6224 --- [ol-13-thread-65] tourGuide.service.RewardsService         : ** Processing to get reward points
2021-11-29 23:17:44.893  INFO 6224 --- [l-13-thread-173] tourGuide.service.RewardsService         : ** Processing to get reward points
2021-11-29 23:17:44.893  INFO 6224 --- [ol-13-thread-94] tourGuide.service.RewardsService         : ** Processing to get reward points
2021-11-29 23:17:44.897  INFO 6224 --- [l-13-thread-119] tourGuide.service.RewardsService         : ** Processing to get reward points
2021-11-29 23:17:44.899  INFO 6224 --- [l-13-thread-152] tourGuide.service.RewardsService         : ** Processing to get reward points
2021-11-29 23:17:44.902  INFO 6224 --- [l-13-thread-191] tourGuide.service.RewardsService         : ** Processing to get reward points
2021-11-29 23:17:44.902  INFO 6224 --- [l-13-thread-133] tourGuide.service.RewardsService         : ** Processing to get reward points
2021-11-29 23:17:44.904  INFO 6224 --- [l-13-thread-157] tourGuide.service.RewardsService         : ** Processing to get reward points
2021-11-29 23:17:44.910  INFO 6224 --- [ol-13-thread-74] tourGuide.service.RewardsService         : ** Processing to get reward points
2021-11-29 23:17:44.918  INFO 6224 --- [ool-13-thread-6] tourGuide.service.RewardsService         : ** Processing to get reward points
2021-11-29 23:17:44.920  INFO 6224 --- [l-13-thread-109] tourGuide.service.RewardsService         : ** Processing to get reward points
2021-11-29 23:17:44.920  INFO 6224 --- [l-13-thread-106] tourGuide.service.RewardsService         : ** Processing to get reward points
2021-11-29 23:17:44.922  INFO 6224 --- [l-13-thread-169] tourGuide.service.RewardsService         : ** Processing to get reward points
2021-11-29 23:17:44.923  INFO 6224 --- [ol-13-thread-44] tourGuide.service.RewardsService         : ** Processing to get reward points
2021-11-29 23:17:44.930  INFO 6224 --- [l-13-thread-171] tourGuide.service.RewardsService         : ** Processing to get reward points
2021-11-29 23:17:44.931  INFO 6224 --- [ol-13-thread-66] tourGuide.service.RewardsService         : ** Processing to get reward points
2021-11-29 23:17:44.934  INFO 6224 --- [l-13-thread-114] tourGuide.service.RewardsService         : ** Processing to get reward points
2021-11-29 23:17:44.937  INFO 6224 --- [l-13-thread-134] tourGuide.service.RewardsService         : ** Processing to get reward points
2021-11-29 23:17:44.939  INFO 6224 --- [l-13-thread-118] tourGuide.service.RewardsService         : ** Processing to get reward points
2021-11-29 23:17:44.939  INFO 6224 --- [ol-13-thread-97] tourGuide.service.RewardsService         : ** Processing to get reward points
2021-11-29 23:17:44.940  INFO 6224 --- [ol-13-thread-77] tourGuide.service.RewardsService         : ** Processing to get reward points
2021-11-29 23:17:44.940  INFO 6224 --- [ol-13-thread-52] tourGuide.service.RewardsService         : ** Processing to get reward points
2021-11-29 23:17:44.943  INFO 6224 --- [ol-13-thread-12] tourGuide.service.RewardsService         : ** Processing to get reward points
2021-11-29 23:17:44.943  INFO 6224 --- [ol-13-thread-38] tourGuide.service.RewardsService         : ** Processing to get reward points
2021-11-29 23:17:44.945  INFO 6224 --- [l-13-thread-146] tourGuide.service.RewardsService         : ** Processing to get reward points
2021-11-29 23:17:44.950  INFO 6224 --- [l-13-thread-168] tourGuide.service.RewardsService         : ** Processing to get reward points
2021-11-29 23:17:44.956  INFO 6224 --- [ol-13-thread-29] tourGuide.service.RewardsService         : ** Processing to get reward points
2021-11-29 23:17:44.958  INFO 6224 --- [ol-13-thread-48] tourGuide.service.RewardsService         : ** Processing to get reward points
2021-11-29 23:17:44.962  INFO 6224 --- [l-13-thread-102] tourGuide.service.RewardsService         : ** Processing to get reward points
2021-11-29 23:17:44.963  INFO 6224 --- [ol-13-thread-55] tourGuide.service.RewardsService         : ** Processing to get reward points
2021-11-29 23:17:44.970  INFO 6224 --- [ool-13-thread-2] tourGuide.service.RewardsService         : ** Processing to get reward points
2021-11-29 23:17:44.975  INFO 6224 --- [ol-13-thread-37] tourGuide.service.RewardsService         : ** Processing to get reward points
2021-11-29 23:17:44.975  INFO 6224 --- [ol-13-thread-63] tourGuide.service.RewardsService         : ** Processing to get reward points
2021-11-29 23:17:44.976  INFO 6224 --- [ol-13-thread-52] tourGuide.service.RewardsService         : ** Processing to get reward points
2021-11-29 23:17:44.982  INFO 6224 --- [ool-13-thread-4] tourGuide.service.RewardsService         : ** Processing to get reward points
2021-11-29 23:17:44.986  INFO 6224 --- [l-13-thread-169] tourGuide.service.RewardsService         : ** Processing to get reward points
2021-11-29 23:17:44.986  INFO 6224 --- [ol-13-thread-15] tourGuide.service.RewardsService         : ** Processing to get reward points
2021-11-29 23:17:44.991  INFO 6224 --- [l-13-thread-190] tourGuide.service.RewardsService         : ** Processing to get reward points
2021-11-29 23:17:44.996  INFO 6224 --- [ol-13-thread-29] tourGuide.service.RewardsService         : ** Processing to get reward points
2021-11-29 23:17:45.000  INFO 6224 --- [ol-13-thread-41] tourGuide.service.RewardsService         : ** Processing to get reward points
2021-11-29 23:17:45.006  INFO 6224 --- [ol-13-thread-36] tourGuide.service.RewardsService         : ** Processing to get reward points
2021-11-29 23:17:45.009  INFO 6224 --- [ol-13-thread-89] tourGuide.service.RewardsService         : ** Processing to get reward points
2021-11-29 23:17:45.009  INFO 6224 --- [ol-13-thread-40] tourGuide.service.RewardsService         : ** Processing to get reward points
2021-11-29 23:17:45.010  INFO 6224 --- [l-13-thread-163] tourGuide.service.RewardsService         : ** Processing to get reward points
2021-11-29 23:17:45.020  INFO 6224 --- [ol-13-thread-82] tourGuide.service.RewardsService         : ** Processing to get reward points
2021-11-29 23:17:45.024  INFO 6224 --- [l-13-thread-146] tourGuide.service.RewardsService         : ** Processing to get reward points
2021-11-29 23:17:45.026  INFO 6224 --- [l-13-thread-174] tourGuide.service.RewardsService         : ** Processing to get reward points
2021-11-29 23:17:45.029  INFO 6224 --- [l-13-thread-112] tourGuide.service.RewardsService         : ** Processing to get reward points
2021-11-29 23:17:45.036  INFO 6224 --- [ol-13-thread-66] tourGuide.service.RewardsService         : ** Processing to get reward points
2021-11-29 23:17:45.037  INFO 6224 --- [ol-13-thread-11] tourGuide.service.RewardsService         : ** Processing to get reward points
2021-11-29 23:17:45.038  INFO 6224 --- [l-13-thread-129] tourGuide.service.RewardsService         : ** Processing to get reward points
2021-11-29 23:17:45.038  INFO 6224 --- [l-13-thread-130] tourGuide.service.RewardsService         : ** Processing to get reward points
2021-11-29 23:17:45.041  INFO 6224 --- [l-13-thread-153] tourGuide.service.RewardsService         : ** Processing to get reward points
2021-11-29 23:17:45.043  INFO 6224 --- [ol-13-thread-75] tourGuide.service.RewardsService         : ** Processing to get reward points
2021-11-29 23:17:45.045  INFO 6224 --- [l-13-thread-194] tourGuide.service.RewardsService         : ** Processing to get reward points
2021-11-29 23:17:45.045  INFO 6224 --- [l-13-thread-155] tourGuide.service.RewardsService         : ** Processing to get reward points
2021-11-29 23:17:45.054  INFO 6224 --- [l-13-thread-125] tourGuide.service.RewardsService         : ** Processing to get reward points
2021-11-29 23:17:45.060  INFO 6224 --- [l-13-thread-150] tourGuide.service.RewardsService         : ** Processing to get reward points
2021-11-29 23:17:45.060  INFO 6224 --- [ol-13-thread-79] tourGuide.service.RewardsService         : ** Processing to get reward points
2021-11-29 23:17:45.069  INFO 6224 --- [ol-13-thread-88] tourGuide.service.RewardsService         : ** Processing to get reward points
2021-11-29 23:17:45.070  INFO 6224 --- [ol-13-thread-73] tourGuide.service.RewardsService         : ** Processing to get reward points
2021-11-29 23:17:45.070  INFO 6224 --- [ol-13-thread-23] tourGuide.service.RewardsService         : ** Processing to get reward points
2021-11-29 23:17:45.073  INFO 6224 --- [ol-13-thread-42] tourGuide.service.RewardsService         : ** Processing to get reward points
2021-11-29 23:17:45.074  INFO 6224 --- [ol-13-thread-17] tourGuide.service.RewardsService         : ** Processing to get reward points
2021-11-29 23:17:45.074  INFO 6224 --- [ol-13-thread-35] tourGuide.service.RewardsService         : ** Processing to get reward points
2021-11-29 23:17:45.076  INFO 6224 --- [ol-13-thread-89] tourGuide.service.RewardsService         : ** Processing to get reward points
2021-11-29 23:17:45.077  INFO 6224 --- [l-13-thread-124] tourGuide.service.RewardsService         : ** Processing to get reward points
2021-11-29 23:17:45.078  INFO 6224 --- [l-13-thread-141] tourGuide.service.RewardsService         : ** Processing to get reward points
2021-11-29 23:17:45.078  INFO 6224 --- [ol-13-thread-28] tourGuide.service.RewardsService         : ** Processing to get reward points
2021-11-29 23:17:45.079  INFO 6224 --- [ol-13-thread-86] tourGuide.service.RewardsService         : ** Processing to get reward points
2021-11-29 23:17:45.079  INFO 6224 --- [ool-13-thread-9] tourGuide.service.RewardsService         : ** Processing to get reward points
2021-11-29 23:17:45.082  INFO 6224 --- [l-13-thread-183] tourGuide.service.RewardsService         : ** Processing to get reward points
2021-11-29 23:17:45.082  INFO 6224 --- [ol-13-thread-33] tourGuide.service.RewardsService         : ** Processing to get reward points
2021-11-29 23:17:45.085  INFO 6224 --- [l-13-thread-121] tourGuide.service.RewardsService         : ** Processing to get reward points
2021-11-29 23:17:45.088  INFO 6224 --- [ol-13-thread-28] tourGuide.service.RewardsService         : ** Processing to get reward points
2021-11-29 23:17:45.088  INFO 6224 --- [ol-13-thread-20] tourGuide.service.RewardsService         : ** Processing to get reward points
2021-11-29 23:17:45.091  INFO 6224 --- [l-13-thread-182] tourGuide.service.RewardsService         : ** Processing to get reward points
2021-11-29 23:17:45.091  INFO 6224 --- [ol-13-thread-84] tourGuide.service.RewardsService         : ** Processing to get reward points
2021-11-29 23:17:45.093  INFO 6224 --- [l-13-thread-148] tourGuide.service.RewardsService         : ** Processing to get reward points
2021-11-29 23:17:45.101  INFO 6224 --- [l-13-thread-192] tourGuide.service.RewardsService         : ** Processing to get reward points
2021-11-29 23:17:45.101  INFO 6224 --- [l-13-thread-178] tourGuide.service.RewardsService         : ** Processing to get reward points
2021-11-29 23:17:45.104  INFO 6224 --- [l-13-thread-167] tourGuide.service.RewardsService         : ** Processing to get reward points
2021-11-29 23:17:45.108  INFO 6224 --- [ol-13-thread-99] tourGuide.service.RewardsService         : ** Processing to get reward points
2021-11-29 23:17:45.110  INFO 6224 --- [l-13-thread-170] tourGuide.service.RewardsService         : ** Processing to get reward points
2021-11-29 23:17:45.111  INFO 6224 --- [l-13-thread-110] tourGuide.service.RewardsService         : ** Processing to get reward points
2021-11-29 23:17:45.118  INFO 6224 --- [ool-13-thread-8] tourGuide.service.RewardsService         : ** Processing to get reward points
2021-11-29 23:17:45.118  INFO 6224 --- [l-13-thread-122] tourGuide.service.RewardsService         : ** Processing to get reward points
2021-11-29 23:17:45.118  INFO 6224 --- [l-13-thread-182] tourGuide.service.RewardsService         : ** Processing to get reward points
2021-11-29 23:17:45.120  INFO 6224 --- [l-13-thread-132] tourGuide.service.RewardsService         : ** Processing to get reward points
2021-11-29 23:17:45.120  INFO 6224 --- [ol-13-thread-41] tourGuide.service.RewardsService         : ** Processing to get reward points
2021-11-29 23:17:45.121  INFO 6224 --- [l-13-thread-116] tourGuide.service.RewardsService         : ** Processing to get reward points
2021-11-29 23:17:45.127  INFO 6224 --- [ol-13-thread-94] tourGuide.service.RewardsService         : ** Processing to get reward points
2021-11-29 23:17:45.128  INFO 6224 --- [ol-13-thread-27] tourGuide.service.RewardsService         : ** Processing to get reward points
2021-11-29 23:17:45.132  INFO 6224 --- [l-13-thread-112] tourGuide.service.RewardsService         : ** Processing to get reward points
2021-11-29 23:17:45.133  INFO 6224 --- [l-13-thread-189] tourGuide.service.RewardsService         : ** Processing to get reward points
2021-11-29 23:17:45.135  INFO 6224 --- [l-13-thread-173] tourGuide.service.RewardsService         : ** Processing to get reward points
2021-11-29 23:17:45.137  INFO 6224 --- [l-13-thread-179] tourGuide.service.RewardsService         : ** Processing to get reward points
2021-11-29 23:17:45.139  INFO 6224 --- [ol-13-thread-60] tourGuide.service.RewardsService         : ** Processing to get reward points
2021-11-29 23:17:45.145  INFO 6224 --- [ol-13-thread-39] tourGuide.service.RewardsService         : ** Processing to get reward points
2021-11-29 23:17:45.147  INFO 6224 --- [ol-13-thread-67] tourGuide.service.RewardsService         : ** Processing to get reward points
2021-11-29 23:17:45.150  INFO 6224 --- [ool-13-thread-1] tourGuide.service.RewardsService         : ** Processing to get reward points
2021-11-29 23:17:45.151  INFO 6224 --- [l-13-thread-113] tourGuide.service.RewardsService         : ** Processing to get reward points
2021-11-29 23:17:45.155  INFO 6224 --- [l-13-thread-136] tourGuide.service.RewardsService         : ** Processing to get reward points
2021-11-29 23:17:45.155  INFO 6224 --- [l-13-thread-197] tourGuide.service.RewardsService         : ** Processing to get reward points
2021-11-29 23:17:45.156  INFO 6224 --- [l-13-thread-113] tourGuide.service.RewardsService         : ** Processing to get reward points
2021-11-29 23:17:45.158  INFO 6224 --- [ol-13-thread-24] tourGuide.service.RewardsService         : ** Processing to get reward points
2021-11-29 23:17:45.160  INFO 6224 --- [ol-13-thread-51] tourGuide.service.RewardsService         : ** Processing to get reward points
2021-11-29 23:17:45.162  INFO 6224 --- [ol-13-thread-61] tourGuide.service.RewardsService         : ** Processing to get reward points
2021-11-29 23:17:45.163  INFO 6224 --- [l-13-thread-148] tourGuide.service.RewardsService         : ** Processing to get reward points
2021-11-29 23:17:45.166  INFO 6224 --- [l-13-thread-195] tourGuide.service.RewardsService         : ** Processing to get reward points
2021-11-29 23:17:45.170  INFO 6224 --- [ol-13-thread-59] tourGuide.service.RewardsService         : ** Processing to get reward points
2021-11-29 23:17:45.170  INFO 6224 --- [l-13-thread-128] tourGuide.service.RewardsService         : ** Processing to get reward points
2021-11-29 23:17:45.172  INFO 6224 --- [ol-13-thread-33] tourGuide.service.RewardsService         : ** Processing to get reward points
2021-11-29 23:17:45.172  INFO 6224 --- [ol-13-thread-65] tourGuide.service.RewardsService         : ** Processing to get reward points
2021-11-29 23:17:45.173  INFO 6224 --- [ol-13-thread-72] tourGuide.service.RewardsService         : ** Processing to get reward points
2021-11-29 23:17:45.176  INFO 6224 --- [ol-13-thread-44] tourGuide.service.RewardsService         : ** Processing to get reward points
2021-11-29 23:17:45.180  INFO 6224 --- [l-13-thread-187] tourGuide.service.RewardsService         : ** Processing to get reward points
2021-11-29 23:17:45.181  INFO 6224 --- [ol-13-thread-64] tourGuide.service.RewardsService         : ** Processing to get reward points
2021-11-29 23:17:45.184  INFO 6224 --- [ol-13-thread-20] tourGuide.service.RewardsService         : ** Processing to get reward points
2021-11-29 23:17:45.189  INFO 6224 --- [ol-13-thread-10] tourGuide.service.RewardsService         : ** Processing to get reward points
2021-11-29 23:17:45.192  INFO 6224 --- [ol-13-thread-49] tourGuide.service.RewardsService         : ** Processing to get reward points
2021-11-29 23:17:45.207  INFO 6224 --- [ol-13-thread-25] tourGuide.service.RewardsService         : ** Processing to get reward points
2021-11-29 23:17:45.210  INFO 6224 --- [ol-13-thread-88] tourGuide.service.RewardsService         : ** Processing to get reward points
2021-11-29 23:17:45.212  INFO 6224 --- [l-13-thread-200] tourGuide.service.RewardsService         : ** Processing to get reward points
2021-11-29 23:17:45.213  INFO 6224 --- [ol-13-thread-28] tourGuide.service.RewardsService         : ** Processing to get reward points
2021-11-29 23:17:45.217  INFO 6224 --- [ol-13-thread-12] tourGuide.service.RewardsService         : ** Processing to get reward points
2021-11-29 23:17:45.219  INFO 6224 --- [ool-13-thread-2] tourGuide.service.RewardsService         : ** Processing to get reward points
2021-11-29 23:17:45.220  INFO 6224 --- [ool-13-thread-3] tourGuide.service.RewardsService         : ** Processing to get reward points
2021-11-29 23:17:45.220  INFO 6224 --- [l-13-thread-135] tourGuide.service.RewardsService         : ** Processing to get reward points
2021-11-29 23:17:45.221  INFO 6224 --- [ol-13-thread-38] tourGuide.service.RewardsService         : ** Processing to get reward points
2021-11-29 23:17:45.221  INFO 6224 --- [ol-13-thread-27] tourGuide.service.RewardsService         : ** Processing to get reward points
2021-11-29 23:17:45.222  INFO 6224 --- [ol-13-thread-26] tourGuide.service.RewardsService         : ** Processing to get reward points
2021-11-29 23:17:45.223  INFO 6224 --- [ol-13-thread-19] tourGuide.service.RewardsService         : ** Processing to get reward points
2021-11-29 23:17:45.227  INFO 6224 --- [ol-13-thread-25] tourGuide.service.RewardsService         : ** Processing to get reward points
2021-11-29 23:17:45.232  INFO 6224 --- [ol-13-thread-49] tourGuide.service.RewardsService         : ** Processing to get reward points
2021-11-29 23:17:45.232  INFO 6224 --- [l-13-thread-123] tourGuide.service.RewardsService         : ** Processing to get reward points
2021-11-29 23:17:45.236  INFO 6224 --- [l-13-thread-176] tourGuide.service.RewardsService         : ** Processing to get reward points
2021-11-29 23:17:45.240  INFO 6224 --- [ol-13-thread-58] tourGuide.service.RewardsService         : ** Processing to get reward points
2021-11-29 23:17:45.240  INFO 6224 --- [l-13-thread-101] tourGuide.service.RewardsService         : ** Processing to get reward points
2021-11-29 23:17:45.250  INFO 6224 --- [l-13-thread-161] tourGuide.service.RewardsService         : ** Processing to get reward points
2021-11-29 23:17:45.252  INFO 6224 --- [ol-13-thread-30] tourGuide.service.RewardsService         : ** Processing to get reward points
2021-11-29 23:17:45.256  INFO 6224 --- [l-13-thread-123] tourGuide.service.RewardsService         : ** Processing to get reward points
2021-11-29 23:17:45.256  INFO 6224 --- [ol-13-thread-13] tourGuide.service.RewardsService         : ** Processing to get reward points
2021-11-29 23:17:45.261  INFO 6224 --- [l-13-thread-175] tourGuide.service.RewardsService         : ** Processing to get reward points
2021-11-29 23:17:45.266  INFO 6224 --- [l-13-thread-162] tourGuide.service.RewardsService         : ** Processing to get reward points
2021-11-29 23:17:45.271  INFO 6224 --- [l-13-thread-101] tourGuide.service.RewardsService         : ** Processing to get reward points
2021-11-29 23:17:45.271  INFO 6224 --- [l-13-thread-103] tourGuide.service.RewardsService         : ** Processing to get reward points
2021-11-29 23:17:45.275  INFO 6224 --- [ol-13-thread-92] tourGuide.service.RewardsService         : ** Processing to get reward points
2021-11-29 23:17:45.275  INFO 6224 --- [ol-13-thread-27] tourGuide.service.RewardsService         : ** Processing to get reward points
2021-11-29 23:17:45.279  INFO 6224 --- [l-13-thread-120] tourGuide.service.RewardsService         : ** Processing to get reward points
2021-11-29 23:17:45.279  INFO 6224 --- [ool-13-thread-5] tourGuide.service.RewardsService         : ** Processing to get reward points
2021-11-29 23:17:45.297  INFO 6224 --- [l-13-thread-181] tourGuide.service.RewardsService         : ** Processing to get reward points
2021-11-29 23:17:45.298  INFO 6224 --- [ol-13-thread-57] tourGuide.service.RewardsService         : ** Processing to get reward points
2021-11-29 23:17:45.302  INFO 6224 --- [ol-13-thread-32] tourGuide.service.RewardsService         : ** Processing to get reward points
2021-11-29 23:17:45.310  INFO 6224 --- [l-13-thread-140] tourGuide.service.RewardsService         : ** Processing to get reward points
2021-11-29 23:17:45.311  INFO 6224 --- [l-13-thread-121] tourGuide.service.RewardsService         : ** Processing to get reward points
2021-11-29 23:17:45.313  INFO 6224 --- [ol-13-thread-22] tourGuide.service.RewardsService         : ** Processing to get reward points
2021-11-29 23:17:45.313  INFO 6224 --- [l-13-thread-197] tourGuide.service.RewardsService         : ** Processing to get reward points
2021-11-29 23:17:45.314  INFO 6224 --- [ol-13-thread-16] tourGuide.service.RewardsService         : ** Processing to get reward points
2021-11-29 23:17:45.314  INFO 6224 --- [l-13-thread-156] tourGuide.service.RewardsService         : ** Processing to get reward points
2021-11-29 23:17:45.315  INFO 6224 --- [ol-13-thread-71] tourGuide.service.RewardsService         : ** Processing to get reward points
2021-11-29 23:17:45.316  INFO 6224 --- [l-13-thread-186] tourGuide.service.RewardsService         : ** Processing to get reward points
2021-11-29 23:17:45.319  INFO 6224 --- [l-13-thread-190] tourGuide.service.RewardsService         : ** Processing to get reward points
2021-11-29 23:17:45.319  INFO 6224 --- [l-13-thread-105] tourGuide.service.RewardsService         : ** Processing to get reward points
2021-11-29 23:17:45.326  INFO 6224 --- [ool-13-thread-8] tourGuide.service.RewardsService         : ** Processing to get reward points
2021-11-29 23:17:45.327  INFO 6224 --- [l-13-thread-143] tourGuide.service.RewardsService         : ** Processing to get reward points
2021-11-29 23:17:45.328  INFO 6224 --- [ol-13-thread-78] tourGuide.service.RewardsService         : ** Processing to get reward points
2021-11-29 23:17:45.328  INFO 6224 --- [l-13-thread-107] tourGuide.service.RewardsService         : ** Processing to get reward points
2021-11-29 23:17:45.332  INFO 6224 --- [ol-13-thread-89] tourGuide.service.RewardsService         : ** Processing to get reward points
2021-11-29 23:17:45.336  INFO 6224 --- [ol-13-thread-10] tourGuide.service.RewardsService         : ** Processing to get reward points
2021-11-29 23:17:45.341  INFO 6224 --- [l-13-thread-133] tourGuide.service.RewardsService         : ** Processing to get reward points
2021-11-29 23:17:45.345  INFO 6224 --- [l-13-thread-164] tourGuide.service.RewardsService         : ** Processing to get reward points
2021-11-29 23:17:45.354  INFO 6224 --- [ol-13-thread-90] tourGuide.service.RewardsService         : ** Processing to get reward points
2021-11-29 23:17:45.356  INFO 6224 --- [l-13-thread-172] tourGuide.service.RewardsService         : ** Processing to get reward points
2021-11-29 23:17:45.356  INFO 6224 --- [l-13-thread-130] tourGuide.service.RewardsService         : ** Processing to get reward points
2021-11-29 23:17:45.356  INFO 6224 --- [ol-13-thread-11] tourGuide.service.RewardsService         : ** Processing to get reward points
2021-11-29 23:17:45.358  INFO 6224 --- [l-13-thread-195] tourGuide.service.RewardsService         : ** Processing to get reward points
2021-11-29 23:17:45.359  INFO 6224 --- [ol-13-thread-67] tourGuide.service.RewardsService         : ** Processing to get reward points
2021-11-29 23:17:45.359  INFO 6224 --- [ol-13-thread-45] tourGuide.service.RewardsService         : ** Processing to get reward points
2021-11-29 23:17:45.361  INFO 6224 --- [l-13-thread-117] tourGuide.service.RewardsService         : ** Processing to get reward points
2021-11-29 23:17:45.371  INFO 6224 --- [ol-13-thread-91] tourGuide.service.RewardsService         : ** Processing to get reward points
2021-11-29 23:17:45.372  INFO 6224 --- [l-13-thread-121] tourGuide.service.RewardsService         : ** Processing to get reward points
2021-11-29 23:17:45.373  INFO 6224 --- [ol-13-thread-63] tourGuide.service.RewardsService         : ** Processing to get reward points
2021-11-29 23:17:45.380  INFO 6224 --- [ol-13-thread-15] tourGuide.service.RewardsService         : ** Processing to get reward points
2021-11-29 23:17:45.382  INFO 6224 --- [ol-13-thread-34] tourGuide.service.RewardsService         : ** Processing to get reward points
2021-11-29 23:17:45.384  INFO 6224 --- [l-13-thread-108] tourGuide.service.RewardsService         : ** Processing to get reward points
2021-11-29 23:17:45.387  INFO 6224 --- [l-13-thread-165] tourGuide.service.RewardsService         : ** Processing to get reward points
2021-11-29 23:17:45.390  INFO 6224 --- [l-13-thread-169] tourGuide.service.RewardsService         : ** Processing to get reward points
2021-11-29 23:17:45.397  INFO 6224 --- [ol-13-thread-55] tourGuide.service.RewardsService         : ** Processing to get reward points
2021-11-29 23:17:45.398  INFO 6224 --- [l-13-thread-199] tourGuide.service.RewardsService         : ** Processing to get reward points
2021-11-29 23:17:45.409  INFO 6224 --- [ol-13-thread-47] tourGuide.service.RewardsService         : ** Processing to get reward points
2021-11-29 23:17:45.410  INFO 6224 --- [l-13-thread-184] tourGuide.service.RewardsService         : ** Processing to get reward points
2021-11-29 23:17:45.411  INFO 6224 --- [l-13-thread-134] tourGuide.service.RewardsService         : ** Processing to get reward points
2021-11-29 23:17:45.411  INFO 6224 --- [ol-13-thread-62] tourGuide.service.RewardsService         : ** Processing to get reward points
2021-11-29 23:17:45.411  INFO 6224 --- [l-13-thread-129] tourGuide.service.RewardsService         : ** Processing to get reward points
2021-11-29 23:17:45.412  INFO 6224 --- [l-13-thread-145] tourGuide.service.RewardsService         : ** Processing to get reward points
2021-11-29 23:17:45.412  INFO 6224 --- [l-13-thread-180] tourGuide.service.RewardsService         : ** Processing to get reward points
2021-11-29 23:17:45.419  INFO 6224 --- [ol-13-thread-15] tourGuide.service.RewardsService         : ** Processing to get reward points
2021-11-29 23:17:45.420  INFO 6224 --- [ol-13-thread-99] tourGuide.service.RewardsService         : ** Processing to get reward points
2021-11-29 23:17:45.420  INFO 6224 --- [ol-13-thread-93] tourGuide.service.RewardsService         : ** Processing to get reward points
2021-11-29 23:17:45.422  INFO 6224 --- [l-13-thread-149] tourGuide.service.RewardsService         : ** Processing to get reward points
2021-11-29 23:17:45.422  INFO 6224 --- [ol-13-thread-50] tourGuide.service.RewardsService         : ** Processing to get reward points
2021-11-29 23:17:45.422  INFO 6224 --- [ol-13-thread-29] tourGuide.service.RewardsService         : ** Processing to get reward points
2021-11-29 23:17:45.422  INFO 6224 --- [l-13-thread-188] tourGuide.service.RewardsService         : ** Processing to get reward points
2021-11-29 23:17:45.427  INFO 6224 --- [ol-13-thread-46] tourGuide.service.RewardsService         : ** Processing to get reward points
2021-11-29 23:17:45.430  INFO 6224 --- [l-13-thread-117] tourGuide.service.RewardsService         : ** Processing to get reward points
2021-11-29 23:17:45.433  INFO 6224 --- [l-13-thread-109] tourGuide.service.RewardsService         : ** Processing to get reward points
2021-11-29 23:17:45.438  INFO 6224 --- [ol-13-thread-57] tourGuide.service.RewardsService         : ** Processing to get reward points
2021-11-29 23:17:45.438  INFO 6224 --- [l-13-thread-115] tourGuide.service.RewardsService         : ** Processing to get reward points
2021-11-29 23:17:45.438  INFO 6224 --- [l-13-thread-147] tourGuide.service.RewardsService         : ** Processing to get reward points
2021-11-29 23:17:45.438  INFO 6224 --- [ol-13-thread-62] tourGuide.service.RewardsService         : ** Processing to get reward points
2021-11-29 23:17:45.439  INFO 6224 --- [ol-13-thread-87] tourGuide.service.RewardsService         : ** Processing to get reward points
2021-11-29 23:17:45.441  INFO 6224 --- [l-13-thread-194] tourGuide.service.RewardsService         : ** Processing to get reward points
2021-11-29 23:17:45.441  INFO 6224 --- [ol-13-thread-36] tourGuide.service.RewardsService         : ** Processing to get reward points
2021-11-29 23:17:45.451  INFO 6224 --- [l-13-thread-196] tourGuide.service.RewardsService         : ** Processing to get reward points
2021-11-29 23:17:45.452  INFO 6224 --- [ol-13-thread-57] tourGuide.service.RewardsService         : ** Processing to get reward points
2021-11-29 23:17:45.453  INFO 6224 --- [ol-13-thread-95] tourGuide.service.RewardsService         : ** Processing to get reward points
2021-11-29 23:17:45.463  INFO 6224 --- [l-13-thread-115] tourGuide.service.RewardsService         : ** Processing to get reward points
2021-11-29 23:17:45.463  INFO 6224 --- [l-13-thread-145] tourGuide.service.RewardsService         : ** Processing to get reward points
2021-11-29 23:17:45.465  INFO 6224 --- [l-13-thread-197] tourGuide.service.RewardsService         : ** Processing to get reward points
2021-11-29 23:17:45.469  INFO 6224 --- [ol-13-thread-54] tourGuide.service.RewardsService         : ** Processing to get reward points
2021-11-29 23:17:45.470  INFO 6224 --- [ool-13-thread-2] tourGuide.service.RewardsService         : ** Processing to get reward points
2021-11-29 23:17:45.471  INFO 6224 --- [ol-13-thread-75] tourGuide.service.RewardsService         : ** Processing to get reward points
2021-11-29 23:17:45.471  INFO 6224 --- [ol-13-thread-43] tourGuide.service.RewardsService         : ** Processing to get reward points
2021-11-29 23:17:45.474  INFO 6224 --- [ol-13-thread-72] tourGuide.service.RewardsService         : ** Processing to get reward points
2021-11-29 23:17:45.474  INFO 6224 --- [l-13-thread-161] tourGuide.service.RewardsService         : ** Processing to get reward points
2021-11-29 23:17:45.476  INFO 6224 --- [ol-13-thread-18] tourGuide.service.RewardsService         : ** Processing to get reward points
2021-11-29 23:17:45.480  INFO 6224 --- [ol-13-thread-24] tourGuide.service.RewardsService         : ** Processing to get reward points
2021-11-29 23:17:45.492  INFO 6224 --- [ol-13-thread-44] tourGuide.service.RewardsService         : ** Processing to get reward points
2021-11-29 23:17:45.492  INFO 6224 --- [l-13-thread-150] tourGuide.service.RewardsService         : ** Processing to get reward points
2021-11-29 23:17:45.493  INFO 6224 --- [l-13-thread-155] tourGuide.service.RewardsService         : ** Processing to get reward points
2021-11-29 23:17:45.493  INFO 6224 --- [ol-13-thread-31] tourGuide.service.RewardsService         : ** Processing to get reward points
2021-11-29 23:17:45.494  INFO 6224 --- [ol-13-thread-83] tourGuide.service.RewardsService         : ** Processing to get reward points
2021-11-29 23:17:45.495  INFO 6224 --- [ol-13-thread-21] tourGuide.service.RewardsService         : ** Processing to get reward points
2021-11-29 23:17:45.496  INFO 6224 --- [l-13-thread-160] tourGuide.service.RewardsService         : ** Processing to get reward points
2021-11-29 23:17:45.496  INFO 6224 --- [l-13-thread-187] tourGuide.service.RewardsService         : ** Processing to get reward points
2021-11-29 23:17:45.511  INFO 6224 --- [ool-13-thread-7] tourGuide.service.RewardsService         : ** Processing to get reward points
2021-11-29 23:17:45.512  INFO 6224 --- [l-13-thread-131] tourGuide.service.RewardsService         : ** Processing to get reward points
2021-11-29 23:17:45.514  INFO 6224 --- [l-13-thread-193] tourGuide.service.RewardsService         : ** Processing to get reward points
2021-11-29 23:17:45.516  INFO 6224 --- [l-13-thread-158] tourGuide.service.RewardsService         : ** Processing to get reward points
2021-11-29 23:17:45.518  INFO 6224 --- [l-13-thread-200] tourGuide.service.RewardsService         : ** Processing to get reward points
2021-11-29 23:17:45.519  INFO 6224 --- [ol-13-thread-96] tourGuide.service.RewardsService         : ** Processing to get reward points
2021-11-29 23:17:45.520  INFO 6224 --- [ol-13-thread-68] tourGuide.service.RewardsService         : ** Processing to get reward points
2021-11-29 23:17:45.520  INFO 6224 --- [ol-13-thread-49] tourGuide.service.RewardsService         : ** Processing to get reward points
2021-11-29 23:17:45.522  INFO 6224 --- [ol-13-thread-98] tourGuide.service.RewardsService         : ** Processing to get reward points
2021-11-29 23:17:45.522  INFO 6224 --- [ol-13-thread-36] tourGuide.service.RewardsService         : ** Processing to get reward points
2021-11-29 23:17:45.524  INFO 6224 --- [l-13-thread-151] tourGuide.service.RewardsService         : ** Processing to get reward points
2021-11-29 23:17:45.524  INFO 6224 --- [l-13-thread-127] tourGuide.service.RewardsService         : ** Processing to get reward points
2021-11-29 23:17:45.526  INFO 6224 --- [l-13-thread-160] tourGuide.service.RewardsService         : ** Processing to get reward points
2021-11-29 23:17:45.526  INFO 6224 --- [ol-13-thread-91] tourGuide.service.RewardsService         : ** Processing to get reward points
2021-11-29 23:17:45.529  INFO 6224 --- [ol-13-thread-16] tourGuide.service.RewardsService         : ** Processing to get reward points
2021-11-29 23:17:45.529  INFO 6224 --- [l-13-thread-157] tourGuide.service.RewardsService         : ** Processing to get reward points
2021-11-29 23:17:45.529  INFO 6224 --- [ol-13-thread-85] tourGuide.service.RewardsService         : ** Processing to get reward points
2021-11-29 23:17:45.536  INFO 6224 --- [l-13-thread-139] tourGuide.service.RewardsService         : ** Processing to get reward points
2021-11-29 23:17:45.536  INFO 6224 --- [l-13-thread-132] tourGuide.service.RewardsService         : ** Processing to get reward points
2021-11-29 23:17:45.538  INFO 6224 --- [ol-13-thread-53] tourGuide.service.RewardsService         : ** Processing to get reward points
2021-11-29 23:17:45.544  INFO 6224 --- [l-13-thread-163] tourGuide.service.RewardsService         : ** Processing to get reward points
2021-11-29 23:17:45.545  INFO 6224 --- [l-13-thread-114] tourGuide.service.RewardsService         : ** Processing to get reward points
2021-11-29 23:17:45.547  INFO 6224 --- [l-13-thread-178] tourGuide.service.RewardsService         : ** Processing to get reward points
2021-11-29 23:17:45.549  INFO 6224 --- [ol-13-thread-67] tourGuide.service.RewardsService         : ** Processing to get reward points
2021-11-29 23:17:45.553  INFO 6224 --- [ol-13-thread-58] tourGuide.service.RewardsService         : ** Processing to get reward points
2021-11-29 23:17:45.553  INFO 6224 --- [ol-13-thread-51] tourGuide.service.RewardsService         : ** Processing to get reward points
2021-11-29 23:17:45.559  INFO 6224 --- [l-13-thread-144] tourGuide.service.RewardsService         : ** Processing to get reward points
2021-11-29 23:17:45.559  INFO 6224 --- [l-13-thread-126] tourGuide.service.RewardsService         : ** Processing to get reward points
2021-11-29 23:17:45.560  INFO 6224 --- [l-13-thread-198] tourGuide.service.RewardsService         : ** Processing to get reward points
2021-11-29 23:17:45.563  INFO 6224 --- [l-13-thread-166] tourGuide.service.RewardsService         : ** Processing to get reward points
2021-11-29 23:17:45.570  INFO 6224 --- [ol-13-thread-48] tourGuide.service.RewardsService         : ** Processing to get reward points
2021-11-29 23:17:45.573  INFO 6224 --- [l-13-thread-100] tourGuide.service.RewardsService         : ** Processing to get reward points
2021-11-29 23:17:45.574  INFO 6224 --- [ol-13-thread-73] tourGuide.service.RewardsService         : ** Processing to get reward points
2021-11-29 23:17:45.576  INFO 6224 --- [ol-13-thread-81] tourGuide.service.RewardsService         : ** Processing to get reward points
2021-11-29 23:17:45.581  INFO 6224 --- [ol-13-thread-92] tourGuide.service.RewardsService         : ** Processing to get reward points
2021-11-29 23:17:45.582  INFO 6224 --- [l-13-thread-190] tourGuide.service.RewardsService         : ** Processing to get reward points
2021-11-29 23:17:45.587  INFO 6224 --- [l-13-thread-191] tourGuide.service.RewardsService         : ** Processing to get reward points
2021-11-29 23:17:45.597  INFO 6224 --- [l-13-thread-109] tourGuide.service.RewardsService         : ** Processing to get reward points
2021-11-29 23:17:45.603  INFO 6224 --- [l-13-thread-157] tourGuide.service.RewardsService         : ** Processing to get reward points
2021-11-29 23:17:45.607  INFO 6224 --- [ool-13-thread-2] tourGuide.service.RewardsService         : ** Processing to get reward points
2021-11-29 23:17:45.607  INFO 6224 --- [ol-13-thread-59] tourGuide.service.RewardsService         : ** Processing to get reward points
2021-11-29 23:17:45.607  INFO 6224 --- [ol-13-thread-69] tourGuide.service.RewardsService         : ** Processing to get reward points
2021-11-29 23:17:45.608  INFO 6224 --- [ol-13-thread-50] tourGuide.service.RewardsService         : ** Processing to get reward points
2021-11-29 23:17:45.610  INFO 6224 --- [l-13-thread-168] tourGuide.service.RewardsService         : ** Processing to get reward points
2021-11-29 23:17:45.612  INFO 6224 --- [l-13-thread-140] tourGuide.service.RewardsService         : ** Processing to get reward points
2021-11-29 23:17:45.612  INFO 6224 --- [l-13-thread-158] tourGuide.service.RewardsService         : ** Processing to get reward points
2021-11-29 23:17:45.614  INFO 6224 --- [l-13-thread-165] tourGuide.service.RewardsService         : ** Processing to get reward points
2021-11-29 23:17:45.620  INFO 6224 --- [l-13-thread-177] tourGuide.service.RewardsService         : ** Processing to get reward points
2021-11-29 23:17:45.623  INFO 6224 --- [ol-13-thread-51] tourGuide.service.RewardsService         : ** Processing to get reward points
2021-11-29 23:17:45.625  INFO 6224 --- [ol-13-thread-66] tourGuide.service.RewardsService         : ** Processing to get reward points
2021-11-29 23:17:45.631  INFO 6224 --- [ol-13-thread-78] tourGuide.service.RewardsService         : ** Processing to get reward points
2021-11-29 23:17:45.635  INFO 6224 --- [l-13-thread-104] tourGuide.service.RewardsService         : ** Processing to get reward points
2021-11-29 23:17:45.636  INFO 6224 --- [ol-13-thread-77] tourGuide.service.RewardsService         : ** Processing to get reward points
2021-11-29 23:17:45.639  INFO 6224 --- [l-13-thread-198] tourGuide.service.RewardsService         : ** Processing to get reward points
2021-11-29 23:17:45.644  INFO 6224 --- [ol-13-thread-20] tourGuide.service.RewardsService         : ** Processing to get reward points
2021-11-29 23:17:45.645  INFO 6224 --- [l-13-thread-152] tourGuide.service.RewardsService         : ** Processing to get reward points
2021-11-29 23:17:45.645  INFO 6224 --- [ol-13-thread-63] tourGuide.service.RewardsService         : ** Processing to get reward points
2021-11-29 23:17:45.652  INFO 6224 --- [l-13-thread-142] tourGuide.service.RewardsService         : ** Processing to get reward points
2021-11-29 23:17:45.652  INFO 6224 --- [l-13-thread-194] tourGuide.service.RewardsService         : ** Processing to get reward points
2021-11-29 23:17:45.654  INFO 6224 --- [ol-13-thread-49] tourGuide.service.RewardsService         : ** Processing to get reward points
2021-11-29 23:17:45.654  INFO 6224 --- [l-13-thread-112] tourGuide.service.RewardsService         : ** Processing to get reward points
2021-11-29 23:17:45.657  INFO 6224 --- [l-13-thread-185] tourGuide.service.RewardsService         : ** Processing to get reward points
2021-11-29 23:17:45.657  INFO 6224 --- [ol-13-thread-72] tourGuide.service.RewardsService         : ** Processing to get reward points
2021-11-29 23:17:45.660  INFO 6224 --- [ol-13-thread-97] tourGuide.service.RewardsService         : ** Processing to get reward points
2021-11-29 23:17:45.660  INFO 6224 --- [l-13-thread-189] tourGuide.service.RewardsService         : ** Processing to get reward points
2021-11-29 23:17:45.661  INFO 6224 --- [ool-13-thread-9] tourGuide.service.RewardsService         : ** Processing to get reward points
2021-11-29 23:17:45.662  INFO 6224 --- [l-13-thread-137] tourGuide.service.RewardsService         : ** Processing to get reward points
2021-11-29 23:17:45.663  INFO 6224 --- [ol-13-thread-65] tourGuide.service.RewardsService         : ** Processing to get reward points
2021-11-29 23:17:45.664  INFO 6224 --- [l-13-thread-188] tourGuide.service.RewardsService         : ** Processing to get reward points
2021-11-29 23:17:45.666  INFO 6224 --- [l-13-thread-197] tourGuide.service.RewardsService         : ** Processing to get reward points
2021-11-29 23:17:45.669  INFO 6224 --- [l-13-thread-125] tourGuide.service.RewardsService         : ** Processing to get reward points
2021-11-29 23:17:45.669  INFO 6224 --- [ol-13-thread-12] tourGuide.service.RewardsService         : ** Processing to get reward points
2021-11-29 23:17:45.681  INFO 6224 --- [l-13-thread-138] tourGuide.service.RewardsService         : ** Processing to get reward points
2021-11-29 23:17:45.681  INFO 6224 --- [ol-13-thread-29] tourGuide.service.RewardsService         : ** Processing to get reward points
2021-11-29 23:17:45.684  INFO 6224 --- [ol-13-thread-74] tourGuide.service.RewardsService         : ** Processing to get reward points
2021-11-29 23:17:45.691  INFO 6224 --- [l-13-thread-165] tourGuide.service.RewardsService         : ** Processing to get reward points
2021-11-29 23:17:45.699  INFO 6224 --- [ol-13-thread-37] tourGuide.service.RewardsService         : ** Processing to get reward points
2021-11-29 23:17:45.699  INFO 6224 --- [ol-13-thread-85] tourGuide.service.RewardsService         : ** Processing to get reward points
2021-11-29 23:17:45.704  INFO 6224 --- [ol-13-thread-94] tourGuide.service.RewardsService         : ** Processing to get reward points
2021-11-29 23:17:45.707  INFO 6224 --- [ol-13-thread-82] tourGuide.service.RewardsService         : ** Processing to get reward points
2021-11-29 23:17:45.707  INFO 6224 --- [ol-13-thread-34] tourGuide.service.RewardsService         : ** Processing to get reward points
2021-11-29 23:17:45.707  INFO 6224 --- [l-13-thread-126] tourGuide.service.RewardsService         : ** Processing to get reward points
2021-11-29 23:17:45.707  INFO 6224 --- [l-13-thread-174] tourGuide.service.RewardsService         : ** Processing to get reward points
2021-11-29 23:17:45.710  INFO 6224 --- [l-13-thread-159] tourGuide.service.RewardsService         : ** Processing to get reward points
2021-11-29 23:17:45.714  INFO 6224 --- [ol-13-thread-20] tourGuide.service.RewardsService         : ** Processing to get reward points
2021-11-29 23:17:45.717  INFO 6224 --- [ol-13-thread-16] tourGuide.service.RewardsService         : ** Processing to get reward points
2021-11-29 23:17:45.717  INFO 6224 --- [l-13-thread-135] tourGuide.service.RewardsService         : ** Processing to get reward points
2021-11-29 23:17:45.718  INFO 6224 --- [ol-13-thread-70] tourGuide.service.RewardsService         : ** Processing to get reward points
2021-11-29 23:17:45.720  INFO 6224 --- [ol-13-thread-17] tourGuide.service.RewardsService         : ** Processing to get reward points
2021-11-29 23:17:45.720  INFO 6224 --- [l-13-thread-171] tourGuide.service.RewardsService         : ** Processing to get reward points
2021-11-29 23:17:45.720  INFO 6224 --- [ool-13-thread-8] tourGuide.service.RewardsService         : ** Processing to get reward points
2021-11-29 23:17:45.725  INFO 6224 --- [l-13-thread-111] tourGuide.service.RewardsService         : ** Processing to get reward points
2021-11-29 23:17:45.730  INFO 6224 --- [l-13-thread-110] tourGuide.service.RewardsService         : ** Processing to get reward points
2021-11-29 23:17:45.731  INFO 6224 --- [l-13-thread-196] tourGuide.service.RewardsService         : ** Processing to get reward points
2021-11-29 23:17:45.731  INFO 6224 --- [l-13-thread-142] tourGuide.service.RewardsService         : ** Processing to get reward points
2021-11-29 23:17:45.735  INFO 6224 --- [l-13-thread-106] tourGuide.service.RewardsService         : ** Processing to get reward points
2021-11-29 23:17:45.739  INFO 6224 --- [l-13-thread-116] tourGuide.service.RewardsService         : ** Processing to get reward points
2021-11-29 23:17:45.748  INFO 6224 --- [ol-13-thread-17] tourGuide.service.RewardsService         : ** Processing to get reward points
2021-11-29 23:17:45.757  INFO 6224 --- [ol-13-thread-71] tourGuide.service.RewardsService         : ** Processing to get reward points
2021-11-29 23:17:45.757  INFO 6224 --- [l-13-thread-179] tourGuide.service.RewardsService         : ** Processing to get reward points
2021-11-29 23:17:45.758  INFO 6224 --- [l-13-thread-163] tourGuide.service.RewardsService         : ** Processing to get reward points
2021-11-29 23:17:45.762  INFO 6224 --- [ol-13-thread-15] tourGuide.service.RewardsService         : ** Processing to get reward points
2021-11-29 23:17:45.772  INFO 6224 --- [l-13-thread-154] tourGuide.service.RewardsService         : ** Processing to get reward points
2021-11-29 23:17:45.774  INFO 6224 --- [ool-13-thread-3] tourGuide.service.RewardsService         : ** Processing to get reward points
2021-11-29 23:17:45.778  INFO 6224 --- [ool-13-thread-6] tourGuide.service.RewardsService         : ** Processing to get reward points
2021-11-29 23:17:45.784  INFO 6224 --- [l-13-thread-182] tourGuide.service.RewardsService         : ** Processing to get reward points
2021-11-29 23:17:45.790  INFO 6224 --- [ol-13-thread-57] tourGuide.service.RewardsService         : ** Processing to get reward points
2021-11-29 23:17:45.792  INFO 6224 --- [ol-13-thread-11] tourGuide.service.RewardsService         : ** Processing to get reward points
2021-11-29 23:17:45.792  INFO 6224 --- [l-13-thread-149] tourGuide.service.RewardsService         : ** Processing to get reward points
2021-11-29 23:17:45.793  INFO 6224 --- [l-13-thread-177] tourGuide.service.RewardsService         : ** Processing to get reward points
2021-11-29 23:17:45.793  INFO 6224 --- [l-13-thread-100] tourGuide.service.RewardsService         : ** Processing to get reward points
2021-11-29 23:17:45.795  INFO 6224 --- [l-13-thread-165] tourGuide.service.RewardsService         : ** Processing to get reward points
2021-11-29 23:17:45.795  INFO 6224 --- [l-13-thread-183] tourGuide.service.RewardsService         : ** Processing to get reward points
2021-11-29 23:17:45.795  INFO 6224 --- [l-13-thread-101] tourGuide.service.RewardsService         : ** Processing to get reward points
2021-11-29 23:17:45.797  INFO 6224 --- [ol-13-thread-23] tourGuide.service.RewardsService         : ** Processing to get reward points
2021-11-29 23:17:45.803  INFO 6224 --- [l-13-thread-122] tourGuide.service.RewardsService         : ** Processing to get reward points
2021-11-29 23:17:45.804  INFO 6224 --- [l-13-thread-108] tourGuide.service.RewardsService         : ** Processing to get reward points
2021-11-29 23:17:45.810  INFO 6224 --- [l-13-thread-141] tourGuide.service.RewardsService         : ** Processing to get reward points
2021-11-29 23:17:45.811  INFO 6224 --- [ool-13-thread-3] tourGuide.service.RewardsService         : ** Processing to get reward points
2021-11-29 23:17:45.817  INFO 6224 --- [ol-13-thread-14] tourGuide.service.RewardsService         : ** Processing to get reward points
2021-11-29 23:17:45.817  INFO 6224 --- [l-13-thread-160] tourGuide.service.RewardsService         : ** Processing to get reward points
2021-11-29 23:17:45.819  INFO 6224 --- [ol-13-thread-90] tourGuide.service.RewardsService         : ** Processing to get reward points
2021-11-29 23:17:45.821  INFO 6224 --- [l-13-thread-173] tourGuide.service.RewardsService         : ** Processing to get reward points
2021-11-29 23:17:45.821  INFO 6224 --- [l-13-thread-102] tourGuide.service.RewardsService         : ** Processing to get reward points
2021-11-29 23:17:45.823  INFO 6224 --- [l-13-thread-175] tourGuide.service.RewardsService         : ** Processing to get reward points
2021-11-29 23:17:45.823  INFO 6224 --- [l-13-thread-102] tourGuide.service.RewardsService         : ** Processing to get reward points
2021-11-29 23:17:45.825  INFO 6224 --- [ol-13-thread-91] tourGuide.service.RewardsService         : ** Processing to get reward points
2021-11-29 23:17:45.829  INFO 6224 --- [l-13-thread-163] tourGuide.service.RewardsService         : ** Processing to get reward points
2021-11-29 23:17:45.834  INFO 6224 --- [l-13-thread-102] tourGuide.service.RewardsService         : ** Processing to get reward points
2021-11-29 23:17:45.834  INFO 6224 --- [ool-13-thread-6] tourGuide.service.RewardsService         : ** Processing to get reward points
2021-11-29 23:17:45.834  INFO 6224 --- [ol-13-thread-76] tourGuide.service.RewardsService         : ** Processing to get reward points
2021-11-29 23:17:45.836  INFO 6224 --- [l-13-thread-131] tourGuide.service.RewardsService         : ** Processing to get reward points
2021-11-29 23:17:45.837  INFO 6224 --- [l-13-thread-153] tourGuide.service.RewardsService         : ** Processing to get reward points
2021-11-29 23:17:45.845  INFO 6224 --- [ool-13-thread-1] tourGuide.service.RewardsService         : ** Processing to get reward points
2021-11-29 23:17:45.845  INFO 6224 --- [l-13-thread-135] tourGuide.service.RewardsService         : ** Processing to get reward points
2021-11-29 23:17:45.846  INFO 6224 --- [l-13-thread-117] tourGuide.service.RewardsService         : ** Processing to get reward points
2021-11-29 23:17:45.847  INFO 6224 --- [ol-13-thread-56] tourGuide.service.RewardsService         : ** Processing to get reward points
2021-11-29 23:17:45.852  INFO 6224 --- [l-13-thread-133] tourGuide.service.RewardsService         : ** Processing to get reward points
2021-11-29 23:17:45.858  INFO 6224 --- [ol-13-thread-23] tourGuide.service.RewardsService         : ** Processing to get reward points
2021-11-29 23:17:45.861  INFO 6224 --- [l-13-thread-185] tourGuide.service.RewardsService         : ** Processing to get reward points
2021-11-29 23:17:45.868  INFO 6224 --- [ol-13-thread-80] tourGuide.service.RewardsService         : ** Processing to get reward points
2021-11-29 23:17:45.872  INFO 6224 --- [l-13-thread-186] tourGuide.service.RewardsService         : ** Processing to get reward points
2021-11-29 23:17:45.872  INFO 6224 --- [l-13-thread-119] tourGuide.service.RewardsService         : ** Processing to get reward points
2021-11-29 23:17:45.872  INFO 6224 --- [ol-13-thread-59] tourGuide.service.RewardsService         : ** Processing to get reward points
2021-11-29 23:17:45.880  INFO 6224 --- [ol-13-thread-70] tourGuide.service.RewardsService         : ** Processing to get reward points
2021-11-29 23:17:45.880  INFO 6224 --- [ol-13-thread-42] tourGuide.service.RewardsService         : ** Processing to get reward points
2021-11-29 23:17:45.882  INFO 6224 --- [ol-13-thread-88] tourGuide.service.RewardsService         : ** Processing to get reward points
2021-11-29 23:17:45.882  INFO 6224 --- [l-13-thread-180] tourGuide.service.RewardsService         : ** Processing to get reward points
2021-11-29 23:17:45.885  INFO 6224 --- [ol-13-thread-84] tourGuide.service.RewardsService         : ** Processing to get reward points
2021-11-29 23:17:45.886  INFO 6224 --- [l-13-thread-198] tourGuide.service.RewardsService         : ** Processing to get reward points
2021-11-29 23:17:45.888  INFO 6224 --- [l-13-thread-118] tourGuide.service.RewardsService         : ** Processing to get reward points
2021-11-29 23:17:45.891  INFO 6224 --- [ool-13-thread-8] tourGuide.service.RewardsService         : ** Processing to get reward points
2021-11-29 23:17:45.891  INFO 6224 --- [l-13-thread-169] tourGuide.service.RewardsService         : ** Processing to get reward points
2021-11-29 23:17:45.896  INFO 6224 --- [l-13-thread-197] tourGuide.service.RewardsService         : ** Processing to get reward points
2021-11-29 23:17:45.896  INFO 6224 --- [ool-13-thread-8] tourGuide.service.RewardsService         : ** Processing to get reward points
2021-11-29 23:17:45.898  INFO 6224 --- [l-13-thread-130] tourGuide.service.RewardsService         : ** Processing to get reward points
2021-11-29 23:17:45.904  INFO 6224 --- [l-13-thread-148] tourGuide.service.RewardsService         : ** Processing to get reward points
2021-11-29 23:17:45.908  INFO 6224 --- [l-13-thread-197] tourGuide.service.RewardsService         : ** Processing to get reward points
2021-11-29 23:17:45.914  INFO 6224 --- [ool-13-thread-8] tourGuide.service.RewardsService         : ** Processing to get reward points
2021-11-29 23:17:45.914  INFO 6224 --- [ool-13-thread-4] tourGuide.service.RewardsService         : ** Processing to get reward points
2021-11-29 23:17:45.914  INFO 6224 --- [l-13-thread-136] tourGuide.service.RewardsService         : ** Processing to get reward points
2021-11-29 23:17:45.918  INFO 6224 --- [l-13-thread-170] tourGuide.service.RewardsService         : ** Processing to get reward points
2021-11-29 23:17:45.919  INFO 6224 --- [ol-13-thread-55] tourGuide.service.RewardsService         : ** Processing to get reward points
2021-11-29 23:17:45.922  INFO 6224 --- [l-13-thread-116] tourGuide.service.RewardsService         : ** Processing to get reward points
2021-11-29 23:17:45.922  INFO 6224 --- [l-13-thread-140] tourGuide.service.RewardsService         : ** Processing to get reward points
2021-11-29 23:17:45.926  INFO 6224 --- [ol-13-thread-45] tourGuide.service.RewardsService         : ** Processing to get reward points
2021-11-29 23:17:45.926  INFO 6224 --- [ol-13-thread-40] tourGuide.service.RewardsService         : ** Processing to get reward points
2021-11-29 23:17:45.927  INFO 6224 --- [l-13-thread-176] tourGuide.service.RewardsService         : ** Processing to get reward points
2021-11-29 23:17:45.929  INFO 6224 --- [l-13-thread-120] tourGuide.service.RewardsService         : ** Processing to get reward points
2021-11-29 23:17:45.933  INFO 6224 --- [ol-13-thread-89] tourGuide.service.RewardsService         : ** Processing to get reward points
2021-11-29 23:17:45.935  INFO 6224 --- [l-13-thread-192] tourGuide.service.RewardsService         : ** Processing to get reward points
2021-11-29 23:17:45.936  INFO 6224 --- [ol-13-thread-41] tourGuide.service.RewardsService         : ** Processing to get reward points
2021-11-29 23:17:45.949  INFO 6224 --- [l-13-thread-146] tourGuide.service.RewardsService         : ** Processing to get reward points
2021-11-29 23:17:45.951  INFO 6224 --- [l-13-thread-162] tourGuide.service.RewardsService         : ** Processing to get reward points
2021-11-29 23:17:45.952  INFO 6224 --- [l-13-thread-181] tourGuide.service.RewardsService         : ** Processing to get reward points
2021-11-29 23:17:45.954  INFO 6224 --- [l-13-thread-168] tourGuide.service.RewardsService         : ** Processing to get reward points
2021-11-29 23:17:45.954  INFO 6224 --- [ol-13-thread-60] tourGuide.service.RewardsService         : ** Processing to get reward points
2021-11-29 23:17:45.955  INFO 6224 --- [ol-13-thread-24] tourGuide.service.RewardsService         : ** Processing to get reward points
2021-11-29 23:17:45.955  INFO 6224 --- [l-13-thread-154] tourGuide.service.RewardsService         : ** Processing to get reward points
2021-11-29 23:17:45.956  INFO 6224 --- [l-13-thread-190] tourGuide.service.RewardsService         : ** Processing to get reward points
2021-11-29 23:17:45.957  INFO 6224 --- [ol-13-thread-35] tourGuide.service.RewardsService         : ** Processing to get reward points
2021-11-29 23:17:45.960  INFO 6224 --- [l-13-thread-113] tourGuide.service.RewardsService         : ** Processing to get reward points
2021-11-29 23:17:45.964  INFO 6224 --- [ol-13-thread-52] tourGuide.service.RewardsService         : ** Processing to get reward points
2021-11-29 23:17:45.966  INFO 6224 --- [l-13-thread-161] tourGuide.service.RewardsService         : ** Processing to get reward points
2021-11-29 23:17:45.972  INFO 6224 --- [l-13-thread-106] tourGuide.service.RewardsService         : ** Processing to get reward points
2021-11-29 23:17:45.972  INFO 6224 --- [l-13-thread-184] tourGuide.service.RewardsService         : ** Processing to get reward points
2021-11-29 23:17:45.976  INFO 6224 --- [ol-13-thread-44] tourGuide.service.RewardsService         : ** Processing to get reward points
2021-11-29 23:17:45.976  INFO 6224 --- [ool-13-thread-2] tourGuide.service.RewardsService         : ** Processing to get reward points
2021-11-29 23:17:45.981  INFO 6224 --- [ol-13-thread-12] tourGuide.service.RewardsService         : ** Processing to get reward points
2021-11-29 23:17:45.981  INFO 6224 --- [l-13-thread-135] tourGuide.service.RewardsService         : ** Processing to get reward points
2021-11-29 23:17:45.981  INFO 6224 --- [ol-13-thread-22] tourGuide.service.RewardsService         : ** Processing to get reward points
2021-11-29 23:17:45.985  INFO 6224 --- [ol-13-thread-66] tourGuide.service.RewardsService         : ** Processing to get reward points
2021-11-29 23:17:45.987  INFO 6224 --- [ol-13-thread-27] tourGuide.service.RewardsService         : ** Processing to get reward points
2021-11-29 23:17:45.989  INFO 6224 --- [l-13-thread-155] tourGuide.service.RewardsService         : ** Processing to get reward points
2021-11-29 23:17:45.991  INFO 6224 --- [l-13-thread-128] tourGuide.service.RewardsService         : ** Processing to get reward points
2021-11-29 23:17:45.998  INFO 6224 --- [ol-13-thread-32] tourGuide.service.RewardsService         : ** Processing to get reward points
2021-11-29 23:17:46.001  INFO 6224 --- [ol-13-thread-50] tourGuide.service.RewardsService         : ** Processing to get reward points
2021-11-29 23:17:46.005  INFO 6224 --- [l-13-thread-105] tourGuide.service.RewardsService         : ** Processing to get reward points
2021-11-29 23:17:46.009  INFO 6224 --- [ol-13-thread-38] tourGuide.service.RewardsService         : ** Processing to get reward points
2021-11-29 23:17:46.017  INFO 6224 --- [ol-13-thread-25] tourGuide.service.RewardsService         : ** Processing to get reward points
2021-11-29 23:17:46.018  INFO 6224 --- [l-13-thread-110] tourGuide.service.RewardsService         : ** Processing to get reward points
2021-11-29 23:17:46.019  INFO 6224 --- [ol-13-thread-79] tourGuide.service.RewardsService         : ** Processing to get reward points
2021-11-29 23:17:46.021  INFO 6224 --- [ol-13-thread-96] tourGuide.service.RewardsService         : ** Processing to get reward points
2021-11-29 23:17:46.026  INFO 6224 --- [l-13-thread-171] tourGuide.service.RewardsService         : ** Processing to get reward points
2021-11-29 23:17:46.028  INFO 6224 --- [l-13-thread-143] tourGuide.service.RewardsService         : ** Processing to get reward points
2021-11-29 23:17:46.028  INFO 6224 --- [ol-13-thread-39] tourGuide.service.RewardsService         : ** Processing to get reward points
2021-11-29 23:17:46.028  INFO 6224 --- [ol-13-thread-40] tourGuide.service.RewardsService         : ** Processing to get reward points
2021-11-29 23:17:46.030  INFO 6224 --- [ool-13-thread-6] tourGuide.service.RewardsService         : ** Processing to get reward points
2021-11-29 23:17:46.032  INFO 6224 --- [ol-13-thread-13] tourGuide.service.RewardsService         : ** Processing to get reward points
2021-11-29 23:17:46.034  INFO 6224 --- [ol-13-thread-28] tourGuide.service.RewardsService         : ** Processing to get reward points
2021-11-29 23:17:46.035  INFO 6224 --- [ol-13-thread-86] tourGuide.service.RewardsService         : ** Processing to get reward points
2021-11-29 23:17:46.039  INFO 6224 --- [l-13-thread-146] tourGuide.service.RewardsService         : ** Processing to get reward points
2021-11-29 23:17:46.042  INFO 6224 --- [l-13-thread-200] tourGuide.service.RewardsService         : ** Processing to get reward points
2021-11-29 23:17:46.045  INFO 6224 --- [l-13-thread-193] tourGuide.service.RewardsService         : ** Processing to get reward points
2021-11-29 23:17:46.045  INFO 6224 --- [ol-13-thread-54] tourGuide.service.RewardsService         : ** Processing to get reward points
2021-11-29 23:17:46.047  INFO 6224 --- [l-13-thread-167] tourGuide.service.RewardsService         : ** Processing to get reward points
2021-11-29 23:17:46.047  INFO 6224 --- [l-13-thread-190] tourGuide.service.RewardsService         : ** Processing to get reward points
2021-11-29 23:17:46.054  INFO 6224 --- [ol-13-thread-95] tourGuide.service.RewardsService         : ** Processing to get reward points
2021-11-29 23:17:46.054  INFO 6224 --- [ol-13-thread-91] tourGuide.service.RewardsService         : ** Processing to get reward points
2021-11-29 23:17:46.054  INFO 6224 --- [ol-13-thread-64] tourGuide.service.RewardsService         : ** Processing to get reward points
2021-11-29 23:17:46.061  INFO 6224 --- [l-13-thread-102] tourGuide.service.RewardsService         : ** Processing to get reward points
2021-11-29 23:17:46.061  INFO 6224 --- [l-13-thread-168] tourGuide.service.RewardsService         : ** Processing to get reward points
2021-11-29 23:17:46.073  INFO 6224 --- [l-13-thread-124] tourGuide.service.RewardsService         : ** Processing to get reward points
2021-11-29 23:17:46.073  INFO 6224 --- [ol-13-thread-10] tourGuide.service.RewardsService         : ** Processing to get reward points
2021-11-29 23:17:46.077  INFO 6224 --- [l-13-thread-136] tourGuide.service.RewardsService         : ** Processing to get reward points
2021-11-29 23:17:46.078  INFO 6224 --- [l-13-thread-199] tourGuide.service.RewardsService         : ** Processing to get reward points
2021-11-29 23:17:46.086  INFO 6224 --- [ol-13-thread-19] tourGuide.service.RewardsService         : ** Processing to get reward points
2021-11-29 23:17:46.087  INFO 6224 --- [l-13-thread-170] tourGuide.service.RewardsService         : ** Processing to get reward points
2021-11-29 23:17:46.088  INFO 6224 --- [ol-13-thread-68] tourGuide.service.RewardsService         : ** Processing to get reward points
2021-11-29 23:17:46.088  INFO 6224 --- [l-13-thread-102] tourGuide.service.RewardsService         : ** Processing to get reward points
2021-11-29 23:17:46.090  INFO 6224 --- [l-13-thread-141] tourGuide.service.RewardsService         : ** Processing to get reward points
2021-11-29 23:17:46.094  INFO 6224 --- [l-13-thread-167] tourGuide.service.RewardsService         : ** Processing to get reward points
2021-11-29 23:17:46.103  INFO 6224 --- [l-13-thread-101] tourGuide.service.RewardsService         : ** Processing to get reward points
2021-11-29 23:17:46.106  INFO 6224 --- [l-13-thread-117] tourGuide.service.RewardsService         : ** Processing to get reward points
2021-11-29 23:17:46.107  INFO 6224 --- [ol-13-thread-98] tourGuide.service.RewardsService         : ** Processing to get reward points
2021-11-29 23:17:46.111  INFO 6224 --- [ol-13-thread-77] tourGuide.service.RewardsService         : ** Processing to get reward points
2021-11-29 23:17:46.114  INFO 6224 --- [ol-13-thread-99] tourGuide.service.RewardsService         : ** Processing to get reward points
2021-11-29 23:17:46.114  INFO 6224 --- [ol-13-thread-48] tourGuide.service.RewardsService         : ** Processing to get reward points
2021-11-29 23:17:46.114  INFO 6224 --- [ol-13-thread-33] tourGuide.service.RewardsService         : ** Processing to get reward points
2021-11-29 23:17:46.118  INFO 6224 --- [ol-13-thread-54] tourGuide.service.RewardsService         : ** Processing to get reward points
2021-11-29 23:17:46.118  INFO 6224 --- [l-13-thread-166] tourGuide.service.RewardsService         : ** Processing to get reward points
2021-11-29 23:17:46.122  INFO 6224 --- [l-13-thread-121] tourGuide.service.RewardsService         : ** Processing to get reward points
2021-11-29 23:17:46.122  INFO 6224 --- [l-13-thread-172] tourGuide.service.RewardsService         : ** Processing to get reward points
2021-11-29 23:17:46.123  INFO 6224 --- [ol-13-thread-97] tourGuide.service.RewardsService         : ** Processing to get reward points
2021-11-29 23:17:46.130  INFO 6224 --- [ol-13-thread-80] tourGuide.service.RewardsService         : ** Processing to get reward points
2021-11-29 23:17:46.130  INFO 6224 --- [ol-13-thread-97] tourGuide.service.RewardsService         : ** Processing to get reward points
2021-11-29 23:17:46.130  INFO 6224 --- [ol-13-thread-64] tourGuide.service.RewardsService         : ** Processing to get reward points
2021-11-29 23:17:46.130  INFO 6224 --- [l-13-thread-107] tourGuide.service.RewardsService         : ** Processing to get reward points
2021-11-29 23:17:46.133  INFO 6224 --- [l-13-thread-112] tourGuide.service.RewardsService         : ** Processing to get reward points
2021-11-29 23:17:46.133  INFO 6224 --- [ol-13-thread-61] tourGuide.service.RewardsService         : ** Processing to get reward points
2021-11-29 23:17:46.136  INFO 6224 --- [ol-13-thread-26] tourGuide.service.RewardsService         : ** Processing to get reward points
2021-11-29 23:17:46.138  INFO 6224 --- [l-13-thread-147] tourGuide.service.RewardsService         : ** Processing to get reward points
2021-11-29 23:17:46.138  INFO 6224 --- [ol-13-thread-93] tourGuide.service.RewardsService         : ** Processing to get reward points
2021-11-29 23:17:46.144  INFO 6224 --- [l-13-thread-130] tourGuide.service.RewardsService         : ** Processing to get reward points
2021-11-29 23:17:46.146  INFO 6224 --- [ol-13-thread-46] tourGuide.service.RewardsService         : ** Processing to get reward points
2021-11-29 23:17:46.149  INFO 6224 --- [ol-13-thread-43] tourGuide.service.RewardsService         : ** Processing to get reward points
2021-11-29 23:17:46.150  INFO 6224 --- [l-13-thread-143] tourGuide.service.RewardsService         : ** Processing to get reward points
2021-11-29 23:17:46.156  INFO 6224 --- [ol-13-thread-83] tourGuide.service.RewardsService         : ** Processing to get reward points
2021-11-29 23:17:46.156  INFO 6224 --- [ol-13-thread-70] tourGuide.service.RewardsService         : ** Processing to get reward points
2021-11-29 23:17:46.159  INFO 6224 --- [l-13-thread-164] tourGuide.service.RewardsService         : ** Processing to get reward points
2021-11-29 23:17:46.161  INFO 6224 --- [l-13-thread-197] tourGuide.service.RewardsService         : ** Processing to get reward points
2021-11-29 23:17:46.166  INFO 6224 --- [l-13-thread-199] tourGuide.service.RewardsService         : ** Processing to get reward points
2021-11-29 23:17:46.169  INFO 6224 --- [ol-13-thread-21] tourGuide.service.RewardsService         : ** Processing to get reward points
2021-11-29 23:17:46.170  INFO 6224 --- [ol-13-thread-12] tourGuide.service.RewardsService         : ** Processing to get reward points
2021-11-29 23:17:46.174  INFO 6224 --- [ol-13-thread-19] tourGuide.service.RewardsService         : ** Processing to get reward points
2021-11-29 23:17:46.184  INFO 6224 --- [l-13-thread-129] tourGuide.service.RewardsService         : ** Processing to get reward points
2021-11-29 23:17:46.188  INFO 6224 --- [ool-13-thread-5] tourGuide.service.RewardsService         : ** Processing to get reward points
2021-11-29 23:17:46.193  INFO 6224 --- [ol-13-thread-17] tourGuide.service.RewardsService         : ** Processing to get reward points
2021-11-29 23:17:46.196  INFO 6224 --- [l-13-thread-137] tourGuide.service.RewardsService         : ** Processing to get reward points
2021-11-29 23:17:46.198  INFO 6224 --- [l-13-thread-145] tourGuide.service.RewardsService         : ** Processing to get reward points
2021-11-29 23:17:46.202  INFO 6224 --- [l-13-thread-182] tourGuide.service.RewardsService         : ** Processing to get reward points
2021-11-29 23:17:46.203  INFO 6224 --- [ol-13-thread-69] tourGuide.service.RewardsService         : ** Processing to get reward points
2021-11-29 23:17:46.203  INFO 6224 --- [l-13-thread-115] tourGuide.service.RewardsService         : ** Processing to get reward points
2021-11-29 23:17:46.214  INFO 6224 --- [ol-13-thread-87] tourGuide.service.RewardsService         : ** Processing to get reward points
2021-11-29 23:17:46.214  INFO 6224 --- [l-13-thread-183] tourGuide.service.RewardsService         : ** Processing to get reward points
2021-11-29 23:17:46.214  INFO 6224 --- [ol-13-thread-74] tourGuide.service.RewardsService         : ** Processing to get reward points
2021-11-29 23:17:46.220  INFO 6224 --- [l-13-thread-123] tourGuide.service.RewardsService         : ** Processing to get reward points
2021-11-29 23:17:46.222  INFO 6224 --- [l-13-thread-162] tourGuide.service.RewardsService         : ** Processing to get reward points
2021-11-29 23:17:46.222  INFO 6224 --- [ol-13-thread-36] tourGuide.service.RewardsService         : ** Processing to get reward points
2021-11-29 23:17:46.222  INFO 6224 --- [l-13-thread-194] tourGuide.service.RewardsService         : ** Processing to get reward points
2021-11-29 23:17:46.223  INFO 6224 --- [ol-13-thread-38] tourGuide.service.RewardsService         : ** Processing to get reward points
2021-11-29 23:17:46.224  INFO 6224 --- [ol-13-thread-40] tourGuide.service.RewardsService         : ** Processing to get reward points
2021-11-29 23:17:46.226  INFO 6224 --- [l-13-thread-132] tourGuide.service.RewardsService         : ** Processing to get reward points
2021-11-29 23:17:46.226  INFO 6224 --- [ol-13-thread-30] tourGuide.service.RewardsService         : ** Processing to get reward points
2021-11-29 23:17:46.227  INFO 6224 --- [l-13-thread-134] tourGuide.service.RewardsService         : ** Processing to get reward points
2021-11-29 23:17:46.228  INFO 6224 --- [l-13-thread-114] tourGuide.service.RewardsService         : ** Processing to get reward points
2021-11-29 23:17:46.232  INFO 6224 --- [l-13-thread-185] tourGuide.service.RewardsService         : ** Processing to get reward points
2021-11-29 23:17:46.237  INFO 6224 --- [l-13-thread-103] tourGuide.service.RewardsService         : ** Processing to get reward points
2021-11-29 23:17:46.238  INFO 6224 --- [l-13-thread-200] tourGuide.service.RewardsService         : ** Processing to get reward points
2021-11-29 23:17:46.243  INFO 6224 --- [l-13-thread-123] tourGuide.service.RewardsService         : ** Processing to get reward points
2021-11-29 23:17:46.245  INFO 6224 --- [l-13-thread-196] tourGuide.service.RewardsService         : ** Processing to get reward points
2021-11-29 23:17:46.258  INFO 6224 --- [ol-13-thread-61] tourGuide.service.RewardsService         : ** Processing to get reward points
2021-11-29 23:17:46.261  INFO 6224 --- [ol-13-thread-31] tourGuide.service.RewardsService         : ** Processing to get reward points
2021-11-29 23:17:46.263  INFO 6224 --- [ol-13-thread-86] tourGuide.service.RewardsService         : ** Processing to get reward points
2021-11-29 23:17:46.263  INFO 6224 --- [ool-13-thread-6] tourGuide.service.RewardsService         : ** Processing to get reward points
2021-11-29 23:17:46.265  INFO 6224 --- [l-13-thread-195] tourGuide.service.RewardsService         : ** Processing to get reward points
2021-11-29 23:17:46.273  INFO 6224 --- [ool-13-thread-8] tourGuide.service.RewardsService         : ** Processing to get reward points
2021-11-29 23:17:46.274  INFO 6224 --- [l-13-thread-186] tourGuide.service.RewardsService         : ** Processing to get reward points
2021-11-29 23:17:46.278  INFO 6224 --- [ol-13-thread-51] tourGuide.service.RewardsService         : ** Processing to get reward points
2021-11-29 23:17:46.279  INFO 6224 --- [l-13-thread-154] tourGuide.service.RewardsService         : ** Processing to get reward points
2021-11-29 23:17:46.292  INFO 6224 --- [l-13-thread-109] tourGuide.service.RewardsService         : ** Processing to get reward points
2021-11-29 23:17:46.315  INFO 6224 --- [ol-13-thread-16] tourGuide.service.RewardsService         : ** Processing to get reward points
2021-11-29 23:17:46.315  INFO 6224 --- [ol-13-thread-48] tourGuide.service.RewardsService         : ** Processing to get reward points
2021-11-29 23:17:46.315  INFO 6224 --- [ol-13-thread-74] tourGuide.service.RewardsService         : ** Processing to get reward points
2021-11-29 23:17:46.316  INFO 6224 --- [l-13-thread-156] tourGuide.service.RewardsService         : ** Processing to get reward points
2021-11-29 23:17:46.316  INFO 6224 --- [ool-13-thread-7] tourGuide.service.RewardsService         : ** Processing to get reward points
2021-11-29 23:17:46.316  INFO 6224 --- [ol-13-thread-94] tourGuide.service.RewardsService         : ** Processing to get reward points
2021-11-29 23:17:46.317  INFO 6224 --- [ol-13-thread-29] tourGuide.service.RewardsService         : ** Processing to get reward points
2021-11-29 23:17:46.318  INFO 6224 --- [l-13-thread-158] tourGuide.service.RewardsService         : ** Processing to get reward points
2021-11-29 23:17:46.320  INFO 6224 --- [ol-13-thread-53] tourGuide.service.RewardsService         : ** Processing to get reward points
2021-11-29 23:17:46.322  INFO 6224 --- [l-13-thread-196] tourGuide.service.RewardsService         : ** Processing to get reward points
2021-11-29 23:17:46.326  INFO 6224 --- [ol-13-thread-47] tourGuide.service.RewardsService         : ** Processing to get reward points
2021-11-29 23:17:46.327  INFO 6224 --- [ol-13-thread-19] tourGuide.service.RewardsService         : ** Processing to get reward points
2021-11-29 23:17:46.331  INFO 6224 --- [l-13-thread-181] tourGuide.service.RewardsService         : ** Processing to get reward points
2021-11-29 23:17:46.331  INFO 6224 --- [ol-13-thread-12] tourGuide.service.RewardsService         : ** Processing to get reward points
2021-11-29 23:17:46.337  INFO 6224 --- [ol-13-thread-84] tourGuide.service.RewardsService         : ** Processing to get reward points
2021-11-29 23:17:46.337  INFO 6224 --- [ol-13-thread-94] tourGuide.service.RewardsService         : ** Processing to get reward points
2021-11-29 23:17:46.342  INFO 6224 --- [ol-13-thread-54] tourGuide.service.RewardsService         : ** Processing to get reward points
2021-11-29 23:17:46.342  INFO 6224 --- [ol-13-thread-14] tourGuide.service.RewardsService         : ** Processing to get reward points
2021-11-29 23:17:46.345  INFO 6224 --- [ol-13-thread-34] tourGuide.service.RewardsService         : ** Processing to get reward points
2021-11-29 23:17:46.346  INFO 6224 --- [l-13-thread-127] tourGuide.service.RewardsService         : ** Processing to get reward points
2021-11-29 23:17:46.347  INFO 6224 --- [ol-13-thread-61] tourGuide.service.RewardsService         : ** Processing to get reward points
2021-11-29 23:17:46.348  INFO 6224 --- [l-13-thread-100] tourGuide.service.RewardsService         : ** Processing to get reward points
2021-11-29 23:17:46.353  INFO 6224 --- [ol-13-thread-55] tourGuide.service.RewardsService         : ** Processing to get reward points
2021-11-29 23:17:46.356  INFO 6224 --- [ol-13-thread-91] tourGuide.service.RewardsService         : ** Processing to get reward points
2021-11-29 23:17:46.359  INFO 6224 --- [l-13-thread-131] tourGuide.service.RewardsService         : ** Processing to get reward points
2021-11-29 23:17:46.359  INFO 6224 --- [l-13-thread-108] tourGuide.service.RewardsService         : ** Processing to get reward points
2021-11-29 23:17:46.359  INFO 6224 --- [ol-13-thread-49] tourGuide.service.RewardsService         : ** Processing to get reward points
2021-11-29 23:17:46.359  INFO 6224 --- [l-13-thread-194] tourGuide.service.RewardsService         : ** Processing to get reward points
2021-11-29 23:17:46.365  INFO 6224 --- [ol-13-thread-86] tourGuide.service.RewardsService         : ** Processing to get reward points
2021-11-29 23:17:46.367  INFO 6224 --- [ol-13-thread-65] tourGuide.service.RewardsService         : ** Processing to get reward points
2021-11-29 23:17:46.369  INFO 6224 --- [ol-13-thread-42] tourGuide.service.RewardsService         : ** Processing to get reward points
2021-11-29 23:17:46.370  INFO 6224 --- [l-13-thread-119] tourGuide.service.RewardsService         : ** Processing to get reward points
2021-11-29 23:17:46.371  INFO 6224 --- [l-13-thread-178] tourGuide.service.RewardsService         : ** Processing to get reward points
2021-11-29 23:17:46.371  INFO 6224 --- [l-13-thread-140] tourGuide.service.RewardsService         : ** Processing to get reward points
2021-11-29 23:17:46.375  INFO 6224 --- [ol-13-thread-72] tourGuide.service.RewardsService         : ** Processing to get reward points
2021-11-29 23:17:46.376  INFO 6224 --- [l-13-thread-177] tourGuide.service.RewardsService         : ** Processing to get reward points
2021-11-29 23:17:46.378  INFO 6224 --- [ol-13-thread-20] tourGuide.service.RewardsService         : ** Processing to get reward points
2021-11-29 23:17:46.379  INFO 6224 --- [l-13-thread-197] tourGuide.service.RewardsService         : ** Processing to get reward points
2021-11-29 23:17:46.379  INFO 6224 --- [l-13-thread-194] tourGuide.service.RewardsService         : ** Processing to get reward points
2021-11-29 23:17:46.382  INFO 6224 --- [l-13-thread-135] tourGuide.service.RewardsService         : ** Processing to get reward points
2021-11-29 23:17:46.383  INFO 6224 --- [ol-13-thread-62] tourGuide.service.RewardsService         : ** Processing to get reward points
2021-11-29 23:17:46.389  INFO 6224 --- [l-13-thread-138] tourGuide.service.RewardsService         : ** Processing to get reward points
2021-11-29 23:17:46.400  INFO 6224 --- [l-13-thread-139] tourGuide.service.RewardsService         : ** Processing to get reward points
2021-11-29 23:17:46.400  INFO 6224 --- [l-13-thread-117] tourGuide.service.RewardsService         : ** Processing to get reward points
2021-11-29 23:17:46.401  INFO 6224 --- [l-13-thread-154] tourGuide.service.RewardsService         : ** Processing to get reward points
2021-11-29 23:17:46.402  INFO 6224 --- [ol-13-thread-13] tourGuide.service.RewardsService         : ** Processing to get reward points
2021-11-29 23:17:46.402  INFO 6224 --- [ol-13-thread-88] tourGuide.service.RewardsService         : ** Processing to get reward points
2021-11-29 23:17:46.403  INFO 6224 --- [ol-13-thread-54] tourGuide.service.RewardsService         : ** Processing to get reward points
2021-11-29 23:17:46.404  INFO 6224 --- [l-13-thread-159] tourGuide.service.RewardsService         : ** Processing to get reward points
]]></system-out>
  <system-err><![CDATA[java.util.concurrent.ExecutionException: feign.RetryableException: Connection refused: connect executing GET http://localhost:8082/getAttractionRewardPoints?attractionId=4ac4d30b-f51d-44d5-a556-a18f2dd387f0&userId=2365ecc4-1abe-4ccd-a0e0-7247f7b42ffb
	at java.base/java.util.concurrent.FutureTask.report(FutureTask.java:122)
	at java.base/java.util.concurrent.FutureTask.get(FutureTask.java:191)
	at tourGuide.service.RewardsService.lambda$calculateRewardsMultiThread$2(RewardsService.java:108)
	at java.base/java.util.ArrayList$ArrayListSpliterator.forEachRemaining(ArrayList.java:1655)
	at java.base/java.util.stream.ReferencePipeline$Head.forEach(ReferencePipeline.java:658)
	at tourGuide.service.RewardsService.calculateRewardsMultiThread(RewardsService.java:106)
	at tourGuide.performance.PerformanceTest.highVolumeGetRewards(PerformanceTest.java:122)
	at java.base/jdk.internal.reflect.NativeMethodAccessorImpl.invoke0(Native Method)
	at java.base/jdk.internal.reflect.NativeMethodAccessorImpl.invoke(NativeMethodAccessorImpl.java:62)
	at java.base/jdk.internal.reflect.DelegatingMethodAccessorImpl.invoke(DelegatingMethodAccessorImpl.java:43)
	at java.base/java.lang.reflect.Method.invoke(Method.java:566)
	at org.junit.platform.commons.util.ReflectionUtils.invokeMethod(ReflectionUtils.java:688)
	at org.junit.jupiter.engine.execution.ExecutableInvoker.invoke(ExecutableInvoker.java:115)
	at org.junit.jupiter.engine.descriptor.TestMethodTestDescriptor.lambda$invokeTestMethod$6(TestMethodTestDescriptor.java:171)
	at org.junit.platform.engine.support.hierarchical.ThrowableCollector.execute(ThrowableCollector.java:73)
	at org.junit.jupiter.engine.descriptor.TestMethodTestDescriptor.invokeTestMethod(TestMethodTestDescriptor.java:167)
	at org.junit.jupiter.engine.descriptor.TestMethodTestDescriptor.execute(TestMethodTestDescriptor.java:114)
	at org.junit.jupiter.engine.descriptor.TestMethodTestDescriptor.execute(TestMethodTestDescriptor.java:59)
	at org.junit.platform.engine.support.hierarchical.NodeTestTask.lambda$executeRecursively$5(NodeTestTask.java:139)
	at org.junit.platform.engine.support.hierarchical.ThrowableCollector.execute(ThrowableCollector.java:73)
	at org.junit.platform.engine.support.hierarchical.NodeTestTask.lambda$executeRecursively$7(NodeTestTask.java:129)
	at org.junit.platform.engine.support.hierarchical.Node.around(Node.java:137)
	at org.junit.platform.engine.support.hierarchical.NodeTestTask.lambda$executeRecursively$8(NodeTestTask.java:127)
	at org.junit.platform.engine.support.hierarchical.ThrowableCollector.execute(ThrowableCollector.java:73)
	at org.junit.platform.engine.support.hierarchical.NodeTestTask.executeRecursively(NodeTestTask.java:126)
	at org.junit.platform.engine.support.hierarchical.NodeTestTask.execute(NodeTestTask.java:84)
	at java.base/java.util.ArrayList.forEach(ArrayList.java:1541)
	at org.junit.platform.engine.support.hierarchical.SameThreadHierarchicalTestExecutorService.invokeAll(SameThreadHierarchicalTestExecutorService.java:38)
	at org.junit.platform.engine.support.hierarchical.NodeTestTask.lambda$executeRecursively$5(NodeTestTask.java:143)
	at org.junit.platform.engine.support.hierarchical.ThrowableCollector.execute(ThrowableCollector.java:73)
	at org.junit.platform.engine.support.hierarchical.NodeTestTask.lambda$executeRecursively$7(NodeTestTask.java:129)
	at org.junit.platform.engine.support.hierarchical.Node.around(Node.java:137)
	at org.junit.platform.engine.support.hierarchical.NodeTestTask.lambda$executeRecursively$8(NodeTestTask.java:127)
	at org.junit.platform.engine.support.hierarchical.ThrowableCollector.execute(ThrowableCollector.java:73)
	at org.junit.platform.engine.support.hierarchical.NodeTestTask.executeRecursively(NodeTestTask.java:126)
	at org.junit.platform.engine.support.hierarchical.NodeTestTask.execute(NodeTestTask.java:84)
	at java.base/java.util.ArrayList.forEach(ArrayList.java:1541)
	at org.junit.platform.engine.support.hierarchical.SameThreadHierarchicalTestExecutorService.invokeAll(SameThreadHierarchicalTestExecutorService.java:38)
	at org.junit.platform.engine.support.hierarchical.NodeTestTask.lambda$executeRecursively$5(NodeTestTask.java:143)
	at org.junit.platform.engine.support.hierarchical.ThrowableCollector.execute(ThrowableCollector.java:73)
	at org.junit.platform.engine.support.hierarchical.NodeTestTask.lambda$executeRecursively$7(NodeTestTask.java:129)
	at org.junit.platform.engine.support.hierarchical.Node.around(Node.java:137)
	at org.junit.platform.engine.support.hierarchical.NodeTestTask.lambda$executeRecursively$8(NodeTestTask.java:127)
	at org.junit.platform.engine.support.hierarchical.ThrowableCollector.execute(ThrowableCollector.java:73)
	at org.junit.platform.engine.support.hierarchical.NodeTestTask.executeRecursively(NodeTestTask.java:126)
	at org.junit.platform.engine.support.hierarchical.NodeTestTask.execute(NodeTestTask.java:84)
	at org.junit.platform.engine.support.hierarchical.SameThreadHierarchicalTestExecutorService.submit(SameThreadHierarchicalTestExecutorService.java:32)
	at org.junit.platform.engine.support.hierarchical.HierarchicalTestExecutor.execute(HierarchicalTestExecutor.java:57)
	at org.junit.platform.engine.support.hierarchical.HierarchicalTestEngine.execute(HierarchicalTestEngine.java:51)
	at org.junit.platform.launcher.core.EngineExecutionOrchestrator.execute(EngineExecutionOrchestrator.java:108)
	at org.junit.platform.launcher.core.EngineExecutionOrchestrator.execute(EngineExecutionOrchestrator.java:88)
	at org.junit.platform.launcher.core.EngineExecutionOrchestrator.lambda$execute$0(EngineExecutionOrchestrator.java:54)
	at org.junit.platform.launcher.core.EngineExecutionOrchestrator.withInterceptedStreams(EngineExecutionOrchestrator.java:67)
	at org.junit.platform.launcher.core.EngineExecutionOrchestrator.execute(EngineExecutionOrchestrator.java:52)
	at org.junit.platform.launcher.core.DefaultLauncher.execute(DefaultLauncher.java:96)
	at org.junit.platform.launcher.core.DefaultLauncher.execute(DefaultLauncher.java:75)
	at org.gradle.api.internal.tasks.testing.junitplatform.JUnitPlatformTestClassProcessor$CollectAllTestClassesExecutor.processAllTestClasses(JUnitPlatformTestClassProcessor.java:99)
	at org.gradle.api.internal.tasks.testing.junitplatform.JUnitPlatformTestClassProcessor$CollectAllTestClassesExecutor.access$000(JUnitPlatformTestClassProcessor.java:79)
	at org.gradle.api.internal.tasks.testing.junitplatform.JUnitPlatformTestClassProcessor.stop(JUnitPlatformTestClassProcessor.java:75)
	at org.gradle.api.internal.tasks.testing.SuiteTestClassProcessor.stop(SuiteTestClassProcessor.java:61)
	at java.base/jdk.internal.reflect.NativeMethodAccessorImpl.invoke0(Native Method)
	at java.base/jdk.internal.reflect.NativeMethodAccessorImpl.invoke(NativeMethodAccessorImpl.java:62)
	at java.base/jdk.internal.reflect.DelegatingMethodAccessorImpl.invoke(DelegatingMethodAccessorImpl.java:43)
	at java.base/java.lang.reflect.Method.invoke(Method.java:566)
	at org.gradle.internal.dispatch.ReflectionDispatch.dispatch(ReflectionDispatch.java:36)
	at org.gradle.internal.dispatch.ReflectionDispatch.dispatch(ReflectionDispatch.java:24)
	at org.gradle.internal.dispatch.ContextClassLoaderDispatch.dispatch(ContextClassLoaderDispatch.java:33)
	at org.gradle.internal.dispatch.ProxyDispatchAdapter$DispatchingInvocationHandler.invoke(ProxyDispatchAdapter.java:94)
	at com.sun.proxy.$Proxy5.stop(Unknown Source)
	at org.gradle.api.internal.tasks.testing.worker.TestWorker$3.run(TestWorker.java:193)
	at org.gradle.api.internal.tasks.testing.worker.TestWorker.executeAndMaintainThreadName(TestWorker.java:129)
	at org.gradle.api.internal.tasks.testing.worker.TestWorker.execute(TestWorker.java:100)
	at org.gradle.api.internal.tasks.testing.worker.TestWorker.execute(TestWorker.java:60)
	at org.gradle.process.internal.worker.child.ActionExecutionWorker.execute(ActionExecutionWorker.java:56)
	at org.gradle.process.internal.worker.child.SystemApplicationClassLoaderWorker.call(SystemApplicationClassLoaderWorker.java:133)
	at org.gradle.process.internal.worker.child.SystemApplicationClassLoaderWorker.call(SystemApplicationClassLoaderWorker.java:71)
	at worker.org.gradle.process.internal.worker.GradleWorkerMain.run(GradleWorkerMain.java:69)
	at worker.org.gradle.process.internal.worker.GradleWorkerMain.main(GradleWorkerMain.java:74)
Caused by: feign.RetryableException: Connection refused: connect executing GET http://localhost:8082/getAttractionRewardPoints?attractionId=4ac4d30b-f51d-44d5-a556-a18f2dd387f0&userId=2365ecc4-1abe-4ccd-a0e0-7247f7b42ffb
	at feign.FeignException.errorExecuting(FeignException.java:249)
	at feign.SynchronousMethodHandler.executeAndDecode(SynchronousMethodHandler.java:129)
	at feign.SynchronousMethodHandler.invoke(SynchronousMethodHandler.java:89)
	at feign.ReflectiveFeign$FeignInvocationHandler.invoke(ReflectiveFeign.java:100)
	at com.sun.proxy.$Proxy129.getAttractionRewardPoints(Unknown Source)
	at tourGuide.service.RewardsService.getRewardPoints(RewardsService.java:128)
	at tourGuide.service.RewardsService.lambda$calculateRewardsMultiThread$1(RewardsService.java:95)
	at java.base/java.util.concurrent.Executors$RunnableAdapter.call(Executors.java:515)
	at java.base/java.util.concurrent.FutureTask.run(FutureTask.java:264)
	at java.base/java.util.concurrent.ThreadPoolExecutor.runWorker(ThreadPoolExecutor.java:1128)
	at java.base/java.util.concurrent.ThreadPoolExecutor$Worker.run(ThreadPoolExecutor.java:628)
	at java.base/java.lang.Thread.run(Thread.java:829)
Caused by: java.net.ConnectException: Connection refused: connect
	at java.base/java.net.PlainSocketImpl.waitForConnect(Native Method)
	at java.base/java.net.PlainSocketImpl.socketConnect(PlainSocketImpl.java:107)
	at java.base/java.net.AbstractPlainSocketImpl.doConnect(AbstractPlainSocketImpl.java:399)
	at java.base/java.net.AbstractPlainSocketImpl.connectToAddress(AbstractPlainSocketImpl.java:242)
	at java.base/java.net.AbstractPlainSocketImpl.connect(AbstractPlainSocketImpl.java:224)
	at java.base/java.net.Socket.connect(Socket.java:609)
	at java.base/sun.net.NetworkClient.doConnect(NetworkClient.java:177)
	at java.base/sun.net.www.http.HttpClient.openServer(HttpClient.java:474)
	at java.base/sun.net.www.http.HttpClient.openServer(HttpClient.java:569)
	at java.base/sun.net.www.http.HttpClient.<init>(HttpClient.java:242)
	at java.base/sun.net.www.http.HttpClient.New(HttpClient.java:341)
	at java.base/sun.net.www.http.HttpClient.New(HttpClient.java:362)
	at java.base/sun.net.www.protocol.http.HttpURLConnection.getNewHttpClient(HttpURLConnection.java:1253)
	at java.base/sun.net.www.protocol.http.HttpURLConnection.plainConnect0(HttpURLConnection.java:1187)
	at java.base/sun.net.www.protocol.http.HttpURLConnection.plainConnect(HttpURLConnection.java:1081)
	at java.base/sun.net.www.protocol.http.HttpURLConnection.connect(HttpURLConnection.java:1015)
	at java.base/sun.net.www.protocol.http.HttpURLConnection.getInputStream0(HttpURLConnection.java:1592)
	at java.base/sun.net.www.protocol.http.HttpURLConnection.getInputStream(HttpURLConnection.java:1520)
	at java.base/java.net.HttpURLConnection.getResponseCode(HttpURLConnection.java:527)
	at feign.Client$Default.convertResponse(Client.java:108)
	at feign.Client$Default.execute(Client.java:104)
	at feign.SynchronousMethodHandler.executeAndDecode(SynchronousMethodHandler.java:119)
	... 10 more
java.util.concurrent.ExecutionException: feign.RetryableException: Connection refused: connect executing GET http://localhost:8082/getAttractionRewardPoints?attractionId=4ac4d30b-f51d-44d5-a556-a18f2dd387f0&userId=128a38b0-511f-4ec2-90c1-92b7d96e974d
	at java.base/java.util.concurrent.FutureTask.report(FutureTask.java:122)
	at java.base/java.util.concurrent.FutureTask.get(FutureTask.java:191)
	at tourGuide.service.RewardsService.lambda$calculateRewardsMultiThread$2(RewardsService.java:108)
	at java.base/java.util.ArrayList$ArrayListSpliterator.forEachRemaining(ArrayList.java:1655)
	at java.base/java.util.stream.ReferencePipeline$Head.forEach(ReferencePipeline.java:658)
	at tourGuide.service.RewardsService.calculateRewardsMultiThread(RewardsService.java:106)
	at tourGuide.performance.PerformanceTest.highVolumeGetRewards(PerformanceTest.java:122)
	at java.base/jdk.internal.reflect.NativeMethodAccessorImpl.invoke0(Native Method)
	at java.base/jdk.internal.reflect.NativeMethodAccessorImpl.invoke(NativeMethodAccessorImpl.java:62)
	at java.base/jdk.internal.reflect.DelegatingMethodAccessorImpl.invoke(DelegatingMethodAccessorImpl.java:43)
	at java.base/java.lang.reflect.Method.invoke(Method.java:566)
	at org.junit.platform.commons.util.ReflectionUtils.invokeMethod(ReflectionUtils.java:688)
	at org.junit.jupiter.engine.execution.ExecutableInvoker.invoke(ExecutableInvoker.java:115)
	at org.junit.jupiter.engine.descriptor.TestMethodTestDescriptor.lambda$invokeTestMethod$6(TestMethodTestDescriptor.java:171)
	at org.junit.platform.engine.support.hierarchical.ThrowableCollector.execute(ThrowableCollector.java:73)
	at org.junit.jupiter.engine.descriptor.TestMethodTestDescriptor.invokeTestMethod(TestMethodTestDescriptor.java:167)
	at org.junit.jupiter.engine.descriptor.TestMethodTestDescriptor.execute(TestMethodTestDescriptor.java:114)
	at org.junit.jupiter.engine.descriptor.TestMethodTestDescriptor.execute(TestMethodTestDescriptor.java:59)
	at org.junit.platform.engine.support.hierarchical.NodeTestTask.lambda$executeRecursively$5(NodeTestTask.java:139)
	at org.junit.platform.engine.support.hierarchical.ThrowableCollector.execute(ThrowableCollector.java:73)
	at org.junit.platform.engine.support.hierarchical.NodeTestTask.lambda$executeRecursively$7(NodeTestTask.java:129)
	at org.junit.platform.engine.support.hierarchical.Node.around(Node.java:137)
	at org.junit.platform.engine.support.hierarchical.NodeTestTask.lambda$executeRecursively$8(NodeTestTask.java:127)
	at org.junit.platform.engine.support.hierarchical.ThrowableCollector.execute(ThrowableCollector.java:73)
	at org.junit.platform.engine.support.hierarchical.NodeTestTask.executeRecursively(NodeTestTask.java:126)
	at org.junit.platform.engine.support.hierarchical.NodeTestTask.execute(NodeTestTask.java:84)
	at java.base/java.util.ArrayList.forEach(ArrayList.java:1541)
	at org.junit.platform.engine.support.hierarchical.SameThreadHierarchicalTestExecutorService.invokeAll(SameThreadHierarchicalTestExecutorService.java:38)
	at org.junit.platform.engine.support.hierarchical.NodeTestTask.lambda$executeRecursively$5(NodeTestTask.java:143)
	at org.junit.platform.engine.support.hierarchical.ThrowableCollector.execute(ThrowableCollector.java:73)
	at org.junit.platform.engine.support.hierarchical.NodeTestTask.lambda$executeRecursively$7(NodeTestTask.java:129)
	at org.junit.platform.engine.support.hierarchical.Node.around(Node.java:137)
	at org.junit.platform.engine.support.hierarchical.NodeTestTask.lambda$executeRecursively$8(NodeTestTask.java:127)
	at org.junit.platform.engine.support.hierarchical.ThrowableCollector.execute(ThrowableCollector.java:73)
	at org.junit.platform.engine.support.hierarchical.NodeTestTask.executeRecursively(NodeTestTask.java:126)
	at org.junit.platform.engine.support.hierarchical.NodeTestTask.execute(NodeTestTask.java:84)
	at java.base/java.util.ArrayList.forEach(ArrayList.java:1541)
	at org.junit.platform.engine.support.hierarchical.SameThreadHierarchicalTestExecutorService.invokeAll(SameThreadHierarchicalTestExecutorService.java:38)
	at org.junit.platform.engine.support.hierarchical.NodeTestTask.lambda$executeRecursively$5(NodeTestTask.java:143)
	at org.junit.platform.engine.support.hierarchical.ThrowableCollector.execute(ThrowableCollector.java:73)
	at org.junit.platform.engine.support.hierarchical.NodeTestTask.lambda$executeRecursively$7(NodeTestTask.java:129)
	at org.junit.platform.engine.support.hierarchical.Node.around(Node.java:137)
	at org.junit.platform.engine.support.hierarchical.NodeTestTask.lambda$executeRecursively$8(NodeTestTask.java:127)
	at org.junit.platform.engine.support.hierarchical.ThrowableCollector.execute(ThrowableCollector.java:73)
	at org.junit.platform.engine.support.hierarchical.NodeTestTask.executeRecursively(NodeTestTask.java:126)
	at org.junit.platform.engine.support.hierarchical.NodeTestTask.execute(NodeTestTask.java:84)
	at org.junit.platform.engine.support.hierarchical.SameThreadHierarchicalTestExecutorService.submit(SameThreadHierarchicalTestExecutorService.java:32)
	at org.junit.platform.engine.support.hierarchical.HierarchicalTestExecutor.execute(HierarchicalTestExecutor.java:57)
	at org.junit.platform.engine.support.hierarchical.HierarchicalTestEngine.execute(HierarchicalTestEngine.java:51)
	at org.junit.platform.launcher.core.EngineExecutionOrchestrator.execute(EngineExecutionOrchestrator.java:108)
	at org.junit.platform.launcher.core.EngineExecutionOrchestrator.execute(EngineExecutionOrchestrator.java:88)
	at org.junit.platform.launcher.core.EngineExecutionOrchestrator.lambda$execute$0(EngineExecutionOrchestrator.java:54)
	at org.junit.platform.launcher.core.EngineExecutionOrchestrator.withInterceptedStreams(EngineExecutionOrchestrator.java:67)
	at org.junit.platform.launcher.core.EngineExecutionOrchestrator.execute(EngineExecutionOrchestrator.java:52)
	at org.junit.platform.launcher.core.DefaultLauncher.execute(DefaultLauncher.java:96)
	at org.junit.platform.launcher.core.DefaultLauncher.execute(DefaultLauncher.java:75)
	at org.gradle.api.internal.tasks.testing.junitplatform.JUnitPlatformTestClassProcessor$CollectAllTestClassesExecutor.processAllTestClasses(JUnitPlatformTestClassProcessor.java:99)
	at org.gradle.api.internal.tasks.testing.junitplatform.JUnitPlatformTestClassProcessor$CollectAllTestClassesExecutor.access$000(JUnitPlatformTestClassProcessor.java:79)
	at org.gradle.api.internal.tasks.testing.junitplatform.JUnitPlatformTestClassProcessor.stop(JUnitPlatformTestClassProcessor.java:75)
	at org.gradle.api.internal.tasks.testing.SuiteTestClassProcessor.stop(SuiteTestClassProcessor.java:61)
	at java.base/jdk.internal.reflect.NativeMethodAccessorImpl.invoke0(Native Method)
	at java.base/jdk.internal.reflect.NativeMethodAccessorImpl.invoke(NativeMethodAccessorImpl.java:62)
	at java.base/jdk.internal.reflect.DelegatingMethodAccessorImpl.invoke(DelegatingMethodAccessorImpl.java:43)
	at java.base/java.lang.reflect.Method.invoke(Method.java:566)
	at org.gradle.internal.dispatch.ReflectionDispatch.dispatch(ReflectionDispatch.java:36)
	at org.gradle.internal.dispatch.ReflectionDispatch.dispatch(ReflectionDispatch.java:24)
	at org.gradle.internal.dispatch.ContextClassLoaderDispatch.dispatch(ContextClassLoaderDispatch.java:33)
	at org.gradle.internal.dispatch.ProxyDispatchAdapter$DispatchingInvocationHandler.invoke(ProxyDispatchAdapter.java:94)
	at com.sun.proxy.$Proxy5.stop(Unknown Source)
	at org.gradle.api.internal.tasks.testing.worker.TestWorker$3.run(TestWorker.java:193)
	at org.gradle.api.internal.tasks.testing.worker.TestWorker.executeAndMaintainThreadName(TestWorker.java:129)
	at org.gradle.api.internal.tasks.testing.worker.TestWorker.execute(TestWorker.java:100)
	at org.gradle.api.internal.tasks.testing.worker.TestWorker.execute(TestWorker.java:60)
	at org.gradle.process.internal.worker.child.ActionExecutionWorker.execute(ActionExecutionWorker.java:56)
	at org.gradle.process.internal.worker.child.SystemApplicationClassLoaderWorker.call(SystemApplicationClassLoaderWorker.java:133)
	at org.gradle.process.internal.worker.child.SystemApplicationClassLoaderWorker.call(SystemApplicationClassLoaderWorker.java:71)
	at worker.org.gradle.process.internal.worker.GradleWorkerMain.run(GradleWorkerMain.java:69)
	at worker.org.gradle.process.internal.worker.GradleWorkerMain.main(GradleWorkerMain.java:74)
Caused by: feign.RetryableException: Connection refused: connect executing GET http://localhost:8082/getAttractionRewardPoints?attractionId=4ac4d30b-f51d-44d5-a556-a18f2dd387f0&userId=128a38b0-511f-4ec2-90c1-92b7d96e974d
	at feign.FeignException.errorExecuting(FeignException.java:249)
	at feign.SynchronousMethodHandler.executeAndDecode(SynchronousMethodHandler.java:129)
	at feign.SynchronousMethodHandler.invoke(SynchronousMethodHandler.java:89)
	at feign.ReflectiveFeign$FeignInvocationHandler.invoke(ReflectiveFeign.java:100)
	at com.sun.proxy.$Proxy129.getAttractionRewardPoints(Unknown Source)
	at tourGuide.service.RewardsService.getRewardPoints(RewardsService.java:128)
	at tourGuide.service.RewardsService.lambda$calculateRewardsMultiThread$1(RewardsService.java:95)
	at java.base/java.util.concurrent.Executors$RunnableAdapter.call(Executors.java:515)
	at java.base/java.util.concurrent.FutureTask.run(FutureTask.java:264)
	at java.base/java.util.concurrent.ThreadPoolExecutor.runWorker(ThreadPoolExecutor.java:1128)
	at java.base/java.util.concurrent.ThreadPoolExecutor$Worker.run(ThreadPoolExecutor.java:628)
	at java.base/java.lang.Thread.run(Thread.java:829)
Caused by: java.net.ConnectException: Connection refused: connect
	at java.base/java.net.PlainSocketImpl.waitForConnect(Native Method)
	at java.base/java.net.PlainSocketImpl.socketConnect(PlainSocketImpl.java:107)
	at java.base/java.net.AbstractPlainSocketImpl.doConnect(AbstractPlainSocketImpl.java:399)
	at java.base/java.net.AbstractPlainSocketImpl.connectToAddress(AbstractPlainSocketImpl.java:242)
	at java.base/java.net.AbstractPlainSocketImpl.connect(AbstractPlainSocketImpl.java:224)
	at java.base/java.net.Socket.connect(Socket.java:609)
	at java.base/sun.net.NetworkClient.doConnect(NetworkClient.java:177)
	at java.base/sun.net.www.http.HttpClient.openServer(HttpClient.java:474)
	at java.base/sun.net.www.http.HttpClient.openServer(HttpClient.java:569)
	at java.base/sun.net.www.http.HttpClient.<init>(HttpClient.java:242)
	at java.base/sun.net.www.http.HttpClient.New(HttpClient.java:341)
	at java.base/sun.net.www.http.HttpClient.New(HttpClient.java:362)
	at java.base/sun.net.www.protocol.http.HttpURLConnection.getNewHttpClient(HttpURLConnection.java:1253)
	at java.base/sun.net.www.protocol.http.HttpURLConnection.plainConnect0(HttpURLConnection.java:1187)
	at java.base/sun.net.www.protocol.http.HttpURLConnection.plainConnect(HttpURLConnection.java:1081)
	at java.base/sun.net.www.protocol.http.HttpURLConnection.connect(HttpURLConnection.java:1015)
	at java.base/sun.net.www.protocol.http.HttpURLConnection.getInputStream0(HttpURLConnection.java:1592)
	at java.base/sun.net.www.protocol.http.HttpURLConnection.getInputStream(HttpURLConnection.java:1520)
	at java.base/java.net.HttpURLConnection.getResponseCode(HttpURLConnection.java:527)
	at feign.Client$Default.convertResponse(Client.java:108)
	at feign.Client$Default.execute(Client.java:104)
	at feign.SynchronousMethodHandler.executeAndDecode(SynchronousMethodHandler.java:119)
	... 10 more
java.util.concurrent.ExecutionException: feign.RetryableException: Connection refused: connect executing GET http://localhost:8082/getAttractionRewardPoints?attractionId=4ac4d30b-f51d-44d5-a556-a18f2dd387f0&userId=28bad95f-2936-4669-a902-367e467561f0
	at java.base/java.util.concurrent.FutureTask.report(FutureTask.java:122)
	at java.base/java.util.concurrent.FutureTask.get(FutureTask.java:191)
	at tourGuide.service.RewardsService.lambda$calculateRewardsMultiThread$2(RewardsService.java:108)
	at java.base/java.util.ArrayList$ArrayListSpliterator.forEachRemaining(ArrayList.java:1655)
	at java.base/java.util.stream.ReferencePipeline$Head.forEach(ReferencePipeline.java:658)
	at tourGuide.service.RewardsService.calculateRewardsMultiThread(RewardsService.java:106)
	at tourGuide.performance.PerformanceTest.highVolumeGetRewards(PerformanceTest.java:122)
	at java.base/jdk.internal.reflect.NativeMethodAccessorImpl.invoke0(Native Method)
	at java.base/jdk.internal.reflect.NativeMethodAccessorImpl.invoke(NativeMethodAccessorImpl.java:62)
	at java.base/jdk.internal.reflect.DelegatingMethodAccessorImpl.invoke(DelegatingMethodAccessorImpl.java:43)
	at java.base/java.lang.reflect.Method.invoke(Method.java:566)
	at org.junit.platform.commons.util.ReflectionUtils.invokeMethod(ReflectionUtils.java:688)
	at org.junit.jupiter.engine.execution.ExecutableInvoker.invoke(ExecutableInvoker.java:115)
	at org.junit.jupiter.engine.descriptor.TestMethodTestDescriptor.lambda$invokeTestMethod$6(TestMethodTestDescriptor.java:171)
	at org.junit.platform.engine.support.hierarchical.ThrowableCollector.execute(ThrowableCollector.java:73)
	at org.junit.jupiter.engine.descriptor.TestMethodTestDescriptor.invokeTestMethod(TestMethodTestDescriptor.java:167)
	at org.junit.jupiter.engine.descriptor.TestMethodTestDescriptor.execute(TestMethodTestDescriptor.java:114)
	at org.junit.jupiter.engine.descriptor.TestMethodTestDescriptor.execute(TestMethodTestDescriptor.java:59)
	at org.junit.platform.engine.support.hierarchical.NodeTestTask.lambda$executeRecursively$5(NodeTestTask.java:139)
	at org.junit.platform.engine.support.hierarchical.ThrowableCollector.execute(ThrowableCollector.java:73)
	at org.junit.platform.engine.support.hierarchical.NodeTestTask.lambda$executeRecursively$7(NodeTestTask.java:129)
	at org.junit.platform.engine.support.hierarchical.Node.around(Node.java:137)
	at org.junit.platform.engine.support.hierarchical.NodeTestTask.lambda$executeRecursively$8(NodeTestTask.java:127)
	at org.junit.platform.engine.support.hierarchical.ThrowableCollector.execute(ThrowableCollector.java:73)
	at org.junit.platform.engine.support.hierarchical.NodeTestTask.executeRecursively(NodeTestTask.java:126)
	at org.junit.platform.engine.support.hierarchical.NodeTestTask.execute(NodeTestTask.java:84)
	at java.base/java.util.ArrayList.forEach(ArrayList.java:1541)
	at org.junit.platform.engine.support.hierarchical.SameThreadHierarchicalTestExecutorService.invokeAll(SameThreadHierarchicalTestExecutorService.java:38)
	at org.junit.platform.engine.support.hierarchical.NodeTestTask.lambda$executeRecursively$5(NodeTestTask.java:143)
	at org.junit.platform.engine.support.hierarchical.ThrowableCollector.execute(ThrowableCollector.java:73)
	at org.junit.platform.engine.support.hierarchical.NodeTestTask.lambda$executeRecursively$7(NodeTestTask.java:129)
	at org.junit.platform.engine.support.hierarchical.Node.around(Node.java:137)
	at org.junit.platform.engine.support.hierarchical.NodeTestTask.lambda$executeRecursively$8(NodeTestTask.java:127)
	at org.junit.platform.engine.support.hierarchical.ThrowableCollector.execute(ThrowableCollector.java:73)
	at org.junit.platform.engine.support.hierarchical.NodeTestTask.executeRecursively(NodeTestTask.java:126)
	at org.junit.platform.engine.support.hierarchical.NodeTestTask.execute(NodeTestTask.java:84)
	at java.base/java.util.ArrayList.forEach(ArrayList.java:1541)
	at org.junit.platform.engine.support.hierarchical.SameThreadHierarchicalTestExecutorService.invokeAll(SameThreadHierarchicalTestExecutorService.java:38)
	at org.junit.platform.engine.support.hierarchical.NodeTestTask.lambda$executeRecursively$5(NodeTestTask.java:143)
	at org.junit.platform.engine.support.hierarchical.ThrowableCollector.execute(ThrowableCollector.java:73)
	at org.junit.platform.engine.support.hierarchical.NodeTestTask.lambda$executeRecursively$7(NodeTestTask.java:129)
	at org.junit.platform.engine.support.hierarchical.Node.around(Node.java:137)
	at org.junit.platform.engine.support.hierarchical.NodeTestTask.lambda$executeRecursively$8(NodeTestTask.java:127)
	at org.junit.platform.engine.support.hierarchical.ThrowableCollector.execute(ThrowableCollector.java:73)
	at org.junit.platform.engine.support.hierarchical.NodeTestTask.executeRecursively(NodeTestTask.java:126)
	at org.junit.platform.engine.support.hierarchical.NodeTestTask.execute(NodeTestTask.java:84)
	at org.junit.platform.engine.support.hierarchical.SameThreadHierarchicalTestExecutorService.submit(SameThreadHierarchicalTestExecutorService.java:32)
	at org.junit.platform.engine.support.hierarchical.HierarchicalTestExecutor.execute(HierarchicalTestExecutor.java:57)
	at org.junit.platform.engine.support.hierarchical.HierarchicalTestEngine.execute(HierarchicalTestEngine.java:51)
	at org.junit.platform.launcher.core.EngineExecutionOrchestrator.execute(EngineExecutionOrchestrator.java:108)
	at org.junit.platform.launcher.core.EngineExecutionOrchestrator.execute(EngineExecutionOrchestrator.java:88)
	at org.junit.platform.launcher.core.EngineExecutionOrchestrator.lambda$execute$0(EngineExecutionOrchestrator.java:54)
	at org.junit.platform.launcher.core.EngineExecutionOrchestrator.withInterceptedStreams(EngineExecutionOrchestrator.java:67)
	at org.junit.platform.launcher.core.EngineExecutionOrchestrator.execute(EngineExecutionOrchestrator.java:52)
	at org.junit.platform.launcher.core.DefaultLauncher.execute(DefaultLauncher.java:96)
	at org.junit.platform.launcher.core.DefaultLauncher.execute(DefaultLauncher.java:75)
	at org.gradle.api.internal.tasks.testing.junitplatform.JUnitPlatformTestClassProcessor$CollectAllTestClassesExecutor.processAllTestClasses(JUnitPlatformTestClassProcessor.java:99)
	at org.gradle.api.internal.tasks.testing.junitplatform.JUnitPlatformTestClassProcessor$CollectAllTestClassesExecutor.access$000(JUnitPlatformTestClassProcessor.java:79)
	at org.gradle.api.internal.tasks.testing.junitplatform.JUnitPlatformTestClassProcessor.stop(JUnitPlatformTestClassProcessor.java:75)
	at org.gradle.api.internal.tasks.testing.SuiteTestClassProcessor.stop(SuiteTestClassProcessor.java:61)
	at java.base/jdk.internal.reflect.NativeMethodAccessorImpl.invoke0(Native Method)
	at java.base/jdk.internal.reflect.NativeMethodAccessorImpl.invoke(NativeMethodAccessorImpl.java:62)
	at java.base/jdk.internal.reflect.DelegatingMethodAccessorImpl.invoke(DelegatingMethodAccessorImpl.java:43)
	at java.base/java.lang.reflect.Method.invoke(Method.java:566)
	at org.gradle.internal.dispatch.ReflectionDispatch.dispatch(ReflectionDispatch.java:36)
	at org.gradle.internal.dispatch.ReflectionDispatch.dispatch(ReflectionDispatch.java:24)
	at org.gradle.internal.dispatch.ContextClassLoaderDispatch.dispatch(ContextClassLoaderDispatch.java:33)
	at org.gradle.internal.dispatch.ProxyDispatchAdapter$DispatchingInvocationHandler.invoke(ProxyDispatchAdapter.java:94)
	at com.sun.proxy.$Proxy5.stop(Unknown Source)
	at org.gradle.api.internal.tasks.testing.worker.TestWorker$3.run(TestWorker.java:193)
	at org.gradle.api.internal.tasks.testing.worker.TestWorker.executeAndMaintainThreadName(TestWorker.java:129)
	at org.gradle.api.internal.tasks.testing.worker.TestWorker.execute(TestWorker.java:100)
	at org.gradle.api.internal.tasks.testing.worker.TestWorker.execute(TestWorker.java:60)
	at org.gradle.process.internal.worker.child.ActionExecutionWorker.execute(ActionExecutionWorker.java:56)
	at org.gradle.process.internal.worker.child.SystemApplicationClassLoaderWorker.call(SystemApplicationClassLoaderWorker.java:133)
	at org.gradle.process.internal.worker.child.SystemApplicationClassLoaderWorker.call(SystemApplicationClassLoaderWorker.java:71)
	at worker.org.gradle.process.internal.worker.GradleWorkerMain.run(GradleWorkerMain.java:69)
	at worker.org.gradle.process.internal.worker.GradleWorkerMain.main(GradleWorkerMain.java:74)
Caused by: feign.RetryableException: Connection refused: connect executing GET http://localhost:8082/getAttractionRewardPoints?attractionId=4ac4d30b-f51d-44d5-a556-a18f2dd387f0&userId=28bad95f-2936-4669-a902-367e467561f0
	at feign.FeignException.errorExecuting(FeignException.java:249)
	at feign.SynchronousMethodHandler.executeAndDecode(SynchronousMethodHandler.java:129)
	at feign.SynchronousMethodHandler.invoke(SynchronousMethodHandler.java:89)
	at feign.ReflectiveFeign$FeignInvocationHandler.invoke(ReflectiveFeign.java:100)
	at com.sun.proxy.$Proxy129.getAttractionRewardPoints(Unknown Source)
	at tourGuide.service.RewardsService.getRewardPoints(RewardsService.java:128)
	at tourGuide.service.RewardsService.lambda$calculateRewardsMultiThread$1(RewardsService.java:95)
	at java.base/java.util.concurrent.Executors$RunnableAdapter.call(Executors.java:515)
	at java.base/java.util.concurrent.FutureTask.run(FutureTask.java:264)
	at java.base/java.util.concurrent.ThreadPoolExecutor.runWorker(ThreadPoolExecutor.java:1128)
	at java.base/java.util.concurrent.ThreadPoolExecutor$Worker.run(ThreadPoolExecutor.java:628)
	at java.base/java.lang.Thread.run(Thread.java:829)
Caused by: java.net.ConnectException: Connection refused: connect
	at java.base/java.net.PlainSocketImpl.waitForConnect(Native Method)
	at java.base/java.net.PlainSocketImpl.socketConnect(PlainSocketImpl.java:107)
	at java.base/java.net.AbstractPlainSocketImpl.doConnect(AbstractPlainSocketImpl.java:399)
	at java.base/java.net.AbstractPlainSocketImpl.connectToAddress(AbstractPlainSocketImpl.java:242)
	at java.base/java.net.AbstractPlainSocketImpl.connect(AbstractPlainSocketImpl.java:224)
	at java.base/java.net.Socket.connect(Socket.java:609)
	at java.base/sun.net.NetworkClient.doConnect(NetworkClient.java:177)
	at java.base/sun.net.www.http.HttpClient.openServer(HttpClient.java:474)
	at java.base/sun.net.www.http.HttpClient.openServer(HttpClient.java:569)
	at java.base/sun.net.www.http.HttpClient.<init>(HttpClient.java:242)
	at java.base/sun.net.www.http.HttpClient.New(HttpClient.java:341)
	at java.base/sun.net.www.http.HttpClient.New(HttpClient.java:362)
	at java.base/sun.net.www.protocol.http.HttpURLConnection.getNewHttpClient(HttpURLConnection.java:1253)
	at java.base/sun.net.www.protocol.http.HttpURLConnection.plainConnect0(HttpURLConnection.java:1187)
	at java.base/sun.net.www.protocol.http.HttpURLConnection.plainConnect(HttpURLConnection.java:1081)
	at java.base/sun.net.www.protocol.http.HttpURLConnection.connect(HttpURLConnection.java:1015)
	at java.base/sun.net.www.protocol.http.HttpURLConnection.getInputStream0(HttpURLConnection.java:1592)
	at java.base/sun.net.www.protocol.http.HttpURLConnection.getInputStream(HttpURLConnection.java:1520)
	at java.base/java.net.HttpURLConnection.getResponseCode(HttpURLConnection.java:527)
	at feign.Client$Default.convertResponse(Client.java:108)
	at feign.Client$Default.execute(Client.java:104)
	at feign.SynchronousMethodHandler.executeAndDecode(SynchronousMethodHandler.java:119)
	... 10 more
java.util.concurrent.ExecutionException: feign.RetryableException: Connection refused: connect executing GET http://localhost:8082/getAttractionRewardPoints?attractionId=4ac4d30b-f51d-44d5-a556-a18f2dd387f0&userId=5643baab-220f-4249-9c3a-73c6d1a19709
	at java.base/java.util.concurrent.FutureTask.report(FutureTask.java:122)
	at java.base/java.util.concurrent.FutureTask.get(FutureTask.java:191)
	at tourGuide.service.RewardsService.lambda$calculateRewardsMultiThread$2(RewardsService.java:108)
	at java.base/java.util.ArrayList$ArrayListSpliterator.forEachRemaining(ArrayList.java:1655)
	at java.base/java.util.stream.ReferencePipeline$Head.forEach(ReferencePipeline.java:658)
	at tourGuide.service.RewardsService.calculateRewardsMultiThread(RewardsService.java:106)
	at tourGuide.performance.PerformanceTest.highVolumeGetRewards(PerformanceTest.java:122)
	at java.base/jdk.internal.reflect.NativeMethodAccessorImpl.invoke0(Native Method)
	at java.base/jdk.internal.reflect.NativeMethodAccessorImpl.invoke(NativeMethodAccessorImpl.java:62)
	at java.base/jdk.internal.reflect.DelegatingMethodAccessorImpl.invoke(DelegatingMethodAccessorImpl.java:43)
	at java.base/java.lang.reflect.Method.invoke(Method.java:566)
	at org.junit.platform.commons.util.ReflectionUtils.invokeMethod(ReflectionUtils.java:688)
	at org.junit.jupiter.engine.execution.ExecutableInvoker.invoke(ExecutableInvoker.java:115)
	at org.junit.jupiter.engine.descriptor.TestMethodTestDescriptor.lambda$invokeTestMethod$6(TestMethodTestDescriptor.java:171)
	at org.junit.platform.engine.support.hierarchical.ThrowableCollector.execute(ThrowableCollector.java:73)
	at org.junit.jupiter.engine.descriptor.TestMethodTestDescriptor.invokeTestMethod(TestMethodTestDescriptor.java:167)
	at org.junit.jupiter.engine.descriptor.TestMethodTestDescriptor.execute(TestMethodTestDescriptor.java:114)
	at org.junit.jupiter.engine.descriptor.TestMethodTestDescriptor.execute(TestMethodTestDescriptor.java:59)
	at org.junit.platform.engine.support.hierarchical.NodeTestTask.lambda$executeRecursively$5(NodeTestTask.java:139)
	at org.junit.platform.engine.support.hierarchical.ThrowableCollector.execute(ThrowableCollector.java:73)
	at org.junit.platform.engine.support.hierarchical.NodeTestTask.lambda$executeRecursively$7(NodeTestTask.java:129)
	at org.junit.platform.engine.support.hierarchical.Node.around(Node.java:137)
	at org.junit.platform.engine.support.hierarchical.NodeTestTask.lambda$executeRecursively$8(NodeTestTask.java:127)
	at org.junit.platform.engine.support.hierarchical.ThrowableCollector.execute(ThrowableCollector.java:73)
	at org.junit.platform.engine.support.hierarchical.NodeTestTask.executeRecursively(NodeTestTask.java:126)
	at org.junit.platform.engine.support.hierarchical.NodeTestTask.execute(NodeTestTask.java:84)
	at java.base/java.util.ArrayList.forEach(ArrayList.java:1541)
	at org.junit.platform.engine.support.hierarchical.SameThreadHierarchicalTestExecutorService.invokeAll(SameThreadHierarchicalTestExecutorService.java:38)
	at org.junit.platform.engine.support.hierarchical.NodeTestTask.lambda$executeRecursively$5(NodeTestTask.java:143)
	at org.junit.platform.engine.support.hierarchical.ThrowableCollector.execute(ThrowableCollector.java:73)
	at org.junit.platform.engine.support.hierarchical.NodeTestTask.lambda$executeRecursively$7(NodeTestTask.java:129)
	at org.junit.platform.engine.support.hierarchical.Node.around(Node.java:137)
	at org.junit.platform.engine.support.hierarchical.NodeTestTask.lambda$executeRecursively$8(NodeTestTask.java:127)
	at org.junit.platform.engine.support.hierarchical.ThrowableCollector.execute(ThrowableCollector.java:73)
	at org.junit.platform.engine.support.hierarchical.NodeTestTask.executeRecursively(NodeTestTask.java:126)
	at org.junit.platform.engine.support.hierarchical.NodeTestTask.execute(NodeTestTask.java:84)
	at java.base/java.util.ArrayList.forEach(ArrayList.java:1541)
	at org.junit.platform.engine.support.hierarchical.SameThreadHierarchicalTestExecutorService.invokeAll(SameThreadHierarchicalTestExecutorService.java:38)
	at org.junit.platform.engine.support.hierarchical.NodeTestTask.lambda$executeRecursively$5(NodeTestTask.java:143)
	at org.junit.platform.engine.support.hierarchical.ThrowableCollector.execute(ThrowableCollector.java:73)
	at org.junit.platform.engine.support.hierarchical.NodeTestTask.lambda$executeRecursively$7(NodeTestTask.java:129)
	at org.junit.platform.engine.support.hierarchical.Node.around(Node.java:137)
	at org.junit.platform.engine.support.hierarchical.NodeTestTask.lambda$executeRecursively$8(NodeTestTask.java:127)
	at org.junit.platform.engine.support.hierarchical.ThrowableCollector.execute(ThrowableCollector.java:73)
	at org.junit.platform.engine.support.hierarchical.NodeTestTask.executeRecursively(NodeTestTask.java:126)
	at org.junit.platform.engine.support.hierarchical.NodeTestTask.execute(NodeTestTask.java:84)
	at org.junit.platform.engine.support.hierarchical.SameThreadHierarchicalTestExecutorService.submit(SameThreadHierarchicalTestExecutorService.java:32)
	at org.junit.platform.engine.support.hierarchical.HierarchicalTestExecutor.execute(HierarchicalTestExecutor.java:57)
	at org.junit.platform.engine.support.hierarchical.HierarchicalTestEngine.execute(HierarchicalTestEngine.java:51)
	at org.junit.platform.launcher.core.EngineExecutionOrchestrator.execute(EngineExecutionOrchestrator.java:108)
	at org.junit.platform.launcher.core.EngineExecutionOrchestrator.execute(EngineExecutionOrchestrator.java:88)
	at org.junit.platform.launcher.core.EngineExecutionOrchestrator.lambda$execute$0(EngineExecutionOrchestrator.java:54)
	at org.junit.platform.launcher.core.EngineExecutionOrchestrator.withInterceptedStreams(EngineExecutionOrchestrator.java:67)
	at org.junit.platform.launcher.core.EngineExecutionOrchestrator.execute(EngineExecutionOrchestrator.java:52)
	at org.junit.platform.launcher.core.DefaultLauncher.execute(DefaultLauncher.java:96)
	at org.junit.platform.launcher.core.DefaultLauncher.execute(DefaultLauncher.java:75)
	at org.gradle.api.internal.tasks.testing.junitplatform.JUnitPlatformTestClassProcessor$CollectAllTestClassesExecutor.processAllTestClasses(JUnitPlatformTestClassProcessor.java:99)
	at org.gradle.api.internal.tasks.testing.junitplatform.JUnitPlatformTestClassProcessor$CollectAllTestClassesExecutor.access$000(JUnitPlatformTestClassProcessor.java:79)
	at org.gradle.api.internal.tasks.testing.junitplatform.JUnitPlatformTestClassProcessor.stop(JUnitPlatformTestClassProcessor.java:75)
	at org.gradle.api.internal.tasks.testing.SuiteTestClassProcessor.stop(SuiteTestClassProcessor.java:61)
	at java.base/jdk.internal.reflect.NativeMethodAccessorImpl.invoke0(Native Method)
	at java.base/jdk.internal.reflect.NativeMethodAccessorImpl.invoke(NativeMethodAccessorImpl.java:62)
	at java.base/jdk.internal.reflect.DelegatingMethodAccessorImpl.invoke(DelegatingMethodAccessorImpl.java:43)
	at java.base/java.lang.reflect.Method.invoke(Method.java:566)
	at org.gradle.internal.dispatch.ReflectionDispatch.dispatch(ReflectionDispatch.java:36)
	at org.gradle.internal.dispatch.ReflectionDispatch.dispatch(ReflectionDispatch.java:24)
	at org.gradle.internal.dispatch.ContextClassLoaderDispatch.dispatch(ContextClassLoaderDispatch.java:33)
	at org.gradle.internal.dispatch.ProxyDispatchAdapter$DispatchingInvocationHandler.invoke(ProxyDispatchAdapter.java:94)
	at com.sun.proxy.$Proxy5.stop(Unknown Source)
	at org.gradle.api.internal.tasks.testing.worker.TestWorker$3.run(TestWorker.java:193)
	at org.gradle.api.internal.tasks.testing.worker.TestWorker.executeAndMaintainThreadName(TestWorker.java:129)
	at org.gradle.api.internal.tasks.testing.worker.TestWorker.execute(TestWorker.java:100)
	at org.gradle.api.internal.tasks.testing.worker.TestWorker.execute(TestWorker.java:60)
	at org.gradle.process.internal.worker.child.ActionExecutionWorker.execute(ActionExecutionWorker.java:56)
	at org.gradle.process.internal.worker.child.SystemApplicationClassLoaderWorker.call(SystemApplicationClassLoaderWorker.java:133)
	at org.gradle.process.internal.worker.child.SystemApplicationClassLoaderWorker.call(SystemApplicationClassLoaderWorker.java:71)
	at worker.org.gradle.process.internal.worker.GradleWorkerMain.run(GradleWorkerMain.java:69)
	at worker.org.gradle.process.internal.worker.GradleWorkerMain.main(GradleWorkerMain.java:74)
Caused by: feign.RetryableException: Connection refused: connect executing GET http://localhost:8082/getAttractionRewardPoints?attractionId=4ac4d30b-f51d-44d5-a556-a18f2dd387f0&userId=5643baab-220f-4249-9c3a-73c6d1a19709
	at feign.FeignException.errorExecuting(FeignException.java:249)
	at feign.SynchronousMethodHandler.executeAndDecode(SynchronousMethodHandler.java:129)
	at feign.SynchronousMethodHandler.invoke(SynchronousMethodHandler.java:89)
	at feign.ReflectiveFeign$FeignInvocationHandler.invoke(ReflectiveFeign.java:100)
	at com.sun.proxy.$Proxy129.getAttractionRewardPoints(Unknown Source)
	at tourGuide.service.RewardsService.getRewardPoints(RewardsService.java:128)
	at tourGuide.service.RewardsService.lambda$calculateRewardsMultiThread$1(RewardsService.java:95)
	at java.base/java.util.concurrent.Executors$RunnableAdapter.call(Executors.java:515)
	at java.base/java.util.concurrent.FutureTask.run(FutureTask.java:264)
	at java.base/java.util.concurrent.ThreadPoolExecutor.runWorker(ThreadPoolExecutor.java:1128)
	at java.base/java.util.concurrent.ThreadPoolExecutor$Worker.run(ThreadPoolExecutor.java:628)
	at java.base/java.lang.Thread.run(Thread.java:829)
Caused by: java.net.ConnectException: Connection refused: connect
	at java.base/java.net.PlainSocketImpl.waitForConnect(Native Method)
	at java.base/java.net.PlainSocketImpl.socketConnect(PlainSocketImpl.java:107)
	at java.base/java.net.AbstractPlainSocketImpl.doConnect(AbstractPlainSocketImpl.java:399)
	at java.base/java.net.AbstractPlainSocketImpl.connectToAddress(AbstractPlainSocketImpl.java:242)
	at java.base/java.net.AbstractPlainSocketImpl.connect(AbstractPlainSocketImpl.java:224)
	at java.base/java.net.Socket.connect(Socket.java:609)
	at java.base/sun.net.NetworkClient.doConnect(NetworkClient.java:177)
	at java.base/sun.net.www.http.HttpClient.openServer(HttpClient.java:474)
	at java.base/sun.net.www.http.HttpClient.openServer(HttpClient.java:569)
	at java.base/sun.net.www.http.HttpClient.<init>(HttpClient.java:242)
	at java.base/sun.net.www.http.HttpClient.New(HttpClient.java:341)
	at java.base/sun.net.www.http.HttpClient.New(HttpClient.java:362)
	at java.base/sun.net.www.protocol.http.HttpURLConnection.getNewHttpClient(HttpURLConnection.java:1253)
	at java.base/sun.net.www.protocol.http.HttpURLConnection.plainConnect0(HttpURLConnection.java:1187)
	at java.base/sun.net.www.protocol.http.HttpURLConnection.plainConnect(HttpURLConnection.java:1081)
	at java.base/sun.net.www.protocol.http.HttpURLConnection.connect(HttpURLConnection.java:1015)
	at java.base/sun.net.www.protocol.http.HttpURLConnection.getInputStream0(HttpURLConnection.java:1592)
	at java.base/sun.net.www.protocol.http.HttpURLConnection.getInputStream(HttpURLConnection.java:1520)
	at java.base/java.net.HttpURLConnection.getResponseCode(HttpURLConnection.java:527)
	at feign.Client$Default.convertResponse(Client.java:108)
	at feign.Client$Default.execute(Client.java:104)
	at feign.SynchronousMethodHandler.executeAndDecode(SynchronousMethodHandler.java:119)
	... 10 more
java.util.concurrent.ExecutionException: feign.RetryableException: Connection refused: connect executing GET http://localhost:8082/getAttractionRewardPoints?attractionId=4ac4d30b-f51d-44d5-a556-a18f2dd387f0&userId=510b0249-543d-4439-b3d8-b585dd7c1191
	at java.base/java.util.concurrent.FutureTask.report(FutureTask.java:122)
	at java.base/java.util.concurrent.FutureTask.get(FutureTask.java:191)
	at tourGuide.service.RewardsService.lambda$calculateRewardsMultiThread$2(RewardsService.java:108)
	at java.base/java.util.ArrayList$ArrayListSpliterator.forEachRemaining(ArrayList.java:1655)
	at java.base/java.util.stream.ReferencePipeline$Head.forEach(ReferencePipeline.java:658)
	at tourGuide.service.RewardsService.calculateRewardsMultiThread(RewardsService.java:106)
	at tourGuide.performance.PerformanceTest.highVolumeGetRewards(PerformanceTest.java:122)
	at java.base/jdk.internal.reflect.NativeMethodAccessorImpl.invoke0(Native Method)
	at java.base/jdk.internal.reflect.NativeMethodAccessorImpl.invoke(NativeMethodAccessorImpl.java:62)
	at java.base/jdk.internal.reflect.DelegatingMethodAccessorImpl.invoke(DelegatingMethodAccessorImpl.java:43)
	at java.base/java.lang.reflect.Method.invoke(Method.java:566)
	at org.junit.platform.commons.util.ReflectionUtils.invokeMethod(ReflectionUtils.java:688)
	at org.junit.jupiter.engine.execution.ExecutableInvoker.invoke(ExecutableInvoker.java:115)
	at org.junit.jupiter.engine.descriptor.TestMethodTestDescriptor.lambda$invokeTestMethod$6(TestMethodTestDescriptor.java:171)
	at org.junit.platform.engine.support.hierarchical.ThrowableCollector.execute(ThrowableCollector.java:73)
	at org.junit.jupiter.engine.descriptor.TestMethodTestDescriptor.invokeTestMethod(TestMethodTestDescriptor.java:167)
	at org.junit.jupiter.engine.descriptor.TestMethodTestDescriptor.execute(TestMethodTestDescriptor.java:114)
	at org.junit.jupiter.engine.descriptor.TestMethodTestDescriptor.execute(TestMethodTestDescriptor.java:59)
	at org.junit.platform.engine.support.hierarchical.NodeTestTask.lambda$executeRecursively$5(NodeTestTask.java:139)
	at org.junit.platform.engine.support.hierarchical.ThrowableCollector.execute(ThrowableCollector.java:73)
	at org.junit.platform.engine.support.hierarchical.NodeTestTask.lambda$executeRecursively$7(NodeTestTask.java:129)
	at org.junit.platform.engine.support.hierarchical.Node.around(Node.java:137)
	at org.junit.platform.engine.support.hierarchical.NodeTestTask.lambda$executeRecursively$8(NodeTestTask.java:127)
	at org.junit.platform.engine.support.hierarchical.ThrowableCollector.execute(ThrowableCollector.java:73)
	at org.junit.platform.engine.support.hierarchical.NodeTestTask.executeRecursively(NodeTestTask.java:126)
	at org.junit.platform.engine.support.hierarchical.NodeTestTask.execute(NodeTestTask.java:84)
	at java.base/java.util.ArrayList.forEach(ArrayList.java:1541)
	at org.junit.platform.engine.support.hierarchical.SameThreadHierarchicalTestExecutorService.invokeAll(SameThreadHierarchicalTestExecutorService.java:38)
	at org.junit.platform.engine.support.hierarchical.NodeTestTask.lambda$executeRecursively$5(NodeTestTask.java:143)
	at org.junit.platform.engine.support.hierarchical.ThrowableCollector.execute(ThrowableCollector.java:73)
	at org.junit.platform.engine.support.hierarchical.NodeTestTask.lambda$executeRecursively$7(NodeTestTask.java:129)
	at org.junit.platform.engine.support.hierarchical.Node.around(Node.java:137)
	at org.junit.platform.engine.support.hierarchical.NodeTestTask.lambda$executeRecursively$8(NodeTestTask.java:127)
	at org.junit.platform.engine.support.hierarchical.ThrowableCollector.execute(ThrowableCollector.java:73)
	at org.junit.platform.engine.support.hierarchical.NodeTestTask.executeRecursively(NodeTestTask.java:126)
	at org.junit.platform.engine.support.hierarchical.NodeTestTask.execute(NodeTestTask.java:84)
	at java.base/java.util.ArrayList.forEach(ArrayList.java:1541)
	at org.junit.platform.engine.support.hierarchical.SameThreadHierarchicalTestExecutorService.invokeAll(SameThreadHierarchicalTestExecutorService.java:38)
	at org.junit.platform.engine.support.hierarchical.NodeTestTask.lambda$executeRecursively$5(NodeTestTask.java:143)
	at org.junit.platform.engine.support.hierarchical.ThrowableCollector.execute(ThrowableCollector.java:73)
	at org.junit.platform.engine.support.hierarchical.NodeTestTask.lambda$executeRecursively$7(NodeTestTask.java:129)
	at org.junit.platform.engine.support.hierarchical.Node.around(Node.java:137)
	at org.junit.platform.engine.support.hierarchical.NodeTestTask.lambda$executeRecursively$8(NodeTestTask.java:127)
	at org.junit.platform.engine.support.hierarchical.ThrowableCollector.execute(ThrowableCollector.java:73)
	at org.junit.platform.engine.support.hierarchical.NodeTestTask.executeRecursively(NodeTestTask.java:126)
	at org.junit.platform.engine.support.hierarchical.NodeTestTask.execute(NodeTestTask.java:84)
	at org.junit.platform.engine.support.hierarchical.SameThreadHierarchicalTestExecutorService.submit(SameThreadHierarchicalTestExecutorService.java:32)
	at org.junit.platform.engine.support.hierarchical.HierarchicalTestExecutor.execute(HierarchicalTestExecutor.java:57)
	at org.junit.platform.engine.support.hierarchical.HierarchicalTestEngine.execute(HierarchicalTestEngine.java:51)
	at org.junit.platform.launcher.core.EngineExecutionOrchestrator.execute(EngineExecutionOrchestrator.java:108)
	at org.junit.platform.launcher.core.EngineExecutionOrchestrator.execute(EngineExecutionOrchestrator.java:88)
	at org.junit.platform.launcher.core.EngineExecutionOrchestrator.lambda$execute$0(EngineExecutionOrchestrator.java:54)
	at org.junit.platform.launcher.core.EngineExecutionOrchestrator.withInterceptedStreams(EngineExecutionOrchestrator.java:67)
	at org.junit.platform.launcher.core.EngineExecutionOrchestrator.execute(EngineExecutionOrchestrator.java:52)
	at org.junit.platform.launcher.core.DefaultLauncher.execute(DefaultLauncher.java:96)
	at org.junit.platform.launcher.core.DefaultLauncher.execute(DefaultLauncher.java:75)
	at org.gradle.api.internal.tasks.testing.junitplatform.JUnitPlatformTestClassProcessor$CollectAllTestClassesExecutor.processAllTestClasses(JUnitPlatformTestClassProcessor.java:99)
	at org.gradle.api.internal.tasks.testing.junitplatform.JUnitPlatformTestClassProcessor$CollectAllTestClassesExecutor.access$000(JUnitPlatformTestClassProcessor.java:79)
	at org.gradle.api.internal.tasks.testing.junitplatform.JUnitPlatformTestClassProcessor.stop(JUnitPlatformTestClassProcessor.java:75)
	at org.gradle.api.internal.tasks.testing.SuiteTestClassProcessor.stop(SuiteTestClassProcessor.java:61)
	at java.base/jdk.internal.reflect.NativeMethodAccessorImpl.invoke0(Native Method)
	at java.base/jdk.internal.reflect.NativeMethodAccessorImpl.invoke(NativeMethodAccessorImpl.java:62)
	at java.base/jdk.internal.reflect.DelegatingMethodAccessorImpl.invoke(DelegatingMethodAccessorImpl.java:43)
	at java.base/java.lang.reflect.Method.invoke(Method.java:566)
	at org.gradle.internal.dispatch.ReflectionDispatch.dispatch(ReflectionDispatch.java:36)
	at org.gradle.internal.dispatch.ReflectionDispatch.dispatch(ReflectionDispatch.java:24)
	at org.gradle.internal.dispatch.ContextClassLoaderDispatch.dispatch(ContextClassLoaderDispatch.java:33)
	at org.gradle.internal.dispatch.ProxyDispatchAdapter$DispatchingInvocationHandler.invoke(ProxyDispatchAdapter.java:94)
	at com.sun.proxy.$Proxy5.stop(Unknown Source)
	at org.gradle.api.internal.tasks.testing.worker.TestWorker$3.run(TestWorker.java:193)
	at org.gradle.api.internal.tasks.testing.worker.TestWorker.executeAndMaintainThreadName(TestWorker.java:129)
	at org.gradle.api.internal.tasks.testing.worker.TestWorker.execute(TestWorker.java:100)
	at org.gradle.api.internal.tasks.testing.worker.TestWorker.execute(TestWorker.java:60)
	at org.gradle.process.internal.worker.child.ActionExecutionWorker.execute(ActionExecutionWorker.java:56)
	at org.gradle.process.internal.worker.child.SystemApplicationClassLoaderWorker.call(SystemApplicationClassLoaderWorker.java:133)
	at org.gradle.process.internal.worker.child.SystemApplicationClassLoaderWorker.call(SystemApplicationClassLoaderWorker.java:71)
	at worker.org.gradle.process.internal.worker.GradleWorkerMain.run(GradleWorkerMain.java:69)
	at worker.org.gradle.process.internal.worker.GradleWorkerMain.main(GradleWorkerMain.java:74)
Caused by: feign.RetryableException: Connection refused: connect executing GET http://localhost:8082/getAttractionRewardPoints?attractionId=4ac4d30b-f51d-44d5-a556-a18f2dd387f0&userId=510b0249-543d-4439-b3d8-b585dd7c1191
	at feign.FeignException.errorExecuting(FeignException.java:249)
	at feign.SynchronousMethodHandler.executeAndDecode(SynchronousMethodHandler.java:129)
	at feign.SynchronousMethodHandler.invoke(SynchronousMethodHandler.java:89)
	at feign.ReflectiveFeign$FeignInvocationHandler.invoke(ReflectiveFeign.java:100)
	at com.sun.proxy.$Proxy129.getAttractionRewardPoints(Unknown Source)
	at tourGuide.service.RewardsService.getRewardPoints(RewardsService.java:128)
	at tourGuide.service.RewardsService.lambda$calculateRewardsMultiThread$1(RewardsService.java:95)
	at java.base/java.util.concurrent.Executors$RunnableAdapter.call(Executors.java:515)
	at java.base/java.util.concurrent.FutureTask.run(FutureTask.java:264)
	at java.base/java.util.concurrent.ThreadPoolExecutor.runWorker(ThreadPoolExecutor.java:1128)
	at java.base/java.util.concurrent.ThreadPoolExecutor$Worker.run(ThreadPoolExecutor.java:628)
	at java.base/java.lang.Thread.run(Thread.java:829)
Caused by: java.net.ConnectException: Connection refused: connect
	at java.base/java.net.PlainSocketImpl.waitForConnect(Native Method)
	at java.base/java.net.PlainSocketImpl.socketConnect(PlainSocketImpl.java:107)
	at java.base/java.net.AbstractPlainSocketImpl.doConnect(AbstractPlainSocketImpl.java:399)
	at java.base/java.net.AbstractPlainSocketImpl.connectToAddress(AbstractPlainSocketImpl.java:242)
	at java.base/java.net.AbstractPlainSocketImpl.connect(AbstractPlainSocketImpl.java:224)
	at java.base/java.net.Socket.connect(Socket.java:609)
	at java.base/sun.net.NetworkClient.doConnect(NetworkClient.java:177)
	at java.base/sun.net.www.http.HttpClient.openServer(HttpClient.java:474)
	at java.base/sun.net.www.http.HttpClient.openServer(HttpClient.java:569)
	at java.base/sun.net.www.http.HttpClient.<init>(HttpClient.java:242)
	at java.base/sun.net.www.http.HttpClient.New(HttpClient.java:341)
	at java.base/sun.net.www.http.HttpClient.New(HttpClient.java:362)
	at java.base/sun.net.www.protocol.http.HttpURLConnection.getNewHttpClient(HttpURLConnection.java:1253)
	at java.base/sun.net.www.protocol.http.HttpURLConnection.plainConnect0(HttpURLConnection.java:1187)
	at java.base/sun.net.www.protocol.http.HttpURLConnection.plainConnect(HttpURLConnection.java:1081)
	at java.base/sun.net.www.protocol.http.HttpURLConnection.connect(HttpURLConnection.java:1015)
	at java.base/sun.net.www.protocol.http.HttpURLConnection.getInputStream0(HttpURLConnection.java:1592)
	at java.base/sun.net.www.protocol.http.HttpURLConnection.getInputStream(HttpURLConnection.java:1520)
	at java.base/java.net.HttpURLConnection.getResponseCode(HttpURLConnection.java:527)
	at feign.Client$Default.convertResponse(Client.java:108)
	at feign.Client$Default.execute(Client.java:104)
	at feign.SynchronousMethodHandler.executeAndDecode(SynchronousMethodHandler.java:119)
	... 10 more
java.util.concurrent.ExecutionException: feign.RetryableException: Connection refused: connect executing GET http://localhost:8082/getAttractionRewardPoints?attractionId=4ac4d30b-f51d-44d5-a556-a18f2dd387f0&userId=c3661b54-1759-41d1-b3cd-d9329f83f0a3
	at java.base/java.util.concurrent.FutureTask.report(FutureTask.java:122)
	at java.base/java.util.concurrent.FutureTask.get(FutureTask.java:191)
	at tourGuide.service.RewardsService.lambda$calculateRewardsMultiThread$2(RewardsService.java:108)
	at java.base/java.util.ArrayList$ArrayListSpliterator.forEachRemaining(ArrayList.java:1655)
	at java.base/java.util.stream.ReferencePipeline$Head.forEach(ReferencePipeline.java:658)
	at tourGuide.service.RewardsService.calculateRewardsMultiThread(RewardsService.java:106)
	at tourGuide.performance.PerformanceTest.highVolumeGetRewards(PerformanceTest.java:122)
	at java.base/jdk.internal.reflect.NativeMethodAccessorImpl.invoke0(Native Method)
	at java.base/jdk.internal.reflect.NativeMethodAccessorImpl.invoke(NativeMethodAccessorImpl.java:62)
	at java.base/jdk.internal.reflect.DelegatingMethodAccessorImpl.invoke(DelegatingMethodAccessorImpl.java:43)
	at java.base/java.lang.reflect.Method.invoke(Method.java:566)
	at org.junit.platform.commons.util.ReflectionUtils.invokeMethod(ReflectionUtils.java:688)
	at org.junit.jupiter.engine.execution.ExecutableInvoker.invoke(ExecutableInvoker.java:115)
	at org.junit.jupiter.engine.descriptor.TestMethodTestDescriptor.lambda$invokeTestMethod$6(TestMethodTestDescriptor.java:171)
	at org.junit.platform.engine.support.hierarchical.ThrowableCollector.execute(ThrowableCollector.java:73)
	at org.junit.jupiter.engine.descriptor.TestMethodTestDescriptor.invokeTestMethod(TestMethodTestDescriptor.java:167)
	at org.junit.jupiter.engine.descriptor.TestMethodTestDescriptor.execute(TestMethodTestDescriptor.java:114)
	at org.junit.jupiter.engine.descriptor.TestMethodTestDescriptor.execute(TestMethodTestDescriptor.java:59)
	at org.junit.platform.engine.support.hierarchical.NodeTestTask.lambda$executeRecursively$5(NodeTestTask.java:139)
	at org.junit.platform.engine.support.hierarchical.ThrowableCollector.execute(ThrowableCollector.java:73)
	at org.junit.platform.engine.support.hierarchical.NodeTestTask.lambda$executeRecursively$7(NodeTestTask.java:129)
	at org.junit.platform.engine.support.hierarchical.Node.around(Node.java:137)
	at org.junit.platform.engine.support.hierarchical.NodeTestTask.lambda$executeRecursively$8(NodeTestTask.java:127)
	at org.junit.platform.engine.support.hierarchical.ThrowableCollector.execute(ThrowableCollector.java:73)
	at org.junit.platform.engine.support.hierarchical.NodeTestTask.executeRecursively(NodeTestTask.java:126)
	at org.junit.platform.engine.support.hierarchical.NodeTestTask.execute(NodeTestTask.java:84)
	at java.base/java.util.ArrayList.forEach(ArrayList.java:1541)
	at org.junit.platform.engine.support.hierarchical.SameThreadHierarchicalTestExecutorService.invokeAll(SameThreadHierarchicalTestExecutorService.java:38)
	at org.junit.platform.engine.support.hierarchical.NodeTestTask.lambda$executeRecursively$5(NodeTestTask.java:143)
	at org.junit.platform.engine.support.hierarchical.ThrowableCollector.execute(ThrowableCollector.java:73)
	at org.junit.platform.engine.support.hierarchical.NodeTestTask.lambda$executeRecursively$7(NodeTestTask.java:129)
	at org.junit.platform.engine.support.hierarchical.Node.around(Node.java:137)
	at org.junit.platform.engine.support.hierarchical.NodeTestTask.lambda$executeRecursively$8(NodeTestTask.java:127)
	at org.junit.platform.engine.support.hierarchical.ThrowableCollector.execute(ThrowableCollector.java:73)
	at org.junit.platform.engine.support.hierarchical.NodeTestTask.executeRecursively(NodeTestTask.java:126)
	at org.junit.platform.engine.support.hierarchical.NodeTestTask.execute(NodeTestTask.java:84)
	at java.base/java.util.ArrayList.forEach(ArrayList.java:1541)
	at org.junit.platform.engine.support.hierarchical.SameThreadHierarchicalTestExecutorService.invokeAll(SameThreadHierarchicalTestExecutorService.java:38)
	at org.junit.platform.engine.support.hierarchical.NodeTestTask.lambda$executeRecursively$5(NodeTestTask.java:143)
	at org.junit.platform.engine.support.hierarchical.ThrowableCollector.execute(ThrowableCollector.java:73)
	at org.junit.platform.engine.support.hierarchical.NodeTestTask.lambda$executeRecursively$7(NodeTestTask.java:129)
	at org.junit.platform.engine.support.hierarchical.Node.around(Node.java:137)
	at org.junit.platform.engine.support.hierarchical.NodeTestTask.lambda$executeRecursively$8(NodeTestTask.java:127)
	at org.junit.platform.engine.support.hierarchical.ThrowableCollector.execute(ThrowableCollector.java:73)
	at org.junit.platform.engine.support.hierarchical.NodeTestTask.executeRecursively(NodeTestTask.java:126)
	at org.junit.platform.engine.support.hierarchical.NodeTestTask.execute(NodeTestTask.java:84)
	at org.junit.platform.engine.support.hierarchical.SameThreadHierarchicalTestExecutorService.submit(SameThreadHierarchicalTestExecutorService.java:32)
	at org.junit.platform.engine.support.hierarchical.HierarchicalTestExecutor.execute(HierarchicalTestExecutor.java:57)
	at org.junit.platform.engine.support.hierarchical.HierarchicalTestEngine.execute(HierarchicalTestEngine.java:51)
	at org.junit.platform.launcher.core.EngineExecutionOrchestrator.execute(EngineExecutionOrchestrator.java:108)
	at org.junit.platform.launcher.core.EngineExecutionOrchestrator.execute(EngineExecutionOrchestrator.java:88)
	at org.junit.platform.launcher.core.EngineExecutionOrchestrator.lambda$execute$0(EngineExecutionOrchestrator.java:54)
	at org.junit.platform.launcher.core.EngineExecutionOrchestrator.withInterceptedStreams(EngineExecutionOrchestrator.java:67)
	at org.junit.platform.launcher.core.EngineExecutionOrchestrator.execute(EngineExecutionOrchestrator.java:52)
	at org.junit.platform.launcher.core.DefaultLauncher.execute(DefaultLauncher.java:96)
	at org.junit.platform.launcher.core.DefaultLauncher.execute(DefaultLauncher.java:75)
	at org.gradle.api.internal.tasks.testing.junitplatform.JUnitPlatformTestClassProcessor$CollectAllTestClassesExecutor.processAllTestClasses(JUnitPlatformTestClassProcessor.java:99)
	at org.gradle.api.internal.tasks.testing.junitplatform.JUnitPlatformTestClassProcessor$CollectAllTestClassesExecutor.access$000(JUnitPlatformTestClassProcessor.java:79)
	at org.gradle.api.internal.tasks.testing.junitplatform.JUnitPlatformTestClassProcessor.stop(JUnitPlatformTestClassProcessor.java:75)
	at org.gradle.api.internal.tasks.testing.SuiteTestClassProcessor.stop(SuiteTestClassProcessor.java:61)
	at java.base/jdk.internal.reflect.NativeMethodAccessorImpl.invoke0(Native Method)
	at java.base/jdk.internal.reflect.NativeMethodAccessorImpl.invoke(NativeMethodAccessorImpl.java:62)
	at java.base/jdk.internal.reflect.DelegatingMethodAccessorImpl.invoke(DelegatingMethodAccessorImpl.java:43)
	at java.base/java.lang.reflect.Method.invoke(Method.java:566)
	at org.gradle.internal.dispatch.ReflectionDispatch.dispatch(ReflectionDispatch.java:36)
	at org.gradle.internal.dispatch.ReflectionDispatch.dispatch(ReflectionDispatch.java:24)
	at org.gradle.internal.dispatch.ContextClassLoaderDispatch.dispatch(ContextClassLoaderDispatch.java:33)
	at org.gradle.internal.dispatch.ProxyDispatchAdapter$DispatchingInvocationHandler.invoke(ProxyDispatchAdapter.java:94)
	at com.sun.proxy.$Proxy5.stop(Unknown Source)
	at org.gradle.api.internal.tasks.testing.worker.TestWorker$3.run(TestWorker.java:193)
	at org.gradle.api.internal.tasks.testing.worker.TestWorker.executeAndMaintainThreadName(TestWorker.java:129)
	at org.gradle.api.internal.tasks.testing.worker.TestWorker.execute(TestWorker.java:100)
	at org.gradle.api.internal.tasks.testing.worker.TestWorker.execute(TestWorker.java:60)
	at org.gradle.process.internal.worker.child.ActionExecutionWorker.execute(ActionExecutionWorker.java:56)
	at org.gradle.process.internal.worker.child.SystemApplicationClassLoaderWorker.call(SystemApplicationClassLoaderWorker.java:133)
	at org.gradle.process.internal.worker.child.SystemApplicationClassLoaderWorker.call(SystemApplicationClassLoaderWorker.java:71)
	at worker.org.gradle.process.internal.worker.GradleWorkerMain.run(GradleWorkerMain.java:69)
	at worker.org.gradle.process.internal.worker.GradleWorkerMain.main(GradleWorkerMain.java:74)
Caused by: feign.RetryableException: Connection refused: connect executing GET http://localhost:8082/getAttractionRewardPoints?attractionId=4ac4d30b-f51d-44d5-a556-a18f2dd387f0&userId=c3661b54-1759-41d1-b3cd-d9329f83f0a3
	at feign.FeignException.errorExecuting(FeignException.java:249)
	at feign.SynchronousMethodHandler.executeAndDecode(SynchronousMethodHandler.java:129)
	at feign.SynchronousMethodHandler.invoke(SynchronousMethodHandler.java:89)
	at feign.ReflectiveFeign$FeignInvocationHandler.invoke(ReflectiveFeign.java:100)
	at com.sun.proxy.$Proxy129.getAttractionRewardPoints(Unknown Source)
	at tourGuide.service.RewardsService.getRewardPoints(RewardsService.java:128)
	at tourGuide.service.RewardsService.lambda$calculateRewardsMultiThread$1(RewardsService.java:95)
	at java.base/java.util.concurrent.Executors$RunnableAdapter.call(Executors.java:515)
	at java.base/java.util.concurrent.FutureTask.run(FutureTask.java:264)
	at java.base/java.util.concurrent.ThreadPoolExecutor.runWorker(ThreadPoolExecutor.java:1128)
	at java.base/java.util.concurrent.ThreadPoolExecutor$Worker.run(ThreadPoolExecutor.java:628)
	at java.base/java.lang.Thread.run(Thread.java:829)
Caused by: java.net.ConnectException: Connection refused: connect
	at java.base/java.net.PlainSocketImpl.waitForConnect(Native Method)
	at java.base/java.net.PlainSocketImpl.socketConnect(PlainSocketImpl.java:107)
	at java.base/java.net.AbstractPlainSocketImpl.doConnect(AbstractPlainSocketImpl.java:399)
	at java.base/java.net.AbstractPlainSocketImpl.connectToAddress(AbstractPlainSocketImpl.java:242)
	at java.base/java.net.AbstractPlainSocketImpl.connect(AbstractPlainSocketImpl.java:224)
	at java.base/java.net.Socket.connect(Socket.java:609)
	at java.base/sun.net.NetworkClient.doConnect(NetworkClient.java:177)
	at java.base/sun.net.www.http.HttpClient.openServer(HttpClient.java:474)
	at java.base/sun.net.www.http.HttpClient.openServer(HttpClient.java:569)
	at java.base/sun.net.www.http.HttpClient.<init>(HttpClient.java:242)
	at java.base/sun.net.www.http.HttpClient.New(HttpClient.java:341)
	at java.base/sun.net.www.http.HttpClient.New(HttpClient.java:362)
	at java.base/sun.net.www.protocol.http.HttpURLConnection.getNewHttpClient(HttpURLConnection.java:1253)
	at java.base/sun.net.www.protocol.http.HttpURLConnection.plainConnect0(HttpURLConnection.java:1187)
	at java.base/sun.net.www.protocol.http.HttpURLConnection.plainConnect(HttpURLConnection.java:1081)
	at java.base/sun.net.www.protocol.http.HttpURLConnection.connect(HttpURLConnection.java:1015)
	at java.base/sun.net.www.protocol.http.HttpURLConnection.getInputStream0(HttpURLConnection.java:1592)
	at java.base/sun.net.www.protocol.http.HttpURLConnection.getInputStream(HttpURLConnection.java:1520)
	at java.base/java.net.HttpURLConnection.getResponseCode(HttpURLConnection.java:527)
	at feign.Client$Default.convertResponse(Client.java:108)
	at feign.Client$Default.execute(Client.java:104)
	at feign.SynchronousMethodHandler.executeAndDecode(SynchronousMethodHandler.java:119)
	... 10 more
java.util.concurrent.ExecutionException: feign.RetryableException: Connection refused: connect executing GET http://localhost:8082/getAttractionRewardPoints?attractionId=4ac4d30b-f51d-44d5-a556-a18f2dd387f0&userId=8bf940b9-105e-4271-ae7a-b730a30a2397
	at java.base/java.util.concurrent.FutureTask.report(FutureTask.java:122)
	at java.base/java.util.concurrent.FutureTask.get(FutureTask.java:191)
	at tourGuide.service.RewardsService.lambda$calculateRewardsMultiThread$2(RewardsService.java:108)
	at java.base/java.util.ArrayList$ArrayListSpliterator.forEachRemaining(ArrayList.java:1655)
	at java.base/java.util.stream.ReferencePipeline$Head.forEach(ReferencePipeline.java:658)
	at tourGuide.service.RewardsService.calculateRewardsMultiThread(RewardsService.java:106)
	at tourGuide.performance.PerformanceTest.highVolumeGetRewards(PerformanceTest.java:122)
	at java.base/jdk.internal.reflect.NativeMethodAccessorImpl.invoke0(Native Method)
	at java.base/jdk.internal.reflect.NativeMethodAccessorImpl.invoke(NativeMethodAccessorImpl.java:62)
	at java.base/jdk.internal.reflect.DelegatingMethodAccessorImpl.invoke(DelegatingMethodAccessorImpl.java:43)
	at java.base/java.lang.reflect.Method.invoke(Method.java:566)
	at org.junit.platform.commons.util.ReflectionUtils.invokeMethod(ReflectionUtils.java:688)
	at org.junit.jupiter.engine.execution.ExecutableInvoker.invoke(ExecutableInvoker.java:115)
	at org.junit.jupiter.engine.descriptor.TestMethodTestDescriptor.lambda$invokeTestMethod$6(TestMethodTestDescriptor.java:171)
	at org.junit.platform.engine.support.hierarchical.ThrowableCollector.execute(ThrowableCollector.java:73)
	at org.junit.jupiter.engine.descriptor.TestMethodTestDescriptor.invokeTestMethod(TestMethodTestDescriptor.java:167)
	at org.junit.jupiter.engine.descriptor.TestMethodTestDescriptor.execute(TestMethodTestDescriptor.java:114)
	at org.junit.jupiter.engine.descriptor.TestMethodTestDescriptor.execute(TestMethodTestDescriptor.java:59)
	at org.junit.platform.engine.support.hierarchical.NodeTestTask.lambda$executeRecursively$5(NodeTestTask.java:139)
	at org.junit.platform.engine.support.hierarchical.ThrowableCollector.execute(ThrowableCollector.java:73)
	at org.junit.platform.engine.support.hierarchical.NodeTestTask.lambda$executeRecursively$7(NodeTestTask.java:129)
	at org.junit.platform.engine.support.hierarchical.Node.around(Node.java:137)
	at org.junit.platform.engine.support.hierarchical.NodeTestTask.lambda$executeRecursively$8(NodeTestTask.java:127)
	at org.junit.platform.engine.support.hierarchical.ThrowableCollector.execute(ThrowableCollector.java:73)
	at org.junit.platform.engine.support.hierarchical.NodeTestTask.executeRecursively(NodeTestTask.java:126)
	at org.junit.platform.engine.support.hierarchical.NodeTestTask.execute(NodeTestTask.java:84)
	at java.base/java.util.ArrayList.forEach(ArrayList.java:1541)
	at org.junit.platform.engine.support.hierarchical.SameThreadHierarchicalTestExecutorService.invokeAll(SameThreadHierarchicalTestExecutorService.java:38)
	at org.junit.platform.engine.support.hierarchical.NodeTestTask.lambda$executeRecursively$5(NodeTestTask.java:143)
	at org.junit.platform.engine.support.hierarchical.ThrowableCollector.execute(ThrowableCollector.java:73)
	at org.junit.platform.engine.support.hierarchical.NodeTestTask.lambda$executeRecursively$7(NodeTestTask.java:129)
	at org.junit.platform.engine.support.hierarchical.Node.around(Node.java:137)
	at org.junit.platform.engine.support.hierarchical.NodeTestTask.lambda$executeRecursively$8(NodeTestTask.java:127)
	at org.junit.platform.engine.support.hierarchical.ThrowableCollector.execute(ThrowableCollector.java:73)
	at org.junit.platform.engine.support.hierarchical.NodeTestTask.executeRecursively(NodeTestTask.java:126)
	at org.junit.platform.engine.support.hierarchical.NodeTestTask.execute(NodeTestTask.java:84)
	at java.base/java.util.ArrayList.forEach(ArrayList.java:1541)
	at org.junit.platform.engine.support.hierarchical.SameThreadHierarchicalTestExecutorService.invokeAll(SameThreadHierarchicalTestExecutorService.java:38)
	at org.junit.platform.engine.support.hierarchical.NodeTestTask.lambda$executeRecursively$5(NodeTestTask.java:143)
	at org.junit.platform.engine.support.hierarchical.ThrowableCollector.execute(ThrowableCollector.java:73)
	at org.junit.platform.engine.support.hierarchical.NodeTestTask.lambda$executeRecursively$7(NodeTestTask.java:129)
	at org.junit.platform.engine.support.hierarchical.Node.around(Node.java:137)
	at org.junit.platform.engine.support.hierarchical.NodeTestTask.lambda$executeRecursively$8(NodeTestTask.java:127)
	at org.junit.platform.engine.support.hierarchical.ThrowableCollector.execute(ThrowableCollector.java:73)
	at org.junit.platform.engine.support.hierarchical.NodeTestTask.executeRecursively(NodeTestTask.java:126)
	at org.junit.platform.engine.support.hierarchical.NodeTestTask.execute(NodeTestTask.java:84)
	at org.junit.platform.engine.support.hierarchical.SameThreadHierarchicalTestExecutorService.submit(SameThreadHierarchicalTestExecutorService.java:32)
	at org.junit.platform.engine.support.hierarchical.HierarchicalTestExecutor.execute(HierarchicalTestExecutor.java:57)
	at org.junit.platform.engine.support.hierarchical.HierarchicalTestEngine.execute(HierarchicalTestEngine.java:51)
	at org.junit.platform.launcher.core.EngineExecutionOrchestrator.execute(EngineExecutionOrchestrator.java:108)
	at org.junit.platform.launcher.core.EngineExecutionOrchestrator.execute(EngineExecutionOrchestrator.java:88)
	at org.junit.platform.launcher.core.EngineExecutionOrchestrator.lambda$execute$0(EngineExecutionOrchestrator.java:54)
	at org.junit.platform.launcher.core.EngineExecutionOrchestrator.withInterceptedStreams(EngineExecutionOrchestrator.java:67)
	at org.junit.platform.launcher.core.EngineExecutionOrchestrator.execute(EngineExecutionOrchestrator.java:52)
	at org.junit.platform.launcher.core.DefaultLauncher.execute(DefaultLauncher.java:96)
	at org.junit.platform.launcher.core.DefaultLauncher.execute(DefaultLauncher.java:75)
	at org.gradle.api.internal.tasks.testing.junitplatform.JUnitPlatformTestClassProcessor$CollectAllTestClassesExecutor.processAllTestClasses(JUnitPlatformTestClassProcessor.java:99)
	at org.gradle.api.internal.tasks.testing.junitplatform.JUnitPlatformTestClassProcessor$CollectAllTestClassesExecutor.access$000(JUnitPlatformTestClassProcessor.java:79)
	at org.gradle.api.internal.tasks.testing.junitplatform.JUnitPlatformTestClassProcessor.stop(JUnitPlatformTestClassProcessor.java:75)
	at org.gradle.api.internal.tasks.testing.SuiteTestClassProcessor.stop(SuiteTestClassProcessor.java:61)
	at java.base/jdk.internal.reflect.NativeMethodAccessorImpl.invoke0(Native Method)
	at java.base/jdk.internal.reflect.NativeMethodAccessorImpl.invoke(NativeMethodAccessorImpl.java:62)
	at java.base/jdk.internal.reflect.DelegatingMethodAccessorImpl.invoke(DelegatingMethodAccessorImpl.java:43)
	at java.base/java.lang.reflect.Method.invoke(Method.java:566)
	at org.gradle.internal.dispatch.ReflectionDispatch.dispatch(ReflectionDispatch.java:36)
	at org.gradle.internal.dispatch.ReflectionDispatch.dispatch(ReflectionDispatch.java:24)
	at org.gradle.internal.dispatch.ContextClassLoaderDispatch.dispatch(ContextClassLoaderDispatch.java:33)
	at org.gradle.internal.dispatch.ProxyDispatchAdapter$DispatchingInvocationHandler.invoke(ProxyDispatchAdapter.java:94)
	at com.sun.proxy.$Proxy5.stop(Unknown Source)
	at org.gradle.api.internal.tasks.testing.worker.TestWorker$3.run(TestWorker.java:193)
	at org.gradle.api.internal.tasks.testing.worker.TestWorker.executeAndMaintainThreadName(TestWorker.java:129)
	at org.gradle.api.internal.tasks.testing.worker.TestWorker.execute(TestWorker.java:100)
	at org.gradle.api.internal.tasks.testing.worker.TestWorker.execute(TestWorker.java:60)
	at org.gradle.process.internal.worker.child.ActionExecutionWorker.execute(ActionExecutionWorker.java:56)
	at org.gradle.process.internal.worker.child.SystemApplicationClassLoaderWorker.call(SystemApplicationClassLoaderWorker.java:133)
	at org.gradle.process.internal.worker.child.SystemApplicationClassLoaderWorker.call(SystemApplicationClassLoaderWorker.java:71)
	at worker.org.gradle.process.internal.worker.GradleWorkerMain.run(GradleWorkerMain.java:69)
	at worker.org.gradle.process.internal.worker.GradleWorkerMain.main(GradleWorkerMain.java:74)
Caused by: feign.RetryableException: Connection refused: connect executing GET http://localhost:8082/getAttractionRewardPoints?attractionId=4ac4d30b-f51d-44d5-a556-a18f2dd387f0&userId=8bf940b9-105e-4271-ae7a-b730a30a2397
	at feign.FeignException.errorExecuting(FeignException.java:249)
	at feign.SynchronousMethodHandler.executeAndDecode(SynchronousMethodHandler.java:129)
	at feign.SynchronousMethodHandler.invoke(SynchronousMethodHandler.java:89)
	at feign.ReflectiveFeign$FeignInvocationHandler.invoke(ReflectiveFeign.java:100)
	at com.sun.proxy.$Proxy129.getAttractionRewardPoints(Unknown Source)
	at tourGuide.service.RewardsService.getRewardPoints(RewardsService.java:128)
	at tourGuide.service.RewardsService.lambda$calculateRewardsMultiThread$1(RewardsService.java:95)
	at java.base/java.util.concurrent.Executors$RunnableAdapter.call(Executors.java:515)
	at java.base/java.util.concurrent.FutureTask.run(FutureTask.java:264)
	at java.base/java.util.concurrent.ThreadPoolExecutor.runWorker(ThreadPoolExecutor.java:1128)
	at java.base/java.util.concurrent.ThreadPoolExecutor$Worker.run(ThreadPoolExecutor.java:628)
	at java.base/java.lang.Thread.run(Thread.java:829)
Caused by: java.net.ConnectException: Connection refused: connect
	at java.base/java.net.PlainSocketImpl.waitForConnect(Native Method)
	at java.base/java.net.PlainSocketImpl.socketConnect(PlainSocketImpl.java:107)
	at java.base/java.net.AbstractPlainSocketImpl.doConnect(AbstractPlainSocketImpl.java:399)
	at java.base/java.net.AbstractPlainSocketImpl.connectToAddress(AbstractPlainSocketImpl.java:242)
	at java.base/java.net.AbstractPlainSocketImpl.connect(AbstractPlainSocketImpl.java:224)
	at java.base/java.net.Socket.connect(Socket.java:609)
	at java.base/sun.net.NetworkClient.doConnect(NetworkClient.java:177)
	at java.base/sun.net.www.http.HttpClient.openServer(HttpClient.java:474)
	at java.base/sun.net.www.http.HttpClient.openServer(HttpClient.java:569)
	at java.base/sun.net.www.http.HttpClient.<init>(HttpClient.java:242)
	at java.base/sun.net.www.http.HttpClient.New(HttpClient.java:341)
	at java.base/sun.net.www.http.HttpClient.New(HttpClient.java:362)
	at java.base/sun.net.www.protocol.http.HttpURLConnection.getNewHttpClient(HttpURLConnection.java:1253)
	at java.base/sun.net.www.protocol.http.HttpURLConnection.plainConnect0(HttpURLConnection.java:1187)
	at java.base/sun.net.www.protocol.http.HttpURLConnection.plainConnect(HttpURLConnection.java:1081)
	at java.base/sun.net.www.protocol.http.HttpURLConnection.connect(HttpURLConnection.java:1015)
	at java.base/sun.net.www.protocol.http.HttpURLConnection.getInputStream0(HttpURLConnection.java:1592)
	at java.base/sun.net.www.protocol.http.HttpURLConnection.getInputStream(HttpURLConnection.java:1520)
	at java.base/java.net.HttpURLConnection.getResponseCode(HttpURLConnection.java:527)
	at feign.Client$Default.convertResponse(Client.java:108)
	at feign.Client$Default.execute(Client.java:104)
	at feign.SynchronousMethodHandler.executeAndDecode(SynchronousMethodHandler.java:119)
	... 10 more
java.util.concurrent.ExecutionException: feign.RetryableException: Connection refused: connect executing GET http://localhost:8082/getAttractionRewardPoints?attractionId=4ac4d30b-f51d-44d5-a556-a18f2dd387f0&userId=57dceaa0-fff9-4926-880f-5b96a1fdd8cf
	at java.base/java.util.concurrent.FutureTask.report(FutureTask.java:122)
	at java.base/java.util.concurrent.FutureTask.get(FutureTask.java:191)
	at tourGuide.service.RewardsService.lambda$calculateRewardsMultiThread$2(RewardsService.java:108)
	at java.base/java.util.ArrayList$ArrayListSpliterator.forEachRemaining(ArrayList.java:1655)
	at java.base/java.util.stream.ReferencePipeline$Head.forEach(ReferencePipeline.java:658)
	at tourGuide.service.RewardsService.calculateRewardsMultiThread(RewardsService.java:106)
	at tourGuide.performance.PerformanceTest.highVolumeGetRewards(PerformanceTest.java:122)
	at java.base/jdk.internal.reflect.NativeMethodAccessorImpl.invoke0(Native Method)
	at java.base/jdk.internal.reflect.NativeMethodAccessorImpl.invoke(NativeMethodAccessorImpl.java:62)
	at java.base/jdk.internal.reflect.DelegatingMethodAccessorImpl.invoke(DelegatingMethodAccessorImpl.java:43)
	at java.base/java.lang.reflect.Method.invoke(Method.java:566)
	at org.junit.platform.commons.util.ReflectionUtils.invokeMethod(ReflectionUtils.java:688)
	at org.junit.jupiter.engine.execution.ExecutableInvoker.invoke(ExecutableInvoker.java:115)
	at org.junit.jupiter.engine.descriptor.TestMethodTestDescriptor.lambda$invokeTestMethod$6(TestMethodTestDescriptor.java:171)
	at org.junit.platform.engine.support.hierarchical.ThrowableCollector.execute(ThrowableCollector.java:73)
	at org.junit.jupiter.engine.descriptor.TestMethodTestDescriptor.invokeTestMethod(TestMethodTestDescriptor.java:167)
	at org.junit.jupiter.engine.descriptor.TestMethodTestDescriptor.execute(TestMethodTestDescriptor.java:114)
	at org.junit.jupiter.engine.descriptor.TestMethodTestDescriptor.execute(TestMethodTestDescriptor.java:59)
	at org.junit.platform.engine.support.hierarchical.NodeTestTask.lambda$executeRecursively$5(NodeTestTask.java:139)
	at org.junit.platform.engine.support.hierarchical.ThrowableCollector.execute(ThrowableCollector.java:73)
	at org.junit.platform.engine.support.hierarchical.NodeTestTask.lambda$executeRecursively$7(NodeTestTask.java:129)
	at org.junit.platform.engine.support.hierarchical.Node.around(Node.java:137)
	at org.junit.platform.engine.support.hierarchical.NodeTestTask.lambda$executeRecursively$8(NodeTestTask.java:127)
	at org.junit.platform.engine.support.hierarchical.ThrowableCollector.execute(ThrowableCollector.java:73)
	at org.junit.platform.engine.support.hierarchical.NodeTestTask.executeRecursively(NodeTestTask.java:126)
	at org.junit.platform.engine.support.hierarchical.NodeTestTask.execute(NodeTestTask.java:84)
	at java.base/java.util.ArrayList.forEach(ArrayList.java:1541)
	at org.junit.platform.engine.support.hierarchical.SameThreadHierarchicalTestExecutorService.invokeAll(SameThreadHierarchicalTestExecutorService.java:38)
	at org.junit.platform.engine.support.hierarchical.NodeTestTask.lambda$executeRecursively$5(NodeTestTask.java:143)
	at org.junit.platform.engine.support.hierarchical.ThrowableCollector.execute(ThrowableCollector.java:73)
	at org.junit.platform.engine.support.hierarchical.NodeTestTask.lambda$executeRecursively$7(NodeTestTask.java:129)
	at org.junit.platform.engine.support.hierarchical.Node.around(Node.java:137)
	at org.junit.platform.engine.support.hierarchical.NodeTestTask.lambda$executeRecursively$8(NodeTestTask.java:127)
	at org.junit.platform.engine.support.hierarchical.ThrowableCollector.execute(ThrowableCollector.java:73)
	at org.junit.platform.engine.support.hierarchical.NodeTestTask.executeRecursively(NodeTestTask.java:126)
	at org.junit.platform.engine.support.hierarchical.NodeTestTask.execute(NodeTestTask.java:84)
	at java.base/java.util.ArrayList.forEach(ArrayList.java:1541)
	at org.junit.platform.engine.support.hierarchical.SameThreadHierarchicalTestExecutorService.invokeAll(SameThreadHierarchicalTestExecutorService.java:38)
	at org.junit.platform.engine.support.hierarchical.NodeTestTask.lambda$executeRecursively$5(NodeTestTask.java:143)
	at org.junit.platform.engine.support.hierarchical.ThrowableCollector.execute(ThrowableCollector.java:73)
	at org.junit.platform.engine.support.hierarchical.NodeTestTask.lambda$executeRecursively$7(NodeTestTask.java:129)
	at org.junit.platform.engine.support.hierarchical.Node.around(Node.java:137)
	at org.junit.platform.engine.support.hierarchical.NodeTestTask.lambda$executeRecursively$8(NodeTestTask.java:127)
	at org.junit.platform.engine.support.hierarchical.ThrowableCollector.execute(ThrowableCollector.java:73)
	at org.junit.platform.engine.support.hierarchical.NodeTestTask.executeRecursively(NodeTestTask.java:126)
	at org.junit.platform.engine.support.hierarchical.NodeTestTask.execute(NodeTestTask.java:84)
	at org.junit.platform.engine.support.hierarchical.SameThreadHierarchicalTestExecutorService.submit(SameThreadHierarchicalTestExecutorService.java:32)
	at org.junit.platform.engine.support.hierarchical.HierarchicalTestExecutor.execute(HierarchicalTestExecutor.java:57)
	at org.junit.platform.engine.support.hierarchical.HierarchicalTestEngine.execute(HierarchicalTestEngine.java:51)
	at org.junit.platform.launcher.core.EngineExecutionOrchestrator.execute(EngineExecutionOrchestrator.java:108)
	at org.junit.platform.launcher.core.EngineExecutionOrchestrator.execute(EngineExecutionOrchestrator.java:88)
	at org.junit.platform.launcher.core.EngineExecutionOrchestrator.lambda$execute$0(EngineExecutionOrchestrator.java:54)
	at org.junit.platform.launcher.core.EngineExecutionOrchestrator.withInterceptedStreams(EngineExecutionOrchestrator.java:67)
	at org.junit.platform.launcher.core.EngineExecutionOrchestrator.execute(EngineExecutionOrchestrator.java:52)
	at org.junit.platform.launcher.core.DefaultLauncher.execute(DefaultLauncher.java:96)
	at org.junit.platform.launcher.core.DefaultLauncher.execute(DefaultLauncher.java:75)
	at org.gradle.api.internal.tasks.testing.junitplatform.JUnitPlatformTestClassProcessor$CollectAllTestClassesExecutor.processAllTestClasses(JUnitPlatformTestClassProcessor.java:99)
	at org.gradle.api.internal.tasks.testing.junitplatform.JUnitPlatformTestClassProcessor$CollectAllTestClassesExecutor.access$000(JUnitPlatformTestClassProcessor.java:79)
	at org.gradle.api.internal.tasks.testing.junitplatform.JUnitPlatformTestClassProcessor.stop(JUnitPlatformTestClassProcessor.java:75)
	at org.gradle.api.internal.tasks.testing.SuiteTestClassProcessor.stop(SuiteTestClassProcessor.java:61)
	at java.base/jdk.internal.reflect.NativeMethodAccessorImpl.invoke0(Native Method)
	at java.base/jdk.internal.reflect.NativeMethodAccessorImpl.invoke(NativeMethodAccessorImpl.java:62)
	at java.base/jdk.internal.reflect.DelegatingMethodAccessorImpl.invoke(DelegatingMethodAccessorImpl.java:43)
	at java.base/java.lang.reflect.Method.invoke(Method.java:566)
	at org.gradle.internal.dispatch.ReflectionDispatch.dispatch(ReflectionDispatch.java:36)
	at org.gradle.internal.dispatch.ReflectionDispatch.dispatch(ReflectionDispatch.java:24)
	at org.gradle.internal.dispatch.ContextClassLoaderDispatch.dispatch(ContextClassLoaderDispatch.java:33)
	at org.gradle.internal.dispatch.ProxyDispatchAdapter$DispatchingInvocationHandler.invoke(ProxyDispatchAdapter.java:94)
	at com.sun.proxy.$Proxy5.stop(Unknown Source)
	at org.gradle.api.internal.tasks.testing.worker.TestWorker$3.run(TestWorker.java:193)
	at org.gradle.api.internal.tasks.testing.worker.TestWorker.executeAndMaintainThreadName(TestWorker.java:129)
	at org.gradle.api.internal.tasks.testing.worker.TestWorker.execute(TestWorker.java:100)
	at org.gradle.api.internal.tasks.testing.worker.TestWorker.execute(TestWorker.java:60)
	at org.gradle.process.internal.worker.child.ActionExecutionWorker.execute(ActionExecutionWorker.java:56)
	at org.gradle.process.internal.worker.child.SystemApplicationClassLoaderWorker.call(SystemApplicationClassLoaderWorker.java:133)
	at org.gradle.process.internal.worker.child.SystemApplicationClassLoaderWorker.call(SystemApplicationClassLoaderWorker.java:71)
	at worker.org.gradle.process.internal.worker.GradleWorkerMain.run(GradleWorkerMain.java:69)
	at worker.org.gradle.process.internal.worker.GradleWorkerMain.main(GradleWorkerMain.java:74)
Caused by: feign.RetryableException: Connection refused: connect executing GET http://localhost:8082/getAttractionRewardPoints?attractionId=4ac4d30b-f51d-44d5-a556-a18f2dd387f0&userId=57dceaa0-fff9-4926-880f-5b96a1fdd8cf
	at feign.FeignException.errorExecuting(FeignException.java:249)
	at feign.SynchronousMethodHandler.executeAndDecode(SynchronousMethodHandler.java:129)
	at feign.SynchronousMethodHandler.invoke(SynchronousMethodHandler.java:89)
	at feign.ReflectiveFeign$FeignInvocationHandler.invoke(ReflectiveFeign.java:100)
	at com.sun.proxy.$Proxy129.getAttractionRewardPoints(Unknown Source)
	at tourGuide.service.RewardsService.getRewardPoints(RewardsService.java:128)
	at tourGuide.service.RewardsService.lambda$calculateRewardsMultiThread$1(RewardsService.java:95)
	at java.base/java.util.concurrent.Executors$RunnableAdapter.call(Executors.java:515)
	at java.base/java.util.concurrent.FutureTask.run(FutureTask.java:264)
	at java.base/java.util.concurrent.ThreadPoolExecutor.runWorker(ThreadPoolExecutor.java:1128)
	at java.base/java.util.concurrent.ThreadPoolExecutor$Worker.run(ThreadPoolExecutor.java:628)
	at java.base/java.lang.Thread.run(Thread.java:829)
Caused by: java.net.ConnectException: Connection refused: connect
	at java.base/java.net.PlainSocketImpl.waitForConnect(Native Method)
	at java.base/java.net.PlainSocketImpl.socketConnect(PlainSocketImpl.java:107)
	at java.base/java.net.AbstractPlainSocketImpl.doConnect(AbstractPlainSocketImpl.java:399)
	at java.base/java.net.AbstractPlainSocketImpl.connectToAddress(AbstractPlainSocketImpl.java:242)
	at java.base/java.net.AbstractPlainSocketImpl.connect(AbstractPlainSocketImpl.java:224)
	at java.base/java.net.Socket.connect(Socket.java:609)
	at java.base/sun.net.NetworkClient.doConnect(NetworkClient.java:177)
	at java.base/sun.net.www.http.HttpClient.openServer(HttpClient.java:474)
	at java.base/sun.net.www.http.HttpClient.openServer(HttpClient.java:569)
	at java.base/sun.net.www.http.HttpClient.<init>(HttpClient.java:242)
	at java.base/sun.net.www.http.HttpClient.New(HttpClient.java:341)
	at java.base/sun.net.www.http.HttpClient.New(HttpClient.java:362)
	at java.base/sun.net.www.protocol.http.HttpURLConnection.getNewHttpClient(HttpURLConnection.java:1253)
	at java.base/sun.net.www.protocol.http.HttpURLConnection.plainConnect0(HttpURLConnection.java:1187)
	at java.base/sun.net.www.protocol.http.HttpURLConnection.plainConnect(HttpURLConnection.java:1081)
	at java.base/sun.net.www.protocol.http.HttpURLConnection.connect(HttpURLConnection.java:1015)
	at java.base/sun.net.www.protocol.http.HttpURLConnection.getInputStream0(HttpURLConnection.java:1592)
	at java.base/sun.net.www.protocol.http.HttpURLConnection.getInputStream(HttpURLConnection.java:1520)
	at java.base/java.net.HttpURLConnection.getResponseCode(HttpURLConnection.java:527)
	at feign.Client$Default.convertResponse(Client.java:108)
	at feign.Client$Default.execute(Client.java:104)
	at feign.SynchronousMethodHandler.executeAndDecode(SynchronousMethodHandler.java:119)
	... 10 more
java.util.concurrent.ExecutionException: feign.RetryableException: Connection refused: connect executing GET http://localhost:8082/getAttractionRewardPoints?attractionId=4ac4d30b-f51d-44d5-a556-a18f2dd387f0&userId=4ca496ff-8457-4591-9550-670820c8dad3
	at java.base/java.util.concurrent.FutureTask.report(FutureTask.java:122)
	at java.base/java.util.concurrent.FutureTask.get(FutureTask.java:191)
	at tourGuide.service.RewardsService.lambda$calculateRewardsMultiThread$2(RewardsService.java:108)
	at java.base/java.util.ArrayList$ArrayListSpliterator.forEachRemaining(ArrayList.java:1655)
	at java.base/java.util.stream.ReferencePipeline$Head.forEach(ReferencePipeline.java:658)
	at tourGuide.service.RewardsService.calculateRewardsMultiThread(RewardsService.java:106)
	at tourGuide.performance.PerformanceTest.highVolumeGetRewards(PerformanceTest.java:122)
	at java.base/jdk.internal.reflect.NativeMethodAccessorImpl.invoke0(Native Method)
	at java.base/jdk.internal.reflect.NativeMethodAccessorImpl.invoke(NativeMethodAccessorImpl.java:62)
	at java.base/jdk.internal.reflect.DelegatingMethodAccessorImpl.invoke(DelegatingMethodAccessorImpl.java:43)
	at java.base/java.lang.reflect.Method.invoke(Method.java:566)
	at org.junit.platform.commons.util.ReflectionUtils.invokeMethod(ReflectionUtils.java:688)
	at org.junit.jupiter.engine.execution.ExecutableInvoker.invoke(ExecutableInvoker.java:115)
	at org.junit.jupiter.engine.descriptor.TestMethodTestDescriptor.lambda$invokeTestMethod$6(TestMethodTestDescriptor.java:171)
	at org.junit.platform.engine.support.hierarchical.ThrowableCollector.execute(ThrowableCollector.java:73)
	at org.junit.jupiter.engine.descriptor.TestMethodTestDescriptor.invokeTestMethod(TestMethodTestDescriptor.java:167)
	at org.junit.jupiter.engine.descriptor.TestMethodTestDescriptor.execute(TestMethodTestDescriptor.java:114)
	at org.junit.jupiter.engine.descriptor.TestMethodTestDescriptor.execute(TestMethodTestDescriptor.java:59)
	at org.junit.platform.engine.support.hierarchical.NodeTestTask.lambda$executeRecursively$5(NodeTestTask.java:139)
	at org.junit.platform.engine.support.hierarchical.ThrowableCollector.execute(ThrowableCollector.java:73)
	at org.junit.platform.engine.support.hierarchical.NodeTestTask.lambda$executeRecursively$7(NodeTestTask.java:129)
	at org.junit.platform.engine.support.hierarchical.Node.around(Node.java:137)
	at org.junit.platform.engine.support.hierarchical.NodeTestTask.lambda$executeRecursively$8(NodeTestTask.java:127)
	at org.junit.platform.engine.support.hierarchical.ThrowableCollector.execute(ThrowableCollector.java:73)
	at org.junit.platform.engine.support.hierarchical.NodeTestTask.executeRecursively(NodeTestTask.java:126)
	at org.junit.platform.engine.support.hierarchical.NodeTestTask.execute(NodeTestTask.java:84)
	at java.base/java.util.ArrayList.forEach(ArrayList.java:1541)
	at org.junit.platform.engine.support.hierarchical.SameThreadHierarchicalTestExecutorService.invokeAll(SameThreadHierarchicalTestExecutorService.java:38)
	at org.junit.platform.engine.support.hierarchical.NodeTestTask.lambda$executeRecursively$5(NodeTestTask.java:143)
	at org.junit.platform.engine.support.hierarchical.ThrowableCollector.execute(ThrowableCollector.java:73)
	at org.junit.platform.engine.support.hierarchical.NodeTestTask.lambda$executeRecursively$7(NodeTestTask.java:129)
	at org.junit.platform.engine.support.hierarchical.Node.around(Node.java:137)
	at org.junit.platform.engine.support.hierarchical.NodeTestTask.lambda$executeRecursively$8(NodeTestTask.java:127)
	at org.junit.platform.engine.support.hierarchical.ThrowableCollector.execute(ThrowableCollector.java:73)
	at org.junit.platform.engine.support.hierarchical.NodeTestTask.executeRecursively(NodeTestTask.java:126)
	at org.junit.platform.engine.support.hierarchical.NodeTestTask.execute(NodeTestTask.java:84)
	at java.base/java.util.ArrayList.forEach(ArrayList.java:1541)
	at org.junit.platform.engine.support.hierarchical.SameThreadHierarchicalTestExecutorService.invokeAll(SameThreadHierarchicalTestExecutorService.java:38)
	at org.junit.platform.engine.support.hierarchical.NodeTestTask.lambda$executeRecursively$5(NodeTestTask.java:143)
	at org.junit.platform.engine.support.hierarchical.ThrowableCollector.execute(ThrowableCollector.java:73)
	at org.junit.platform.engine.support.hierarchical.NodeTestTask.lambda$executeRecursively$7(NodeTestTask.java:129)
	at org.junit.platform.engine.support.hierarchical.Node.around(Node.java:137)
	at org.junit.platform.engine.support.hierarchical.NodeTestTask.lambda$executeRecursively$8(NodeTestTask.java:127)
	at org.junit.platform.engine.support.hierarchical.ThrowableCollector.execute(ThrowableCollector.java:73)
	at org.junit.platform.engine.support.hierarchical.NodeTestTask.executeRecursively(NodeTestTask.java:126)
	at org.junit.platform.engine.support.hierarchical.NodeTestTask.execute(NodeTestTask.java:84)
	at org.junit.platform.engine.support.hierarchical.SameThreadHierarchicalTestExecutorService.submit(SameThreadHierarchicalTestExecutorService.java:32)
	at org.junit.platform.engine.support.hierarchical.HierarchicalTestExecutor.execute(HierarchicalTestExecutor.java:57)
	at org.junit.platform.engine.support.hierarchical.HierarchicalTestEngine.execute(HierarchicalTestEngine.java:51)
	at org.junit.platform.launcher.core.EngineExecutionOrchestrator.execute(EngineExecutionOrchestrator.java:108)
	at org.junit.platform.launcher.core.EngineExecutionOrchestrator.execute(EngineExecutionOrchestrator.java:88)
	at org.junit.platform.launcher.core.EngineExecutionOrchestrator.lambda$execute$0(EngineExecutionOrchestrator.java:54)
	at org.junit.platform.launcher.core.EngineExecutionOrchestrator.withInterceptedStreams(EngineExecutionOrchestrator.java:67)
	at org.junit.platform.launcher.core.EngineExecutionOrchestrator.execute(EngineExecutionOrchestrator.java:52)
	at org.junit.platform.launcher.core.DefaultLauncher.execute(DefaultLauncher.java:96)
	at org.junit.platform.launcher.core.DefaultLauncher.execute(DefaultLauncher.java:75)
	at org.gradle.api.internal.tasks.testing.junitplatform.JUnitPlatformTestClassProcessor$CollectAllTestClassesExecutor.processAllTestClasses(JUnitPlatformTestClassProcessor.java:99)
	at org.gradle.api.internal.tasks.testing.junitplatform.JUnitPlatformTestClassProcessor$CollectAllTestClassesExecutor.access$000(JUnitPlatformTestClassProcessor.java:79)
	at org.gradle.api.internal.tasks.testing.junitplatform.JUnitPlatformTestClassProcessor.stop(JUnitPlatformTestClassProcessor.java:75)
	at org.gradle.api.internal.tasks.testing.SuiteTestClassProcessor.stop(SuiteTestClassProcessor.java:61)
	at java.base/jdk.internal.reflect.NativeMethodAccessorImpl.invoke0(Native Method)
	at java.base/jdk.internal.reflect.NativeMethodAccessorImpl.invoke(NativeMethodAccessorImpl.java:62)
	at java.base/jdk.internal.reflect.DelegatingMethodAccessorImpl.invoke(DelegatingMethodAccessorImpl.java:43)
	at java.base/java.lang.reflect.Method.invoke(Method.java:566)
	at org.gradle.internal.dispatch.ReflectionDispatch.dispatch(ReflectionDispatch.java:36)
	at org.gradle.internal.dispatch.ReflectionDispatch.dispatch(ReflectionDispatch.java:24)
	at org.gradle.internal.dispatch.ContextClassLoaderDispatch.dispatch(ContextClassLoaderDispatch.java:33)
	at org.gradle.internal.dispatch.ProxyDispatchAdapter$DispatchingInvocationHandler.invoke(ProxyDispatchAdapter.java:94)
	at com.sun.proxy.$Proxy5.stop(Unknown Source)
	at org.gradle.api.internal.tasks.testing.worker.TestWorker$3.run(TestWorker.java:193)
	at org.gradle.api.internal.tasks.testing.worker.TestWorker.executeAndMaintainThreadName(TestWorker.java:129)
	at org.gradle.api.internal.tasks.testing.worker.TestWorker.execute(TestWorker.java:100)
	at org.gradle.api.internal.tasks.testing.worker.TestWorker.execute(TestWorker.java:60)
	at org.gradle.process.internal.worker.child.ActionExecutionWorker.execute(ActionExecutionWorker.java:56)
	at org.gradle.process.internal.worker.child.SystemApplicationClassLoaderWorker.call(SystemApplicationClassLoaderWorker.java:133)
	at org.gradle.process.internal.worker.child.SystemApplicationClassLoaderWorker.call(SystemApplicationClassLoaderWorker.java:71)
	at worker.org.gradle.process.internal.worker.GradleWorkerMain.run(GradleWorkerMain.java:69)
	at worker.org.gradle.process.internal.worker.GradleWorkerMain.main(GradleWorkerMain.java:74)
Caused by: feign.RetryableException: Connection refused: connect executing GET http://localhost:8082/getAttractionRewardPoints?attractionId=4ac4d30b-f51d-44d5-a556-a18f2dd387f0&userId=4ca496ff-8457-4591-9550-670820c8dad3
	at feign.FeignException.errorExecuting(FeignException.java:249)
	at feign.SynchronousMethodHandler.executeAndDecode(SynchronousMethodHandler.java:129)
	at feign.SynchronousMethodHandler.invoke(SynchronousMethodHandler.java:89)
	at feign.ReflectiveFeign$FeignInvocationHandler.invoke(ReflectiveFeign.java:100)
	at com.sun.proxy.$Proxy129.getAttractionRewardPoints(Unknown Source)
	at tourGuide.service.RewardsService.getRewardPoints(RewardsService.java:128)
	at tourGuide.service.RewardsService.lambda$calculateRewardsMultiThread$1(RewardsService.java:95)
	at java.base/java.util.concurrent.Executors$RunnableAdapter.call(Executors.java:515)
	at java.base/java.util.concurrent.FutureTask.run(FutureTask.java:264)
	at java.base/java.util.concurrent.ThreadPoolExecutor.runWorker(ThreadPoolExecutor.java:1128)
	at java.base/java.util.concurrent.ThreadPoolExecutor$Worker.run(ThreadPoolExecutor.java:628)
	at java.base/java.lang.Thread.run(Thread.java:829)
Caused by: java.net.ConnectException: Connection refused: connect
	at java.base/java.net.PlainSocketImpl.waitForConnect(Native Method)
	at java.base/java.net.PlainSocketImpl.socketConnect(PlainSocketImpl.java:107)
	at java.base/java.net.AbstractPlainSocketImpl.doConnect(AbstractPlainSocketImpl.java:399)
	at java.base/java.net.AbstractPlainSocketImpl.connectToAddress(AbstractPlainSocketImpl.java:242)
	at java.base/java.net.AbstractPlainSocketImpl.connect(AbstractPlainSocketImpl.java:224)
	at java.base/java.net.Socket.connect(Socket.java:609)
	at java.base/sun.net.NetworkClient.doConnect(NetworkClient.java:177)
	at java.base/sun.net.www.http.HttpClient.openServer(HttpClient.java:474)
	at java.base/sun.net.www.http.HttpClient.openServer(HttpClient.java:569)
	at java.base/sun.net.www.http.HttpClient.<init>(HttpClient.java:242)
	at java.base/sun.net.www.http.HttpClient.New(HttpClient.java:341)
	at java.base/sun.net.www.http.HttpClient.New(HttpClient.java:362)
	at java.base/sun.net.www.protocol.http.HttpURLConnection.getNewHttpClient(HttpURLConnection.java:1253)
	at java.base/sun.net.www.protocol.http.HttpURLConnection.plainConnect0(HttpURLConnection.java:1187)
	at java.base/sun.net.www.protocol.http.HttpURLConnection.plainConnect(HttpURLConnection.java:1081)
	at java.base/sun.net.www.protocol.http.HttpURLConnection.connect(HttpURLConnection.java:1015)
	at java.base/sun.net.www.protocol.http.HttpURLConnection.getInputStream0(HttpURLConnection.java:1592)
	at java.base/sun.net.www.protocol.http.HttpURLConnection.getInputStream(HttpURLConnection.java:1520)
	at java.base/java.net.HttpURLConnection.getResponseCode(HttpURLConnection.java:527)
	at feign.Client$Default.convertResponse(Client.java:108)
	at feign.Client$Default.execute(Client.java:104)
	at feign.SynchronousMethodHandler.executeAndDecode(SynchronousMethodHandler.java:119)
	... 10 more
java.util.concurrent.ExecutionException: feign.RetryableException: Connection refused: connect executing GET http://localhost:8082/getAttractionRewardPoints?attractionId=4ac4d30b-f51d-44d5-a556-a18f2dd387f0&userId=fb9c71bb-d041-4652-8f45-7f482efd0547
	at java.base/java.util.concurrent.FutureTask.report(FutureTask.java:122)
	at java.base/java.util.concurrent.FutureTask.get(FutureTask.java:191)
	at tourGuide.service.RewardsService.lambda$calculateRewardsMultiThread$2(RewardsService.java:108)
	at java.base/java.util.ArrayList$ArrayListSpliterator.forEachRemaining(ArrayList.java:1655)
	at java.base/java.util.stream.ReferencePipeline$Head.forEach(ReferencePipeline.java:658)
	at tourGuide.service.RewardsService.calculateRewardsMultiThread(RewardsService.java:106)
	at tourGuide.performance.PerformanceTest.highVolumeGetRewards(PerformanceTest.java:122)
	at java.base/jdk.internal.reflect.NativeMethodAccessorImpl.invoke0(Native Method)
	at java.base/jdk.internal.reflect.NativeMethodAccessorImpl.invoke(NativeMethodAccessorImpl.java:62)
	at java.base/jdk.internal.reflect.DelegatingMethodAccessorImpl.invoke(DelegatingMethodAccessorImpl.java:43)
	at java.base/java.lang.reflect.Method.invoke(Method.java:566)
	at org.junit.platform.commons.util.ReflectionUtils.invokeMethod(ReflectionUtils.java:688)
	at org.junit.jupiter.engine.execution.ExecutableInvoker.invoke(ExecutableInvoker.java:115)
	at org.junit.jupiter.engine.descriptor.TestMethodTestDescriptor.lambda$invokeTestMethod$6(TestMethodTestDescriptor.java:171)
	at org.junit.platform.engine.support.hierarchical.ThrowableCollector.execute(ThrowableCollector.java:73)
	at org.junit.jupiter.engine.descriptor.TestMethodTestDescriptor.invokeTestMethod(TestMethodTestDescriptor.java:167)
	at org.junit.jupiter.engine.descriptor.TestMethodTestDescriptor.execute(TestMethodTestDescriptor.java:114)
	at org.junit.jupiter.engine.descriptor.TestMethodTestDescriptor.execute(TestMethodTestDescriptor.java:59)
	at org.junit.platform.engine.support.hierarchical.NodeTestTask.lambda$executeRecursively$5(NodeTestTask.java:139)
	at org.junit.platform.engine.support.hierarchical.ThrowableCollector.execute(ThrowableCollector.java:73)
	at org.junit.platform.engine.support.hierarchical.NodeTestTask.lambda$executeRecursively$7(NodeTestTask.java:129)
	at org.junit.platform.engine.support.hierarchical.Node.around(Node.java:137)
	at org.junit.platform.engine.support.hierarchical.NodeTestTask.lambda$executeRecursively$8(NodeTestTask.java:127)
	at org.junit.platform.engine.support.hierarchical.ThrowableCollector.execute(ThrowableCollector.java:73)
	at org.junit.platform.engine.support.hierarchical.NodeTestTask.executeRecursively(NodeTestTask.java:126)
	at org.junit.platform.engine.support.hierarchical.NodeTestTask.execute(NodeTestTask.java:84)
	at java.base/java.util.ArrayList.forEach(ArrayList.java:1541)
	at org.junit.platform.engine.support.hierarchical.SameThreadHierarchicalTestExecutorService.invokeAll(SameThreadHierarchicalTestExecutorService.java:38)
	at org.junit.platform.engine.support.hierarchical.NodeTestTask.lambda$executeRecursively$5(NodeTestTask.java:143)
	at org.junit.platform.engine.support.hierarchical.ThrowableCollector.execute(ThrowableCollector.java:73)
	at org.junit.platform.engine.support.hierarchical.NodeTestTask.lambda$executeRecursively$7(NodeTestTask.java:129)
	at org.junit.platform.engine.support.hierarchical.Node.around(Node.java:137)
	at org.junit.platform.engine.support.hierarchical.NodeTestTask.lambda$executeRecursively$8(NodeTestTask.java:127)
	at org.junit.platform.engine.support.hierarchical.ThrowableCollector.execute(ThrowableCollector.java:73)
	at org.junit.platform.engine.support.hierarchical.NodeTestTask.executeRecursively(NodeTestTask.java:126)
	at org.junit.platform.engine.support.hierarchical.NodeTestTask.execute(NodeTestTask.java:84)
	at java.base/java.util.ArrayList.forEach(ArrayList.java:1541)
	at org.junit.platform.engine.support.hierarchical.SameThreadHierarchicalTestExecutorService.invokeAll(SameThreadHierarchicalTestExecutorService.java:38)
	at org.junit.platform.engine.support.hierarchical.NodeTestTask.lambda$executeRecursively$5(NodeTestTask.java:143)
	at org.junit.platform.engine.support.hierarchical.ThrowableCollector.execute(ThrowableCollector.java:73)
	at org.junit.platform.engine.support.hierarchical.NodeTestTask.lambda$executeRecursively$7(NodeTestTask.java:129)
	at org.junit.platform.engine.support.hierarchical.Node.around(Node.java:137)
	at org.junit.platform.engine.support.hierarchical.NodeTestTask.lambda$executeRecursively$8(NodeTestTask.java:127)
	at org.junit.platform.engine.support.hierarchical.ThrowableCollector.execute(ThrowableCollector.java:73)
	at org.junit.platform.engine.support.hierarchical.NodeTestTask.executeRecursively(NodeTestTask.java:126)
	at org.junit.platform.engine.support.hierarchical.NodeTestTask.execute(NodeTestTask.java:84)
	at org.junit.platform.engine.support.hierarchical.SameThreadHierarchicalTestExecutorService.submit(SameThreadHierarchicalTestExecutorService.java:32)
	at org.junit.platform.engine.support.hierarchical.HierarchicalTestExecutor.execute(HierarchicalTestExecutor.java:57)
	at org.junit.platform.engine.support.hierarchical.HierarchicalTestEngine.execute(HierarchicalTestEngine.java:51)
	at org.junit.platform.launcher.core.EngineExecutionOrchestrator.execute(EngineExecutionOrchestrator.java:108)
	at org.junit.platform.launcher.core.EngineExecutionOrchestrator.execute(EngineExecutionOrchestrator.java:88)
	at org.junit.platform.launcher.core.EngineExecutionOrchestrator.lambda$execute$0(EngineExecutionOrchestrator.java:54)
	at org.junit.platform.launcher.core.EngineExecutionOrchestrator.withInterceptedStreams(EngineExecutionOrchestrator.java:67)
	at org.junit.platform.launcher.core.EngineExecutionOrchestrator.execute(EngineExecutionOrchestrator.java:52)
	at org.junit.platform.launcher.core.DefaultLauncher.execute(DefaultLauncher.java:96)
	at org.junit.platform.launcher.core.DefaultLauncher.execute(DefaultLauncher.java:75)
	at org.gradle.api.internal.tasks.testing.junitplatform.JUnitPlatformTestClassProcessor$CollectAllTestClassesExecutor.processAllTestClasses(JUnitPlatformTestClassProcessor.java:99)
	at org.gradle.api.internal.tasks.testing.junitplatform.JUnitPlatformTestClassProcessor$CollectAllTestClassesExecutor.access$000(JUnitPlatformTestClassProcessor.java:79)
	at org.gradle.api.internal.tasks.testing.junitplatform.JUnitPlatformTestClassProcessor.stop(JUnitPlatformTestClassProcessor.java:75)
	at org.gradle.api.internal.tasks.testing.SuiteTestClassProcessor.stop(SuiteTestClassProcessor.java:61)
	at java.base/jdk.internal.reflect.NativeMethodAccessorImpl.invoke0(Native Method)
	at java.base/jdk.internal.reflect.NativeMethodAccessorImpl.invoke(NativeMethodAccessorImpl.java:62)
	at java.base/jdk.internal.reflect.DelegatingMethodAccessorImpl.invoke(DelegatingMethodAccessorImpl.java:43)
	at java.base/java.lang.reflect.Method.invoke(Method.java:566)
	at org.gradle.internal.dispatch.ReflectionDispatch.dispatch(ReflectionDispatch.java:36)
	at org.gradle.internal.dispatch.ReflectionDispatch.dispatch(ReflectionDispatch.java:24)
	at org.gradle.internal.dispatch.ContextClassLoaderDispatch.dispatch(ContextClassLoaderDispatch.java:33)
	at org.gradle.internal.dispatch.ProxyDispatchAdapter$DispatchingInvocationHandler.invoke(ProxyDispatchAdapter.java:94)
	at com.sun.proxy.$Proxy5.stop(Unknown Source)
	at org.gradle.api.internal.tasks.testing.worker.TestWorker$3.run(TestWorker.java:193)
	at org.gradle.api.internal.tasks.testing.worker.TestWorker.executeAndMaintainThreadName(TestWorker.java:129)
	at org.gradle.api.internal.tasks.testing.worker.TestWorker.execute(TestWorker.java:100)
	at org.gradle.api.internal.tasks.testing.worker.TestWorker.execute(TestWorker.java:60)
	at org.gradle.process.internal.worker.child.ActionExecutionWorker.execute(ActionExecutionWorker.java:56)
	at org.gradle.process.internal.worker.child.SystemApplicationClassLoaderWorker.call(SystemApplicationClassLoaderWorker.java:133)
	at org.gradle.process.internal.worker.child.SystemApplicationClassLoaderWorker.call(SystemApplicationClassLoaderWorker.java:71)
	at worker.org.gradle.process.internal.worker.GradleWorkerMain.run(GradleWorkerMain.java:69)
	at worker.org.gradle.process.internal.worker.GradleWorkerMain.main(GradleWorkerMain.java:74)
Caused by: feign.RetryableException: Connection refused: connect executing GET http://localhost:8082/getAttractionRewardPoints?attractionId=4ac4d30b-f51d-44d5-a556-a18f2dd387f0&userId=fb9c71bb-d041-4652-8f45-7f482efd0547
	at feign.FeignException.errorExecuting(FeignException.java:249)
	at feign.SynchronousMethodHandler.executeAndDecode(SynchronousMethodHandler.java:129)
	at feign.SynchronousMethodHandler.invoke(SynchronousMethodHandler.java:89)
	at feign.ReflectiveFeign$FeignInvocationHandler.invoke(ReflectiveFeign.java:100)
	at com.sun.proxy.$Proxy129.getAttractionRewardPoints(Unknown Source)
	at tourGuide.service.RewardsService.getRewardPoints(RewardsService.java:128)
	at tourGuide.service.RewardsService.lambda$calculateRewardsMultiThread$1(RewardsService.java:95)
	at java.base/java.util.concurrent.Executors$RunnableAdapter.call(Executors.java:515)
	at java.base/java.util.concurrent.FutureTask.run(FutureTask.java:264)
	at java.base/java.util.concurrent.ThreadPoolExecutor.runWorker(ThreadPoolExecutor.java:1128)
	at java.base/java.util.concurrent.ThreadPoolExecutor$Worker.run(ThreadPoolExecutor.java:628)
	at java.base/java.lang.Thread.run(Thread.java:829)
Caused by: java.net.ConnectException: Connection refused: connect
	at java.base/java.net.PlainSocketImpl.waitForConnect(Native Method)
	at java.base/java.net.PlainSocketImpl.socketConnect(PlainSocketImpl.java:107)
	at java.base/java.net.AbstractPlainSocketImpl.doConnect(AbstractPlainSocketImpl.java:399)
	at java.base/java.net.AbstractPlainSocketImpl.connectToAddress(AbstractPlainSocketImpl.java:242)
	at java.base/java.net.AbstractPlainSocketImpl.connect(AbstractPlainSocketImpl.java:224)
	at java.base/java.net.Socket.connect(Socket.java:609)
	at java.base/sun.net.NetworkClient.doConnect(NetworkClient.java:177)
	at java.base/sun.net.www.http.HttpClient.openServer(HttpClient.java:474)
	at java.base/sun.net.www.http.HttpClient.openServer(HttpClient.java:569)
	at java.base/sun.net.www.http.HttpClient.<init>(HttpClient.java:242)
	at java.base/sun.net.www.http.HttpClient.New(HttpClient.java:341)
	at java.base/sun.net.www.http.HttpClient.New(HttpClient.java:362)
	at java.base/sun.net.www.protocol.http.HttpURLConnection.getNewHttpClient(HttpURLConnection.java:1253)
	at java.base/sun.net.www.protocol.http.HttpURLConnection.plainConnect0(HttpURLConnection.java:1187)
	at java.base/sun.net.www.protocol.http.HttpURLConnection.plainConnect(HttpURLConnection.java:1081)
	at java.base/sun.net.www.protocol.http.HttpURLConnection.connect(HttpURLConnection.java:1015)
	at java.base/sun.net.www.protocol.http.HttpURLConnection.getInputStream0(HttpURLConnection.java:1592)
	at java.base/sun.net.www.protocol.http.HttpURLConnection.getInputStream(HttpURLConnection.java:1520)
	at java.base/java.net.HttpURLConnection.getResponseCode(HttpURLConnection.java:527)
	at feign.Client$Default.convertResponse(Client.java:108)
	at feign.Client$Default.execute(Client.java:104)
	at feign.SynchronousMethodHandler.executeAndDecode(SynchronousMethodHandler.java:119)
	... 10 more
java.util.concurrent.ExecutionException: feign.RetryableException: Connection refused: connect executing GET http://localhost:8082/getAttractionRewardPoints?attractionId=4ac4d30b-f51d-44d5-a556-a18f2dd387f0&userId=507bf53a-8c75-4680-b3fd-7434e5a8728b
	at java.base/java.util.concurrent.FutureTask.report(FutureTask.java:122)
	at java.base/java.util.concurrent.FutureTask.get(FutureTask.java:191)
	at tourGuide.service.RewardsService.lambda$calculateRewardsMultiThread$2(RewardsService.java:108)
	at java.base/java.util.ArrayList$ArrayListSpliterator.forEachRemaining(ArrayList.java:1655)
	at java.base/java.util.stream.ReferencePipeline$Head.forEach(ReferencePipeline.java:658)
	at tourGuide.service.RewardsService.calculateRewardsMultiThread(RewardsService.java:106)
	at tourGuide.performance.PerformanceTest.highVolumeGetRewards(PerformanceTest.java:122)
	at java.base/jdk.internal.reflect.NativeMethodAccessorImpl.invoke0(Native Method)
	at java.base/jdk.internal.reflect.NativeMethodAccessorImpl.invoke(NativeMethodAccessorImpl.java:62)
	at java.base/jdk.internal.reflect.DelegatingMethodAccessorImpl.invoke(DelegatingMethodAccessorImpl.java:43)
	at java.base/java.lang.reflect.Method.invoke(Method.java:566)
	at org.junit.platform.commons.util.ReflectionUtils.invokeMethod(ReflectionUtils.java:688)
	at org.junit.jupiter.engine.execution.ExecutableInvoker.invoke(ExecutableInvoker.java:115)
	at org.junit.jupiter.engine.descriptor.TestMethodTestDescriptor.lambda$invokeTestMethod$6(TestMethodTestDescriptor.java:171)
	at org.junit.platform.engine.support.hierarchical.ThrowableCollector.execute(ThrowableCollector.java:73)
	at org.junit.jupiter.engine.descriptor.TestMethodTestDescriptor.invokeTestMethod(TestMethodTestDescriptor.java:167)
	at org.junit.jupiter.engine.descriptor.TestMethodTestDescriptor.execute(TestMethodTestDescriptor.java:114)
	at org.junit.jupiter.engine.descriptor.TestMethodTestDescriptor.execute(TestMethodTestDescriptor.java:59)
	at org.junit.platform.engine.support.hierarchical.NodeTestTask.lambda$executeRecursively$5(NodeTestTask.java:139)
	at org.junit.platform.engine.support.hierarchical.ThrowableCollector.execute(ThrowableCollector.java:73)
	at org.junit.platform.engine.support.hierarchical.NodeTestTask.lambda$executeRecursively$7(NodeTestTask.java:129)
	at org.junit.platform.engine.support.hierarchical.Node.around(Node.java:137)
	at org.junit.platform.engine.support.hierarchical.NodeTestTask.lambda$executeRecursively$8(NodeTestTask.java:127)
	at org.junit.platform.engine.support.hierarchical.ThrowableCollector.execute(ThrowableCollector.java:73)
	at org.junit.platform.engine.support.hierarchical.NodeTestTask.executeRecursively(NodeTestTask.java:126)
	at org.junit.platform.engine.support.hierarchical.NodeTestTask.execute(NodeTestTask.java:84)
	at java.base/java.util.ArrayList.forEach(ArrayList.java:1541)
	at org.junit.platform.engine.support.hierarchical.SameThreadHierarchicalTestExecutorService.invokeAll(SameThreadHierarchicalTestExecutorService.java:38)
	at org.junit.platform.engine.support.hierarchical.NodeTestTask.lambda$executeRecursively$5(NodeTestTask.java:143)
	at org.junit.platform.engine.support.hierarchical.ThrowableCollector.execute(ThrowableCollector.java:73)
	at org.junit.platform.engine.support.hierarchical.NodeTestTask.lambda$executeRecursively$7(NodeTestTask.java:129)
	at org.junit.platform.engine.support.hierarchical.Node.around(Node.java:137)
	at org.junit.platform.engine.support.hierarchical.NodeTestTask.lambda$executeRecursively$8(NodeTestTask.java:127)
	at org.junit.platform.engine.support.hierarchical.ThrowableCollector.execute(ThrowableCollector.java:73)
	at org.junit.platform.engine.support.hierarchical.NodeTestTask.executeRecursively(NodeTestTask.java:126)
	at org.junit.platform.engine.support.hierarchical.NodeTestTask.execute(NodeTestTask.java:84)
	at java.base/java.util.ArrayList.forEach(ArrayList.java:1541)
	at org.junit.platform.engine.support.hierarchical.SameThreadHierarchicalTestExecutorService.invokeAll(SameThreadHierarchicalTestExecutorService.java:38)
	at org.junit.platform.engine.support.hierarchical.NodeTestTask.lambda$executeRecursively$5(NodeTestTask.java:143)
	at org.junit.platform.engine.support.hierarchical.ThrowableCollector.execute(ThrowableCollector.java:73)
	at org.junit.platform.engine.support.hierarchical.NodeTestTask.lambda$executeRecursively$7(NodeTestTask.java:129)
	at org.junit.platform.engine.support.hierarchical.Node.around(Node.java:137)
	at org.junit.platform.engine.support.hierarchical.NodeTestTask.lambda$executeRecursively$8(NodeTestTask.java:127)
	at org.junit.platform.engine.support.hierarchical.ThrowableCollector.execute(ThrowableCollector.java:73)
	at org.junit.platform.engine.support.hierarchical.NodeTestTask.executeRecursively(NodeTestTask.java:126)
	at org.junit.platform.engine.support.hierarchical.NodeTestTask.execute(NodeTestTask.java:84)
	at org.junit.platform.engine.support.hierarchical.SameThreadHierarchicalTestExecutorService.submit(SameThreadHierarchicalTestExecutorService.java:32)
	at org.junit.platform.engine.support.hierarchical.HierarchicalTestExecutor.execute(HierarchicalTestExecutor.java:57)
	at org.junit.platform.engine.support.hierarchical.HierarchicalTestEngine.execute(HierarchicalTestEngine.java:51)
	at org.junit.platform.launcher.core.EngineExecutionOrchestrator.execute(EngineExecutionOrchestrator.java:108)
	at org.junit.platform.launcher.core.EngineExecutionOrchestrator.execute(EngineExecutionOrchestrator.java:88)
	at org.junit.platform.launcher.core.EngineExecutionOrchestrator.lambda$execute$0(EngineExecutionOrchestrator.java:54)
	at org.junit.platform.launcher.core.EngineExecutionOrchestrator.withInterceptedStreams(EngineExecutionOrchestrator.java:67)
	at org.junit.platform.launcher.core.EngineExecutionOrchestrator.execute(EngineExecutionOrchestrator.java:52)
	at org.junit.platform.launcher.core.DefaultLauncher.execute(DefaultLauncher.java:96)
	at org.junit.platform.launcher.core.DefaultLauncher.execute(DefaultLauncher.java:75)
	at org.gradle.api.internal.tasks.testing.junitplatform.JUnitPlatformTestClassProcessor$CollectAllTestClassesExecutor.processAllTestClasses(JUnitPlatformTestClassProcessor.java:99)
	at org.gradle.api.internal.tasks.testing.junitplatform.JUnitPlatformTestClassProcessor$CollectAllTestClassesExecutor.access$000(JUnitPlatformTestClassProcessor.java:79)
	at org.gradle.api.internal.tasks.testing.junitplatform.JUnitPlatformTestClassProcessor.stop(JUnitPlatformTestClassProcessor.java:75)
	at org.gradle.api.internal.tasks.testing.SuiteTestClassProcessor.stop(SuiteTestClassProcessor.java:61)
	at java.base/jdk.internal.reflect.NativeMethodAccessorImpl.invoke0(Native Method)
	at java.base/jdk.internal.reflect.NativeMethodAccessorImpl.invoke(NativeMethodAccessorImpl.java:62)
	at java.base/jdk.internal.reflect.DelegatingMethodAccessorImpl.invoke(DelegatingMethodAccessorImpl.java:43)
	at java.base/java.lang.reflect.Method.invoke(Method.java:566)
	at org.gradle.internal.dispatch.ReflectionDispatch.dispatch(ReflectionDispatch.java:36)
	at org.gradle.internal.dispatch.ReflectionDispatch.dispatch(ReflectionDispatch.java:24)
	at org.gradle.internal.dispatch.ContextClassLoaderDispatch.dispatch(ContextClassLoaderDispatch.java:33)
	at org.gradle.internal.dispatch.ProxyDispatchAdapter$DispatchingInvocationHandler.invoke(ProxyDispatchAdapter.java:94)
	at com.sun.proxy.$Proxy5.stop(Unknown Source)
	at org.gradle.api.internal.tasks.testing.worker.TestWorker$3.run(TestWorker.java:193)
	at org.gradle.api.internal.tasks.testing.worker.TestWorker.executeAndMaintainThreadName(TestWorker.java:129)
	at org.gradle.api.internal.tasks.testing.worker.TestWorker.execute(TestWorker.java:100)
	at org.gradle.api.internal.tasks.testing.worker.TestWorker.execute(TestWorker.java:60)
	at org.gradle.process.internal.worker.child.ActionExecutionWorker.execute(ActionExecutionWorker.java:56)
	at org.gradle.process.internal.worker.child.SystemApplicationClassLoaderWorker.call(SystemApplicationClassLoaderWorker.java:133)
	at org.gradle.process.internal.worker.child.SystemApplicationClassLoaderWorker.call(SystemApplicationClassLoaderWorker.java:71)
	at worker.org.gradle.process.internal.worker.GradleWorkerMain.run(GradleWorkerMain.java:69)
	at worker.org.gradle.process.internal.worker.GradleWorkerMain.main(GradleWorkerMain.java:74)
Caused by: feign.RetryableException: Connection refused: connect executing GET http://localhost:8082/getAttractionRewardPoints?attractionId=4ac4d30b-f51d-44d5-a556-a18f2dd387f0&userId=507bf53a-8c75-4680-b3fd-7434e5a8728b
	at feign.FeignException.errorExecuting(FeignException.java:249)
	at feign.SynchronousMethodHandler.executeAndDecode(SynchronousMethodHandler.java:129)
	at feign.SynchronousMethodHandler.invoke(SynchronousMethodHandler.java:89)
	at feign.ReflectiveFeign$FeignInvocationHandler.invoke(ReflectiveFeign.java:100)
	at com.sun.proxy.$Proxy129.getAttractionRewardPoints(Unknown Source)
	at tourGuide.service.RewardsService.getRewardPoints(RewardsService.java:128)
	at tourGuide.service.RewardsService.lambda$calculateRewardsMultiThread$1(RewardsService.java:95)
	at java.base/java.util.concurrent.Executors$RunnableAdapter.call(Executors.java:515)
	at java.base/java.util.concurrent.FutureTask.run(FutureTask.java:264)
	at java.base/java.util.concurrent.ThreadPoolExecutor.runWorker(ThreadPoolExecutor.java:1128)
	at java.base/java.util.concurrent.ThreadPoolExecutor$Worker.run(ThreadPoolExecutor.java:628)
	at java.base/java.lang.Thread.run(Thread.java:829)
Caused by: java.net.ConnectException: Connection refused: connect
	at java.base/java.net.PlainSocketImpl.waitForConnect(Native Method)
	at java.base/java.net.PlainSocketImpl.socketConnect(PlainSocketImpl.java:107)
	at java.base/java.net.AbstractPlainSocketImpl.doConnect(AbstractPlainSocketImpl.java:399)
	at java.base/java.net.AbstractPlainSocketImpl.connectToAddress(AbstractPlainSocketImpl.java:242)
	at java.base/java.net.AbstractPlainSocketImpl.connect(AbstractPlainSocketImpl.java:224)
	at java.base/java.net.Socket.connect(Socket.java:609)
	at java.base/sun.net.NetworkClient.doConnect(NetworkClient.java:177)
	at java.base/sun.net.www.http.HttpClient.openServer(HttpClient.java:474)
	at java.base/sun.net.www.http.HttpClient.openServer(HttpClient.java:569)
	at java.base/sun.net.www.http.HttpClient.<init>(HttpClient.java:242)
	at java.base/sun.net.www.http.HttpClient.New(HttpClient.java:341)
	at java.base/sun.net.www.http.HttpClient.New(HttpClient.java:362)
	at java.base/sun.net.www.protocol.http.HttpURLConnection.getNewHttpClient(HttpURLConnection.java:1253)
	at java.base/sun.net.www.protocol.http.HttpURLConnection.plainConnect0(HttpURLConnection.java:1187)
	at java.base/sun.net.www.protocol.http.HttpURLConnection.plainConnect(HttpURLConnection.java:1081)
	at java.base/sun.net.www.protocol.http.HttpURLConnection.connect(HttpURLConnection.java:1015)
	at java.base/sun.net.www.protocol.http.HttpURLConnection.getInputStream0(HttpURLConnection.java:1592)
	at java.base/sun.net.www.protocol.http.HttpURLConnection.getInputStream(HttpURLConnection.java:1520)
	at java.base/java.net.HttpURLConnection.getResponseCode(HttpURLConnection.java:527)
	at feign.Client$Default.convertResponse(Client.java:108)
	at feign.Client$Default.execute(Client.java:104)
	at feign.SynchronousMethodHandler.executeAndDecode(SynchronousMethodHandler.java:119)
	... 10 more
java.util.concurrent.ExecutionException: feign.RetryableException: Connection refused: connect executing GET http://localhost:8082/getAttractionRewardPoints?attractionId=4ac4d30b-f51d-44d5-a556-a18f2dd387f0&userId=1950366a-2aab-4250-ba0a-377f4ad05660
	at java.base/java.util.concurrent.FutureTask.report(FutureTask.java:122)
	at java.base/java.util.concurrent.FutureTask.get(FutureTask.java:191)
	at tourGuide.service.RewardsService.lambda$calculateRewardsMultiThread$2(RewardsService.java:108)
	at java.base/java.util.ArrayList$ArrayListSpliterator.forEachRemaining(ArrayList.java:1655)
	at java.base/java.util.stream.ReferencePipeline$Head.forEach(ReferencePipeline.java:658)
	at tourGuide.service.RewardsService.calculateRewardsMultiThread(RewardsService.java:106)
	at tourGuide.performance.PerformanceTest.highVolumeGetRewards(PerformanceTest.java:122)
	at java.base/jdk.internal.reflect.NativeMethodAccessorImpl.invoke0(Native Method)
	at java.base/jdk.internal.reflect.NativeMethodAccessorImpl.invoke(NativeMethodAccessorImpl.java:62)
	at java.base/jdk.internal.reflect.DelegatingMethodAccessorImpl.invoke(DelegatingMethodAccessorImpl.java:43)
	at java.base/java.lang.reflect.Method.invoke(Method.java:566)
	at org.junit.platform.commons.util.ReflectionUtils.invokeMethod(ReflectionUtils.java:688)
	at org.junit.jupiter.engine.execution.ExecutableInvoker.invoke(ExecutableInvoker.java:115)
	at org.junit.jupiter.engine.descriptor.TestMethodTestDescriptor.lambda$invokeTestMethod$6(TestMethodTestDescriptor.java:171)
	at org.junit.platform.engine.support.hierarchical.ThrowableCollector.execute(ThrowableCollector.java:73)
	at org.junit.jupiter.engine.descriptor.TestMethodTestDescriptor.invokeTestMethod(TestMethodTestDescriptor.java:167)
	at org.junit.jupiter.engine.descriptor.TestMethodTestDescriptor.execute(TestMethodTestDescriptor.java:114)
	at org.junit.jupiter.engine.descriptor.TestMethodTestDescriptor.execute(TestMethodTestDescriptor.java:59)
	at org.junit.platform.engine.support.hierarchical.NodeTestTask.lambda$executeRecursively$5(NodeTestTask.java:139)
	at org.junit.platform.engine.support.hierarchical.ThrowableCollector.execute(ThrowableCollector.java:73)
	at org.junit.platform.engine.support.hierarchical.NodeTestTask.lambda$executeRecursively$7(NodeTestTask.java:129)
	at org.junit.platform.engine.support.hierarchical.Node.around(Node.java:137)
	at org.junit.platform.engine.support.hierarchical.NodeTestTask.lambda$executeRecursively$8(NodeTestTask.java:127)
	at org.junit.platform.engine.support.hierarchical.ThrowableCollector.execute(ThrowableCollector.java:73)
	at org.junit.platform.engine.support.hierarchical.NodeTestTask.executeRecursively(NodeTestTask.java:126)
	at org.junit.platform.engine.support.hierarchical.NodeTestTask.execute(NodeTestTask.java:84)
	at java.base/java.util.ArrayList.forEach(ArrayList.java:1541)
	at org.junit.platform.engine.support.hierarchical.SameThreadHierarchicalTestExecutorService.invokeAll(SameThreadHierarchicalTestExecutorService.java:38)
	at org.junit.platform.engine.support.hierarchical.NodeTestTask.lambda$executeRecursively$5(NodeTestTask.java:143)
	at org.junit.platform.engine.support.hierarchical.ThrowableCollector.execute(ThrowableCollector.java:73)
	at org.junit.platform.engine.support.hierarchical.NodeTestTask.lambda$executeRecursively$7(NodeTestTask.java:129)
	at org.junit.platform.engine.support.hierarchical.Node.around(Node.java:137)
	at org.junit.platform.engine.support.hierarchical.NodeTestTask.lambda$executeRecursively$8(NodeTestTask.java:127)
	at org.junit.platform.engine.support.hierarchical.ThrowableCollector.execute(ThrowableCollector.java:73)
	at org.junit.platform.engine.support.hierarchical.NodeTestTask.executeRecursively(NodeTestTask.java:126)
	at org.junit.platform.engine.support.hierarchical.NodeTestTask.execute(NodeTestTask.java:84)
	at java.base/java.util.ArrayList.forEach(ArrayList.java:1541)
	at org.junit.platform.engine.support.hierarchical.SameThreadHierarchicalTestExecutorService.invokeAll(SameThreadHierarchicalTestExecutorService.java:38)
	at org.junit.platform.engine.support.hierarchical.NodeTestTask.lambda$executeRecursively$5(NodeTestTask.java:143)
	at org.junit.platform.engine.support.hierarchical.ThrowableCollector.execute(ThrowableCollector.java:73)
	at org.junit.platform.engine.support.hierarchical.NodeTestTask.lambda$executeRecursively$7(NodeTestTask.java:129)
	at org.junit.platform.engine.support.hierarchical.Node.around(Node.java:137)
	at org.junit.platform.engine.support.hierarchical.NodeTestTask.lambda$executeRecursively$8(NodeTestTask.java:127)
	at org.junit.platform.engine.support.hierarchical.ThrowableCollector.execute(ThrowableCollector.java:73)
	at org.junit.platform.engine.support.hierarchical.NodeTestTask.executeRecursively(NodeTestTask.java:126)
	at org.junit.platform.engine.support.hierarchical.NodeTestTask.execute(NodeTestTask.java:84)
	at org.junit.platform.engine.support.hierarchical.SameThreadHierarchicalTestExecutorService.submit(SameThreadHierarchicalTestExecutorService.java:32)
	at org.junit.platform.engine.support.hierarchical.HierarchicalTestExecutor.execute(HierarchicalTestExecutor.java:57)
	at org.junit.platform.engine.support.hierarchical.HierarchicalTestEngine.execute(HierarchicalTestEngine.java:51)
	at org.junit.platform.launcher.core.EngineExecutionOrchestrator.execute(EngineExecutionOrchestrator.java:108)
	at org.junit.platform.launcher.core.EngineExecutionOrchestrator.execute(EngineExecutionOrchestrator.java:88)
	at org.junit.platform.launcher.core.EngineExecutionOrchestrator.lambda$execute$0(EngineExecutionOrchestrator.java:54)
	at org.junit.platform.launcher.core.EngineExecutionOrchestrator.withInterceptedStreams(EngineExecutionOrchestrator.java:67)
	at org.junit.platform.launcher.core.EngineExecutionOrchestrator.execute(EngineExecutionOrchestrator.java:52)
	at org.junit.platform.launcher.core.DefaultLauncher.execute(DefaultLauncher.java:96)
	at org.junit.platform.launcher.core.DefaultLauncher.execute(DefaultLauncher.java:75)
	at org.gradle.api.internal.tasks.testing.junitplatform.JUnitPlatformTestClassProcessor$CollectAllTestClassesExecutor.processAllTestClasses(JUnitPlatformTestClassProcessor.java:99)
	at org.gradle.api.internal.tasks.testing.junitplatform.JUnitPlatformTestClassProcessor$CollectAllTestClassesExecutor.access$000(JUnitPlatformTestClassProcessor.java:79)
	at org.gradle.api.internal.tasks.testing.junitplatform.JUnitPlatformTestClassProcessor.stop(JUnitPlatformTestClassProcessor.java:75)
	at org.gradle.api.internal.tasks.testing.SuiteTestClassProcessor.stop(SuiteTestClassProcessor.java:61)
	at java.base/jdk.internal.reflect.NativeMethodAccessorImpl.invoke0(Native Method)
	at java.base/jdk.internal.reflect.NativeMethodAccessorImpl.invoke(NativeMethodAccessorImpl.java:62)
	at java.base/jdk.internal.reflect.DelegatingMethodAccessorImpl.invoke(DelegatingMethodAccessorImpl.java:43)
	at java.base/java.lang.reflect.Method.invoke(Method.java:566)
	at org.gradle.internal.dispatch.ReflectionDispatch.dispatch(ReflectionDispatch.java:36)
	at org.gradle.internal.dispatch.ReflectionDispatch.dispatch(ReflectionDispatch.java:24)
	at org.gradle.internal.dispatch.ContextClassLoaderDispatch.dispatch(ContextClassLoaderDispatch.java:33)
	at org.gradle.internal.dispatch.ProxyDispatchAdapter$DispatchingInvocationHandler.invoke(ProxyDispatchAdapter.java:94)
	at com.sun.proxy.$Proxy5.stop(Unknown Source)
	at org.gradle.api.internal.tasks.testing.worker.TestWorker$3.run(TestWorker.java:193)
	at org.gradle.api.internal.tasks.testing.worker.TestWorker.executeAndMaintainThreadName(TestWorker.java:129)
	at org.gradle.api.internal.tasks.testing.worker.TestWorker.execute(TestWorker.java:100)
	at org.gradle.api.internal.tasks.testing.worker.TestWorker.execute(TestWorker.java:60)
	at org.gradle.process.internal.worker.child.ActionExecutionWorker.execute(ActionExecutionWorker.java:56)
	at org.gradle.process.internal.worker.child.SystemApplicationClassLoaderWorker.call(SystemApplicationClassLoaderWorker.java:133)
	at org.gradle.process.internal.worker.child.SystemApplicationClassLoaderWorker.call(SystemApplicationClassLoaderWorker.java:71)
	at worker.org.gradle.process.internal.worker.GradleWorkerMain.run(GradleWorkerMain.java:69)
	at worker.org.gradle.process.internal.worker.GradleWorkerMain.main(GradleWorkerMain.java:74)
Caused by: feign.RetryableException: Connection refused: connect executing GET http://localhost:8082/getAttractionRewardPoints?attractionId=4ac4d30b-f51d-44d5-a556-a18f2dd387f0&userId=1950366a-2aab-4250-ba0a-377f4ad05660
	at feign.FeignException.errorExecuting(FeignException.java:249)
	at feign.SynchronousMethodHandler.executeAndDecode(SynchronousMethodHandler.java:129)
	at feign.SynchronousMethodHandler.invoke(SynchronousMethodHandler.java:89)
	at feign.ReflectiveFeign$FeignInvocationHandler.invoke(ReflectiveFeign.java:100)
	at com.sun.proxy.$Proxy129.getAttractionRewardPoints(Unknown Source)
	at tourGuide.service.RewardsService.getRewardPoints(RewardsService.java:128)
	at tourGuide.service.RewardsService.lambda$calculateRewardsMultiThread$1(RewardsService.java:95)
	at java.base/java.util.concurrent.Executors$RunnableAdapter.call(Executors.java:515)
	at java.base/java.util.concurrent.FutureTask.run(FutureTask.java:264)
	at java.base/java.util.concurrent.ThreadPoolExecutor.runWorker(ThreadPoolExecutor.java:1128)
	at java.base/java.util.concurrent.ThreadPoolExecutor$Worker.run(ThreadPoolExecutor.java:628)
	at java.base/java.lang.Thread.run(Thread.java:829)
Caused by: java.net.ConnectException: Connection refused: connect
	at java.base/java.net.PlainSocketImpl.waitForConnect(Native Method)
	at java.base/java.net.PlainSocketImpl.socketConnect(PlainSocketImpl.java:107)
	at java.base/java.net.AbstractPlainSocketImpl.doConnect(AbstractPlainSocketImpl.java:399)
	at java.base/java.net.AbstractPlainSocketImpl.connectToAddress(AbstractPlainSocketImpl.java:242)
	at java.base/java.net.AbstractPlainSocketImpl.connect(AbstractPlainSocketImpl.java:224)
	at java.base/java.net.Socket.connect(Socket.java:609)
	at java.base/sun.net.NetworkClient.doConnect(NetworkClient.java:177)
	at java.base/sun.net.www.http.HttpClient.openServer(HttpClient.java:474)
	at java.base/sun.net.www.http.HttpClient.openServer(HttpClient.java:569)
	at java.base/sun.net.www.http.HttpClient.<init>(HttpClient.java:242)
	at java.base/sun.net.www.http.HttpClient.New(HttpClient.java:341)
	at java.base/sun.net.www.http.HttpClient.New(HttpClient.java:362)
	at java.base/sun.net.www.protocol.http.HttpURLConnection.getNewHttpClient(HttpURLConnection.java:1253)
	at java.base/sun.net.www.protocol.http.HttpURLConnection.plainConnect0(HttpURLConnection.java:1187)
	at java.base/sun.net.www.protocol.http.HttpURLConnection.plainConnect(HttpURLConnection.java:1081)
	at java.base/sun.net.www.protocol.http.HttpURLConnection.connect(HttpURLConnection.java:1015)
	at java.base/sun.net.www.protocol.http.HttpURLConnection.getInputStream0(HttpURLConnection.java:1592)
	at java.base/sun.net.www.protocol.http.HttpURLConnection.getInputStream(HttpURLConnection.java:1520)
	at java.base/java.net.HttpURLConnection.getResponseCode(HttpURLConnection.java:527)
	at feign.Client$Default.convertResponse(Client.java:108)
	at feign.Client$Default.execute(Client.java:104)
	at feign.SynchronousMethodHandler.executeAndDecode(SynchronousMethodHandler.java:119)
	... 10 more
java.util.concurrent.ExecutionException: feign.RetryableException: Connection refused: connect executing GET http://localhost:8082/getAttractionRewardPoints?attractionId=4ac4d30b-f51d-44d5-a556-a18f2dd387f0&userId=5a00405c-4f17-45a7-adf4-849ed91b3a3c
	at java.base/java.util.concurrent.FutureTask.report(FutureTask.java:122)
	at java.base/java.util.concurrent.FutureTask.get(FutureTask.java:191)
	at tourGuide.service.RewardsService.lambda$calculateRewardsMultiThread$2(RewardsService.java:108)
	at java.base/java.util.ArrayList$ArrayListSpliterator.forEachRemaining(ArrayList.java:1655)
	at java.base/java.util.stream.ReferencePipeline$Head.forEach(ReferencePipeline.java:658)
	at tourGuide.service.RewardsService.calculateRewardsMultiThread(RewardsService.java:106)
	at tourGuide.performance.PerformanceTest.highVolumeGetRewards(PerformanceTest.java:122)
	at java.base/jdk.internal.reflect.NativeMethodAccessorImpl.invoke0(Native Method)
	at java.base/jdk.internal.reflect.NativeMethodAccessorImpl.invoke(NativeMethodAccessorImpl.java:62)
	at java.base/jdk.internal.reflect.DelegatingMethodAccessorImpl.invoke(DelegatingMethodAccessorImpl.java:43)
	at java.base/java.lang.reflect.Method.invoke(Method.java:566)
	at org.junit.platform.commons.util.ReflectionUtils.invokeMethod(ReflectionUtils.java:688)
	at org.junit.jupiter.engine.execution.ExecutableInvoker.invoke(ExecutableInvoker.java:115)
	at org.junit.jupiter.engine.descriptor.TestMethodTestDescriptor.lambda$invokeTestMethod$6(TestMethodTestDescriptor.java:171)
	at org.junit.platform.engine.support.hierarchical.ThrowableCollector.execute(ThrowableCollector.java:73)
	at org.junit.jupiter.engine.descriptor.TestMethodTestDescriptor.invokeTestMethod(TestMethodTestDescriptor.java:167)
	at org.junit.jupiter.engine.descriptor.TestMethodTestDescriptor.execute(TestMethodTestDescriptor.java:114)
	at org.junit.jupiter.engine.descriptor.TestMethodTestDescriptor.execute(TestMethodTestDescriptor.java:59)
	at org.junit.platform.engine.support.hierarchical.NodeTestTask.lambda$executeRecursively$5(NodeTestTask.java:139)
	at org.junit.platform.engine.support.hierarchical.ThrowableCollector.execute(ThrowableCollector.java:73)
	at org.junit.platform.engine.support.hierarchical.NodeTestTask.lambda$executeRecursively$7(NodeTestTask.java:129)
	at org.junit.platform.engine.support.hierarchical.Node.around(Node.java:137)
	at org.junit.platform.engine.support.hierarchical.NodeTestTask.lambda$executeRecursively$8(NodeTestTask.java:127)
	at org.junit.platform.engine.support.hierarchical.ThrowableCollector.execute(ThrowableCollector.java:73)
	at org.junit.platform.engine.support.hierarchical.NodeTestTask.executeRecursively(NodeTestTask.java:126)
	at org.junit.platform.engine.support.hierarchical.NodeTestTask.execute(NodeTestTask.java:84)
	at java.base/java.util.ArrayList.forEach(ArrayList.java:1541)
	at org.junit.platform.engine.support.hierarchical.SameThreadHierarchicalTestExecutorService.invokeAll(SameThreadHierarchicalTestExecutorService.java:38)
	at org.junit.platform.engine.support.hierarchical.NodeTestTask.lambda$executeRecursively$5(NodeTestTask.java:143)
	at org.junit.platform.engine.support.hierarchical.ThrowableCollector.execute(ThrowableCollector.java:73)
	at org.junit.platform.engine.support.hierarchical.NodeTestTask.lambda$executeRecursively$7(NodeTestTask.java:129)
	at org.junit.platform.engine.support.hierarchical.Node.around(Node.java:137)
	at org.junit.platform.engine.support.hierarchical.NodeTestTask.lambda$executeRecursively$8(NodeTestTask.java:127)
	at org.junit.platform.engine.support.hierarchical.ThrowableCollector.execute(ThrowableCollector.java:73)
	at org.junit.platform.engine.support.hierarchical.NodeTestTask.executeRecursively(NodeTestTask.java:126)
	at org.junit.platform.engine.support.hierarchical.NodeTestTask.execute(NodeTestTask.java:84)
	at java.base/java.util.ArrayList.forEach(ArrayList.java:1541)
	at org.junit.platform.engine.support.hierarchical.SameThreadHierarchicalTestExecutorService.invokeAll(SameThreadHierarchicalTestExecutorService.java:38)
	at org.junit.platform.engine.support.hierarchical.NodeTestTask.lambda$executeRecursively$5(NodeTestTask.java:143)
	at org.junit.platform.engine.support.hierarchical.ThrowableCollector.execute(ThrowableCollector.java:73)
	at org.junit.platform.engine.support.hierarchical.NodeTestTask.lambda$executeRecursively$7(NodeTestTask.java:129)
	at org.junit.platform.engine.support.hierarchical.Node.around(Node.java:137)
	at org.junit.platform.engine.support.hierarchical.NodeTestTask.lambda$executeRecursively$8(NodeTestTask.java:127)
	at org.junit.platform.engine.support.hierarchical.ThrowableCollector.execute(ThrowableCollector.java:73)
	at org.junit.platform.engine.support.hierarchical.NodeTestTask.executeRecursively(NodeTestTask.java:126)
	at org.junit.platform.engine.support.hierarchical.NodeTestTask.execute(NodeTestTask.java:84)
	at org.junit.platform.engine.support.hierarchical.SameThreadHierarchicalTestExecutorService.submit(SameThreadHierarchicalTestExecutorService.java:32)
	at org.junit.platform.engine.support.hierarchical.HierarchicalTestExecutor.execute(HierarchicalTestExecutor.java:57)
	at org.junit.platform.engine.support.hierarchical.HierarchicalTestEngine.execute(HierarchicalTestEngine.java:51)
	at org.junit.platform.launcher.core.EngineExecutionOrchestrator.execute(EngineExecutionOrchestrator.java:108)
	at org.junit.platform.launcher.core.EngineExecutionOrchestrator.execute(EngineExecutionOrchestrator.java:88)
	at org.junit.platform.launcher.core.EngineExecutionOrchestrator.lambda$execute$0(EngineExecutionOrchestrator.java:54)
	at org.junit.platform.launcher.core.EngineExecutionOrchestrator.withInterceptedStreams(EngineExecutionOrchestrator.java:67)
	at org.junit.platform.launcher.core.EngineExecutionOrchestrator.execute(EngineExecutionOrchestrator.java:52)
	at org.junit.platform.launcher.core.DefaultLauncher.execute(DefaultLauncher.java:96)
	at org.junit.platform.launcher.core.DefaultLauncher.execute(DefaultLauncher.java:75)
	at org.gradle.api.internal.tasks.testing.junitplatform.JUnitPlatformTestClassProcessor$CollectAllTestClassesExecutor.processAllTestClasses(JUnitPlatformTestClassProcessor.java:99)
	at org.gradle.api.internal.tasks.testing.junitplatform.JUnitPlatformTestClassProcessor$CollectAllTestClassesExecutor.access$000(JUnitPlatformTestClassProcessor.java:79)
	at org.gradle.api.internal.tasks.testing.junitplatform.JUnitPlatformTestClassProcessor.stop(JUnitPlatformTestClassProcessor.java:75)
	at org.gradle.api.internal.tasks.testing.SuiteTestClassProcessor.stop(SuiteTestClassProcessor.java:61)
	at java.base/jdk.internal.reflect.NativeMethodAccessorImpl.invoke0(Native Method)
	at java.base/jdk.internal.reflect.NativeMethodAccessorImpl.invoke(NativeMethodAccessorImpl.java:62)
	at java.base/jdk.internal.reflect.DelegatingMethodAccessorImpl.invoke(DelegatingMethodAccessorImpl.java:43)
	at java.base/java.lang.reflect.Method.invoke(Method.java:566)
	at org.gradle.internal.dispatch.ReflectionDispatch.dispatch(ReflectionDispatch.java:36)
	at org.gradle.internal.dispatch.ReflectionDispatch.dispatch(ReflectionDispatch.java:24)
	at org.gradle.internal.dispatch.ContextClassLoaderDispatch.dispatch(ContextClassLoaderDispatch.java:33)
	at org.gradle.internal.dispatch.ProxyDispatchAdapter$DispatchingInvocationHandler.invoke(ProxyDispatchAdapter.java:94)
	at com.sun.proxy.$Proxy5.stop(Unknown Source)
	at org.gradle.api.internal.tasks.testing.worker.TestWorker$3.run(TestWorker.java:193)
	at org.gradle.api.internal.tasks.testing.worker.TestWorker.executeAndMaintainThreadName(TestWorker.java:129)
	at org.gradle.api.internal.tasks.testing.worker.TestWorker.execute(TestWorker.java:100)
	at org.gradle.api.internal.tasks.testing.worker.TestWorker.execute(TestWorker.java:60)
	at org.gradle.process.internal.worker.child.ActionExecutionWorker.execute(ActionExecutionWorker.java:56)
	at org.gradle.process.internal.worker.child.SystemApplicationClassLoaderWorker.call(SystemApplicationClassLoaderWorker.java:133)
	at org.gradle.process.internal.worker.child.SystemApplicationClassLoaderWorker.call(SystemApplicationClassLoaderWorker.java:71)
	at worker.org.gradle.process.internal.worker.GradleWorkerMain.run(GradleWorkerMain.java:69)
	at worker.org.gradle.process.internal.worker.GradleWorkerMain.main(GradleWorkerMain.java:74)
Caused by: feign.RetryableException: Connection refused: connect executing GET http://localhost:8082/getAttractionRewardPoints?attractionId=4ac4d30b-f51d-44d5-a556-a18f2dd387f0&userId=5a00405c-4f17-45a7-adf4-849ed91b3a3c
	at feign.FeignException.errorExecuting(FeignException.java:249)
	at feign.SynchronousMethodHandler.executeAndDecode(SynchronousMethodHandler.java:129)
	at feign.SynchronousMethodHandler.invoke(SynchronousMethodHandler.java:89)
	at feign.ReflectiveFeign$FeignInvocationHandler.invoke(ReflectiveFeign.java:100)
	at com.sun.proxy.$Proxy129.getAttractionRewardPoints(Unknown Source)
	at tourGuide.service.RewardsService.getRewardPoints(RewardsService.java:128)
	at tourGuide.service.RewardsService.lambda$calculateRewardsMultiThread$1(RewardsService.java:95)
	at java.base/java.util.concurrent.Executors$RunnableAdapter.call(Executors.java:515)
	at java.base/java.util.concurrent.FutureTask.run(FutureTask.java:264)
	at java.base/java.util.concurrent.ThreadPoolExecutor.runWorker(ThreadPoolExecutor.java:1128)
	at java.base/java.util.concurrent.ThreadPoolExecutor$Worker.run(ThreadPoolExecutor.java:628)
	at java.base/java.lang.Thread.run(Thread.java:829)
Caused by: java.net.ConnectException: Connection refused: connect
	at java.base/java.net.PlainSocketImpl.waitForConnect(Native Method)
	at java.base/java.net.PlainSocketImpl.socketConnect(PlainSocketImpl.java:107)
	at java.base/java.net.AbstractPlainSocketImpl.doConnect(AbstractPlainSocketImpl.java:399)
	at java.base/java.net.AbstractPlainSocketImpl.connectToAddress(AbstractPlainSocketImpl.java:242)
	at java.base/java.net.AbstractPlainSocketImpl.connect(AbstractPlainSocketImpl.java:224)
	at java.base/java.net.Socket.connect(Socket.java:609)
	at java.base/sun.net.NetworkClient.doConnect(NetworkClient.java:177)
	at java.base/sun.net.www.http.HttpClient.openServer(HttpClient.java:474)
	at java.base/sun.net.www.http.HttpClient.openServer(HttpClient.java:569)
	at java.base/sun.net.www.http.HttpClient.<init>(HttpClient.java:242)
	at java.base/sun.net.www.http.HttpClient.New(HttpClient.java:341)
	at java.base/sun.net.www.http.HttpClient.New(HttpClient.java:362)
	at java.base/sun.net.www.protocol.http.HttpURLConnection.getNewHttpClient(HttpURLConnection.java:1253)
	at java.base/sun.net.www.protocol.http.HttpURLConnection.plainConnect0(HttpURLConnection.java:1187)
	at java.base/sun.net.www.protocol.http.HttpURLConnection.plainConnect(HttpURLConnection.java:1081)
	at java.base/sun.net.www.protocol.http.HttpURLConnection.connect(HttpURLConnection.java:1015)
	at java.base/sun.net.www.protocol.http.HttpURLConnection.getInputStream0(HttpURLConnection.java:1592)
	at java.base/sun.net.www.protocol.http.HttpURLConnection.getInputStream(HttpURLConnection.java:1520)
	at java.base/java.net.HttpURLConnection.getResponseCode(HttpURLConnection.java:527)
	at feign.Client$Default.convertResponse(Client.java:108)
	at feign.Client$Default.execute(Client.java:104)
	at feign.SynchronousMethodHandler.executeAndDecode(SynchronousMethodHandler.java:119)
	... 10 more
java.util.concurrent.ExecutionException: feign.RetryableException: Connection refused: connect executing GET http://localhost:8082/getAttractionRewardPoints?attractionId=4ac4d30b-f51d-44d5-a556-a18f2dd387f0&userId=c85ee0d7-cabb-46f5-ae0a-693acbbe5534
	at java.base/java.util.concurrent.FutureTask.report(FutureTask.java:122)
	at java.base/java.util.concurrent.FutureTask.get(FutureTask.java:191)
	at tourGuide.service.RewardsService.lambda$calculateRewardsMultiThread$2(RewardsService.java:108)
	at java.base/java.util.ArrayList$ArrayListSpliterator.forEachRemaining(ArrayList.java:1655)
	at java.base/java.util.stream.ReferencePipeline$Head.forEach(ReferencePipeline.java:658)
	at tourGuide.service.RewardsService.calculateRewardsMultiThread(RewardsService.java:106)
	at tourGuide.performance.PerformanceTest.highVolumeGetRewards(PerformanceTest.java:122)
	at java.base/jdk.internal.reflect.NativeMethodAccessorImpl.invoke0(Native Method)
	at java.base/jdk.internal.reflect.NativeMethodAccessorImpl.invoke(NativeMethodAccessorImpl.java:62)
	at java.base/jdk.internal.reflect.DelegatingMethodAccessorImpl.invoke(DelegatingMethodAccessorImpl.java:43)
	at java.base/java.lang.reflect.Method.invoke(Method.java:566)
	at org.junit.platform.commons.util.ReflectionUtils.invokeMethod(ReflectionUtils.java:688)
	at org.junit.jupiter.engine.execution.ExecutableInvoker.invoke(ExecutableInvoker.java:115)
	at org.junit.jupiter.engine.descriptor.TestMethodTestDescriptor.lambda$invokeTestMethod$6(TestMethodTestDescriptor.java:171)
	at org.junit.platform.engine.support.hierarchical.ThrowableCollector.execute(ThrowableCollector.java:73)
	at org.junit.jupiter.engine.descriptor.TestMethodTestDescriptor.invokeTestMethod(TestMethodTestDescriptor.java:167)
	at org.junit.jupiter.engine.descriptor.TestMethodTestDescriptor.execute(TestMethodTestDescriptor.java:114)
	at org.junit.jupiter.engine.descriptor.TestMethodTestDescriptor.execute(TestMethodTestDescriptor.java:59)
	at org.junit.platform.engine.support.hierarchical.NodeTestTask.lambda$executeRecursively$5(NodeTestTask.java:139)
	at org.junit.platform.engine.support.hierarchical.ThrowableCollector.execute(ThrowableCollector.java:73)
	at org.junit.platform.engine.support.hierarchical.NodeTestTask.lambda$executeRecursively$7(NodeTestTask.java:129)
	at org.junit.platform.engine.support.hierarchical.Node.around(Node.java:137)
	at org.junit.platform.engine.support.hierarchical.NodeTestTask.lambda$executeRecursively$8(NodeTestTask.java:127)
	at org.junit.platform.engine.support.hierarchical.ThrowableCollector.execute(ThrowableCollector.java:73)
	at org.junit.platform.engine.support.hierarchical.NodeTestTask.executeRecursively(NodeTestTask.java:126)
	at org.junit.platform.engine.support.hierarchical.NodeTestTask.execute(NodeTestTask.java:84)
	at java.base/java.util.ArrayList.forEach(ArrayList.java:1541)
	at org.junit.platform.engine.support.hierarchical.SameThreadHierarchicalTestExecutorService.invokeAll(SameThreadHierarchicalTestExecutorService.java:38)
	at org.junit.platform.engine.support.hierarchical.NodeTestTask.lambda$executeRecursively$5(NodeTestTask.java:143)
	at org.junit.platform.engine.support.hierarchical.ThrowableCollector.execute(ThrowableCollector.java:73)
	at org.junit.platform.engine.support.hierarchical.NodeTestTask.lambda$executeRecursively$7(NodeTestTask.java:129)
	at org.junit.platform.engine.support.hierarchical.Node.around(Node.java:137)
	at org.junit.platform.engine.support.hierarchical.NodeTestTask.lambda$executeRecursively$8(NodeTestTask.java:127)
	at org.junit.platform.engine.support.hierarchical.ThrowableCollector.execute(ThrowableCollector.java:73)
	at org.junit.platform.engine.support.hierarchical.NodeTestTask.executeRecursively(NodeTestTask.java:126)
	at org.junit.platform.engine.support.hierarchical.NodeTestTask.execute(NodeTestTask.java:84)
	at java.base/java.util.ArrayList.forEach(ArrayList.java:1541)
	at org.junit.platform.engine.support.hierarchical.SameThreadHierarchicalTestExecutorService.invokeAll(SameThreadHierarchicalTestExecutorService.java:38)
	at org.junit.platform.engine.support.hierarchical.NodeTestTask.lambda$executeRecursively$5(NodeTestTask.java:143)
	at org.junit.platform.engine.support.hierarchical.ThrowableCollector.execute(ThrowableCollector.java:73)
	at org.junit.platform.engine.support.hierarchical.NodeTestTask.lambda$executeRecursively$7(NodeTestTask.java:129)
	at org.junit.platform.engine.support.hierarchical.Node.around(Node.java:137)
	at org.junit.platform.engine.support.hierarchical.NodeTestTask.lambda$executeRecursively$8(NodeTestTask.java:127)
	at org.junit.platform.engine.support.hierarchical.ThrowableCollector.execute(ThrowableCollector.java:73)
	at org.junit.platform.engine.support.hierarchical.NodeTestTask.executeRecursively(NodeTestTask.java:126)
	at org.junit.platform.engine.support.hierarchical.NodeTestTask.execute(NodeTestTask.java:84)
	at org.junit.platform.engine.support.hierarchical.SameThreadHierarchicalTestExecutorService.submit(SameThreadHierarchicalTestExecutorService.java:32)
	at org.junit.platform.engine.support.hierarchical.HierarchicalTestExecutor.execute(HierarchicalTestExecutor.java:57)
	at org.junit.platform.engine.support.hierarchical.HierarchicalTestEngine.execute(HierarchicalTestEngine.java:51)
	at org.junit.platform.launcher.core.EngineExecutionOrchestrator.execute(EngineExecutionOrchestrator.java:108)
	at org.junit.platform.launcher.core.EngineExecutionOrchestrator.execute(EngineExecutionOrchestrator.java:88)
	at org.junit.platform.launcher.core.EngineExecutionOrchestrator.lambda$execute$0(EngineExecutionOrchestrator.java:54)
	at org.junit.platform.launcher.core.EngineExecutionOrchestrator.withInterceptedStreams(EngineExecutionOrchestrator.java:67)
	at org.junit.platform.launcher.core.EngineExecutionOrchestrator.execute(EngineExecutionOrchestrator.java:52)
	at org.junit.platform.launcher.core.DefaultLauncher.execute(DefaultLauncher.java:96)
	at org.junit.platform.launcher.core.DefaultLauncher.execute(DefaultLauncher.java:75)
	at org.gradle.api.internal.tasks.testing.junitplatform.JUnitPlatformTestClassProcessor$CollectAllTestClassesExecutor.processAllTestClasses(JUnitPlatformTestClassProcessor.java:99)
	at org.gradle.api.internal.tasks.testing.junitplatform.JUnitPlatformTestClassProcessor$CollectAllTestClassesExecutor.access$000(JUnitPlatformTestClassProcessor.java:79)
	at org.gradle.api.internal.tasks.testing.junitplatform.JUnitPlatformTestClassProcessor.stop(JUnitPlatformTestClassProcessor.java:75)
	at org.gradle.api.internal.tasks.testing.SuiteTestClassProcessor.stop(SuiteTestClassProcessor.java:61)
	at java.base/jdk.internal.reflect.NativeMethodAccessorImpl.invoke0(Native Method)
	at java.base/jdk.internal.reflect.NativeMethodAccessorImpl.invoke(NativeMethodAccessorImpl.java:62)
	at java.base/jdk.internal.reflect.DelegatingMethodAccessorImpl.invoke(DelegatingMethodAccessorImpl.java:43)
	at java.base/java.lang.reflect.Method.invoke(Method.java:566)
	at org.gradle.internal.dispatch.ReflectionDispatch.dispatch(ReflectionDispatch.java:36)
	at org.gradle.internal.dispatch.ReflectionDispatch.dispatch(ReflectionDispatch.java:24)
	at org.gradle.internal.dispatch.ContextClassLoaderDispatch.dispatch(ContextClassLoaderDispatch.java:33)
	at org.gradle.internal.dispatch.ProxyDispatchAdapter$DispatchingInvocationHandler.invoke(ProxyDispatchAdapter.java:94)
	at com.sun.proxy.$Proxy5.stop(Unknown Source)
	at org.gradle.api.internal.tasks.testing.worker.TestWorker$3.run(TestWorker.java:193)
	at org.gradle.api.internal.tasks.testing.worker.TestWorker.executeAndMaintainThreadName(TestWorker.java:129)
	at org.gradle.api.internal.tasks.testing.worker.TestWorker.execute(TestWorker.java:100)
	at org.gradle.api.internal.tasks.testing.worker.TestWorker.execute(TestWorker.java:60)
	at org.gradle.process.internal.worker.child.ActionExecutionWorker.execute(ActionExecutionWorker.java:56)
	at org.gradle.process.internal.worker.child.SystemApplicationClassLoaderWorker.call(SystemApplicationClassLoaderWorker.java:133)
	at org.gradle.process.internal.worker.child.SystemApplicationClassLoaderWorker.call(SystemApplicationClassLoaderWorker.java:71)
	at worker.org.gradle.process.internal.worker.GradleWorkerMain.run(GradleWorkerMain.java:69)
	at worker.org.gradle.process.internal.worker.GradleWorkerMain.main(GradleWorkerMain.java:74)
Caused by: feign.RetryableException: Connection refused: connect executing GET http://localhost:8082/getAttractionRewardPoints?attractionId=4ac4d30b-f51d-44d5-a556-a18f2dd387f0&userId=c85ee0d7-cabb-46f5-ae0a-693acbbe5534
	at feign.FeignException.errorExecuting(FeignException.java:249)
	at feign.SynchronousMethodHandler.executeAndDecode(SynchronousMethodHandler.java:129)
	at feign.SynchronousMethodHandler.invoke(SynchronousMethodHandler.java:89)
	at feign.ReflectiveFeign$FeignInvocationHandler.invoke(ReflectiveFeign.java:100)
	at com.sun.proxy.$Proxy129.getAttractionRewardPoints(Unknown Source)
	at tourGuide.service.RewardsService.getRewardPoints(RewardsService.java:128)
	at tourGuide.service.RewardsService.lambda$calculateRewardsMultiThread$1(RewardsService.java:95)
	at java.base/java.util.concurrent.Executors$RunnableAdapter.call(Executors.java:515)
	at java.base/java.util.concurrent.FutureTask.run(FutureTask.java:264)
	at java.base/java.util.concurrent.ThreadPoolExecutor.runWorker(ThreadPoolExecutor.java:1128)
	at java.base/java.util.concurrent.ThreadPoolExecutor$Worker.run(ThreadPoolExecutor.java:628)
	at java.base/java.lang.Thread.run(Thread.java:829)
Caused by: java.net.ConnectException: Connection refused: connect
	at java.base/java.net.PlainSocketImpl.waitForConnect(Native Method)
	at java.base/java.net.PlainSocketImpl.socketConnect(PlainSocketImpl.java:107)
	at java.base/java.net.AbstractPlainSocketImpl.doConnect(AbstractPlainSocketImpl.java:399)
	at java.base/java.net.AbstractPlainSocketImpl.connectToAddress(AbstractPlainSocketImpl.java:242)
	at java.base/java.net.AbstractPlainSocketImpl.connect(AbstractPlainSocketImpl.java:224)
	at java.base/java.net.Socket.connect(Socket.java:609)
	at java.base/sun.net.NetworkClient.doConnect(NetworkClient.java:177)
	at java.base/sun.net.www.http.HttpClient.openServer(HttpClient.java:474)
	at java.base/sun.net.www.http.HttpClient.openServer(HttpClient.java:569)
	at java.base/sun.net.www.http.HttpClient.<init>(HttpClient.java:242)
	at java.base/sun.net.www.http.HttpClient.New(HttpClient.java:341)
	at java.base/sun.net.www.http.HttpClient.New(HttpClient.java:362)
	at java.base/sun.net.www.protocol.http.HttpURLConnection.getNewHttpClient(HttpURLConnection.java:1253)
	at java.base/sun.net.www.protocol.http.HttpURLConnection.plainConnect0(HttpURLConnection.java:1187)
	at java.base/sun.net.www.protocol.http.HttpURLConnection.plainConnect(HttpURLConnection.java:1081)
	at java.base/sun.net.www.protocol.http.HttpURLConnection.connect(HttpURLConnection.java:1015)
	at java.base/sun.net.www.protocol.http.HttpURLConnection.getInputStream0(HttpURLConnection.java:1592)
	at java.base/sun.net.www.protocol.http.HttpURLConnection.getInputStream(HttpURLConnection.java:1520)
	at java.base/java.net.HttpURLConnection.getResponseCode(HttpURLConnection.java:527)
	at feign.Client$Default.convertResponse(Client.java:108)
	at feign.Client$Default.execute(Client.java:104)
	at feign.SynchronousMethodHandler.executeAndDecode(SynchronousMethodHandler.java:119)
	... 10 more
java.util.concurrent.ExecutionException: feign.RetryableException: Connection refused: connect executing GET http://localhost:8082/getAttractionRewardPoints?attractionId=4ac4d30b-f51d-44d5-a556-a18f2dd387f0&userId=e2dc5e0d-af28-43c4-af3b-09a8d12c88b8
	at java.base/java.util.concurrent.FutureTask.report(FutureTask.java:122)
	at java.base/java.util.concurrent.FutureTask.get(FutureTask.java:191)
	at tourGuide.service.RewardsService.lambda$calculateRewardsMultiThread$2(RewardsService.java:108)
	at java.base/java.util.ArrayList$ArrayListSpliterator.forEachRemaining(ArrayList.java:1655)
	at java.base/java.util.stream.ReferencePipeline$Head.forEach(ReferencePipeline.java:658)
	at tourGuide.service.RewardsService.calculateRewardsMultiThread(RewardsService.java:106)
	at tourGuide.performance.PerformanceTest.highVolumeGetRewards(PerformanceTest.java:122)
	at java.base/jdk.internal.reflect.NativeMethodAccessorImpl.invoke0(Native Method)
	at java.base/jdk.internal.reflect.NativeMethodAccessorImpl.invoke(NativeMethodAccessorImpl.java:62)
	at java.base/jdk.internal.reflect.DelegatingMethodAccessorImpl.invoke(DelegatingMethodAccessorImpl.java:43)
	at java.base/java.lang.reflect.Method.invoke(Method.java:566)
	at org.junit.platform.commons.util.ReflectionUtils.invokeMethod(ReflectionUtils.java:688)
	at org.junit.jupiter.engine.execution.ExecutableInvoker.invoke(ExecutableInvoker.java:115)
	at org.junit.jupiter.engine.descriptor.TestMethodTestDescriptor.lambda$invokeTestMethod$6(TestMethodTestDescriptor.java:171)
	at org.junit.platform.engine.support.hierarchical.ThrowableCollector.execute(ThrowableCollector.java:73)
	at org.junit.jupiter.engine.descriptor.TestMethodTestDescriptor.invokeTestMethod(TestMethodTestDescriptor.java:167)
	at org.junit.jupiter.engine.descriptor.TestMethodTestDescriptor.execute(TestMethodTestDescriptor.java:114)
	at org.junit.jupiter.engine.descriptor.TestMethodTestDescriptor.execute(TestMethodTestDescriptor.java:59)
	at org.junit.platform.engine.support.hierarchical.NodeTestTask.lambda$executeRecursively$5(NodeTestTask.java:139)
	at org.junit.platform.engine.support.hierarchical.ThrowableCollector.execute(ThrowableCollector.java:73)
	at org.junit.platform.engine.support.hierarchical.NodeTestTask.lambda$executeRecursively$7(NodeTestTask.java:129)
	at org.junit.platform.engine.support.hierarchical.Node.around(Node.java:137)
	at org.junit.platform.engine.support.hierarchical.NodeTestTask.lambda$executeRecursively$8(NodeTestTask.java:127)
	at org.junit.platform.engine.support.hierarchical.ThrowableCollector.execute(ThrowableCollector.java:73)
	at org.junit.platform.engine.support.hierarchical.NodeTestTask.executeRecursively(NodeTestTask.java:126)
	at org.junit.platform.engine.support.hierarchical.NodeTestTask.execute(NodeTestTask.java:84)
	at java.base/java.util.ArrayList.forEach(ArrayList.java:1541)
	at org.junit.platform.engine.support.hierarchical.SameThreadHierarchicalTestExecutorService.invokeAll(SameThreadHierarchicalTestExecutorService.java:38)
	at org.junit.platform.engine.support.hierarchical.NodeTestTask.lambda$executeRecursively$5(NodeTestTask.java:143)
	at org.junit.platform.engine.support.hierarchical.ThrowableCollector.execute(ThrowableCollector.java:73)
	at org.junit.platform.engine.support.hierarchical.NodeTestTask.lambda$executeRecursively$7(NodeTestTask.java:129)
	at org.junit.platform.engine.support.hierarchical.Node.around(Node.java:137)
	at org.junit.platform.engine.support.hierarchical.NodeTestTask.lambda$executeRecursively$8(NodeTestTask.java:127)
	at org.junit.platform.engine.support.hierarchical.ThrowableCollector.execute(ThrowableCollector.java:73)
	at org.junit.platform.engine.support.hierarchical.NodeTestTask.executeRecursively(NodeTestTask.java:126)
	at org.junit.platform.engine.support.hierarchical.NodeTestTask.execute(NodeTestTask.java:84)
	at java.base/java.util.ArrayList.forEach(ArrayList.java:1541)
	at org.junit.platform.engine.support.hierarchical.SameThreadHierarchicalTestExecutorService.invokeAll(SameThreadHierarchicalTestExecutorService.java:38)
	at org.junit.platform.engine.support.hierarchical.NodeTestTask.lambda$executeRecursively$5(NodeTestTask.java:143)
	at org.junit.platform.engine.support.hierarchical.ThrowableCollector.execute(ThrowableCollector.java:73)
	at org.junit.platform.engine.support.hierarchical.NodeTestTask.lambda$executeRecursively$7(NodeTestTask.java:129)
	at org.junit.platform.engine.support.hierarchical.Node.around(Node.java:137)
	at org.junit.platform.engine.support.hierarchical.NodeTestTask.lambda$executeRecursively$8(NodeTestTask.java:127)
	at org.junit.platform.engine.support.hierarchical.ThrowableCollector.execute(ThrowableCollector.java:73)
	at org.junit.platform.engine.support.hierarchical.NodeTestTask.executeRecursively(NodeTestTask.java:126)
	at org.junit.platform.engine.support.hierarchical.NodeTestTask.execute(NodeTestTask.java:84)
	at org.junit.platform.engine.support.hierarchical.SameThreadHierarchicalTestExecutorService.submit(SameThreadHierarchicalTestExecutorService.java:32)
	at org.junit.platform.engine.support.hierarchical.HierarchicalTestExecutor.execute(HierarchicalTestExecutor.java:57)
	at org.junit.platform.engine.support.hierarchical.HierarchicalTestEngine.execute(HierarchicalTestEngine.java:51)
	at org.junit.platform.launcher.core.EngineExecutionOrchestrator.execute(EngineExecutionOrchestrator.java:108)
	at org.junit.platform.launcher.core.EngineExecutionOrchestrator.execute(EngineExecutionOrchestrator.java:88)
	at org.junit.platform.launcher.core.EngineExecutionOrchestrator.lambda$execute$0(EngineExecutionOrchestrator.java:54)
	at org.junit.platform.launcher.core.EngineExecutionOrchestrator.withInterceptedStreams(EngineExecutionOrchestrator.java:67)
	at org.junit.platform.launcher.core.EngineExecutionOrchestrator.execute(EngineExecutionOrchestrator.java:52)
	at org.junit.platform.launcher.core.DefaultLauncher.execute(DefaultLauncher.java:96)
	at org.junit.platform.launcher.core.DefaultLauncher.execute(DefaultLauncher.java:75)
	at org.gradle.api.internal.tasks.testing.junitplatform.JUnitPlatformTestClassProcessor$CollectAllTestClassesExecutor.processAllTestClasses(JUnitPlatformTestClassProcessor.java:99)
	at org.gradle.api.internal.tasks.testing.junitplatform.JUnitPlatformTestClassProcessor$CollectAllTestClassesExecutor.access$000(JUnitPlatformTestClassProcessor.java:79)
	at org.gradle.api.internal.tasks.testing.junitplatform.JUnitPlatformTestClassProcessor.stop(JUnitPlatformTestClassProcessor.java:75)
	at org.gradle.api.internal.tasks.testing.SuiteTestClassProcessor.stop(SuiteTestClassProcessor.java:61)
	at java.base/jdk.internal.reflect.NativeMethodAccessorImpl.invoke0(Native Method)
	at java.base/jdk.internal.reflect.NativeMethodAccessorImpl.invoke(NativeMethodAccessorImpl.java:62)
	at java.base/jdk.internal.reflect.DelegatingMethodAccessorImpl.invoke(DelegatingMethodAccessorImpl.java:43)
	at java.base/java.lang.reflect.Method.invoke(Method.java:566)
	at org.gradle.internal.dispatch.ReflectionDispatch.dispatch(ReflectionDispatch.java:36)
	at org.gradle.internal.dispatch.ReflectionDispatch.dispatch(ReflectionDispatch.java:24)
	at org.gradle.internal.dispatch.ContextClassLoaderDispatch.dispatch(ContextClassLoaderDispatch.java:33)
	at org.gradle.internal.dispatch.ProxyDispatchAdapter$DispatchingInvocationHandler.invoke(ProxyDispatchAdapter.java:94)
	at com.sun.proxy.$Proxy5.stop(Unknown Source)
	at org.gradle.api.internal.tasks.testing.worker.TestWorker$3.run(TestWorker.java:193)
	at org.gradle.api.internal.tasks.testing.worker.TestWorker.executeAndMaintainThreadName(TestWorker.java:129)
	at org.gradle.api.internal.tasks.testing.worker.TestWorker.execute(TestWorker.java:100)
	at org.gradle.api.internal.tasks.testing.worker.TestWorker.execute(TestWorker.java:60)
	at org.gradle.process.internal.worker.child.ActionExecutionWorker.execute(ActionExecutionWorker.java:56)
	at org.gradle.process.internal.worker.child.SystemApplicationClassLoaderWorker.call(SystemApplicationClassLoaderWorker.java:133)
	at org.gradle.process.internal.worker.child.SystemApplicationClassLoaderWorker.call(SystemApplicationClassLoaderWorker.java:71)
	at worker.org.gradle.process.internal.worker.GradleWorkerMain.run(GradleWorkerMain.java:69)
	at worker.org.gradle.process.internal.worker.GradleWorkerMain.main(GradleWorkerMain.java:74)
Caused by: feign.RetryableException: Connection refused: connect executing GET http://localhost:8082/getAttractionRewardPoints?attractionId=4ac4d30b-f51d-44d5-a556-a18f2dd387f0&userId=e2dc5e0d-af28-43c4-af3b-09a8d12c88b8
	at feign.FeignException.errorExecuting(FeignException.java:249)
	at feign.SynchronousMethodHandler.executeAndDecode(SynchronousMethodHandler.java:129)
	at feign.SynchronousMethodHandler.invoke(SynchronousMethodHandler.java:89)
	at feign.ReflectiveFeign$FeignInvocationHandler.invoke(ReflectiveFeign.java:100)
	at com.sun.proxy.$Proxy129.getAttractionRewardPoints(Unknown Source)
	at tourGuide.service.RewardsService.getRewardPoints(RewardsService.java:128)
	at tourGuide.service.RewardsService.lambda$calculateRewardsMultiThread$1(RewardsService.java:95)
	at java.base/java.util.concurrent.Executors$RunnableAdapter.call(Executors.java:515)
	at java.base/java.util.concurrent.FutureTask.run(FutureTask.java:264)
	at java.base/java.util.concurrent.ThreadPoolExecutor.runWorker(ThreadPoolExecutor.java:1128)
	at java.base/java.util.concurrent.ThreadPoolExecutor$Worker.run(ThreadPoolExecutor.java:628)
	at java.base/java.lang.Thread.run(Thread.java:829)
Caused by: java.net.ConnectException: Connection refused: connect
	at java.base/java.net.PlainSocketImpl.waitForConnect(Native Method)
	at java.base/java.net.PlainSocketImpl.socketConnect(PlainSocketImpl.java:107)
	at java.base/java.net.AbstractPlainSocketImpl.doConnect(AbstractPlainSocketImpl.java:399)
	at java.base/java.net.AbstractPlainSocketImpl.connectToAddress(AbstractPlainSocketImpl.java:242)
	at java.base/java.net.AbstractPlainSocketImpl.connect(AbstractPlainSocketImpl.java:224)
	at java.base/java.net.Socket.connect(Socket.java:609)
	at java.base/sun.net.NetworkClient.doConnect(NetworkClient.java:177)
	at java.base/sun.net.www.http.HttpClient.openServer(HttpClient.java:474)
	at java.base/sun.net.www.http.HttpClient.openServer(HttpClient.java:569)
	at java.base/sun.net.www.http.HttpClient.<init>(HttpClient.java:242)
	at java.base/sun.net.www.http.HttpClient.New(HttpClient.java:341)
	at java.base/sun.net.www.http.HttpClient.New(HttpClient.java:362)
	at java.base/sun.net.www.protocol.http.HttpURLConnection.getNewHttpClient(HttpURLConnection.java:1253)
	at java.base/sun.net.www.protocol.http.HttpURLConnection.plainConnect0(HttpURLConnection.java:1187)
	at java.base/sun.net.www.protocol.http.HttpURLConnection.plainConnect(HttpURLConnection.java:1081)
	at java.base/sun.net.www.protocol.http.HttpURLConnection.connect(HttpURLConnection.java:1015)
	at java.base/sun.net.www.protocol.http.HttpURLConnection.getInputStream0(HttpURLConnection.java:1592)
	at java.base/sun.net.www.protocol.http.HttpURLConnection.getInputStream(HttpURLConnection.java:1520)
	at java.base/java.net.HttpURLConnection.getResponseCode(HttpURLConnection.java:527)
	at feign.Client$Default.convertResponse(Client.java:108)
	at feign.Client$Default.execute(Client.java:104)
	at feign.SynchronousMethodHandler.executeAndDecode(SynchronousMethodHandler.java:119)
	... 10 more
java.util.concurrent.ExecutionException: feign.RetryableException: Connection refused: connect executing GET http://localhost:8082/getAttractionRewardPoints?attractionId=4ac4d30b-f51d-44d5-a556-a18f2dd387f0&userId=f16819dc-7404-4500-afe3-591e06fcc45f
	at java.base/java.util.concurrent.FutureTask.report(FutureTask.java:122)
	at java.base/java.util.concurrent.FutureTask.get(FutureTask.java:191)
	at tourGuide.service.RewardsService.lambda$calculateRewardsMultiThread$2(RewardsService.java:108)
	at java.base/java.util.ArrayList$ArrayListSpliterator.forEachRemaining(ArrayList.java:1655)
	at java.base/java.util.stream.ReferencePipeline$Head.forEach(ReferencePipeline.java:658)
	at tourGuide.service.RewardsService.calculateRewardsMultiThread(RewardsService.java:106)
	at tourGuide.performance.PerformanceTest.highVolumeGetRewards(PerformanceTest.java:122)
	at java.base/jdk.internal.reflect.NativeMethodAccessorImpl.invoke0(Native Method)
	at java.base/jdk.internal.reflect.NativeMethodAccessorImpl.invoke(NativeMethodAccessorImpl.java:62)
	at java.base/jdk.internal.reflect.DelegatingMethodAccessorImpl.invoke(DelegatingMethodAccessorImpl.java:43)
	at java.base/java.lang.reflect.Method.invoke(Method.java:566)
	at org.junit.platform.commons.util.ReflectionUtils.invokeMethod(ReflectionUtils.java:688)
	at org.junit.jupiter.engine.execution.ExecutableInvoker.invoke(ExecutableInvoker.java:115)
	at org.junit.jupiter.engine.descriptor.TestMethodTestDescriptor.lambda$invokeTestMethod$6(TestMethodTestDescriptor.java:171)
	at org.junit.platform.engine.support.hierarchical.ThrowableCollector.execute(ThrowableCollector.java:73)
	at org.junit.jupiter.engine.descriptor.TestMethodTestDescriptor.invokeTestMethod(TestMethodTestDescriptor.java:167)
	at org.junit.jupiter.engine.descriptor.TestMethodTestDescriptor.execute(TestMethodTestDescriptor.java:114)
	at org.junit.jupiter.engine.descriptor.TestMethodTestDescriptor.execute(TestMethodTestDescriptor.java:59)
	at org.junit.platform.engine.support.hierarchical.NodeTestTask.lambda$executeRecursively$5(NodeTestTask.java:139)
	at org.junit.platform.engine.support.hierarchical.ThrowableCollector.execute(ThrowableCollector.java:73)
	at org.junit.platform.engine.support.hierarchical.NodeTestTask.lambda$executeRecursively$7(NodeTestTask.java:129)
	at org.junit.platform.engine.support.hierarchical.Node.around(Node.java:137)
	at org.junit.platform.engine.support.hierarchical.NodeTestTask.lambda$executeRecursively$8(NodeTestTask.java:127)
	at org.junit.platform.engine.support.hierarchical.ThrowableCollector.execute(ThrowableCollector.java:73)
	at org.junit.platform.engine.support.hierarchical.NodeTestTask.executeRecursively(NodeTestTask.java:126)
	at org.junit.platform.engine.support.hierarchical.NodeTestTask.execute(NodeTestTask.java:84)
	at java.base/java.util.ArrayList.forEach(ArrayList.java:1541)
	at org.junit.platform.engine.support.hierarchical.SameThreadHierarchicalTestExecutorService.invokeAll(SameThreadHierarchicalTestExecutorService.java:38)
	at org.junit.platform.engine.support.hierarchical.NodeTestTask.lambda$executeRecursively$5(NodeTestTask.java:143)
	at org.junit.platform.engine.support.hierarchical.ThrowableCollector.execute(ThrowableCollector.java:73)
	at org.junit.platform.engine.support.hierarchical.NodeTestTask.lambda$executeRecursively$7(NodeTestTask.java:129)
	at org.junit.platform.engine.support.hierarchical.Node.around(Node.java:137)
	at org.junit.platform.engine.support.hierarchical.NodeTestTask.lambda$executeRecursively$8(NodeTestTask.java:127)
	at org.junit.platform.engine.support.hierarchical.ThrowableCollector.execute(ThrowableCollector.java:73)
	at org.junit.platform.engine.support.hierarchical.NodeTestTask.executeRecursively(NodeTestTask.java:126)
	at org.junit.platform.engine.support.hierarchical.NodeTestTask.execute(NodeTestTask.java:84)
	at java.base/java.util.ArrayList.forEach(ArrayList.java:1541)
	at org.junit.platform.engine.support.hierarchical.SameThreadHierarchicalTestExecutorService.invokeAll(SameThreadHierarchicalTestExecutorService.java:38)
	at org.junit.platform.engine.support.hierarchical.NodeTestTask.lambda$executeRecursively$5(NodeTestTask.java:143)
	at org.junit.platform.engine.support.hierarchical.ThrowableCollector.execute(ThrowableCollector.java:73)
	at org.junit.platform.engine.support.hierarchical.NodeTestTask.lambda$executeRecursively$7(NodeTestTask.java:129)
	at org.junit.platform.engine.support.hierarchical.Node.around(Node.java:137)
	at org.junit.platform.engine.support.hierarchical.NodeTestTask.lambda$executeRecursively$8(NodeTestTask.java:127)
	at org.junit.platform.engine.support.hierarchical.ThrowableCollector.execute(ThrowableCollector.java:73)
	at org.junit.platform.engine.support.hierarchical.NodeTestTask.executeRecursively(NodeTestTask.java:126)
	at org.junit.platform.engine.support.hierarchical.NodeTestTask.execute(NodeTestTask.java:84)
	at org.junit.platform.engine.support.hierarchical.SameThreadHierarchicalTestExecutorService.submit(SameThreadHierarchicalTestExecutorService.java:32)
	at org.junit.platform.engine.support.hierarchical.HierarchicalTestExecutor.execute(HierarchicalTestExecutor.java:57)
	at org.junit.platform.engine.support.hierarchical.HierarchicalTestEngine.execute(HierarchicalTestEngine.java:51)
	at org.junit.platform.launcher.core.EngineExecutionOrchestrator.execute(EngineExecutionOrchestrator.java:108)
	at org.junit.platform.launcher.core.EngineExecutionOrchestrator.execute(EngineExecutionOrchestrator.java:88)
	at org.junit.platform.launcher.core.EngineExecutionOrchestrator.lambda$execute$0(EngineExecutionOrchestrator.java:54)
	at org.junit.platform.launcher.core.EngineExecutionOrchestrator.withInterceptedStreams(EngineExecutionOrchestrator.java:67)
	at org.junit.platform.launcher.core.EngineExecutionOrchestrator.execute(EngineExecutionOrchestrator.java:52)
	at org.junit.platform.launcher.core.DefaultLauncher.execute(DefaultLauncher.java:96)
	at org.junit.platform.launcher.core.DefaultLauncher.execute(DefaultLauncher.java:75)
	at org.gradle.api.internal.tasks.testing.junitplatform.JUnitPlatformTestClassProcessor$CollectAllTestClassesExecutor.processAllTestClasses(JUnitPlatformTestClassProcessor.java:99)
	at org.gradle.api.internal.tasks.testing.junitplatform.JUnitPlatformTestClassProcessor$CollectAllTestClassesExecutor.access$000(JUnitPlatformTestClassProcessor.java:79)
	at org.gradle.api.internal.tasks.testing.junitplatform.JUnitPlatformTestClassProcessor.stop(JUnitPlatformTestClassProcessor.java:75)
	at org.gradle.api.internal.tasks.testing.SuiteTestClassProcessor.stop(SuiteTestClassProcessor.java:61)
	at java.base/jdk.internal.reflect.NativeMethodAccessorImpl.invoke0(Native Method)
	at java.base/jdk.internal.reflect.NativeMethodAccessorImpl.invoke(NativeMethodAccessorImpl.java:62)
	at java.base/jdk.internal.reflect.DelegatingMethodAccessorImpl.invoke(DelegatingMethodAccessorImpl.java:43)
	at java.base/java.lang.reflect.Method.invoke(Method.java:566)
	at org.gradle.internal.dispatch.ReflectionDispatch.dispatch(ReflectionDispatch.java:36)
	at org.gradle.internal.dispatch.ReflectionDispatch.dispatch(ReflectionDispatch.java:24)
	at org.gradle.internal.dispatch.ContextClassLoaderDispatch.dispatch(ContextClassLoaderDispatch.java:33)
	at org.gradle.internal.dispatch.ProxyDispatchAdapter$DispatchingInvocationHandler.invoke(ProxyDispatchAdapter.java:94)
	at com.sun.proxy.$Proxy5.stop(Unknown Source)
	at org.gradle.api.internal.tasks.testing.worker.TestWorker$3.run(TestWorker.java:193)
	at org.gradle.api.internal.tasks.testing.worker.TestWorker.executeAndMaintainThreadName(TestWorker.java:129)
	at org.gradle.api.internal.tasks.testing.worker.TestWorker.execute(TestWorker.java:100)
	at org.gradle.api.internal.tasks.testing.worker.TestWorker.execute(TestWorker.java:60)
	at org.gradle.process.internal.worker.child.ActionExecutionWorker.execute(ActionExecutionWorker.java:56)
	at org.gradle.process.internal.worker.child.SystemApplicationClassLoaderWorker.call(SystemApplicationClassLoaderWorker.java:133)
	at org.gradle.process.internal.worker.child.SystemApplicationClassLoaderWorker.call(SystemApplicationClassLoaderWorker.java:71)
	at worker.org.gradle.process.internal.worker.GradleWorkerMain.run(GradleWorkerMain.java:69)
	at worker.org.gradle.process.internal.worker.GradleWorkerMain.main(GradleWorkerMain.java:74)
Caused by: feign.RetryableException: Connection refused: connect executing GET http://localhost:8082/getAttractionRewardPoints?attractionId=4ac4d30b-f51d-44d5-a556-a18f2dd387f0&userId=f16819dc-7404-4500-afe3-591e06fcc45f
	at feign.FeignException.errorExecuting(FeignException.java:249)
	at feign.SynchronousMethodHandler.executeAndDecode(SynchronousMethodHandler.java:129)
	at feign.SynchronousMethodHandler.invoke(SynchronousMethodHandler.java:89)
	at feign.ReflectiveFeign$FeignInvocationHandler.invoke(ReflectiveFeign.java:100)
	at com.sun.proxy.$Proxy129.getAttractionRewardPoints(Unknown Source)
	at tourGuide.service.RewardsService.getRewardPoints(RewardsService.java:128)
	at tourGuide.service.RewardsService.lambda$calculateRewardsMultiThread$1(RewardsService.java:95)
	at java.base/java.util.concurrent.Executors$RunnableAdapter.call(Executors.java:515)
	at java.base/java.util.concurrent.FutureTask.run(FutureTask.java:264)
	at java.base/java.util.concurrent.ThreadPoolExecutor.runWorker(ThreadPoolExecutor.java:1128)
	at java.base/java.util.concurrent.ThreadPoolExecutor$Worker.run(ThreadPoolExecutor.java:628)
	at java.base/java.lang.Thread.run(Thread.java:829)
Caused by: java.net.ConnectException: Connection refused: connect
	at java.base/java.net.PlainSocketImpl.waitForConnect(Native Method)
	at java.base/java.net.PlainSocketImpl.socketConnect(PlainSocketImpl.java:107)
	at java.base/java.net.AbstractPlainSocketImpl.doConnect(AbstractPlainSocketImpl.java:399)
	at java.base/java.net.AbstractPlainSocketImpl.connectToAddress(AbstractPlainSocketImpl.java:242)
	at java.base/java.net.AbstractPlainSocketImpl.connect(AbstractPlainSocketImpl.java:224)
	at java.base/java.net.Socket.connect(Socket.java:609)
	at java.base/sun.net.NetworkClient.doConnect(NetworkClient.java:177)
	at java.base/sun.net.www.http.HttpClient.openServer(HttpClient.java:474)
	at java.base/sun.net.www.http.HttpClient.openServer(HttpClient.java:569)
	at java.base/sun.net.www.http.HttpClient.<init>(HttpClient.java:242)
	at java.base/sun.net.www.http.HttpClient.New(HttpClient.java:341)
	at java.base/sun.net.www.http.HttpClient.New(HttpClient.java:362)
	at java.base/sun.net.www.protocol.http.HttpURLConnection.getNewHttpClient(HttpURLConnection.java:1253)
	at java.base/sun.net.www.protocol.http.HttpURLConnection.plainConnect0(HttpURLConnection.java:1187)
	at java.base/sun.net.www.protocol.http.HttpURLConnection.plainConnect(HttpURLConnection.java:1081)
	at java.base/sun.net.www.protocol.http.HttpURLConnection.connect(HttpURLConnection.java:1015)
	at java.base/sun.net.www.protocol.http.HttpURLConnection.getInputStream0(HttpURLConnection.java:1592)
	at java.base/sun.net.www.protocol.http.HttpURLConnection.getInputStream(HttpURLConnection.java:1520)
	at java.base/java.net.HttpURLConnection.getResponseCode(HttpURLConnection.java:527)
	at feign.Client$Default.convertResponse(Client.java:108)
	at feign.Client$Default.execute(Client.java:104)
	at feign.SynchronousMethodHandler.executeAndDecode(SynchronousMethodHandler.java:119)
	... 10 more
java.util.concurrent.ExecutionException: feign.RetryableException: Connection refused: connect executing GET http://localhost:8082/getAttractionRewardPoints?attractionId=4ac4d30b-f51d-44d5-a556-a18f2dd387f0&userId=a5e565a5-2d8e-4fd1-a8ab-770235734146
	at java.base/java.util.concurrent.FutureTask.report(FutureTask.java:122)
	at java.base/java.util.concurrent.FutureTask.get(FutureTask.java:191)
	at tourGuide.service.RewardsService.lambda$calculateRewardsMultiThread$2(RewardsService.java:108)
	at java.base/java.util.ArrayList$ArrayListSpliterator.forEachRemaining(ArrayList.java:1655)
	at java.base/java.util.stream.ReferencePipeline$Head.forEach(ReferencePipeline.java:658)
	at tourGuide.service.RewardsService.calculateRewardsMultiThread(RewardsService.java:106)
	at tourGuide.performance.PerformanceTest.highVolumeGetRewards(PerformanceTest.java:122)
	at java.base/jdk.internal.reflect.NativeMethodAccessorImpl.invoke0(Native Method)
	at java.base/jdk.internal.reflect.NativeMethodAccessorImpl.invoke(NativeMethodAccessorImpl.java:62)
	at java.base/jdk.internal.reflect.DelegatingMethodAccessorImpl.invoke(DelegatingMethodAccessorImpl.java:43)
	at java.base/java.lang.reflect.Method.invoke(Method.java:566)
	at org.junit.platform.commons.util.ReflectionUtils.invokeMethod(ReflectionUtils.java:688)
	at org.junit.jupiter.engine.execution.ExecutableInvoker.invoke(ExecutableInvoker.java:115)
	at org.junit.jupiter.engine.descriptor.TestMethodTestDescriptor.lambda$invokeTestMethod$6(TestMethodTestDescriptor.java:171)
	at org.junit.platform.engine.support.hierarchical.ThrowableCollector.execute(ThrowableCollector.java:73)
	at org.junit.jupiter.engine.descriptor.TestMethodTestDescriptor.invokeTestMethod(TestMethodTestDescriptor.java:167)
	at org.junit.jupiter.engine.descriptor.TestMethodTestDescriptor.execute(TestMethodTestDescriptor.java:114)
	at org.junit.jupiter.engine.descriptor.TestMethodTestDescriptor.execute(TestMethodTestDescriptor.java:59)
	at org.junit.platform.engine.support.hierarchical.NodeTestTask.lambda$executeRecursively$5(NodeTestTask.java:139)
	at org.junit.platform.engine.support.hierarchical.ThrowableCollector.execute(ThrowableCollector.java:73)
	at org.junit.platform.engine.support.hierarchical.NodeTestTask.lambda$executeRecursively$7(NodeTestTask.java:129)
	at org.junit.platform.engine.support.hierarchical.Node.around(Node.java:137)
	at org.junit.platform.engine.support.hierarchical.NodeTestTask.lambda$executeRecursively$8(NodeTestTask.java:127)
	at org.junit.platform.engine.support.hierarchical.ThrowableCollector.execute(ThrowableCollector.java:73)
	at org.junit.platform.engine.support.hierarchical.NodeTestTask.executeRecursively(NodeTestTask.java:126)
	at org.junit.platform.engine.support.hierarchical.NodeTestTask.execute(NodeTestTask.java:84)
	at java.base/java.util.ArrayList.forEach(ArrayList.java:1541)
	at org.junit.platform.engine.support.hierarchical.SameThreadHierarchicalTestExecutorService.invokeAll(SameThreadHierarchicalTestExecutorService.java:38)
	at org.junit.platform.engine.support.hierarchical.NodeTestTask.lambda$executeRecursively$5(NodeTestTask.java:143)
	at org.junit.platform.engine.support.hierarchical.ThrowableCollector.execute(ThrowableCollector.java:73)
	at org.junit.platform.engine.support.hierarchical.NodeTestTask.lambda$executeRecursively$7(NodeTestTask.java:129)
	at org.junit.platform.engine.support.hierarchical.Node.around(Node.java:137)
	at org.junit.platform.engine.support.hierarchical.NodeTestTask.lambda$executeRecursively$8(NodeTestTask.java:127)
	at org.junit.platform.engine.support.hierarchical.ThrowableCollector.execute(ThrowableCollector.java:73)
	at org.junit.platform.engine.support.hierarchical.NodeTestTask.executeRecursively(NodeTestTask.java:126)
	at org.junit.platform.engine.support.hierarchical.NodeTestTask.execute(NodeTestTask.java:84)
	at java.base/java.util.ArrayList.forEach(ArrayList.java:1541)
	at org.junit.platform.engine.support.hierarchical.SameThreadHierarchicalTestExecutorService.invokeAll(SameThreadHierarchicalTestExecutorService.java:38)
	at org.junit.platform.engine.support.hierarchical.NodeTestTask.lambda$executeRecursively$5(NodeTestTask.java:143)
	at org.junit.platform.engine.support.hierarchical.ThrowableCollector.execute(ThrowableCollector.java:73)
	at org.junit.platform.engine.support.hierarchical.NodeTestTask.lambda$executeRecursively$7(NodeTestTask.java:129)
	at org.junit.platform.engine.support.hierarchical.Node.around(Node.java:137)
	at org.junit.platform.engine.support.hierarchical.NodeTestTask.lambda$executeRecursively$8(NodeTestTask.java:127)
	at org.junit.platform.engine.support.hierarchical.ThrowableCollector.execute(ThrowableCollector.java:73)
	at org.junit.platform.engine.support.hierarchical.NodeTestTask.executeRecursively(NodeTestTask.java:126)
	at org.junit.platform.engine.support.hierarchical.NodeTestTask.execute(NodeTestTask.java:84)
	at org.junit.platform.engine.support.hierarchical.SameThreadHierarchicalTestExecutorService.submit(SameThreadHierarchicalTestExecutorService.java:32)
	at org.junit.platform.engine.support.hierarchical.HierarchicalTestExecutor.execute(HierarchicalTestExecutor.java:57)
	at org.junit.platform.engine.support.hierarchical.HierarchicalTestEngine.execute(HierarchicalTestEngine.java:51)
	at org.junit.platform.launcher.core.EngineExecutionOrchestrator.execute(EngineExecutionOrchestrator.java:108)
	at org.junit.platform.launcher.core.EngineExecutionOrchestrator.execute(EngineExecutionOrchestrator.java:88)
	at org.junit.platform.launcher.core.EngineExecutionOrchestrator.lambda$execute$0(EngineExecutionOrchestrator.java:54)
	at org.junit.platform.launcher.core.EngineExecutionOrchestrator.withInterceptedStreams(EngineExecutionOrchestrator.java:67)
	at org.junit.platform.launcher.core.EngineExecutionOrchestrator.execute(EngineExecutionOrchestrator.java:52)
	at org.junit.platform.launcher.core.DefaultLauncher.execute(DefaultLauncher.java:96)
	at org.junit.platform.launcher.core.DefaultLauncher.execute(DefaultLauncher.java:75)
	at org.gradle.api.internal.tasks.testing.junitplatform.JUnitPlatformTestClassProcessor$CollectAllTestClassesExecutor.processAllTestClasses(JUnitPlatformTestClassProcessor.java:99)
	at org.gradle.api.internal.tasks.testing.junitplatform.JUnitPlatformTestClassProcessor$CollectAllTestClassesExecutor.access$000(JUnitPlatformTestClassProcessor.java:79)
	at org.gradle.api.internal.tasks.testing.junitplatform.JUnitPlatformTestClassProcessor.stop(JUnitPlatformTestClassProcessor.java:75)
	at org.gradle.api.internal.tasks.testing.SuiteTestClassProcessor.stop(SuiteTestClassProcessor.java:61)
	at java.base/jdk.internal.reflect.NativeMethodAccessorImpl.invoke0(Native Method)
	at java.base/jdk.internal.reflect.NativeMethodAccessorImpl.invoke(NativeMethodAccessorImpl.java:62)
	at java.base/jdk.internal.reflect.DelegatingMethodAccessorImpl.invoke(DelegatingMethodAccessorImpl.java:43)
	at java.base/java.lang.reflect.Method.invoke(Method.java:566)
	at org.gradle.internal.dispatch.ReflectionDispatch.dispatch(ReflectionDispatch.java:36)
	at org.gradle.internal.dispatch.ReflectionDispatch.dispatch(ReflectionDispatch.java:24)
	at org.gradle.internal.dispatch.ContextClassLoaderDispatch.dispatch(ContextClassLoaderDispatch.java:33)
	at org.gradle.internal.dispatch.ProxyDispatchAdapter$DispatchingInvocationHandler.invoke(ProxyDispatchAdapter.java:94)
	at com.sun.proxy.$Proxy5.stop(Unknown Source)
	at org.gradle.api.internal.tasks.testing.worker.TestWorker$3.run(TestWorker.java:193)
	at org.gradle.api.internal.tasks.testing.worker.TestWorker.executeAndMaintainThreadName(TestWorker.java:129)
	at org.gradle.api.internal.tasks.testing.worker.TestWorker.execute(TestWorker.java:100)
	at org.gradle.api.internal.tasks.testing.worker.TestWorker.execute(TestWorker.java:60)
	at org.gradle.process.internal.worker.child.ActionExecutionWorker.execute(ActionExecutionWorker.java:56)
	at org.gradle.process.internal.worker.child.SystemApplicationClassLoaderWorker.call(SystemApplicationClassLoaderWorker.java:133)
	at org.gradle.process.internal.worker.child.SystemApplicationClassLoaderWorker.call(SystemApplicationClassLoaderWorker.java:71)
	at worker.org.gradle.process.internal.worker.GradleWorkerMain.run(GradleWorkerMain.java:69)
	at worker.org.gradle.process.internal.worker.GradleWorkerMain.main(GradleWorkerMain.java:74)
Caused by: feign.RetryableException: Connection refused: connect executing GET http://localhost:8082/getAttractionRewardPoints?attractionId=4ac4d30b-f51d-44d5-a556-a18f2dd387f0&userId=a5e565a5-2d8e-4fd1-a8ab-770235734146
	at feign.FeignException.errorExecuting(FeignException.java:249)
	at feign.SynchronousMethodHandler.executeAndDecode(SynchronousMethodHandler.java:129)
	at feign.SynchronousMethodHandler.invoke(SynchronousMethodHandler.java:89)
	at feign.ReflectiveFeign$FeignInvocationHandler.invoke(ReflectiveFeign.java:100)
	at com.sun.proxy.$Proxy129.getAttractionRewardPoints(Unknown Source)
	at tourGuide.service.RewardsService.getRewardPoints(RewardsService.java:128)
	at tourGuide.service.RewardsService.lambda$calculateRewardsMultiThread$1(RewardsService.java:95)
	at java.base/java.util.concurrent.Executors$RunnableAdapter.call(Executors.java:515)
	at java.base/java.util.concurrent.FutureTask.run(FutureTask.java:264)
	at java.base/java.util.concurrent.ThreadPoolExecutor.runWorker(ThreadPoolExecutor.java:1128)
	at java.base/java.util.concurrent.ThreadPoolExecutor$Worker.run(ThreadPoolExecutor.java:628)
	at java.base/java.lang.Thread.run(Thread.java:829)
Caused by: java.net.ConnectException: Connection refused: connect
	at java.base/java.net.PlainSocketImpl.waitForConnect(Native Method)
	at java.base/java.net.PlainSocketImpl.socketConnect(PlainSocketImpl.java:107)
	at java.base/java.net.AbstractPlainSocketImpl.doConnect(AbstractPlainSocketImpl.java:399)
	at java.base/java.net.AbstractPlainSocketImpl.connectToAddress(AbstractPlainSocketImpl.java:242)
	at java.base/java.net.AbstractPlainSocketImpl.connect(AbstractPlainSocketImpl.java:224)
	at java.base/java.net.Socket.connect(Socket.java:609)
	at java.base/sun.net.NetworkClient.doConnect(NetworkClient.java:177)
	at java.base/sun.net.www.http.HttpClient.openServer(HttpClient.java:474)
	at java.base/sun.net.www.http.HttpClient.openServer(HttpClient.java:569)
	at java.base/sun.net.www.http.HttpClient.<init>(HttpClient.java:242)
	at java.base/sun.net.www.http.HttpClient.New(HttpClient.java:341)
	at java.base/sun.net.www.http.HttpClient.New(HttpClient.java:362)
	at java.base/sun.net.www.protocol.http.HttpURLConnection.getNewHttpClient(HttpURLConnection.java:1253)
	at java.base/sun.net.www.protocol.http.HttpURLConnection.plainConnect0(HttpURLConnection.java:1187)
	at java.base/sun.net.www.protocol.http.HttpURLConnection.plainConnect(HttpURLConnection.java:1081)
	at java.base/sun.net.www.protocol.http.HttpURLConnection.connect(HttpURLConnection.java:1015)
	at java.base/sun.net.www.protocol.http.HttpURLConnection.getInputStream0(HttpURLConnection.java:1592)
	at java.base/sun.net.www.protocol.http.HttpURLConnection.getInputStream(HttpURLConnection.java:1520)
	at java.base/java.net.HttpURLConnection.getResponseCode(HttpURLConnection.java:527)
	at feign.Client$Default.convertResponse(Client.java:108)
	at feign.Client$Default.execute(Client.java:104)
	at feign.SynchronousMethodHandler.executeAndDecode(SynchronousMethodHandler.java:119)
	... 10 more
java.util.concurrent.ExecutionException: feign.RetryableException: Connection refused: connect executing GET http://localhost:8082/getAttractionRewardPoints?attractionId=4ac4d30b-f51d-44d5-a556-a18f2dd387f0&userId=ef92aee9-9de4-4aeb-b13a-1b378b60d6ed
	at java.base/java.util.concurrent.FutureTask.report(FutureTask.java:122)
	at java.base/java.util.concurrent.FutureTask.get(FutureTask.java:191)
	at tourGuide.service.RewardsService.lambda$calculateRewardsMultiThread$2(RewardsService.java:108)
	at java.base/java.util.ArrayList$ArrayListSpliterator.forEachRemaining(ArrayList.java:1655)
	at java.base/java.util.stream.ReferencePipeline$Head.forEach(ReferencePipeline.java:658)
	at tourGuide.service.RewardsService.calculateRewardsMultiThread(RewardsService.java:106)
	at tourGuide.performance.PerformanceTest.highVolumeGetRewards(PerformanceTest.java:122)
	at java.base/jdk.internal.reflect.NativeMethodAccessorImpl.invoke0(Native Method)
	at java.base/jdk.internal.reflect.NativeMethodAccessorImpl.invoke(NativeMethodAccessorImpl.java:62)
	at java.base/jdk.internal.reflect.DelegatingMethodAccessorImpl.invoke(DelegatingMethodAccessorImpl.java:43)
	at java.base/java.lang.reflect.Method.invoke(Method.java:566)
	at org.junit.platform.commons.util.ReflectionUtils.invokeMethod(ReflectionUtils.java:688)
	at org.junit.jupiter.engine.execution.ExecutableInvoker.invoke(ExecutableInvoker.java:115)
	at org.junit.jupiter.engine.descriptor.TestMethodTestDescriptor.lambda$invokeTestMethod$6(TestMethodTestDescriptor.java:171)
	at org.junit.platform.engine.support.hierarchical.ThrowableCollector.execute(ThrowableCollector.java:73)
	at org.junit.jupiter.engine.descriptor.TestMethodTestDescriptor.invokeTestMethod(TestMethodTestDescriptor.java:167)
	at org.junit.jupiter.engine.descriptor.TestMethodTestDescriptor.execute(TestMethodTestDescriptor.java:114)
	at org.junit.jupiter.engine.descriptor.TestMethodTestDescriptor.execute(TestMethodTestDescriptor.java:59)
	at org.junit.platform.engine.support.hierarchical.NodeTestTask.lambda$executeRecursively$5(NodeTestTask.java:139)
	at org.junit.platform.engine.support.hierarchical.ThrowableCollector.execute(ThrowableCollector.java:73)
	at org.junit.platform.engine.support.hierarchical.NodeTestTask.lambda$executeRecursively$7(NodeTestTask.java:129)
	at org.junit.platform.engine.support.hierarchical.Node.around(Node.java:137)
	at org.junit.platform.engine.support.hierarchical.NodeTestTask.lambda$executeRecursively$8(NodeTestTask.java:127)
	at org.junit.platform.engine.support.hierarchical.ThrowableCollector.execute(ThrowableCollector.java:73)
	at org.junit.platform.engine.support.hierarchical.NodeTestTask.executeRecursively(NodeTestTask.java:126)
	at org.junit.platform.engine.support.hierarchical.NodeTestTask.execute(NodeTestTask.java:84)
	at java.base/java.util.ArrayList.forEach(ArrayList.java:1541)
	at org.junit.platform.engine.support.hierarchical.SameThreadHierarchicalTestExecutorService.invokeAll(SameThreadHierarchicalTestExecutorService.java:38)
	at org.junit.platform.engine.support.hierarchical.NodeTestTask.lambda$executeRecursively$5(NodeTestTask.java:143)
	at org.junit.platform.engine.support.hierarchical.ThrowableCollector.execute(ThrowableCollector.java:73)
	at org.junit.platform.engine.support.hierarchical.NodeTestTask.lambda$executeRecursively$7(NodeTestTask.java:129)
	at org.junit.platform.engine.support.hierarchical.Node.around(Node.java:137)
	at org.junit.platform.engine.support.hierarchical.NodeTestTask.lambda$executeRecursively$8(NodeTestTask.java:127)
	at org.junit.platform.engine.support.hierarchical.ThrowableCollector.execute(ThrowableCollector.java:73)
	at org.junit.platform.engine.support.hierarchical.NodeTestTask.executeRecursively(NodeTestTask.java:126)
	at org.junit.platform.engine.support.hierarchical.NodeTestTask.execute(NodeTestTask.java:84)
	at java.base/java.util.ArrayList.forEach(ArrayList.java:1541)
	at org.junit.platform.engine.support.hierarchical.SameThreadHierarchicalTestExecutorService.invokeAll(SameThreadHierarchicalTestExecutorService.java:38)
	at org.junit.platform.engine.support.hierarchical.NodeTestTask.lambda$executeRecursively$5(NodeTestTask.java:143)
	at org.junit.platform.engine.support.hierarchical.ThrowableCollector.execute(ThrowableCollector.java:73)
	at org.junit.platform.engine.support.hierarchical.NodeTestTask.lambda$executeRecursively$7(NodeTestTask.java:129)
	at org.junit.platform.engine.support.hierarchical.Node.around(Node.java:137)
	at org.junit.platform.engine.support.hierarchical.NodeTestTask.lambda$executeRecursively$8(NodeTestTask.java:127)
	at org.junit.platform.engine.support.hierarchical.ThrowableCollector.execute(ThrowableCollector.java:73)
	at org.junit.platform.engine.support.hierarchical.NodeTestTask.executeRecursively(NodeTestTask.java:126)
	at org.junit.platform.engine.support.hierarchical.NodeTestTask.execute(NodeTestTask.java:84)
	at org.junit.platform.engine.support.hierarchical.SameThreadHierarchicalTestExecutorService.submit(SameThreadHierarchicalTestExecutorService.java:32)
	at org.junit.platform.engine.support.hierarchical.HierarchicalTestExecutor.execute(HierarchicalTestExecutor.java:57)
	at org.junit.platform.engine.support.hierarchical.HierarchicalTestEngine.execute(HierarchicalTestEngine.java:51)
	at org.junit.platform.launcher.core.EngineExecutionOrchestrator.execute(EngineExecutionOrchestrator.java:108)
	at org.junit.platform.launcher.core.EngineExecutionOrchestrator.execute(EngineExecutionOrchestrator.java:88)
	at org.junit.platform.launcher.core.EngineExecutionOrchestrator.lambda$execute$0(EngineExecutionOrchestrator.java:54)
	at org.junit.platform.launcher.core.EngineExecutionOrchestrator.withInterceptedStreams(EngineExecutionOrchestrator.java:67)
	at org.junit.platform.launcher.core.EngineExecutionOrchestrator.execute(EngineExecutionOrchestrator.java:52)
	at org.junit.platform.launcher.core.DefaultLauncher.execute(DefaultLauncher.java:96)
	at org.junit.platform.launcher.core.DefaultLauncher.execute(DefaultLauncher.java:75)
	at org.gradle.api.internal.tasks.testing.junitplatform.JUnitPlatformTestClassProcessor$CollectAllTestClassesExecutor.processAllTestClasses(JUnitPlatformTestClassProcessor.java:99)
	at org.gradle.api.internal.tasks.testing.junitplatform.JUnitPlatformTestClassProcessor$CollectAllTestClassesExecutor.access$000(JUnitPlatformTestClassProcessor.java:79)
	at org.gradle.api.internal.tasks.testing.junitplatform.JUnitPlatformTestClassProcessor.stop(JUnitPlatformTestClassProcessor.java:75)
	at org.gradle.api.internal.tasks.testing.SuiteTestClassProcessor.stop(SuiteTestClassProcessor.java:61)
	at java.base/jdk.internal.reflect.NativeMethodAccessorImpl.invoke0(Native Method)
	at java.base/jdk.internal.reflect.NativeMethodAccessorImpl.invoke(NativeMethodAccessorImpl.java:62)
	at java.base/jdk.internal.reflect.DelegatingMethodAccessorImpl.invoke(DelegatingMethodAccessorImpl.java:43)
	at java.base/java.lang.reflect.Method.invoke(Method.java:566)
	at org.gradle.internal.dispatch.ReflectionDispatch.dispatch(ReflectionDispatch.java:36)
	at org.gradle.internal.dispatch.ReflectionDispatch.dispatch(ReflectionDispatch.java:24)
	at org.gradle.internal.dispatch.ContextClassLoaderDispatch.dispatch(ContextClassLoaderDispatch.java:33)
	at org.gradle.internal.dispatch.ProxyDispatchAdapter$DispatchingInvocationHandler.invoke(ProxyDispatchAdapter.java:94)
	at com.sun.proxy.$Proxy5.stop(Unknown Source)
	at org.gradle.api.internal.tasks.testing.worker.TestWorker$3.run(TestWorker.java:193)
	at org.gradle.api.internal.tasks.testing.worker.TestWorker.executeAndMaintainThreadName(TestWorker.java:129)
	at org.gradle.api.internal.tasks.testing.worker.TestWorker.execute(TestWorker.java:100)
	at org.gradle.api.internal.tasks.testing.worker.TestWorker.execute(TestWorker.java:60)
	at org.gradle.process.internal.worker.child.ActionExecutionWorker.execute(ActionExecutionWorker.java:56)
	at org.gradle.process.internal.worker.child.SystemApplicationClassLoaderWorker.call(SystemApplicationClassLoaderWorker.java:133)
	at org.gradle.process.internal.worker.child.SystemApplicationClassLoaderWorker.call(SystemApplicationClassLoaderWorker.java:71)
	at worker.org.gradle.process.internal.worker.GradleWorkerMain.run(GradleWorkerMain.java:69)
	at worker.org.gradle.process.internal.worker.GradleWorkerMain.main(GradleWorkerMain.java:74)
Caused by: feign.RetryableException: Connection refused: connect executing GET http://localhost:8082/getAttractionRewardPoints?attractionId=4ac4d30b-f51d-44d5-a556-a18f2dd387f0&userId=ef92aee9-9de4-4aeb-b13a-1b378b60d6ed
	at feign.FeignException.errorExecuting(FeignException.java:249)
	at feign.SynchronousMethodHandler.executeAndDecode(SynchronousMethodHandler.java:129)
	at feign.SynchronousMethodHandler.invoke(SynchronousMethodHandler.java:89)
	at feign.ReflectiveFeign$FeignInvocationHandler.invoke(ReflectiveFeign.java:100)
	at com.sun.proxy.$Proxy129.getAttractionRewardPoints(Unknown Source)
	at tourGuide.service.RewardsService.getRewardPoints(RewardsService.java:128)
	at tourGuide.service.RewardsService.lambda$calculateRewardsMultiThread$1(RewardsService.java:95)
	at java.base/java.util.concurrent.Executors$RunnableAdapter.call(Executors.java:515)
	at java.base/java.util.concurrent.FutureTask.run(FutureTask.java:264)
	at java.base/java.util.concurrent.ThreadPoolExecutor.runWorker(ThreadPoolExecutor.java:1128)
	at java.base/java.util.concurrent.ThreadPoolExecutor$Worker.run(ThreadPoolExecutor.java:628)
	at java.base/java.lang.Thread.run(Thread.java:829)
Caused by: java.net.ConnectException: Connection refused: connect
	at java.base/java.net.PlainSocketImpl.waitForConnect(Native Method)
	at java.base/java.net.PlainSocketImpl.socketConnect(PlainSocketImpl.java:107)
	at java.base/java.net.AbstractPlainSocketImpl.doConnect(AbstractPlainSocketImpl.java:399)
	at java.base/java.net.AbstractPlainSocketImpl.connectToAddress(AbstractPlainSocketImpl.java:242)
	at java.base/java.net.AbstractPlainSocketImpl.connect(AbstractPlainSocketImpl.java:224)
	at java.base/java.net.Socket.connect(Socket.java:609)
	at java.base/sun.net.NetworkClient.doConnect(NetworkClient.java:177)
	at java.base/sun.net.www.http.HttpClient.openServer(HttpClient.java:474)
	at java.base/sun.net.www.http.HttpClient.openServer(HttpClient.java:569)
	at java.base/sun.net.www.http.HttpClient.<init>(HttpClient.java:242)
	at java.base/sun.net.www.http.HttpClient.New(HttpClient.java:341)
	at java.base/sun.net.www.http.HttpClient.New(HttpClient.java:362)
	at java.base/sun.net.www.protocol.http.HttpURLConnection.getNewHttpClient(HttpURLConnection.java:1253)
	at java.base/sun.net.www.protocol.http.HttpURLConnection.plainConnect0(HttpURLConnection.java:1187)
	at java.base/sun.net.www.protocol.http.HttpURLConnection.plainConnect(HttpURLConnection.java:1081)
	at java.base/sun.net.www.protocol.http.HttpURLConnection.connect(HttpURLConnection.java:1015)
	at java.base/sun.net.www.protocol.http.HttpURLConnection.getInputStream0(HttpURLConnection.java:1592)
	at java.base/sun.net.www.protocol.http.HttpURLConnection.getInputStream(HttpURLConnection.java:1520)
	at java.base/java.net.HttpURLConnection.getResponseCode(HttpURLConnection.java:527)
	at feign.Client$Default.convertResponse(Client.java:108)
	at feign.Client$Default.execute(Client.java:104)
	at feign.SynchronousMethodHandler.executeAndDecode(SynchronousMethodHandler.java:119)
	... 10 more
java.util.concurrent.ExecutionException: feign.RetryableException: Connection refused: connect executing GET http://localhost:8082/getAttractionRewardPoints?attractionId=4ac4d30b-f51d-44d5-a556-a18f2dd387f0&userId=9d1e8602-0fd3-4312-a0fc-061c8e50af3e
	at java.base/java.util.concurrent.FutureTask.report(FutureTask.java:122)
	at java.base/java.util.concurrent.FutureTask.get(FutureTask.java:191)
	at tourGuide.service.RewardsService.lambda$calculateRewardsMultiThread$2(RewardsService.java:108)
	at java.base/java.util.ArrayList$ArrayListSpliterator.forEachRemaining(ArrayList.java:1655)
	at java.base/java.util.stream.ReferencePipeline$Head.forEach(ReferencePipeline.java:658)
	at tourGuide.service.RewardsService.calculateRewardsMultiThread(RewardsService.java:106)
	at tourGuide.performance.PerformanceTest.highVolumeGetRewards(PerformanceTest.java:122)
	at java.base/jdk.internal.reflect.NativeMethodAccessorImpl.invoke0(Native Method)
	at java.base/jdk.internal.reflect.NativeMethodAccessorImpl.invoke(NativeMethodAccessorImpl.java:62)
	at java.base/jdk.internal.reflect.DelegatingMethodAccessorImpl.invoke(DelegatingMethodAccessorImpl.java:43)
	at java.base/java.lang.reflect.Method.invoke(Method.java:566)
	at org.junit.platform.commons.util.ReflectionUtils.invokeMethod(ReflectionUtils.java:688)
	at org.junit.jupiter.engine.execution.ExecutableInvoker.invoke(ExecutableInvoker.java:115)
	at org.junit.jupiter.engine.descriptor.TestMethodTestDescriptor.lambda$invokeTestMethod$6(TestMethodTestDescriptor.java:171)
	at org.junit.platform.engine.support.hierarchical.ThrowableCollector.execute(ThrowableCollector.java:73)
	at org.junit.jupiter.engine.descriptor.TestMethodTestDescriptor.invokeTestMethod(TestMethodTestDescriptor.java:167)
	at org.junit.jupiter.engine.descriptor.TestMethodTestDescriptor.execute(TestMethodTestDescriptor.java:114)
	at org.junit.jupiter.engine.descriptor.TestMethodTestDescriptor.execute(TestMethodTestDescriptor.java:59)
	at org.junit.platform.engine.support.hierarchical.NodeTestTask.lambda$executeRecursively$5(NodeTestTask.java:139)
	at org.junit.platform.engine.support.hierarchical.ThrowableCollector.execute(ThrowableCollector.java:73)
	at org.junit.platform.engine.support.hierarchical.NodeTestTask.lambda$executeRecursively$7(NodeTestTask.java:129)
	at org.junit.platform.engine.support.hierarchical.Node.around(Node.java:137)
	at org.junit.platform.engine.support.hierarchical.NodeTestTask.lambda$executeRecursively$8(NodeTestTask.java:127)
	at org.junit.platform.engine.support.hierarchical.ThrowableCollector.execute(ThrowableCollector.java:73)
	at org.junit.platform.engine.support.hierarchical.NodeTestTask.executeRecursively(NodeTestTask.java:126)
	at org.junit.platform.engine.support.hierarchical.NodeTestTask.execute(NodeTestTask.java:84)
	at java.base/java.util.ArrayList.forEach(ArrayList.java:1541)
	at org.junit.platform.engine.support.hierarchical.SameThreadHierarchicalTestExecutorService.invokeAll(SameThreadHierarchicalTestExecutorService.java:38)
	at org.junit.platform.engine.support.hierarchical.NodeTestTask.lambda$executeRecursively$5(NodeTestTask.java:143)
	at org.junit.platform.engine.support.hierarchical.ThrowableCollector.execute(ThrowableCollector.java:73)
	at org.junit.platform.engine.support.hierarchical.NodeTestTask.lambda$executeRecursively$7(NodeTestTask.java:129)
	at org.junit.platform.engine.support.hierarchical.Node.around(Node.java:137)
	at org.junit.platform.engine.support.hierarchical.NodeTestTask.lambda$executeRecursively$8(NodeTestTask.java:127)
	at org.junit.platform.engine.support.hierarchical.ThrowableCollector.execute(ThrowableCollector.java:73)
	at org.junit.platform.engine.support.hierarchical.NodeTestTask.executeRecursively(NodeTestTask.java:126)
	at org.junit.platform.engine.support.hierarchical.NodeTestTask.execute(NodeTestTask.java:84)
	at java.base/java.util.ArrayList.forEach(ArrayList.java:1541)
	at org.junit.platform.engine.support.hierarchical.SameThreadHierarchicalTestExecutorService.invokeAll(SameThreadHierarchicalTestExecutorService.java:38)
	at org.junit.platform.engine.support.hierarchical.NodeTestTask.lambda$executeRecursively$5(NodeTestTask.java:143)
	at org.junit.platform.engine.support.hierarchical.ThrowableCollector.execute(ThrowableCollector.java:73)
	at org.junit.platform.engine.support.hierarchical.NodeTestTask.lambda$executeRecursively$7(NodeTestTask.java:129)
	at org.junit.platform.engine.support.hierarchical.Node.around(Node.java:137)
	at org.junit.platform.engine.support.hierarchical.NodeTestTask.lambda$executeRecursively$8(NodeTestTask.java:127)
	at org.junit.platform.engine.support.hierarchical.ThrowableCollector.execute(ThrowableCollector.java:73)
	at org.junit.platform.engine.support.hierarchical.NodeTestTask.executeRecursively(NodeTestTask.java:126)
	at org.junit.platform.engine.support.hierarchical.NodeTestTask.execute(NodeTestTask.java:84)
	at org.junit.platform.engine.support.hierarchical.SameThreadHierarchicalTestExecutorService.submit(SameThreadHierarchicalTestExecutorService.java:32)
	at org.junit.platform.engine.support.hierarchical.HierarchicalTestExecutor.execute(HierarchicalTestExecutor.java:57)
	at org.junit.platform.engine.support.hierarchical.HierarchicalTestEngine.execute(HierarchicalTestEngine.java:51)
	at org.junit.platform.launcher.core.EngineExecutionOrchestrator.execute(EngineExecutionOrchestrator.java:108)
	at org.junit.platform.launcher.core.EngineExecutionOrchestrator.execute(EngineExecutionOrchestrator.java:88)
	at org.junit.platform.launcher.core.EngineExecutionOrchestrator.lambda$execute$0(EngineExecutionOrchestrator.java:54)
	at org.junit.platform.launcher.core.EngineExecutionOrchestrator.withInterceptedStreams(EngineExecutionOrchestrator.java:67)
	at org.junit.platform.launcher.core.EngineExecutionOrchestrator.execute(EngineExecutionOrchestrator.java:52)
	at org.junit.platform.launcher.core.DefaultLauncher.execute(DefaultLauncher.java:96)
	at org.junit.platform.launcher.core.DefaultLauncher.execute(DefaultLauncher.java:75)
	at org.gradle.api.internal.tasks.testing.junitplatform.JUnitPlatformTestClassProcessor$CollectAllTestClassesExecutor.processAllTestClasses(JUnitPlatformTestClassProcessor.java:99)
	at org.gradle.api.internal.tasks.testing.junitplatform.JUnitPlatformTestClassProcessor$CollectAllTestClassesExecutor.access$000(JUnitPlatformTestClassProcessor.java:79)
	at org.gradle.api.internal.tasks.testing.junitplatform.JUnitPlatformTestClassProcessor.stop(JUnitPlatformTestClassProcessor.java:75)
	at org.gradle.api.internal.tasks.testing.SuiteTestClassProcessor.stop(SuiteTestClassProcessor.java:61)
	at java.base/jdk.internal.reflect.NativeMethodAccessorImpl.invoke0(Native Method)
	at java.base/jdk.internal.reflect.NativeMethodAccessorImpl.invoke(NativeMethodAccessorImpl.java:62)
	at java.base/jdk.internal.reflect.DelegatingMethodAccessorImpl.invoke(DelegatingMethodAccessorImpl.java:43)
	at java.base/java.lang.reflect.Method.invoke(Method.java:566)
	at org.gradle.internal.dispatch.ReflectionDispatch.dispatch(ReflectionDispatch.java:36)
	at org.gradle.internal.dispatch.ReflectionDispatch.dispatch(ReflectionDispatch.java:24)
	at org.gradle.internal.dispatch.ContextClassLoaderDispatch.dispatch(ContextClassLoaderDispatch.java:33)
	at org.gradle.internal.dispatch.ProxyDispatchAdapter$DispatchingInvocationHandler.invoke(ProxyDispatchAdapter.java:94)
	at com.sun.proxy.$Proxy5.stop(Unknown Source)
	at org.gradle.api.internal.tasks.testing.worker.TestWorker$3.run(TestWorker.java:193)
	at org.gradle.api.internal.tasks.testing.worker.TestWorker.executeAndMaintainThreadName(TestWorker.java:129)
	at org.gradle.api.internal.tasks.testing.worker.TestWorker.execute(TestWorker.java:100)
	at org.gradle.api.internal.tasks.testing.worker.TestWorker.execute(TestWorker.java:60)
	at org.gradle.process.internal.worker.child.ActionExecutionWorker.execute(ActionExecutionWorker.java:56)
	at org.gradle.process.internal.worker.child.SystemApplicationClassLoaderWorker.call(SystemApplicationClassLoaderWorker.java:133)
	at org.gradle.process.internal.worker.child.SystemApplicationClassLoaderWorker.call(SystemApplicationClassLoaderWorker.java:71)
	at worker.org.gradle.process.internal.worker.GradleWorkerMain.run(GradleWorkerMain.java:69)
	at worker.org.gradle.process.internal.worker.GradleWorkerMain.main(GradleWorkerMain.java:74)
Caused by: feign.RetryableException: Connection refused: connect executing GET http://localhost:8082/getAttractionRewardPoints?attractionId=4ac4d30b-f51d-44d5-a556-a18f2dd387f0&userId=9d1e8602-0fd3-4312-a0fc-061c8e50af3e
	at feign.FeignException.errorExecuting(FeignException.java:249)
	at feign.SynchronousMethodHandler.executeAndDecode(SynchronousMethodHandler.java:129)
	at feign.SynchronousMethodHandler.invoke(SynchronousMethodHandler.java:89)
	at feign.ReflectiveFeign$FeignInvocationHandler.invoke(ReflectiveFeign.java:100)
	at com.sun.proxy.$Proxy129.getAttractionRewardPoints(Unknown Source)
	at tourGuide.service.RewardsService.getRewardPoints(RewardsService.java:128)
	at tourGuide.service.RewardsService.lambda$calculateRewardsMultiThread$1(RewardsService.java:95)
	at java.base/java.util.concurrent.Executors$RunnableAdapter.call(Executors.java:515)
	at java.base/java.util.concurrent.FutureTask.run(FutureTask.java:264)
	at java.base/java.util.concurrent.ThreadPoolExecutor.runWorker(ThreadPoolExecutor.java:1128)
	at java.base/java.util.concurrent.ThreadPoolExecutor$Worker.run(ThreadPoolExecutor.java:628)
	at java.base/java.lang.Thread.run(Thread.java:829)
Caused by: java.net.ConnectException: Connection refused: connect
	at java.base/java.net.PlainSocketImpl.waitForConnect(Native Method)
	at java.base/java.net.PlainSocketImpl.socketConnect(PlainSocketImpl.java:107)
	at java.base/java.net.AbstractPlainSocketImpl.doConnect(AbstractPlainSocketImpl.java:399)
	at java.base/java.net.AbstractPlainSocketImpl.connectToAddress(AbstractPlainSocketImpl.java:242)
	at java.base/java.net.AbstractPlainSocketImpl.connect(AbstractPlainSocketImpl.java:224)
	at java.base/java.net.Socket.connect(Socket.java:609)
	at java.base/sun.net.NetworkClient.doConnect(NetworkClient.java:177)
	at java.base/sun.net.www.http.HttpClient.openServer(HttpClient.java:474)
	at java.base/sun.net.www.http.HttpClient.openServer(HttpClient.java:569)
	at java.base/sun.net.www.http.HttpClient.<init>(HttpClient.java:242)
	at java.base/sun.net.www.http.HttpClient.New(HttpClient.java:341)
	at java.base/sun.net.www.http.HttpClient.New(HttpClient.java:362)
	at java.base/sun.net.www.protocol.http.HttpURLConnection.getNewHttpClient(HttpURLConnection.java:1253)
	at java.base/sun.net.www.protocol.http.HttpURLConnection.plainConnect0(HttpURLConnection.java:1187)
	at java.base/sun.net.www.protocol.http.HttpURLConnection.plainConnect(HttpURLConnection.java:1081)
	at java.base/sun.net.www.protocol.http.HttpURLConnection.connect(HttpURLConnection.java:1015)
	at java.base/sun.net.www.protocol.http.HttpURLConnection.getInputStream0(HttpURLConnection.java:1592)
	at java.base/sun.net.www.protocol.http.HttpURLConnection.getInputStream(HttpURLConnection.java:1520)
	at java.base/java.net.HttpURLConnection.getResponseCode(HttpURLConnection.java:527)
	at feign.Client$Default.convertResponse(Client.java:108)
	at feign.Client$Default.execute(Client.java:104)
	at feign.SynchronousMethodHandler.executeAndDecode(SynchronousMethodHandler.java:119)
	... 10 more
java.util.concurrent.ExecutionException: feign.RetryableException: Connection refused: connect executing GET http://localhost:8082/getAttractionRewardPoints?attractionId=4ac4d30b-f51d-44d5-a556-a18f2dd387f0&userId=a6df398a-309a-4fc7-b649-e25687a960b6
	at java.base/java.util.concurrent.FutureTask.report(FutureTask.java:122)
	at java.base/java.util.concurrent.FutureTask.get(FutureTask.java:191)
	at tourGuide.service.RewardsService.lambda$calculateRewardsMultiThread$2(RewardsService.java:108)
	at java.base/java.util.ArrayList$ArrayListSpliterator.forEachRemaining(ArrayList.java:1655)
	at java.base/java.util.stream.ReferencePipeline$Head.forEach(ReferencePipeline.java:658)
	at tourGuide.service.RewardsService.calculateRewardsMultiThread(RewardsService.java:106)
	at tourGuide.performance.PerformanceTest.highVolumeGetRewards(PerformanceTest.java:122)
	at java.base/jdk.internal.reflect.NativeMethodAccessorImpl.invoke0(Native Method)
	at java.base/jdk.internal.reflect.NativeMethodAccessorImpl.invoke(NativeMethodAccessorImpl.java:62)
	at java.base/jdk.internal.reflect.DelegatingMethodAccessorImpl.invoke(DelegatingMethodAccessorImpl.java:43)
	at java.base/java.lang.reflect.Method.invoke(Method.java:566)
	at org.junit.platform.commons.util.ReflectionUtils.invokeMethod(ReflectionUtils.java:688)
	at org.junit.jupiter.engine.execution.ExecutableInvoker.invoke(ExecutableInvoker.java:115)
	at org.junit.jupiter.engine.descriptor.TestMethodTestDescriptor.lambda$invokeTestMethod$6(TestMethodTestDescriptor.java:171)
	at org.junit.platform.engine.support.hierarchical.ThrowableCollector.execute(ThrowableCollector.java:73)
	at org.junit.jupiter.engine.descriptor.TestMethodTestDescriptor.invokeTestMethod(TestMethodTestDescriptor.java:167)
	at org.junit.jupiter.engine.descriptor.TestMethodTestDescriptor.execute(TestMethodTestDescriptor.java:114)
	at org.junit.jupiter.engine.descriptor.TestMethodTestDescriptor.execute(TestMethodTestDescriptor.java:59)
	at org.junit.platform.engine.support.hierarchical.NodeTestTask.lambda$executeRecursively$5(NodeTestTask.java:139)
	at org.junit.platform.engine.support.hierarchical.ThrowableCollector.execute(ThrowableCollector.java:73)
	at org.junit.platform.engine.support.hierarchical.NodeTestTask.lambda$executeRecursively$7(NodeTestTask.java:129)
	at org.junit.platform.engine.support.hierarchical.Node.around(Node.java:137)
	at org.junit.platform.engine.support.hierarchical.NodeTestTask.lambda$executeRecursively$8(NodeTestTask.java:127)
	at org.junit.platform.engine.support.hierarchical.ThrowableCollector.execute(ThrowableCollector.java:73)
	at org.junit.platform.engine.support.hierarchical.NodeTestTask.executeRecursively(NodeTestTask.java:126)
	at org.junit.platform.engine.support.hierarchical.NodeTestTask.execute(NodeTestTask.java:84)
	at java.base/java.util.ArrayList.forEach(ArrayList.java:1541)
	at org.junit.platform.engine.support.hierarchical.SameThreadHierarchicalTestExecutorService.invokeAll(SameThreadHierarchicalTestExecutorService.java:38)
	at org.junit.platform.engine.support.hierarchical.NodeTestTask.lambda$executeRecursively$5(NodeTestTask.java:143)
	at org.junit.platform.engine.support.hierarchical.ThrowableCollector.execute(ThrowableCollector.java:73)
	at org.junit.platform.engine.support.hierarchical.NodeTestTask.lambda$executeRecursively$7(NodeTestTask.java:129)
	at org.junit.platform.engine.support.hierarchical.Node.around(Node.java:137)
	at org.junit.platform.engine.support.hierarchical.NodeTestTask.lambda$executeRecursively$8(NodeTestTask.java:127)
	at org.junit.platform.engine.support.hierarchical.ThrowableCollector.execute(ThrowableCollector.java:73)
	at org.junit.platform.engine.support.hierarchical.NodeTestTask.executeRecursively(NodeTestTask.java:126)
	at org.junit.platform.engine.support.hierarchical.NodeTestTask.execute(NodeTestTask.java:84)
	at java.base/java.util.ArrayList.forEach(ArrayList.java:1541)
	at org.junit.platform.engine.support.hierarchical.SameThreadHierarchicalTestExecutorService.invokeAll(SameThreadHierarchicalTestExecutorService.java:38)
	at org.junit.platform.engine.support.hierarchical.NodeTestTask.lambda$executeRecursively$5(NodeTestTask.java:143)
	at org.junit.platform.engine.support.hierarchical.ThrowableCollector.execute(ThrowableCollector.java:73)
	at org.junit.platform.engine.support.hierarchical.NodeTestTask.lambda$executeRecursively$7(NodeTestTask.java:129)
	at org.junit.platform.engine.support.hierarchical.Node.around(Node.java:137)
	at org.junit.platform.engine.support.hierarchical.NodeTestTask.lambda$executeRecursively$8(NodeTestTask.java:127)
	at org.junit.platform.engine.support.hierarchical.ThrowableCollector.execute(ThrowableCollector.java:73)
	at org.junit.platform.engine.support.hierarchical.NodeTestTask.executeRecursively(NodeTestTask.java:126)
	at org.junit.platform.engine.support.hierarchical.NodeTestTask.execute(NodeTestTask.java:84)
	at org.junit.platform.engine.support.hierarchical.SameThreadHierarchicalTestExecutorService.submit(SameThreadHierarchicalTestExecutorService.java:32)
	at org.junit.platform.engine.support.hierarchical.HierarchicalTestExecutor.execute(HierarchicalTestExecutor.java:57)
	at org.junit.platform.engine.support.hierarchical.HierarchicalTestEngine.execute(HierarchicalTestEngine.java:51)
	at org.junit.platform.launcher.core.EngineExecutionOrchestrator.execute(EngineExecutionOrchestrator.java:108)
	at org.junit.platform.launcher.core.EngineExecutionOrchestrator.execute(EngineExecutionOrchestrator.java:88)
	at org.junit.platform.launcher.core.EngineExecutionOrchestrator.lambda$execute$0(EngineExecutionOrchestrator.java:54)
	at org.junit.platform.launcher.core.EngineExecutionOrchestrator.withInterceptedStreams(EngineExecutionOrchestrator.java:67)
	at org.junit.platform.launcher.core.EngineExecutionOrchestrator.execute(EngineExecutionOrchestrator.java:52)
	at org.junit.platform.launcher.core.DefaultLauncher.execute(DefaultLauncher.java:96)
	at org.junit.platform.launcher.core.DefaultLauncher.execute(DefaultLauncher.java:75)
	at org.gradle.api.internal.tasks.testing.junitplatform.JUnitPlatformTestClassProcessor$CollectAllTestClassesExecutor.processAllTestClasses(JUnitPlatformTestClassProcessor.java:99)
	at org.gradle.api.internal.tasks.testing.junitplatform.JUnitPlatformTestClassProcessor$CollectAllTestClassesExecutor.access$000(JUnitPlatformTestClassProcessor.java:79)
	at org.gradle.api.internal.tasks.testing.junitplatform.JUnitPlatformTestClassProcessor.stop(JUnitPlatformTestClassProcessor.java:75)
	at org.gradle.api.internal.tasks.testing.SuiteTestClassProcessor.stop(SuiteTestClassProcessor.java:61)
	at java.base/jdk.internal.reflect.NativeMethodAccessorImpl.invoke0(Native Method)
	at java.base/jdk.internal.reflect.NativeMethodAccessorImpl.invoke(NativeMethodAccessorImpl.java:62)
	at java.base/jdk.internal.reflect.DelegatingMethodAccessorImpl.invoke(DelegatingMethodAccessorImpl.java:43)
	at java.base/java.lang.reflect.Method.invoke(Method.java:566)
	at org.gradle.internal.dispatch.ReflectionDispatch.dispatch(ReflectionDispatch.java:36)
	at org.gradle.internal.dispatch.ReflectionDispatch.dispatch(ReflectionDispatch.java:24)
	at org.gradle.internal.dispatch.ContextClassLoaderDispatch.dispatch(ContextClassLoaderDispatch.java:33)
	at org.gradle.internal.dispatch.ProxyDispatchAdapter$DispatchingInvocationHandler.invoke(ProxyDispatchAdapter.java:94)
	at com.sun.proxy.$Proxy5.stop(Unknown Source)
	at org.gradle.api.internal.tasks.testing.worker.TestWorker$3.run(TestWorker.java:193)
	at org.gradle.api.internal.tasks.testing.worker.TestWorker.executeAndMaintainThreadName(TestWorker.java:129)
	at org.gradle.api.internal.tasks.testing.worker.TestWorker.execute(TestWorker.java:100)
	at org.gradle.api.internal.tasks.testing.worker.TestWorker.execute(TestWorker.java:60)
	at org.gradle.process.internal.worker.child.ActionExecutionWorker.execute(ActionExecutionWorker.java:56)
	at org.gradle.process.internal.worker.child.SystemApplicationClassLoaderWorker.call(SystemApplicationClassLoaderWorker.java:133)
	at org.gradle.process.internal.worker.child.SystemApplicationClassLoaderWorker.call(SystemApplicationClassLoaderWorker.java:71)
	at worker.org.gradle.process.internal.worker.GradleWorkerMain.run(GradleWorkerMain.java:69)
	at worker.org.gradle.process.internal.worker.GradleWorkerMain.main(GradleWorkerMain.java:74)
Caused by: feign.RetryableException: Connection refused: connect executing GET http://localhost:8082/getAttractionRewardPoints?attractionId=4ac4d30b-f51d-44d5-a556-a18f2dd387f0&userId=a6df398a-309a-4fc7-b649-e25687a960b6
	at feign.FeignException.errorExecuting(FeignException.java:249)
	at feign.SynchronousMethodHandler.executeAndDecode(SynchronousMethodHandler.java:129)
	at feign.SynchronousMethodHandler.invoke(SynchronousMethodHandler.java:89)
	at feign.ReflectiveFeign$FeignInvocationHandler.invoke(ReflectiveFeign.java:100)
	at com.sun.proxy.$Proxy129.getAttractionRewardPoints(Unknown Source)
	at tourGuide.service.RewardsService.getRewardPoints(RewardsService.java:128)
	at tourGuide.service.RewardsService.lambda$calculateRewardsMultiThread$1(RewardsService.java:95)
	at java.base/java.util.concurrent.Executors$RunnableAdapter.call(Executors.java:515)
	at java.base/java.util.concurrent.FutureTask.run(FutureTask.java:264)
	at java.base/java.util.concurrent.ThreadPoolExecutor.runWorker(ThreadPoolExecutor.java:1128)
	at java.base/java.util.concurrent.ThreadPoolExecutor$Worker.run(ThreadPoolExecutor.java:628)
	at java.base/java.lang.Thread.run(Thread.java:829)
Caused by: java.net.ConnectException: Connection refused: connect
	at java.base/java.net.PlainSocketImpl.waitForConnect(Native Method)
	at java.base/java.net.PlainSocketImpl.socketConnect(PlainSocketImpl.java:107)
	at java.base/java.net.AbstractPlainSocketImpl.doConnect(AbstractPlainSocketImpl.java:399)
	at java.base/java.net.AbstractPlainSocketImpl.connectToAddress(AbstractPlainSocketImpl.java:242)
	at java.base/java.net.AbstractPlainSocketImpl.connect(AbstractPlainSocketImpl.java:224)
	at java.base/java.net.Socket.connect(Socket.java:609)
	at java.base/sun.net.NetworkClient.doConnect(NetworkClient.java:177)
	at java.base/sun.net.www.http.HttpClient.openServer(HttpClient.java:474)
	at java.base/sun.net.www.http.HttpClient.openServer(HttpClient.java:569)
	at java.base/sun.net.www.http.HttpClient.<init>(HttpClient.java:242)
	at java.base/sun.net.www.http.HttpClient.New(HttpClient.java:341)
	at java.base/sun.net.www.http.HttpClient.New(HttpClient.java:362)
	at java.base/sun.net.www.protocol.http.HttpURLConnection.getNewHttpClient(HttpURLConnection.java:1253)
	at java.base/sun.net.www.protocol.http.HttpURLConnection.plainConnect0(HttpURLConnection.java:1187)
	at java.base/sun.net.www.protocol.http.HttpURLConnection.plainConnect(HttpURLConnection.java:1081)
	at java.base/sun.net.www.protocol.http.HttpURLConnection.connect(HttpURLConnection.java:1015)
	at java.base/sun.net.www.protocol.http.HttpURLConnection.getInputStream0(HttpURLConnection.java:1592)
	at java.base/sun.net.www.protocol.http.HttpURLConnection.getInputStream(HttpURLConnection.java:1520)
	at java.base/java.net.HttpURLConnection.getResponseCode(HttpURLConnection.java:527)
	at feign.Client$Default.convertResponse(Client.java:108)
	at feign.Client$Default.execute(Client.java:104)
	at feign.SynchronousMethodHandler.executeAndDecode(SynchronousMethodHandler.java:119)
	... 10 more
java.util.concurrent.ExecutionException: feign.RetryableException: Connection refused: connect executing GET http://localhost:8082/getAttractionRewardPoints?attractionId=4ac4d30b-f51d-44d5-a556-a18f2dd387f0&userId=3dda2ef1-815c-4e8a-a4e9-52fda91c66c9
	at java.base/java.util.concurrent.FutureTask.report(FutureTask.java:122)
	at java.base/java.util.concurrent.FutureTask.get(FutureTask.java:191)
	at tourGuide.service.RewardsService.lambda$calculateRewardsMultiThread$2(RewardsService.java:108)
	at java.base/java.util.ArrayList$ArrayListSpliterator.forEachRemaining(ArrayList.java:1655)
	at java.base/java.util.stream.ReferencePipeline$Head.forEach(ReferencePipeline.java:658)
	at tourGuide.service.RewardsService.calculateRewardsMultiThread(RewardsService.java:106)
	at tourGuide.performance.PerformanceTest.highVolumeGetRewards(PerformanceTest.java:122)
	at java.base/jdk.internal.reflect.NativeMethodAccessorImpl.invoke0(Native Method)
	at java.base/jdk.internal.reflect.NativeMethodAccessorImpl.invoke(NativeMethodAccessorImpl.java:62)
	at java.base/jdk.internal.reflect.DelegatingMethodAccessorImpl.invoke(DelegatingMethodAccessorImpl.java:43)
	at java.base/java.lang.reflect.Method.invoke(Method.java:566)
	at org.junit.platform.commons.util.ReflectionUtils.invokeMethod(ReflectionUtils.java:688)
	at org.junit.jupiter.engine.execution.ExecutableInvoker.invoke(ExecutableInvoker.java:115)
	at org.junit.jupiter.engine.descriptor.TestMethodTestDescriptor.lambda$invokeTestMethod$6(TestMethodTestDescriptor.java:171)
	at org.junit.platform.engine.support.hierarchical.ThrowableCollector.execute(ThrowableCollector.java:73)
	at org.junit.jupiter.engine.descriptor.TestMethodTestDescriptor.invokeTestMethod(TestMethodTestDescriptor.java:167)
	at org.junit.jupiter.engine.descriptor.TestMethodTestDescriptor.execute(TestMethodTestDescriptor.java:114)
	at org.junit.jupiter.engine.descriptor.TestMethodTestDescriptor.execute(TestMethodTestDescriptor.java:59)
	at org.junit.platform.engine.support.hierarchical.NodeTestTask.lambda$executeRecursively$5(NodeTestTask.java:139)
	at org.junit.platform.engine.support.hierarchical.ThrowableCollector.execute(ThrowableCollector.java:73)
	at org.junit.platform.engine.support.hierarchical.NodeTestTask.lambda$executeRecursively$7(NodeTestTask.java:129)
	at org.junit.platform.engine.support.hierarchical.Node.around(Node.java:137)
	at org.junit.platform.engine.support.hierarchical.NodeTestTask.lambda$executeRecursively$8(NodeTestTask.java:127)
	at org.junit.platform.engine.support.hierarchical.ThrowableCollector.execute(ThrowableCollector.java:73)
	at org.junit.platform.engine.support.hierarchical.NodeTestTask.executeRecursively(NodeTestTask.java:126)
	at org.junit.platform.engine.support.hierarchical.NodeTestTask.execute(NodeTestTask.java:84)
	at java.base/java.util.ArrayList.forEach(ArrayList.java:1541)
	at org.junit.platform.engine.support.hierarchical.SameThreadHierarchicalTestExecutorService.invokeAll(SameThreadHierarchicalTestExecutorService.java:38)
	at org.junit.platform.engine.support.hierarchical.NodeTestTask.lambda$executeRecursively$5(NodeTestTask.java:143)
	at org.junit.platform.engine.support.hierarchical.ThrowableCollector.execute(ThrowableCollector.java:73)
	at org.junit.platform.engine.support.hierarchical.NodeTestTask.lambda$executeRecursively$7(NodeTestTask.java:129)
	at org.junit.platform.engine.support.hierarchical.Node.around(Node.java:137)
	at org.junit.platform.engine.support.hierarchical.NodeTestTask.lambda$executeRecursively$8(NodeTestTask.java:127)
	at org.junit.platform.engine.support.hierarchical.ThrowableCollector.execute(ThrowableCollector.java:73)
	at org.junit.platform.engine.support.hierarchical.NodeTestTask.executeRecursively(NodeTestTask.java:126)
	at org.junit.platform.engine.support.hierarchical.NodeTestTask.execute(NodeTestTask.java:84)
	at java.base/java.util.ArrayList.forEach(ArrayList.java:1541)
	at org.junit.platform.engine.support.hierarchical.SameThreadHierarchicalTestExecutorService.invokeAll(SameThreadHierarchicalTestExecutorService.java:38)
	at org.junit.platform.engine.support.hierarchical.NodeTestTask.lambda$executeRecursively$5(NodeTestTask.java:143)
	at org.junit.platform.engine.support.hierarchical.ThrowableCollector.execute(ThrowableCollector.java:73)
	at org.junit.platform.engine.support.hierarchical.NodeTestTask.lambda$executeRecursively$7(NodeTestTask.java:129)
	at org.junit.platform.engine.support.hierarchical.Node.around(Node.java:137)
	at org.junit.platform.engine.support.hierarchical.NodeTestTask.lambda$executeRecursively$8(NodeTestTask.java:127)
	at org.junit.platform.engine.support.hierarchical.ThrowableCollector.execute(ThrowableCollector.java:73)
	at org.junit.platform.engine.support.hierarchical.NodeTestTask.executeRecursively(NodeTestTask.java:126)
	at org.junit.platform.engine.support.hierarchical.NodeTestTask.execute(NodeTestTask.java:84)
	at org.junit.platform.engine.support.hierarchical.SameThreadHierarchicalTestExecutorService.submit(SameThreadHierarchicalTestExecutorService.java:32)
	at org.junit.platform.engine.support.hierarchical.HierarchicalTestExecutor.execute(HierarchicalTestExecutor.java:57)
	at org.junit.platform.engine.support.hierarchical.HierarchicalTestEngine.execute(HierarchicalTestEngine.java:51)
	at org.junit.platform.launcher.core.EngineExecutionOrchestrator.execute(EngineExecutionOrchestrator.java:108)
	at org.junit.platform.launcher.core.EngineExecutionOrchestrator.execute(EngineExecutionOrchestrator.java:88)
	at org.junit.platform.launcher.core.EngineExecutionOrchestrator.lambda$execute$0(EngineExecutionOrchestrator.java:54)
	at org.junit.platform.launcher.core.EngineExecutionOrchestrator.withInterceptedStreams(EngineExecutionOrchestrator.java:67)
	at org.junit.platform.launcher.core.EngineExecutionOrchestrator.execute(EngineExecutionOrchestrator.java:52)
	at org.junit.platform.launcher.core.DefaultLauncher.execute(DefaultLauncher.java:96)
	at org.junit.platform.launcher.core.DefaultLauncher.execute(DefaultLauncher.java:75)
	at org.gradle.api.internal.tasks.testing.junitplatform.JUnitPlatformTestClassProcessor$CollectAllTestClassesExecutor.processAllTestClasses(JUnitPlatformTestClassProcessor.java:99)
	at org.gradle.api.internal.tasks.testing.junitplatform.JUnitPlatformTestClassProcessor$CollectAllTestClassesExecutor.access$000(JUnitPlatformTestClassProcessor.java:79)
	at org.gradle.api.internal.tasks.testing.junitplatform.JUnitPlatformTestClassProcessor.stop(JUnitPlatformTestClassProcessor.java:75)
	at org.gradle.api.internal.tasks.testing.SuiteTestClassProcessor.stop(SuiteTestClassProcessor.java:61)
	at java.base/jdk.internal.reflect.NativeMethodAccessorImpl.invoke0(Native Method)
	at java.base/jdk.internal.reflect.NativeMethodAccessorImpl.invoke(NativeMethodAccessorImpl.java:62)
	at java.base/jdk.internal.reflect.DelegatingMethodAccessorImpl.invoke(DelegatingMethodAccessorImpl.java:43)
	at java.base/java.lang.reflect.Method.invoke(Method.java:566)
	at org.gradle.internal.dispatch.ReflectionDispatch.dispatch(ReflectionDispatch.java:36)
	at org.gradle.internal.dispatch.ReflectionDispatch.dispatch(ReflectionDispatch.java:24)
	at org.gradle.internal.dispatch.ContextClassLoaderDispatch.dispatch(ContextClassLoaderDispatch.java:33)
	at org.gradle.internal.dispatch.ProxyDispatchAdapter$DispatchingInvocationHandler.invoke(ProxyDispatchAdapter.java:94)
	at com.sun.proxy.$Proxy5.stop(Unknown Source)
	at org.gradle.api.internal.tasks.testing.worker.TestWorker$3.run(TestWorker.java:193)
	at org.gradle.api.internal.tasks.testing.worker.TestWorker.executeAndMaintainThreadName(TestWorker.java:129)
	at org.gradle.api.internal.tasks.testing.worker.TestWorker.execute(TestWorker.java:100)
	at org.gradle.api.internal.tasks.testing.worker.TestWorker.execute(TestWorker.java:60)
	at org.gradle.process.internal.worker.child.ActionExecutionWorker.execute(ActionExecutionWorker.java:56)
	at org.gradle.process.internal.worker.child.SystemApplicationClassLoaderWorker.call(SystemApplicationClassLoaderWorker.java:133)
	at org.gradle.process.internal.worker.child.SystemApplicationClassLoaderWorker.call(SystemApplicationClassLoaderWorker.java:71)
	at worker.org.gradle.process.internal.worker.GradleWorkerMain.run(GradleWorkerMain.java:69)
	at worker.org.gradle.process.internal.worker.GradleWorkerMain.main(GradleWorkerMain.java:74)
Caused by: feign.RetryableException: Connection refused: connect executing GET http://localhost:8082/getAttractionRewardPoints?attractionId=4ac4d30b-f51d-44d5-a556-a18f2dd387f0&userId=3dda2ef1-815c-4e8a-a4e9-52fda91c66c9
	at feign.FeignException.errorExecuting(FeignException.java:249)
	at feign.SynchronousMethodHandler.executeAndDecode(SynchronousMethodHandler.java:129)
	at feign.SynchronousMethodHandler.invoke(SynchronousMethodHandler.java:89)
	at feign.ReflectiveFeign$FeignInvocationHandler.invoke(ReflectiveFeign.java:100)
	at com.sun.proxy.$Proxy129.getAttractionRewardPoints(Unknown Source)
	at tourGuide.service.RewardsService.getRewardPoints(RewardsService.java:128)
	at tourGuide.service.RewardsService.lambda$calculateRewardsMultiThread$1(RewardsService.java:95)
	at java.base/java.util.concurrent.Executors$RunnableAdapter.call(Executors.java:515)
	at java.base/java.util.concurrent.FutureTask.run(FutureTask.java:264)
	at java.base/java.util.concurrent.ThreadPoolExecutor.runWorker(ThreadPoolExecutor.java:1128)
	at java.base/java.util.concurrent.ThreadPoolExecutor$Worker.run(ThreadPoolExecutor.java:628)
	at java.base/java.lang.Thread.run(Thread.java:829)
Caused by: java.net.ConnectException: Connection refused: connect
	at java.base/java.net.PlainSocketImpl.waitForConnect(Native Method)
	at java.base/java.net.PlainSocketImpl.socketConnect(PlainSocketImpl.java:107)
	at java.base/java.net.AbstractPlainSocketImpl.doConnect(AbstractPlainSocketImpl.java:399)
	at java.base/java.net.AbstractPlainSocketImpl.connectToAddress(AbstractPlainSocketImpl.java:242)
	at java.base/java.net.AbstractPlainSocketImpl.connect(AbstractPlainSocketImpl.java:224)
	at java.base/java.net.Socket.connect(Socket.java:609)
	at java.base/sun.net.NetworkClient.doConnect(NetworkClient.java:177)
	at java.base/sun.net.www.http.HttpClient.openServer(HttpClient.java:474)
	at java.base/sun.net.www.http.HttpClient.openServer(HttpClient.java:569)
	at java.base/sun.net.www.http.HttpClient.<init>(HttpClient.java:242)
	at java.base/sun.net.www.http.HttpClient.New(HttpClient.java:341)
	at java.base/sun.net.www.http.HttpClient.New(HttpClient.java:362)
	at java.base/sun.net.www.protocol.http.HttpURLConnection.getNewHttpClient(HttpURLConnection.java:1253)
	at java.base/sun.net.www.protocol.http.HttpURLConnection.plainConnect0(HttpURLConnection.java:1187)
	at java.base/sun.net.www.protocol.http.HttpURLConnection.plainConnect(HttpURLConnection.java:1081)
	at java.base/sun.net.www.protocol.http.HttpURLConnection.connect(HttpURLConnection.java:1015)
	at java.base/sun.net.www.protocol.http.HttpURLConnection.getInputStream0(HttpURLConnection.java:1592)
	at java.base/sun.net.www.protocol.http.HttpURLConnection.getInputStream(HttpURLConnection.java:1520)
	at java.base/java.net.HttpURLConnection.getResponseCode(HttpURLConnection.java:527)
	at feign.Client$Default.convertResponse(Client.java:108)
	at feign.Client$Default.execute(Client.java:104)
	at feign.SynchronousMethodHandler.executeAndDecode(SynchronousMethodHandler.java:119)
	... 10 more
java.util.concurrent.ExecutionException: feign.RetryableException: Connection refused: connect executing GET http://localhost:8082/getAttractionRewardPoints?attractionId=4ac4d30b-f51d-44d5-a556-a18f2dd387f0&userId=1c1cbe40-2fe5-4efa-b21e-ed991df8726a
	at java.base/java.util.concurrent.FutureTask.report(FutureTask.java:122)
	at java.base/java.util.concurrent.FutureTask.get(FutureTask.java:191)
	at tourGuide.service.RewardsService.lambda$calculateRewardsMultiThread$2(RewardsService.java:108)
	at java.base/java.util.ArrayList$ArrayListSpliterator.forEachRemaining(ArrayList.java:1655)
	at java.base/java.util.stream.ReferencePipeline$Head.forEach(ReferencePipeline.java:658)
	at tourGuide.service.RewardsService.calculateRewardsMultiThread(RewardsService.java:106)
	at tourGuide.performance.PerformanceTest.highVolumeGetRewards(PerformanceTest.java:122)
	at java.base/jdk.internal.reflect.NativeMethodAccessorImpl.invoke0(Native Method)
	at java.base/jdk.internal.reflect.NativeMethodAccessorImpl.invoke(NativeMethodAccessorImpl.java:62)
	at java.base/jdk.internal.reflect.DelegatingMethodAccessorImpl.invoke(DelegatingMethodAccessorImpl.java:43)
	at java.base/java.lang.reflect.Method.invoke(Method.java:566)
	at org.junit.platform.commons.util.ReflectionUtils.invokeMethod(ReflectionUtils.java:688)
	at org.junit.jupiter.engine.execution.ExecutableInvoker.invoke(ExecutableInvoker.java:115)
	at org.junit.jupiter.engine.descriptor.TestMethodTestDescriptor.lambda$invokeTestMethod$6(TestMethodTestDescriptor.java:171)
	at org.junit.platform.engine.support.hierarchical.ThrowableCollector.execute(ThrowableCollector.java:73)
	at org.junit.jupiter.engine.descriptor.TestMethodTestDescriptor.invokeTestMethod(TestMethodTestDescriptor.java:167)
	at org.junit.jupiter.engine.descriptor.TestMethodTestDescriptor.execute(TestMethodTestDescriptor.java:114)
	at org.junit.jupiter.engine.descriptor.TestMethodTestDescriptor.execute(TestMethodTestDescriptor.java:59)
	at org.junit.platform.engine.support.hierarchical.NodeTestTask.lambda$executeRecursively$5(NodeTestTask.java:139)
	at org.junit.platform.engine.support.hierarchical.ThrowableCollector.execute(ThrowableCollector.java:73)
	at org.junit.platform.engine.support.hierarchical.NodeTestTask.lambda$executeRecursively$7(NodeTestTask.java:129)
	at org.junit.platform.engine.support.hierarchical.Node.around(Node.java:137)
	at org.junit.platform.engine.support.hierarchical.NodeTestTask.lambda$executeRecursively$8(NodeTestTask.java:127)
	at org.junit.platform.engine.support.hierarchical.ThrowableCollector.execute(ThrowableCollector.java:73)
	at org.junit.platform.engine.support.hierarchical.NodeTestTask.executeRecursively(NodeTestTask.java:126)
	at org.junit.platform.engine.support.hierarchical.NodeTestTask.execute(NodeTestTask.java:84)
	at java.base/java.util.ArrayList.forEach(ArrayList.java:1541)
	at org.junit.platform.engine.support.hierarchical.SameThreadHierarchicalTestExecutorService.invokeAll(SameThreadHierarchicalTestExecutorService.java:38)
	at org.junit.platform.engine.support.hierarchical.NodeTestTask.lambda$executeRecursively$5(NodeTestTask.java:143)
	at org.junit.platform.engine.support.hierarchical.ThrowableCollector.execute(ThrowableCollector.java:73)
	at org.junit.platform.engine.support.hierarchical.NodeTestTask.lambda$executeRecursively$7(NodeTestTask.java:129)
	at org.junit.platform.engine.support.hierarchical.Node.around(Node.java:137)
	at org.junit.platform.engine.support.hierarchical.NodeTestTask.lambda$executeRecursively$8(NodeTestTask.java:127)
	at org.junit.platform.engine.support.hierarchical.ThrowableCollector.execute(ThrowableCollector.java:73)
	at org.junit.platform.engine.support.hierarchical.NodeTestTask.executeRecursively(NodeTestTask.java:126)
	at org.junit.platform.engine.support.hierarchical.NodeTestTask.execute(NodeTestTask.java:84)
	at java.base/java.util.ArrayList.forEach(ArrayList.java:1541)
	at org.junit.platform.engine.support.hierarchical.SameThreadHierarchicalTestExecutorService.invokeAll(SameThreadHierarchicalTestExecutorService.java:38)
	at org.junit.platform.engine.support.hierarchical.NodeTestTask.lambda$executeRecursively$5(NodeTestTask.java:143)
	at org.junit.platform.engine.support.hierarchical.ThrowableCollector.execute(ThrowableCollector.java:73)
	at org.junit.platform.engine.support.hierarchical.NodeTestTask.lambda$executeRecursively$7(NodeTestTask.java:129)
	at org.junit.platform.engine.support.hierarchical.Node.around(Node.java:137)
	at org.junit.platform.engine.support.hierarchical.NodeTestTask.lambda$executeRecursively$8(NodeTestTask.java:127)
	at org.junit.platform.engine.support.hierarchical.ThrowableCollector.execute(ThrowableCollector.java:73)
	at org.junit.platform.engine.support.hierarchical.NodeTestTask.executeRecursively(NodeTestTask.java:126)
	at org.junit.platform.engine.support.hierarchical.NodeTestTask.execute(NodeTestTask.java:84)
	at org.junit.platform.engine.support.hierarchical.SameThreadHierarchicalTestExecutorService.submit(SameThreadHierarchicalTestExecutorService.java:32)
	at org.junit.platform.engine.support.hierarchical.HierarchicalTestExecutor.execute(HierarchicalTestExecutor.java:57)
	at org.junit.platform.engine.support.hierarchical.HierarchicalTestEngine.execute(HierarchicalTestEngine.java:51)
	at org.junit.platform.launcher.core.EngineExecutionOrchestrator.execute(EngineExecutionOrchestrator.java:108)
	at org.junit.platform.launcher.core.EngineExecutionOrchestrator.execute(EngineExecutionOrchestrator.java:88)
	at org.junit.platform.launcher.core.EngineExecutionOrchestrator.lambda$execute$0(EngineExecutionOrchestrator.java:54)
	at org.junit.platform.launcher.core.EngineExecutionOrchestrator.withInterceptedStreams(EngineExecutionOrchestrator.java:67)
	at org.junit.platform.launcher.core.EngineExecutionOrchestrator.execute(EngineExecutionOrchestrator.java:52)
	at org.junit.platform.launcher.core.DefaultLauncher.execute(DefaultLauncher.java:96)
	at org.junit.platform.launcher.core.DefaultLauncher.execute(DefaultLauncher.java:75)
	at org.gradle.api.internal.tasks.testing.junitplatform.JUnitPlatformTestClassProcessor$CollectAllTestClassesExecutor.processAllTestClasses(JUnitPlatformTestClassProcessor.java:99)
	at org.gradle.api.internal.tasks.testing.junitplatform.JUnitPlatformTestClassProcessor$CollectAllTestClassesExecutor.access$000(JUnitPlatformTestClassProcessor.java:79)
	at org.gradle.api.internal.tasks.testing.junitplatform.JUnitPlatformTestClassProcessor.stop(JUnitPlatformTestClassProcessor.java:75)
	at org.gradle.api.internal.tasks.testing.SuiteTestClassProcessor.stop(SuiteTestClassProcessor.java:61)
	at java.base/jdk.internal.reflect.NativeMethodAccessorImpl.invoke0(Native Method)
	at java.base/jdk.internal.reflect.NativeMethodAccessorImpl.invoke(NativeMethodAccessorImpl.java:62)
	at java.base/jdk.internal.reflect.DelegatingMethodAccessorImpl.invoke(DelegatingMethodAccessorImpl.java:43)
	at java.base/java.lang.reflect.Method.invoke(Method.java:566)
	at org.gradle.internal.dispatch.ReflectionDispatch.dispatch(ReflectionDispatch.java:36)
	at org.gradle.internal.dispatch.ReflectionDispatch.dispatch(ReflectionDispatch.java:24)
	at org.gradle.internal.dispatch.ContextClassLoaderDispatch.dispatch(ContextClassLoaderDispatch.java:33)
	at org.gradle.internal.dispatch.ProxyDispatchAdapter$DispatchingInvocationHandler.invoke(ProxyDispatchAdapter.java:94)
	at com.sun.proxy.$Proxy5.stop(Unknown Source)
	at org.gradle.api.internal.tasks.testing.worker.TestWorker$3.run(TestWorker.java:193)
	at org.gradle.api.internal.tasks.testing.worker.TestWorker.executeAndMaintainThreadName(TestWorker.java:129)
	at org.gradle.api.internal.tasks.testing.worker.TestWorker.execute(TestWorker.java:100)
	at org.gradle.api.internal.tasks.testing.worker.TestWorker.execute(TestWorker.java:60)
	at org.gradle.process.internal.worker.child.ActionExecutionWorker.execute(ActionExecutionWorker.java:56)
	at org.gradle.process.internal.worker.child.SystemApplicationClassLoaderWorker.call(SystemApplicationClassLoaderWorker.java:133)
	at org.gradle.process.internal.worker.child.SystemApplicationClassLoaderWorker.call(SystemApplicationClassLoaderWorker.java:71)
	at worker.org.gradle.process.internal.worker.GradleWorkerMain.run(GradleWorkerMain.java:69)
	at worker.org.gradle.process.internal.worker.GradleWorkerMain.main(GradleWorkerMain.java:74)
Caused by: feign.RetryableException: Connection refused: connect executing GET http://localhost:8082/getAttractionRewardPoints?attractionId=4ac4d30b-f51d-44d5-a556-a18f2dd387f0&userId=1c1cbe40-2fe5-4efa-b21e-ed991df8726a
	at feign.FeignException.errorExecuting(FeignException.java:249)
	at feign.SynchronousMethodHandler.executeAndDecode(SynchronousMethodHandler.java:129)
	at feign.SynchronousMethodHandler.invoke(SynchronousMethodHandler.java:89)
	at feign.ReflectiveFeign$FeignInvocationHandler.invoke(ReflectiveFeign.java:100)
	at com.sun.proxy.$Proxy129.getAttractionRewardPoints(Unknown Source)
	at tourGuide.service.RewardsService.getRewardPoints(RewardsService.java:128)
	at tourGuide.service.RewardsService.lambda$calculateRewardsMultiThread$1(RewardsService.java:95)
	at java.base/java.util.concurrent.Executors$RunnableAdapter.call(Executors.java:515)
	at java.base/java.util.concurrent.FutureTask.run(FutureTask.java:264)
	at java.base/java.util.concurrent.ThreadPoolExecutor.runWorker(ThreadPoolExecutor.java:1128)
	at java.base/java.util.concurrent.ThreadPoolExecutor$Worker.run(ThreadPoolExecutor.java:628)
	at java.base/java.lang.Thread.run(Thread.java:829)
Caused by: java.net.ConnectException: Connection refused: connect
	at java.base/java.net.PlainSocketImpl.waitForConnect(Native Method)
	at java.base/java.net.PlainSocketImpl.socketConnect(PlainSocketImpl.java:107)
	at java.base/java.net.AbstractPlainSocketImpl.doConnect(AbstractPlainSocketImpl.java:399)
	at java.base/java.net.AbstractPlainSocketImpl.connectToAddress(AbstractPlainSocketImpl.java:242)
	at java.base/java.net.AbstractPlainSocketImpl.connect(AbstractPlainSocketImpl.java:224)
	at java.base/java.net.Socket.connect(Socket.java:609)
	at java.base/sun.net.NetworkClient.doConnect(NetworkClient.java:177)
	at java.base/sun.net.www.http.HttpClient.openServer(HttpClient.java:474)
	at java.base/sun.net.www.http.HttpClient.openServer(HttpClient.java:569)
	at java.base/sun.net.www.http.HttpClient.<init>(HttpClient.java:242)
	at java.base/sun.net.www.http.HttpClient.New(HttpClient.java:341)
	at java.base/sun.net.www.http.HttpClient.New(HttpClient.java:362)
	at java.base/sun.net.www.protocol.http.HttpURLConnection.getNewHttpClient(HttpURLConnection.java:1253)
	at java.base/sun.net.www.protocol.http.HttpURLConnection.plainConnect0(HttpURLConnection.java:1187)
	at java.base/sun.net.www.protocol.http.HttpURLConnection.plainConnect(HttpURLConnection.java:1081)
	at java.base/sun.net.www.protocol.http.HttpURLConnection.connect(HttpURLConnection.java:1015)
	at java.base/sun.net.www.protocol.http.HttpURLConnection.getInputStream0(HttpURLConnection.java:1592)
	at java.base/sun.net.www.protocol.http.HttpURLConnection.getInputStream(HttpURLConnection.java:1520)
	at java.base/java.net.HttpURLConnection.getResponseCode(HttpURLConnection.java:527)
	at feign.Client$Default.convertResponse(Client.java:108)
	at feign.Client$Default.execute(Client.java:104)
	at feign.SynchronousMethodHandler.executeAndDecode(SynchronousMethodHandler.java:119)
	... 10 more
java.util.concurrent.ExecutionException: feign.RetryableException: Connection refused: connect executing GET http://localhost:8082/getAttractionRewardPoints?attractionId=4ac4d30b-f51d-44d5-a556-a18f2dd387f0&userId=f9fa16bd-f404-48b9-aa43-f28d39ca957a
	at java.base/java.util.concurrent.FutureTask.report(FutureTask.java:122)
	at java.base/java.util.concurrent.FutureTask.get(FutureTask.java:191)
	at tourGuide.service.RewardsService.lambda$calculateRewardsMultiThread$2(RewardsService.java:108)
	at java.base/java.util.ArrayList$ArrayListSpliterator.forEachRemaining(ArrayList.java:1655)
	at java.base/java.util.stream.ReferencePipeline$Head.forEach(ReferencePipeline.java:658)
	at tourGuide.service.RewardsService.calculateRewardsMultiThread(RewardsService.java:106)
	at tourGuide.performance.PerformanceTest.highVolumeGetRewards(PerformanceTest.java:122)
	at java.base/jdk.internal.reflect.NativeMethodAccessorImpl.invoke0(Native Method)
	at java.base/jdk.internal.reflect.NativeMethodAccessorImpl.invoke(NativeMethodAccessorImpl.java:62)
	at java.base/jdk.internal.reflect.DelegatingMethodAccessorImpl.invoke(DelegatingMethodAccessorImpl.java:43)
	at java.base/java.lang.reflect.Method.invoke(Method.java:566)
	at org.junit.platform.commons.util.ReflectionUtils.invokeMethod(ReflectionUtils.java:688)
	at org.junit.jupiter.engine.execution.ExecutableInvoker.invoke(ExecutableInvoker.java:115)
	at org.junit.jupiter.engine.descriptor.TestMethodTestDescriptor.lambda$invokeTestMethod$6(TestMethodTestDescriptor.java:171)
	at org.junit.platform.engine.support.hierarchical.ThrowableCollector.execute(ThrowableCollector.java:73)
	at org.junit.jupiter.engine.descriptor.TestMethodTestDescriptor.invokeTestMethod(TestMethodTestDescriptor.java:167)
	at org.junit.jupiter.engine.descriptor.TestMethodTestDescriptor.execute(TestMethodTestDescriptor.java:114)
	at org.junit.jupiter.engine.descriptor.TestMethodTestDescriptor.execute(TestMethodTestDescriptor.java:59)
	at org.junit.platform.engine.support.hierarchical.NodeTestTask.lambda$executeRecursively$5(NodeTestTask.java:139)
	at org.junit.platform.engine.support.hierarchical.ThrowableCollector.execute(ThrowableCollector.java:73)
	at org.junit.platform.engine.support.hierarchical.NodeTestTask.lambda$executeRecursively$7(NodeTestTask.java:129)
	at org.junit.platform.engine.support.hierarchical.Node.around(Node.java:137)
	at org.junit.platform.engine.support.hierarchical.NodeTestTask.lambda$executeRecursively$8(NodeTestTask.java:127)
	at org.junit.platform.engine.support.hierarchical.ThrowableCollector.execute(ThrowableCollector.java:73)
	at org.junit.platform.engine.support.hierarchical.NodeTestTask.executeRecursively(NodeTestTask.java:126)
	at org.junit.platform.engine.support.hierarchical.NodeTestTask.execute(NodeTestTask.java:84)
	at java.base/java.util.ArrayList.forEach(ArrayList.java:1541)
	at org.junit.platform.engine.support.hierarchical.SameThreadHierarchicalTestExecutorService.invokeAll(SameThreadHierarchicalTestExecutorService.java:38)
	at org.junit.platform.engine.support.hierarchical.NodeTestTask.lambda$executeRecursively$5(NodeTestTask.java:143)
	at org.junit.platform.engine.support.hierarchical.ThrowableCollector.execute(ThrowableCollector.java:73)
	at org.junit.platform.engine.support.hierarchical.NodeTestTask.lambda$executeRecursively$7(NodeTestTask.java:129)
	at org.junit.platform.engine.support.hierarchical.Node.around(Node.java:137)
	at org.junit.platform.engine.support.hierarchical.NodeTestTask.lambda$executeRecursively$8(NodeTestTask.java:127)
	at org.junit.platform.engine.support.hierarchical.ThrowableCollector.execute(ThrowableCollector.java:73)
	at org.junit.platform.engine.support.hierarchical.NodeTestTask.executeRecursively(NodeTestTask.java:126)
	at org.junit.platform.engine.support.hierarchical.NodeTestTask.execute(NodeTestTask.java:84)
	at java.base/java.util.ArrayList.forEach(ArrayList.java:1541)
	at org.junit.platform.engine.support.hierarchical.SameThreadHierarchicalTestExecutorService.invokeAll(SameThreadHierarchicalTestExecutorService.java:38)
	at org.junit.platform.engine.support.hierarchical.NodeTestTask.lambda$executeRecursively$5(NodeTestTask.java:143)
	at org.junit.platform.engine.support.hierarchical.ThrowableCollector.execute(ThrowableCollector.java:73)
	at org.junit.platform.engine.support.hierarchical.NodeTestTask.lambda$executeRecursively$7(NodeTestTask.java:129)
	at org.junit.platform.engine.support.hierarchical.Node.around(Node.java:137)
	at org.junit.platform.engine.support.hierarchical.NodeTestTask.lambda$executeRecursively$8(NodeTestTask.java:127)
	at org.junit.platform.engine.support.hierarchical.ThrowableCollector.execute(ThrowableCollector.java:73)
	at org.junit.platform.engine.support.hierarchical.NodeTestTask.executeRecursively(NodeTestTask.java:126)
	at org.junit.platform.engine.support.hierarchical.NodeTestTask.execute(NodeTestTask.java:84)
	at org.junit.platform.engine.support.hierarchical.SameThreadHierarchicalTestExecutorService.submit(SameThreadHierarchicalTestExecutorService.java:32)
	at org.junit.platform.engine.support.hierarchical.HierarchicalTestExecutor.execute(HierarchicalTestExecutor.java:57)
	at org.junit.platform.engine.support.hierarchical.HierarchicalTestEngine.execute(HierarchicalTestEngine.java:51)
	at org.junit.platform.launcher.core.EngineExecutionOrchestrator.execute(EngineExecutionOrchestrator.java:108)
	at org.junit.platform.launcher.core.EngineExecutionOrchestrator.execute(EngineExecutionOrchestrator.java:88)
	at org.junit.platform.launcher.core.EngineExecutionOrchestrator.lambda$execute$0(EngineExecutionOrchestrator.java:54)
	at org.junit.platform.launcher.core.EngineExecutionOrchestrator.withInterceptedStreams(EngineExecutionOrchestrator.java:67)
	at org.junit.platform.launcher.core.EngineExecutionOrchestrator.execute(EngineExecutionOrchestrator.java:52)
	at org.junit.platform.launcher.core.DefaultLauncher.execute(DefaultLauncher.java:96)
	at org.junit.platform.launcher.core.DefaultLauncher.execute(DefaultLauncher.java:75)
	at org.gradle.api.internal.tasks.testing.junitplatform.JUnitPlatformTestClassProcessor$CollectAllTestClassesExecutor.processAllTestClasses(JUnitPlatformTestClassProcessor.java:99)
	at org.gradle.api.internal.tasks.testing.junitplatform.JUnitPlatformTestClassProcessor$CollectAllTestClassesExecutor.access$000(JUnitPlatformTestClassProcessor.java:79)
	at org.gradle.api.internal.tasks.testing.junitplatform.JUnitPlatformTestClassProcessor.stop(JUnitPlatformTestClassProcessor.java:75)
	at org.gradle.api.internal.tasks.testing.SuiteTestClassProcessor.stop(SuiteTestClassProcessor.java:61)
	at java.base/jdk.internal.reflect.NativeMethodAccessorImpl.invoke0(Native Method)
	at java.base/jdk.internal.reflect.NativeMethodAccessorImpl.invoke(NativeMethodAccessorImpl.java:62)
	at java.base/jdk.internal.reflect.DelegatingMethodAccessorImpl.invoke(DelegatingMethodAccessorImpl.java:43)
	at java.base/java.lang.reflect.Method.invoke(Method.java:566)
	at org.gradle.internal.dispatch.ReflectionDispatch.dispatch(ReflectionDispatch.java:36)
	at org.gradle.internal.dispatch.ReflectionDispatch.dispatch(ReflectionDispatch.java:24)
	at org.gradle.internal.dispatch.ContextClassLoaderDispatch.dispatch(ContextClassLoaderDispatch.java:33)
	at org.gradle.internal.dispatch.ProxyDispatchAdapter$DispatchingInvocationHandler.invoke(ProxyDispatchAdapter.java:94)
	at com.sun.proxy.$Proxy5.stop(Unknown Source)
	at org.gradle.api.internal.tasks.testing.worker.TestWorker$3.run(TestWorker.java:193)
	at org.gradle.api.internal.tasks.testing.worker.TestWorker.executeAndMaintainThreadName(TestWorker.java:129)
	at org.gradle.api.internal.tasks.testing.worker.TestWorker.execute(TestWorker.java:100)
	at org.gradle.api.internal.tasks.testing.worker.TestWorker.execute(TestWorker.java:60)
	at org.gradle.process.internal.worker.child.ActionExecutionWorker.execute(ActionExecutionWorker.java:56)
	at org.gradle.process.internal.worker.child.SystemApplicationClassLoaderWorker.call(SystemApplicationClassLoaderWorker.java:133)
	at org.gradle.process.internal.worker.child.SystemApplicationClassLoaderWorker.call(SystemApplicationClassLoaderWorker.java:71)
	at worker.org.gradle.process.internal.worker.GradleWorkerMain.run(GradleWorkerMain.java:69)
	at worker.org.gradle.process.internal.worker.GradleWorkerMain.main(GradleWorkerMain.java:74)
Caused by: feign.RetryableException: Connection refused: connect executing GET http://localhost:8082/getAttractionRewardPoints?attractionId=4ac4d30b-f51d-44d5-a556-a18f2dd387f0&userId=f9fa16bd-f404-48b9-aa43-f28d39ca957a
	at feign.FeignException.errorExecuting(FeignException.java:249)
	at feign.SynchronousMethodHandler.executeAndDecode(SynchronousMethodHandler.java:129)
	at feign.SynchronousMethodHandler.invoke(SynchronousMethodHandler.java:89)
	at feign.ReflectiveFeign$FeignInvocationHandler.invoke(ReflectiveFeign.java:100)
	at com.sun.proxy.$Proxy129.getAttractionRewardPoints(Unknown Source)
	at tourGuide.service.RewardsService.getRewardPoints(RewardsService.java:128)
	at tourGuide.service.RewardsService.lambda$calculateRewardsMultiThread$1(RewardsService.java:95)
	at java.base/java.util.concurrent.Executors$RunnableAdapter.call(Executors.java:515)
	at java.base/java.util.concurrent.FutureTask.run(FutureTask.java:264)
	at java.base/java.util.concurrent.ThreadPoolExecutor.runWorker(ThreadPoolExecutor.java:1128)
	at java.base/java.util.concurrent.ThreadPoolExecutor$Worker.run(ThreadPoolExecutor.java:628)
	at java.base/java.lang.Thread.run(Thread.java:829)
Caused by: java.net.ConnectException: Connection refused: connect
	at java.base/java.net.PlainSocketImpl.waitForConnect(Native Method)
	at java.base/java.net.PlainSocketImpl.socketConnect(PlainSocketImpl.java:107)
	at java.base/java.net.AbstractPlainSocketImpl.doConnect(AbstractPlainSocketImpl.java:399)
	at java.base/java.net.AbstractPlainSocketImpl.connectToAddress(AbstractPlainSocketImpl.java:242)
	at java.base/java.net.AbstractPlainSocketImpl.connect(AbstractPlainSocketImpl.java:224)
	at java.base/java.net.Socket.connect(Socket.java:609)
	at java.base/sun.net.NetworkClient.doConnect(NetworkClient.java:177)
	at java.base/sun.net.www.http.HttpClient.openServer(HttpClient.java:474)
	at java.base/sun.net.www.http.HttpClient.openServer(HttpClient.java:569)
	at java.base/sun.net.www.http.HttpClient.<init>(HttpClient.java:242)
	at java.base/sun.net.www.http.HttpClient.New(HttpClient.java:341)
	at java.base/sun.net.www.http.HttpClient.New(HttpClient.java:362)
	at java.base/sun.net.www.protocol.http.HttpURLConnection.getNewHttpClient(HttpURLConnection.java:1253)
	at java.base/sun.net.www.protocol.http.HttpURLConnection.plainConnect0(HttpURLConnection.java:1187)
	at java.base/sun.net.www.protocol.http.HttpURLConnection.plainConnect(HttpURLConnection.java:1081)
	at java.base/sun.net.www.protocol.http.HttpURLConnection.connect(HttpURLConnection.java:1015)
	at java.base/sun.net.www.protocol.http.HttpURLConnection.getInputStream0(HttpURLConnection.java:1592)
	at java.base/sun.net.www.protocol.http.HttpURLConnection.getInputStream(HttpURLConnection.java:1520)
	at java.base/java.net.HttpURLConnection.getResponseCode(HttpURLConnection.java:527)
	at feign.Client$Default.convertResponse(Client.java:108)
	at feign.Client$Default.execute(Client.java:104)
	at feign.SynchronousMethodHandler.executeAndDecode(SynchronousMethodHandler.java:119)
	... 10 more
java.util.concurrent.ExecutionException: feign.RetryableException: Connection refused: connect executing GET http://localhost:8082/getAttractionRewardPoints?attractionId=4ac4d30b-f51d-44d5-a556-a18f2dd387f0&userId=5ffef1d5-71ea-40ce-8c8e-fab5303cddfe
	at java.base/java.util.concurrent.FutureTask.report(FutureTask.java:122)
	at java.base/java.util.concurrent.FutureTask.get(FutureTask.java:191)
	at tourGuide.service.RewardsService.lambda$calculateRewardsMultiThread$2(RewardsService.java:108)
	at java.base/java.util.ArrayList$ArrayListSpliterator.forEachRemaining(ArrayList.java:1655)
	at java.base/java.util.stream.ReferencePipeline$Head.forEach(ReferencePipeline.java:658)
	at tourGuide.service.RewardsService.calculateRewardsMultiThread(RewardsService.java:106)
	at tourGuide.performance.PerformanceTest.highVolumeGetRewards(PerformanceTest.java:122)
	at java.base/jdk.internal.reflect.NativeMethodAccessorImpl.invoke0(Native Method)
	at java.base/jdk.internal.reflect.NativeMethodAccessorImpl.invoke(NativeMethodAccessorImpl.java:62)
	at java.base/jdk.internal.reflect.DelegatingMethodAccessorImpl.invoke(DelegatingMethodAccessorImpl.java:43)
	at java.base/java.lang.reflect.Method.invoke(Method.java:566)
	at org.junit.platform.commons.util.ReflectionUtils.invokeMethod(ReflectionUtils.java:688)
	at org.junit.jupiter.engine.execution.ExecutableInvoker.invoke(ExecutableInvoker.java:115)
	at org.junit.jupiter.engine.descriptor.TestMethodTestDescriptor.lambda$invokeTestMethod$6(TestMethodTestDescriptor.java:171)
	at org.junit.platform.engine.support.hierarchical.ThrowableCollector.execute(ThrowableCollector.java:73)
	at org.junit.jupiter.engine.descriptor.TestMethodTestDescriptor.invokeTestMethod(TestMethodTestDescriptor.java:167)
	at org.junit.jupiter.engine.descriptor.TestMethodTestDescriptor.execute(TestMethodTestDescriptor.java:114)
	at org.junit.jupiter.engine.descriptor.TestMethodTestDescriptor.execute(TestMethodTestDescriptor.java:59)
	at org.junit.platform.engine.support.hierarchical.NodeTestTask.lambda$executeRecursively$5(NodeTestTask.java:139)
	at org.junit.platform.engine.support.hierarchical.ThrowableCollector.execute(ThrowableCollector.java:73)
	at org.junit.platform.engine.support.hierarchical.NodeTestTask.lambda$executeRecursively$7(NodeTestTask.java:129)
	at org.junit.platform.engine.support.hierarchical.Node.around(Node.java:137)
	at org.junit.platform.engine.support.hierarchical.NodeTestTask.lambda$executeRecursively$8(NodeTestTask.java:127)
	at org.junit.platform.engine.support.hierarchical.ThrowableCollector.execute(ThrowableCollector.java:73)
	at org.junit.platform.engine.support.hierarchical.NodeTestTask.executeRecursively(NodeTestTask.java:126)
	at org.junit.platform.engine.support.hierarchical.NodeTestTask.execute(NodeTestTask.java:84)
	at java.base/java.util.ArrayList.forEach(ArrayList.java:1541)
	at org.junit.platform.engine.support.hierarchical.SameThreadHierarchicalTestExecutorService.invokeAll(SameThreadHierarchicalTestExecutorService.java:38)
	at org.junit.platform.engine.support.hierarchical.NodeTestTask.lambda$executeRecursively$5(NodeTestTask.java:143)
	at org.junit.platform.engine.support.hierarchical.ThrowableCollector.execute(ThrowableCollector.java:73)
	at org.junit.platform.engine.support.hierarchical.NodeTestTask.lambda$executeRecursively$7(NodeTestTask.java:129)
	at org.junit.platform.engine.support.hierarchical.Node.around(Node.java:137)
	at org.junit.platform.engine.support.hierarchical.NodeTestTask.lambda$executeRecursively$8(NodeTestTask.java:127)
	at org.junit.platform.engine.support.hierarchical.ThrowableCollector.execute(ThrowableCollector.java:73)
	at org.junit.platform.engine.support.hierarchical.NodeTestTask.executeRecursively(NodeTestTask.java:126)
	at org.junit.platform.engine.support.hierarchical.NodeTestTask.execute(NodeTestTask.java:84)
	at java.base/java.util.ArrayList.forEach(ArrayList.java:1541)
	at org.junit.platform.engine.support.hierarchical.SameThreadHierarchicalTestExecutorService.invokeAll(SameThreadHierarchicalTestExecutorService.java:38)
	at org.junit.platform.engine.support.hierarchical.NodeTestTask.lambda$executeRecursively$5(NodeTestTask.java:143)
	at org.junit.platform.engine.support.hierarchical.ThrowableCollector.execute(ThrowableCollector.java:73)
	at org.junit.platform.engine.support.hierarchical.NodeTestTask.lambda$executeRecursively$7(NodeTestTask.java:129)
	at org.junit.platform.engine.support.hierarchical.Node.around(Node.java:137)
	at org.junit.platform.engine.support.hierarchical.NodeTestTask.lambda$executeRecursively$8(NodeTestTask.java:127)
	at org.junit.platform.engine.support.hierarchical.ThrowableCollector.execute(ThrowableCollector.java:73)
	at org.junit.platform.engine.support.hierarchical.NodeTestTask.executeRecursively(NodeTestTask.java:126)
	at org.junit.platform.engine.support.hierarchical.NodeTestTask.execute(NodeTestTask.java:84)
	at org.junit.platform.engine.support.hierarchical.SameThreadHierarchicalTestExecutorService.submit(SameThreadHierarchicalTestExecutorService.java:32)
	at org.junit.platform.engine.support.hierarchical.HierarchicalTestExecutor.execute(HierarchicalTestExecutor.java:57)
	at org.junit.platform.engine.support.hierarchical.HierarchicalTestEngine.execute(HierarchicalTestEngine.java:51)
	at org.junit.platform.launcher.core.EngineExecutionOrchestrator.execute(EngineExecutionOrchestrator.java:108)
	at org.junit.platform.launcher.core.EngineExecutionOrchestrator.execute(EngineExecutionOrchestrator.java:88)
	at org.junit.platform.launcher.core.EngineExecutionOrchestrator.lambda$execute$0(EngineExecutionOrchestrator.java:54)
	at org.junit.platform.launcher.core.EngineExecutionOrchestrator.withInterceptedStreams(EngineExecutionOrchestrator.java:67)
	at org.junit.platform.launcher.core.EngineExecutionOrchestrator.execute(EngineExecutionOrchestrator.java:52)
	at org.junit.platform.launcher.core.DefaultLauncher.execute(DefaultLauncher.java:96)
	at org.junit.platform.launcher.core.DefaultLauncher.execute(DefaultLauncher.java:75)
	at org.gradle.api.internal.tasks.testing.junitplatform.JUnitPlatformTestClassProcessor$CollectAllTestClassesExecutor.processAllTestClasses(JUnitPlatformTestClassProcessor.java:99)
	at org.gradle.api.internal.tasks.testing.junitplatform.JUnitPlatformTestClassProcessor$CollectAllTestClassesExecutor.access$000(JUnitPlatformTestClassProcessor.java:79)
	at org.gradle.api.internal.tasks.testing.junitplatform.JUnitPlatformTestClassProcessor.stop(JUnitPlatformTestClassProcessor.java:75)
	at org.gradle.api.internal.tasks.testing.SuiteTestClassProcessor.stop(SuiteTestClassProcessor.java:61)
	at java.base/jdk.internal.reflect.NativeMethodAccessorImpl.invoke0(Native Method)
	at java.base/jdk.internal.reflect.NativeMethodAccessorImpl.invoke(NativeMethodAccessorImpl.java:62)
	at java.base/jdk.internal.reflect.DelegatingMethodAccessorImpl.invoke(DelegatingMethodAccessorImpl.java:43)
	at java.base/java.lang.reflect.Method.invoke(Method.java:566)
	at org.gradle.internal.dispatch.ReflectionDispatch.dispatch(ReflectionDispatch.java:36)
	at org.gradle.internal.dispatch.ReflectionDispatch.dispatch(ReflectionDispatch.java:24)
	at org.gradle.internal.dispatch.ContextClassLoaderDispatch.dispatch(ContextClassLoaderDispatch.java:33)
	at org.gradle.internal.dispatch.ProxyDispatchAdapter$DispatchingInvocationHandler.invoke(ProxyDispatchAdapter.java:94)
	at com.sun.proxy.$Proxy5.stop(Unknown Source)
	at org.gradle.api.internal.tasks.testing.worker.TestWorker$3.run(TestWorker.java:193)
	at org.gradle.api.internal.tasks.testing.worker.TestWorker.executeAndMaintainThreadName(TestWorker.java:129)
	at org.gradle.api.internal.tasks.testing.worker.TestWorker.execute(TestWorker.java:100)
	at org.gradle.api.internal.tasks.testing.worker.TestWorker.execute(TestWorker.java:60)
	at org.gradle.process.internal.worker.child.ActionExecutionWorker.execute(ActionExecutionWorker.java:56)
	at org.gradle.process.internal.worker.child.SystemApplicationClassLoaderWorker.call(SystemApplicationClassLoaderWorker.java:133)
	at org.gradle.process.internal.worker.child.SystemApplicationClassLoaderWorker.call(SystemApplicationClassLoaderWorker.java:71)
	at worker.org.gradle.process.internal.worker.GradleWorkerMain.run(GradleWorkerMain.java:69)
	at worker.org.gradle.process.internal.worker.GradleWorkerMain.main(GradleWorkerMain.java:74)
Caused by: feign.RetryableException: Connection refused: connect executing GET http://localhost:8082/getAttractionRewardPoints?attractionId=4ac4d30b-f51d-44d5-a556-a18f2dd387f0&userId=5ffef1d5-71ea-40ce-8c8e-fab5303cddfe
	at feign.FeignException.errorExecuting(FeignException.java:249)
	at feign.SynchronousMethodHandler.executeAndDecode(SynchronousMethodHandler.java:129)
	at feign.SynchronousMethodHandler.invoke(SynchronousMethodHandler.java:89)
	at feign.ReflectiveFeign$FeignInvocationHandler.invoke(ReflectiveFeign.java:100)
	at com.sun.proxy.$Proxy129.getAttractionRewardPoints(Unknown Source)
	at tourGuide.service.RewardsService.getRewardPoints(RewardsService.java:128)
	at tourGuide.service.RewardsService.lambda$calculateRewardsMultiThread$1(RewardsService.java:95)
	at java.base/java.util.concurrent.Executors$RunnableAdapter.call(Executors.java:515)
	at java.base/java.util.concurrent.FutureTask.run(FutureTask.java:264)
	at java.base/java.util.concurrent.ThreadPoolExecutor.runWorker(ThreadPoolExecutor.java:1128)
	at java.base/java.util.concurrent.ThreadPoolExecutor$Worker.run(ThreadPoolExecutor.java:628)
	at java.base/java.lang.Thread.run(Thread.java:829)
Caused by: java.net.ConnectException: Connection refused: connect
	at java.base/java.net.PlainSocketImpl.waitForConnect(Native Method)
	at java.base/java.net.PlainSocketImpl.socketConnect(PlainSocketImpl.java:107)
	at java.base/java.net.AbstractPlainSocketImpl.doConnect(AbstractPlainSocketImpl.java:399)
	at java.base/java.net.AbstractPlainSocketImpl.connectToAddress(AbstractPlainSocketImpl.java:242)
	at java.base/java.net.AbstractPlainSocketImpl.connect(AbstractPlainSocketImpl.java:224)
	at java.base/java.net.Socket.connect(Socket.java:609)
	at java.base/sun.net.NetworkClient.doConnect(NetworkClient.java:177)
	at java.base/sun.net.www.http.HttpClient.openServer(HttpClient.java:474)
	at java.base/sun.net.www.http.HttpClient.openServer(HttpClient.java:569)
	at java.base/sun.net.www.http.HttpClient.<init>(HttpClient.java:242)
	at java.base/sun.net.www.http.HttpClient.New(HttpClient.java:341)
	at java.base/sun.net.www.http.HttpClient.New(HttpClient.java:362)
	at java.base/sun.net.www.protocol.http.HttpURLConnection.getNewHttpClient(HttpURLConnection.java:1253)
	at java.base/sun.net.www.protocol.http.HttpURLConnection.plainConnect0(HttpURLConnection.java:1187)
	at java.base/sun.net.www.protocol.http.HttpURLConnection.plainConnect(HttpURLConnection.java:1081)
	at java.base/sun.net.www.protocol.http.HttpURLConnection.connect(HttpURLConnection.java:1015)
	at java.base/sun.net.www.protocol.http.HttpURLConnection.getInputStream0(HttpURLConnection.java:1592)
	at java.base/sun.net.www.protocol.http.HttpURLConnection.getInputStream(HttpURLConnection.java:1520)
	at java.base/java.net.HttpURLConnection.getResponseCode(HttpURLConnection.java:527)
	at feign.Client$Default.convertResponse(Client.java:108)
	at feign.Client$Default.execute(Client.java:104)
	at feign.SynchronousMethodHandler.executeAndDecode(SynchronousMethodHandler.java:119)
	... 10 more
java.util.concurrent.ExecutionException: feign.RetryableException: Connection refused: connect executing GET http://localhost:8082/getAttractionRewardPoints?attractionId=4ac4d30b-f51d-44d5-a556-a18f2dd387f0&userId=cfb7262a-3746-4b75-9569-27bec58a3736
	at java.base/java.util.concurrent.FutureTask.report(FutureTask.java:122)
	at java.base/java.util.concurrent.FutureTask.get(FutureTask.java:191)
	at tourGuide.service.RewardsService.lambda$calculateRewardsMultiThread$2(RewardsService.java:108)
	at java.base/java.util.ArrayList$ArrayListSpliterator.forEachRemaining(ArrayList.java:1655)
	at java.base/java.util.stream.ReferencePipeline$Head.forEach(ReferencePipeline.java:658)
	at tourGuide.service.RewardsService.calculateRewardsMultiThread(RewardsService.java:106)
	at tourGuide.performance.PerformanceTest.highVolumeGetRewards(PerformanceTest.java:122)
	at java.base/jdk.internal.reflect.NativeMethodAccessorImpl.invoke0(Native Method)
	at java.base/jdk.internal.reflect.NativeMethodAccessorImpl.invoke(NativeMethodAccessorImpl.java:62)
	at java.base/jdk.internal.reflect.DelegatingMethodAccessorImpl.invoke(DelegatingMethodAccessorImpl.java:43)
	at java.base/java.lang.reflect.Method.invoke(Method.java:566)
	at org.junit.platform.commons.util.ReflectionUtils.invokeMethod(ReflectionUtils.java:688)
	at org.junit.jupiter.engine.execution.ExecutableInvoker.invoke(ExecutableInvoker.java:115)
	at org.junit.jupiter.engine.descriptor.TestMethodTestDescriptor.lambda$invokeTestMethod$6(TestMethodTestDescriptor.java:171)
	at org.junit.platform.engine.support.hierarchical.ThrowableCollector.execute(ThrowableCollector.java:73)
	at org.junit.jupiter.engine.descriptor.TestMethodTestDescriptor.invokeTestMethod(TestMethodTestDescriptor.java:167)
	at org.junit.jupiter.engine.descriptor.TestMethodTestDescriptor.execute(TestMethodTestDescriptor.java:114)
	at org.junit.jupiter.engine.descriptor.TestMethodTestDescriptor.execute(TestMethodTestDescriptor.java:59)
	at org.junit.platform.engine.support.hierarchical.NodeTestTask.lambda$executeRecursively$5(NodeTestTask.java:139)
	at org.junit.platform.engine.support.hierarchical.ThrowableCollector.execute(ThrowableCollector.java:73)
	at org.junit.platform.engine.support.hierarchical.NodeTestTask.lambda$executeRecursively$7(NodeTestTask.java:129)
	at org.junit.platform.engine.support.hierarchical.Node.around(Node.java:137)
	at org.junit.platform.engine.support.hierarchical.NodeTestTask.lambda$executeRecursively$8(NodeTestTask.java:127)
	at org.junit.platform.engine.support.hierarchical.ThrowableCollector.execute(ThrowableCollector.java:73)
	at org.junit.platform.engine.support.hierarchical.NodeTestTask.executeRecursively(NodeTestTask.java:126)
	at org.junit.platform.engine.support.hierarchical.NodeTestTask.execute(NodeTestTask.java:84)
	at java.base/java.util.ArrayList.forEach(ArrayList.java:1541)
	at org.junit.platform.engine.support.hierarchical.SameThreadHierarchicalTestExecutorService.invokeAll(SameThreadHierarchicalTestExecutorService.java:38)
	at org.junit.platform.engine.support.hierarchical.NodeTestTask.lambda$executeRecursively$5(NodeTestTask.java:143)
	at org.junit.platform.engine.support.hierarchical.ThrowableCollector.execute(ThrowableCollector.java:73)
	at org.junit.platform.engine.support.hierarchical.NodeTestTask.lambda$executeRecursively$7(NodeTestTask.java:129)
	at org.junit.platform.engine.support.hierarchical.Node.around(Node.java:137)
	at org.junit.platform.engine.support.hierarchical.NodeTestTask.lambda$executeRecursively$8(NodeTestTask.java:127)
	at org.junit.platform.engine.support.hierarchical.ThrowableCollector.execute(ThrowableCollector.java:73)
	at org.junit.platform.engine.support.hierarchical.NodeTestTask.executeRecursively(NodeTestTask.java:126)
	at org.junit.platform.engine.support.hierarchical.NodeTestTask.execute(NodeTestTask.java:84)
	at java.base/java.util.ArrayList.forEach(ArrayList.java:1541)
	at org.junit.platform.engine.support.hierarchical.SameThreadHierarchicalTestExecutorService.invokeAll(SameThreadHierarchicalTestExecutorService.java:38)
	at org.junit.platform.engine.support.hierarchical.NodeTestTask.lambda$executeRecursively$5(NodeTestTask.java:143)
	at org.junit.platform.engine.support.hierarchical.ThrowableCollector.execute(ThrowableCollector.java:73)
	at org.junit.platform.engine.support.hierarchical.NodeTestTask.lambda$executeRecursively$7(NodeTestTask.java:129)
	at org.junit.platform.engine.support.hierarchical.Node.around(Node.java:137)
	at org.junit.platform.engine.support.hierarchical.NodeTestTask.lambda$executeRecursively$8(NodeTestTask.java:127)
	at org.junit.platform.engine.support.hierarchical.ThrowableCollector.execute(ThrowableCollector.java:73)
	at org.junit.platform.engine.support.hierarchical.NodeTestTask.executeRecursively(NodeTestTask.java:126)
	at org.junit.platform.engine.support.hierarchical.NodeTestTask.execute(NodeTestTask.java:84)
	at org.junit.platform.engine.support.hierarchical.SameThreadHierarchicalTestExecutorService.submit(SameThreadHierarchicalTestExecutorService.java:32)
	at org.junit.platform.engine.support.hierarchical.HierarchicalTestExecutor.execute(HierarchicalTestExecutor.java:57)
	at org.junit.platform.engine.support.hierarchical.HierarchicalTestEngine.execute(HierarchicalTestEngine.java:51)
	at org.junit.platform.launcher.core.EngineExecutionOrchestrator.execute(EngineExecutionOrchestrator.java:108)
	at org.junit.platform.launcher.core.EngineExecutionOrchestrator.execute(EngineExecutionOrchestrator.java:88)
	at org.junit.platform.launcher.core.EngineExecutionOrchestrator.lambda$execute$0(EngineExecutionOrchestrator.java:54)
	at org.junit.platform.launcher.core.EngineExecutionOrchestrator.withInterceptedStreams(EngineExecutionOrchestrator.java:67)
	at org.junit.platform.launcher.core.EngineExecutionOrchestrator.execute(EngineExecutionOrchestrator.java:52)
	at org.junit.platform.launcher.core.DefaultLauncher.execute(DefaultLauncher.java:96)
	at org.junit.platform.launcher.core.DefaultLauncher.execute(DefaultLauncher.java:75)
	at org.gradle.api.internal.tasks.testing.junitplatform.JUnitPlatformTestClassProcessor$CollectAllTestClassesExecutor.processAllTestClasses(JUnitPlatformTestClassProcessor.java:99)
	at org.gradle.api.internal.tasks.testing.junitplatform.JUnitPlatformTestClassProcessor$CollectAllTestClassesExecutor.access$000(JUnitPlatformTestClassProcessor.java:79)
	at org.gradle.api.internal.tasks.testing.junitplatform.JUnitPlatformTestClassProcessor.stop(JUnitPlatformTestClassProcessor.java:75)
	at org.gradle.api.internal.tasks.testing.SuiteTestClassProcessor.stop(SuiteTestClassProcessor.java:61)
	at java.base/jdk.internal.reflect.NativeMethodAccessorImpl.invoke0(Native Method)
	at java.base/jdk.internal.reflect.NativeMethodAccessorImpl.invoke(NativeMethodAccessorImpl.java:62)
	at java.base/jdk.internal.reflect.DelegatingMethodAccessorImpl.invoke(DelegatingMethodAccessorImpl.java:43)
	at java.base/java.lang.reflect.Method.invoke(Method.java:566)
	at org.gradle.internal.dispatch.ReflectionDispatch.dispatch(ReflectionDispatch.java:36)
	at org.gradle.internal.dispatch.ReflectionDispatch.dispatch(ReflectionDispatch.java:24)
	at org.gradle.internal.dispatch.ContextClassLoaderDispatch.dispatch(ContextClassLoaderDispatch.java:33)
	at org.gradle.internal.dispatch.ProxyDispatchAdapter$DispatchingInvocationHandler.invoke(ProxyDispatchAdapter.java:94)
	at com.sun.proxy.$Proxy5.stop(Unknown Source)
	at org.gradle.api.internal.tasks.testing.worker.TestWorker$3.run(TestWorker.java:193)
	at org.gradle.api.internal.tasks.testing.worker.TestWorker.executeAndMaintainThreadName(TestWorker.java:129)
	at org.gradle.api.internal.tasks.testing.worker.TestWorker.execute(TestWorker.java:100)
	at org.gradle.api.internal.tasks.testing.worker.TestWorker.execute(TestWorker.java:60)
	at org.gradle.process.internal.worker.child.ActionExecutionWorker.execute(ActionExecutionWorker.java:56)
	at org.gradle.process.internal.worker.child.SystemApplicationClassLoaderWorker.call(SystemApplicationClassLoaderWorker.java:133)
	at org.gradle.process.internal.worker.child.SystemApplicationClassLoaderWorker.call(SystemApplicationClassLoaderWorker.java:71)
	at worker.org.gradle.process.internal.worker.GradleWorkerMain.run(GradleWorkerMain.java:69)
	at worker.org.gradle.process.internal.worker.GradleWorkerMain.main(GradleWorkerMain.java:74)
Caused by: feign.RetryableException: Connection refused: connect executing GET http://localhost:8082/getAttractionRewardPoints?attractionId=4ac4d30b-f51d-44d5-a556-a18f2dd387f0&userId=cfb7262a-3746-4b75-9569-27bec58a3736
	at feign.FeignException.errorExecuting(FeignException.java:249)
	at feign.SynchronousMethodHandler.executeAndDecode(SynchronousMethodHandler.java:129)
	at feign.SynchronousMethodHandler.invoke(SynchronousMethodHandler.java:89)
	at feign.ReflectiveFeign$FeignInvocationHandler.invoke(ReflectiveFeign.java:100)
	at com.sun.proxy.$Proxy129.getAttractionRewardPoints(Unknown Source)
	at tourGuide.service.RewardsService.getRewardPoints(RewardsService.java:128)
	at tourGuide.service.RewardsService.lambda$calculateRewardsMultiThread$1(RewardsService.java:95)
	at java.base/java.util.concurrent.Executors$RunnableAdapter.call(Executors.java:515)
	at java.base/java.util.concurrent.FutureTask.run(FutureTask.java:264)
	at java.base/java.util.concurrent.ThreadPoolExecutor.runWorker(ThreadPoolExecutor.java:1128)
	at java.base/java.util.concurrent.ThreadPoolExecutor$Worker.run(ThreadPoolExecutor.java:628)
	at java.base/java.lang.Thread.run(Thread.java:829)
Caused by: java.net.ConnectException: Connection refused: connect
	at java.base/java.net.PlainSocketImpl.waitForConnect(Native Method)
	at java.base/java.net.PlainSocketImpl.socketConnect(PlainSocketImpl.java:107)
	at java.base/java.net.AbstractPlainSocketImpl.doConnect(AbstractPlainSocketImpl.java:399)
	at java.base/java.net.AbstractPlainSocketImpl.connectToAddress(AbstractPlainSocketImpl.java:242)
	at java.base/java.net.AbstractPlainSocketImpl.connect(AbstractPlainSocketImpl.java:224)
	at java.base/java.net.Socket.connect(Socket.java:609)
	at java.base/sun.net.NetworkClient.doConnect(NetworkClient.java:177)
	at java.base/sun.net.www.http.HttpClient.openServer(HttpClient.java:474)
	at java.base/sun.net.www.http.HttpClient.openServer(HttpClient.java:569)
	at java.base/sun.net.www.http.HttpClient.<init>(HttpClient.java:242)
	at java.base/sun.net.www.http.HttpClient.New(HttpClient.java:341)
	at java.base/sun.net.www.http.HttpClient.New(HttpClient.java:362)
	at java.base/sun.net.www.protocol.http.HttpURLConnection.getNewHttpClient(HttpURLConnection.java:1253)
	at java.base/sun.net.www.protocol.http.HttpURLConnection.plainConnect0(HttpURLConnection.java:1187)
	at java.base/sun.net.www.protocol.http.HttpURLConnection.plainConnect(HttpURLConnection.java:1081)
	at java.base/sun.net.www.protocol.http.HttpURLConnection.connect(HttpURLConnection.java:1015)
	at java.base/sun.net.www.protocol.http.HttpURLConnection.getInputStream0(HttpURLConnection.java:1592)
	at java.base/sun.net.www.protocol.http.HttpURLConnection.getInputStream(HttpURLConnection.java:1520)
	at java.base/java.net.HttpURLConnection.getResponseCode(HttpURLConnection.java:527)
	at feign.Client$Default.convertResponse(Client.java:108)
	at feign.Client$Default.execute(Client.java:104)
	at feign.SynchronousMethodHandler.executeAndDecode(SynchronousMethodHandler.java:119)
	... 10 more
java.util.concurrent.ExecutionException: feign.RetryableException: Connection refused: connect executing GET http://localhost:8082/getAttractionRewardPoints?attractionId=4ac4d30b-f51d-44d5-a556-a18f2dd387f0&userId=84a0a6c5-d120-48c3-947f-c1c322a5f200
	at java.base/java.util.concurrent.FutureTask.report(FutureTask.java:122)
	at java.base/java.util.concurrent.FutureTask.get(FutureTask.java:191)
	at tourGuide.service.RewardsService.lambda$calculateRewardsMultiThread$2(RewardsService.java:108)
	at java.base/java.util.ArrayList$ArrayListSpliterator.forEachRemaining(ArrayList.java:1655)
	at java.base/java.util.stream.ReferencePipeline$Head.forEach(ReferencePipeline.java:658)
	at tourGuide.service.RewardsService.calculateRewardsMultiThread(RewardsService.java:106)
	at tourGuide.performance.PerformanceTest.highVolumeGetRewards(PerformanceTest.java:122)
	at java.base/jdk.internal.reflect.NativeMethodAccessorImpl.invoke0(Native Method)
	at java.base/jdk.internal.reflect.NativeMethodAccessorImpl.invoke(NativeMethodAccessorImpl.java:62)
	at java.base/jdk.internal.reflect.DelegatingMethodAccessorImpl.invoke(DelegatingMethodAccessorImpl.java:43)
	at java.base/java.lang.reflect.Method.invoke(Method.java:566)
	at org.junit.platform.commons.util.ReflectionUtils.invokeMethod(ReflectionUtils.java:688)
	at org.junit.jupiter.engine.execution.ExecutableInvoker.invoke(ExecutableInvoker.java:115)
	at org.junit.jupiter.engine.descriptor.TestMethodTestDescriptor.lambda$invokeTestMethod$6(TestMethodTestDescriptor.java:171)
	at org.junit.platform.engine.support.hierarchical.ThrowableCollector.execute(ThrowableCollector.java:73)
	at org.junit.jupiter.engine.descriptor.TestMethodTestDescriptor.invokeTestMethod(TestMethodTestDescriptor.java:167)
	at org.junit.jupiter.engine.descriptor.TestMethodTestDescriptor.execute(TestMethodTestDescriptor.java:114)
	at org.junit.jupiter.engine.descriptor.TestMethodTestDescriptor.execute(TestMethodTestDescriptor.java:59)
	at org.junit.platform.engine.support.hierarchical.NodeTestTask.lambda$executeRecursively$5(NodeTestTask.java:139)
	at org.junit.platform.engine.support.hierarchical.ThrowableCollector.execute(ThrowableCollector.java:73)
	at org.junit.platform.engine.support.hierarchical.NodeTestTask.lambda$executeRecursively$7(NodeTestTask.java:129)
	at org.junit.platform.engine.support.hierarchical.Node.around(Node.java:137)
	at org.junit.platform.engine.support.hierarchical.NodeTestTask.lambda$executeRecursively$8(NodeTestTask.java:127)
	at org.junit.platform.engine.support.hierarchical.ThrowableCollector.execute(ThrowableCollector.java:73)
	at org.junit.platform.engine.support.hierarchical.NodeTestTask.executeRecursively(NodeTestTask.java:126)
	at org.junit.platform.engine.support.hierarchical.NodeTestTask.execute(NodeTestTask.java:84)
	at java.base/java.util.ArrayList.forEach(ArrayList.java:1541)
	at org.junit.platform.engine.support.hierarchical.SameThreadHierarchicalTestExecutorService.invokeAll(SameThreadHierarchicalTestExecutorService.java:38)
	at org.junit.platform.engine.support.hierarchical.NodeTestTask.lambda$executeRecursively$5(NodeTestTask.java:143)
	at org.junit.platform.engine.support.hierarchical.ThrowableCollector.execute(ThrowableCollector.java:73)
	at org.junit.platform.engine.support.hierarchical.NodeTestTask.lambda$executeRecursively$7(NodeTestTask.java:129)
	at org.junit.platform.engine.support.hierarchical.Node.around(Node.java:137)
	at org.junit.platform.engine.support.hierarchical.NodeTestTask.lambda$executeRecursively$8(NodeTestTask.java:127)
	at org.junit.platform.engine.support.hierarchical.ThrowableCollector.execute(ThrowableCollector.java:73)
	at org.junit.platform.engine.support.hierarchical.NodeTestTask.executeRecursively(NodeTestTask.java:126)
	at org.junit.platform.engine.support.hierarchical.NodeTestTask.execute(NodeTestTask.java:84)
	at java.base/java.util.ArrayList.forEach(ArrayList.java:1541)
	at org.junit.platform.engine.support.hierarchical.SameThreadHierarchicalTestExecutorService.invokeAll(SameThreadHierarchicalTestExecutorService.java:38)
	at org.junit.platform.engine.support.hierarchical.NodeTestTask.lambda$executeRecursively$5(NodeTestTask.java:143)
	at org.junit.platform.engine.support.hierarchical.ThrowableCollector.execute(ThrowableCollector.java:73)
	at org.junit.platform.engine.support.hierarchical.NodeTestTask.lambda$executeRecursively$7(NodeTestTask.java:129)
	at org.junit.platform.engine.support.hierarchical.Node.around(Node.java:137)
	at org.junit.platform.engine.support.hierarchical.NodeTestTask.lambda$executeRecursively$8(NodeTestTask.java:127)
	at org.junit.platform.engine.support.hierarchical.ThrowableCollector.execute(ThrowableCollector.java:73)
	at org.junit.platform.engine.support.hierarchical.NodeTestTask.executeRecursively(NodeTestTask.java:126)
	at org.junit.platform.engine.support.hierarchical.NodeTestTask.execute(NodeTestTask.java:84)
	at org.junit.platform.engine.support.hierarchical.SameThreadHierarchicalTestExecutorService.submit(SameThreadHierarchicalTestExecutorService.java:32)
	at org.junit.platform.engine.support.hierarchical.HierarchicalTestExecutor.execute(HierarchicalTestExecutor.java:57)
	at org.junit.platform.engine.support.hierarchical.HierarchicalTestEngine.execute(HierarchicalTestEngine.java:51)
	at org.junit.platform.launcher.core.EngineExecutionOrchestrator.execute(EngineExecutionOrchestrator.java:108)
	at org.junit.platform.launcher.core.EngineExecutionOrchestrator.execute(EngineExecutionOrchestrator.java:88)
	at org.junit.platform.launcher.core.EngineExecutionOrchestrator.lambda$execute$0(EngineExecutionOrchestrator.java:54)
	at org.junit.platform.launcher.core.EngineExecutionOrchestrator.withInterceptedStreams(EngineExecutionOrchestrator.java:67)
	at org.junit.platform.launcher.core.EngineExecutionOrchestrator.execute(EngineExecutionOrchestrator.java:52)
	at org.junit.platform.launcher.core.DefaultLauncher.execute(DefaultLauncher.java:96)
	at org.junit.platform.launcher.core.DefaultLauncher.execute(DefaultLauncher.java:75)
	at org.gradle.api.internal.tasks.testing.junitplatform.JUnitPlatformTestClassProcessor$CollectAllTestClassesExecutor.processAllTestClasses(JUnitPlatformTestClassProcessor.java:99)
	at org.gradle.api.internal.tasks.testing.junitplatform.JUnitPlatformTestClassProcessor$CollectAllTestClassesExecutor.access$000(JUnitPlatformTestClassProcessor.java:79)
	at org.gradle.api.internal.tasks.testing.junitplatform.JUnitPlatformTestClassProcessor.stop(JUnitPlatformTestClassProcessor.java:75)
	at org.gradle.api.internal.tasks.testing.SuiteTestClassProcessor.stop(SuiteTestClassProcessor.java:61)
	at java.base/jdk.internal.reflect.NativeMethodAccessorImpl.invoke0(Native Method)
	at java.base/jdk.internal.reflect.NativeMethodAccessorImpl.invoke(NativeMethodAccessorImpl.java:62)
	at java.base/jdk.internal.reflect.DelegatingMethodAccessorImpl.invoke(DelegatingMethodAccessorImpl.java:43)
	at java.base/java.lang.reflect.Method.invoke(Method.java:566)
	at org.gradle.internal.dispatch.ReflectionDispatch.dispatch(ReflectionDispatch.java:36)
	at org.gradle.internal.dispatch.ReflectionDispatch.dispatch(ReflectionDispatch.java:24)
	at org.gradle.internal.dispatch.ContextClassLoaderDispatch.dispatch(ContextClassLoaderDispatch.java:33)
	at org.gradle.internal.dispatch.ProxyDispatchAdapter$DispatchingInvocationHandler.invoke(ProxyDispatchAdapter.java:94)
	at com.sun.proxy.$Proxy5.stop(Unknown Source)
	at org.gradle.api.internal.tasks.testing.worker.TestWorker$3.run(TestWorker.java:193)
	at org.gradle.api.internal.tasks.testing.worker.TestWorker.executeAndMaintainThreadName(TestWorker.java:129)
	at org.gradle.api.internal.tasks.testing.worker.TestWorker.execute(TestWorker.java:100)
	at org.gradle.api.internal.tasks.testing.worker.TestWorker.execute(TestWorker.java:60)
	at org.gradle.process.internal.worker.child.ActionExecutionWorker.execute(ActionExecutionWorker.java:56)
	at org.gradle.process.internal.worker.child.SystemApplicationClassLoaderWorker.call(SystemApplicationClassLoaderWorker.java:133)
	at org.gradle.process.internal.worker.child.SystemApplicationClassLoaderWorker.call(SystemApplicationClassLoaderWorker.java:71)
	at worker.org.gradle.process.internal.worker.GradleWorkerMain.run(GradleWorkerMain.java:69)
	at worker.org.gradle.process.internal.worker.GradleWorkerMain.main(GradleWorkerMain.java:74)
Caused by: feign.RetryableException: Connection refused: connect executing GET http://localhost:8082/getAttractionRewardPoints?attractionId=4ac4d30b-f51d-44d5-a556-a18f2dd387f0&userId=84a0a6c5-d120-48c3-947f-c1c322a5f200
	at feign.FeignException.errorExecuting(FeignException.java:249)
	at feign.SynchronousMethodHandler.executeAndDecode(SynchronousMethodHandler.java:129)
	at feign.SynchronousMethodHandler.invoke(SynchronousMethodHandler.java:89)
	at feign.ReflectiveFeign$FeignInvocationHandler.invoke(ReflectiveFeign.java:100)
	at com.sun.proxy.$Proxy129.getAttractionRewardPoints(Unknown Source)
	at tourGuide.service.RewardsService.getRewardPoints(RewardsService.java:128)
	at tourGuide.service.RewardsService.lambda$calculateRewardsMultiThread$1(RewardsService.java:95)
	at java.base/java.util.concurrent.Executors$RunnableAdapter.call(Executors.java:515)
	at java.base/java.util.concurrent.FutureTask.run(FutureTask.java:264)
	at java.base/java.util.concurrent.ThreadPoolExecutor.runWorker(ThreadPoolExecutor.java:1128)
	at java.base/java.util.concurrent.ThreadPoolExecutor$Worker.run(ThreadPoolExecutor.java:628)
	at java.base/java.lang.Thread.run(Thread.java:829)
Caused by: java.net.ConnectException: Connection refused: connect
	at java.base/java.net.PlainSocketImpl.waitForConnect(Native Method)
	at java.base/java.net.PlainSocketImpl.socketConnect(PlainSocketImpl.java:107)
	at java.base/java.net.AbstractPlainSocketImpl.doConnect(AbstractPlainSocketImpl.java:399)
	at java.base/java.net.AbstractPlainSocketImpl.connectToAddress(AbstractPlainSocketImpl.java:242)
	at java.base/java.net.AbstractPlainSocketImpl.connect(AbstractPlainSocketImpl.java:224)
	at java.base/java.net.Socket.connect(Socket.java:609)
	at java.base/sun.net.NetworkClient.doConnect(NetworkClient.java:177)
	at java.base/sun.net.www.http.HttpClient.openServer(HttpClient.java:474)
	at java.base/sun.net.www.http.HttpClient.openServer(HttpClient.java:569)
	at java.base/sun.net.www.http.HttpClient.<init>(HttpClient.java:242)
	at java.base/sun.net.www.http.HttpClient.New(HttpClient.java:341)
	at java.base/sun.net.www.http.HttpClient.New(HttpClient.java:362)
	at java.base/sun.net.www.protocol.http.HttpURLConnection.getNewHttpClient(HttpURLConnection.java:1253)
	at java.base/sun.net.www.protocol.http.HttpURLConnection.plainConnect0(HttpURLConnection.java:1187)
	at java.base/sun.net.www.protocol.http.HttpURLConnection.plainConnect(HttpURLConnection.java:1081)
	at java.base/sun.net.www.protocol.http.HttpURLConnection.connect(HttpURLConnection.java:1015)
	at java.base/sun.net.www.protocol.http.HttpURLConnection.getInputStream0(HttpURLConnection.java:1592)
	at java.base/sun.net.www.protocol.http.HttpURLConnection.getInputStream(HttpURLConnection.java:1520)
	at java.base/java.net.HttpURLConnection.getResponseCode(HttpURLConnection.java:527)
	at feign.Client$Default.convertResponse(Client.java:108)
	at feign.Client$Default.execute(Client.java:104)
	at feign.SynchronousMethodHandler.executeAndDecode(SynchronousMethodHandler.java:119)
	... 10 more
java.util.concurrent.ExecutionException: feign.RetryableException: Connection refused: connect executing GET http://localhost:8082/getAttractionRewardPoints?attractionId=4ac4d30b-f51d-44d5-a556-a18f2dd387f0&userId=7c422fa5-2358-4666-afcc-c4f3186943a1
	at java.base/java.util.concurrent.FutureTask.report(FutureTask.java:122)
	at java.base/java.util.concurrent.FutureTask.get(FutureTask.java:191)
	at tourGuide.service.RewardsService.lambda$calculateRewardsMultiThread$2(RewardsService.java:108)
	at java.base/java.util.ArrayList$ArrayListSpliterator.forEachRemaining(ArrayList.java:1655)
	at java.base/java.util.stream.ReferencePipeline$Head.forEach(ReferencePipeline.java:658)
	at tourGuide.service.RewardsService.calculateRewardsMultiThread(RewardsService.java:106)
	at tourGuide.performance.PerformanceTest.highVolumeGetRewards(PerformanceTest.java:122)
	at java.base/jdk.internal.reflect.NativeMethodAccessorImpl.invoke0(Native Method)
	at java.base/jdk.internal.reflect.NativeMethodAccessorImpl.invoke(NativeMethodAccessorImpl.java:62)
	at java.base/jdk.internal.reflect.DelegatingMethodAccessorImpl.invoke(DelegatingMethodAccessorImpl.java:43)
	at java.base/java.lang.reflect.Method.invoke(Method.java:566)
	at org.junit.platform.commons.util.ReflectionUtils.invokeMethod(ReflectionUtils.java:688)
	at org.junit.jupiter.engine.execution.ExecutableInvoker.invoke(ExecutableInvoker.java:115)
	at org.junit.jupiter.engine.descriptor.TestMethodTestDescriptor.lambda$invokeTestMethod$6(TestMethodTestDescriptor.java:171)
	at org.junit.platform.engine.support.hierarchical.ThrowableCollector.execute(ThrowableCollector.java:73)
	at org.junit.jupiter.engine.descriptor.TestMethodTestDescriptor.invokeTestMethod(TestMethodTestDescriptor.java:167)
	at org.junit.jupiter.engine.descriptor.TestMethodTestDescriptor.execute(TestMethodTestDescriptor.java:114)
	at org.junit.jupiter.engine.descriptor.TestMethodTestDescriptor.execute(TestMethodTestDescriptor.java:59)
	at org.junit.platform.engine.support.hierarchical.NodeTestTask.lambda$executeRecursively$5(NodeTestTask.java:139)
	at org.junit.platform.engine.support.hierarchical.ThrowableCollector.execute(ThrowableCollector.java:73)
	at org.junit.platform.engine.support.hierarchical.NodeTestTask.lambda$executeRecursively$7(NodeTestTask.java:129)
	at org.junit.platform.engine.support.hierarchical.Node.around(Node.java:137)
	at org.junit.platform.engine.support.hierarchical.NodeTestTask.lambda$executeRecursively$8(NodeTestTask.java:127)
	at org.junit.platform.engine.support.hierarchical.ThrowableCollector.execute(ThrowableCollector.java:73)
	at org.junit.platform.engine.support.hierarchical.NodeTestTask.executeRecursively(NodeTestTask.java:126)
	at org.junit.platform.engine.support.hierarchical.NodeTestTask.execute(NodeTestTask.java:84)
	at java.base/java.util.ArrayList.forEach(ArrayList.java:1541)
	at org.junit.platform.engine.support.hierarchical.SameThreadHierarchicalTestExecutorService.invokeAll(SameThreadHierarchicalTestExecutorService.java:38)
	at org.junit.platform.engine.support.hierarchical.NodeTestTask.lambda$executeRecursively$5(NodeTestTask.java:143)
	at org.junit.platform.engine.support.hierarchical.ThrowableCollector.execute(ThrowableCollector.java:73)
	at org.junit.platform.engine.support.hierarchical.NodeTestTask.lambda$executeRecursively$7(NodeTestTask.java:129)
	at org.junit.platform.engine.support.hierarchical.Node.around(Node.java:137)
	at org.junit.platform.engine.support.hierarchical.NodeTestTask.lambda$executeRecursively$8(NodeTestTask.java:127)
	at org.junit.platform.engine.support.hierarchical.ThrowableCollector.execute(ThrowableCollector.java:73)
	at org.junit.platform.engine.support.hierarchical.NodeTestTask.executeRecursively(NodeTestTask.java:126)
	at org.junit.platform.engine.support.hierarchical.NodeTestTask.execute(NodeTestTask.java:84)
	at java.base/java.util.ArrayList.forEach(ArrayList.java:1541)
	at org.junit.platform.engine.support.hierarchical.SameThreadHierarchicalTestExecutorService.invokeAll(SameThreadHierarchicalTestExecutorService.java:38)
	at org.junit.platform.engine.support.hierarchical.NodeTestTask.lambda$executeRecursively$5(NodeTestTask.java:143)
	at org.junit.platform.engine.support.hierarchical.ThrowableCollector.execute(ThrowableCollector.java:73)
	at org.junit.platform.engine.support.hierarchical.NodeTestTask.lambda$executeRecursively$7(NodeTestTask.java:129)
	at org.junit.platform.engine.support.hierarchical.Node.around(Node.java:137)
	at org.junit.platform.engine.support.hierarchical.NodeTestTask.lambda$executeRecursively$8(NodeTestTask.java:127)
	at org.junit.platform.engine.support.hierarchical.ThrowableCollector.execute(ThrowableCollector.java:73)
	at org.junit.platform.engine.support.hierarchical.NodeTestTask.executeRecursively(NodeTestTask.java:126)
	at org.junit.platform.engine.support.hierarchical.NodeTestTask.execute(NodeTestTask.java:84)
	at org.junit.platform.engine.support.hierarchical.SameThreadHierarchicalTestExecutorService.submit(SameThreadHierarchicalTestExecutorService.java:32)
	at org.junit.platform.engine.support.hierarchical.HierarchicalTestExecutor.execute(HierarchicalTestExecutor.java:57)
	at org.junit.platform.engine.support.hierarchical.HierarchicalTestEngine.execute(HierarchicalTestEngine.java:51)
	at org.junit.platform.launcher.core.EngineExecutionOrchestrator.execute(EngineExecutionOrchestrator.java:108)
	at org.junit.platform.launcher.core.EngineExecutionOrchestrator.execute(EngineExecutionOrchestrator.java:88)
	at org.junit.platform.launcher.core.EngineExecutionOrchestrator.lambda$execute$0(EngineExecutionOrchestrator.java:54)
	at org.junit.platform.launcher.core.EngineExecutionOrchestrator.withInterceptedStreams(EngineExecutionOrchestrator.java:67)
	at org.junit.platform.launcher.core.EngineExecutionOrchestrator.execute(EngineExecutionOrchestrator.java:52)
	at org.junit.platform.launcher.core.DefaultLauncher.execute(DefaultLauncher.java:96)
	at org.junit.platform.launcher.core.DefaultLauncher.execute(DefaultLauncher.java:75)
	at org.gradle.api.internal.tasks.testing.junitplatform.JUnitPlatformTestClassProcessor$CollectAllTestClassesExecutor.processAllTestClasses(JUnitPlatformTestClassProcessor.java:99)
	at org.gradle.api.internal.tasks.testing.junitplatform.JUnitPlatformTestClassProcessor$CollectAllTestClassesExecutor.access$000(JUnitPlatformTestClassProcessor.java:79)
	at org.gradle.api.internal.tasks.testing.junitplatform.JUnitPlatformTestClassProcessor.stop(JUnitPlatformTestClassProcessor.java:75)
	at org.gradle.api.internal.tasks.testing.SuiteTestClassProcessor.stop(SuiteTestClassProcessor.java:61)
	at java.base/jdk.internal.reflect.NativeMethodAccessorImpl.invoke0(Native Method)
	at java.base/jdk.internal.reflect.NativeMethodAccessorImpl.invoke(NativeMethodAccessorImpl.java:62)
	at java.base/jdk.internal.reflect.DelegatingMethodAccessorImpl.invoke(DelegatingMethodAccessorImpl.java:43)
	at java.base/java.lang.reflect.Method.invoke(Method.java:566)
	at org.gradle.internal.dispatch.ReflectionDispatch.dispatch(ReflectionDispatch.java:36)
	at org.gradle.internal.dispatch.ReflectionDispatch.dispatch(ReflectionDispatch.java:24)
	at org.gradle.internal.dispatch.ContextClassLoaderDispatch.dispatch(ContextClassLoaderDispatch.java:33)
	at org.gradle.internal.dispatch.ProxyDispatchAdapter$DispatchingInvocationHandler.invoke(ProxyDispatchAdapter.java:94)
	at com.sun.proxy.$Proxy5.stop(Unknown Source)
	at org.gradle.api.internal.tasks.testing.worker.TestWorker$3.run(TestWorker.java:193)
	at org.gradle.api.internal.tasks.testing.worker.TestWorker.executeAndMaintainThreadName(TestWorker.java:129)
	at org.gradle.api.internal.tasks.testing.worker.TestWorker.execute(TestWorker.java:100)
	at org.gradle.api.internal.tasks.testing.worker.TestWorker.execute(TestWorker.java:60)
	at org.gradle.process.internal.worker.child.ActionExecutionWorker.execute(ActionExecutionWorker.java:56)
	at org.gradle.process.internal.worker.child.SystemApplicationClassLoaderWorker.call(SystemApplicationClassLoaderWorker.java:133)
	at org.gradle.process.internal.worker.child.SystemApplicationClassLoaderWorker.call(SystemApplicationClassLoaderWorker.java:71)
	at worker.org.gradle.process.internal.worker.GradleWorkerMain.run(GradleWorkerMain.java:69)
	at worker.org.gradle.process.internal.worker.GradleWorkerMain.main(GradleWorkerMain.java:74)
Caused by: feign.RetryableException: Connection refused: connect executing GET http://localhost:8082/getAttractionRewardPoints?attractionId=4ac4d30b-f51d-44d5-a556-a18f2dd387f0&userId=7c422fa5-2358-4666-afcc-c4f3186943a1
	at feign.FeignException.errorExecuting(FeignException.java:249)
	at feign.SynchronousMethodHandler.executeAndDecode(SynchronousMethodHandler.java:129)
	at feign.SynchronousMethodHandler.invoke(SynchronousMethodHandler.java:89)
	at feign.ReflectiveFeign$FeignInvocationHandler.invoke(ReflectiveFeign.java:100)
	at com.sun.proxy.$Proxy129.getAttractionRewardPoints(Unknown Source)
	at tourGuide.service.RewardsService.getRewardPoints(RewardsService.java:128)
	at tourGuide.service.RewardsService.lambda$calculateRewardsMultiThread$1(RewardsService.java:95)
	at java.base/java.util.concurrent.Executors$RunnableAdapter.call(Executors.java:515)
	at java.base/java.util.concurrent.FutureTask.run(FutureTask.java:264)
	at java.base/java.util.concurrent.ThreadPoolExecutor.runWorker(ThreadPoolExecutor.java:1128)
	at java.base/java.util.concurrent.ThreadPoolExecutor$Worker.run(ThreadPoolExecutor.java:628)
	at java.base/java.lang.Thread.run(Thread.java:829)
Caused by: java.net.ConnectException: Connection refused: connect
	at java.base/java.net.PlainSocketImpl.waitForConnect(Native Method)
	at java.base/java.net.PlainSocketImpl.socketConnect(PlainSocketImpl.java:107)
	at java.base/java.net.AbstractPlainSocketImpl.doConnect(AbstractPlainSocketImpl.java:399)
	at java.base/java.net.AbstractPlainSocketImpl.connectToAddress(AbstractPlainSocketImpl.java:242)
	at java.base/java.net.AbstractPlainSocketImpl.connect(AbstractPlainSocketImpl.java:224)
	at java.base/java.net.Socket.connect(Socket.java:609)
	at java.base/sun.net.NetworkClient.doConnect(NetworkClient.java:177)
	at java.base/sun.net.www.http.HttpClient.openServer(HttpClient.java:474)
	at java.base/sun.net.www.http.HttpClient.openServer(HttpClient.java:569)
	at java.base/sun.net.www.http.HttpClient.<init>(HttpClient.java:242)
	at java.base/sun.net.www.http.HttpClient.New(HttpClient.java:341)
	at java.base/sun.net.www.http.HttpClient.New(HttpClient.java:362)
	at java.base/sun.net.www.protocol.http.HttpURLConnection.getNewHttpClient(HttpURLConnection.java:1253)
	at java.base/sun.net.www.protocol.http.HttpURLConnection.plainConnect0(HttpURLConnection.java:1187)
	at java.base/sun.net.www.protocol.http.HttpURLConnection.plainConnect(HttpURLConnection.java:1081)
	at java.base/sun.net.www.protocol.http.HttpURLConnection.connect(HttpURLConnection.java:1015)
	at java.base/sun.net.www.protocol.http.HttpURLConnection.getInputStream0(HttpURLConnection.java:1592)
	at java.base/sun.net.www.protocol.http.HttpURLConnection.getInputStream(HttpURLConnection.java:1520)
	at java.base/java.net.HttpURLConnection.getResponseCode(HttpURLConnection.java:527)
	at feign.Client$Default.convertResponse(Client.java:108)
	at feign.Client$Default.execute(Client.java:104)
	at feign.SynchronousMethodHandler.executeAndDecode(SynchronousMethodHandler.java:119)
	... 10 more
java.util.concurrent.ExecutionException: feign.RetryableException: Connection refused: connect executing GET http://localhost:8082/getAttractionRewardPoints?attractionId=4ac4d30b-f51d-44d5-a556-a18f2dd387f0&userId=d7272e2d-f7f5-469c-87c4-8b6e8af28cac
	at java.base/java.util.concurrent.FutureTask.report(FutureTask.java:122)
	at java.base/java.util.concurrent.FutureTask.get(FutureTask.java:191)
	at tourGuide.service.RewardsService.lambda$calculateRewardsMultiThread$2(RewardsService.java:108)
	at java.base/java.util.ArrayList$ArrayListSpliterator.forEachRemaining(ArrayList.java:1655)
	at java.base/java.util.stream.ReferencePipeline$Head.forEach(ReferencePipeline.java:658)
	at tourGuide.service.RewardsService.calculateRewardsMultiThread(RewardsService.java:106)
	at tourGuide.performance.PerformanceTest.highVolumeGetRewards(PerformanceTest.java:122)
	at java.base/jdk.internal.reflect.NativeMethodAccessorImpl.invoke0(Native Method)
	at java.base/jdk.internal.reflect.NativeMethodAccessorImpl.invoke(NativeMethodAccessorImpl.java:62)
	at java.base/jdk.internal.reflect.DelegatingMethodAccessorImpl.invoke(DelegatingMethodAccessorImpl.java:43)
	at java.base/java.lang.reflect.Method.invoke(Method.java:566)
	at org.junit.platform.commons.util.ReflectionUtils.invokeMethod(ReflectionUtils.java:688)
	at org.junit.jupiter.engine.execution.ExecutableInvoker.invoke(ExecutableInvoker.java:115)
	at org.junit.jupiter.engine.descriptor.TestMethodTestDescriptor.lambda$invokeTestMethod$6(TestMethodTestDescriptor.java:171)
	at org.junit.platform.engine.support.hierarchical.ThrowableCollector.execute(ThrowableCollector.java:73)
	at org.junit.jupiter.engine.descriptor.TestMethodTestDescriptor.invokeTestMethod(TestMethodTestDescriptor.java:167)
	at org.junit.jupiter.engine.descriptor.TestMethodTestDescriptor.execute(TestMethodTestDescriptor.java:114)
	at org.junit.jupiter.engine.descriptor.TestMethodTestDescriptor.execute(TestMethodTestDescriptor.java:59)
	at org.junit.platform.engine.support.hierarchical.NodeTestTask.lambda$executeRecursively$5(NodeTestTask.java:139)
	at org.junit.platform.engine.support.hierarchical.ThrowableCollector.execute(ThrowableCollector.java:73)
	at org.junit.platform.engine.support.hierarchical.NodeTestTask.lambda$executeRecursively$7(NodeTestTask.java:129)
	at org.junit.platform.engine.support.hierarchical.Node.around(Node.java:137)
	at org.junit.platform.engine.support.hierarchical.NodeTestTask.lambda$executeRecursively$8(NodeTestTask.java:127)
	at org.junit.platform.engine.support.hierarchical.ThrowableCollector.execute(ThrowableCollector.java:73)
	at org.junit.platform.engine.support.hierarchical.NodeTestTask.executeRecursively(NodeTestTask.java:126)
	at org.junit.platform.engine.support.hierarchical.NodeTestTask.execute(NodeTestTask.java:84)
	at java.base/java.util.ArrayList.forEach(ArrayList.java:1541)
	at org.junit.platform.engine.support.hierarchical.SameThreadHierarchicalTestExecutorService.invokeAll(SameThreadHierarchicalTestExecutorService.java:38)
	at org.junit.platform.engine.support.hierarchical.NodeTestTask.lambda$executeRecursively$5(NodeTestTask.java:143)
	at org.junit.platform.engine.support.hierarchical.ThrowableCollector.execute(ThrowableCollector.java:73)
	at org.junit.platform.engine.support.hierarchical.NodeTestTask.lambda$executeRecursively$7(NodeTestTask.java:129)
	at org.junit.platform.engine.support.hierarchical.Node.around(Node.java:137)
	at org.junit.platform.engine.support.hierarchical.NodeTestTask.lambda$executeRecursively$8(NodeTestTask.java:127)
	at org.junit.platform.engine.support.hierarchical.ThrowableCollector.execute(ThrowableCollector.java:73)
	at org.junit.platform.engine.support.hierarchical.NodeTestTask.executeRecursively(NodeTestTask.java:126)
	at org.junit.platform.engine.support.hierarchical.NodeTestTask.execute(NodeTestTask.java:84)
	at java.base/java.util.ArrayList.forEach(ArrayList.java:1541)
	at org.junit.platform.engine.support.hierarchical.SameThreadHierarchicalTestExecutorService.invokeAll(SameThreadHierarchicalTestExecutorService.java:38)
	at org.junit.platform.engine.support.hierarchical.NodeTestTask.lambda$executeRecursively$5(NodeTestTask.java:143)
	at org.junit.platform.engine.support.hierarchical.ThrowableCollector.execute(ThrowableCollector.java:73)
	at org.junit.platform.engine.support.hierarchical.NodeTestTask.lambda$executeRecursively$7(NodeTestTask.java:129)
	at org.junit.platform.engine.support.hierarchical.Node.around(Node.java:137)
	at org.junit.platform.engine.support.hierarchical.NodeTestTask.lambda$executeRecursively$8(NodeTestTask.java:127)
	at org.junit.platform.engine.support.hierarchical.ThrowableCollector.execute(ThrowableCollector.java:73)
	at org.junit.platform.engine.support.hierarchical.NodeTestTask.executeRecursively(NodeTestTask.java:126)
	at org.junit.platform.engine.support.hierarchical.NodeTestTask.execute(NodeTestTask.java:84)
	at org.junit.platform.engine.support.hierarchical.SameThreadHierarchicalTestExecutorService.submit(SameThreadHierarchicalTestExecutorService.java:32)
	at org.junit.platform.engine.support.hierarchical.HierarchicalTestExecutor.execute(HierarchicalTestExecutor.java:57)
	at org.junit.platform.engine.support.hierarchical.HierarchicalTestEngine.execute(HierarchicalTestEngine.java:51)
	at org.junit.platform.launcher.core.EngineExecutionOrchestrator.execute(EngineExecutionOrchestrator.java:108)
	at org.junit.platform.launcher.core.EngineExecutionOrchestrator.execute(EngineExecutionOrchestrator.java:88)
	at org.junit.platform.launcher.core.EngineExecutionOrchestrator.lambda$execute$0(EngineExecutionOrchestrator.java:54)
	at org.junit.platform.launcher.core.EngineExecutionOrchestrator.withInterceptedStreams(EngineExecutionOrchestrator.java:67)
	at org.junit.platform.launcher.core.EngineExecutionOrchestrator.execute(EngineExecutionOrchestrator.java:52)
	at org.junit.platform.launcher.core.DefaultLauncher.execute(DefaultLauncher.java:96)
	at org.junit.platform.launcher.core.DefaultLauncher.execute(DefaultLauncher.java:75)
	at org.gradle.api.internal.tasks.testing.junitplatform.JUnitPlatformTestClassProcessor$CollectAllTestClassesExecutor.processAllTestClasses(JUnitPlatformTestClassProcessor.java:99)
	at org.gradle.api.internal.tasks.testing.junitplatform.JUnitPlatformTestClassProcessor$CollectAllTestClassesExecutor.access$000(JUnitPlatformTestClassProcessor.java:79)
	at org.gradle.api.internal.tasks.testing.junitplatform.JUnitPlatformTestClassProcessor.stop(JUnitPlatformTestClassProcessor.java:75)
	at org.gradle.api.internal.tasks.testing.SuiteTestClassProcessor.stop(SuiteTestClassProcessor.java:61)
	at java.base/jdk.internal.reflect.NativeMethodAccessorImpl.invoke0(Native Method)
	at java.base/jdk.internal.reflect.NativeMethodAccessorImpl.invoke(NativeMethodAccessorImpl.java:62)
	at java.base/jdk.internal.reflect.DelegatingMethodAccessorImpl.invoke(DelegatingMethodAccessorImpl.java:43)
	at java.base/java.lang.reflect.Method.invoke(Method.java:566)
	at org.gradle.internal.dispatch.ReflectionDispatch.dispatch(ReflectionDispatch.java:36)
	at org.gradle.internal.dispatch.ReflectionDispatch.dispatch(ReflectionDispatch.java:24)
	at org.gradle.internal.dispatch.ContextClassLoaderDispatch.dispatch(ContextClassLoaderDispatch.java:33)
	at org.gradle.internal.dispatch.ProxyDispatchAdapter$DispatchingInvocationHandler.invoke(ProxyDispatchAdapter.java:94)
	at com.sun.proxy.$Proxy5.stop(Unknown Source)
	at org.gradle.api.internal.tasks.testing.worker.TestWorker$3.run(TestWorker.java:193)
	at org.gradle.api.internal.tasks.testing.worker.TestWorker.executeAndMaintainThreadName(TestWorker.java:129)
	at org.gradle.api.internal.tasks.testing.worker.TestWorker.execute(TestWorker.java:100)
	at org.gradle.api.internal.tasks.testing.worker.TestWorker.execute(TestWorker.java:60)
	at org.gradle.process.internal.worker.child.ActionExecutionWorker.execute(ActionExecutionWorker.java:56)
	at org.gradle.process.internal.worker.child.SystemApplicationClassLoaderWorker.call(SystemApplicationClassLoaderWorker.java:133)
	at org.gradle.process.internal.worker.child.SystemApplicationClassLoaderWorker.call(SystemApplicationClassLoaderWorker.java:71)
	at worker.org.gradle.process.internal.worker.GradleWorkerMain.run(GradleWorkerMain.java:69)
	at worker.org.gradle.process.internal.worker.GradleWorkerMain.main(GradleWorkerMain.java:74)
Caused by: feign.RetryableException: Connection refused: connect executing GET http://localhost:8082/getAttractionRewardPoints?attractionId=4ac4d30b-f51d-44d5-a556-a18f2dd387f0&userId=d7272e2d-f7f5-469c-87c4-8b6e8af28cac
	at feign.FeignException.errorExecuting(FeignException.java:249)
	at feign.SynchronousMethodHandler.executeAndDecode(SynchronousMethodHandler.java:129)
	at feign.SynchronousMethodHandler.invoke(SynchronousMethodHandler.java:89)
	at feign.ReflectiveFeign$FeignInvocationHandler.invoke(ReflectiveFeign.java:100)
	at com.sun.proxy.$Proxy129.getAttractionRewardPoints(Unknown Source)
	at tourGuide.service.RewardsService.getRewardPoints(RewardsService.java:128)
	at tourGuide.service.RewardsService.lambda$calculateRewardsMultiThread$1(RewardsService.java:95)
	at java.base/java.util.concurrent.Executors$RunnableAdapter.call(Executors.java:515)
	at java.base/java.util.concurrent.FutureTask.run(FutureTask.java:264)
	at java.base/java.util.concurrent.ThreadPoolExecutor.runWorker(ThreadPoolExecutor.java:1128)
	at java.base/java.util.concurrent.ThreadPoolExecutor$Worker.run(ThreadPoolExecutor.java:628)
	at java.base/java.lang.Thread.run(Thread.java:829)
Caused by: java.net.ConnectException: Connection refused: connect
	at java.base/java.net.PlainSocketImpl.waitForConnect(Native Method)
	at java.base/java.net.PlainSocketImpl.socketConnect(PlainSocketImpl.java:107)
	at java.base/java.net.AbstractPlainSocketImpl.doConnect(AbstractPlainSocketImpl.java:399)
	at java.base/java.net.AbstractPlainSocketImpl.connectToAddress(AbstractPlainSocketImpl.java:242)
	at java.base/java.net.AbstractPlainSocketImpl.connect(AbstractPlainSocketImpl.java:224)
	at java.base/java.net.Socket.connect(Socket.java:609)
	at java.base/sun.net.NetworkClient.doConnect(NetworkClient.java:177)
	at java.base/sun.net.www.http.HttpClient.openServer(HttpClient.java:474)
	at java.base/sun.net.www.http.HttpClient.openServer(HttpClient.java:569)
	at java.base/sun.net.www.http.HttpClient.<init>(HttpClient.java:242)
	at java.base/sun.net.www.http.HttpClient.New(HttpClient.java:341)
	at java.base/sun.net.www.http.HttpClient.New(HttpClient.java:362)
	at java.base/sun.net.www.protocol.http.HttpURLConnection.getNewHttpClient(HttpURLConnection.java:1253)
	at java.base/sun.net.www.protocol.http.HttpURLConnection.plainConnect0(HttpURLConnection.java:1187)
	at java.base/sun.net.www.protocol.http.HttpURLConnection.plainConnect(HttpURLConnection.java:1081)
	at java.base/sun.net.www.protocol.http.HttpURLConnection.connect(HttpURLConnection.java:1015)
	at java.base/sun.net.www.protocol.http.HttpURLConnection.getInputStream0(HttpURLConnection.java:1592)
	at java.base/sun.net.www.protocol.http.HttpURLConnection.getInputStream(HttpURLConnection.java:1520)
	at java.base/java.net.HttpURLConnection.getResponseCode(HttpURLConnection.java:527)
	at feign.Client$Default.convertResponse(Client.java:108)
	at feign.Client$Default.execute(Client.java:104)
	at feign.SynchronousMethodHandler.executeAndDecode(SynchronousMethodHandler.java:119)
	... 10 more
java.util.concurrent.ExecutionException: feign.RetryableException: Connection refused: connect executing GET http://localhost:8082/getAttractionRewardPoints?attractionId=4ac4d30b-f51d-44d5-a556-a18f2dd387f0&userId=4157cfbe-f413-4fe6-bc1c-238b1cd53d3e
	at java.base/java.util.concurrent.FutureTask.report(FutureTask.java:122)
	at java.base/java.util.concurrent.FutureTask.get(FutureTask.java:191)
	at tourGuide.service.RewardsService.lambda$calculateRewardsMultiThread$2(RewardsService.java:108)
	at java.base/java.util.ArrayList$ArrayListSpliterator.forEachRemaining(ArrayList.java:1655)
	at java.base/java.util.stream.ReferencePipeline$Head.forEach(ReferencePipeline.java:658)
	at tourGuide.service.RewardsService.calculateRewardsMultiThread(RewardsService.java:106)
	at tourGuide.performance.PerformanceTest.highVolumeGetRewards(PerformanceTest.java:122)
	at java.base/jdk.internal.reflect.NativeMethodAccessorImpl.invoke0(Native Method)
	at java.base/jdk.internal.reflect.NativeMethodAccessorImpl.invoke(NativeMethodAccessorImpl.java:62)
	at java.base/jdk.internal.reflect.DelegatingMethodAccessorImpl.invoke(DelegatingMethodAccessorImpl.java:43)
	at java.base/java.lang.reflect.Method.invoke(Method.java:566)
	at org.junit.platform.commons.util.ReflectionUtils.invokeMethod(ReflectionUtils.java:688)
	at org.junit.jupiter.engine.execution.ExecutableInvoker.invoke(ExecutableInvoker.java:115)
	at org.junit.jupiter.engine.descriptor.TestMethodTestDescriptor.lambda$invokeTestMethod$6(TestMethodTestDescriptor.java:171)
	at org.junit.platform.engine.support.hierarchical.ThrowableCollector.execute(ThrowableCollector.java:73)
	at org.junit.jupiter.engine.descriptor.TestMethodTestDescriptor.invokeTestMethod(TestMethodTestDescriptor.java:167)
	at org.junit.jupiter.engine.descriptor.TestMethodTestDescriptor.execute(TestMethodTestDescriptor.java:114)
	at org.junit.jupiter.engine.descriptor.TestMethodTestDescriptor.execute(TestMethodTestDescriptor.java:59)
	at org.junit.platform.engine.support.hierarchical.NodeTestTask.lambda$executeRecursively$5(NodeTestTask.java:139)
	at org.junit.platform.engine.support.hierarchical.ThrowableCollector.execute(ThrowableCollector.java:73)
	at org.junit.platform.engine.support.hierarchical.NodeTestTask.lambda$executeRecursively$7(NodeTestTask.java:129)
	at org.junit.platform.engine.support.hierarchical.Node.around(Node.java:137)
	at org.junit.platform.engine.support.hierarchical.NodeTestTask.lambda$executeRecursively$8(NodeTestTask.java:127)
	at org.junit.platform.engine.support.hierarchical.ThrowableCollector.execute(ThrowableCollector.java:73)
	at org.junit.platform.engine.support.hierarchical.NodeTestTask.executeRecursively(NodeTestTask.java:126)
	at org.junit.platform.engine.support.hierarchical.NodeTestTask.execute(NodeTestTask.java:84)
	at java.base/java.util.ArrayList.forEach(ArrayList.java:1541)
	at org.junit.platform.engine.support.hierarchical.SameThreadHierarchicalTestExecutorService.invokeAll(SameThreadHierarchicalTestExecutorService.java:38)
	at org.junit.platform.engine.support.hierarchical.NodeTestTask.lambda$executeRecursively$5(NodeTestTask.java:143)
	at org.junit.platform.engine.support.hierarchical.ThrowableCollector.execute(ThrowableCollector.java:73)
	at org.junit.platform.engine.support.hierarchical.NodeTestTask.lambda$executeRecursively$7(NodeTestTask.java:129)
	at org.junit.platform.engine.support.hierarchical.Node.around(Node.java:137)
	at org.junit.platform.engine.support.hierarchical.NodeTestTask.lambda$executeRecursively$8(NodeTestTask.java:127)
	at org.junit.platform.engine.support.hierarchical.ThrowableCollector.execute(ThrowableCollector.java:73)
	at org.junit.platform.engine.support.hierarchical.NodeTestTask.executeRecursively(NodeTestTask.java:126)
	at org.junit.platform.engine.support.hierarchical.NodeTestTask.execute(NodeTestTask.java:84)
	at java.base/java.util.ArrayList.forEach(ArrayList.java:1541)
	at org.junit.platform.engine.support.hierarchical.SameThreadHierarchicalTestExecutorService.invokeAll(SameThreadHierarchicalTestExecutorService.java:38)
	at org.junit.platform.engine.support.hierarchical.NodeTestTask.lambda$executeRecursively$5(NodeTestTask.java:143)
	at org.junit.platform.engine.support.hierarchical.ThrowableCollector.execute(ThrowableCollector.java:73)
	at org.junit.platform.engine.support.hierarchical.NodeTestTask.lambda$executeRecursively$7(NodeTestTask.java:129)
	at org.junit.platform.engine.support.hierarchical.Node.around(Node.java:137)
	at org.junit.platform.engine.support.hierarchical.NodeTestTask.lambda$executeRecursively$8(NodeTestTask.java:127)
	at org.junit.platform.engine.support.hierarchical.ThrowableCollector.execute(ThrowableCollector.java:73)
	at org.junit.platform.engine.support.hierarchical.NodeTestTask.executeRecursively(NodeTestTask.java:126)
	at org.junit.platform.engine.support.hierarchical.NodeTestTask.execute(NodeTestTask.java:84)
	at org.junit.platform.engine.support.hierarchical.SameThreadHierarchicalTestExecutorService.submit(SameThreadHierarchicalTestExecutorService.java:32)
	at org.junit.platform.engine.support.hierarchical.HierarchicalTestExecutor.execute(HierarchicalTestExecutor.java:57)
	at org.junit.platform.engine.support.hierarchical.HierarchicalTestEngine.execute(HierarchicalTestEngine.java:51)
	at org.junit.platform.launcher.core.EngineExecutionOrchestrator.execute(EngineExecutionOrchestrator.java:108)
	at org.junit.platform.launcher.core.EngineExecutionOrchestrator.execute(EngineExecutionOrchestrator.java:88)
	at org.junit.platform.launcher.core.EngineExecutionOrchestrator.lambda$execute$0(EngineExecutionOrchestrator.java:54)
	at org.junit.platform.launcher.core.EngineExecutionOrchestrator.withInterceptedStreams(EngineExecutionOrchestrator.java:67)
	at org.junit.platform.launcher.core.EngineExecutionOrchestrator.execute(EngineExecutionOrchestrator.java:52)
	at org.junit.platform.launcher.core.DefaultLauncher.execute(DefaultLauncher.java:96)
	at org.junit.platform.launcher.core.DefaultLauncher.execute(DefaultLauncher.java:75)
	at org.gradle.api.internal.tasks.testing.junitplatform.JUnitPlatformTestClassProcessor$CollectAllTestClassesExecutor.processAllTestClasses(JUnitPlatformTestClassProcessor.java:99)
	at org.gradle.api.internal.tasks.testing.junitplatform.JUnitPlatformTestClassProcessor$CollectAllTestClassesExecutor.access$000(JUnitPlatformTestClassProcessor.java:79)
	at org.gradle.api.internal.tasks.testing.junitplatform.JUnitPlatformTestClassProcessor.stop(JUnitPlatformTestClassProcessor.java:75)
	at org.gradle.api.internal.tasks.testing.SuiteTestClassProcessor.stop(SuiteTestClassProcessor.java:61)
	at java.base/jdk.internal.reflect.NativeMethodAccessorImpl.invoke0(Native Method)
	at java.base/jdk.internal.reflect.NativeMethodAccessorImpl.invoke(NativeMethodAccessorImpl.java:62)
	at java.base/jdk.internal.reflect.DelegatingMethodAccessorImpl.invoke(DelegatingMethodAccessorImpl.java:43)
	at java.base/java.lang.reflect.Method.invoke(Method.java:566)
	at org.gradle.internal.dispatch.ReflectionDispatch.dispatch(ReflectionDispatch.java:36)
	at org.gradle.internal.dispatch.ReflectionDispatch.dispatch(ReflectionDispatch.java:24)
	at org.gradle.internal.dispatch.ContextClassLoaderDispatch.dispatch(ContextClassLoaderDispatch.java:33)
	at org.gradle.internal.dispatch.ProxyDispatchAdapter$DispatchingInvocationHandler.invoke(ProxyDispatchAdapter.java:94)
	at com.sun.proxy.$Proxy5.stop(Unknown Source)
	at org.gradle.api.internal.tasks.testing.worker.TestWorker$3.run(TestWorker.java:193)
	at org.gradle.api.internal.tasks.testing.worker.TestWorker.executeAndMaintainThreadName(TestWorker.java:129)
	at org.gradle.api.internal.tasks.testing.worker.TestWorker.execute(TestWorker.java:100)
	at org.gradle.api.internal.tasks.testing.worker.TestWorker.execute(TestWorker.java:60)
	at org.gradle.process.internal.worker.child.ActionExecutionWorker.execute(ActionExecutionWorker.java:56)
	at org.gradle.process.internal.worker.child.SystemApplicationClassLoaderWorker.call(SystemApplicationClassLoaderWorker.java:133)
	at org.gradle.process.internal.worker.child.SystemApplicationClassLoaderWorker.call(SystemApplicationClassLoaderWorker.java:71)
	at worker.org.gradle.process.internal.worker.GradleWorkerMain.run(GradleWorkerMain.java:69)
	at worker.org.gradle.process.internal.worker.GradleWorkerMain.main(GradleWorkerMain.java:74)
Caused by: feign.RetryableException: Connection refused: connect executing GET http://localhost:8082/getAttractionRewardPoints?attractionId=4ac4d30b-f51d-44d5-a556-a18f2dd387f0&userId=4157cfbe-f413-4fe6-bc1c-238b1cd53d3e
	at feign.FeignException.errorExecuting(FeignException.java:249)
	at feign.SynchronousMethodHandler.executeAndDecode(SynchronousMethodHandler.java:129)
	at feign.SynchronousMethodHandler.invoke(SynchronousMethodHandler.java:89)
	at feign.ReflectiveFeign$FeignInvocationHandler.invoke(ReflectiveFeign.java:100)
	at com.sun.proxy.$Proxy129.getAttractionRewardPoints(Unknown Source)
	at tourGuide.service.RewardsService.getRewardPoints(RewardsService.java:128)
	at tourGuide.service.RewardsService.lambda$calculateRewardsMultiThread$1(RewardsService.java:95)
	at java.base/java.util.concurrent.Executors$RunnableAdapter.call(Executors.java:515)
	at java.base/java.util.concurrent.FutureTask.run(FutureTask.java:264)
	at java.base/java.util.concurrent.ThreadPoolExecutor.runWorker(ThreadPoolExecutor.java:1128)
	at java.base/java.util.concurrent.ThreadPoolExecutor$Worker.run(ThreadPoolExecutor.java:628)
	at java.base/java.lang.Thread.run(Thread.java:829)
Caused by: java.net.ConnectException: Connection refused: connect
	at java.base/java.net.PlainSocketImpl.waitForConnect(Native Method)
	at java.base/java.net.PlainSocketImpl.socketConnect(PlainSocketImpl.java:107)
	at java.base/java.net.AbstractPlainSocketImpl.doConnect(AbstractPlainSocketImpl.java:399)
	at java.base/java.net.AbstractPlainSocketImpl.connectToAddress(AbstractPlainSocketImpl.java:242)
	at java.base/java.net.AbstractPlainSocketImpl.connect(AbstractPlainSocketImpl.java:224)
	at java.base/java.net.Socket.connect(Socket.java:609)
	at java.base/sun.net.NetworkClient.doConnect(NetworkClient.java:177)
	at java.base/sun.net.www.http.HttpClient.openServer(HttpClient.java:474)
	at java.base/sun.net.www.http.HttpClient.openServer(HttpClient.java:569)
	at java.base/sun.net.www.http.HttpClient.<init>(HttpClient.java:242)
	at java.base/sun.net.www.http.HttpClient.New(HttpClient.java:341)
	at java.base/sun.net.www.http.HttpClient.New(HttpClient.java:362)
	at java.base/sun.net.www.protocol.http.HttpURLConnection.getNewHttpClient(HttpURLConnection.java:1253)
	at java.base/sun.net.www.protocol.http.HttpURLConnection.plainConnect0(HttpURLConnection.java:1187)
	at java.base/sun.net.www.protocol.http.HttpURLConnection.plainConnect(HttpURLConnection.java:1081)
	at java.base/sun.net.www.protocol.http.HttpURLConnection.connect(HttpURLConnection.java:1015)
	at java.base/sun.net.www.protocol.http.HttpURLConnection.getInputStream0(HttpURLConnection.java:1592)
	at java.base/sun.net.www.protocol.http.HttpURLConnection.getInputStream(HttpURLConnection.java:1520)
	at java.base/java.net.HttpURLConnection.getResponseCode(HttpURLConnection.java:527)
	at feign.Client$Default.convertResponse(Client.java:108)
	at feign.Client$Default.execute(Client.java:104)
	at feign.SynchronousMethodHandler.executeAndDecode(SynchronousMethodHandler.java:119)
	... 10 more
java.util.concurrent.ExecutionException: feign.RetryableException: Connection refused: connect executing GET http://localhost:8082/getAttractionRewardPoints?attractionId=4ac4d30b-f51d-44d5-a556-a18f2dd387f0&userId=5fd1abad-edba-40b2-a232-266434cc7e38
	at java.base/java.util.concurrent.FutureTask.report(FutureTask.java:122)
	at java.base/java.util.concurrent.FutureTask.get(FutureTask.java:191)
	at tourGuide.service.RewardsService.lambda$calculateRewardsMultiThread$2(RewardsService.java:108)
	at java.base/java.util.ArrayList$ArrayListSpliterator.forEachRemaining(ArrayList.java:1655)
	at java.base/java.util.stream.ReferencePipeline$Head.forEach(ReferencePipeline.java:658)
	at tourGuide.service.RewardsService.calculateRewardsMultiThread(RewardsService.java:106)
	at tourGuide.performance.PerformanceTest.highVolumeGetRewards(PerformanceTest.java:122)
	at java.base/jdk.internal.reflect.NativeMethodAccessorImpl.invoke0(Native Method)
	at java.base/jdk.internal.reflect.NativeMethodAccessorImpl.invoke(NativeMethodAccessorImpl.java:62)
	at java.base/jdk.internal.reflect.DelegatingMethodAccessorImpl.invoke(DelegatingMethodAccessorImpl.java:43)
	at java.base/java.lang.reflect.Method.invoke(Method.java:566)
	at org.junit.platform.commons.util.ReflectionUtils.invokeMethod(ReflectionUtils.java:688)
	at org.junit.jupiter.engine.execution.ExecutableInvoker.invoke(ExecutableInvoker.java:115)
	at org.junit.jupiter.engine.descriptor.TestMethodTestDescriptor.lambda$invokeTestMethod$6(TestMethodTestDescriptor.java:171)
	at org.junit.platform.engine.support.hierarchical.ThrowableCollector.execute(ThrowableCollector.java:73)
	at org.junit.jupiter.engine.descriptor.TestMethodTestDescriptor.invokeTestMethod(TestMethodTestDescriptor.java:167)
	at org.junit.jupiter.engine.descriptor.TestMethodTestDescriptor.execute(TestMethodTestDescriptor.java:114)
	at org.junit.jupiter.engine.descriptor.TestMethodTestDescriptor.execute(TestMethodTestDescriptor.java:59)
	at org.junit.platform.engine.support.hierarchical.NodeTestTask.lambda$executeRecursively$5(NodeTestTask.java:139)
	at org.junit.platform.engine.support.hierarchical.ThrowableCollector.execute(ThrowableCollector.java:73)
	at org.junit.platform.engine.support.hierarchical.NodeTestTask.lambda$executeRecursively$7(NodeTestTask.java:129)
	at org.junit.platform.engine.support.hierarchical.Node.around(Node.java:137)
	at org.junit.platform.engine.support.hierarchical.NodeTestTask.lambda$executeRecursively$8(NodeTestTask.java:127)
	at org.junit.platform.engine.support.hierarchical.ThrowableCollector.execute(ThrowableCollector.java:73)
	at org.junit.platform.engine.support.hierarchical.NodeTestTask.executeRecursively(NodeTestTask.java:126)
	at org.junit.platform.engine.support.hierarchical.NodeTestTask.execute(NodeTestTask.java:84)
	at java.base/java.util.ArrayList.forEach(ArrayList.java:1541)
	at org.junit.platform.engine.support.hierarchical.SameThreadHierarchicalTestExecutorService.invokeAll(SameThreadHierarchicalTestExecutorService.java:38)
	at org.junit.platform.engine.support.hierarchical.NodeTestTask.lambda$executeRecursively$5(NodeTestTask.java:143)
	at org.junit.platform.engine.support.hierarchical.ThrowableCollector.execute(ThrowableCollector.java:73)
	at org.junit.platform.engine.support.hierarchical.NodeTestTask.lambda$executeRecursively$7(NodeTestTask.java:129)
	at org.junit.platform.engine.support.hierarchical.Node.around(Node.java:137)
	at org.junit.platform.engine.support.hierarchical.NodeTestTask.lambda$executeRecursively$8(NodeTestTask.java:127)
	at org.junit.platform.engine.support.hierarchical.ThrowableCollector.execute(ThrowableCollector.java:73)
	at org.junit.platform.engine.support.hierarchical.NodeTestTask.executeRecursively(NodeTestTask.java:126)
	at org.junit.platform.engine.support.hierarchical.NodeTestTask.execute(NodeTestTask.java:84)
	at java.base/java.util.ArrayList.forEach(ArrayList.java:1541)
	at org.junit.platform.engine.support.hierarchical.SameThreadHierarchicalTestExecutorService.invokeAll(SameThreadHierarchicalTestExecutorService.java:38)
	at org.junit.platform.engine.support.hierarchical.NodeTestTask.lambda$executeRecursively$5(NodeTestTask.java:143)
	at org.junit.platform.engine.support.hierarchical.ThrowableCollector.execute(ThrowableCollector.java:73)
	at org.junit.platform.engine.support.hierarchical.NodeTestTask.lambda$executeRecursively$7(NodeTestTask.java:129)
	at org.junit.platform.engine.support.hierarchical.Node.around(Node.java:137)
	at org.junit.platform.engine.support.hierarchical.NodeTestTask.lambda$executeRecursively$8(NodeTestTask.java:127)
	at org.junit.platform.engine.support.hierarchical.ThrowableCollector.execute(ThrowableCollector.java:73)
	at org.junit.platform.engine.support.hierarchical.NodeTestTask.executeRecursively(NodeTestTask.java:126)
	at org.junit.platform.engine.support.hierarchical.NodeTestTask.execute(NodeTestTask.java:84)
	at org.junit.platform.engine.support.hierarchical.SameThreadHierarchicalTestExecutorService.submit(SameThreadHierarchicalTestExecutorService.java:32)
	at org.junit.platform.engine.support.hierarchical.HierarchicalTestExecutor.execute(HierarchicalTestExecutor.java:57)
	at org.junit.platform.engine.support.hierarchical.HierarchicalTestEngine.execute(HierarchicalTestEngine.java:51)
	at org.junit.platform.launcher.core.EngineExecutionOrchestrator.execute(EngineExecutionOrchestrator.java:108)
	at org.junit.platform.launcher.core.EngineExecutionOrchestrator.execute(EngineExecutionOrchestrator.java:88)
	at org.junit.platform.launcher.core.EngineExecutionOrchestrator.lambda$execute$0(EngineExecutionOrchestrator.java:54)
	at org.junit.platform.launcher.core.EngineExecutionOrchestrator.withInterceptedStreams(EngineExecutionOrchestrator.java:67)
	at org.junit.platform.launcher.core.EngineExecutionOrchestrator.execute(EngineExecutionOrchestrator.java:52)
	at org.junit.platform.launcher.core.DefaultLauncher.execute(DefaultLauncher.java:96)
	at org.junit.platform.launcher.core.DefaultLauncher.execute(DefaultLauncher.java:75)
	at org.gradle.api.internal.tasks.testing.junitplatform.JUnitPlatformTestClassProcessor$CollectAllTestClassesExecutor.processAllTestClasses(JUnitPlatformTestClassProcessor.java:99)
	at org.gradle.api.internal.tasks.testing.junitplatform.JUnitPlatformTestClassProcessor$CollectAllTestClassesExecutor.access$000(JUnitPlatformTestClassProcessor.java:79)
	at org.gradle.api.internal.tasks.testing.junitplatform.JUnitPlatformTestClassProcessor.stop(JUnitPlatformTestClassProcessor.java:75)
	at org.gradle.api.internal.tasks.testing.SuiteTestClassProcessor.stop(SuiteTestClassProcessor.java:61)
	at java.base/jdk.internal.reflect.NativeMethodAccessorImpl.invoke0(Native Method)
	at java.base/jdk.internal.reflect.NativeMethodAccessorImpl.invoke(NativeMethodAccessorImpl.java:62)
	at java.base/jdk.internal.reflect.DelegatingMethodAccessorImpl.invoke(DelegatingMethodAccessorImpl.java:43)
	at java.base/java.lang.reflect.Method.invoke(Method.java:566)
	at org.gradle.internal.dispatch.ReflectionDispatch.dispatch(ReflectionDispatch.java:36)
	at org.gradle.internal.dispatch.ReflectionDispatch.dispatch(ReflectionDispatch.java:24)
	at org.gradle.internal.dispatch.ContextClassLoaderDispatch.dispatch(ContextClassLoaderDispatch.java:33)
	at org.gradle.internal.dispatch.ProxyDispatchAdapter$DispatchingInvocationHandler.invoke(ProxyDispatchAdapter.java:94)
	at com.sun.proxy.$Proxy5.stop(Unknown Source)
	at org.gradle.api.internal.tasks.testing.worker.TestWorker$3.run(TestWorker.java:193)
	at org.gradle.api.internal.tasks.testing.worker.TestWorker.executeAndMaintainThreadName(TestWorker.java:129)
	at org.gradle.api.internal.tasks.testing.worker.TestWorker.execute(TestWorker.java:100)
	at org.gradle.api.internal.tasks.testing.worker.TestWorker.execute(TestWorker.java:60)
	at org.gradle.process.internal.worker.child.ActionExecutionWorker.execute(ActionExecutionWorker.java:56)
	at org.gradle.process.internal.worker.child.SystemApplicationClassLoaderWorker.call(SystemApplicationClassLoaderWorker.java:133)
	at org.gradle.process.internal.worker.child.SystemApplicationClassLoaderWorker.call(SystemApplicationClassLoaderWorker.java:71)
	at worker.org.gradle.process.internal.worker.GradleWorkerMain.run(GradleWorkerMain.java:69)
	at worker.org.gradle.process.internal.worker.GradleWorkerMain.main(GradleWorkerMain.java:74)
Caused by: feign.RetryableException: Connection refused: connect executing GET http://localhost:8082/getAttractionRewardPoints?attractionId=4ac4d30b-f51d-44d5-a556-a18f2dd387f0&userId=5fd1abad-edba-40b2-a232-266434cc7e38
	at feign.FeignException.errorExecuting(FeignException.java:249)
	at feign.SynchronousMethodHandler.executeAndDecode(SynchronousMethodHandler.java:129)
	at feign.SynchronousMethodHandler.invoke(SynchronousMethodHandler.java:89)
	at feign.ReflectiveFeign$FeignInvocationHandler.invoke(ReflectiveFeign.java:100)
	at com.sun.proxy.$Proxy129.getAttractionRewardPoints(Unknown Source)
	at tourGuide.service.RewardsService.getRewardPoints(RewardsService.java:128)
	at tourGuide.service.RewardsService.lambda$calculateRewardsMultiThread$1(RewardsService.java:95)
	at java.base/java.util.concurrent.Executors$RunnableAdapter.call(Executors.java:515)
	at java.base/java.util.concurrent.FutureTask.run(FutureTask.java:264)
	at java.base/java.util.concurrent.ThreadPoolExecutor.runWorker(ThreadPoolExecutor.java:1128)
	at java.base/java.util.concurrent.ThreadPoolExecutor$Worker.run(ThreadPoolExecutor.java:628)
	at java.base/java.lang.Thread.run(Thread.java:829)
Caused by: java.net.ConnectException: Connection refused: connect
	at java.base/java.net.PlainSocketImpl.waitForConnect(Native Method)
	at java.base/java.net.PlainSocketImpl.socketConnect(PlainSocketImpl.java:107)
	at java.base/java.net.AbstractPlainSocketImpl.doConnect(AbstractPlainSocketImpl.java:399)
	at java.base/java.net.AbstractPlainSocketImpl.connectToAddress(AbstractPlainSocketImpl.java:242)
	at java.base/java.net.AbstractPlainSocketImpl.connect(AbstractPlainSocketImpl.java:224)
	at java.base/java.net.Socket.connect(Socket.java:609)
	at java.base/sun.net.NetworkClient.doConnect(NetworkClient.java:177)
	at java.base/sun.net.www.http.HttpClient.openServer(HttpClient.java:474)
	at java.base/sun.net.www.http.HttpClient.openServer(HttpClient.java:569)
	at java.base/sun.net.www.http.HttpClient.<init>(HttpClient.java:242)
	at java.base/sun.net.www.http.HttpClient.New(HttpClient.java:341)
	at java.base/sun.net.www.http.HttpClient.New(HttpClient.java:362)
	at java.base/sun.net.www.protocol.http.HttpURLConnection.getNewHttpClient(HttpURLConnection.java:1253)
	at java.base/sun.net.www.protocol.http.HttpURLConnection.plainConnect0(HttpURLConnection.java:1187)
	at java.base/sun.net.www.protocol.http.HttpURLConnection.plainConnect(HttpURLConnection.java:1081)
	at java.base/sun.net.www.protocol.http.HttpURLConnection.connect(HttpURLConnection.java:1015)
	at java.base/sun.net.www.protocol.http.HttpURLConnection.getInputStream0(HttpURLConnection.java:1592)
	at java.base/sun.net.www.protocol.http.HttpURLConnection.getInputStream(HttpURLConnection.java:1520)
	at java.base/java.net.HttpURLConnection.getResponseCode(HttpURLConnection.java:527)
	at feign.Client$Default.convertResponse(Client.java:108)
	at feign.Client$Default.execute(Client.java:104)
	at feign.SynchronousMethodHandler.executeAndDecode(SynchronousMethodHandler.java:119)
	... 10 more
java.util.concurrent.ExecutionException: feign.RetryableException: Connection refused: connect executing GET http://localhost:8082/getAttractionRewardPoints?attractionId=4ac4d30b-f51d-44d5-a556-a18f2dd387f0&userId=01e274a5-25f6-4ba9-b561-4c4af807db37
	at java.base/java.util.concurrent.FutureTask.report(FutureTask.java:122)
	at java.base/java.util.concurrent.FutureTask.get(FutureTask.java:191)
	at tourGuide.service.RewardsService.lambda$calculateRewardsMultiThread$2(RewardsService.java:108)
	at java.base/java.util.ArrayList$ArrayListSpliterator.forEachRemaining(ArrayList.java:1655)
	at java.base/java.util.stream.ReferencePipeline$Head.forEach(ReferencePipeline.java:658)
	at tourGuide.service.RewardsService.calculateRewardsMultiThread(RewardsService.java:106)
	at tourGuide.performance.PerformanceTest.highVolumeGetRewards(PerformanceTest.java:122)
	at java.base/jdk.internal.reflect.NativeMethodAccessorImpl.invoke0(Native Method)
	at java.base/jdk.internal.reflect.NativeMethodAccessorImpl.invoke(NativeMethodAccessorImpl.java:62)
	at java.base/jdk.internal.reflect.DelegatingMethodAccessorImpl.invoke(DelegatingMethodAccessorImpl.java:43)
	at java.base/java.lang.reflect.Method.invoke(Method.java:566)
	at org.junit.platform.commons.util.ReflectionUtils.invokeMethod(ReflectionUtils.java:688)
	at org.junit.jupiter.engine.execution.ExecutableInvoker.invoke(ExecutableInvoker.java:115)
	at org.junit.jupiter.engine.descriptor.TestMethodTestDescriptor.lambda$invokeTestMethod$6(TestMethodTestDescriptor.java:171)
	at org.junit.platform.engine.support.hierarchical.ThrowableCollector.execute(ThrowableCollector.java:73)
	at org.junit.jupiter.engine.descriptor.TestMethodTestDescriptor.invokeTestMethod(TestMethodTestDescriptor.java:167)
	at org.junit.jupiter.engine.descriptor.TestMethodTestDescriptor.execute(TestMethodTestDescriptor.java:114)
	at org.junit.jupiter.engine.descriptor.TestMethodTestDescriptor.execute(TestMethodTestDescriptor.java:59)
	at org.junit.platform.engine.support.hierarchical.NodeTestTask.lambda$executeRecursively$5(NodeTestTask.java:139)
	at org.junit.platform.engine.support.hierarchical.ThrowableCollector.execute(ThrowableCollector.java:73)
	at org.junit.platform.engine.support.hierarchical.NodeTestTask.lambda$executeRecursively$7(NodeTestTask.java:129)
	at org.junit.platform.engine.support.hierarchical.Node.around(Node.java:137)
	at org.junit.platform.engine.support.hierarchical.NodeTestTask.lambda$executeRecursively$8(NodeTestTask.java:127)
	at org.junit.platform.engine.support.hierarchical.ThrowableCollector.execute(ThrowableCollector.java:73)
	at org.junit.platform.engine.support.hierarchical.NodeTestTask.executeRecursively(NodeTestTask.java:126)
	at org.junit.platform.engine.support.hierarchical.NodeTestTask.execute(NodeTestTask.java:84)
	at java.base/java.util.ArrayList.forEach(ArrayList.java:1541)
	at org.junit.platform.engine.support.hierarchical.SameThreadHierarchicalTestExecutorService.invokeAll(SameThreadHierarchicalTestExecutorService.java:38)
	at org.junit.platform.engine.support.hierarchical.NodeTestTask.lambda$executeRecursively$5(NodeTestTask.java:143)
	at org.junit.platform.engine.support.hierarchical.ThrowableCollector.execute(ThrowableCollector.java:73)
	at org.junit.platform.engine.support.hierarchical.NodeTestTask.lambda$executeRecursively$7(NodeTestTask.java:129)
	at org.junit.platform.engine.support.hierarchical.Node.around(Node.java:137)
	at org.junit.platform.engine.support.hierarchical.NodeTestTask.lambda$executeRecursively$8(NodeTestTask.java:127)
	at org.junit.platform.engine.support.hierarchical.ThrowableCollector.execute(ThrowableCollector.java:73)
	at org.junit.platform.engine.support.hierarchical.NodeTestTask.executeRecursively(NodeTestTask.java:126)
	at org.junit.platform.engine.support.hierarchical.NodeTestTask.execute(NodeTestTask.java:84)
	at java.base/java.util.ArrayList.forEach(ArrayList.java:1541)
	at org.junit.platform.engine.support.hierarchical.SameThreadHierarchicalTestExecutorService.invokeAll(SameThreadHierarchicalTestExecutorService.java:38)
	at org.junit.platform.engine.support.hierarchical.NodeTestTask.lambda$executeRecursively$5(NodeTestTask.java:143)
	at org.junit.platform.engine.support.hierarchical.ThrowableCollector.execute(ThrowableCollector.java:73)
	at org.junit.platform.engine.support.hierarchical.NodeTestTask.lambda$executeRecursively$7(NodeTestTask.java:129)
	at org.junit.platform.engine.support.hierarchical.Node.around(Node.java:137)
	at org.junit.platform.engine.support.hierarchical.NodeTestTask.lambda$executeRecursively$8(NodeTestTask.java:127)
	at org.junit.platform.engine.support.hierarchical.ThrowableCollector.execute(ThrowableCollector.java:73)
	at org.junit.platform.engine.support.hierarchical.NodeTestTask.executeRecursively(NodeTestTask.java:126)
	at org.junit.platform.engine.support.hierarchical.NodeTestTask.execute(NodeTestTask.java:84)
	at org.junit.platform.engine.support.hierarchical.SameThreadHierarchicalTestExecutorService.submit(SameThreadHierarchicalTestExecutorService.java:32)
	at org.junit.platform.engine.support.hierarchical.HierarchicalTestExecutor.execute(HierarchicalTestExecutor.java:57)
	at org.junit.platform.engine.support.hierarchical.HierarchicalTestEngine.execute(HierarchicalTestEngine.java:51)
	at org.junit.platform.launcher.core.EngineExecutionOrchestrator.execute(EngineExecutionOrchestrator.java:108)
	at org.junit.platform.launcher.core.EngineExecutionOrchestrator.execute(EngineExecutionOrchestrator.java:88)
	at org.junit.platform.launcher.core.EngineExecutionOrchestrator.lambda$execute$0(EngineExecutionOrchestrator.java:54)
	at org.junit.platform.launcher.core.EngineExecutionOrchestrator.withInterceptedStreams(EngineExecutionOrchestrator.java:67)
	at org.junit.platform.launcher.core.EngineExecutionOrchestrator.execute(EngineExecutionOrchestrator.java:52)
	at org.junit.platform.launcher.core.DefaultLauncher.execute(DefaultLauncher.java:96)
	at org.junit.platform.launcher.core.DefaultLauncher.execute(DefaultLauncher.java:75)
	at org.gradle.api.internal.tasks.testing.junitplatform.JUnitPlatformTestClassProcessor$CollectAllTestClassesExecutor.processAllTestClasses(JUnitPlatformTestClassProcessor.java:99)
	at org.gradle.api.internal.tasks.testing.junitplatform.JUnitPlatformTestClassProcessor$CollectAllTestClassesExecutor.access$000(JUnitPlatformTestClassProcessor.java:79)
	at org.gradle.api.internal.tasks.testing.junitplatform.JUnitPlatformTestClassProcessor.stop(JUnitPlatformTestClassProcessor.java:75)
	at org.gradle.api.internal.tasks.testing.SuiteTestClassProcessor.stop(SuiteTestClassProcessor.java:61)
	at java.base/jdk.internal.reflect.NativeMethodAccessorImpl.invoke0(Native Method)
	at java.base/jdk.internal.reflect.NativeMethodAccessorImpl.invoke(NativeMethodAccessorImpl.java:62)
	at java.base/jdk.internal.reflect.DelegatingMethodAccessorImpl.invoke(DelegatingMethodAccessorImpl.java:43)
	at java.base/java.lang.reflect.Method.invoke(Method.java:566)
	at org.gradle.internal.dispatch.ReflectionDispatch.dispatch(ReflectionDispatch.java:36)
	at org.gradle.internal.dispatch.ReflectionDispatch.dispatch(ReflectionDispatch.java:24)
	at org.gradle.internal.dispatch.ContextClassLoaderDispatch.dispatch(ContextClassLoaderDispatch.java:33)
	at org.gradle.internal.dispatch.ProxyDispatchAdapter$DispatchingInvocationHandler.invoke(ProxyDispatchAdapter.java:94)
	at com.sun.proxy.$Proxy5.stop(Unknown Source)
	at org.gradle.api.internal.tasks.testing.worker.TestWorker$3.run(TestWorker.java:193)
	at org.gradle.api.internal.tasks.testing.worker.TestWorker.executeAndMaintainThreadName(TestWorker.java:129)
	at org.gradle.api.internal.tasks.testing.worker.TestWorker.execute(TestWorker.java:100)
	at org.gradle.api.internal.tasks.testing.worker.TestWorker.execute(TestWorker.java:60)
	at org.gradle.process.internal.worker.child.ActionExecutionWorker.execute(ActionExecutionWorker.java:56)
	at org.gradle.process.internal.worker.child.SystemApplicationClassLoaderWorker.call(SystemApplicationClassLoaderWorker.java:133)
	at org.gradle.process.internal.worker.child.SystemApplicationClassLoaderWorker.call(SystemApplicationClassLoaderWorker.java:71)
	at worker.org.gradle.process.internal.worker.GradleWorkerMain.run(GradleWorkerMain.java:69)
	at worker.org.gradle.process.internal.worker.GradleWorkerMain.main(GradleWorkerMain.java:74)
Caused by: feign.RetryableException: Connection refused: connect executing GET http://localhost:8082/getAttractionRewardPoints?attractionId=4ac4d30b-f51d-44d5-a556-a18f2dd387f0&userId=01e274a5-25f6-4ba9-b561-4c4af807db37
	at feign.FeignException.errorExecuting(FeignException.java:249)
	at feign.SynchronousMethodHandler.executeAndDecode(SynchronousMethodHandler.java:129)
	at feign.SynchronousMethodHandler.invoke(SynchronousMethodHandler.java:89)
	at feign.ReflectiveFeign$FeignInvocationHandler.invoke(ReflectiveFeign.java:100)
	at com.sun.proxy.$Proxy129.getAttractionRewardPoints(Unknown Source)
	at tourGuide.service.RewardsService.getRewardPoints(RewardsService.java:128)
	at tourGuide.service.RewardsService.lambda$calculateRewardsMultiThread$1(RewardsService.java:95)
	at java.base/java.util.concurrent.Executors$RunnableAdapter.call(Executors.java:515)
	at java.base/java.util.concurrent.FutureTask.run(FutureTask.java:264)
	at java.base/java.util.concurrent.ThreadPoolExecutor.runWorker(ThreadPoolExecutor.java:1128)
	at java.base/java.util.concurrent.ThreadPoolExecutor$Worker.run(ThreadPoolExecutor.java:628)
	at java.base/java.lang.Thread.run(Thread.java:829)
Caused by: java.net.ConnectException: Connection refused: connect
	at java.base/java.net.PlainSocketImpl.waitForConnect(Native Method)
	at java.base/java.net.PlainSocketImpl.socketConnect(PlainSocketImpl.java:107)
	at java.base/java.net.AbstractPlainSocketImpl.doConnect(AbstractPlainSocketImpl.java:399)
	at java.base/java.net.AbstractPlainSocketImpl.connectToAddress(AbstractPlainSocketImpl.java:242)
	at java.base/java.net.AbstractPlainSocketImpl.connect(AbstractPlainSocketImpl.java:224)
	at java.base/java.net.Socket.connect(Socket.java:609)
	at java.base/sun.net.NetworkClient.doConnect(NetworkClient.java:177)
	at java.base/sun.net.www.http.HttpClient.openServer(HttpClient.java:474)
	at java.base/sun.net.www.http.HttpClient.openServer(HttpClient.java:569)
	at java.base/sun.net.www.http.HttpClient.<init>(HttpClient.java:242)
	at java.base/sun.net.www.http.HttpClient.New(HttpClient.java:341)
	at java.base/sun.net.www.http.HttpClient.New(HttpClient.java:362)
	at java.base/sun.net.www.protocol.http.HttpURLConnection.getNewHttpClient(HttpURLConnection.java:1253)
	at java.base/sun.net.www.protocol.http.HttpURLConnection.plainConnect0(HttpURLConnection.java:1187)
	at java.base/sun.net.www.protocol.http.HttpURLConnection.plainConnect(HttpURLConnection.java:1081)
	at java.base/sun.net.www.protocol.http.HttpURLConnection.connect(HttpURLConnection.java:1015)
	at java.base/sun.net.www.protocol.http.HttpURLConnection.getInputStream0(HttpURLConnection.java:1592)
	at java.base/sun.net.www.protocol.http.HttpURLConnection.getInputStream(HttpURLConnection.java:1520)
	at java.base/java.net.HttpURLConnection.getResponseCode(HttpURLConnection.java:527)
	at feign.Client$Default.convertResponse(Client.java:108)
	at feign.Client$Default.execute(Client.java:104)
	at feign.SynchronousMethodHandler.executeAndDecode(SynchronousMethodHandler.java:119)
	... 10 more
java.util.concurrent.ExecutionException: feign.RetryableException: Connection refused: connect executing GET http://localhost:8082/getAttractionRewardPoints?attractionId=4ac4d30b-f51d-44d5-a556-a18f2dd387f0&userId=034cd97e-f028-4472-9a54-740e52546cd3
	at java.base/java.util.concurrent.FutureTask.report(FutureTask.java:122)
	at java.base/java.util.concurrent.FutureTask.get(FutureTask.java:191)
	at tourGuide.service.RewardsService.lambda$calculateRewardsMultiThread$2(RewardsService.java:108)
	at java.base/java.util.ArrayList$ArrayListSpliterator.forEachRemaining(ArrayList.java:1655)
	at java.base/java.util.stream.ReferencePipeline$Head.forEach(ReferencePipeline.java:658)
	at tourGuide.service.RewardsService.calculateRewardsMultiThread(RewardsService.java:106)
	at tourGuide.performance.PerformanceTest.highVolumeGetRewards(PerformanceTest.java:122)
	at java.base/jdk.internal.reflect.NativeMethodAccessorImpl.invoke0(Native Method)
	at java.base/jdk.internal.reflect.NativeMethodAccessorImpl.invoke(NativeMethodAccessorImpl.java:62)
	at java.base/jdk.internal.reflect.DelegatingMethodAccessorImpl.invoke(DelegatingMethodAccessorImpl.java:43)
	at java.base/java.lang.reflect.Method.invoke(Method.java:566)
	at org.junit.platform.commons.util.ReflectionUtils.invokeMethod(ReflectionUtils.java:688)
	at org.junit.jupiter.engine.execution.ExecutableInvoker.invoke(ExecutableInvoker.java:115)
	at org.junit.jupiter.engine.descriptor.TestMethodTestDescriptor.lambda$invokeTestMethod$6(TestMethodTestDescriptor.java:171)
	at org.junit.platform.engine.support.hierarchical.ThrowableCollector.execute(ThrowableCollector.java:73)
	at org.junit.jupiter.engine.descriptor.TestMethodTestDescriptor.invokeTestMethod(TestMethodTestDescriptor.java:167)
	at org.junit.jupiter.engine.descriptor.TestMethodTestDescriptor.execute(TestMethodTestDescriptor.java:114)
	at org.junit.jupiter.engine.descriptor.TestMethodTestDescriptor.execute(TestMethodTestDescriptor.java:59)
	at org.junit.platform.engine.support.hierarchical.NodeTestTask.lambda$executeRecursively$5(NodeTestTask.java:139)
	at org.junit.platform.engine.support.hierarchical.ThrowableCollector.execute(ThrowableCollector.java:73)
	at org.junit.platform.engine.support.hierarchical.NodeTestTask.lambda$executeRecursively$7(NodeTestTask.java:129)
	at org.junit.platform.engine.support.hierarchical.Node.around(Node.java:137)
	at org.junit.platform.engine.support.hierarchical.NodeTestTask.lambda$executeRecursively$8(NodeTestTask.java:127)
	at org.junit.platform.engine.support.hierarchical.ThrowableCollector.execute(ThrowableCollector.java:73)
	at org.junit.platform.engine.support.hierarchical.NodeTestTask.executeRecursively(NodeTestTask.java:126)
	at org.junit.platform.engine.support.hierarchical.NodeTestTask.execute(NodeTestTask.java:84)
	at java.base/java.util.ArrayList.forEach(ArrayList.java:1541)
	at org.junit.platform.engine.support.hierarchical.SameThreadHierarchicalTestExecutorService.invokeAll(SameThreadHierarchicalTestExecutorService.java:38)
	at org.junit.platform.engine.support.hierarchical.NodeTestTask.lambda$executeRecursively$5(NodeTestTask.java:143)
	at org.junit.platform.engine.support.hierarchical.ThrowableCollector.execute(ThrowableCollector.java:73)
	at org.junit.platform.engine.support.hierarchical.NodeTestTask.lambda$executeRecursively$7(NodeTestTask.java:129)
	at org.junit.platform.engine.support.hierarchical.Node.around(Node.java:137)
	at org.junit.platform.engine.support.hierarchical.NodeTestTask.lambda$executeRecursively$8(NodeTestTask.java:127)
	at org.junit.platform.engine.support.hierarchical.ThrowableCollector.execute(ThrowableCollector.java:73)
	at org.junit.platform.engine.support.hierarchical.NodeTestTask.executeRecursively(NodeTestTask.java:126)
	at org.junit.platform.engine.support.hierarchical.NodeTestTask.execute(NodeTestTask.java:84)
	at java.base/java.util.ArrayList.forEach(ArrayList.java:1541)
	at org.junit.platform.engine.support.hierarchical.SameThreadHierarchicalTestExecutorService.invokeAll(SameThreadHierarchicalTestExecutorService.java:38)
	at org.junit.platform.engine.support.hierarchical.NodeTestTask.lambda$executeRecursively$5(NodeTestTask.java:143)
	at org.junit.platform.engine.support.hierarchical.ThrowableCollector.execute(ThrowableCollector.java:73)
	at org.junit.platform.engine.support.hierarchical.NodeTestTask.lambda$executeRecursively$7(NodeTestTask.java:129)
	at org.junit.platform.engine.support.hierarchical.Node.around(Node.java:137)
	at org.junit.platform.engine.support.hierarchical.NodeTestTask.lambda$executeRecursively$8(NodeTestTask.java:127)
	at org.junit.platform.engine.support.hierarchical.ThrowableCollector.execute(ThrowableCollector.java:73)
	at org.junit.platform.engine.support.hierarchical.NodeTestTask.executeRecursively(NodeTestTask.java:126)
	at org.junit.platform.engine.support.hierarchical.NodeTestTask.execute(NodeTestTask.java:84)
	at org.junit.platform.engine.support.hierarchical.SameThreadHierarchicalTestExecutorService.submit(SameThreadHierarchicalTestExecutorService.java:32)
	at org.junit.platform.engine.support.hierarchical.HierarchicalTestExecutor.execute(HierarchicalTestExecutor.java:57)
	at org.junit.platform.engine.support.hierarchical.HierarchicalTestEngine.execute(HierarchicalTestEngine.java:51)
	at org.junit.platform.launcher.core.EngineExecutionOrchestrator.execute(EngineExecutionOrchestrator.java:108)
	at org.junit.platform.launcher.core.EngineExecutionOrchestrator.execute(EngineExecutionOrchestrator.java:88)
	at org.junit.platform.launcher.core.EngineExecutionOrchestrator.lambda$execute$0(EngineExecutionOrchestrator.java:54)
	at org.junit.platform.launcher.core.EngineExecutionOrchestrator.withInterceptedStreams(EngineExecutionOrchestrator.java:67)
	at org.junit.platform.launcher.core.EngineExecutionOrchestrator.execute(EngineExecutionOrchestrator.java:52)
	at org.junit.platform.launcher.core.DefaultLauncher.execute(DefaultLauncher.java:96)
	at org.junit.platform.launcher.core.DefaultLauncher.execute(DefaultLauncher.java:75)
	at org.gradle.api.internal.tasks.testing.junitplatform.JUnitPlatformTestClassProcessor$CollectAllTestClassesExecutor.processAllTestClasses(JUnitPlatformTestClassProcessor.java:99)
	at org.gradle.api.internal.tasks.testing.junitplatform.JUnitPlatformTestClassProcessor$CollectAllTestClassesExecutor.access$000(JUnitPlatformTestClassProcessor.java:79)
	at org.gradle.api.internal.tasks.testing.junitplatform.JUnitPlatformTestClassProcessor.stop(JUnitPlatformTestClassProcessor.java:75)
	at org.gradle.api.internal.tasks.testing.SuiteTestClassProcessor.stop(SuiteTestClassProcessor.java:61)
	at java.base/jdk.internal.reflect.NativeMethodAccessorImpl.invoke0(Native Method)
	at java.base/jdk.internal.reflect.NativeMethodAccessorImpl.invoke(NativeMethodAccessorImpl.java:62)
	at java.base/jdk.internal.reflect.DelegatingMethodAccessorImpl.invoke(DelegatingMethodAccessorImpl.java:43)
	at java.base/java.lang.reflect.Method.invoke(Method.java:566)
	at org.gradle.internal.dispatch.ReflectionDispatch.dispatch(ReflectionDispatch.java:36)
	at org.gradle.internal.dispatch.ReflectionDispatch.dispatch(ReflectionDispatch.java:24)
	at org.gradle.internal.dispatch.ContextClassLoaderDispatch.dispatch(ContextClassLoaderDispatch.java:33)
	at org.gradle.internal.dispatch.ProxyDispatchAdapter$DispatchingInvocationHandler.invoke(ProxyDispatchAdapter.java:94)
	at com.sun.proxy.$Proxy5.stop(Unknown Source)
	at org.gradle.api.internal.tasks.testing.worker.TestWorker$3.run(TestWorker.java:193)
	at org.gradle.api.internal.tasks.testing.worker.TestWorker.executeAndMaintainThreadName(TestWorker.java:129)
	at org.gradle.api.internal.tasks.testing.worker.TestWorker.execute(TestWorker.java:100)
	at org.gradle.api.internal.tasks.testing.worker.TestWorker.execute(TestWorker.java:60)
	at org.gradle.process.internal.worker.child.ActionExecutionWorker.execute(ActionExecutionWorker.java:56)
	at org.gradle.process.internal.worker.child.SystemApplicationClassLoaderWorker.call(SystemApplicationClassLoaderWorker.java:133)
	at org.gradle.process.internal.worker.child.SystemApplicationClassLoaderWorker.call(SystemApplicationClassLoaderWorker.java:71)
	at worker.org.gradle.process.internal.worker.GradleWorkerMain.run(GradleWorkerMain.java:69)
	at worker.org.gradle.process.internal.worker.GradleWorkerMain.main(GradleWorkerMain.java:74)
Caused by: feign.RetryableException: Connection refused: connect executing GET http://localhost:8082/getAttractionRewardPoints?attractionId=4ac4d30b-f51d-44d5-a556-a18f2dd387f0&userId=034cd97e-f028-4472-9a54-740e52546cd3
	at feign.FeignException.errorExecuting(FeignException.java:249)
	at feign.SynchronousMethodHandler.executeAndDecode(SynchronousMethodHandler.java:129)
	at feign.SynchronousMethodHandler.invoke(SynchronousMethodHandler.java:89)
	at feign.ReflectiveFeign$FeignInvocationHandler.invoke(ReflectiveFeign.java:100)
	at com.sun.proxy.$Proxy129.getAttractionRewardPoints(Unknown Source)
	at tourGuide.service.RewardsService.getRewardPoints(RewardsService.java:128)
	at tourGuide.service.RewardsService.lambda$calculateRewardsMultiThread$1(RewardsService.java:95)
	at java.base/java.util.concurrent.Executors$RunnableAdapter.call(Executors.java:515)
	at java.base/java.util.concurrent.FutureTask.run(FutureTask.java:264)
	at java.base/java.util.concurrent.ThreadPoolExecutor.runWorker(ThreadPoolExecutor.java:1128)
	at java.base/java.util.concurrent.ThreadPoolExecutor$Worker.run(ThreadPoolExecutor.java:628)
	at java.base/java.lang.Thread.run(Thread.java:829)
Caused by: java.net.ConnectException: Connection refused: connect
	at java.base/java.net.PlainSocketImpl.waitForConnect(Native Method)
	at java.base/java.net.PlainSocketImpl.socketConnect(PlainSocketImpl.java:107)
	at java.base/java.net.AbstractPlainSocketImpl.doConnect(AbstractPlainSocketImpl.java:399)
	at java.base/java.net.AbstractPlainSocketImpl.connectToAddress(AbstractPlainSocketImpl.java:242)
	at java.base/java.net.AbstractPlainSocketImpl.connect(AbstractPlainSocketImpl.java:224)
	at java.base/java.net.Socket.connect(Socket.java:609)
	at java.base/sun.net.NetworkClient.doConnect(NetworkClient.java:177)
	at java.base/sun.net.www.http.HttpClient.openServer(HttpClient.java:474)
	at java.base/sun.net.www.http.HttpClient.openServer(HttpClient.java:569)
	at java.base/sun.net.www.http.HttpClient.<init>(HttpClient.java:242)
	at java.base/sun.net.www.http.HttpClient.New(HttpClient.java:341)
	at java.base/sun.net.www.http.HttpClient.New(HttpClient.java:362)
	at java.base/sun.net.www.protocol.http.HttpURLConnection.getNewHttpClient(HttpURLConnection.java:1253)
	at java.base/sun.net.www.protocol.http.HttpURLConnection.plainConnect0(HttpURLConnection.java:1187)
	at java.base/sun.net.www.protocol.http.HttpURLConnection.plainConnect(HttpURLConnection.java:1081)
	at java.base/sun.net.www.protocol.http.HttpURLConnection.connect(HttpURLConnection.java:1015)
	at java.base/sun.net.www.protocol.http.HttpURLConnection.getInputStream0(HttpURLConnection.java:1592)
	at java.base/sun.net.www.protocol.http.HttpURLConnection.getInputStream(HttpURLConnection.java:1520)
	at java.base/java.net.HttpURLConnection.getResponseCode(HttpURLConnection.java:527)
	at feign.Client$Default.convertResponse(Client.java:108)
	at feign.Client$Default.execute(Client.java:104)
	at feign.SynchronousMethodHandler.executeAndDecode(SynchronousMethodHandler.java:119)
	... 10 more
java.util.concurrent.ExecutionException: feign.RetryableException: Connection refused: connect executing GET http://localhost:8082/getAttractionRewardPoints?attractionId=4ac4d30b-f51d-44d5-a556-a18f2dd387f0&userId=d3914179-01e1-4155-8109-126154283474
	at java.base/java.util.concurrent.FutureTask.report(FutureTask.java:122)
	at java.base/java.util.concurrent.FutureTask.get(FutureTask.java:191)
	at tourGuide.service.RewardsService.lambda$calculateRewardsMultiThread$2(RewardsService.java:108)
	at java.base/java.util.ArrayList$ArrayListSpliterator.forEachRemaining(ArrayList.java:1655)
	at java.base/java.util.stream.ReferencePipeline$Head.forEach(ReferencePipeline.java:658)
	at tourGuide.service.RewardsService.calculateRewardsMultiThread(RewardsService.java:106)
	at tourGuide.performance.PerformanceTest.highVolumeGetRewards(PerformanceTest.java:122)
	at java.base/jdk.internal.reflect.NativeMethodAccessorImpl.invoke0(Native Method)
	at java.base/jdk.internal.reflect.NativeMethodAccessorImpl.invoke(NativeMethodAccessorImpl.java:62)
	at java.base/jdk.internal.reflect.DelegatingMethodAccessorImpl.invoke(DelegatingMethodAccessorImpl.java:43)
	at java.base/java.lang.reflect.Method.invoke(Method.java:566)
	at org.junit.platform.commons.util.ReflectionUtils.invokeMethod(ReflectionUtils.java:688)
	at org.junit.jupiter.engine.execution.ExecutableInvoker.invoke(ExecutableInvoker.java:115)
	at org.junit.jupiter.engine.descriptor.TestMethodTestDescriptor.lambda$invokeTestMethod$6(TestMethodTestDescriptor.java:171)
	at org.junit.platform.engine.support.hierarchical.ThrowableCollector.execute(ThrowableCollector.java:73)
	at org.junit.jupiter.engine.descriptor.TestMethodTestDescriptor.invokeTestMethod(TestMethodTestDescriptor.java:167)
	at org.junit.jupiter.engine.descriptor.TestMethodTestDescriptor.execute(TestMethodTestDescriptor.java:114)
	at org.junit.jupiter.engine.descriptor.TestMethodTestDescriptor.execute(TestMethodTestDescriptor.java:59)
	at org.junit.platform.engine.support.hierarchical.NodeTestTask.lambda$executeRecursively$5(NodeTestTask.java:139)
	at org.junit.platform.engine.support.hierarchical.ThrowableCollector.execute(ThrowableCollector.java:73)
	at org.junit.platform.engine.support.hierarchical.NodeTestTask.lambda$executeRecursively$7(NodeTestTask.java:129)
	at org.junit.platform.engine.support.hierarchical.Node.around(Node.java:137)
	at org.junit.platform.engine.support.hierarchical.NodeTestTask.lambda$executeRecursively$8(NodeTestTask.java:127)
	at org.junit.platform.engine.support.hierarchical.ThrowableCollector.execute(ThrowableCollector.java:73)
	at org.junit.platform.engine.support.hierarchical.NodeTestTask.executeRecursively(NodeTestTask.java:126)
	at org.junit.platform.engine.support.hierarchical.NodeTestTask.execute(NodeTestTask.java:84)
	at java.base/java.util.ArrayList.forEach(ArrayList.java:1541)
	at org.junit.platform.engine.support.hierarchical.SameThreadHierarchicalTestExecutorService.invokeAll(SameThreadHierarchicalTestExecutorService.java:38)
	at org.junit.platform.engine.support.hierarchical.NodeTestTask.lambda$executeRecursively$5(NodeTestTask.java:143)
	at org.junit.platform.engine.support.hierarchical.ThrowableCollector.execute(ThrowableCollector.java:73)
	at org.junit.platform.engine.support.hierarchical.NodeTestTask.lambda$executeRecursively$7(NodeTestTask.java:129)
	at org.junit.platform.engine.support.hierarchical.Node.around(Node.java:137)
	at org.junit.platform.engine.support.hierarchical.NodeTestTask.lambda$executeRecursively$8(NodeTestTask.java:127)
	at org.junit.platform.engine.support.hierarchical.ThrowableCollector.execute(ThrowableCollector.java:73)
	at org.junit.platform.engine.support.hierarchical.NodeTestTask.executeRecursively(NodeTestTask.java:126)
	at org.junit.platform.engine.support.hierarchical.NodeTestTask.execute(NodeTestTask.java:84)
	at java.base/java.util.ArrayList.forEach(ArrayList.java:1541)
	at org.junit.platform.engine.support.hierarchical.SameThreadHierarchicalTestExecutorService.invokeAll(SameThreadHierarchicalTestExecutorService.java:38)
	at org.junit.platform.engine.support.hierarchical.NodeTestTask.lambda$executeRecursively$5(NodeTestTask.java:143)
	at org.junit.platform.engine.support.hierarchical.ThrowableCollector.execute(ThrowableCollector.java:73)
	at org.junit.platform.engine.support.hierarchical.NodeTestTask.lambda$executeRecursively$7(NodeTestTask.java:129)
	at org.junit.platform.engine.support.hierarchical.Node.around(Node.java:137)
	at org.junit.platform.engine.support.hierarchical.NodeTestTask.lambda$executeRecursively$8(NodeTestTask.java:127)
	at org.junit.platform.engine.support.hierarchical.ThrowableCollector.execute(ThrowableCollector.java:73)
	at org.junit.platform.engine.support.hierarchical.NodeTestTask.executeRecursively(NodeTestTask.java:126)
	at org.junit.platform.engine.support.hierarchical.NodeTestTask.execute(NodeTestTask.java:84)
	at org.junit.platform.engine.support.hierarchical.SameThreadHierarchicalTestExecutorService.submit(SameThreadHierarchicalTestExecutorService.java:32)
	at org.junit.platform.engine.support.hierarchical.HierarchicalTestExecutor.execute(HierarchicalTestExecutor.java:57)
	at org.junit.platform.engine.support.hierarchical.HierarchicalTestEngine.execute(HierarchicalTestEngine.java:51)
	at org.junit.platform.launcher.core.EngineExecutionOrchestrator.execute(EngineExecutionOrchestrator.java:108)
	at org.junit.platform.launcher.core.EngineExecutionOrchestrator.execute(EngineExecutionOrchestrator.java:88)
	at org.junit.platform.launcher.core.EngineExecutionOrchestrator.lambda$execute$0(EngineExecutionOrchestrator.java:54)
	at org.junit.platform.launcher.core.EngineExecutionOrchestrator.withInterceptedStreams(EngineExecutionOrchestrator.java:67)
	at org.junit.platform.launcher.core.EngineExecutionOrchestrator.execute(EngineExecutionOrchestrator.java:52)
	at org.junit.platform.launcher.core.DefaultLauncher.execute(DefaultLauncher.java:96)
	at org.junit.platform.launcher.core.DefaultLauncher.execute(DefaultLauncher.java:75)
	at org.gradle.api.internal.tasks.testing.junitplatform.JUnitPlatformTestClassProcessor$CollectAllTestClassesExecutor.processAllTestClasses(JUnitPlatformTestClassProcessor.java:99)
	at org.gradle.api.internal.tasks.testing.junitplatform.JUnitPlatformTestClassProcessor$CollectAllTestClassesExecutor.access$000(JUnitPlatformTestClassProcessor.java:79)
	at org.gradle.api.internal.tasks.testing.junitplatform.JUnitPlatformTestClassProcessor.stop(JUnitPlatformTestClassProcessor.java:75)
	at org.gradle.api.internal.tasks.testing.SuiteTestClassProcessor.stop(SuiteTestClassProcessor.java:61)
	at java.base/jdk.internal.reflect.NativeMethodAccessorImpl.invoke0(Native Method)
	at java.base/jdk.internal.reflect.NativeMethodAccessorImpl.invoke(NativeMethodAccessorImpl.java:62)
	at java.base/jdk.internal.reflect.DelegatingMethodAccessorImpl.invoke(DelegatingMethodAccessorImpl.java:43)
	at java.base/java.lang.reflect.Method.invoke(Method.java:566)
	at org.gradle.internal.dispatch.ReflectionDispatch.dispatch(ReflectionDispatch.java:36)
	at org.gradle.internal.dispatch.ReflectionDispatch.dispatch(ReflectionDispatch.java:24)
	at org.gradle.internal.dispatch.ContextClassLoaderDispatch.dispatch(ContextClassLoaderDispatch.java:33)
	at org.gradle.internal.dispatch.ProxyDispatchAdapter$DispatchingInvocationHandler.invoke(ProxyDispatchAdapter.java:94)
	at com.sun.proxy.$Proxy5.stop(Unknown Source)
	at org.gradle.api.internal.tasks.testing.worker.TestWorker$3.run(TestWorker.java:193)
	at org.gradle.api.internal.tasks.testing.worker.TestWorker.executeAndMaintainThreadName(TestWorker.java:129)
	at org.gradle.api.internal.tasks.testing.worker.TestWorker.execute(TestWorker.java:100)
	at org.gradle.api.internal.tasks.testing.worker.TestWorker.execute(TestWorker.java:60)
	at org.gradle.process.internal.worker.child.ActionExecutionWorker.execute(ActionExecutionWorker.java:56)
	at org.gradle.process.internal.worker.child.SystemApplicationClassLoaderWorker.call(SystemApplicationClassLoaderWorker.java:133)
	at org.gradle.process.internal.worker.child.SystemApplicationClassLoaderWorker.call(SystemApplicationClassLoaderWorker.java:71)
	at worker.org.gradle.process.internal.worker.GradleWorkerMain.run(GradleWorkerMain.java:69)
	at worker.org.gradle.process.internal.worker.GradleWorkerMain.main(GradleWorkerMain.java:74)
Caused by: feign.RetryableException: Connection refused: connect executing GET http://localhost:8082/getAttractionRewardPoints?attractionId=4ac4d30b-f51d-44d5-a556-a18f2dd387f0&userId=d3914179-01e1-4155-8109-126154283474
	at feign.FeignException.errorExecuting(FeignException.java:249)
	at feign.SynchronousMethodHandler.executeAndDecode(SynchronousMethodHandler.java:129)
	at feign.SynchronousMethodHandler.invoke(SynchronousMethodHandler.java:89)
	at feign.ReflectiveFeign$FeignInvocationHandler.invoke(ReflectiveFeign.java:100)
	at com.sun.proxy.$Proxy129.getAttractionRewardPoints(Unknown Source)
	at tourGuide.service.RewardsService.getRewardPoints(RewardsService.java:128)
	at tourGuide.service.RewardsService.lambda$calculateRewardsMultiThread$1(RewardsService.java:95)
	at java.base/java.util.concurrent.Executors$RunnableAdapter.call(Executors.java:515)
	at java.base/java.util.concurrent.FutureTask.run(FutureTask.java:264)
	at java.base/java.util.concurrent.ThreadPoolExecutor.runWorker(ThreadPoolExecutor.java:1128)
	at java.base/java.util.concurrent.ThreadPoolExecutor$Worker.run(ThreadPoolExecutor.java:628)
	at java.base/java.lang.Thread.run(Thread.java:829)
Caused by: java.net.ConnectException: Connection refused: connect
	at java.base/java.net.PlainSocketImpl.waitForConnect(Native Method)
	at java.base/java.net.PlainSocketImpl.socketConnect(PlainSocketImpl.java:107)
	at java.base/java.net.AbstractPlainSocketImpl.doConnect(AbstractPlainSocketImpl.java:399)
	at java.base/java.net.AbstractPlainSocketImpl.connectToAddress(AbstractPlainSocketImpl.java:242)
	at java.base/java.net.AbstractPlainSocketImpl.connect(AbstractPlainSocketImpl.java:224)
	at java.base/java.net.Socket.connect(Socket.java:609)
	at java.base/sun.net.NetworkClient.doConnect(NetworkClient.java:177)
	at java.base/sun.net.www.http.HttpClient.openServer(HttpClient.java:474)
	at java.base/sun.net.www.http.HttpClient.openServer(HttpClient.java:569)
	at java.base/sun.net.www.http.HttpClient.<init>(HttpClient.java:242)
	at java.base/sun.net.www.http.HttpClient.New(HttpClient.java:341)
	at java.base/sun.net.www.http.HttpClient.New(HttpClient.java:362)
	at java.base/sun.net.www.protocol.http.HttpURLConnection.getNewHttpClient(HttpURLConnection.java:1253)
	at java.base/sun.net.www.protocol.http.HttpURLConnection.plainConnect0(HttpURLConnection.java:1187)
	at java.base/sun.net.www.protocol.http.HttpURLConnection.plainConnect(HttpURLConnection.java:1081)
	at java.base/sun.net.www.protocol.http.HttpURLConnection.connect(HttpURLConnection.java:1015)
	at java.base/sun.net.www.protocol.http.HttpURLConnection.getInputStream0(HttpURLConnection.java:1592)
	at java.base/sun.net.www.protocol.http.HttpURLConnection.getInputStream(HttpURLConnection.java:1520)
	at java.base/java.net.HttpURLConnection.getResponseCode(HttpURLConnection.java:527)
	at feign.Client$Default.convertResponse(Client.java:108)
	at feign.Client$Default.execute(Client.java:104)
	at feign.SynchronousMethodHandler.executeAndDecode(SynchronousMethodHandler.java:119)
	... 10 more
java.util.concurrent.ExecutionException: feign.RetryableException: Connection refused: connect executing GET http://localhost:8082/getAttractionRewardPoints?attractionId=4ac4d30b-f51d-44d5-a556-a18f2dd387f0&userId=7238d219-e4ad-4feb-92ab-70a188377b43
	at java.base/java.util.concurrent.FutureTask.report(FutureTask.java:122)
	at java.base/java.util.concurrent.FutureTask.get(FutureTask.java:191)
	at tourGuide.service.RewardsService.lambda$calculateRewardsMultiThread$2(RewardsService.java:108)
	at java.base/java.util.ArrayList$ArrayListSpliterator.forEachRemaining(ArrayList.java:1655)
	at java.base/java.util.stream.ReferencePipeline$Head.forEach(ReferencePipeline.java:658)
	at tourGuide.service.RewardsService.calculateRewardsMultiThread(RewardsService.java:106)
	at tourGuide.performance.PerformanceTest.highVolumeGetRewards(PerformanceTest.java:122)
	at java.base/jdk.internal.reflect.NativeMethodAccessorImpl.invoke0(Native Method)
	at java.base/jdk.internal.reflect.NativeMethodAccessorImpl.invoke(NativeMethodAccessorImpl.java:62)
	at java.base/jdk.internal.reflect.DelegatingMethodAccessorImpl.invoke(DelegatingMethodAccessorImpl.java:43)
	at java.base/java.lang.reflect.Method.invoke(Method.java:566)
	at org.junit.platform.commons.util.ReflectionUtils.invokeMethod(ReflectionUtils.java:688)
	at org.junit.jupiter.engine.execution.ExecutableInvoker.invoke(ExecutableInvoker.java:115)
	at org.junit.jupiter.engine.descriptor.TestMethodTestDescriptor.lambda$invokeTestMethod$6(TestMethodTestDescriptor.java:171)
	at org.junit.platform.engine.support.hierarchical.ThrowableCollector.execute(ThrowableCollector.java:73)
	at org.junit.jupiter.engine.descriptor.TestMethodTestDescriptor.invokeTestMethod(TestMethodTestDescriptor.java:167)
	at org.junit.jupiter.engine.descriptor.TestMethodTestDescriptor.execute(TestMethodTestDescriptor.java:114)
	at org.junit.jupiter.engine.descriptor.TestMethodTestDescriptor.execute(TestMethodTestDescriptor.java:59)
	at org.junit.platform.engine.support.hierarchical.NodeTestTask.lambda$executeRecursively$5(NodeTestTask.java:139)
	at org.junit.platform.engine.support.hierarchical.ThrowableCollector.execute(ThrowableCollector.java:73)
	at org.junit.platform.engine.support.hierarchical.NodeTestTask.lambda$executeRecursively$7(NodeTestTask.java:129)
	at org.junit.platform.engine.support.hierarchical.Node.around(Node.java:137)
	at org.junit.platform.engine.support.hierarchical.NodeTestTask.lambda$executeRecursively$8(NodeTestTask.java:127)
	at org.junit.platform.engine.support.hierarchical.ThrowableCollector.execute(ThrowableCollector.java:73)
	at org.junit.platform.engine.support.hierarchical.NodeTestTask.executeRecursively(NodeTestTask.java:126)
	at org.junit.platform.engine.support.hierarchical.NodeTestTask.execute(NodeTestTask.java:84)
	at java.base/java.util.ArrayList.forEach(ArrayList.java:1541)
	at org.junit.platform.engine.support.hierarchical.SameThreadHierarchicalTestExecutorService.invokeAll(SameThreadHierarchicalTestExecutorService.java:38)
	at org.junit.platform.engine.support.hierarchical.NodeTestTask.lambda$executeRecursively$5(NodeTestTask.java:143)
	at org.junit.platform.engine.support.hierarchical.ThrowableCollector.execute(ThrowableCollector.java:73)
	at org.junit.platform.engine.support.hierarchical.NodeTestTask.lambda$executeRecursively$7(NodeTestTask.java:129)
	at org.junit.platform.engine.support.hierarchical.Node.around(Node.java:137)
	at org.junit.platform.engine.support.hierarchical.NodeTestTask.lambda$executeRecursively$8(NodeTestTask.java:127)
	at org.junit.platform.engine.support.hierarchical.ThrowableCollector.execute(ThrowableCollector.java:73)
	at org.junit.platform.engine.support.hierarchical.NodeTestTask.executeRecursively(NodeTestTask.java:126)
	at org.junit.platform.engine.support.hierarchical.NodeTestTask.execute(NodeTestTask.java:84)
	at java.base/java.util.ArrayList.forEach(ArrayList.java:1541)
	at org.junit.platform.engine.support.hierarchical.SameThreadHierarchicalTestExecutorService.invokeAll(SameThreadHierarchicalTestExecutorService.java:38)
	at org.junit.platform.engine.support.hierarchical.NodeTestTask.lambda$executeRecursively$5(NodeTestTask.java:143)
	at org.junit.platform.engine.support.hierarchical.ThrowableCollector.execute(ThrowableCollector.java:73)
	at org.junit.platform.engine.support.hierarchical.NodeTestTask.lambda$executeRecursively$7(NodeTestTask.java:129)
	at org.junit.platform.engine.support.hierarchical.Node.around(Node.java:137)
	at org.junit.platform.engine.support.hierarchical.NodeTestTask.lambda$executeRecursively$8(NodeTestTask.java:127)
	at org.junit.platform.engine.support.hierarchical.ThrowableCollector.execute(ThrowableCollector.java:73)
	at org.junit.platform.engine.support.hierarchical.NodeTestTask.executeRecursively(NodeTestTask.java:126)
	at org.junit.platform.engine.support.hierarchical.NodeTestTask.execute(NodeTestTask.java:84)
	at org.junit.platform.engine.support.hierarchical.SameThreadHierarchicalTestExecutorService.submit(SameThreadHierarchicalTestExecutorService.java:32)
	at org.junit.platform.engine.support.hierarchical.HierarchicalTestExecutor.execute(HierarchicalTestExecutor.java:57)
	at org.junit.platform.engine.support.hierarchical.HierarchicalTestEngine.execute(HierarchicalTestEngine.java:51)
	at org.junit.platform.launcher.core.EngineExecutionOrchestrator.execute(EngineExecutionOrchestrator.java:108)
	at org.junit.platform.launcher.core.EngineExecutionOrchestrator.execute(EngineExecutionOrchestrator.java:88)
	at org.junit.platform.launcher.core.EngineExecutionOrchestrator.lambda$execute$0(EngineExecutionOrchestrator.java:54)
	at org.junit.platform.launcher.core.EngineExecutionOrchestrator.withInterceptedStreams(EngineExecutionOrchestrator.java:67)
	at org.junit.platform.launcher.core.EngineExecutionOrchestrator.execute(EngineExecutionOrchestrator.java:52)
	at org.junit.platform.launcher.core.DefaultLauncher.execute(DefaultLauncher.java:96)
	at org.junit.platform.launcher.core.DefaultLauncher.execute(DefaultLauncher.java:75)
	at org.gradle.api.internal.tasks.testing.junitplatform.JUnitPlatformTestClassProcessor$CollectAllTestClassesExecutor.processAllTestClasses(JUnitPlatformTestClassProcessor.java:99)
	at org.gradle.api.internal.tasks.testing.junitplatform.JUnitPlatformTestClassProcessor$CollectAllTestClassesExecutor.access$000(JUnitPlatformTestClassProcessor.java:79)
	at org.gradle.api.internal.tasks.testing.junitplatform.JUnitPlatformTestClassProcessor.stop(JUnitPlatformTestClassProcessor.java:75)
	at org.gradle.api.internal.tasks.testing.SuiteTestClassProcessor.stop(SuiteTestClassProcessor.java:61)
	at java.base/jdk.internal.reflect.NativeMethodAccessorImpl.invoke0(Native Method)
	at java.base/jdk.internal.reflect.NativeMethodAccessorImpl.invoke(NativeMethodAccessorImpl.java:62)
	at java.base/jdk.internal.reflect.DelegatingMethodAccessorImpl.invoke(DelegatingMethodAccessorImpl.java:43)
	at java.base/java.lang.reflect.Method.invoke(Method.java:566)
	at org.gradle.internal.dispatch.ReflectionDispatch.dispatch(ReflectionDispatch.java:36)
	at org.gradle.internal.dispatch.ReflectionDispatch.dispatch(ReflectionDispatch.java:24)
	at org.gradle.internal.dispatch.ContextClassLoaderDispatch.dispatch(ContextClassLoaderDispatch.java:33)
	at org.gradle.internal.dispatch.ProxyDispatchAdapter$DispatchingInvocationHandler.invoke(ProxyDispatchAdapter.java:94)
	at com.sun.proxy.$Proxy5.stop(Unknown Source)
	at org.gradle.api.internal.tasks.testing.worker.TestWorker$3.run(TestWorker.java:193)
	at org.gradle.api.internal.tasks.testing.worker.TestWorker.executeAndMaintainThreadName(TestWorker.java:129)
	at org.gradle.api.internal.tasks.testing.worker.TestWorker.execute(TestWorker.java:100)
	at org.gradle.api.internal.tasks.testing.worker.TestWorker.execute(TestWorker.java:60)
	at org.gradle.process.internal.worker.child.ActionExecutionWorker.execute(ActionExecutionWorker.java:56)
	at org.gradle.process.internal.worker.child.SystemApplicationClassLoaderWorker.call(SystemApplicationClassLoaderWorker.java:133)
	at org.gradle.process.internal.worker.child.SystemApplicationClassLoaderWorker.call(SystemApplicationClassLoaderWorker.java:71)
	at worker.org.gradle.process.internal.worker.GradleWorkerMain.run(GradleWorkerMain.java:69)
	at worker.org.gradle.process.internal.worker.GradleWorkerMain.main(GradleWorkerMain.java:74)
Caused by: feign.RetryableException: Connection refused: connect executing GET http://localhost:8082/getAttractionRewardPoints?attractionId=4ac4d30b-f51d-44d5-a556-a18f2dd387f0&userId=7238d219-e4ad-4feb-92ab-70a188377b43
	at feign.FeignException.errorExecuting(FeignException.java:249)
	at feign.SynchronousMethodHandler.executeAndDecode(SynchronousMethodHandler.java:129)
	at feign.SynchronousMethodHandler.invoke(SynchronousMethodHandler.java:89)
	at feign.ReflectiveFeign$FeignInvocationHandler.invoke(ReflectiveFeign.java:100)
	at com.sun.proxy.$Proxy129.getAttractionRewardPoints(Unknown Source)
	at tourGuide.service.RewardsService.getRewardPoints(RewardsService.java:128)
	at tourGuide.service.RewardsService.lambda$calculateRewardsMultiThread$1(RewardsService.java:95)
	at java.base/java.util.concurrent.Executors$RunnableAdapter.call(Executors.java:515)
	at java.base/java.util.concurrent.FutureTask.run(FutureTask.java:264)
	at java.base/java.util.concurrent.ThreadPoolExecutor.runWorker(ThreadPoolExecutor.java:1128)
	at java.base/java.util.concurrent.ThreadPoolExecutor$Worker.run(ThreadPoolExecutor.java:628)
	at java.base/java.lang.Thread.run(Thread.java:829)
Caused by: java.net.ConnectException: Connection refused: connect
	at java.base/java.net.PlainSocketImpl.waitForConnect(Native Method)
	at java.base/java.net.PlainSocketImpl.socketConnect(PlainSocketImpl.java:107)
	at java.base/java.net.AbstractPlainSocketImpl.doConnect(AbstractPlainSocketImpl.java:399)
	at java.base/java.net.AbstractPlainSocketImpl.connectToAddress(AbstractPlainSocketImpl.java:242)
	at java.base/java.net.AbstractPlainSocketImpl.connect(AbstractPlainSocketImpl.java:224)
	at java.base/java.net.Socket.connect(Socket.java:609)
	at java.base/sun.net.NetworkClient.doConnect(NetworkClient.java:177)
	at java.base/sun.net.www.http.HttpClient.openServer(HttpClient.java:474)
	at java.base/sun.net.www.http.HttpClient.openServer(HttpClient.java:569)
	at java.base/sun.net.www.http.HttpClient.<init>(HttpClient.java:242)
	at java.base/sun.net.www.http.HttpClient.New(HttpClient.java:341)
	at java.base/sun.net.www.http.HttpClient.New(HttpClient.java:362)
	at java.base/sun.net.www.protocol.http.HttpURLConnection.getNewHttpClient(HttpURLConnection.java:1253)
	at java.base/sun.net.www.protocol.http.HttpURLConnection.plainConnect0(HttpURLConnection.java:1187)
	at java.base/sun.net.www.protocol.http.HttpURLConnection.plainConnect(HttpURLConnection.java:1081)
	at java.base/sun.net.www.protocol.http.HttpURLConnection.connect(HttpURLConnection.java:1015)
	at java.base/sun.net.www.protocol.http.HttpURLConnection.getInputStream0(HttpURLConnection.java:1592)
	at java.base/sun.net.www.protocol.http.HttpURLConnection.getInputStream(HttpURLConnection.java:1520)
	at java.base/java.net.HttpURLConnection.getResponseCode(HttpURLConnection.java:527)
	at feign.Client$Default.convertResponse(Client.java:108)
	at feign.Client$Default.execute(Client.java:104)
	at feign.SynchronousMethodHandler.executeAndDecode(SynchronousMethodHandler.java:119)
	... 10 more
java.util.concurrent.ExecutionException: feign.RetryableException: Connection refused: connect executing GET http://localhost:8082/getAttractionRewardPoints?attractionId=4ac4d30b-f51d-44d5-a556-a18f2dd387f0&userId=36df1458-58e5-4ccf-b2ab-e7b70a307c4b
	at java.base/java.util.concurrent.FutureTask.report(FutureTask.java:122)
	at java.base/java.util.concurrent.FutureTask.get(FutureTask.java:191)
	at tourGuide.service.RewardsService.lambda$calculateRewardsMultiThread$2(RewardsService.java:108)
	at java.base/java.util.ArrayList$ArrayListSpliterator.forEachRemaining(ArrayList.java:1655)
	at java.base/java.util.stream.ReferencePipeline$Head.forEach(ReferencePipeline.java:658)
	at tourGuide.service.RewardsService.calculateRewardsMultiThread(RewardsService.java:106)
	at tourGuide.performance.PerformanceTest.highVolumeGetRewards(PerformanceTest.java:122)
	at java.base/jdk.internal.reflect.NativeMethodAccessorImpl.invoke0(Native Method)
	at java.base/jdk.internal.reflect.NativeMethodAccessorImpl.invoke(NativeMethodAccessorImpl.java:62)
	at java.base/jdk.internal.reflect.DelegatingMethodAccessorImpl.invoke(DelegatingMethodAccessorImpl.java:43)
	at java.base/java.lang.reflect.Method.invoke(Method.java:566)
	at org.junit.platform.commons.util.ReflectionUtils.invokeMethod(ReflectionUtils.java:688)
	at org.junit.jupiter.engine.execution.ExecutableInvoker.invoke(ExecutableInvoker.java:115)
	at org.junit.jupiter.engine.descriptor.TestMethodTestDescriptor.lambda$invokeTestMethod$6(TestMethodTestDescriptor.java:171)
	at org.junit.platform.engine.support.hierarchical.ThrowableCollector.execute(ThrowableCollector.java:73)
	at org.junit.jupiter.engine.descriptor.TestMethodTestDescriptor.invokeTestMethod(TestMethodTestDescriptor.java:167)
	at org.junit.jupiter.engine.descriptor.TestMethodTestDescriptor.execute(TestMethodTestDescriptor.java:114)
	at org.junit.jupiter.engine.descriptor.TestMethodTestDescriptor.execute(TestMethodTestDescriptor.java:59)
	at org.junit.platform.engine.support.hierarchical.NodeTestTask.lambda$executeRecursively$5(NodeTestTask.java:139)
	at org.junit.platform.engine.support.hierarchical.ThrowableCollector.execute(ThrowableCollector.java:73)
	at org.junit.platform.engine.support.hierarchical.NodeTestTask.lambda$executeRecursively$7(NodeTestTask.java:129)
	at org.junit.platform.engine.support.hierarchical.Node.around(Node.java:137)
	at org.junit.platform.engine.support.hierarchical.NodeTestTask.lambda$executeRecursively$8(NodeTestTask.java:127)
	at org.junit.platform.engine.support.hierarchical.ThrowableCollector.execute(ThrowableCollector.java:73)
	at org.junit.platform.engine.support.hierarchical.NodeTestTask.executeRecursively(NodeTestTask.java:126)
	at org.junit.platform.engine.support.hierarchical.NodeTestTask.execute(NodeTestTask.java:84)
	at java.base/java.util.ArrayList.forEach(ArrayList.java:1541)
	at org.junit.platform.engine.support.hierarchical.SameThreadHierarchicalTestExecutorService.invokeAll(SameThreadHierarchicalTestExecutorService.java:38)
	at org.junit.platform.engine.support.hierarchical.NodeTestTask.lambda$executeRecursively$5(NodeTestTask.java:143)
	at org.junit.platform.engine.support.hierarchical.ThrowableCollector.execute(ThrowableCollector.java:73)
	at org.junit.platform.engine.support.hierarchical.NodeTestTask.lambda$executeRecursively$7(NodeTestTask.java:129)
	at org.junit.platform.engine.support.hierarchical.Node.around(Node.java:137)
	at org.junit.platform.engine.support.hierarchical.NodeTestTask.lambda$executeRecursively$8(NodeTestTask.java:127)
	at org.junit.platform.engine.support.hierarchical.ThrowableCollector.execute(ThrowableCollector.java:73)
	at org.junit.platform.engine.support.hierarchical.NodeTestTask.executeRecursively(NodeTestTask.java:126)
	at org.junit.platform.engine.support.hierarchical.NodeTestTask.execute(NodeTestTask.java:84)
	at java.base/java.util.ArrayList.forEach(ArrayList.java:1541)
	at org.junit.platform.engine.support.hierarchical.SameThreadHierarchicalTestExecutorService.invokeAll(SameThreadHierarchicalTestExecutorService.java:38)
	at org.junit.platform.engine.support.hierarchical.NodeTestTask.lambda$executeRecursively$5(NodeTestTask.java:143)
	at org.junit.platform.engine.support.hierarchical.ThrowableCollector.execute(ThrowableCollector.java:73)
	at org.junit.platform.engine.support.hierarchical.NodeTestTask.lambda$executeRecursively$7(NodeTestTask.java:129)
	at org.junit.platform.engine.support.hierarchical.Node.around(Node.java:137)
	at org.junit.platform.engine.support.hierarchical.NodeTestTask.lambda$executeRecursively$8(NodeTestTask.java:127)
	at org.junit.platform.engine.support.hierarchical.ThrowableCollector.execute(ThrowableCollector.java:73)
	at org.junit.platform.engine.support.hierarchical.NodeTestTask.executeRecursively(NodeTestTask.java:126)
	at org.junit.platform.engine.support.hierarchical.NodeTestTask.execute(NodeTestTask.java:84)
	at org.junit.platform.engine.support.hierarchical.SameThreadHierarchicalTestExecutorService.submit(SameThreadHierarchicalTestExecutorService.java:32)
	at org.junit.platform.engine.support.hierarchical.HierarchicalTestExecutor.execute(HierarchicalTestExecutor.java:57)
	at org.junit.platform.engine.support.hierarchical.HierarchicalTestEngine.execute(HierarchicalTestEngine.java:51)
	at org.junit.platform.launcher.core.EngineExecutionOrchestrator.execute(EngineExecutionOrchestrator.java:108)
	at org.junit.platform.launcher.core.EngineExecutionOrchestrator.execute(EngineExecutionOrchestrator.java:88)
	at org.junit.platform.launcher.core.EngineExecutionOrchestrator.lambda$execute$0(EngineExecutionOrchestrator.java:54)
	at org.junit.platform.launcher.core.EngineExecutionOrchestrator.withInterceptedStreams(EngineExecutionOrchestrator.java:67)
	at org.junit.platform.launcher.core.EngineExecutionOrchestrator.execute(EngineExecutionOrchestrator.java:52)
	at org.junit.platform.launcher.core.DefaultLauncher.execute(DefaultLauncher.java:96)
	at org.junit.platform.launcher.core.DefaultLauncher.execute(DefaultLauncher.java:75)
	at org.gradle.api.internal.tasks.testing.junitplatform.JUnitPlatformTestClassProcessor$CollectAllTestClassesExecutor.processAllTestClasses(JUnitPlatformTestClassProcessor.java:99)
	at org.gradle.api.internal.tasks.testing.junitplatform.JUnitPlatformTestClassProcessor$CollectAllTestClassesExecutor.access$000(JUnitPlatformTestClassProcessor.java:79)
	at org.gradle.api.internal.tasks.testing.junitplatform.JUnitPlatformTestClassProcessor.stop(JUnitPlatformTestClassProcessor.java:75)
	at org.gradle.api.internal.tasks.testing.SuiteTestClassProcessor.stop(SuiteTestClassProcessor.java:61)
	at java.base/jdk.internal.reflect.NativeMethodAccessorImpl.invoke0(Native Method)
	at java.base/jdk.internal.reflect.NativeMethodAccessorImpl.invoke(NativeMethodAccessorImpl.java:62)
	at java.base/jdk.internal.reflect.DelegatingMethodAccessorImpl.invoke(DelegatingMethodAccessorImpl.java:43)
	at java.base/java.lang.reflect.Method.invoke(Method.java:566)
	at org.gradle.internal.dispatch.ReflectionDispatch.dispatch(ReflectionDispatch.java:36)
	at org.gradle.internal.dispatch.ReflectionDispatch.dispatch(ReflectionDispatch.java:24)
	at org.gradle.internal.dispatch.ContextClassLoaderDispatch.dispatch(ContextClassLoaderDispatch.java:33)
	at org.gradle.internal.dispatch.ProxyDispatchAdapter$DispatchingInvocationHandler.invoke(ProxyDispatchAdapter.java:94)
	at com.sun.proxy.$Proxy5.stop(Unknown Source)
	at org.gradle.api.internal.tasks.testing.worker.TestWorker$3.run(TestWorker.java:193)
	at org.gradle.api.internal.tasks.testing.worker.TestWorker.executeAndMaintainThreadName(TestWorker.java:129)
	at org.gradle.api.internal.tasks.testing.worker.TestWorker.execute(TestWorker.java:100)
	at org.gradle.api.internal.tasks.testing.worker.TestWorker.execute(TestWorker.java:60)
	at org.gradle.process.internal.worker.child.ActionExecutionWorker.execute(ActionExecutionWorker.java:56)
	at org.gradle.process.internal.worker.child.SystemApplicationClassLoaderWorker.call(SystemApplicationClassLoaderWorker.java:133)
	at org.gradle.process.internal.worker.child.SystemApplicationClassLoaderWorker.call(SystemApplicationClassLoaderWorker.java:71)
	at worker.org.gradle.process.internal.worker.GradleWorkerMain.run(GradleWorkerMain.java:69)
	at worker.org.gradle.process.internal.worker.GradleWorkerMain.main(GradleWorkerMain.java:74)
Caused by: feign.RetryableException: Connection refused: connect executing GET http://localhost:8082/getAttractionRewardPoints?attractionId=4ac4d30b-f51d-44d5-a556-a18f2dd387f0&userId=36df1458-58e5-4ccf-b2ab-e7b70a307c4b
	at feign.FeignException.errorExecuting(FeignException.java:249)
	at feign.SynchronousMethodHandler.executeAndDecode(SynchronousMethodHandler.java:129)
	at feign.SynchronousMethodHandler.invoke(SynchronousMethodHandler.java:89)
	at feign.ReflectiveFeign$FeignInvocationHandler.invoke(ReflectiveFeign.java:100)
	at com.sun.proxy.$Proxy129.getAttractionRewardPoints(Unknown Source)
	at tourGuide.service.RewardsService.getRewardPoints(RewardsService.java:128)
	at tourGuide.service.RewardsService.lambda$calculateRewardsMultiThread$1(RewardsService.java:95)
	at java.base/java.util.concurrent.Executors$RunnableAdapter.call(Executors.java:515)
	at java.base/java.util.concurrent.FutureTask.run(FutureTask.java:264)
	at java.base/java.util.concurrent.ThreadPoolExecutor.runWorker(ThreadPoolExecutor.java:1128)
	at java.base/java.util.concurrent.ThreadPoolExecutor$Worker.run(ThreadPoolExecutor.java:628)
	at java.base/java.lang.Thread.run(Thread.java:829)
Caused by: java.net.ConnectException: Connection refused: connect
	at java.base/java.net.PlainSocketImpl.waitForConnect(Native Method)
	at java.base/java.net.PlainSocketImpl.socketConnect(PlainSocketImpl.java:107)
	at java.base/java.net.AbstractPlainSocketImpl.doConnect(AbstractPlainSocketImpl.java:399)
	at java.base/java.net.AbstractPlainSocketImpl.connectToAddress(AbstractPlainSocketImpl.java:242)
	at java.base/java.net.AbstractPlainSocketImpl.connect(AbstractPlainSocketImpl.java:224)
	at java.base/java.net.Socket.connect(Socket.java:609)
	at java.base/sun.net.NetworkClient.doConnect(NetworkClient.java:177)
	at java.base/sun.net.www.http.HttpClient.openServer(HttpClient.java:474)
	at java.base/sun.net.www.http.HttpClient.openServer(HttpClient.java:569)
	at java.base/sun.net.www.http.HttpClient.<init>(HttpClient.java:242)
	at java.base/sun.net.www.http.HttpClient.New(HttpClient.java:341)
	at java.base/sun.net.www.http.HttpClient.New(HttpClient.java:362)
	at java.base/sun.net.www.protocol.http.HttpURLConnection.getNewHttpClient(HttpURLConnection.java:1253)
	at java.base/sun.net.www.protocol.http.HttpURLConnection.plainConnect0(HttpURLConnection.java:1187)
	at java.base/sun.net.www.protocol.http.HttpURLConnection.plainConnect(HttpURLConnection.java:1081)
	at java.base/sun.net.www.protocol.http.HttpURLConnection.connect(HttpURLConnection.java:1015)
	at java.base/sun.net.www.protocol.http.HttpURLConnection.getInputStream0(HttpURLConnection.java:1592)
	at java.base/sun.net.www.protocol.http.HttpURLConnection.getInputStream(HttpURLConnection.java:1520)
	at java.base/java.net.HttpURLConnection.getResponseCode(HttpURLConnection.java:527)
	at feign.Client$Default.convertResponse(Client.java:108)
	at feign.Client$Default.execute(Client.java:104)
	at feign.SynchronousMethodHandler.executeAndDecode(SynchronousMethodHandler.java:119)
	... 10 more
java.util.concurrent.ExecutionException: feign.RetryableException: Connection refused: connect executing GET http://localhost:8082/getAttractionRewardPoints?attractionId=4ac4d30b-f51d-44d5-a556-a18f2dd387f0&userId=d469a698-a2a9-44dd-a3b9-310b1fa910e6
	at java.base/java.util.concurrent.FutureTask.report(FutureTask.java:122)
	at java.base/java.util.concurrent.FutureTask.get(FutureTask.java:191)
	at tourGuide.service.RewardsService.lambda$calculateRewardsMultiThread$2(RewardsService.java:108)
	at java.base/java.util.ArrayList$ArrayListSpliterator.forEachRemaining(ArrayList.java:1655)
	at java.base/java.util.stream.ReferencePipeline$Head.forEach(ReferencePipeline.java:658)
	at tourGuide.service.RewardsService.calculateRewardsMultiThread(RewardsService.java:106)
	at tourGuide.performance.PerformanceTest.highVolumeGetRewards(PerformanceTest.java:122)
	at java.base/jdk.internal.reflect.NativeMethodAccessorImpl.invoke0(Native Method)
	at java.base/jdk.internal.reflect.NativeMethodAccessorImpl.invoke(NativeMethodAccessorImpl.java:62)
	at java.base/jdk.internal.reflect.DelegatingMethodAccessorImpl.invoke(DelegatingMethodAccessorImpl.java:43)
	at java.base/java.lang.reflect.Method.invoke(Method.java:566)
	at org.junit.platform.commons.util.ReflectionUtils.invokeMethod(ReflectionUtils.java:688)
	at org.junit.jupiter.engine.execution.ExecutableInvoker.invoke(ExecutableInvoker.java:115)
	at org.junit.jupiter.engine.descriptor.TestMethodTestDescriptor.lambda$invokeTestMethod$6(TestMethodTestDescriptor.java:171)
	at org.junit.platform.engine.support.hierarchical.ThrowableCollector.execute(ThrowableCollector.java:73)
	at org.junit.jupiter.engine.descriptor.TestMethodTestDescriptor.invokeTestMethod(TestMethodTestDescriptor.java:167)
	at org.junit.jupiter.engine.descriptor.TestMethodTestDescriptor.execute(TestMethodTestDescriptor.java:114)
	at org.junit.jupiter.engine.descriptor.TestMethodTestDescriptor.execute(TestMethodTestDescriptor.java:59)
	at org.junit.platform.engine.support.hierarchical.NodeTestTask.lambda$executeRecursively$5(NodeTestTask.java:139)
	at org.junit.platform.engine.support.hierarchical.ThrowableCollector.execute(ThrowableCollector.java:73)
	at org.junit.platform.engine.support.hierarchical.NodeTestTask.lambda$executeRecursively$7(NodeTestTask.java:129)
	at org.junit.platform.engine.support.hierarchical.Node.around(Node.java:137)
	at org.junit.platform.engine.support.hierarchical.NodeTestTask.lambda$executeRecursively$8(NodeTestTask.java:127)
	at org.junit.platform.engine.support.hierarchical.ThrowableCollector.execute(ThrowableCollector.java:73)
	at org.junit.platform.engine.support.hierarchical.NodeTestTask.executeRecursively(NodeTestTask.java:126)
	at org.junit.platform.engine.support.hierarchical.NodeTestTask.execute(NodeTestTask.java:84)
	at java.base/java.util.ArrayList.forEach(ArrayList.java:1541)
	at org.junit.platform.engine.support.hierarchical.SameThreadHierarchicalTestExecutorService.invokeAll(SameThreadHierarchicalTestExecutorService.java:38)
	at org.junit.platform.engine.support.hierarchical.NodeTestTask.lambda$executeRecursively$5(NodeTestTask.java:143)
	at org.junit.platform.engine.support.hierarchical.ThrowableCollector.execute(ThrowableCollector.java:73)
	at org.junit.platform.engine.support.hierarchical.NodeTestTask.lambda$executeRecursively$7(NodeTestTask.java:129)
	at org.junit.platform.engine.support.hierarchical.Node.around(Node.java:137)
	at org.junit.platform.engine.support.hierarchical.NodeTestTask.lambda$executeRecursively$8(NodeTestTask.java:127)
	at org.junit.platform.engine.support.hierarchical.ThrowableCollector.execute(ThrowableCollector.java:73)
	at org.junit.platform.engine.support.hierarchical.NodeTestTask.executeRecursively(NodeTestTask.java:126)
	at org.junit.platform.engine.support.hierarchical.NodeTestTask.execute(NodeTestTask.java:84)
	at java.base/java.util.ArrayList.forEach(ArrayList.java:1541)
	at org.junit.platform.engine.support.hierarchical.SameThreadHierarchicalTestExecutorService.invokeAll(SameThreadHierarchicalTestExecutorService.java:38)
	at org.junit.platform.engine.support.hierarchical.NodeTestTask.lambda$executeRecursively$5(NodeTestTask.java:143)
	at org.junit.platform.engine.support.hierarchical.ThrowableCollector.execute(ThrowableCollector.java:73)
	at org.junit.platform.engine.support.hierarchical.NodeTestTask.lambda$executeRecursively$7(NodeTestTask.java:129)
	at org.junit.platform.engine.support.hierarchical.Node.around(Node.java:137)
	at org.junit.platform.engine.support.hierarchical.NodeTestTask.lambda$executeRecursively$8(NodeTestTask.java:127)
	at org.junit.platform.engine.support.hierarchical.ThrowableCollector.execute(ThrowableCollector.java:73)
	at org.junit.platform.engine.support.hierarchical.NodeTestTask.executeRecursively(NodeTestTask.java:126)
	at org.junit.platform.engine.support.hierarchical.NodeTestTask.execute(NodeTestTask.java:84)
	at org.junit.platform.engine.support.hierarchical.SameThreadHierarchicalTestExecutorService.submit(SameThreadHierarchicalTestExecutorService.java:32)
	at org.junit.platform.engine.support.hierarchical.HierarchicalTestExecutor.execute(HierarchicalTestExecutor.java:57)
	at org.junit.platform.engine.support.hierarchical.HierarchicalTestEngine.execute(HierarchicalTestEngine.java:51)
	at org.junit.platform.launcher.core.EngineExecutionOrchestrator.execute(EngineExecutionOrchestrator.java:108)
	at org.junit.platform.launcher.core.EngineExecutionOrchestrator.execute(EngineExecutionOrchestrator.java:88)
	at org.junit.platform.launcher.core.EngineExecutionOrchestrator.lambda$execute$0(EngineExecutionOrchestrator.java:54)
	at org.junit.platform.launcher.core.EngineExecutionOrchestrator.withInterceptedStreams(EngineExecutionOrchestrator.java:67)
	at org.junit.platform.launcher.core.EngineExecutionOrchestrator.execute(EngineExecutionOrchestrator.java:52)
	at org.junit.platform.launcher.core.DefaultLauncher.execute(DefaultLauncher.java:96)
	at org.junit.platform.launcher.core.DefaultLauncher.execute(DefaultLauncher.java:75)
	at org.gradle.api.internal.tasks.testing.junitplatform.JUnitPlatformTestClassProcessor$CollectAllTestClassesExecutor.processAllTestClasses(JUnitPlatformTestClassProcessor.java:99)
	at org.gradle.api.internal.tasks.testing.junitplatform.JUnitPlatformTestClassProcessor$CollectAllTestClassesExecutor.access$000(JUnitPlatformTestClassProcessor.java:79)
	at org.gradle.api.internal.tasks.testing.junitplatform.JUnitPlatformTestClassProcessor.stop(JUnitPlatformTestClassProcessor.java:75)
	at org.gradle.api.internal.tasks.testing.SuiteTestClassProcessor.stop(SuiteTestClassProcessor.java:61)
	at java.base/jdk.internal.reflect.NativeMethodAccessorImpl.invoke0(Native Method)
	at java.base/jdk.internal.reflect.NativeMethodAccessorImpl.invoke(NativeMethodAccessorImpl.java:62)
	at java.base/jdk.internal.reflect.DelegatingMethodAccessorImpl.invoke(DelegatingMethodAccessorImpl.java:43)
	at java.base/java.lang.reflect.Method.invoke(Method.java:566)
	at org.gradle.internal.dispatch.ReflectionDispatch.dispatch(ReflectionDispatch.java:36)
	at org.gradle.internal.dispatch.ReflectionDispatch.dispatch(ReflectionDispatch.java:24)
	at org.gradle.internal.dispatch.ContextClassLoaderDispatch.dispatch(ContextClassLoaderDispatch.java:33)
	at org.gradle.internal.dispatch.ProxyDispatchAdapter$DispatchingInvocationHandler.invoke(ProxyDispatchAdapter.java:94)
	at com.sun.proxy.$Proxy5.stop(Unknown Source)
	at org.gradle.api.internal.tasks.testing.worker.TestWorker$3.run(TestWorker.java:193)
	at org.gradle.api.internal.tasks.testing.worker.TestWorker.executeAndMaintainThreadName(TestWorker.java:129)
	at org.gradle.api.internal.tasks.testing.worker.TestWorker.execute(TestWorker.java:100)
	at org.gradle.api.internal.tasks.testing.worker.TestWorker.execute(TestWorker.java:60)
	at org.gradle.process.internal.worker.child.ActionExecutionWorker.execute(ActionExecutionWorker.java:56)
	at org.gradle.process.internal.worker.child.SystemApplicationClassLoaderWorker.call(SystemApplicationClassLoaderWorker.java:133)
	at org.gradle.process.internal.worker.child.SystemApplicationClassLoaderWorker.call(SystemApplicationClassLoaderWorker.java:71)
	at worker.org.gradle.process.internal.worker.GradleWorkerMain.run(GradleWorkerMain.java:69)
	at worker.org.gradle.process.internal.worker.GradleWorkerMain.main(GradleWorkerMain.java:74)
Caused by: feign.RetryableException: Connection refused: connect executing GET http://localhost:8082/getAttractionRewardPoints?attractionId=4ac4d30b-f51d-44d5-a556-a18f2dd387f0&userId=d469a698-a2a9-44dd-a3b9-310b1fa910e6
	at feign.FeignException.errorExecuting(FeignException.java:249)
	at feign.SynchronousMethodHandler.executeAndDecode(SynchronousMethodHandler.java:129)
	at feign.SynchronousMethodHandler.invoke(SynchronousMethodHandler.java:89)
	at feign.ReflectiveFeign$FeignInvocationHandler.invoke(ReflectiveFeign.java:100)
	at com.sun.proxy.$Proxy129.getAttractionRewardPoints(Unknown Source)
	at tourGuide.service.RewardsService.getRewardPoints(RewardsService.java:128)
	at tourGuide.service.RewardsService.lambda$calculateRewardsMultiThread$1(RewardsService.java:95)
	at java.base/java.util.concurrent.Executors$RunnableAdapter.call(Executors.java:515)
	at java.base/java.util.concurrent.FutureTask.run(FutureTask.java:264)
	at java.base/java.util.concurrent.ThreadPoolExecutor.runWorker(ThreadPoolExecutor.java:1128)
	at java.base/java.util.concurrent.ThreadPoolExecutor$Worker.run(ThreadPoolExecutor.java:628)
	at java.base/java.lang.Thread.run(Thread.java:829)
Caused by: java.net.ConnectException: Connection refused: connect
	at java.base/java.net.PlainSocketImpl.waitForConnect(Native Method)
	at java.base/java.net.PlainSocketImpl.socketConnect(PlainSocketImpl.java:107)
	at java.base/java.net.AbstractPlainSocketImpl.doConnect(AbstractPlainSocketImpl.java:399)
	at java.base/java.net.AbstractPlainSocketImpl.connectToAddress(AbstractPlainSocketImpl.java:242)
	at java.base/java.net.AbstractPlainSocketImpl.connect(AbstractPlainSocketImpl.java:224)
	at java.base/java.net.Socket.connect(Socket.java:609)
	at java.base/sun.net.NetworkClient.doConnect(NetworkClient.java:177)
	at java.base/sun.net.www.http.HttpClient.openServer(HttpClient.java:474)
	at java.base/sun.net.www.http.HttpClient.openServer(HttpClient.java:569)
	at java.base/sun.net.www.http.HttpClient.<init>(HttpClient.java:242)
	at java.base/sun.net.www.http.HttpClient.New(HttpClient.java:341)
	at java.base/sun.net.www.http.HttpClient.New(HttpClient.java:362)
	at java.base/sun.net.www.protocol.http.HttpURLConnection.getNewHttpClient(HttpURLConnection.java:1253)
	at java.base/sun.net.www.protocol.http.HttpURLConnection.plainConnect0(HttpURLConnection.java:1187)
	at java.base/sun.net.www.protocol.http.HttpURLConnection.plainConnect(HttpURLConnection.java:1081)
	at java.base/sun.net.www.protocol.http.HttpURLConnection.connect(HttpURLConnection.java:1015)
	at java.base/sun.net.www.protocol.http.HttpURLConnection.getInputStream0(HttpURLConnection.java:1592)
	at java.base/sun.net.www.protocol.http.HttpURLConnection.getInputStream(HttpURLConnection.java:1520)
	at java.base/java.net.HttpURLConnection.getResponseCode(HttpURLConnection.java:527)
	at feign.Client$Default.convertResponse(Client.java:108)
	at feign.Client$Default.execute(Client.java:104)
	at feign.SynchronousMethodHandler.executeAndDecode(SynchronousMethodHandler.java:119)
	... 10 more
java.util.concurrent.ExecutionException: feign.RetryableException: Connection refused: connect executing GET http://localhost:8082/getAttractionRewardPoints?attractionId=4ac4d30b-f51d-44d5-a556-a18f2dd387f0&userId=3eae832d-861d-4502-a6a3-c44f0431dac6
	at java.base/java.util.concurrent.FutureTask.report(FutureTask.java:122)
	at java.base/java.util.concurrent.FutureTask.get(FutureTask.java:191)
	at tourGuide.service.RewardsService.lambda$calculateRewardsMultiThread$2(RewardsService.java:108)
	at java.base/java.util.ArrayList$ArrayListSpliterator.forEachRemaining(ArrayList.java:1655)
	at java.base/java.util.stream.ReferencePipeline$Head.forEach(ReferencePipeline.java:658)
	at tourGuide.service.RewardsService.calculateRewardsMultiThread(RewardsService.java:106)
	at tourGuide.performance.PerformanceTest.highVolumeGetRewards(PerformanceTest.java:122)
	at java.base/jdk.internal.reflect.NativeMethodAccessorImpl.invoke0(Native Method)
	at java.base/jdk.internal.reflect.NativeMethodAccessorImpl.invoke(NativeMethodAccessorImpl.java:62)
	at java.base/jdk.internal.reflect.DelegatingMethodAccessorImpl.invoke(DelegatingMethodAccessorImpl.java:43)
	at java.base/java.lang.reflect.Method.invoke(Method.java:566)
	at org.junit.platform.commons.util.ReflectionUtils.invokeMethod(ReflectionUtils.java:688)
	at org.junit.jupiter.engine.execution.ExecutableInvoker.invoke(ExecutableInvoker.java:115)
	at org.junit.jupiter.engine.descriptor.TestMethodTestDescriptor.lambda$invokeTestMethod$6(TestMethodTestDescriptor.java:171)
	at org.junit.platform.engine.support.hierarchical.ThrowableCollector.execute(ThrowableCollector.java:73)
	at org.junit.jupiter.engine.descriptor.TestMethodTestDescriptor.invokeTestMethod(TestMethodTestDescriptor.java:167)
	at org.junit.jupiter.engine.descriptor.TestMethodTestDescriptor.execute(TestMethodTestDescriptor.java:114)
	at org.junit.jupiter.engine.descriptor.TestMethodTestDescriptor.execute(TestMethodTestDescriptor.java:59)
	at org.junit.platform.engine.support.hierarchical.NodeTestTask.lambda$executeRecursively$5(NodeTestTask.java:139)
	at org.junit.platform.engine.support.hierarchical.ThrowableCollector.execute(ThrowableCollector.java:73)
	at org.junit.platform.engine.support.hierarchical.NodeTestTask.lambda$executeRecursively$7(NodeTestTask.java:129)
	at org.junit.platform.engine.support.hierarchical.Node.around(Node.java:137)
	at org.junit.platform.engine.support.hierarchical.NodeTestTask.lambda$executeRecursively$8(NodeTestTask.java:127)
	at org.junit.platform.engine.support.hierarchical.ThrowableCollector.execute(ThrowableCollector.java:73)
	at org.junit.platform.engine.support.hierarchical.NodeTestTask.executeRecursively(NodeTestTask.java:126)
	at org.junit.platform.engine.support.hierarchical.NodeTestTask.execute(NodeTestTask.java:84)
	at java.base/java.util.ArrayList.forEach(ArrayList.java:1541)
	at org.junit.platform.engine.support.hierarchical.SameThreadHierarchicalTestExecutorService.invokeAll(SameThreadHierarchicalTestExecutorService.java:38)
	at org.junit.platform.engine.support.hierarchical.NodeTestTask.lambda$executeRecursively$5(NodeTestTask.java:143)
	at org.junit.platform.engine.support.hierarchical.ThrowableCollector.execute(ThrowableCollector.java:73)
	at org.junit.platform.engine.support.hierarchical.NodeTestTask.lambda$executeRecursively$7(NodeTestTask.java:129)
	at org.junit.platform.engine.support.hierarchical.Node.around(Node.java:137)
	at org.junit.platform.engine.support.hierarchical.NodeTestTask.lambda$executeRecursively$8(NodeTestTask.java:127)
	at org.junit.platform.engine.support.hierarchical.ThrowableCollector.execute(ThrowableCollector.java:73)
	at org.junit.platform.engine.support.hierarchical.NodeTestTask.executeRecursively(NodeTestTask.java:126)
	at org.junit.platform.engine.support.hierarchical.NodeTestTask.execute(NodeTestTask.java:84)
	at java.base/java.util.ArrayList.forEach(ArrayList.java:1541)
	at org.junit.platform.engine.support.hierarchical.SameThreadHierarchicalTestExecutorService.invokeAll(SameThreadHierarchicalTestExecutorService.java:38)
	at org.junit.platform.engine.support.hierarchical.NodeTestTask.lambda$executeRecursively$5(NodeTestTask.java:143)
	at org.junit.platform.engine.support.hierarchical.ThrowableCollector.execute(ThrowableCollector.java:73)
	at org.junit.platform.engine.support.hierarchical.NodeTestTask.lambda$executeRecursively$7(NodeTestTask.java:129)
	at org.junit.platform.engine.support.hierarchical.Node.around(Node.java:137)
	at org.junit.platform.engine.support.hierarchical.NodeTestTask.lambda$executeRecursively$8(NodeTestTask.java:127)
	at org.junit.platform.engine.support.hierarchical.ThrowableCollector.execute(ThrowableCollector.java:73)
	at org.junit.platform.engine.support.hierarchical.NodeTestTask.executeRecursively(NodeTestTask.java:126)
	at org.junit.platform.engine.support.hierarchical.NodeTestTask.execute(NodeTestTask.java:84)
	at org.junit.platform.engine.support.hierarchical.SameThreadHierarchicalTestExecutorService.submit(SameThreadHierarchicalTestExecutorService.java:32)
	at org.junit.platform.engine.support.hierarchical.HierarchicalTestExecutor.execute(HierarchicalTestExecutor.java:57)
	at org.junit.platform.engine.support.hierarchical.HierarchicalTestEngine.execute(HierarchicalTestEngine.java:51)
	at org.junit.platform.launcher.core.EngineExecutionOrchestrator.execute(EngineExecutionOrchestrator.java:108)
	at org.junit.platform.launcher.core.EngineExecutionOrchestrator.execute(EngineExecutionOrchestrator.java:88)
	at org.junit.platform.launcher.core.EngineExecutionOrchestrator.lambda$execute$0(EngineExecutionOrchestrator.java:54)
	at org.junit.platform.launcher.core.EngineExecutionOrchestrator.withInterceptedStreams(EngineExecutionOrchestrator.java:67)
	at org.junit.platform.launcher.core.EngineExecutionOrchestrator.execute(EngineExecutionOrchestrator.java:52)
	at org.junit.platform.launcher.core.DefaultLauncher.execute(DefaultLauncher.java:96)
	at org.junit.platform.launcher.core.DefaultLauncher.execute(DefaultLauncher.java:75)
	at org.gradle.api.internal.tasks.testing.junitplatform.JUnitPlatformTestClassProcessor$CollectAllTestClassesExecutor.processAllTestClasses(JUnitPlatformTestClassProcessor.java:99)
	at org.gradle.api.internal.tasks.testing.junitplatform.JUnitPlatformTestClassProcessor$CollectAllTestClassesExecutor.access$000(JUnitPlatformTestClassProcessor.java:79)
	at org.gradle.api.internal.tasks.testing.junitplatform.JUnitPlatformTestClassProcessor.stop(JUnitPlatformTestClassProcessor.java:75)
	at org.gradle.api.internal.tasks.testing.SuiteTestClassProcessor.stop(SuiteTestClassProcessor.java:61)
	at java.base/jdk.internal.reflect.NativeMethodAccessorImpl.invoke0(Native Method)
	at java.base/jdk.internal.reflect.NativeMethodAccessorImpl.invoke(NativeMethodAccessorImpl.java:62)
	at java.base/jdk.internal.reflect.DelegatingMethodAccessorImpl.invoke(DelegatingMethodAccessorImpl.java:43)
	at java.base/java.lang.reflect.Method.invoke(Method.java:566)
	at org.gradle.internal.dispatch.ReflectionDispatch.dispatch(ReflectionDispatch.java:36)
	at org.gradle.internal.dispatch.ReflectionDispatch.dispatch(ReflectionDispatch.java:24)
	at org.gradle.internal.dispatch.ContextClassLoaderDispatch.dispatch(ContextClassLoaderDispatch.java:33)
	at org.gradle.internal.dispatch.ProxyDispatchAdapter$DispatchingInvocationHandler.invoke(ProxyDispatchAdapter.java:94)
	at com.sun.proxy.$Proxy5.stop(Unknown Source)
	at org.gradle.api.internal.tasks.testing.worker.TestWorker$3.run(TestWorker.java:193)
	at org.gradle.api.internal.tasks.testing.worker.TestWorker.executeAndMaintainThreadName(TestWorker.java:129)
	at org.gradle.api.internal.tasks.testing.worker.TestWorker.execute(TestWorker.java:100)
	at org.gradle.api.internal.tasks.testing.worker.TestWorker.execute(TestWorker.java:60)
	at org.gradle.process.internal.worker.child.ActionExecutionWorker.execute(ActionExecutionWorker.java:56)
	at org.gradle.process.internal.worker.child.SystemApplicationClassLoaderWorker.call(SystemApplicationClassLoaderWorker.java:133)
	at org.gradle.process.internal.worker.child.SystemApplicationClassLoaderWorker.call(SystemApplicationClassLoaderWorker.java:71)
	at worker.org.gradle.process.internal.worker.GradleWorkerMain.run(GradleWorkerMain.java:69)
	at worker.org.gradle.process.internal.worker.GradleWorkerMain.main(GradleWorkerMain.java:74)
Caused by: feign.RetryableException: Connection refused: connect executing GET http://localhost:8082/getAttractionRewardPoints?attractionId=4ac4d30b-f51d-44d5-a556-a18f2dd387f0&userId=3eae832d-861d-4502-a6a3-c44f0431dac6
	at feign.FeignException.errorExecuting(FeignException.java:249)
	at feign.SynchronousMethodHandler.executeAndDecode(SynchronousMethodHandler.java:129)
	at feign.SynchronousMethodHandler.invoke(SynchronousMethodHandler.java:89)
	at feign.ReflectiveFeign$FeignInvocationHandler.invoke(ReflectiveFeign.java:100)
	at com.sun.proxy.$Proxy129.getAttractionRewardPoints(Unknown Source)
	at tourGuide.service.RewardsService.getRewardPoints(RewardsService.java:128)
	at tourGuide.service.RewardsService.lambda$calculateRewardsMultiThread$1(RewardsService.java:95)
	at java.base/java.util.concurrent.Executors$RunnableAdapter.call(Executors.java:515)
	at java.base/java.util.concurrent.FutureTask.run(FutureTask.java:264)
	at java.base/java.util.concurrent.ThreadPoolExecutor.runWorker(ThreadPoolExecutor.java:1128)
	at java.base/java.util.concurrent.ThreadPoolExecutor$Worker.run(ThreadPoolExecutor.java:628)
	at java.base/java.lang.Thread.run(Thread.java:829)
Caused by: java.net.ConnectException: Connection refused: connect
	at java.base/java.net.PlainSocketImpl.waitForConnect(Native Method)
	at java.base/java.net.PlainSocketImpl.socketConnect(PlainSocketImpl.java:107)
	at java.base/java.net.AbstractPlainSocketImpl.doConnect(AbstractPlainSocketImpl.java:399)
	at java.base/java.net.AbstractPlainSocketImpl.connectToAddress(AbstractPlainSocketImpl.java:242)
	at java.base/java.net.AbstractPlainSocketImpl.connect(AbstractPlainSocketImpl.java:224)
	at java.base/java.net.Socket.connect(Socket.java:609)
	at java.base/sun.net.NetworkClient.doConnect(NetworkClient.java:177)
	at java.base/sun.net.www.http.HttpClient.openServer(HttpClient.java:474)
	at java.base/sun.net.www.http.HttpClient.openServer(HttpClient.java:569)
	at java.base/sun.net.www.http.HttpClient.<init>(HttpClient.java:242)
	at java.base/sun.net.www.http.HttpClient.New(HttpClient.java:341)
	at java.base/sun.net.www.http.HttpClient.New(HttpClient.java:362)
	at java.base/sun.net.www.protocol.http.HttpURLConnection.getNewHttpClient(HttpURLConnection.java:1253)
	at java.base/sun.net.www.protocol.http.HttpURLConnection.plainConnect0(HttpURLConnection.java:1187)
	at java.base/sun.net.www.protocol.http.HttpURLConnection.plainConnect(HttpURLConnection.java:1081)
	at java.base/sun.net.www.protocol.http.HttpURLConnection.connect(HttpURLConnection.java:1015)
	at java.base/sun.net.www.protocol.http.HttpURLConnection.getInputStream0(HttpURLConnection.java:1592)
	at java.base/sun.net.www.protocol.http.HttpURLConnection.getInputStream(HttpURLConnection.java:1520)
	at java.base/java.net.HttpURLConnection.getResponseCode(HttpURLConnection.java:527)
	at feign.Client$Default.convertResponse(Client.java:108)
	at feign.Client$Default.execute(Client.java:104)
	at feign.SynchronousMethodHandler.executeAndDecode(SynchronousMethodHandler.java:119)
	... 10 more
java.util.concurrent.ExecutionException: feign.RetryableException: Connection refused: connect executing GET http://localhost:8082/getAttractionRewardPoints?attractionId=4ac4d30b-f51d-44d5-a556-a18f2dd387f0&userId=c37d09d6-36a0-4a1b-b931-84db9b70bc96
	at java.base/java.util.concurrent.FutureTask.report(FutureTask.java:122)
	at java.base/java.util.concurrent.FutureTask.get(FutureTask.java:191)
	at tourGuide.service.RewardsService.lambda$calculateRewardsMultiThread$2(RewardsService.java:108)
	at java.base/java.util.ArrayList$ArrayListSpliterator.forEachRemaining(ArrayList.java:1655)
	at java.base/java.util.stream.ReferencePipeline$Head.forEach(ReferencePipeline.java:658)
	at tourGuide.service.RewardsService.calculateRewardsMultiThread(RewardsService.java:106)
	at tourGuide.performance.PerformanceTest.highVolumeGetRewards(PerformanceTest.java:122)
	at java.base/jdk.internal.reflect.NativeMethodAccessorImpl.invoke0(Native Method)
	at java.base/jdk.internal.reflect.NativeMethodAccessorImpl.invoke(NativeMethodAccessorImpl.java:62)
	at java.base/jdk.internal.reflect.DelegatingMethodAccessorImpl.invoke(DelegatingMethodAccessorImpl.java:43)
	at java.base/java.lang.reflect.Method.invoke(Method.java:566)
	at org.junit.platform.commons.util.ReflectionUtils.invokeMethod(ReflectionUtils.java:688)
	at org.junit.jupiter.engine.execution.ExecutableInvoker.invoke(ExecutableInvoker.java:115)
	at org.junit.jupiter.engine.descriptor.TestMethodTestDescriptor.lambda$invokeTestMethod$6(TestMethodTestDescriptor.java:171)
	at org.junit.platform.engine.support.hierarchical.ThrowableCollector.execute(ThrowableCollector.java:73)
	at org.junit.jupiter.engine.descriptor.TestMethodTestDescriptor.invokeTestMethod(TestMethodTestDescriptor.java:167)
	at org.junit.jupiter.engine.descriptor.TestMethodTestDescriptor.execute(TestMethodTestDescriptor.java:114)
	at org.junit.jupiter.engine.descriptor.TestMethodTestDescriptor.execute(TestMethodTestDescriptor.java:59)
	at org.junit.platform.engine.support.hierarchical.NodeTestTask.lambda$executeRecursively$5(NodeTestTask.java:139)
	at org.junit.platform.engine.support.hierarchical.ThrowableCollector.execute(ThrowableCollector.java:73)
	at org.junit.platform.engine.support.hierarchical.NodeTestTask.lambda$executeRecursively$7(NodeTestTask.java:129)
	at org.junit.platform.engine.support.hierarchical.Node.around(Node.java:137)
	at org.junit.platform.engine.support.hierarchical.NodeTestTask.lambda$executeRecursively$8(NodeTestTask.java:127)
	at org.junit.platform.engine.support.hierarchical.ThrowableCollector.execute(ThrowableCollector.java:73)
	at org.junit.platform.engine.support.hierarchical.NodeTestTask.executeRecursively(NodeTestTask.java:126)
	at org.junit.platform.engine.support.hierarchical.NodeTestTask.execute(NodeTestTask.java:84)
	at java.base/java.util.ArrayList.forEach(ArrayList.java:1541)
	at org.junit.platform.engine.support.hierarchical.SameThreadHierarchicalTestExecutorService.invokeAll(SameThreadHierarchicalTestExecutorService.java:38)
	at org.junit.platform.engine.support.hierarchical.NodeTestTask.lambda$executeRecursively$5(NodeTestTask.java:143)
	at org.junit.platform.engine.support.hierarchical.ThrowableCollector.execute(ThrowableCollector.java:73)
	at org.junit.platform.engine.support.hierarchical.NodeTestTask.lambda$executeRecursively$7(NodeTestTask.java:129)
	at org.junit.platform.engine.support.hierarchical.Node.around(Node.java:137)
	at org.junit.platform.engine.support.hierarchical.NodeTestTask.lambda$executeRecursively$8(NodeTestTask.java:127)
	at org.junit.platform.engine.support.hierarchical.ThrowableCollector.execute(ThrowableCollector.java:73)
	at org.junit.platform.engine.support.hierarchical.NodeTestTask.executeRecursively(NodeTestTask.java:126)
	at org.junit.platform.engine.support.hierarchical.NodeTestTask.execute(NodeTestTask.java:84)
	at java.base/java.util.ArrayList.forEach(ArrayList.java:1541)
	at org.junit.platform.engine.support.hierarchical.SameThreadHierarchicalTestExecutorService.invokeAll(SameThreadHierarchicalTestExecutorService.java:38)
	at org.junit.platform.engine.support.hierarchical.NodeTestTask.lambda$executeRecursively$5(NodeTestTask.java:143)
	at org.junit.platform.engine.support.hierarchical.ThrowableCollector.execute(ThrowableCollector.java:73)
	at org.junit.platform.engine.support.hierarchical.NodeTestTask.lambda$executeRecursively$7(NodeTestTask.java:129)
	at org.junit.platform.engine.support.hierarchical.Node.around(Node.java:137)
	at org.junit.platform.engine.support.hierarchical.NodeTestTask.lambda$executeRecursively$8(NodeTestTask.java:127)
	at org.junit.platform.engine.support.hierarchical.ThrowableCollector.execute(ThrowableCollector.java:73)
	at org.junit.platform.engine.support.hierarchical.NodeTestTask.executeRecursively(NodeTestTask.java:126)
	at org.junit.platform.engine.support.hierarchical.NodeTestTask.execute(NodeTestTask.java:84)
	at org.junit.platform.engine.support.hierarchical.SameThreadHierarchicalTestExecutorService.submit(SameThreadHierarchicalTestExecutorService.java:32)
	at org.junit.platform.engine.support.hierarchical.HierarchicalTestExecutor.execute(HierarchicalTestExecutor.java:57)
	at org.junit.platform.engine.support.hierarchical.HierarchicalTestEngine.execute(HierarchicalTestEngine.java:51)
	at org.junit.platform.launcher.core.EngineExecutionOrchestrator.execute(EngineExecutionOrchestrator.java:108)
	at org.junit.platform.launcher.core.EngineExecutionOrchestrator.execute(EngineExecutionOrchestrator.java:88)
	at org.junit.platform.launcher.core.EngineExecutionOrchestrator.lambda$execute$0(EngineExecutionOrchestrator.java:54)
	at org.junit.platform.launcher.core.EngineExecutionOrchestrator.withInterceptedStreams(EngineExecutionOrchestrator.java:67)
	at org.junit.platform.launcher.core.EngineExecutionOrchestrator.execute(EngineExecutionOrchestrator.java:52)
	at org.junit.platform.launcher.core.DefaultLauncher.execute(DefaultLauncher.java:96)
	at org.junit.platform.launcher.core.DefaultLauncher.execute(DefaultLauncher.java:75)
	at org.gradle.api.internal.tasks.testing.junitplatform.JUnitPlatformTestClassProcessor$CollectAllTestClassesExecutor.processAllTestClasses(JUnitPlatformTestClassProcessor.java:99)
	at org.gradle.api.internal.tasks.testing.junitplatform.JUnitPlatformTestClassProcessor$CollectAllTestClassesExecutor.access$000(JUnitPlatformTestClassProcessor.java:79)
	at org.gradle.api.internal.tasks.testing.junitplatform.JUnitPlatformTestClassProcessor.stop(JUnitPlatformTestClassProcessor.java:75)
	at org.gradle.api.internal.tasks.testing.SuiteTestClassProcessor.stop(SuiteTestClassProcessor.java:61)
	at java.base/jdk.internal.reflect.NativeMethodAccessorImpl.invoke0(Native Method)
	at java.base/jdk.internal.reflect.NativeMethodAccessorImpl.invoke(NativeMethodAccessorImpl.java:62)
	at java.base/jdk.internal.reflect.DelegatingMethodAccessorImpl.invoke(DelegatingMethodAccessorImpl.java:43)
	at java.base/java.lang.reflect.Method.invoke(Method.java:566)
	at org.gradle.internal.dispatch.ReflectionDispatch.dispatch(ReflectionDispatch.java:36)
	at org.gradle.internal.dispatch.ReflectionDispatch.dispatch(ReflectionDispatch.java:24)
	at org.gradle.internal.dispatch.ContextClassLoaderDispatch.dispatch(ContextClassLoaderDispatch.java:33)
	at org.gradle.internal.dispatch.ProxyDispatchAdapter$DispatchingInvocationHandler.invoke(ProxyDispatchAdapter.java:94)
	at com.sun.proxy.$Proxy5.stop(Unknown Source)
	at org.gradle.api.internal.tasks.testing.worker.TestWorker$3.run(TestWorker.java:193)
	at org.gradle.api.internal.tasks.testing.worker.TestWorker.executeAndMaintainThreadName(TestWorker.java:129)
	at org.gradle.api.internal.tasks.testing.worker.TestWorker.execute(TestWorker.java:100)
	at org.gradle.api.internal.tasks.testing.worker.TestWorker.execute(TestWorker.java:60)
	at org.gradle.process.internal.worker.child.ActionExecutionWorker.execute(ActionExecutionWorker.java:56)
	at org.gradle.process.internal.worker.child.SystemApplicationClassLoaderWorker.call(SystemApplicationClassLoaderWorker.java:133)
	at org.gradle.process.internal.worker.child.SystemApplicationClassLoaderWorker.call(SystemApplicationClassLoaderWorker.java:71)
	at worker.org.gradle.process.internal.worker.GradleWorkerMain.run(GradleWorkerMain.java:69)
	at worker.org.gradle.process.internal.worker.GradleWorkerMain.main(GradleWorkerMain.java:74)
Caused by: feign.RetryableException: Connection refused: connect executing GET http://localhost:8082/getAttractionRewardPoints?attractionId=4ac4d30b-f51d-44d5-a556-a18f2dd387f0&userId=c37d09d6-36a0-4a1b-b931-84db9b70bc96
	at feign.FeignException.errorExecuting(FeignException.java:249)
	at feign.SynchronousMethodHandler.executeAndDecode(SynchronousMethodHandler.java:129)
	at feign.SynchronousMethodHandler.invoke(SynchronousMethodHandler.java:89)
	at feign.ReflectiveFeign$FeignInvocationHandler.invoke(ReflectiveFeign.java:100)
	at com.sun.proxy.$Proxy129.getAttractionRewardPoints(Unknown Source)
	at tourGuide.service.RewardsService.getRewardPoints(RewardsService.java:128)
	at tourGuide.service.RewardsService.lambda$calculateRewardsMultiThread$1(RewardsService.java:95)
	at java.base/java.util.concurrent.Executors$RunnableAdapter.call(Executors.java:515)
	at java.base/java.util.concurrent.FutureTask.run(FutureTask.java:264)
	at java.base/java.util.concurrent.ThreadPoolExecutor.runWorker(ThreadPoolExecutor.java:1128)
	at java.base/java.util.concurrent.ThreadPoolExecutor$Worker.run(ThreadPoolExecutor.java:628)
	at java.base/java.lang.Thread.run(Thread.java:829)
Caused by: java.net.ConnectException: Connection refused: connect
	at java.base/java.net.PlainSocketImpl.waitForConnect(Native Method)
	at java.base/java.net.PlainSocketImpl.socketConnect(PlainSocketImpl.java:107)
	at java.base/java.net.AbstractPlainSocketImpl.doConnect(AbstractPlainSocketImpl.java:399)
	at java.base/java.net.AbstractPlainSocketImpl.connectToAddress(AbstractPlainSocketImpl.java:242)
	at java.base/java.net.AbstractPlainSocketImpl.connect(AbstractPlainSocketImpl.java:224)
	at java.base/java.net.Socket.connect(Socket.java:609)
	at java.base/sun.net.NetworkClient.doConnect(NetworkClient.java:177)
	at java.base/sun.net.www.http.HttpClient.openServer(HttpClient.java:474)
	at java.base/sun.net.www.http.HttpClient.openServer(HttpClient.java:569)
	at java.base/sun.net.www.http.HttpClient.<init>(HttpClient.java:242)
	at java.base/sun.net.www.http.HttpClient.New(HttpClient.java:341)
	at java.base/sun.net.www.http.HttpClient.New(HttpClient.java:362)
	at java.base/sun.net.www.protocol.http.HttpURLConnection.getNewHttpClient(HttpURLConnection.java:1253)
	at java.base/sun.net.www.protocol.http.HttpURLConnection.plainConnect0(HttpURLConnection.java:1187)
	at java.base/sun.net.www.protocol.http.HttpURLConnection.plainConnect(HttpURLConnection.java:1081)
	at java.base/sun.net.www.protocol.http.HttpURLConnection.connect(HttpURLConnection.java:1015)
	at java.base/sun.net.www.protocol.http.HttpURLConnection.getInputStream0(HttpURLConnection.java:1592)
	at java.base/sun.net.www.protocol.http.HttpURLConnection.getInputStream(HttpURLConnection.java:1520)
	at java.base/java.net.HttpURLConnection.getResponseCode(HttpURLConnection.java:527)
	at feign.Client$Default.convertResponse(Client.java:108)
	at feign.Client$Default.execute(Client.java:104)
	at feign.SynchronousMethodHandler.executeAndDecode(SynchronousMethodHandler.java:119)
	... 10 more
java.util.concurrent.ExecutionException: feign.RetryableException: Connection refused: connect executing GET http://localhost:8082/getAttractionRewardPoints?attractionId=4ac4d30b-f51d-44d5-a556-a18f2dd387f0&userId=a35d5c25-ce3a-415f-b0fe-23577d3ab60d
	at java.base/java.util.concurrent.FutureTask.report(FutureTask.java:122)
	at java.base/java.util.concurrent.FutureTask.get(FutureTask.java:191)
	at tourGuide.service.RewardsService.lambda$calculateRewardsMultiThread$2(RewardsService.java:108)
	at java.base/java.util.ArrayList$ArrayListSpliterator.forEachRemaining(ArrayList.java:1655)
	at java.base/java.util.stream.ReferencePipeline$Head.forEach(ReferencePipeline.java:658)
	at tourGuide.service.RewardsService.calculateRewardsMultiThread(RewardsService.java:106)
	at tourGuide.performance.PerformanceTest.highVolumeGetRewards(PerformanceTest.java:122)
	at java.base/jdk.internal.reflect.NativeMethodAccessorImpl.invoke0(Native Method)
	at java.base/jdk.internal.reflect.NativeMethodAccessorImpl.invoke(NativeMethodAccessorImpl.java:62)
	at java.base/jdk.internal.reflect.DelegatingMethodAccessorImpl.invoke(DelegatingMethodAccessorImpl.java:43)
	at java.base/java.lang.reflect.Method.invoke(Method.java:566)
	at org.junit.platform.commons.util.ReflectionUtils.invokeMethod(ReflectionUtils.java:688)
	at org.junit.jupiter.engine.execution.ExecutableInvoker.invoke(ExecutableInvoker.java:115)
	at org.junit.jupiter.engine.descriptor.TestMethodTestDescriptor.lambda$invokeTestMethod$6(TestMethodTestDescriptor.java:171)
	at org.junit.platform.engine.support.hierarchical.ThrowableCollector.execute(ThrowableCollector.java:73)
	at org.junit.jupiter.engine.descriptor.TestMethodTestDescriptor.invokeTestMethod(TestMethodTestDescriptor.java:167)
	at org.junit.jupiter.engine.descriptor.TestMethodTestDescriptor.execute(TestMethodTestDescriptor.java:114)
	at org.junit.jupiter.engine.descriptor.TestMethodTestDescriptor.execute(TestMethodTestDescriptor.java:59)
	at org.junit.platform.engine.support.hierarchical.NodeTestTask.lambda$executeRecursively$5(NodeTestTask.java:139)
	at org.junit.platform.engine.support.hierarchical.ThrowableCollector.execute(ThrowableCollector.java:73)
	at org.junit.platform.engine.support.hierarchical.NodeTestTask.lambda$executeRecursively$7(NodeTestTask.java:129)
	at org.junit.platform.engine.support.hierarchical.Node.around(Node.java:137)
	at org.junit.platform.engine.support.hierarchical.NodeTestTask.lambda$executeRecursively$8(NodeTestTask.java:127)
	at org.junit.platform.engine.support.hierarchical.ThrowableCollector.execute(ThrowableCollector.java:73)
	at org.junit.platform.engine.support.hierarchical.NodeTestTask.executeRecursively(NodeTestTask.java:126)
	at org.junit.platform.engine.support.hierarchical.NodeTestTask.execute(NodeTestTask.java:84)
	at java.base/java.util.ArrayList.forEach(ArrayList.java:1541)
	at org.junit.platform.engine.support.hierarchical.SameThreadHierarchicalTestExecutorService.invokeAll(SameThreadHierarchicalTestExecutorService.java:38)
	at org.junit.platform.engine.support.hierarchical.NodeTestTask.lambda$executeRecursively$5(NodeTestTask.java:143)
	at org.junit.platform.engine.support.hierarchical.ThrowableCollector.execute(ThrowableCollector.java:73)
	at org.junit.platform.engine.support.hierarchical.NodeTestTask.lambda$executeRecursively$7(NodeTestTask.java:129)
	at org.junit.platform.engine.support.hierarchical.Node.around(Node.java:137)
	at org.junit.platform.engine.support.hierarchical.NodeTestTask.lambda$executeRecursively$8(NodeTestTask.java:127)
	at org.junit.platform.engine.support.hierarchical.ThrowableCollector.execute(ThrowableCollector.java:73)
	at org.junit.platform.engine.support.hierarchical.NodeTestTask.executeRecursively(NodeTestTask.java:126)
	at org.junit.platform.engine.support.hierarchical.NodeTestTask.execute(NodeTestTask.java:84)
	at java.base/java.util.ArrayList.forEach(ArrayList.java:1541)
	at org.junit.platform.engine.support.hierarchical.SameThreadHierarchicalTestExecutorService.invokeAll(SameThreadHierarchicalTestExecutorService.java:38)
	at org.junit.platform.engine.support.hierarchical.NodeTestTask.lambda$executeRecursively$5(NodeTestTask.java:143)
	at org.junit.platform.engine.support.hierarchical.ThrowableCollector.execute(ThrowableCollector.java:73)
	at org.junit.platform.engine.support.hierarchical.NodeTestTask.lambda$executeRecursively$7(NodeTestTask.java:129)
	at org.junit.platform.engine.support.hierarchical.Node.around(Node.java:137)
	at org.junit.platform.engine.support.hierarchical.NodeTestTask.lambda$executeRecursively$8(NodeTestTask.java:127)
	at org.junit.platform.engine.support.hierarchical.ThrowableCollector.execute(ThrowableCollector.java:73)
	at org.junit.platform.engine.support.hierarchical.NodeTestTask.executeRecursively(NodeTestTask.java:126)
	at org.junit.platform.engine.support.hierarchical.NodeTestTask.execute(NodeTestTask.java:84)
	at org.junit.platform.engine.support.hierarchical.SameThreadHierarchicalTestExecutorService.submit(SameThreadHierarchicalTestExecutorService.java:32)
	at org.junit.platform.engine.support.hierarchical.HierarchicalTestExecutor.execute(HierarchicalTestExecutor.java:57)
	at org.junit.platform.engine.support.hierarchical.HierarchicalTestEngine.execute(HierarchicalTestEngine.java:51)
	at org.junit.platform.launcher.core.EngineExecutionOrchestrator.execute(EngineExecutionOrchestrator.java:108)
	at org.junit.platform.launcher.core.EngineExecutionOrchestrator.execute(EngineExecutionOrchestrator.java:88)
	at org.junit.platform.launcher.core.EngineExecutionOrchestrator.lambda$execute$0(EngineExecutionOrchestrator.java:54)
	at org.junit.platform.launcher.core.EngineExecutionOrchestrator.withInterceptedStreams(EngineExecutionOrchestrator.java:67)
	at org.junit.platform.launcher.core.EngineExecutionOrchestrator.execute(EngineExecutionOrchestrator.java:52)
	at org.junit.platform.launcher.core.DefaultLauncher.execute(DefaultLauncher.java:96)
	at org.junit.platform.launcher.core.DefaultLauncher.execute(DefaultLauncher.java:75)
	at org.gradle.api.internal.tasks.testing.junitplatform.JUnitPlatformTestClassProcessor$CollectAllTestClassesExecutor.processAllTestClasses(JUnitPlatformTestClassProcessor.java:99)
	at org.gradle.api.internal.tasks.testing.junitplatform.JUnitPlatformTestClassProcessor$CollectAllTestClassesExecutor.access$000(JUnitPlatformTestClassProcessor.java:79)
	at org.gradle.api.internal.tasks.testing.junitplatform.JUnitPlatformTestClassProcessor.stop(JUnitPlatformTestClassProcessor.java:75)
	at org.gradle.api.internal.tasks.testing.SuiteTestClassProcessor.stop(SuiteTestClassProcessor.java:61)
	at java.base/jdk.internal.reflect.NativeMethodAccessorImpl.invoke0(Native Method)
	at java.base/jdk.internal.reflect.NativeMethodAccessorImpl.invoke(NativeMethodAccessorImpl.java:62)
	at java.base/jdk.internal.reflect.DelegatingMethodAccessorImpl.invoke(DelegatingMethodAccessorImpl.java:43)
	at java.base/java.lang.reflect.Method.invoke(Method.java:566)
	at org.gradle.internal.dispatch.ReflectionDispatch.dispatch(ReflectionDispatch.java:36)
	at org.gradle.internal.dispatch.ReflectionDispatch.dispatch(ReflectionDispatch.java:24)
	at org.gradle.internal.dispatch.ContextClassLoaderDispatch.dispatch(ContextClassLoaderDispatch.java:33)
	at org.gradle.internal.dispatch.ProxyDispatchAdapter$DispatchingInvocationHandler.invoke(ProxyDispatchAdapter.java:94)
	at com.sun.proxy.$Proxy5.stop(Unknown Source)
	at org.gradle.api.internal.tasks.testing.worker.TestWorker$3.run(TestWorker.java:193)
	at org.gradle.api.internal.tasks.testing.worker.TestWorker.executeAndMaintainThreadName(TestWorker.java:129)
	at org.gradle.api.internal.tasks.testing.worker.TestWorker.execute(TestWorker.java:100)
	at org.gradle.api.internal.tasks.testing.worker.TestWorker.execute(TestWorker.java:60)
	at org.gradle.process.internal.worker.child.ActionExecutionWorker.execute(ActionExecutionWorker.java:56)
	at org.gradle.process.internal.worker.child.SystemApplicationClassLoaderWorker.call(SystemApplicationClassLoaderWorker.java:133)
	at org.gradle.process.internal.worker.child.SystemApplicationClassLoaderWorker.call(SystemApplicationClassLoaderWorker.java:71)
	at worker.org.gradle.process.internal.worker.GradleWorkerMain.run(GradleWorkerMain.java:69)
	at worker.org.gradle.process.internal.worker.GradleWorkerMain.main(GradleWorkerMain.java:74)
Caused by: feign.RetryableException: Connection refused: connect executing GET http://localhost:8082/getAttractionRewardPoints?attractionId=4ac4d30b-f51d-44d5-a556-a18f2dd387f0&userId=a35d5c25-ce3a-415f-b0fe-23577d3ab60d
	at feign.FeignException.errorExecuting(FeignException.java:249)
	at feign.SynchronousMethodHandler.executeAndDecode(SynchronousMethodHandler.java:129)
	at feign.SynchronousMethodHandler.invoke(SynchronousMethodHandler.java:89)
	at feign.ReflectiveFeign$FeignInvocationHandler.invoke(ReflectiveFeign.java:100)
	at com.sun.proxy.$Proxy129.getAttractionRewardPoints(Unknown Source)
	at tourGuide.service.RewardsService.getRewardPoints(RewardsService.java:128)
	at tourGuide.service.RewardsService.lambda$calculateRewardsMultiThread$1(RewardsService.java:95)
	at java.base/java.util.concurrent.Executors$RunnableAdapter.call(Executors.java:515)
	at java.base/java.util.concurrent.FutureTask.run(FutureTask.java:264)
	at java.base/java.util.concurrent.ThreadPoolExecutor.runWorker(ThreadPoolExecutor.java:1128)
	at java.base/java.util.concurrent.ThreadPoolExecutor$Worker.run(ThreadPoolExecutor.java:628)
	at java.base/java.lang.Thread.run(Thread.java:829)
Caused by: java.net.ConnectException: Connection refused: connect
	at java.base/java.net.PlainSocketImpl.waitForConnect(Native Method)
	at java.base/java.net.PlainSocketImpl.socketConnect(PlainSocketImpl.java:107)
	at java.base/java.net.AbstractPlainSocketImpl.doConnect(AbstractPlainSocketImpl.java:399)
	at java.base/java.net.AbstractPlainSocketImpl.connectToAddress(AbstractPlainSocketImpl.java:242)
	at java.base/java.net.AbstractPlainSocketImpl.connect(AbstractPlainSocketImpl.java:224)
	at java.base/java.net.Socket.connect(Socket.java:609)
	at java.base/sun.net.NetworkClient.doConnect(NetworkClient.java:177)
	at java.base/sun.net.www.http.HttpClient.openServer(HttpClient.java:474)
	at java.base/sun.net.www.http.HttpClient.openServer(HttpClient.java:569)
	at java.base/sun.net.www.http.HttpClient.<init>(HttpClient.java:242)
	at java.base/sun.net.www.http.HttpClient.New(HttpClient.java:341)
	at java.base/sun.net.www.http.HttpClient.New(HttpClient.java:362)
	at java.base/sun.net.www.protocol.http.HttpURLConnection.getNewHttpClient(HttpURLConnection.java:1253)
	at java.base/sun.net.www.protocol.http.HttpURLConnection.plainConnect0(HttpURLConnection.java:1187)
	at java.base/sun.net.www.protocol.http.HttpURLConnection.plainConnect(HttpURLConnection.java:1081)
	at java.base/sun.net.www.protocol.http.HttpURLConnection.connect(HttpURLConnection.java:1015)
	at java.base/sun.net.www.protocol.http.HttpURLConnection.getInputStream0(HttpURLConnection.java:1592)
	at java.base/sun.net.www.protocol.http.HttpURLConnection.getInputStream(HttpURLConnection.java:1520)
	at java.base/java.net.HttpURLConnection.getResponseCode(HttpURLConnection.java:527)
	at feign.Client$Default.convertResponse(Client.java:108)
	at feign.Client$Default.execute(Client.java:104)
	at feign.SynchronousMethodHandler.executeAndDecode(SynchronousMethodHandler.java:119)
	... 10 more
java.util.concurrent.ExecutionException: feign.RetryableException: Connection refused: connect executing GET http://localhost:8082/getAttractionRewardPoints?attractionId=4ac4d30b-f51d-44d5-a556-a18f2dd387f0&userId=1d79b006-ee72-4678-910b-f406d1f944e4
	at java.base/java.util.concurrent.FutureTask.report(FutureTask.java:122)
	at java.base/java.util.concurrent.FutureTask.get(FutureTask.java:191)
	at tourGuide.service.RewardsService.lambda$calculateRewardsMultiThread$2(RewardsService.java:108)
	at java.base/java.util.ArrayList$ArrayListSpliterator.forEachRemaining(ArrayList.java:1655)
	at java.base/java.util.stream.ReferencePipeline$Head.forEach(ReferencePipeline.java:658)
	at tourGuide.service.RewardsService.calculateRewardsMultiThread(RewardsService.java:106)
	at tourGuide.performance.PerformanceTest.highVolumeGetRewards(PerformanceTest.java:122)
	at java.base/jdk.internal.reflect.NativeMethodAccessorImpl.invoke0(Native Method)
	at java.base/jdk.internal.reflect.NativeMethodAccessorImpl.invoke(NativeMethodAccessorImpl.java:62)
	at java.base/jdk.internal.reflect.DelegatingMethodAccessorImpl.invoke(DelegatingMethodAccessorImpl.java:43)
	at java.base/java.lang.reflect.Method.invoke(Method.java:566)
	at org.junit.platform.commons.util.ReflectionUtils.invokeMethod(ReflectionUtils.java:688)
	at org.junit.jupiter.engine.execution.ExecutableInvoker.invoke(ExecutableInvoker.java:115)
	at org.junit.jupiter.engine.descriptor.TestMethodTestDescriptor.lambda$invokeTestMethod$6(TestMethodTestDescriptor.java:171)
	at org.junit.platform.engine.support.hierarchical.ThrowableCollector.execute(ThrowableCollector.java:73)
	at org.junit.jupiter.engine.descriptor.TestMethodTestDescriptor.invokeTestMethod(TestMethodTestDescriptor.java:167)
	at org.junit.jupiter.engine.descriptor.TestMethodTestDescriptor.execute(TestMethodTestDescriptor.java:114)
	at org.junit.jupiter.engine.descriptor.TestMethodTestDescriptor.execute(TestMethodTestDescriptor.java:59)
	at org.junit.platform.engine.support.hierarchical.NodeTestTask.lambda$executeRecursively$5(NodeTestTask.java:139)
	at org.junit.platform.engine.support.hierarchical.ThrowableCollector.execute(ThrowableCollector.java:73)
	at org.junit.platform.engine.support.hierarchical.NodeTestTask.lambda$executeRecursively$7(NodeTestTask.java:129)
	at org.junit.platform.engine.support.hierarchical.Node.around(Node.java:137)
	at org.junit.platform.engine.support.hierarchical.NodeTestTask.lambda$executeRecursively$8(NodeTestTask.java:127)
	at org.junit.platform.engine.support.hierarchical.ThrowableCollector.execute(ThrowableCollector.java:73)
	at org.junit.platform.engine.support.hierarchical.NodeTestTask.executeRecursively(NodeTestTask.java:126)
	at org.junit.platform.engine.support.hierarchical.NodeTestTask.execute(NodeTestTask.java:84)
	at java.base/java.util.ArrayList.forEach(ArrayList.java:1541)
	at org.junit.platform.engine.support.hierarchical.SameThreadHierarchicalTestExecutorService.invokeAll(SameThreadHierarchicalTestExecutorService.java:38)
	at org.junit.platform.engine.support.hierarchical.NodeTestTask.lambda$executeRecursively$5(NodeTestTask.java:143)
	at org.junit.platform.engine.support.hierarchical.ThrowableCollector.execute(ThrowableCollector.java:73)
	at org.junit.platform.engine.support.hierarchical.NodeTestTask.lambda$executeRecursively$7(NodeTestTask.java:129)
	at org.junit.platform.engine.support.hierarchical.Node.around(Node.java:137)
	at org.junit.platform.engine.support.hierarchical.NodeTestTask.lambda$executeRecursively$8(NodeTestTask.java:127)
	at org.junit.platform.engine.support.hierarchical.ThrowableCollector.execute(ThrowableCollector.java:73)
	at org.junit.platform.engine.support.hierarchical.NodeTestTask.executeRecursively(NodeTestTask.java:126)
	at org.junit.platform.engine.support.hierarchical.NodeTestTask.execute(NodeTestTask.java:84)
	at java.base/java.util.ArrayList.forEach(ArrayList.java:1541)
	at org.junit.platform.engine.support.hierarchical.SameThreadHierarchicalTestExecutorService.invokeAll(SameThreadHierarchicalTestExecutorService.java:38)
	at org.junit.platform.engine.support.hierarchical.NodeTestTask.lambda$executeRecursively$5(NodeTestTask.java:143)
	at org.junit.platform.engine.support.hierarchical.ThrowableCollector.execute(ThrowableCollector.java:73)
	at org.junit.platform.engine.support.hierarchical.NodeTestTask.lambda$executeRecursively$7(NodeTestTask.java:129)
	at org.junit.platform.engine.support.hierarchical.Node.around(Node.java:137)
	at org.junit.platform.engine.support.hierarchical.NodeTestTask.lambda$executeRecursively$8(NodeTestTask.java:127)
	at org.junit.platform.engine.support.hierarchical.ThrowableCollector.execute(ThrowableCollector.java:73)
	at org.junit.platform.engine.support.hierarchical.NodeTestTask.executeRecursively(NodeTestTask.java:126)
	at org.junit.platform.engine.support.hierarchical.NodeTestTask.execute(NodeTestTask.java:84)
	at org.junit.platform.engine.support.hierarchical.SameThreadHierarchicalTestExecutorService.submit(SameThreadHierarchicalTestExecutorService.java:32)
	at org.junit.platform.engine.support.hierarchical.HierarchicalTestExecutor.execute(HierarchicalTestExecutor.java:57)
	at org.junit.platform.engine.support.hierarchical.HierarchicalTestEngine.execute(HierarchicalTestEngine.java:51)
	at org.junit.platform.launcher.core.EngineExecutionOrchestrator.execute(EngineExecutionOrchestrator.java:108)
	at org.junit.platform.launcher.core.EngineExecutionOrchestrator.execute(EngineExecutionOrchestrator.java:88)
	at org.junit.platform.launcher.core.EngineExecutionOrchestrator.lambda$execute$0(EngineExecutionOrchestrator.java:54)
	at org.junit.platform.launcher.core.EngineExecutionOrchestrator.withInterceptedStreams(EngineExecutionOrchestrator.java:67)
	at org.junit.platform.launcher.core.EngineExecutionOrchestrator.execute(EngineExecutionOrchestrator.java:52)
	at org.junit.platform.launcher.core.DefaultLauncher.execute(DefaultLauncher.java:96)
	at org.junit.platform.launcher.core.DefaultLauncher.execute(DefaultLauncher.java:75)
	at org.gradle.api.internal.tasks.testing.junitplatform.JUnitPlatformTestClassProcessor$CollectAllTestClassesExecutor.processAllTestClasses(JUnitPlatformTestClassProcessor.java:99)
	at org.gradle.api.internal.tasks.testing.junitplatform.JUnitPlatformTestClassProcessor$CollectAllTestClassesExecutor.access$000(JUnitPlatformTestClassProcessor.java:79)
	at org.gradle.api.internal.tasks.testing.junitplatform.JUnitPlatformTestClassProcessor.stop(JUnitPlatformTestClassProcessor.java:75)
	at org.gradle.api.internal.tasks.testing.SuiteTestClassProcessor.stop(SuiteTestClassProcessor.java:61)
	at java.base/jdk.internal.reflect.NativeMethodAccessorImpl.invoke0(Native Method)
	at java.base/jdk.internal.reflect.NativeMethodAccessorImpl.invoke(NativeMethodAccessorImpl.java:62)
	at java.base/jdk.internal.reflect.DelegatingMethodAccessorImpl.invoke(DelegatingMethodAccessorImpl.java:43)
	at java.base/java.lang.reflect.Method.invoke(Method.java:566)
	at org.gradle.internal.dispatch.ReflectionDispatch.dispatch(ReflectionDispatch.java:36)
	at org.gradle.internal.dispatch.ReflectionDispatch.dispatch(ReflectionDispatch.java:24)
	at org.gradle.internal.dispatch.ContextClassLoaderDispatch.dispatch(ContextClassLoaderDispatch.java:33)
	at org.gradle.internal.dispatch.ProxyDispatchAdapter$DispatchingInvocationHandler.invoke(ProxyDispatchAdapter.java:94)
	at com.sun.proxy.$Proxy5.stop(Unknown Source)
	at org.gradle.api.internal.tasks.testing.worker.TestWorker$3.run(TestWorker.java:193)
	at org.gradle.api.internal.tasks.testing.worker.TestWorker.executeAndMaintainThreadName(TestWorker.java:129)
	at org.gradle.api.internal.tasks.testing.worker.TestWorker.execute(TestWorker.java:100)
	at org.gradle.api.internal.tasks.testing.worker.TestWorker.execute(TestWorker.java:60)
	at org.gradle.process.internal.worker.child.ActionExecutionWorker.execute(ActionExecutionWorker.java:56)
	at org.gradle.process.internal.worker.child.SystemApplicationClassLoaderWorker.call(SystemApplicationClassLoaderWorker.java:133)
	at org.gradle.process.internal.worker.child.SystemApplicationClassLoaderWorker.call(SystemApplicationClassLoaderWorker.java:71)
	at worker.org.gradle.process.internal.worker.GradleWorkerMain.run(GradleWorkerMain.java:69)
	at worker.org.gradle.process.internal.worker.GradleWorkerMain.main(GradleWorkerMain.java:74)
Caused by: feign.RetryableException: Connection refused: connect executing GET http://localhost:8082/getAttractionRewardPoints?attractionId=4ac4d30b-f51d-44d5-a556-a18f2dd387f0&userId=1d79b006-ee72-4678-910b-f406d1f944e4
	at feign.FeignException.errorExecuting(FeignException.java:249)
	at feign.SynchronousMethodHandler.executeAndDecode(SynchronousMethodHandler.java:129)
	at feign.SynchronousMethodHandler.invoke(SynchronousMethodHandler.java:89)
	at feign.ReflectiveFeign$FeignInvocationHandler.invoke(ReflectiveFeign.java:100)
	at com.sun.proxy.$Proxy129.getAttractionRewardPoints(Unknown Source)
	at tourGuide.service.RewardsService.getRewardPoints(RewardsService.java:128)
	at tourGuide.service.RewardsService.lambda$calculateRewardsMultiThread$1(RewardsService.java:95)
	at java.base/java.util.concurrent.Executors$RunnableAdapter.call(Executors.java:515)
	at java.base/java.util.concurrent.FutureTask.run(FutureTask.java:264)
	at java.base/java.util.concurrent.ThreadPoolExecutor.runWorker(ThreadPoolExecutor.java:1128)
	at java.base/java.util.concurrent.ThreadPoolExecutor$Worker.run(ThreadPoolExecutor.java:628)
	at java.base/java.lang.Thread.run(Thread.java:829)
Caused by: java.net.ConnectException: Connection refused: connect
	at java.base/java.net.PlainSocketImpl.waitForConnect(Native Method)
	at java.base/java.net.PlainSocketImpl.socketConnect(PlainSocketImpl.java:107)
	at java.base/java.net.AbstractPlainSocketImpl.doConnect(AbstractPlainSocketImpl.java:399)
	at java.base/java.net.AbstractPlainSocketImpl.connectToAddress(AbstractPlainSocketImpl.java:242)
	at java.base/java.net.AbstractPlainSocketImpl.connect(AbstractPlainSocketImpl.java:224)
	at java.base/java.net.Socket.connect(Socket.java:609)
	at java.base/sun.net.NetworkClient.doConnect(NetworkClient.java:177)
	at java.base/sun.net.www.http.HttpClient.openServer(HttpClient.java:474)
	at java.base/sun.net.www.http.HttpClient.openServer(HttpClient.java:569)
	at java.base/sun.net.www.http.HttpClient.<init>(HttpClient.java:242)
	at java.base/sun.net.www.http.HttpClient.New(HttpClient.java:341)
	at java.base/sun.net.www.http.HttpClient.New(HttpClient.java:362)
	at java.base/sun.net.www.protocol.http.HttpURLConnection.getNewHttpClient(HttpURLConnection.java:1253)
	at java.base/sun.net.www.protocol.http.HttpURLConnection.plainConnect0(HttpURLConnection.java:1187)
	at java.base/sun.net.www.protocol.http.HttpURLConnection.plainConnect(HttpURLConnection.java:1081)
	at java.base/sun.net.www.protocol.http.HttpURLConnection.connect(HttpURLConnection.java:1015)
	at java.base/sun.net.www.protocol.http.HttpURLConnection.getInputStream0(HttpURLConnection.java:1592)
	at java.base/sun.net.www.protocol.http.HttpURLConnection.getInputStream(HttpURLConnection.java:1520)
	at java.base/java.net.HttpURLConnection.getResponseCode(HttpURLConnection.java:527)
	at feign.Client$Default.convertResponse(Client.java:108)
	at feign.Client$Default.execute(Client.java:104)
	at feign.SynchronousMethodHandler.executeAndDecode(SynchronousMethodHandler.java:119)
	... 10 more
java.util.concurrent.ExecutionException: feign.RetryableException: Connection refused: connect executing GET http://localhost:8082/getAttractionRewardPoints?attractionId=4ac4d30b-f51d-44d5-a556-a18f2dd387f0&userId=95be518c-eea0-4418-9c6d-b849ab8450d4
	at java.base/java.util.concurrent.FutureTask.report(FutureTask.java:122)
	at java.base/java.util.concurrent.FutureTask.get(FutureTask.java:191)
	at tourGuide.service.RewardsService.lambda$calculateRewardsMultiThread$2(RewardsService.java:108)
	at java.base/java.util.ArrayList$ArrayListSpliterator.forEachRemaining(ArrayList.java:1655)
	at java.base/java.util.stream.ReferencePipeline$Head.forEach(ReferencePipeline.java:658)
	at tourGuide.service.RewardsService.calculateRewardsMultiThread(RewardsService.java:106)
	at tourGuide.performance.PerformanceTest.highVolumeGetRewards(PerformanceTest.java:122)
	at java.base/jdk.internal.reflect.NativeMethodAccessorImpl.invoke0(Native Method)
	at java.base/jdk.internal.reflect.NativeMethodAccessorImpl.invoke(NativeMethodAccessorImpl.java:62)
	at java.base/jdk.internal.reflect.DelegatingMethodAccessorImpl.invoke(DelegatingMethodAccessorImpl.java:43)
	at java.base/java.lang.reflect.Method.invoke(Method.java:566)
	at org.junit.platform.commons.util.ReflectionUtils.invokeMethod(ReflectionUtils.java:688)
	at org.junit.jupiter.engine.execution.ExecutableInvoker.invoke(ExecutableInvoker.java:115)
	at org.junit.jupiter.engine.descriptor.TestMethodTestDescriptor.lambda$invokeTestMethod$6(TestMethodTestDescriptor.java:171)
	at org.junit.platform.engine.support.hierarchical.ThrowableCollector.execute(ThrowableCollector.java:73)
	at org.junit.jupiter.engine.descriptor.TestMethodTestDescriptor.invokeTestMethod(TestMethodTestDescriptor.java:167)
	at org.junit.jupiter.engine.descriptor.TestMethodTestDescriptor.execute(TestMethodTestDescriptor.java:114)
	at org.junit.jupiter.engine.descriptor.TestMethodTestDescriptor.execute(TestMethodTestDescriptor.java:59)
	at org.junit.platform.engine.support.hierarchical.NodeTestTask.lambda$executeRecursively$5(NodeTestTask.java:139)
	at org.junit.platform.engine.support.hierarchical.ThrowableCollector.execute(ThrowableCollector.java:73)
	at org.junit.platform.engine.support.hierarchical.NodeTestTask.lambda$executeRecursively$7(NodeTestTask.java:129)
	at org.junit.platform.engine.support.hierarchical.Node.around(Node.java:137)
	at org.junit.platform.engine.support.hierarchical.NodeTestTask.lambda$executeRecursively$8(NodeTestTask.java:127)
	at org.junit.platform.engine.support.hierarchical.ThrowableCollector.execute(ThrowableCollector.java:73)
	at org.junit.platform.engine.support.hierarchical.NodeTestTask.executeRecursively(NodeTestTask.java:126)
	at org.junit.platform.engine.support.hierarchical.NodeTestTask.execute(NodeTestTask.java:84)
	at java.base/java.util.ArrayList.forEach(ArrayList.java:1541)
	at org.junit.platform.engine.support.hierarchical.SameThreadHierarchicalTestExecutorService.invokeAll(SameThreadHierarchicalTestExecutorService.java:38)
	at org.junit.platform.engine.support.hierarchical.NodeTestTask.lambda$executeRecursively$5(NodeTestTask.java:143)
	at org.junit.platform.engine.support.hierarchical.ThrowableCollector.execute(ThrowableCollector.java:73)
	at org.junit.platform.engine.support.hierarchical.NodeTestTask.lambda$executeRecursively$7(NodeTestTask.java:129)
	at org.junit.platform.engine.support.hierarchical.Node.around(Node.java:137)
	at org.junit.platform.engine.support.hierarchical.NodeTestTask.lambda$executeRecursively$8(NodeTestTask.java:127)
	at org.junit.platform.engine.support.hierarchical.ThrowableCollector.execute(ThrowableCollector.java:73)
	at org.junit.platform.engine.support.hierarchical.NodeTestTask.executeRecursively(NodeTestTask.java:126)
	at org.junit.platform.engine.support.hierarchical.NodeTestTask.execute(NodeTestTask.java:84)
	at java.base/java.util.ArrayList.forEach(ArrayList.java:1541)
	at org.junit.platform.engine.support.hierarchical.SameThreadHierarchicalTestExecutorService.invokeAll(SameThreadHierarchicalTestExecutorService.java:38)
	at org.junit.platform.engine.support.hierarchical.NodeTestTask.lambda$executeRecursively$5(NodeTestTask.java:143)
	at org.junit.platform.engine.support.hierarchical.ThrowableCollector.execute(ThrowableCollector.java:73)
	at org.junit.platform.engine.support.hierarchical.NodeTestTask.lambda$executeRecursively$7(NodeTestTask.java:129)
	at org.junit.platform.engine.support.hierarchical.Node.around(Node.java:137)
	at org.junit.platform.engine.support.hierarchical.NodeTestTask.lambda$executeRecursively$8(NodeTestTask.java:127)
	at org.junit.platform.engine.support.hierarchical.ThrowableCollector.execute(ThrowableCollector.java:73)
	at org.junit.platform.engine.support.hierarchical.NodeTestTask.executeRecursively(NodeTestTask.java:126)
	at org.junit.platform.engine.support.hierarchical.NodeTestTask.execute(NodeTestTask.java:84)
	at org.junit.platform.engine.support.hierarchical.SameThreadHierarchicalTestExecutorService.submit(SameThreadHierarchicalTestExecutorService.java:32)
	at org.junit.platform.engine.support.hierarchical.HierarchicalTestExecutor.execute(HierarchicalTestExecutor.java:57)
	at org.junit.platform.engine.support.hierarchical.HierarchicalTestEngine.execute(HierarchicalTestEngine.java:51)
	at org.junit.platform.launcher.core.EngineExecutionOrchestrator.execute(EngineExecutionOrchestrator.java:108)
	at org.junit.platform.launcher.core.EngineExecutionOrchestrator.execute(EngineExecutionOrchestrator.java:88)
	at org.junit.platform.launcher.core.EngineExecutionOrchestrator.lambda$execute$0(EngineExecutionOrchestrator.java:54)
	at org.junit.platform.launcher.core.EngineExecutionOrchestrator.withInterceptedStreams(EngineExecutionOrchestrator.java:67)
	at org.junit.platform.launcher.core.EngineExecutionOrchestrator.execute(EngineExecutionOrchestrator.java:52)
	at org.junit.platform.launcher.core.DefaultLauncher.execute(DefaultLauncher.java:96)
	at org.junit.platform.launcher.core.DefaultLauncher.execute(DefaultLauncher.java:75)
	at org.gradle.api.internal.tasks.testing.junitplatform.JUnitPlatformTestClassProcessor$CollectAllTestClassesExecutor.processAllTestClasses(JUnitPlatformTestClassProcessor.java:99)
	at org.gradle.api.internal.tasks.testing.junitplatform.JUnitPlatformTestClassProcessor$CollectAllTestClassesExecutor.access$000(JUnitPlatformTestClassProcessor.java:79)
	at org.gradle.api.internal.tasks.testing.junitplatform.JUnitPlatformTestClassProcessor.stop(JUnitPlatformTestClassProcessor.java:75)
	at org.gradle.api.internal.tasks.testing.SuiteTestClassProcessor.stop(SuiteTestClassProcessor.java:61)
	at java.base/jdk.internal.reflect.NativeMethodAccessorImpl.invoke0(Native Method)
	at java.base/jdk.internal.reflect.NativeMethodAccessorImpl.invoke(NativeMethodAccessorImpl.java:62)
	at java.base/jdk.internal.reflect.DelegatingMethodAccessorImpl.invoke(DelegatingMethodAccessorImpl.java:43)
	at java.base/java.lang.reflect.Method.invoke(Method.java:566)
	at org.gradle.internal.dispatch.ReflectionDispatch.dispatch(ReflectionDispatch.java:36)
	at org.gradle.internal.dispatch.ReflectionDispatch.dispatch(ReflectionDispatch.java:24)
	at org.gradle.internal.dispatch.ContextClassLoaderDispatch.dispatch(ContextClassLoaderDispatch.java:33)
	at org.gradle.internal.dispatch.ProxyDispatchAdapter$DispatchingInvocationHandler.invoke(ProxyDispatchAdapter.java:94)
	at com.sun.proxy.$Proxy5.stop(Unknown Source)
	at org.gradle.api.internal.tasks.testing.worker.TestWorker$3.run(TestWorker.java:193)
	at org.gradle.api.internal.tasks.testing.worker.TestWorker.executeAndMaintainThreadName(TestWorker.java:129)
	at org.gradle.api.internal.tasks.testing.worker.TestWorker.execute(TestWorker.java:100)
	at org.gradle.api.internal.tasks.testing.worker.TestWorker.execute(TestWorker.java:60)
	at org.gradle.process.internal.worker.child.ActionExecutionWorker.execute(ActionExecutionWorker.java:56)
	at org.gradle.process.internal.worker.child.SystemApplicationClassLoaderWorker.call(SystemApplicationClassLoaderWorker.java:133)
	at org.gradle.process.internal.worker.child.SystemApplicationClassLoaderWorker.call(SystemApplicationClassLoaderWorker.java:71)
	at worker.org.gradle.process.internal.worker.GradleWorkerMain.run(GradleWorkerMain.java:69)
	at worker.org.gradle.process.internal.worker.GradleWorkerMain.main(GradleWorkerMain.java:74)
Caused by: feign.RetryableException: Connection refused: connect executing GET http://localhost:8082/getAttractionRewardPoints?attractionId=4ac4d30b-f51d-44d5-a556-a18f2dd387f0&userId=95be518c-eea0-4418-9c6d-b849ab8450d4
	at feign.FeignException.errorExecuting(FeignException.java:249)
	at feign.SynchronousMethodHandler.executeAndDecode(SynchronousMethodHandler.java:129)
	at feign.SynchronousMethodHandler.invoke(SynchronousMethodHandler.java:89)
	at feign.ReflectiveFeign$FeignInvocationHandler.invoke(ReflectiveFeign.java:100)
	at com.sun.proxy.$Proxy129.getAttractionRewardPoints(Unknown Source)
	at tourGuide.service.RewardsService.getRewardPoints(RewardsService.java:128)
	at tourGuide.service.RewardsService.lambda$calculateRewardsMultiThread$1(RewardsService.java:95)
	at java.base/java.util.concurrent.Executors$RunnableAdapter.call(Executors.java:515)
	at java.base/java.util.concurrent.FutureTask.run(FutureTask.java:264)
	at java.base/java.util.concurrent.ThreadPoolExecutor.runWorker(ThreadPoolExecutor.java:1128)
	at java.base/java.util.concurrent.ThreadPoolExecutor$Worker.run(ThreadPoolExecutor.java:628)
	at java.base/java.lang.Thread.run(Thread.java:829)
Caused by: java.net.ConnectException: Connection refused: connect
	at java.base/java.net.PlainSocketImpl.waitForConnect(Native Method)
	at java.base/java.net.PlainSocketImpl.socketConnect(PlainSocketImpl.java:107)
	at java.base/java.net.AbstractPlainSocketImpl.doConnect(AbstractPlainSocketImpl.java:399)
	at java.base/java.net.AbstractPlainSocketImpl.connectToAddress(AbstractPlainSocketImpl.java:242)
	at java.base/java.net.AbstractPlainSocketImpl.connect(AbstractPlainSocketImpl.java:224)
	at java.base/java.net.Socket.connect(Socket.java:609)
	at java.base/sun.net.NetworkClient.doConnect(NetworkClient.java:177)
	at java.base/sun.net.www.http.HttpClient.openServer(HttpClient.java:474)
	at java.base/sun.net.www.http.HttpClient.openServer(HttpClient.java:569)
	at java.base/sun.net.www.http.HttpClient.<init>(HttpClient.java:242)
	at java.base/sun.net.www.http.HttpClient.New(HttpClient.java:341)
	at java.base/sun.net.www.http.HttpClient.New(HttpClient.java:362)
	at java.base/sun.net.www.protocol.http.HttpURLConnection.getNewHttpClient(HttpURLConnection.java:1253)
	at java.base/sun.net.www.protocol.http.HttpURLConnection.plainConnect0(HttpURLConnection.java:1187)
	at java.base/sun.net.www.protocol.http.HttpURLConnection.plainConnect(HttpURLConnection.java:1081)
	at java.base/sun.net.www.protocol.http.HttpURLConnection.connect(HttpURLConnection.java:1015)
	at java.base/sun.net.www.protocol.http.HttpURLConnection.getInputStream0(HttpURLConnection.java:1592)
	at java.base/sun.net.www.protocol.http.HttpURLConnection.getInputStream(HttpURLConnection.java:1520)
	at java.base/java.net.HttpURLConnection.getResponseCode(HttpURLConnection.java:527)
	at feign.Client$Default.convertResponse(Client.java:108)
	at feign.Client$Default.execute(Client.java:104)
	at feign.SynchronousMethodHandler.executeAndDecode(SynchronousMethodHandler.java:119)
	... 10 more
java.util.concurrent.ExecutionException: feign.RetryableException: Connection refused: connect executing GET http://localhost:8082/getAttractionRewardPoints?attractionId=4ac4d30b-f51d-44d5-a556-a18f2dd387f0&userId=d4f76289-6e9b-46b8-b350-7b49d739af83
	at java.base/java.util.concurrent.FutureTask.report(FutureTask.java:122)
	at java.base/java.util.concurrent.FutureTask.get(FutureTask.java:191)
	at tourGuide.service.RewardsService.lambda$calculateRewardsMultiThread$2(RewardsService.java:108)
	at java.base/java.util.ArrayList$ArrayListSpliterator.forEachRemaining(ArrayList.java:1655)
	at java.base/java.util.stream.ReferencePipeline$Head.forEach(ReferencePipeline.java:658)
	at tourGuide.service.RewardsService.calculateRewardsMultiThread(RewardsService.java:106)
	at tourGuide.performance.PerformanceTest.highVolumeGetRewards(PerformanceTest.java:122)
	at java.base/jdk.internal.reflect.NativeMethodAccessorImpl.invoke0(Native Method)
	at java.base/jdk.internal.reflect.NativeMethodAccessorImpl.invoke(NativeMethodAccessorImpl.java:62)
	at java.base/jdk.internal.reflect.DelegatingMethodAccessorImpl.invoke(DelegatingMethodAccessorImpl.java:43)
	at java.base/java.lang.reflect.Method.invoke(Method.java:566)
	at org.junit.platform.commons.util.ReflectionUtils.invokeMethod(ReflectionUtils.java:688)
	at org.junit.jupiter.engine.execution.ExecutableInvoker.invoke(ExecutableInvoker.java:115)
	at org.junit.jupiter.engine.descriptor.TestMethodTestDescriptor.lambda$invokeTestMethod$6(TestMethodTestDescriptor.java:171)
	at org.junit.platform.engine.support.hierarchical.ThrowableCollector.execute(ThrowableCollector.java:73)
	at org.junit.jupiter.engine.descriptor.TestMethodTestDescriptor.invokeTestMethod(TestMethodTestDescriptor.java:167)
	at org.junit.jupiter.engine.descriptor.TestMethodTestDescriptor.execute(TestMethodTestDescriptor.java:114)
	at org.junit.jupiter.engine.descriptor.TestMethodTestDescriptor.execute(TestMethodTestDescriptor.java:59)
	at org.junit.platform.engine.support.hierarchical.NodeTestTask.lambda$executeRecursively$5(NodeTestTask.java:139)
	at org.junit.platform.engine.support.hierarchical.ThrowableCollector.execute(ThrowableCollector.java:73)
	at org.junit.platform.engine.support.hierarchical.NodeTestTask.lambda$executeRecursively$7(NodeTestTask.java:129)
	at org.junit.platform.engine.support.hierarchical.Node.around(Node.java:137)
	at org.junit.platform.engine.support.hierarchical.NodeTestTask.lambda$executeRecursively$8(NodeTestTask.java:127)
	at org.junit.platform.engine.support.hierarchical.ThrowableCollector.execute(ThrowableCollector.java:73)
	at org.junit.platform.engine.support.hierarchical.NodeTestTask.executeRecursively(NodeTestTask.java:126)
	at org.junit.platform.engine.support.hierarchical.NodeTestTask.execute(NodeTestTask.java:84)
	at java.base/java.util.ArrayList.forEach(ArrayList.java:1541)
	at org.junit.platform.engine.support.hierarchical.SameThreadHierarchicalTestExecutorService.invokeAll(SameThreadHierarchicalTestExecutorService.java:38)
	at org.junit.platform.engine.support.hierarchical.NodeTestTask.lambda$executeRecursively$5(NodeTestTask.java:143)
	at org.junit.platform.engine.support.hierarchical.ThrowableCollector.execute(ThrowableCollector.java:73)
	at org.junit.platform.engine.support.hierarchical.NodeTestTask.lambda$executeRecursively$7(NodeTestTask.java:129)
	at org.junit.platform.engine.support.hierarchical.Node.around(Node.java:137)
	at org.junit.platform.engine.support.hierarchical.NodeTestTask.lambda$executeRecursively$8(NodeTestTask.java:127)
	at org.junit.platform.engine.support.hierarchical.ThrowableCollector.execute(ThrowableCollector.java:73)
	at org.junit.platform.engine.support.hierarchical.NodeTestTask.executeRecursively(NodeTestTask.java:126)
	at org.junit.platform.engine.support.hierarchical.NodeTestTask.execute(NodeTestTask.java:84)
	at java.base/java.util.ArrayList.forEach(ArrayList.java:1541)
	at org.junit.platform.engine.support.hierarchical.SameThreadHierarchicalTestExecutorService.invokeAll(SameThreadHierarchicalTestExecutorService.java:38)
	at org.junit.platform.engine.support.hierarchical.NodeTestTask.lambda$executeRecursively$5(NodeTestTask.java:143)
	at org.junit.platform.engine.support.hierarchical.ThrowableCollector.execute(ThrowableCollector.java:73)
	at org.junit.platform.engine.support.hierarchical.NodeTestTask.lambda$executeRecursively$7(NodeTestTask.java:129)
	at org.junit.platform.engine.support.hierarchical.Node.around(Node.java:137)
	at org.junit.platform.engine.support.hierarchical.NodeTestTask.lambda$executeRecursively$8(NodeTestTask.java:127)
	at org.junit.platform.engine.support.hierarchical.ThrowableCollector.execute(ThrowableCollector.java:73)
	at org.junit.platform.engine.support.hierarchical.NodeTestTask.executeRecursively(NodeTestTask.java:126)
	at org.junit.platform.engine.support.hierarchical.NodeTestTask.execute(NodeTestTask.java:84)
	at org.junit.platform.engine.support.hierarchical.SameThreadHierarchicalTestExecutorService.submit(SameThreadHierarchicalTestExecutorService.java:32)
	at org.junit.platform.engine.support.hierarchical.HierarchicalTestExecutor.execute(HierarchicalTestExecutor.java:57)
	at org.junit.platform.engine.support.hierarchical.HierarchicalTestEngine.execute(HierarchicalTestEngine.java:51)
	at org.junit.platform.launcher.core.EngineExecutionOrchestrator.execute(EngineExecutionOrchestrator.java:108)
	at org.junit.platform.launcher.core.EngineExecutionOrchestrator.execute(EngineExecutionOrchestrator.java:88)
	at org.junit.platform.launcher.core.EngineExecutionOrchestrator.lambda$execute$0(EngineExecutionOrchestrator.java:54)
	at org.junit.platform.launcher.core.EngineExecutionOrchestrator.withInterceptedStreams(EngineExecutionOrchestrator.java:67)
	at org.junit.platform.launcher.core.EngineExecutionOrchestrator.execute(EngineExecutionOrchestrator.java:52)
	at org.junit.platform.launcher.core.DefaultLauncher.execute(DefaultLauncher.java:96)
	at org.junit.platform.launcher.core.DefaultLauncher.execute(DefaultLauncher.java:75)
	at org.gradle.api.internal.tasks.testing.junitplatform.JUnitPlatformTestClassProcessor$CollectAllTestClassesExecutor.processAllTestClasses(JUnitPlatformTestClassProcessor.java:99)
	at org.gradle.api.internal.tasks.testing.junitplatform.JUnitPlatformTestClassProcessor$CollectAllTestClassesExecutor.access$000(JUnitPlatformTestClassProcessor.java:79)
	at org.gradle.api.internal.tasks.testing.junitplatform.JUnitPlatformTestClassProcessor.stop(JUnitPlatformTestClassProcessor.java:75)
	at org.gradle.api.internal.tasks.testing.SuiteTestClassProcessor.stop(SuiteTestClassProcessor.java:61)
	at java.base/jdk.internal.reflect.NativeMethodAccessorImpl.invoke0(Native Method)
	at java.base/jdk.internal.reflect.NativeMethodAccessorImpl.invoke(NativeMethodAccessorImpl.java:62)
	at java.base/jdk.internal.reflect.DelegatingMethodAccessorImpl.invoke(DelegatingMethodAccessorImpl.java:43)
	at java.base/java.lang.reflect.Method.invoke(Method.java:566)
	at org.gradle.internal.dispatch.ReflectionDispatch.dispatch(ReflectionDispatch.java:36)
	at org.gradle.internal.dispatch.ReflectionDispatch.dispatch(ReflectionDispatch.java:24)
	at org.gradle.internal.dispatch.ContextClassLoaderDispatch.dispatch(ContextClassLoaderDispatch.java:33)
	at org.gradle.internal.dispatch.ProxyDispatchAdapter$DispatchingInvocationHandler.invoke(ProxyDispatchAdapter.java:94)
	at com.sun.proxy.$Proxy5.stop(Unknown Source)
	at org.gradle.api.internal.tasks.testing.worker.TestWorker$3.run(TestWorker.java:193)
	at org.gradle.api.internal.tasks.testing.worker.TestWorker.executeAndMaintainThreadName(TestWorker.java:129)
	at org.gradle.api.internal.tasks.testing.worker.TestWorker.execute(TestWorker.java:100)
	at org.gradle.api.internal.tasks.testing.worker.TestWorker.execute(TestWorker.java:60)
	at org.gradle.process.internal.worker.child.ActionExecutionWorker.execute(ActionExecutionWorker.java:56)
	at org.gradle.process.internal.worker.child.SystemApplicationClassLoaderWorker.call(SystemApplicationClassLoaderWorker.java:133)
	at org.gradle.process.internal.worker.child.SystemApplicationClassLoaderWorker.call(SystemApplicationClassLoaderWorker.java:71)
	at worker.org.gradle.process.internal.worker.GradleWorkerMain.run(GradleWorkerMain.java:69)
	at worker.org.gradle.process.internal.worker.GradleWorkerMain.main(GradleWorkerMain.java:74)
Caused by: feign.RetryableException: Connection refused: connect executing GET http://localhost:8082/getAttractionRewardPoints?attractionId=4ac4d30b-f51d-44d5-a556-a18f2dd387f0&userId=d4f76289-6e9b-46b8-b350-7b49d739af83
	at feign.FeignException.errorExecuting(FeignException.java:249)
	at feign.SynchronousMethodHandler.executeAndDecode(SynchronousMethodHandler.java:129)
	at feign.SynchronousMethodHandler.invoke(SynchronousMethodHandler.java:89)
	at feign.ReflectiveFeign$FeignInvocationHandler.invoke(ReflectiveFeign.java:100)
	at com.sun.proxy.$Proxy129.getAttractionRewardPoints(Unknown Source)
	at tourGuide.service.RewardsService.getRewardPoints(RewardsService.java:128)
	at tourGuide.service.RewardsService.lambda$calculateRewardsMultiThread$1(RewardsService.java:95)
	at java.base/java.util.concurrent.Executors$RunnableAdapter.call(Executors.java:515)
	at java.base/java.util.concurrent.FutureTask.run(FutureTask.java:264)
	at java.base/java.util.concurrent.ThreadPoolExecutor.runWorker(ThreadPoolExecutor.java:1128)
	at java.base/java.util.concurrent.ThreadPoolExecutor$Worker.run(ThreadPoolExecutor.java:628)
	at java.base/java.lang.Thread.run(Thread.java:829)
Caused by: java.net.ConnectException: Connection refused: connect
	at java.base/java.net.PlainSocketImpl.waitForConnect(Native Method)
	at java.base/java.net.PlainSocketImpl.socketConnect(PlainSocketImpl.java:107)
	at java.base/java.net.AbstractPlainSocketImpl.doConnect(AbstractPlainSocketImpl.java:399)
	at java.base/java.net.AbstractPlainSocketImpl.connectToAddress(AbstractPlainSocketImpl.java:242)
	at java.base/java.net.AbstractPlainSocketImpl.connect(AbstractPlainSocketImpl.java:224)
	at java.base/java.net.Socket.connect(Socket.java:609)
	at java.base/sun.net.NetworkClient.doConnect(NetworkClient.java:177)
	at java.base/sun.net.www.http.HttpClient.openServer(HttpClient.java:474)
	at java.base/sun.net.www.http.HttpClient.openServer(HttpClient.java:569)
	at java.base/sun.net.www.http.HttpClient.<init>(HttpClient.java:242)
	at java.base/sun.net.www.http.HttpClient.New(HttpClient.java:341)
	at java.base/sun.net.www.http.HttpClient.New(HttpClient.java:362)
	at java.base/sun.net.www.protocol.http.HttpURLConnection.getNewHttpClient(HttpURLConnection.java:1253)
	at java.base/sun.net.www.protocol.http.HttpURLConnection.plainConnect0(HttpURLConnection.java:1187)
	at java.base/sun.net.www.protocol.http.HttpURLConnection.plainConnect(HttpURLConnection.java:1081)
	at java.base/sun.net.www.protocol.http.HttpURLConnection.connect(HttpURLConnection.java:1015)
	at java.base/sun.net.www.protocol.http.HttpURLConnection.getInputStream0(HttpURLConnection.java:1592)
	at java.base/sun.net.www.protocol.http.HttpURLConnection.getInputStream(HttpURLConnection.java:1520)
	at java.base/java.net.HttpURLConnection.getResponseCode(HttpURLConnection.java:527)
	at feign.Client$Default.convertResponse(Client.java:108)
	at feign.Client$Default.execute(Client.java:104)
	at feign.SynchronousMethodHandler.executeAndDecode(SynchronousMethodHandler.java:119)
	... 10 more
java.util.concurrent.ExecutionException: feign.RetryableException: Connection refused: connect executing GET http://localhost:8082/getAttractionRewardPoints?attractionId=4ac4d30b-f51d-44d5-a556-a18f2dd387f0&userId=da7f8ced-f3c2-4c0b-8e90-77a876a020ea
	at java.base/java.util.concurrent.FutureTask.report(FutureTask.java:122)
	at java.base/java.util.concurrent.FutureTask.get(FutureTask.java:191)
	at tourGuide.service.RewardsService.lambda$calculateRewardsMultiThread$2(RewardsService.java:108)
	at java.base/java.util.ArrayList$ArrayListSpliterator.forEachRemaining(ArrayList.java:1655)
	at java.base/java.util.stream.ReferencePipeline$Head.forEach(ReferencePipeline.java:658)
	at tourGuide.service.RewardsService.calculateRewardsMultiThread(RewardsService.java:106)
	at tourGuide.performance.PerformanceTest.highVolumeGetRewards(PerformanceTest.java:122)
	at java.base/jdk.internal.reflect.NativeMethodAccessorImpl.invoke0(Native Method)
	at java.base/jdk.internal.reflect.NativeMethodAccessorImpl.invoke(NativeMethodAccessorImpl.java:62)
	at java.base/jdk.internal.reflect.DelegatingMethodAccessorImpl.invoke(DelegatingMethodAccessorImpl.java:43)
	at java.base/java.lang.reflect.Method.invoke(Method.java:566)
	at org.junit.platform.commons.util.ReflectionUtils.invokeMethod(ReflectionUtils.java:688)
	at org.junit.jupiter.engine.execution.ExecutableInvoker.invoke(ExecutableInvoker.java:115)
	at org.junit.jupiter.engine.descriptor.TestMethodTestDescriptor.lambda$invokeTestMethod$6(TestMethodTestDescriptor.java:171)
	at org.junit.platform.engine.support.hierarchical.ThrowableCollector.execute(ThrowableCollector.java:73)
	at org.junit.jupiter.engine.descriptor.TestMethodTestDescriptor.invokeTestMethod(TestMethodTestDescriptor.java:167)
	at org.junit.jupiter.engine.descriptor.TestMethodTestDescriptor.execute(TestMethodTestDescriptor.java:114)
	at org.junit.jupiter.engine.descriptor.TestMethodTestDescriptor.execute(TestMethodTestDescriptor.java:59)
	at org.junit.platform.engine.support.hierarchical.NodeTestTask.lambda$executeRecursively$5(NodeTestTask.java:139)
	at org.junit.platform.engine.support.hierarchical.ThrowableCollector.execute(ThrowableCollector.java:73)
	at org.junit.platform.engine.support.hierarchical.NodeTestTask.lambda$executeRecursively$7(NodeTestTask.java:129)
	at org.junit.platform.engine.support.hierarchical.Node.around(Node.java:137)
	at org.junit.platform.engine.support.hierarchical.NodeTestTask.lambda$executeRecursively$8(NodeTestTask.java:127)
	at org.junit.platform.engine.support.hierarchical.ThrowableCollector.execute(ThrowableCollector.java:73)
	at org.junit.platform.engine.support.hierarchical.NodeTestTask.executeRecursively(NodeTestTask.java:126)
	at org.junit.platform.engine.support.hierarchical.NodeTestTask.execute(NodeTestTask.java:84)
	at java.base/java.util.ArrayList.forEach(ArrayList.java:1541)
	at org.junit.platform.engine.support.hierarchical.SameThreadHierarchicalTestExecutorService.invokeAll(SameThreadHierarchicalTestExecutorService.java:38)
	at org.junit.platform.engine.support.hierarchical.NodeTestTask.lambda$executeRecursively$5(NodeTestTask.java:143)
	at org.junit.platform.engine.support.hierarchical.ThrowableCollector.execute(ThrowableCollector.java:73)
	at org.junit.platform.engine.support.hierarchical.NodeTestTask.lambda$executeRecursively$7(NodeTestTask.java:129)
	at org.junit.platform.engine.support.hierarchical.Node.around(Node.java:137)
	at org.junit.platform.engine.support.hierarchical.NodeTestTask.lambda$executeRecursively$8(NodeTestTask.java:127)
	at org.junit.platform.engine.support.hierarchical.ThrowableCollector.execute(ThrowableCollector.java:73)
	at org.junit.platform.engine.support.hierarchical.NodeTestTask.executeRecursively(NodeTestTask.java:126)
	at org.junit.platform.engine.support.hierarchical.NodeTestTask.execute(NodeTestTask.java:84)
	at java.base/java.util.ArrayList.forEach(ArrayList.java:1541)
	at org.junit.platform.engine.support.hierarchical.SameThreadHierarchicalTestExecutorService.invokeAll(SameThreadHierarchicalTestExecutorService.java:38)
	at org.junit.platform.engine.support.hierarchical.NodeTestTask.lambda$executeRecursively$5(NodeTestTask.java:143)
	at org.junit.platform.engine.support.hierarchical.ThrowableCollector.execute(ThrowableCollector.java:73)
	at org.junit.platform.engine.support.hierarchical.NodeTestTask.lambda$executeRecursively$7(NodeTestTask.java:129)
	at org.junit.platform.engine.support.hierarchical.Node.around(Node.java:137)
	at org.junit.platform.engine.support.hierarchical.NodeTestTask.lambda$executeRecursively$8(NodeTestTask.java:127)
	at org.junit.platform.engine.support.hierarchical.ThrowableCollector.execute(ThrowableCollector.java:73)
	at org.junit.platform.engine.support.hierarchical.NodeTestTask.executeRecursively(NodeTestTask.java:126)
	at org.junit.platform.engine.support.hierarchical.NodeTestTask.execute(NodeTestTask.java:84)
	at org.junit.platform.engine.support.hierarchical.SameThreadHierarchicalTestExecutorService.submit(SameThreadHierarchicalTestExecutorService.java:32)
	at org.junit.platform.engine.support.hierarchical.HierarchicalTestExecutor.execute(HierarchicalTestExecutor.java:57)
	at org.junit.platform.engine.support.hierarchical.HierarchicalTestEngine.execute(HierarchicalTestEngine.java:51)
	at org.junit.platform.launcher.core.EngineExecutionOrchestrator.execute(EngineExecutionOrchestrator.java:108)
	at org.junit.platform.launcher.core.EngineExecutionOrchestrator.execute(EngineExecutionOrchestrator.java:88)
	at org.junit.platform.launcher.core.EngineExecutionOrchestrator.lambda$execute$0(EngineExecutionOrchestrator.java:54)
	at org.junit.platform.launcher.core.EngineExecutionOrchestrator.withInterceptedStreams(EngineExecutionOrchestrator.java:67)
	at org.junit.platform.launcher.core.EngineExecutionOrchestrator.execute(EngineExecutionOrchestrator.java:52)
	at org.junit.platform.launcher.core.DefaultLauncher.execute(DefaultLauncher.java:96)
	at org.junit.platform.launcher.core.DefaultLauncher.execute(DefaultLauncher.java:75)
	at org.gradle.api.internal.tasks.testing.junitplatform.JUnitPlatformTestClassProcessor$CollectAllTestClassesExecutor.processAllTestClasses(JUnitPlatformTestClassProcessor.java:99)
	at org.gradle.api.internal.tasks.testing.junitplatform.JUnitPlatformTestClassProcessor$CollectAllTestClassesExecutor.access$000(JUnitPlatformTestClassProcessor.java:79)
	at org.gradle.api.internal.tasks.testing.junitplatform.JUnitPlatformTestClassProcessor.stop(JUnitPlatformTestClassProcessor.java:75)
	at org.gradle.api.internal.tasks.testing.SuiteTestClassProcessor.stop(SuiteTestClassProcessor.java:61)
	at java.base/jdk.internal.reflect.NativeMethodAccessorImpl.invoke0(Native Method)
	at java.base/jdk.internal.reflect.NativeMethodAccessorImpl.invoke(NativeMethodAccessorImpl.java:62)
	at java.base/jdk.internal.reflect.DelegatingMethodAccessorImpl.invoke(DelegatingMethodAccessorImpl.java:43)
	at java.base/java.lang.reflect.Method.invoke(Method.java:566)
	at org.gradle.internal.dispatch.ReflectionDispatch.dispatch(ReflectionDispatch.java:36)
	at org.gradle.internal.dispatch.ReflectionDispatch.dispatch(ReflectionDispatch.java:24)
	at org.gradle.internal.dispatch.ContextClassLoaderDispatch.dispatch(ContextClassLoaderDispatch.java:33)
	at org.gradle.internal.dispatch.ProxyDispatchAdapter$DispatchingInvocationHandler.invoke(ProxyDispatchAdapter.java:94)
	at com.sun.proxy.$Proxy5.stop(Unknown Source)
	at org.gradle.api.internal.tasks.testing.worker.TestWorker$3.run(TestWorker.java:193)
	at org.gradle.api.internal.tasks.testing.worker.TestWorker.executeAndMaintainThreadName(TestWorker.java:129)
	at org.gradle.api.internal.tasks.testing.worker.TestWorker.execute(TestWorker.java:100)
	at org.gradle.api.internal.tasks.testing.worker.TestWorker.execute(TestWorker.java:60)
	at org.gradle.process.internal.worker.child.ActionExecutionWorker.execute(ActionExecutionWorker.java:56)
	at org.gradle.process.internal.worker.child.SystemApplicationClassLoaderWorker.call(SystemApplicationClassLoaderWorker.java:133)
	at org.gradle.process.internal.worker.child.SystemApplicationClassLoaderWorker.call(SystemApplicationClassLoaderWorker.java:71)
	at worker.org.gradle.process.internal.worker.GradleWorkerMain.run(GradleWorkerMain.java:69)
	at worker.org.gradle.process.internal.worker.GradleWorkerMain.main(GradleWorkerMain.java:74)
Caused by: feign.RetryableException: Connection refused: connect executing GET http://localhost:8082/getAttractionRewardPoints?attractionId=4ac4d30b-f51d-44d5-a556-a18f2dd387f0&userId=da7f8ced-f3c2-4c0b-8e90-77a876a020ea
	at feign.FeignException.errorExecuting(FeignException.java:249)
	at feign.SynchronousMethodHandler.executeAndDecode(SynchronousMethodHandler.java:129)
	at feign.SynchronousMethodHandler.invoke(SynchronousMethodHandler.java:89)
	at feign.ReflectiveFeign$FeignInvocationHandler.invoke(ReflectiveFeign.java:100)
	at com.sun.proxy.$Proxy129.getAttractionRewardPoints(Unknown Source)
	at tourGuide.service.RewardsService.getRewardPoints(RewardsService.java:128)
	at tourGuide.service.RewardsService.lambda$calculateRewardsMultiThread$1(RewardsService.java:95)
	at java.base/java.util.concurrent.Executors$RunnableAdapter.call(Executors.java:515)
	at java.base/java.util.concurrent.FutureTask.run(FutureTask.java:264)
	at java.base/java.util.concurrent.ThreadPoolExecutor.runWorker(ThreadPoolExecutor.java:1128)
	at java.base/java.util.concurrent.ThreadPoolExecutor$Worker.run(ThreadPoolExecutor.java:628)
	at java.base/java.lang.Thread.run(Thread.java:829)
Caused by: java.net.ConnectException: Connection refused: connect
	at java.base/java.net.PlainSocketImpl.waitForConnect(Native Method)
	at java.base/java.net.PlainSocketImpl.socketConnect(PlainSocketImpl.java:107)
	at java.base/java.net.AbstractPlainSocketImpl.doConnect(AbstractPlainSocketImpl.java:399)
	at java.base/java.net.AbstractPlainSocketImpl.connectToAddress(AbstractPlainSocketImpl.java:242)
	at java.base/java.net.AbstractPlainSocketImpl.connect(AbstractPlainSocketImpl.java:224)
	at java.base/java.net.Socket.connect(Socket.java:609)
	at java.base/sun.net.NetworkClient.doConnect(NetworkClient.java:177)
	at java.base/sun.net.www.http.HttpClient.openServer(HttpClient.java:474)
	at java.base/sun.net.www.http.HttpClient.openServer(HttpClient.java:569)
	at java.base/sun.net.www.http.HttpClient.<init>(HttpClient.java:242)
	at java.base/sun.net.www.http.HttpClient.New(HttpClient.java:341)
	at java.base/sun.net.www.http.HttpClient.New(HttpClient.java:362)
	at java.base/sun.net.www.protocol.http.HttpURLConnection.getNewHttpClient(HttpURLConnection.java:1253)
	at java.base/sun.net.www.protocol.http.HttpURLConnection.plainConnect0(HttpURLConnection.java:1187)
	at java.base/sun.net.www.protocol.http.HttpURLConnection.plainConnect(HttpURLConnection.java:1081)
	at java.base/sun.net.www.protocol.http.HttpURLConnection.connect(HttpURLConnection.java:1015)
	at java.base/sun.net.www.protocol.http.HttpURLConnection.getInputStream0(HttpURLConnection.java:1592)
	at java.base/sun.net.www.protocol.http.HttpURLConnection.getInputStream(HttpURLConnection.java:1520)
	at java.base/java.net.HttpURLConnection.getResponseCode(HttpURLConnection.java:527)
	at feign.Client$Default.convertResponse(Client.java:108)
	at feign.Client$Default.execute(Client.java:104)
	at feign.SynchronousMethodHandler.executeAndDecode(SynchronousMethodHandler.java:119)
	... 10 more
java.util.concurrent.ExecutionException: feign.RetryableException: Connection refused: connect executing GET http://localhost:8082/getAttractionRewardPoints?attractionId=4ac4d30b-f51d-44d5-a556-a18f2dd387f0&userId=e3559970-9c4d-433b-ac5a-d6f487ccb3c6
	at java.base/java.util.concurrent.FutureTask.report(FutureTask.java:122)
	at java.base/java.util.concurrent.FutureTask.get(FutureTask.java:191)
	at tourGuide.service.RewardsService.lambda$calculateRewardsMultiThread$2(RewardsService.java:108)
	at java.base/java.util.ArrayList$ArrayListSpliterator.forEachRemaining(ArrayList.java:1655)
	at java.base/java.util.stream.ReferencePipeline$Head.forEach(ReferencePipeline.java:658)
	at tourGuide.service.RewardsService.calculateRewardsMultiThread(RewardsService.java:106)
	at tourGuide.performance.PerformanceTest.highVolumeGetRewards(PerformanceTest.java:122)
	at java.base/jdk.internal.reflect.NativeMethodAccessorImpl.invoke0(Native Method)
	at java.base/jdk.internal.reflect.NativeMethodAccessorImpl.invoke(NativeMethodAccessorImpl.java:62)
	at java.base/jdk.internal.reflect.DelegatingMethodAccessorImpl.invoke(DelegatingMethodAccessorImpl.java:43)
	at java.base/java.lang.reflect.Method.invoke(Method.java:566)
	at org.junit.platform.commons.util.ReflectionUtils.invokeMethod(ReflectionUtils.java:688)
	at org.junit.jupiter.engine.execution.ExecutableInvoker.invoke(ExecutableInvoker.java:115)
	at org.junit.jupiter.engine.descriptor.TestMethodTestDescriptor.lambda$invokeTestMethod$6(TestMethodTestDescriptor.java:171)
	at org.junit.platform.engine.support.hierarchical.ThrowableCollector.execute(ThrowableCollector.java:73)
	at org.junit.jupiter.engine.descriptor.TestMethodTestDescriptor.invokeTestMethod(TestMethodTestDescriptor.java:167)
	at org.junit.jupiter.engine.descriptor.TestMethodTestDescriptor.execute(TestMethodTestDescriptor.java:114)
	at org.junit.jupiter.engine.descriptor.TestMethodTestDescriptor.execute(TestMethodTestDescriptor.java:59)
	at org.junit.platform.engine.support.hierarchical.NodeTestTask.lambda$executeRecursively$5(NodeTestTask.java:139)
	at org.junit.platform.engine.support.hierarchical.ThrowableCollector.execute(ThrowableCollector.java:73)
	at org.junit.platform.engine.support.hierarchical.NodeTestTask.lambda$executeRecursively$7(NodeTestTask.java:129)
	at org.junit.platform.engine.support.hierarchical.Node.around(Node.java:137)
	at org.junit.platform.engine.support.hierarchical.NodeTestTask.lambda$executeRecursively$8(NodeTestTask.java:127)
	at org.junit.platform.engine.support.hierarchical.ThrowableCollector.execute(ThrowableCollector.java:73)
	at org.junit.platform.engine.support.hierarchical.NodeTestTask.executeRecursively(NodeTestTask.java:126)
	at org.junit.platform.engine.support.hierarchical.NodeTestTask.execute(NodeTestTask.java:84)
	at java.base/java.util.ArrayList.forEach(ArrayList.java:1541)
	at org.junit.platform.engine.support.hierarchical.SameThreadHierarchicalTestExecutorService.invokeAll(SameThreadHierarchicalTestExecutorService.java:38)
	at org.junit.platform.engine.support.hierarchical.NodeTestTask.lambda$executeRecursively$5(NodeTestTask.java:143)
	at org.junit.platform.engine.support.hierarchical.ThrowableCollector.execute(ThrowableCollector.java:73)
	at org.junit.platform.engine.support.hierarchical.NodeTestTask.lambda$executeRecursively$7(NodeTestTask.java:129)
	at org.junit.platform.engine.support.hierarchical.Node.around(Node.java:137)
	at org.junit.platform.engine.support.hierarchical.NodeTestTask.lambda$executeRecursively$8(NodeTestTask.java:127)
	at org.junit.platform.engine.support.hierarchical.ThrowableCollector.execute(ThrowableCollector.java:73)
	at org.junit.platform.engine.support.hierarchical.NodeTestTask.executeRecursively(NodeTestTask.java:126)
	at org.junit.platform.engine.support.hierarchical.NodeTestTask.execute(NodeTestTask.java:84)
	at java.base/java.util.ArrayList.forEach(ArrayList.java:1541)
	at org.junit.platform.engine.support.hierarchical.SameThreadHierarchicalTestExecutorService.invokeAll(SameThreadHierarchicalTestExecutorService.java:38)
	at org.junit.platform.engine.support.hierarchical.NodeTestTask.lambda$executeRecursively$5(NodeTestTask.java:143)
	at org.junit.platform.engine.support.hierarchical.ThrowableCollector.execute(ThrowableCollector.java:73)
	at org.junit.platform.engine.support.hierarchical.NodeTestTask.lambda$executeRecursively$7(NodeTestTask.java:129)
	at org.junit.platform.engine.support.hierarchical.Node.around(Node.java:137)
	at org.junit.platform.engine.support.hierarchical.NodeTestTask.lambda$executeRecursively$8(NodeTestTask.java:127)
	at org.junit.platform.engine.support.hierarchical.ThrowableCollector.execute(ThrowableCollector.java:73)
	at org.junit.platform.engine.support.hierarchical.NodeTestTask.executeRecursively(NodeTestTask.java:126)
	at org.junit.platform.engine.support.hierarchical.NodeTestTask.execute(NodeTestTask.java:84)
	at org.junit.platform.engine.support.hierarchical.SameThreadHierarchicalTestExecutorService.submit(SameThreadHierarchicalTestExecutorService.java:32)
	at org.junit.platform.engine.support.hierarchical.HierarchicalTestExecutor.execute(HierarchicalTestExecutor.java:57)
	at org.junit.platform.engine.support.hierarchical.HierarchicalTestEngine.execute(HierarchicalTestEngine.java:51)
	at org.junit.platform.launcher.core.EngineExecutionOrchestrator.execute(EngineExecutionOrchestrator.java:108)
	at org.junit.platform.launcher.core.EngineExecutionOrchestrator.execute(EngineExecutionOrchestrator.java:88)
	at org.junit.platform.launcher.core.EngineExecutionOrchestrator.lambda$execute$0(EngineExecutionOrchestrator.java:54)
	at org.junit.platform.launcher.core.EngineExecutionOrchestrator.withInterceptedStreams(EngineExecutionOrchestrator.java:67)
	at org.junit.platform.launcher.core.EngineExecutionOrchestrator.execute(EngineExecutionOrchestrator.java:52)
	at org.junit.platform.launcher.core.DefaultLauncher.execute(DefaultLauncher.java:96)
	at org.junit.platform.launcher.core.DefaultLauncher.execute(DefaultLauncher.java:75)
	at org.gradle.api.internal.tasks.testing.junitplatform.JUnitPlatformTestClassProcessor$CollectAllTestClassesExecutor.processAllTestClasses(JUnitPlatformTestClassProcessor.java:99)
	at org.gradle.api.internal.tasks.testing.junitplatform.JUnitPlatformTestClassProcessor$CollectAllTestClassesExecutor.access$000(JUnitPlatformTestClassProcessor.java:79)
	at org.gradle.api.internal.tasks.testing.junitplatform.JUnitPlatformTestClassProcessor.stop(JUnitPlatformTestClassProcessor.java:75)
	at org.gradle.api.internal.tasks.testing.SuiteTestClassProcessor.stop(SuiteTestClassProcessor.java:61)
	at java.base/jdk.internal.reflect.NativeMethodAccessorImpl.invoke0(Native Method)
	at java.base/jdk.internal.reflect.NativeMethodAccessorImpl.invoke(NativeMethodAccessorImpl.java:62)
	at java.base/jdk.internal.reflect.DelegatingMethodAccessorImpl.invoke(DelegatingMethodAccessorImpl.java:43)
	at java.base/java.lang.reflect.Method.invoke(Method.java:566)
	at org.gradle.internal.dispatch.ReflectionDispatch.dispatch(ReflectionDispatch.java:36)
	at org.gradle.internal.dispatch.ReflectionDispatch.dispatch(ReflectionDispatch.java:24)
	at org.gradle.internal.dispatch.ContextClassLoaderDispatch.dispatch(ContextClassLoaderDispatch.java:33)
	at org.gradle.internal.dispatch.ProxyDispatchAdapter$DispatchingInvocationHandler.invoke(ProxyDispatchAdapter.java:94)
	at com.sun.proxy.$Proxy5.stop(Unknown Source)
	at org.gradle.api.internal.tasks.testing.worker.TestWorker$3.run(TestWorker.java:193)
	at org.gradle.api.internal.tasks.testing.worker.TestWorker.executeAndMaintainThreadName(TestWorker.java:129)
	at org.gradle.api.internal.tasks.testing.worker.TestWorker.execute(TestWorker.java:100)
	at org.gradle.api.internal.tasks.testing.worker.TestWorker.execute(TestWorker.java:60)
	at org.gradle.process.internal.worker.child.ActionExecutionWorker.execute(ActionExecutionWorker.java:56)
	at org.gradle.process.internal.worker.child.SystemApplicationClassLoaderWorker.call(SystemApplicationClassLoaderWorker.java:133)
	at org.gradle.process.internal.worker.child.SystemApplicationClassLoaderWorker.call(SystemApplicationClassLoaderWorker.java:71)
	at worker.org.gradle.process.internal.worker.GradleWorkerMain.run(GradleWorkerMain.java:69)
	at worker.org.gradle.process.internal.worker.GradleWorkerMain.main(GradleWorkerMain.java:74)
Caused by: feign.RetryableException: Connection refused: connect executing GET http://localhost:8082/getAttractionRewardPoints?attractionId=4ac4d30b-f51d-44d5-a556-a18f2dd387f0&userId=e3559970-9c4d-433b-ac5a-d6f487ccb3c6
	at feign.FeignException.errorExecuting(FeignException.java:249)
	at feign.SynchronousMethodHandler.executeAndDecode(SynchronousMethodHandler.java:129)
	at feign.SynchronousMethodHandler.invoke(SynchronousMethodHandler.java:89)
	at feign.ReflectiveFeign$FeignInvocationHandler.invoke(ReflectiveFeign.java:100)
	at com.sun.proxy.$Proxy129.getAttractionRewardPoints(Unknown Source)
	at tourGuide.service.RewardsService.getRewardPoints(RewardsService.java:128)
	at tourGuide.service.RewardsService.lambda$calculateRewardsMultiThread$1(RewardsService.java:95)
	at java.base/java.util.concurrent.Executors$RunnableAdapter.call(Executors.java:515)
	at java.base/java.util.concurrent.FutureTask.run(FutureTask.java:264)
	at java.base/java.util.concurrent.ThreadPoolExecutor.runWorker(ThreadPoolExecutor.java:1128)
	at java.base/java.util.concurrent.ThreadPoolExecutor$Worker.run(ThreadPoolExecutor.java:628)
	at java.base/java.lang.Thread.run(Thread.java:829)
Caused by: java.net.ConnectException: Connection refused: connect
	at java.base/java.net.PlainSocketImpl.waitForConnect(Native Method)
	at java.base/java.net.PlainSocketImpl.socketConnect(PlainSocketImpl.java:107)
	at java.base/java.net.AbstractPlainSocketImpl.doConnect(AbstractPlainSocketImpl.java:399)
	at java.base/java.net.AbstractPlainSocketImpl.connectToAddress(AbstractPlainSocketImpl.java:242)
	at java.base/java.net.AbstractPlainSocketImpl.connect(AbstractPlainSocketImpl.java:224)
	at java.base/java.net.Socket.connect(Socket.java:609)
	at java.base/sun.net.NetworkClient.doConnect(NetworkClient.java:177)
	at java.base/sun.net.www.http.HttpClient.openServer(HttpClient.java:474)
	at java.base/sun.net.www.http.HttpClient.openServer(HttpClient.java:569)
	at java.base/sun.net.www.http.HttpClient.<init>(HttpClient.java:242)
	at java.base/sun.net.www.http.HttpClient.New(HttpClient.java:341)
	at java.base/sun.net.www.http.HttpClient.New(HttpClient.java:362)
	at java.base/sun.net.www.protocol.http.HttpURLConnection.getNewHttpClient(HttpURLConnection.java:1253)
	at java.base/sun.net.www.protocol.http.HttpURLConnection.plainConnect0(HttpURLConnection.java:1187)
	at java.base/sun.net.www.protocol.http.HttpURLConnection.plainConnect(HttpURLConnection.java:1081)
	at java.base/sun.net.www.protocol.http.HttpURLConnection.connect(HttpURLConnection.java:1015)
	at java.base/sun.net.www.protocol.http.HttpURLConnection.getInputStream0(HttpURLConnection.java:1592)
	at java.base/sun.net.www.protocol.http.HttpURLConnection.getInputStream(HttpURLConnection.java:1520)
	at java.base/java.net.HttpURLConnection.getResponseCode(HttpURLConnection.java:527)
	at feign.Client$Default.convertResponse(Client.java:108)
	at feign.Client$Default.execute(Client.java:104)
	at feign.SynchronousMethodHandler.executeAndDecode(SynchronousMethodHandler.java:119)
	... 10 more
]]></system-err>
</testsuite>
